#
# There is insufficient memory for the Java Runtime Environment to continue.
# Native memory allocation (mmap) failed to map 65536 bytes for Failed to commit metaspace.
# Possible reasons:
#   The system is out of physical RAM or swap space
#   The process is running with CompressedOops enabled, and the Java Heap may be blocking the growth of the native heap
# Possible solutions:
#   Reduce memory load on the system
#   Increase physical memory or swap space
#   Check if swap backing store is full
#   Decrease Java heap size (-Xmx/-Xms)
#   Decrease number of Java threads
#   Decrease Java thread stack sizes (-Xss)
#   Set larger code cache with -XX:ReservedCodeCacheSize=
#   JVM is running with Zero Based Compressed Oops mode in which the Java heap is
#     placed in the first 32GB address space. The Java Heap base address is the
#     maximum limit for the native heap growth. Please use -XX:HeapBaseMinAddress
#     to set the Java Heap base and to place the Java Heap above 32GB virtual address.
# This output file may be truncated or incomplete.
#
#  Out of Memory Error (virtualSpaceNode.cpp:112), pid=14780, tid=10020
#
# JRE version: Java(TM) SE Runtime Environment (21.0.6+8) (build 21.0.6+8-LTS-188)
# Java VM: Java HotSpot(TM) 64-Bit Server VM (21.0.6+8-LTS-188, mixed mode, sharing, tiered, compressed oops, compressed class ptrs, g1 gc, windows-amd64)
# No core dump will be written. Minidumps are not enabled by default on client versions of Windows
#

---------------  S U M M A R Y ------------

Command Line: -Dmaven.multiModuleProjectDirectory=C:\Users\DELL\Desktop\angular Project\backEnd\carsAgence -Djansi.passthrough=true -Dmaven.home=C:\Users\DELL\.m2\wrapper\dists\apache-maven-3.9.9-bin\4nf9hui3q3djbarqar9g711ggc\apache-maven-3.9.9 -Dclassworlds.conf=C:\Users\DELL\.m2\wrapper\dists\apache-maven-3.9.9-bin\4nf9hui3q3djbarqar9g711ggc\apache-maven-3.9.9\bin\m2.conf -Dmaven.ext.class.path=C:\Program Files\JetBrains\IntelliJ IDEA 2023.3.4\plugins\maven\lib\maven-event-listener.jar -javaagent:C:\Program Files\JetBrains\IntelliJ IDEA 2023.3.4\lib\idea_rt.jar=52341:C:\Program Files\JetBrains\IntelliJ IDEA 2023.3.4\bin -Dfile.encoding=UTF-8 -Dsun.stdout.encoding=UTF-8 -Dsun.stderr.encoding=UTF-8 org.codehaus.classworlds.Launcher -Didea.version=2023.3.4 clean install

Host: 11th Gen Intel(R) Core(TM) i5-1135G7 @ 2.40GHz, 8 cores, 15G,  Windows 11 , 64 bit Build 26100 (10.0.26100.3775)
Time: Tue Apr 22 17:31:53 2025 Afr. centrale Ouest elapsed time: 107.887764 seconds (0d 0h 1m 47s)

---------------  T H R E A D  ---------------

Current thread (0x000001a3def04420):  JavaThread "main"             [_thread_in_vm, id=10020, stack(0x0000006216900000,0x0000006216a00000) (1024K)]

Stack: [0x0000006216900000,0x0000006216a00000]
Native frames: (J=compiled Java code, j=interpreted, Vv=VM code, C=native code)
V  [jvm.dll+0x6ca6d9]
V  [jvm.dll+0x854f51]
V  [jvm.dll+0x85747e]
V  [jvm.dll+0x857b53]
V  [jvm.dll+0x27dcc6]
V  [jvm.dll+0x850b6e]
V  [jvm.dll+0x66e3e5]
V  [jvm.dll+0x1e3f1c]
V  [jvm.dll+0x1e3cee]
V  [jvm.dll+0x670d13]
V  [jvm.dll+0x670b32]
V  [jvm.dll+0x66edbe]
V  [jvm.dll+0x3bd36f]
V  [jvm.dll+0x20ce5b]
V  [jvm.dll+0x5ad316]
V  [jvm.dll+0x7cf29d]
V  [jvm.dll+0x4713c2]
V  [jvm.dll+0x484756]
C  [java.dll+0x1657]

Java frames: (J=compiled Java code, j=interpreted, Vv=VM code)
J 2518  java.lang.ClassLoader.defineClass0(Ljava/lang/ClassLoader;Ljava/lang/Class;Ljava/lang/String;[BIILjava/security/ProtectionDomain;ZILjava/lang/Object;)Ljava/lang/Class; java.base@21.0.6 (0 bytes) @ 0x000001a3f0aba4bc [0x000001a3f0aba3c0+0x00000000000000fc]
j  java.lang.System$2.defineClass(Ljava/lang/ClassLoader;Ljava/lang/Class;Ljava/lang/String;[BLjava/security/ProtectionDomain;ZILjava/lang/Object;)Ljava/lang/Class;+17 java.base@21.0.6
j  java.lang.invoke.MethodHandles$Lookup$ClassDefiner.defineClass(ZLjava/lang/Object;)Ljava/lang/Class;+57 java.base@21.0.6
j  java.lang.invoke.InnerClassLambdaMetafactory.generateInnerClass()Ljava/lang/Class;+490 java.base@21.0.6
j  java.lang.invoke.InnerClassLambdaMetafactory.spinInnerClass()Ljava/lang/Class;+114 java.base@21.0.6
j  java.lang.invoke.InnerClassLambdaMetafactory.buildCallSite()Ljava/lang/invoke/CallSite;+1 java.base@21.0.6
j  java.lang.invoke.LambdaMetafactory.metafactory(Ljava/lang/invoke/MethodHandles$Lookup;Ljava/lang/String;Ljava/lang/invoke/MethodType;Ljava/lang/invoke/MethodType;Ljava/lang/invoke/MethodHandle;Ljava/lang/invoke/MethodType;)Ljava/lang/invoke/CallSite;+67 java.base@21.0.6
j  java.lang.invoke.DirectMethodHandle$Holder.invokeStatic(Ljava/lang/Object;Ljava/lang/Object;Ljava/lang/Object;Ljava/lang/Object;Ljava/lang/Object;Ljava/lang/Object;Ljava/lang/Object;)Ljava/lang/Object;+20 java.base@21.0.6
j  java.lang.invoke.Invokers$Holder.invokeExact_MT(Ljava/lang/Object;Ljava/lang/Object;Ljava/lang/Object;Ljava/lang/Object;Ljava/lang/Object;Ljava/lang/Object;Ljava/lang/Object;Ljava/lang/Object;)Ljava/lang/Object;+28 java.base@21.0.6
j  java.lang.invoke.BootstrapMethodInvoker.invoke(Ljava/lang/Class;Ljava/lang/invoke/MethodHandle;Ljava/lang/String;Ljava/lang/Object;Ljava/lang/Object;Ljava/lang/Class;)Ljava/lang/Object;+319 java.base@21.0.6
j  java.lang.invoke.CallSite.makeSite(Ljava/lang/invoke/MethodHandle;Ljava/lang/String;Ljava/lang/invoke/MethodType;Ljava/lang/Object;Ljava/lang/Class;)Ljava/lang/invoke/CallSite;+8 java.base@21.0.6
j  java.lang.invoke.MethodHandleNatives.linkCallSiteImpl(Ljava/lang/Class;Ljava/lang/invoke/MethodHandle;Ljava/lang/String;Ljava/lang/invoke/MethodType;Ljava/lang/Object;[Ljava/lang/Object;)Ljava/lang/invoke/MemberName;+6 java.base@21.0.6
j  java.lang.invoke.MethodHandleNatives.linkCallSite(Ljava/lang/Object;Ljava/lang/Object;Ljava/lang/Object;Ljava/lang/Object;Ljava/lang/Object;[Ljava/lang/Object;)Ljava/lang/invoke/MemberName;+45 java.base@21.0.6
v  ~StubRoutines::call_stub 0x000001a3f04110e7
j  org.apache.maven.cli.transfer.SimplexTransferListener.<init>(Lorg/eclipse/aether/transfer/TransferListener;IIZ)V+74
j  org.apache.maven.cli.transfer.SimplexTransferListener.<init>(Lorg/eclipse/aether/transfer/TransferListener;)V+9
j  org.apache.maven.cli.MavenCli.getConsoleTransferListener(Z)Lorg/eclipse/aether/transfer/TransferListener;+15
j  org.apache.maven.cli.MavenCli.populateRequest(Lorg/apache/maven/cli/CliRequest;Lorg/apache/maven/execution/MavenExecutionRequest;)Lorg/apache/maven/execution/MavenExecutionRequest;+546
j  org.apache.maven.cli.MavenCli.populateRequest(Lorg/apache/maven/cli/CliRequest;)Lorg/apache/maven/execution/MavenExecutionRequest;+6
j  org.apache.maven.cli.MavenCli.doMain(Lorg/apache/maven/cli/CliRequest;)I+55
j  org.apache.maven.cli.MavenCli.main([Ljava/lang/String;Lorg/codehaus/plexus/classworlds/ClassWorld;)I+24
j  java.lang.invoke.DirectMethodHandle$Holder.invokeStatic(Ljava/lang/Object;Ljava/lang/Object;Ljava/lang/Object;)I+11 java.base@21.0.6
j  java.lang.invoke.LambdaForm$MH+0x000001a38200b000.invoke(Ljava/lang/Object;Ljava/lang/Object;Ljava/lang/Object;Ljava/lang/Object;)Ljava/lang/Object;+54 java.base@21.0.6
j  java.lang.invoke.LambdaForm$MH+0x000001a382002800.invokeExact_MT(Ljava/lang/Object;Ljava/lang/Object;Ljava/lang/Object;Ljava/lang/Object;Ljava/lang/Object;)Ljava/lang/Object;+22 java.base@21.0.6
j  jdk.internal.reflect.DirectMethodHandleAccessor.invokeImpl(Ljava/lang/Object;[Ljava/lang/Object;)Ljava/lang/Object;+72 java.base@21.0.6
j  jdk.internal.reflect.DirectMethodHandleAccessor.invoke(Ljava/lang/Object;[Ljava/lang/Object;)Ljava/lang/Object;+23 java.base@21.0.6
j  java.lang.reflect.Method.invoke(Ljava/lang/Object;[Ljava/lang/Object;)Ljava/lang/Object;+102 java.base@21.0.6
j  org.codehaus.plexus.classworlds.launcher.Launcher.launchEnhanced([Ljava/lang/String;)V+45
j  org.codehaus.plexus.classworlds.launcher.Launcher.launch([Ljava/lang/String;)V+2
j  org.codehaus.plexus.classworlds.launcher.Launcher.mainWithExitCode([Ljava/lang/String;)I+108
j  org.codehaus.plexus.classworlds.launcher.Launcher.main([Ljava/lang/String;)V+1
j  org.codehaus.classworlds.Launcher.main([Ljava/lang/String;)V+1
v  ~StubRoutines::call_stub 0x000001a3f04110e7

Compiled method (n/a)  107899 2518     n 0       java.lang.ClassLoader::defineClass0 (native)
 total in heap  [0x000001a3f0aba210,0x000001a3f0aba9a0] = 1936
 relocation     [0x000001a3f0aba370,0x000001a3f0aba3b0] = 64
 main code      [0x000001a3f0aba3c0,0x000001a3f0aba99a] = 1498
 stub code      [0x000001a3f0aba99a,0x000001a3f0aba9a0] = 6

[Constant Pool (empty)]

[MachCode]
[Entry Point]
  # {method} {0x000001a38143a658} 'defineClass0' '(Ljava/lang/ClassLoader;Ljava/lang/Class;Ljava/lang/String;[BIILjava/security/ProtectionDomain;ZILjava/lang/Object;)Ljava/lang/Class;' in 'java/lang/ClassLoader'
  # parm0:    rdx:rdx   = 'java/lang/ClassLoader'
  # parm1:    r8:r8     = 'java/lang/Class'
  # parm2:    r9:r9     = 'java/lang/String'
  # parm3:    rdi:rdi   = '[B'
  # parm4:    rsi       = int
  # parm5:    rcx       = int
  # parm6:    [sp+0xb0]   = 'java/security/ProtectionDomain'  (sp of caller)
  # parm7:    [sp+0xb8]   = boolean
  # parm8:    [sp+0xc0]   = int
  # parm9:    [sp+0xc8]   = 'java/lang/Object'
  0x000001a3f0aba3c0: 448b 5208 | 49bb 0000 | 0081 a301 | 0000 4d03 | d349 3bc2 | 0f84 0600 

  0x000001a3f0aba3d8: ;   {runtime_call ic_miss_stub}
  0x000001a3f0aba3d8: 0000 e9a1 | 459a ff90 
[Verified Entry Point]
  0x000001a3f0aba3e0: 8984 2400 | 80ff ff55 | 488b ec48 | 81ec a000 | 0000 6690 | 4181 7f20 | 0100 0000 

  0x000001a3f0aba3fc: ;   {runtime_call StubRoutines (final stubs)}
  0x000001a3f0aba3fc: 7405 e87d | b998 ff48 | 837d 2800 | 488d 4528 | 480f 4445 | 2848 8944 | 2458 4863 | 4520 4889 
  0x000001a3f0aba41c: 4424 5048 | 6345 1848 | 8944 2448 | 4883 7d10 | 0048 8d45 | 1048 0f44 | 4510 4889 | 4424 4048 
  0x000001a3f0aba43c: 894c 2438 | 4889 7424 | 3048 897c | 2478 4883 | ff00 488d | 4424 7848 | 0f44 4424 | 7848 8944 
  0x000001a3f0aba45c: 2428 4c89 | 4c24 7049 | 83f9 0048 | 8d44 2470 | 480f 4444 | 2470 4889 | 4424 204c | 8944 2468 
  0x000001a3f0aba47c: 4983 f800 | 4c8d 4c24 | 684c 0f44 | 4c24 6848 | 8954 2460 | 4883 fa00 | 4c8d 4424 | 604c 0f44 
  0x000001a3f0aba49c: ;   {oop(a 'java/lang/Class'{0x000000070403ecc0} = 'java/lang/ClassLoader')}
  0x000001a3f0aba49c: 4424 6049 | bec0 ec03 | 0407 0000 | 004c 89b4 | 2490 0000 | 004c 8db4 | 2490 0000 | 0049 8bd6 
  0x000001a3f0aba4bc: ;   {internal_word}
  0x000001a3f0aba4bc: c5f8 7749 | babc a4ab | f0a3 0100 | 004d 8997 | a003 0000 | 4989 a798 

  0x000001a3f0aba4d4: ;   {external_word}
  0x000001a3f0aba4d4: 0300 0049 | bae0 57b5 | 59fb 7f00 | 0041 803a | 000f 844e | 0000 0052 | 4150 4151 

  0x000001a3f0aba4f0: ;   {metadata({method} {0x000001a38143a658} 'defineClass0' '(Ljava/lang/ClassLoader;Ljava/lang/Class;Ljava/lang/String;[BIILjava/security/ProtectionDomain;ZILjava/lang/Object;)Ljava/lang/Class;' in 'java/lang/ClassLoader')}
  0x000001a3f0aba4f0: 48ba 50a6 | 4381 a301 | 0000 498b | cf48 83ec | 2040 f6c4 | 0f0f 8419 | 0000 0048 

  0x000001a3f0aba50c: ;   {runtime_call}
  0x000001a3f0aba50c: 83ec 0848 | b880 0566 | 59fb 7f00 | 00ff d048 | 83c4 08e9 | 0c00 0000 

  0x000001a3f0aba524: ;   {runtime_call}
  0x000001a3f0aba524: 48b8 8005 | 6659 fb7f | 0000 ffd0 | 4883 c420 | 4159 4158 | 5a49 8d8f | b803 0000 | 41c7 8744 
  0x000001a3f0aba544: 0400 0004 

  0x000001a3f0aba548: ;   {runtime_call}
  0x000001a3f0aba548: 0000 0048 | b81c 155a | 81fb 7f00 | 00ff d0c5 | f877 41c7 | 8744 0400 | 0005 0000 | 00f0 8344 
  0x000001a3f0aba568: 24c0 0049 | 3baf 4804 | 0000 0f87 | 0e00 0000 | 4183 bf40 | 0400 0000 | 0f84 2b00 | 0000 c5f8 
  0x000001a3f0aba588: 7748 8945 | f849 8bcf | 4c8b e448 | 83ec 2048 

  0x000001a3f0aba598: ;   {runtime_call}
  0x000001a3f0aba598: 83e4 f048 | b8f0 b231 | 59fb 7f00 | 00ff d049 | 8be4 4d33 | e448 8b45 | f841 c787 | 4404 0000 
  0x000001a3f0aba5b8: 0800 0000 | 4183 bfc0 | 0400 0002 | 0f84 a303 

  0x000001a3f0aba5c8: ;   {external_word}
  0x000001a3f0aba5c8: 0000 49ba | e057 b559 | fb7f 0000 | 4180 3a00 | 0f84 4c00 | 0000 4889 

  0x000001a3f0aba5e0: ;   {metadata({method} {0x000001a38143a658} 'defineClass0' '(Ljava/lang/ClassLoader;Ljava/lang/Class;Ljava/lang/String;[BIILjava/security/ProtectionDomain;ZILjava/lang/Object;)Ljava/lang/Class;' in 'java/lang/ClassLoader')}
  0x000001a3f0aba5e0: 45f8 48ba | 50a6 4381 | a301 0000 | 498b cf48 | 83ec 2040 | f6c4 0f0f | 8419 0000 | 0048 83ec 
  0x000001a3f0aba600: ;   {runtime_call}
  0x000001a3f0aba600: 0848 b880 | 0566 59fb | 7f00 00ff | d048 83c4 | 08e9 0c00 

  0x000001a3f0aba614: ;   {runtime_call}
  0x000001a3f0aba614: 0000 48b8 | 8005 6659 | fb7f 0000 | ffd0 4883 | c420 488b | 45f8 49c7 | 8798 0300 | 0000 0000 
  0x000001a3f0aba634: 0049 c787 | a003 0000 | 0000 0000 | c5f8 7748 | 85c0 0f84 | fe02 0000 | a803 0f85 | 0800 0000 
  0x000001a3f0aba654: 488b 00e9 | ee02 0000 | a801 0f85 | 0900 0000 | 488b 40fe | e9dd 0200 | 0048 8b40 | ff41 807f 
  0x000001a3f0aba674: 4000 0f84 | ce02 0000 | 4883 f800 | 0f84 c402 | 0000 498b | 4f28 4883 | f900 0f84 | 1400 0000 
  0x000001a3f0aba694: 4883 e908 | 4989 4f28 | 4903 4f38 | 4889 01e9 | a202 0000 | 4881 ec50 | 0100 0048 | 8904 2448 
  0x000001a3f0aba6b4: 894c 2408 | 4889 5424 | 1048 8974 | 2418 4889 | 7c24 204c | 8944 2428 | 4c89 4c24 | 304c 8954 
  0x000001a3f0aba6d4: 2438 4c89 | 5c24 40c5 | fb11 4424 | 50c5 fb11 | 4c24 58c5 | fb11 5424 | 60c5 fb11 | 5c24 68c5 
  0x000001a3f0aba6f4: fb11 6424 | 70c5 fb11 | 6c24 78c5 | fb11 b424 | 8000 0000 | c5fb 11bc | 2488 0000 | 00c5 7b11 
  0x000001a3f0aba714: ;   {no_reloc}
  0x000001a3f0aba714: 8424 9000 | 0000 c57b | 118c 2498 | 0000 00c5 | 7b11 9424 | a000 0000 | c57b 119c | 24a8 0000 
  0x000001a3f0aba734: 00c5 7b11 | a424 b000 | 0000 c57b | 11ac 24b8 | 0000 00c5 | 7b11 b424 | c000 0000 | c57b 11bc 
  0x000001a3f0aba754: 24c8 0000 | 0062 e1ff | 0811 4424 | 1a62 e1ff | 0811 4c24 | 1b62 e1ff | 0811 5424 | 1c62 e1ff 
  0x000001a3f0aba774: 0811 5c24 | 1d62 e1ff | 0811 6424 | 1e62 e1ff | 0811 6c24 | 1f62 e1ff | 0811 7424 | 2062 e1ff 
  0x000001a3f0aba794: 0811 7c24 | 2162 61ff | 0811 4424 | 2262 61ff | 0811 4c24 | 2362 61ff | 0811 5424 | 2462 61ff 
  0x000001a3f0aba7b4: 0811 5c24 | 2562 61ff | 0811 6424 | 2662 61ff | 0811 6c24 | 2762 61ff | 0811 7424 | 2862 61ff 
  0x000001a3f0aba7d4: 0811 7c24 | 2949 8bd7 | 488b c848 | 83ec 2040 | f6c4 0f0f | 8419 0000 | 0048 83ec 

  0x000001a3f0aba7f0: ;   {runtime_call}
  0x000001a3f0aba7f0: 0848 b890 | f124 59fb | 7f00 00ff | d048 83c4 | 08e9 0c00 

  0x000001a3f0aba804: ;   {runtime_call}
  0x000001a3f0aba804: 0000 48b8 | 90f1 2459 | fb7f 0000 | ffd0 4883 | c420 6261 | ff08 107c | 2429 6261 | ff08 1074 
  0x000001a3f0aba824: 2428 6261 | ff08 106c | 2427 6261 | ff08 1064 | 2426 6261 | ff08 105c | 2425 6261 | ff08 1054 
  0x000001a3f0aba844: 2424 6261 | ff08 104c | 2423 6261 | ff08 1044 | 2422 62e1 | ff08 107c | 2421 62e1 | ff08 1074 
  0x000001a3f0aba864: 2420 62e1 | ff08 106c | 241f 62e1 | ff08 1064 | 241e 62e1 | ff08 105c | 241d 62e1 | ff08 1054 
  0x000001a3f0aba884: 241c 62e1 | ff08 104c | 241b 62e1 | ff08 1044 | 241a c57b | 10bc 24c8 | 0000 00c5 | 7b10 b424 
  0x000001a3f0aba8a4: c000 0000 | c57b 10ac | 24b8 0000 | 00c5 7b10 | a424 b000 | 0000 c57b | 109c 24a8 | 0000 00c5 
  0x000001a3f0aba8c4: 7b10 9424 | a000 0000 | c57b 108c | 2498 0000 | 00c5 7b10 | 8424 9000 | 0000 c5fb | 10bc 2488 
  0x000001a3f0aba8e4: 0000 00c5 | fb10 b424 | 8000 0000 | c5fb 106c | 2478 c5fb | 1064 2470 | c5fb 105c | 2468 c5fb 
  0x000001a3f0aba904: ;   {no_reloc}
  0x000001a3f0aba904: 1054 2460 | c5fb 104c | 2458 c5fb | 1044 2450 | 4c8b 5c24 | 404c 8b54 | 2438 4c8b | 4c24 304c 
  0x000001a3f0aba924: 8b44 2428 | 488b 7c24 | 2048 8b74 | 2418 488b | 5424 1048 | 8b4c 2408 | 488b 0424 | 4881 c450 
  0x000001a3f0aba944: 0100 00c5 | f877 498b | 8f28 0400 | 00c7 8100 | 0100 0000 | 0000 00c9 | 4983 7f08 | 000f 8501 
  0x000001a3f0aba964: 0000 00c3 

  0x000001a3f0aba968: ;   {runtime_call StubRoutines (initial stubs)}
  0x000001a3f0aba968: e993 6595 | ffc5 f877 | 4889 45f8 | 4c8b e448 | 83ec 2048 

  0x000001a3f0aba97c: ;   {runtime_call}
  0x000001a3f0aba97c: 83e4 f048 | b870 3d66 | 59fb 7f00 | 00ff d049 | 8be4 4d33 | e448 8b45 | f8e9 30fc | ffff f4f4 
  0x000001a3f0aba99c: f4f4 f4f4 
[/MachCode]


---------------  P R O C E S S  ---------------

Threads class SMR info:
_java_thread_list=0x000001a3c61be9a0, length=12, elements={
0x000001a3def04420, 0x000001a3801f1ef0, 0x000001a3801f75d0, 0x000001a3801fa640,
0x000001a380201470, 0x000001a380201ad0, 0x000001a380202130, 0x000001a380204c00,
0x000001a38020dd70, 0x000001a3801c73b0, 0x000001a38064aba0, 0x000001a38064b200
}

Java Threads: ( => current thread )
=>0x000001a3def04420 JavaThread "main"                              [_thread_in_vm, id=10020, stack(0x0000006216900000,0x0000006216a00000) (1024K)]
  0x000001a3801f1ef0 JavaThread "Reference Handler"          daemon [_thread_blocked, id=19036, stack(0x0000006217100000,0x0000006217200000) (1024K)]
  0x000001a3801f75d0 JavaThread "Finalizer"                  daemon [_thread_blocked, id=19656, stack(0x0000006217200000,0x0000006217300000) (1024K)]
  0x000001a3801fa640 JavaThread "Signal Dispatcher"          daemon [_thread_blocked, id=17504, stack(0x0000006217300000,0x0000006217400000) (1024K)]
  0x000001a380201470 JavaThread "Attach Listener"            daemon [_thread_blocked, id=20788, stack(0x0000006217400000,0x0000006217500000) (1024K)]
  0x000001a380201ad0 JavaThread "Service Thread"             daemon [_thread_blocked, id=17552, stack(0x0000006217500000,0x0000006217600000) (1024K)]
  0x000001a380202130 JavaThread "Monitor Deflation Thread"   daemon [_thread_blocked, id=10700, stack(0x0000006217600000,0x0000006217700000) (1024K)]
  0x000001a380204c00 JavaThread "C2 CompilerThread0"         daemon [_thread_blocked, id=13440, stack(0x0000006217700000,0x0000006217800000) (1024K)]
  0x000001a38020dd70 JavaThread "C1 CompilerThread0"         daemon [_thread_blocked, id=18412, stack(0x0000006217800000,0x0000006217900000) (1024K)]
  0x000001a3801c73b0 JavaThread "Common-Cleaner"             daemon [_thread_blocked, id=11612, stack(0x0000006217900000,0x0000006217a00000) (1024K)]
  0x000001a38064aba0 JavaThread "Monitor Ctrl-Break"         daemon [_thread_in_native, id=24368, stack(0x0000006217a00000,0x0000006217b00000) (1024K)]
  0x000001a38064b200 JavaThread "Notification Thread"        daemon [_thread_blocked, id=24372, stack(0x0000006217b00000,0x0000006217c00000) (1024K)]
Total: 12

Other Threads:
  0x000001a3801d4130 VMThread "VM Thread"                           [id=8712, stack(0x0000006217000000,0x0000006217100000) (1024K)] _threads_hazard_ptr=0x000001a3c61be9a0
  0x000001a3801c6040 WatcherThread "VM Periodic Task Thread"        [id=11268, stack(0x0000006216f00000,0x0000006217000000) (1024K)]
  0x000001a3def6afe0 WorkerThread "GC Thread#0"                     [id=5588, stack(0x0000006216a00000,0x0000006216b00000) (1024K)]
  0x000001a3c66c7d50 WorkerThread "GC Thread#1"                     [id=35480, stack(0x0000006217d00000,0x0000006217e00000) (1024K)]
  0x000001a3c66c7270 WorkerThread "GC Thread#2"                     [id=35484, stack(0x0000006217e00000,0x0000006217f00000) (1024K)]
  0x000001a3c66c7610 WorkerThread "GC Thread#3"                     [id=35488, stack(0x0000006217f00000,0x0000006218000000) (1024K)]
  0x000001a3c66c80f0 WorkerThread "GC Thread#4"                     [id=35492, stack(0x0000006218000000,0x0000006218100000) (1024K)]
  0x000001a3c66c79b0 WorkerThread "GC Thread#5"                     [id=35496, stack(0x0000006218100000,0x0000006218200000) (1024K)]
  0x000001a3c66c8490 WorkerThread "GC Thread#6"                     [id=34628, stack(0x0000006218200000,0x0000006218300000) (1024K)]
  0x000001a3c66c6b30 WorkerThread "GC Thread#7"                     [id=35392, stack(0x0000006218300000,0x0000006218400000) (1024K)]
  0x000001a3def7c2e0 ConcurrentGCThread "G1 Main Marker"            [id=21296, stack(0x0000006216b00000,0x0000006216c00000) (1024K)]
  0x000001a3def7ccf0 WorkerThread "G1 Conc#0"                       [id=3836, stack(0x0000006216c00000,0x0000006216d00000) (1024K)]
  0x000001a380175210 ConcurrentGCThread "G1 Refine#0"               [id=18172, stack(0x0000006216d00000,0x0000006216e00000) (1024K)]
  0x000001a380175ea0 ConcurrentGCThread "G1 Service"                [id=11040, stack(0x0000006216e00000,0x0000006216f00000) (1024K)]
Total: 14

Threads with active compile tasks:
Total: 0

VM state: synchronizing (normal execution)

VM Mutex/Monitor currently owned by a thread:  ([mutex/lock_event])
[0x00007ffb59b6be18] Metaspace_lock - owner thread: 0x000001a3def04420
[0x00007ffb59b6de98] Threads_lock - owner thread: 0x000001a3801d4130

Heap address: 0x0000000704000000, size: 4032 MB, Compressed Oops mode: Zero based, Oop shift amount: 3

CDS archive(s) mapped at: [0x000001a381000000-0x000001a381c90000-0x000001a381c90000), size 13172736, SharedBaseAddress: 0x000001a381000000, ArchiveRelocationMode: 1.
Compressed class space mapped at: 0x000001a382000000-0x000001a3c2000000, reserved size: 1073741824
Narrow klass base: 0x000001a381000000, Narrow klass shift: 0, Narrow klass range: 0x100000000

GC Precious Log:
 CardTable entry size: 512
 Card Set container configuration: InlinePtr #cards 4 size 8 Array Of Cards #cards 16 size 48 Howl #buckets 8 coarsen threshold 3686 Howl Bitmap #cards 512 size 80 coarsen threshold 460 Card regions per heap region 1 cards per card region 4096
 CPUs: 8 total, 8 available
 Memory: 16126M
 Large Page Support: Disabled
 NUMA Support: Disabled
 Compressed Oops: Enabled (Zero based)
 Heap Region Size: 2M
 Heap Min Capacity: 8M
 Heap Initial Capacity: 252M
 Heap Max Capacity: 4032M
 Pre-touch: Disabled
 Parallel Workers: 8
 Concurrent Workers: 2
 Concurrent Refinement Workers: 8
 Periodic GC: Disabled

Heap:
 garbage-first heap   total 258048K, used 28107K [0x0000000704000000, 0x0000000800000000)
  region size 2048K, 13 young (26624K), 1 survivors (2048K)
 Metaspace       used 14038K, committed 14208K, reserved 1114112K
  class space    used 1660K, committed 1728K, reserved 1048576K

Heap Regions: E=young(eden), S=young(survivor), O=old, HS=humongous(starts), HC=humongous(continues), CS=collection set, F=free, TAMS=top-at-mark-start, PB=parsable bottom
|   0|0x0000000704000000, 0x0000000704200000, 0x0000000704200000|100%| O|  |TAMS 0x0000000704000000| PB 0x0000000704000000| Untracked 
|   1|0x0000000704200000, 0x00000007043c1130, 0x0000000704400000| 87%| O|  |TAMS 0x0000000704200000| PB 0x0000000704200000| Untracked 
|   2|0x0000000704400000, 0x0000000704400000, 0x0000000704600000|  0%| F|  |TAMS 0x0000000704400000| PB 0x0000000704400000| Untracked 
|   3|0x0000000704600000, 0x0000000704600000, 0x0000000704800000|  0%| F|  |TAMS 0x0000000704600000| PB 0x0000000704600000| Untracked 
|   4|0x0000000704800000, 0x0000000704800000, 0x0000000704a00000|  0%| F|  |TAMS 0x0000000704800000| PB 0x0000000704800000| Untracked 
|   5|0x0000000704a00000, 0x0000000704a00000, 0x0000000704c00000|  0%| F|  |TAMS 0x0000000704a00000| PB 0x0000000704a00000| Untracked 
|   6|0x0000000704c00000, 0x0000000704c00000, 0x0000000704e00000|  0%| F|  |TAMS 0x0000000704c00000| PB 0x0000000704c00000| Untracked 
|   7|0x0000000704e00000, 0x0000000704e00000, 0x0000000705000000|  0%| F|  |TAMS 0x0000000704e00000| PB 0x0000000704e00000| Untracked 
|   8|0x0000000705000000, 0x0000000705000000, 0x0000000705200000|  0%| F|  |TAMS 0x0000000705000000| PB 0x0000000705000000| Untracked 
|   9|0x0000000705200000, 0x0000000705200000, 0x0000000705400000|  0%| F|  |TAMS 0x0000000705200000| PB 0x0000000705200000| Untracked 
|  10|0x0000000705400000, 0x0000000705400000, 0x0000000705600000|  0%| F|  |TAMS 0x0000000705400000| PB 0x0000000705400000| Untracked 
|  11|0x0000000705600000, 0x0000000705600000, 0x0000000705800000|  0%| F|  |TAMS 0x0000000705600000| PB 0x0000000705600000| Untracked 
|  12|0x0000000705800000, 0x0000000705800000, 0x0000000705a00000|  0%| F|  |TAMS 0x0000000705800000| PB 0x0000000705800000| Untracked 
|  13|0x0000000705a00000, 0x0000000705a00000, 0x0000000705c00000|  0%| F|  |TAMS 0x0000000705a00000| PB 0x0000000705a00000| Untracked 
|  14|0x0000000705c00000, 0x0000000705c00000, 0x0000000705e00000|  0%| F|  |TAMS 0x0000000705c00000| PB 0x0000000705c00000| Untracked 
|  15|0x0000000705e00000, 0x0000000705e00000, 0x0000000706000000|  0%| F|  |TAMS 0x0000000705e00000| PB 0x0000000705e00000| Untracked 
|  16|0x0000000706000000, 0x0000000706000000, 0x0000000706200000|  0%| F|  |TAMS 0x0000000706000000| PB 0x0000000706000000| Untracked 
|  17|0x0000000706200000, 0x0000000706200000, 0x0000000706400000|  0%| F|  |TAMS 0x0000000706200000| PB 0x0000000706200000| Untracked 
|  18|0x0000000706400000, 0x0000000706400000, 0x0000000706600000|  0%| F|  |TAMS 0x0000000706400000| PB 0x0000000706400000| Untracked 
|  19|0x0000000706600000, 0x0000000706600000, 0x0000000706800000|  0%| F|  |TAMS 0x0000000706600000| PB 0x0000000706600000| Untracked 
|  20|0x0000000706800000, 0x0000000706800000, 0x0000000706a00000|  0%| F|  |TAMS 0x0000000706800000| PB 0x0000000706800000| Untracked 
|  21|0x0000000706a00000, 0x0000000706a00000, 0x0000000706c00000|  0%| F|  |TAMS 0x0000000706a00000| PB 0x0000000706a00000| Untracked 
|  22|0x0000000706c00000, 0x0000000706c00000, 0x0000000706e00000|  0%| F|  |TAMS 0x0000000706c00000| PB 0x0000000706c00000| Untracked 
|  23|0x0000000706e00000, 0x0000000706e00000, 0x0000000707000000|  0%| F|  |TAMS 0x0000000706e00000| PB 0x0000000706e00000| Untracked 
|  24|0x0000000707000000, 0x0000000707000000, 0x0000000707200000|  0%| F|  |TAMS 0x0000000707000000| PB 0x0000000707000000| Untracked 
|  25|0x0000000707200000, 0x0000000707200000, 0x0000000707400000|  0%| F|  |TAMS 0x0000000707200000| PB 0x0000000707200000| Untracked 
|  26|0x0000000707400000, 0x0000000707400000, 0x0000000707600000|  0%| F|  |TAMS 0x0000000707400000| PB 0x0000000707400000| Untracked 
|  27|0x0000000707600000, 0x0000000707600000, 0x0000000707800000|  0%| F|  |TAMS 0x0000000707600000| PB 0x0000000707600000| Untracked 
|  28|0x0000000707800000, 0x0000000707800000, 0x0000000707a00000|  0%| F|  |TAMS 0x0000000707800000| PB 0x0000000707800000| Untracked 
|  29|0x0000000707a00000, 0x0000000707a00000, 0x0000000707c00000|  0%| F|  |TAMS 0x0000000707a00000| PB 0x0000000707a00000| Untracked 
|  30|0x0000000707c00000, 0x0000000707c00000, 0x0000000707e00000|  0%| F|  |TAMS 0x0000000707c00000| PB 0x0000000707c00000| Untracked 
|  31|0x0000000707e00000, 0x0000000707e00000, 0x0000000708000000|  0%| F|  |TAMS 0x0000000707e00000| PB 0x0000000707e00000| Untracked 
|  32|0x0000000708000000, 0x0000000708000000, 0x0000000708200000|  0%| F|  |TAMS 0x0000000708000000| PB 0x0000000708000000| Untracked 
|  33|0x0000000708200000, 0x0000000708200000, 0x0000000708400000|  0%| F|  |TAMS 0x0000000708200000| PB 0x0000000708200000| Untracked 
|  34|0x0000000708400000, 0x0000000708400000, 0x0000000708600000|  0%| F|  |TAMS 0x0000000708400000| PB 0x0000000708400000| Untracked 
|  35|0x0000000708600000, 0x0000000708600000, 0x0000000708800000|  0%| F|  |TAMS 0x0000000708600000| PB 0x0000000708600000| Untracked 
|  36|0x0000000708800000, 0x0000000708800000, 0x0000000708a00000|  0%| F|  |TAMS 0x0000000708800000| PB 0x0000000708800000| Untracked 
|  37|0x0000000708a00000, 0x0000000708a00000, 0x0000000708c00000|  0%| F|  |TAMS 0x0000000708a00000| PB 0x0000000708a00000| Untracked 
|  38|0x0000000708c00000, 0x0000000708c00000, 0x0000000708e00000|  0%| F|  |TAMS 0x0000000708c00000| PB 0x0000000708c00000| Untracked 
|  39|0x0000000708e00000, 0x0000000708e00000, 0x0000000709000000|  0%| F|  |TAMS 0x0000000708e00000| PB 0x0000000708e00000| Untracked 
|  40|0x0000000709000000, 0x0000000709000000, 0x0000000709200000|  0%| F|  |TAMS 0x0000000709000000| PB 0x0000000709000000| Untracked 
|  41|0x0000000709200000, 0x0000000709200000, 0x0000000709400000|  0%| F|  |TAMS 0x0000000709200000| PB 0x0000000709200000| Untracked 
|  42|0x0000000709400000, 0x0000000709400000, 0x0000000709600000|  0%| F|  |TAMS 0x0000000709400000| PB 0x0000000709400000| Untracked 
|  43|0x0000000709600000, 0x0000000709600000, 0x0000000709800000|  0%| F|  |TAMS 0x0000000709600000| PB 0x0000000709600000| Untracked 
|  44|0x0000000709800000, 0x0000000709800000, 0x0000000709a00000|  0%| F|  |TAMS 0x0000000709800000| PB 0x0000000709800000| Untracked 
|  45|0x0000000709a00000, 0x0000000709a00000, 0x0000000709c00000|  0%| F|  |TAMS 0x0000000709a00000| PB 0x0000000709a00000| Untracked 
|  46|0x0000000709c00000, 0x0000000709c00000, 0x0000000709e00000|  0%| F|  |TAMS 0x0000000709c00000| PB 0x0000000709c00000| Untracked 
|  47|0x0000000709e00000, 0x0000000709e00000, 0x000000070a000000|  0%| F|  |TAMS 0x0000000709e00000| PB 0x0000000709e00000| Untracked 
|  48|0x000000070a000000, 0x000000070a000000, 0x000000070a200000|  0%| F|  |TAMS 0x000000070a000000| PB 0x000000070a000000| Untracked 
|  49|0x000000070a200000, 0x000000070a200000, 0x000000070a400000|  0%| F|  |TAMS 0x000000070a200000| PB 0x000000070a200000| Untracked 
|  50|0x000000070a400000, 0x000000070a400000, 0x000000070a600000|  0%| F|  |TAMS 0x000000070a400000| PB 0x000000070a400000| Untracked 
|  51|0x000000070a600000, 0x000000070a600000, 0x000000070a800000|  0%| F|  |TAMS 0x000000070a600000| PB 0x000000070a600000| Untracked 
|  52|0x000000070a800000, 0x000000070a800000, 0x000000070aa00000|  0%| F|  |TAMS 0x000000070a800000| PB 0x000000070a800000| Untracked 
|  53|0x000000070aa00000, 0x000000070aa00000, 0x000000070ac00000|  0%| F|  |TAMS 0x000000070aa00000| PB 0x000000070aa00000| Untracked 
|  54|0x000000070ac00000, 0x000000070ac00000, 0x000000070ae00000|  0%| F|  |TAMS 0x000000070ac00000| PB 0x000000070ac00000| Untracked 
|  55|0x000000070ae00000, 0x000000070ae00000, 0x000000070b000000|  0%| F|  |TAMS 0x000000070ae00000| PB 0x000000070ae00000| Untracked 
|  56|0x000000070b000000, 0x000000070b000000, 0x000000070b200000|  0%| F|  |TAMS 0x000000070b000000| PB 0x000000070b000000| Untracked 
|  57|0x000000070b200000, 0x000000070b200000, 0x000000070b400000|  0%| F|  |TAMS 0x000000070b200000| PB 0x000000070b200000| Untracked 
|  58|0x000000070b400000, 0x000000070b400000, 0x000000070b600000|  0%| F|  |TAMS 0x000000070b400000| PB 0x000000070b400000| Untracked 
|  59|0x000000070b600000, 0x000000070b600000, 0x000000070b800000|  0%| F|  |TAMS 0x000000070b600000| PB 0x000000070b600000| Untracked 
|  60|0x000000070b800000, 0x000000070b800000, 0x000000070ba00000|  0%| F|  |TAMS 0x000000070b800000| PB 0x000000070b800000| Untracked 
|  61|0x000000070ba00000, 0x000000070ba00000, 0x000000070bc00000|  0%| F|  |TAMS 0x000000070ba00000| PB 0x000000070ba00000| Untracked 
|  62|0x000000070bc00000, 0x000000070bc00000, 0x000000070be00000|  0%| F|  |TAMS 0x000000070bc00000| PB 0x000000070bc00000| Untracked 
|  63|0x000000070be00000, 0x000000070be00000, 0x000000070c000000|  0%| F|  |TAMS 0x000000070be00000| PB 0x000000070be00000| Untracked 
|  64|0x000000070c000000, 0x000000070c000000, 0x000000070c200000|  0%| F|  |TAMS 0x000000070c000000| PB 0x000000070c000000| Untracked 
|  65|0x000000070c200000, 0x000000070c200000, 0x000000070c400000|  0%| F|  |TAMS 0x000000070c200000| PB 0x000000070c200000| Untracked 
|  66|0x000000070c400000, 0x000000070c400000, 0x000000070c600000|  0%| F|  |TAMS 0x000000070c400000| PB 0x000000070c400000| Untracked 
|  67|0x000000070c600000, 0x000000070c600000, 0x000000070c800000|  0%| F|  |TAMS 0x000000070c600000| PB 0x000000070c600000| Untracked 
|  68|0x000000070c800000, 0x000000070c800000, 0x000000070ca00000|  0%| F|  |TAMS 0x000000070c800000| PB 0x000000070c800000| Untracked 
|  69|0x000000070ca00000, 0x000000070ca00000, 0x000000070cc00000|  0%| F|  |TAMS 0x000000070ca00000| PB 0x000000070ca00000| Untracked 
|  70|0x000000070cc00000, 0x000000070cc00000, 0x000000070ce00000|  0%| F|  |TAMS 0x000000070cc00000| PB 0x000000070cc00000| Untracked 
|  71|0x000000070ce00000, 0x000000070ce00000, 0x000000070d000000|  0%| F|  |TAMS 0x000000070ce00000| PB 0x000000070ce00000| Untracked 
|  72|0x000000070d000000, 0x000000070d000000, 0x000000070d200000|  0%| F|  |TAMS 0x000000070d000000| PB 0x000000070d000000| Untracked 
|  73|0x000000070d200000, 0x000000070d200000, 0x000000070d400000|  0%| F|  |TAMS 0x000000070d200000| PB 0x000000070d200000| Untracked 
|  74|0x000000070d400000, 0x000000070d400000, 0x000000070d600000|  0%| F|  |TAMS 0x000000070d400000| PB 0x000000070d400000| Untracked 
|  75|0x000000070d600000, 0x000000070d600000, 0x000000070d800000|  0%| F|  |TAMS 0x000000070d600000| PB 0x000000070d600000| Untracked 
|  76|0x000000070d800000, 0x000000070d800000, 0x000000070da00000|  0%| F|  |TAMS 0x000000070d800000| PB 0x000000070d800000| Untracked 
|  77|0x000000070da00000, 0x000000070da00000, 0x000000070dc00000|  0%| F|  |TAMS 0x000000070da00000| PB 0x000000070da00000| Untracked 
|  78|0x000000070dc00000, 0x000000070dc00000, 0x000000070de00000|  0%| F|  |TAMS 0x000000070dc00000| PB 0x000000070dc00000| Untracked 
|  79|0x000000070de00000, 0x000000070de00000, 0x000000070e000000|  0%| F|  |TAMS 0x000000070de00000| PB 0x000000070de00000| Untracked 
|  80|0x000000070e000000, 0x000000070e000000, 0x000000070e200000|  0%| F|  |TAMS 0x000000070e000000| PB 0x000000070e000000| Untracked 
|  81|0x000000070e200000, 0x000000070e200000, 0x000000070e400000|  0%| F|  |TAMS 0x000000070e200000| PB 0x000000070e200000| Untracked 
|  82|0x000000070e400000, 0x000000070e400000, 0x000000070e600000|  0%| F|  |TAMS 0x000000070e400000| PB 0x000000070e400000| Untracked 
|  83|0x000000070e600000, 0x000000070e600000, 0x000000070e800000|  0%| F|  |TAMS 0x000000070e600000| PB 0x000000070e600000| Untracked 
|  84|0x000000070e800000, 0x000000070e800000, 0x000000070ea00000|  0%| F|  |TAMS 0x000000070e800000| PB 0x000000070e800000| Untracked 
|  85|0x000000070ea00000, 0x000000070ea00000, 0x000000070ec00000|  0%| F|  |TAMS 0x000000070ea00000| PB 0x000000070ea00000| Untracked 
|  86|0x000000070ec00000, 0x000000070ec00000, 0x000000070ee00000|  0%| F|  |TAMS 0x000000070ec00000| PB 0x000000070ec00000| Untracked 
|  87|0x000000070ee00000, 0x000000070ee00000, 0x000000070f000000|  0%| F|  |TAMS 0x000000070ee00000| PB 0x000000070ee00000| Untracked 
|  88|0x000000070f000000, 0x000000070f000000, 0x000000070f200000|  0%| F|  |TAMS 0x000000070f000000| PB 0x000000070f000000| Untracked 
|  89|0x000000070f200000, 0x000000070f200000, 0x000000070f400000|  0%| F|  |TAMS 0x000000070f200000| PB 0x000000070f200000| Untracked 
|  90|0x000000070f400000, 0x000000070f400000, 0x000000070f600000|  0%| F|  |TAMS 0x000000070f400000| PB 0x000000070f400000| Untracked 
|  91|0x000000070f600000, 0x000000070f600000, 0x000000070f800000|  0%| F|  |TAMS 0x000000070f600000| PB 0x000000070f600000| Untracked 
|  92|0x000000070f800000, 0x000000070f800000, 0x000000070fa00000|  0%| F|  |TAMS 0x000000070f800000| PB 0x000000070f800000| Untracked 
|  93|0x000000070fa00000, 0x000000070fa00000, 0x000000070fc00000|  0%| F|  |TAMS 0x000000070fa00000| PB 0x000000070fa00000| Untracked 
|  94|0x000000070fc00000, 0x000000070fc00000, 0x000000070fe00000|  0%| F|  |TAMS 0x000000070fc00000| PB 0x000000070fc00000| Untracked 
|  95|0x000000070fe00000, 0x000000070fe00000, 0x0000000710000000|  0%| F|  |TAMS 0x000000070fe00000| PB 0x000000070fe00000| Untracked 
|  96|0x0000000710000000, 0x0000000710000000, 0x0000000710200000|  0%| F|  |TAMS 0x0000000710000000| PB 0x0000000710000000| Untracked 
|  97|0x0000000710200000, 0x0000000710200000, 0x0000000710400000|  0%| F|  |TAMS 0x0000000710200000| PB 0x0000000710200000| Untracked 
|  98|0x0000000710400000, 0x0000000710400000, 0x0000000710600000|  0%| F|  |TAMS 0x0000000710400000| PB 0x0000000710400000| Untracked 
|  99|0x0000000710600000, 0x0000000710600000, 0x0000000710800000|  0%| F|  |TAMS 0x0000000710600000| PB 0x0000000710600000| Untracked 
| 100|0x0000000710800000, 0x0000000710800000, 0x0000000710a00000|  0%| F|  |TAMS 0x0000000710800000| PB 0x0000000710800000| Untracked 
| 101|0x0000000710a00000, 0x0000000710a00000, 0x0000000710c00000|  0%| F|  |TAMS 0x0000000710a00000| PB 0x0000000710a00000| Untracked 
| 102|0x0000000710c00000, 0x0000000710c00000, 0x0000000710e00000|  0%| F|  |TAMS 0x0000000710c00000| PB 0x0000000710c00000| Untracked 
| 103|0x0000000710e00000, 0x0000000710e00000, 0x0000000711000000|  0%| F|  |TAMS 0x0000000710e00000| PB 0x0000000710e00000| Untracked 
| 104|0x0000000711000000, 0x0000000711000000, 0x0000000711200000|  0%| F|  |TAMS 0x0000000711000000| PB 0x0000000711000000| Untracked 
| 105|0x0000000711200000, 0x0000000711200000, 0x0000000711400000|  0%| F|  |TAMS 0x0000000711200000| PB 0x0000000711200000| Untracked 
| 106|0x0000000711400000, 0x0000000711400000, 0x0000000711600000|  0%| F|  |TAMS 0x0000000711400000| PB 0x0000000711400000| Untracked 
| 107|0x0000000711600000, 0x00000007117b1c00, 0x0000000711800000| 84%| S|CS|TAMS 0x0000000711600000| PB 0x0000000711600000| Complete 
| 108|0x0000000711800000, 0x0000000711800000, 0x0000000711a00000|  0%| F|  |TAMS 0x0000000711800000| PB 0x0000000711800000| Untracked 
| 109|0x0000000711a00000, 0x0000000711a00000, 0x0000000711c00000|  0%| F|  |TAMS 0x0000000711a00000| PB 0x0000000711a00000| Untracked 
| 110|0x0000000711c00000, 0x0000000711c00000, 0x0000000711e00000|  0%| F|  |TAMS 0x0000000711c00000| PB 0x0000000711c00000| Untracked 
| 111|0x0000000711e00000, 0x0000000711e00000, 0x0000000712000000|  0%| F|  |TAMS 0x0000000711e00000| PB 0x0000000711e00000| Untracked 
| 112|0x0000000712000000, 0x0000000712000000, 0x0000000712200000|  0%| F|  |TAMS 0x0000000712000000| PB 0x0000000712000000| Untracked 
| 113|0x0000000712200000, 0x0000000712200000, 0x0000000712400000|  0%| F|  |TAMS 0x0000000712200000| PB 0x0000000712200000| Untracked 
| 114|0x0000000712400000, 0x00000007124a83e0, 0x0000000712600000| 32%| E|  |TAMS 0x0000000712400000| PB 0x0000000712400000| Complete 
| 115|0x0000000712600000, 0x0000000712800000, 0x0000000712800000|100%| E|CS|TAMS 0x0000000712600000| PB 0x0000000712600000| Complete 
| 116|0x0000000712800000, 0x0000000712a00000, 0x0000000712a00000|100%| E|CS|TAMS 0x0000000712800000| PB 0x0000000712800000| Complete 
| 117|0x0000000712a00000, 0x0000000712c00000, 0x0000000712c00000|100%| E|CS|TAMS 0x0000000712a00000| PB 0x0000000712a00000| Complete 
| 118|0x0000000712c00000, 0x0000000712e00000, 0x0000000712e00000|100%| E|CS|TAMS 0x0000000712c00000| PB 0x0000000712c00000| Complete 
| 119|0x0000000712e00000, 0x0000000713000000, 0x0000000713000000|100%| E|CS|TAMS 0x0000000712e00000| PB 0x0000000712e00000| Complete 
| 120|0x0000000713000000, 0x0000000713200000, 0x0000000713200000|100%| E|CS|TAMS 0x0000000713000000| PB 0x0000000713000000| Complete 
| 121|0x0000000713200000, 0x0000000713400000, 0x0000000713400000|100%| E|CS|TAMS 0x0000000713200000| PB 0x0000000713200000| Complete 
| 122|0x0000000713400000, 0x0000000713600000, 0x0000000713600000|100%| E|CS|TAMS 0x0000000713400000| PB 0x0000000713400000| Complete 
| 123|0x0000000713600000, 0x0000000713800000, 0x0000000713800000|100%| E|CS|TAMS 0x0000000713600000| PB 0x0000000713600000| Complete 
| 124|0x0000000713800000, 0x0000000713a00000, 0x0000000713a00000|100%| E|CS|TAMS 0x0000000713800000| PB 0x0000000713800000| Complete 
| 125|0x0000000713a00000, 0x0000000713c00000, 0x0000000713c00000|100%| E|CS|TAMS 0x0000000713a00000| PB 0x0000000713a00000| Complete 

Card table byte_map: [0x000001a3f9120000,0x000001a3f9900000] _byte_map_base: 0x000001a3f5900000

Marking Bits: (CMBitMap*) 0x000001a3def6be00
 Bits: [0x000001a3f9900000, 0x000001a3fd800000)

Polling page: 0x000001a3e0ab0000

Metaspace:

Usage:
  Non-class:     12.09 MB used.
      Class:      1.62 MB used.
       Both:     13.71 MB used.

Virtual space:
  Non-class space:       64.00 MB reserved,      12.19 MB ( 19%) committed,  1 nodes.
      Class space:        1.00 GB reserved,       1.69 MB ( <1%) committed,  1 nodes.
             Both:        1.06 GB reserved,      13.88 MB (  1%) committed. 

Chunk freelists:
   Non-Class:  3.38 MB
       Class:  14.11 MB
        Both:  17.48 MB

MaxMetaspaceSize: unlimited
CompressedClassSpaceSize: 1.00 GB
Initial GC threshold: 21.00 MB
Current GC threshold: 21.00 MB
CDS: on
 - commit_granule_bytes: 65536.
 - commit_granule_words: 8192.
 - virtual_space_node_default_size: 8388608.
 - enlarge_chunks_in_place: 1.
 - use_allocation_guard: 0.


Internal statistics:

num_allocs_failed_limit: 0.
num_arena_births: 140.
num_arena_deaths: 0.
num_vsnodes_births: 2.
num_vsnodes_deaths: 0.
num_space_committed: 222.
num_space_uncommitted: 0.
num_chunks_returned_to_freelist: 0.
num_chunks_taken_from_freelist: 578.
num_chunk_merges: 0.
num_chunk_splits: 416.
num_chunks_enlarged: 339.
num_inconsistent_stats: 0.

CodeHeap 'non-profiled nmethods': size=120000Kb used=1178Kb max_used=1178Kb free=118821Kb
 bounds [0x000001a3f09b0000, 0x000001a3f0c20000, 0x000001a3f7ee0000]
CodeHeap 'profiled nmethods': size=120000Kb used=5529Kb max_used=5529Kb free=114470Kb
 bounds [0x000001a3e8ee0000, 0x000001a3e9450000, 0x000001a3f0410000]
CodeHeap 'non-nmethods': size=5760Kb used=1531Kb max_used=1557Kb free=4228Kb
 bounds [0x000001a3f0410000, 0x000001a3f0680000, 0x000001a3f09b0000]
 total_blobs=3272 nmethods=2786 adapters=390
 compilation: enabled
              stopped_count=0, restarted_count=0
 full_count=0

Compilation events (20 events):
Event: 104.952 Thread 0x000001a38020dd70 nmethod 2789 0x000001a3e9443810 code [0x000001a3e94439c0, 0x000001a3e9443af8]
Event: 104.952 Thread 0x000001a38020dd70 2790       3       java.util.concurrent.ConcurrentHashMap$EntryIterator::next (51 bytes)
Event: 104.953 Thread 0x000001a38020dd70 nmethod 2790 0x000001a3e9443b90 code [0x000001a3e9443d80, 0x000001a3e94442c8]
Event: 104.954 Thread 0x000001a380204c00 nmethod 2780 0x000001a3f0ad4d10 code [0x000001a3f0ad4f20, 0x000001a3f0ad54e8]
Event: 105.636 Thread 0x000001a38020dd70 2791       3       java.lang.String::toCharArray (25 bytes)
Event: 105.637 Thread 0x000001a38020dd70 nmethod 2791 0x000001a3e9444490 code [0x000001a3e9444660, 0x000001a3e9444910]
Event: 105.640 Thread 0x000001a380204c00 2792       4       java.lang.Character::isHighSurrogate (18 bytes)
Event: 105.641 Thread 0x000001a380204c00 nmethod 2792 0x000001a3f0ad5890 code [0x000001a3f0ad5a20, 0x000001a3f0ad5aa8]
Event: 105.641 Thread 0x000001a380204c00 2793       4       org.codehaus.plexus.util.xml.pull.MXParser::isValidCodePoint (64 bytes)
Event: 105.641 Thread 0x000001a380204c00 nmethod 2793 0x000001a3f0ad5b90 code [0x000001a3f0ad5d20, 0x000001a3f0ad5de8]
Event: 105.653 Thread 0x000001a38020dd70 2794       3       java.util.regex.Pattern$Slice::match (79 bytes)
Event: 105.654 Thread 0x000001a38020dd70 nmethod 2794 0x000001a3e9444a10 code [0x000001a3e9444c00, 0x000001a3e94450a0]
Event: 105.654 Thread 0x000001a38020dd70 2795       3       org.codehaus.plexus.util.xml.pull.MXParser::more (106 bytes)
Event: 105.654 Thread 0x000001a38020dd70 nmethod 2795 0x000001a3e9445290 code [0x000001a3e94454e0, 0x000001a3e9445c10]
Event: 105.654 Thread 0x000001a38020dd70 2796       3       java.lang.String::codePointAt (50 bytes)
Event: 105.655 Thread 0x000001a38020dd70 nmethod 2796 0x000001a3e9445f10 code [0x000001a3e9446100, 0x000001a3e9446568]
Event: 105.660 Thread 0x000001a380204c00 2797       4       sun.nio.cs.UTF_8$Decoder::xflow (31 bytes)
Event: 105.663 Thread 0x000001a380204c00 nmethod 2797 0x000001a3f0ad5e90 code [0x000001a3f0ad6060, 0x000001a3f0ad63e0]
Event: 105.666 Thread 0x000001a380204c00 2798       4       java.lang.invoke.MemberName::getModifiers (8 bytes)
Event: 105.667 Thread 0x000001a380204c00 nmethod 2798 0x000001a3f0ad6790 code [0x000001a3f0ad6920, 0x000001a3f0ad69b0]

GC Heap History (4 events):
Event: 29.945 GC heap before
{Heap before GC invocations=0 (full 0):
 garbage-first heap   total 258048K, used 22528K [0x0000000704000000, 0x0000000800000000)
  region size 2048K, 11 young (22528K), 0 survivors (0K)
 Metaspace       used 6041K, committed 6208K, reserved 1114112K
  class space    used 683K, committed 768K, reserved 1048576K
}
Event: 30.851 GC heap after
{Heap after GC invocations=1 (full 0):
 garbage-first heap   total 258048K, used 3754K [0x0000000704000000, 0x0000000800000000)
  region size 2048K, 2 young (4096K), 2 survivors (4096K)
 Metaspace       used 6041K, committed 6208K, reserved 1114112K
  class space    used 683K, committed 768K, reserved 1048576K
}
Event: 71.879 GC heap before
{Heap before GC invocations=1 (full 0):
 garbage-first heap   total 258048K, used 36522K [0x0000000704000000, 0x0000000800000000)
  region size 2048K, 18 young (36864K), 2 survivors (4096K)
 Metaspace       used 9995K, committed 10112K, reserved 1114112K
  class space    used 1163K, committed 1216K, reserved 1048576K
}
Event: 71.884 GC heap after
{Heap after GC invocations=2 (full 0):
 garbage-first heap   total 258048K, used 5579K [0x0000000704000000, 0x0000000800000000)
  region size 2048K, 1 young (2048K), 1 survivors (2048K)
 Metaspace       used 9995K, committed 10112K, reserved 1114112K
  class space    used 1163K, committed 1216K, reserved 1048576K
}

Dll operation events (12 events):
Event: 1.325 Loaded shared library C:\Program Files\Java\jdk-21.0.6\bin\java.dll
Event: 1.787 Loaded shared library C:\Program Files\Java\jdk-21.0.6\bin\jsvml.dll
Event: 2.803 Loaded shared library C:\Program Files\Java\jdk-21.0.6\bin\zip.dll
Event: 2.807 Loaded shared library C:\Program Files\Java\jdk-21.0.6\bin\instrument.dll
Event: 2.812 Loaded shared library C:\Program Files\Java\jdk-21.0.6\bin\net.dll
Event: 2.815 Loaded shared library C:\Program Files\Java\jdk-21.0.6\bin\nio.dll
Event: 2.938 Loaded shared library C:\Program Files\Java\jdk-21.0.6\bin\zip.dll
Event: 4.421 Loaded shared library C:\Program Files\JetBrains\IntelliJ IDEA 2023.3.4\bin\breakgen64.dll
Event: 4.763 Loaded shared library C:\Program Files\Java\jdk-21.0.6\bin\extnet.dll
Event: 6.616 Loaded shared library C:\Program Files\Java\jdk-21.0.6\bin\jimage.dll
Event: 15.318 Loaded shared library C:\Users\DELL\AppData\Local\Temp\jansi-2.4.1-681698f93748d764-jansi.dll
Event: 15.348 Loaded shared library C:\Program Files\Java\jdk-21.0.6\bin\verify.dll

Deoptimization events (20 events):
Event: 104.928 Thread 0x000001a3def04420 Uncommon trap: trap_request=0xffffff45 fr.pc=0x000001a3f0a9cd4c relative=0x000000000000188c
Event: 104.928 Thread 0x000001a3def04420 Uncommon trap: reason=unstable_if action=reinterpret pc=0x000001a3f0a9cd4c method=jdk.internal.org.objectweb.asm.Frame.execute(IILjdk/internal/org/objectweb/asm/Symbol;Ljdk/internal/org/objectweb/asm/SymbolTable;)V @ 1 c2
Event: 104.928 Thread 0x000001a3def04420 DEOPT PACKING pc=0x000001a3f0a9cd4c sp=0x00000062169f9470
Event: 104.928 Thread 0x000001a3def04420 DEOPT UNPACKING pc=0x000001a3f0467da2 sp=0x00000062169f93d8 mode 2
Event: 104.928 Thread 0x000001a3def04420 Uncommon trap: trap_request=0xffffff45 fr.pc=0x000001a3f0a8c364 relative=0x0000000000000324
Event: 104.928 Thread 0x000001a3def04420 Uncommon trap: reason=unstable_if action=reinterpret pc=0x000001a3f0a8c364 method=jdk.internal.org.objectweb.asm.SymbolTable.put(Ljdk/internal/org/objectweb/asm/SymbolTable$Entry;)Ljdk/internal/org/objectweb/asm/SymbolTable$Entry; @ 13 c2
Event: 104.928 Thread 0x000001a3def04420 DEOPT PACKING pc=0x000001a3f0a8c364 sp=0x00000062169f9110
Event: 104.928 Thread 0x000001a3def04420 DEOPT UNPACKING pc=0x000001a3f0467da2 sp=0x00000062169f9090 mode 2
Event: 104.946 Thread 0x000001a3def04420 Uncommon trap: trap_request=0xffffff45 fr.pc=0x000001a3f0ad00a8 relative=0x0000000000000b28
Event: 104.946 Thread 0x000001a3def04420 Uncommon trap: reason=unstable_if action=reinterpret pc=0x000001a3f0ad00a8 method=org.eclipse.sisu.inject.InjectorBindings.isAssignableFrom(Lcom/google/inject/TypeLiteral;Lcom/google/inject/Binding;)Z @ 15 c2
Event: 104.946 Thread 0x000001a3def04420 DEOPT PACKING pc=0x000001a3f0ad00a8 sp=0x00000062169fd760
Event: 104.946 Thread 0x000001a3def04420 DEOPT UNPACKING pc=0x000001a3f0467da2 sp=0x00000062169fd730 mode 2
Event: 105.642 Thread 0x000001a3def04420 Uncommon trap: trap_request=0xffffff45 fr.pc=0x000001a3f0a392a0 relative=0x00000000000008a0
Event: 105.642 Thread 0x000001a3def04420 Uncommon trap: reason=unstable_if action=reinterpret pc=0x000001a3f0a392a0 method=sun.nio.cs.StreamDecoder.implRead([CII)I @ 36 c2
Event: 105.642 Thread 0x000001a3def04420 DEOPT PACKING pc=0x000001a3f0a392a0 sp=0x00000062169fe170
Event: 105.642 Thread 0x000001a3def04420 DEOPT UNPACKING pc=0x000001a3f0467da2 sp=0x00000062169fe130 mode 2
Event: 105.642 Thread 0x000001a3def04420 Uncommon trap: trap_request=0x000000e1 fr.pc=0x000001a3f09e7884 relative=0x00000000000000e4
Event: 105.642 Thread 0x000001a3def04420 Uncommon trap: reason=unloaded action=reinterpret pc=0x000001a3f09e7884 method=org.codehaus.plexus.util.xml.pull.MXParser.more()C @ 22 c2
Event: 105.642 Thread 0x000001a3def04420 DEOPT PACKING pc=0x000001a3f09e7884 sp=0x00000062169fe520
Event: 105.643 Thread 0x000001a3def04420 DEOPT UNPACKING pc=0x000001a3f0467da2 sp=0x00000062169fe4c0 mode 2

Classes loaded (20 events):
Event: 104.910 Loading class java/security/DrbgParameters$Capability
Event: 104.910 Loading class java/security/DrbgParameters$Capability done
Event: 104.910 Loading class sun/security/provider/MoreDrbgParameters
Event: 104.910 Loading class sun/security/provider/MoreDrbgParameters done
Event: 104.910 Loading class java/security/DrbgParameters
Event: 104.910 Loading class java/security/DrbgParameters done
Event: 104.910 Loading class java/security/DrbgParameters$Instantiation
Event: 104.910 Loading class java/security/DrbgParameters$Instantiation done
Event: 104.910 Loading class sun/security/provider/HashDrbg
Event: 104.910 Loading class sun/security/provider/AbstractHashDrbg
Event: 104.910 Loading class sun/security/provider/AbstractDrbg
Event: 104.910 Loading class sun/security/provider/AbstractDrbg done
Event: 104.911 Loading class sun/security/provider/AbstractHashDrbg done
Event: 104.911 Loading class sun/security/provider/HashDrbg done
Event: 104.911 Loading class sun/security/provider/EntropySource
Event: 104.911 Loading class sun/security/provider/EntropySource done
Event: 105.652 Loading class java/lang/ProcessEnvironment$CheckedKeySet
Event: 105.652 Loading class java/lang/ProcessEnvironment$CheckedKeySet done
Event: 105.666 Loading class java/util/concurrent/ArrayBlockingQueue
Event: 105.666 Loading class java/util/concurrent/ArrayBlockingQueue done

Classes unloaded (0 events):
No events

Classes redefined (0 events):
No events

Internal exceptions (20 events):
Event: 24.993 Thread 0x000001a3def04420 Exception <a 'java/lang/NoSuchMethodError'{0x0000000712a56678}: 'java.lang.Object java.lang.invoke.DirectMethodHandle$Holder.invokeInterface(java.lang.Object, java.lang.Object)'> (0x0000000712a56678) 
thrown [s\open\src\hotspot\share\interpreter\linkResolver.cpp, line 773]
Event: 26.229 Thread 0x000001a3def04420 Exception <a 'java/lang/NoSuchMethodError'{0x0000000712af4570}: 'int java.lang.invoke.DirectMethodHandle$Holder.invokeStatic(java.lang.Object, java.lang.Object, java.lang.Object, java.lang.Object)'> (0x0000000712af4570) 
thrown [s\open\src\hotspot\share\interpreter\linkResolver.cpp, line 773]
Event: 26.230 Thread 0x000001a3def04420 Exception <a 'java/lang/NoSuchMethodError'{0x0000000712af7c00}: 'java.lang.Object java.lang.invoke.Invokers$Holder.invokeExact_MT(java.lang.Object, java.lang.Object, java.lang.Object, java.lang.Object, java.lang.Object, java.lang.Object)'> (0x0000000712af7c00) 
thrown [s\open\src\hotspot\share\interpreter\linkResolver.cpp, line 773]
Event: 26.235 Thread 0x000001a3def04420 Exception <a 'java/lang/NoSuchMethodError'{0x0000000712b063e8}: 'int java.lang.invoke.DirectMethodHandle$Holder.invokeSpecialIFC(java.lang.Object, java.lang.Object, java.lang.Object, java.lang.Object, java.lang.Object)'> (0x0000000712b063e8) 
thrown [s\open\src\hotspot\share\interpreter\linkResolver.cpp, line 773]
Event: 28.438 Thread 0x000001a3def04420 Exception <a 'java/lang/NoSuchMethodError'{0x000000071289a708}: 'java.lang.Object java.lang.invoke.DirectMethodHandle$Holder.newInvokeSpecial(java.lang.Object, java.lang.Object, java.lang.Object, java.lang.Object, java.lang.Object)'> (0x000000071289a708) 
thrown [s\open\src\hotspot\share\interpreter\linkResolver.cpp, line 773]
Event: 29.154 Thread 0x000001a3def04420 Exception <a 'java/lang/NoSuchMethodError'{0x000000071299df08}: 'int java.lang.invoke.DirectMethodHandle$Holder.invokeStaticInit(java.lang.Object, java.lang.Object)'> (0x000000071299df08) 
thrown [s\open\src\hotspot\share\interpreter\linkResolver.cpp, line 773]
Event: 29.174 Thread 0x000001a3def04420 Exception <a 'java/lang/NoClassDefFoundError'{0x00000007129d57b8}: javax/enterprise/inject/Typed> (0x00000007129d57b8) 
thrown [s\open\src\hotspot\share\classfile\systemDictionary.cpp, line 301]
Event: 81.026 Thread 0x000001a3def04420 Exception <a 'java/lang/NoSuchMethodError'{0x000000071340b820}: 'void java.lang.invoke.DirectMethodHandle$Holder.invokeStaticInit(java.lang.Object, java.lang.Object, java.lang.Object)'> (0x000000071340b820) 
thrown [s\open\src\hotspot\share\interpreter\linkResolver.cpp, line 773]
Event: 81.033 Thread 0x000001a3def04420 Exception <a 'java/lang/ExceptionInInitializerError'{0x0000000713434f38}> (0x0000000713434f38) 
thrown [s\open\src\hotspot\share\oops\instanceKlass.cpp, line 1192]
Event: 82.711 Thread 0x000001a3def04420 Exception <a 'java/lang/NoSuchMethodError'{0x0000000713546078}: 'long java.lang.invoke.DirectMethodHandle$Holder.invokeStatic(java.lang.Object, java.lang.Object, int)'> (0x0000000713546078) 
thrown [s\open\src\hotspot\share\interpreter\linkResolver.cpp, line 773]
Event: 83.824 Thread 0x000001a3def04420 Exception <a 'java/lang/NoSuchMethodError'{0x00000007135593b0}: 'java.lang.Object java.lang.invoke.DirectMethodHandle$Holder.invokeStatic(java.lang.Object, java.lang.Object, java.lang.Object, java.lang.Object, int)'> (0x00000007135593b0) 
thrown [s\open\src\hotspot\share\interpreter\linkResolver.cpp, line 773]
Event: 83.826 Thread 0x000001a3def04420 Exception <a 'java/lang/NoSuchMethodError'{0x00000007135612e8}: 'java.lang.Object java.lang.invoke.DirectMethodHandle$Holder.invokeSpecial(java.lang.Object, java.lang.Object, java.lang.Object, java.lang.Object, long)'> (0x00000007135612e8) 
thrown [s\open\src\hotspot\share\interpreter\linkResolver.cpp, line 773]
Event: 83.827 Thread 0x000001a3def04420 Exception <a 'java/lang/NoSuchMethodError'{0x000000071356ce08}: 'java.lang.Object java.lang.invoke.DirectMethodHandle$Holder.invokeSpecial(java.lang.Object, java.lang.Object, java.lang.Object, int, java.lang.Object)'> (0x000000071356ce08) 
thrown [s\open\src\hotspot\share\interpreter\linkResolver.cpp, line 773]
Event: 83.828 Thread 0x000001a3def04420 Exception <a 'java/lang/NoSuchMethodError'{0x0000000713574f48}: 'int java.lang.invoke.DirectMethodHandle$Holder.invokeSpecial(java.lang.Object, java.lang.Object, java.lang.Object, int)'> (0x0000000713574f48) 
thrown [s\open\src\hotspot\share\interpreter\linkResolver.cpp, line 773]
Event: 83.839 Thread 0x000001a3def04420 Implicit null exception at 0x000001a3f0a48f5d to 0x000001a3f0a49168
Event: 83.852 Thread 0x000001a3def04420 Exception <a 'java/lang/NoSuchMethodError'{0x0000000713599ab8}: 'java.lang.Object java.lang.invoke.Invokers$Holder.invokeExact_MT(java.lang.Object, int, java.lang.Object)'> (0x0000000713599ab8) 
thrown [s\open\src\hotspot\share\interpreter\linkResolver.cpp, line 773]
Event: 97.887 Thread 0x000001a3def04420 Exception <a 'java/lang/NoSuchMethodError'{0x0000000712dc55d0}: 'void java.lang.invoke.Invokers$Holder.invokeExact_MT(java.lang.Object, java.lang.Object, java.lang.Object, java.lang.Object)'> (0x0000000712dc55d0) 
thrown [s\open\src\hotspot\share\interpreter\linkResolver.cpp, line 773]
Event: 98.670 Thread 0x000001a3def04420 Exception <a 'java/lang/NoClassDefFoundError'{0x0000000712a5b568}: com/google/inject/servlet/ServletModuleTargetVisitor> (0x0000000712a5b568) 
thrown [s\open\src\hotspot\share\classfile\systemDictionary.cpp, line 301]
Event: 103.309 Thread 0x000001a3def04420 Exception <a 'java/lang/NoSuchMethodError'{0x000000071290ada8}: 'void java.lang.invoke.DirectMethodHandle$Holder.invokeVirtual(java.lang.Object, java.lang.Object)'> (0x000000071290ada8) 
thrown [s\open\src\hotspot\share\interpreter\linkResolver.cpp, line 773]
Event: 104.911 Thread 0x000001a3def04420 Exception <a 'java/lang/NoSuchMethodError'{0x00000007129998b0}: 'java.lang.Object java.lang.invoke.DirectMethodHandle$Holder.invokeStaticInit(java.lang.Object, int, int, int, int)'> (0x00000007129998b0) 
thrown [s\open\src\hotspot\share\interpreter\linkResolver.cpp, line 773]

ZGC Phase Switch (0 events):
No events

VM Operations (20 events):
Event: 96.760 Executing VM operation: Cleanup done
Event: 96.960 Executing VM operation: HandshakeAllThreads (Deoptimize)
Event: 96.960 Executing VM operation: HandshakeAllThreads (Deoptimize) done
Event: 97.966 Executing VM operation: Cleanup
Event: 98.644 Executing VM operation: Cleanup done
Event: 99.657 Executing VM operation: Cleanup
Event: 99.783 Executing VM operation: Cleanup done
Event: 100.790 Executing VM operation: Cleanup
Event: 102.056 Executing VM operation: Cleanup done
Event: 103.067 Executing VM operation: Cleanup
Event: 103.291 Executing VM operation: Cleanup done
Event: 103.859 Executing VM operation: HandshakeAllThreads (Deoptimize)
Event: 103.859 Executing VM operation: HandshakeAllThreads (Deoptimize) done
Event: 104.870 Executing VM operation: Cleanup
Event: 104.886 Executing VM operation: Cleanup done
Event: 104.927 Executing VM operation: HandshakeAllThreads (Deoptimize)
Event: 104.927 Executing VM operation: HandshakeAllThreads (Deoptimize) done
Event: 105.645 Executing VM operation: HandshakeAllThreads (Deoptimize)
Event: 105.645 Executing VM operation: HandshakeAllThreads (Deoptimize) done
Event: 106.651 Executing VM operation: Cleanup

Events (20 events):
Event: 1.353 Thread 0x000001a3def04420 Thread added: 0x000001a3def04420
Event: 1.782 Thread 0x000001a3801f1ef0 Thread added: 0x000001a3801f1ef0
Event: 1.783 Thread 0x000001a3801f75d0 Thread added: 0x000001a3801f75d0
Event: 1.783 Thread 0x000001a3801fa640 Thread added: 0x000001a3801fa640
Event: 1.784 Thread 0x000001a380201470 Thread added: 0x000001a380201470
Event: 1.784 Thread 0x000001a380201ad0 Thread added: 0x000001a380201ad0
Event: 1.784 Thread 0x000001a380202130 Thread added: 0x000001a380202130
Event: 1.784 Thread 0x000001a380204c00 Thread added: 0x000001a380204c00
Event: 1.893 Thread 0x000001a38020dd70 Thread added: 0x000001a38020dd70
Event: 2.466 Thread 0x000001a3801c73b0 Thread added: 0x000001a3801c73b0
Event: 4.422 Thread 0x000001a38064aba0 Thread added: 0x000001a38064aba0
Event: 4.422 Thread 0x000001a38064b200 Thread added: 0x000001a38064b200
Event: 6.612 Thread 0x000001a38082cdf0 Thread added: 0x000001a38082cdf0
Event: 24.945 Thread 0x000001a38082cdf0 Thread exited: 0x000001a38082cdf0
Event: 29.824 Thread 0x000001a3c6587870 Thread added: 0x000001a3c6587870
Event: 30.853 Thread 0x000001a3c6129070 Thread added: 0x000001a3c6129070
Event: 31.208 Thread 0x000001a3c6129070 Thread exited: 0x000001a3c6129070
Event: 31.900 Thread 0x000001a3c6587870 Thread exited: 0x000001a3c6587870
Event: 102.144 Thread 0x000001a3c6276f40 Thread added: 0x000001a3c6276f40
Event: 102.727 Thread 0x000001a3c6276f40 Thread exited: 0x000001a3c6276f40


Dynamic libraries:
0x00007ff7e26f0000 - 0x00007ff7e2700000 	C:\Program Files\Java\jdk-21.0.6\bin\java.exe
0x00007ffbc1e40000 - 0x00007ffbc20a0000 	C:\WINDOWS\SYSTEM32\ntdll.dll
0x00007ffbc0980000 - 0x00007ffbc0a47000 	C:\WINDOWS\System32\KERNEL32.DLL
0x00007ffbbf020000 - 0x00007ffbbf3ea000 	C:\WINDOWS\System32\KERNELBASE.dll
0x00007ffbbf810000 - 0x00007ffbbf95b000 	C:\WINDOWS\System32\ucrtbase.dll
0x00007ffba0ac0000 - 0x00007ffba0adb000 	C:\Program Files\Java\jdk-21.0.6\bin\VCRUNTIME140.dll
0x00007ffb815c0000 - 0x00007ffb815d9000 	C:\Program Files\Java\jdk-21.0.6\bin\jli.dll
0x00007ffbc0450000 - 0x00007ffbc0502000 	C:\WINDOWS\System32\ADVAPI32.dll
0x00007ffbc02c0000 - 0x00007ffbc0369000 	C:\WINDOWS\System32\msvcrt.dll
0x00007ffbbff10000 - 0x00007ffbbffb6000 	C:\WINDOWS\System32\sechost.dll
0x00007ffbc0860000 - 0x00007ffbc0976000 	C:\WINDOWS\System32\RPCRT4.dll
0x00007ffbbfc40000 - 0x00007ffbbfe0c000 	C:\WINDOWS\System32\USER32.dll
0x00007ffbbf3f0000 - 0x00007ffbbf417000 	C:\WINDOWS\System32\win32u.dll
0x00007ffbc18f0000 - 0x00007ffbc191a000 	C:\WINDOWS\System32\GDI32.dll
0x00007ffbbf620000 - 0x00007ffbbf751000 	C:\WINDOWS\System32\gdi32full.dll
0x00007ffbbf760000 - 0x00007ffbbf803000 	C:\WINDOWS\System32\msvcp_win.dll
0x00007ffba5240000 - 0x00007ffba54d7000 	C:\WINDOWS\WinSxS\amd64_microsoft.windows.common-controls_6595b64144ccf1df_6.0.26100.3624_none_3e086962e3345f24\COMCTL32.dll
0x00007ffbaee60000 - 0x00007ffbaee6b000 	C:\WINDOWS\SYSTEM32\VERSION.dll
0x00007ffbc0820000 - 0x00007ffbc084f000 	C:\WINDOWS\System32\IMM32.DLL
0x00007ffbb0a50000 - 0x00007ffbb0a5c000 	C:\Program Files\Java\jdk-21.0.6\bin\vcruntime140_1.dll
0x00007ffb77ad0000 - 0x00007ffb77b5e000 	C:\Program Files\Java\jdk-21.0.6\bin\msvcp140.dll
0x00007ffb58f30000 - 0x00007ffb59c4a000 	C:\Program Files\Java\jdk-21.0.6\bin\server\jvm.dll
0x00007ffbc0b30000 - 0x00007ffbc0ba4000 	C:\WINDOWS\System32\WS2_32.dll
0x00007ffbbe6d0000 - 0x00007ffbbe72e000 	C:\WINDOWS\SYSTEM32\POWRPROF.dll
0x00007ffbb7340000 - 0x00007ffbb7376000 	C:\WINDOWS\SYSTEM32\WINMM.dll
0x00007ffbbe6b0000 - 0x00007ffbbe6c4000 	C:\WINDOWS\SYSTEM32\UMPDC.dll
0x00007ffbbdd90000 - 0x00007ffbbddaa000 	C:\WINDOWS\SYSTEM32\kernel.appcore.dll
0x00007ffba0c80000 - 0x00007ffba0c8a000 	C:\Program Files\Java\jdk-21.0.6\bin\jimage.dll
0x000000005fc40000 - 0x000000005fdd6000 	C:\Program Files\Microsoft SQL Server\110\Shared\DBGHELP.DLL
0x00007ffbb9d50000 - 0x00007ffbb9d5f000 	C:\Program Files\Java\jdk-21.0.6\bin\instrument.dll
0x00007ffb815a0000 - 0x00007ffb815bf000 	C:\Program Files\Java\jdk-21.0.6\bin\java.dll
0x00007ffbc1080000 - 0x00007ffbc17a9000 	C:\WINDOWS\System32\SHELL32.dll
0x00007ffbbf4b0000 - 0x00007ffbbf618000 	C:\WINDOWS\System32\wintypes.dll
0x00007ffbc1920000 - 0x00007ffbc1ca2000 	C:\WINDOWS\System32\combase.dll
0x00007ffbbcc80000 - 0x00007ffbbd4d2000 	C:\WINDOWS\SYSTEM32\windows.storage.dll
0x00007ffbc1800000 - 0x00007ffbc18ed000 	C:\WINDOWS\System32\SHCORE.dll
0x00007ffbc1cb0000 - 0x00007ffbc1d14000 	C:\WINDOWS\System32\shlwapi.dll
0x00007ffbbef30000 - 0x00007ffbbef5f000 	C:\WINDOWS\SYSTEM32\profapi.dll
0x00007ffb6cb30000 - 0x00007ffb6cc07000 	C:\Program Files\Java\jdk-21.0.6\bin\jsvml.dll
0x00007ffb81440000 - 0x00007ffb81458000 	C:\Program Files\Java\jdk-21.0.6\bin\zip.dll
0x00007ffb96630000 - 0x00007ffb96640000 	C:\Program Files\Java\jdk-21.0.6\bin\net.dll
0x00007ffbb9120000 - 0x00007ffbb923d000 	C:\WINDOWS\SYSTEM32\WINHTTP.dll
0x00007ffbbe2f0000 - 0x00007ffbbe35a000 	C:\WINDOWS\system32\mswsock.dll
0x00007ffb81530000 - 0x00007ffb81546000 	C:\Program Files\Java\jdk-21.0.6\bin\nio.dll
0x00007ffbb9990000 - 0x00007ffbb99aa000 	C:\Program Files\JetBrains\IntelliJ IDEA 2023.3.4\bin\breakgen64.dll
0x00007ffb8f2e0000 - 0x00007ffb8f2e9000 	C:\Program Files\Java\jdk-21.0.6\bin\extnet.dll
0x00007ffb6def0000 - 0x00007ffb6df14000 	C:\Users\DELL\AppData\Local\Temp\jansi-2.4.1-681698f93748d764-jansi.dll
0x00007ffb81fe0000 - 0x00007ffb81ff0000 	C:\Program Files\Java\jdk-21.0.6\bin\verify.dll

dbghelp: loaded successfully - version: 4.0.5 - missing functions: none
symbol engine: initialized successfully - sym options: 0x614 - pdb path: .;C:\Program Files\Java\jdk-21.0.6\bin;C:\WINDOWS\SYSTEM32;C:\WINDOWS\WinSxS\amd64_microsoft.windows.common-controls_6595b64144ccf1df_6.0.26100.3624_none_3e086962e3345f24;C:\Program Files\Java\jdk-21.0.6\bin\server;C:\Program Files\Microsoft SQL Server\110\Shared;C:\Program Files\JetBrains\IntelliJ IDEA 2023.3.4\bin;C:\Users\DELL\AppData\Local\Temp

VM Arguments:
jvm_args: -Dmaven.multiModuleProjectDirectory=C:\Users\DELL\Desktop\angular Project\backEnd\carsAgence -Djansi.passthrough=true -Dmaven.home=C:\Users\DELL\.m2\wrapper\dists\apache-maven-3.9.9-bin\4nf9hui3q3djbarqar9g711ggc\apache-maven-3.9.9 -Dclassworlds.conf=C:\Users\DELL\.m2\wrapper\dists\apache-maven-3.9.9-bin\4nf9hui3q3djbarqar9g711ggc\apache-maven-3.9.9\bin\m2.conf -Dmaven.ext.class.path=C:\Program Files\JetBrains\IntelliJ IDEA 2023.3.4\plugins\maven\lib\maven-event-listener.jar -javaagent:C:\Program Files\JetBrains\IntelliJ IDEA 2023.3.4\lib\idea_rt.jar=52341:C:\Program Files\JetBrains\IntelliJ IDEA 2023.3.4\bin -Dfile.encoding=UTF-8 -Dsun.stdout.encoding=UTF-8 -Dsun.stderr.encoding=UTF-8 
java_command: org.codehaus.classworlds.Launcher -Didea.version=2023.3.4 clean install
java_class_path (initial): C:\Users\DELL\.m2\wrapper\dists\apache-maven-3.9.9-bin\4nf9hui3q3djbarqar9g711ggc\apache-maven-3.9.9\boot\plexus-classworlds-2.8.0.jar;C:\Users\DELL\.m2\wrapper\dists\apache-maven-3.9.9-bin\4nf9hui3q3djbarqar9g711ggc\apache-maven-3.9.9\boot\plexus-classworlds.license
Launcher Type: SUN_STANDARD

[Global flags]
     intx CICompilerCount                          = 4                                         {product} {ergonomic}
     uint ConcGCThreads                            = 2                                         {product} {ergonomic}
     uint G1ConcRefinementThreads                  = 8                                         {product} {ergonomic}
   size_t G1HeapRegionSize                         = 2097152                                   {product} {ergonomic}
    uintx GCDrainStackTargetSize                   = 64                                        {product} {ergonomic}
   size_t InitialHeapSize                          = 264241152                                 {product} {ergonomic}
   size_t MarkStackSize                            = 4194304                                   {product} {ergonomic}
   size_t MaxHeapSize                              = 4227858432                                {product} {ergonomic}
   size_t MaxNewSize                               = 2535456768                                {product} {ergonomic}
   size_t MinHeapDeltaBytes                        = 2097152                                   {product} {ergonomic}
   size_t MinHeapSize                              = 8388608                                   {product} {ergonomic}
    uintx NonNMethodCodeHeapSize                   = 5839372                                {pd product} {ergonomic}
    uintx NonProfiledCodeHeapSize                  = 122909434                              {pd product} {ergonomic}
    uintx ProfiledCodeHeapSize                     = 122909434                              {pd product} {ergonomic}
    uintx ReservedCodeCacheSize                    = 251658240                              {pd product} {ergonomic}
     bool SegmentedCodeCache                       = true                                      {product} {ergonomic}
   size_t SoftMaxHeapSize                          = 4227858432                             {manageable} {ergonomic}
     bool UseCompressedOops                        = true                           {product lp64_product} {ergonomic}
     bool UseG1GC                                  = true                                      {product} {ergonomic}
     bool UseLargePagesIndividualAllocation        = false                                  {pd product} {ergonomic}

Logging:
Log output configuration:
 #0: stdout all=warning uptime,level,tags foldmultilines=false
 #1: stderr all=off uptime,level,tags foldmultilines=false

Environment Variables:
PATH=C:\PySchool\3.10-32-bit\Scripts;C:\PySchool\3.10-32-bit;C:\oraclexe\app\oracle\product\11.2.0\server\bin;C:\Program Files (x86)\VMware\VMware Workstation\bin\;C:\Program Files\Common Files\Siemens\Automation\Simatic OAM\bin;C:\WINDOWS\system32;C:\WINDOWS;C:\WINDOWS\System32\Wbem;C:\WINDOWS\System32\WindowsPowerShell\v1.0\;C:\WINDOWS\System32\OpenSSH\;C:\Program Files (x86)\Microchip\MPLAB C32 Suite\bin;c:\Program Files (x86)\Microsoft SQL Server\100\Tools\Binn\;c:\Program Files\Microsoft SQL Server\100\Tools\Binn\;c:\Program Files\Microsoft SQL Server\100\DTS\Binn\;C:\Users\DELL\AppData\Local\Programs\Python\Python311;C:\Users\DELL\AppData\Local\Programs\Python\Python311\Scripts;C:\wamp64\bin\php\php8.2.0;C:\wamp64\bin;C:\Program Files\Git\cmd;C:\Program Files\dotnet\;C:\Program Files\Docker\Docker\resources\bin;C:\Users\DELL\AppData\Local\nvm;C:\nvm4w\nodejs;C:\Program Files\Microsoft SQL Server\150\Tools\Binn\;C:\Program Files\Microsoft SQL Server\Client SDK\ODBC\170\Tools\Binn\;C:\Program Files (x86)\Windows Kits\10\Windows Performance Toolkit\;C:\Program Files\Microsoft SQL Server\110\DTS\Binn\;C:\Program Files (x86)\Microsoft SQL Server\110\Tools\Binn\;C:\Program Files\Microsoft SQL Server\110\Tools\Binn\;C:\Program Files (x86)\Microsoft SQL Server\110\Tools\Binn\ManagementStudio\;C:\Program Files (x86)\Microsoft Visual Studio 10.0\Common7\IDE\PrivateAssemblies\;C:\Program Files (x86)\Microsoft SQL Server\110\DTS\Binn\;C:\Program Files\Java\jdk-21.0.6\bin;C:\Users\DELL\scoop\shims;C:\Users\DELL\AppData\Local\Microsoft\WindowsApps;C:\phpm\php-8.2.3 (1);C:\Program Files\JetBrains\PhpStorm 2023.1\bin;;C:\wamp64\bin;C:\Users\DELL\AppData\Local\Programs\Microsoft VS Code\bin;C:\Users\DELL\AppData\Roaming\npm;C:\Users\DELL\AppData\Local\nvm;C:\nvm4w\nodejs;C:\Users\DELL\.dotnet\tools;C:\Users\DELL\AppData\Local\Programs\cursor\resources\app\bin
USERNAME=DELL
OS=Windows_NT
PROCESSOR_IDENTIFIER=Intel64 Family 6 Model 140 Stepping 1, GenuineIntel
TMP=C:\Users\DELL\AppData\Local\Temp
TEMP=C:\Users\DELL\AppData\Local\Temp




Periodic native trim disabled

---------------  S Y S T E M  ---------------

OS:
 Windows 11 , 64 bit Build 26100 (10.0.26100.3775)
OS uptime: 1 days 17:54 hours
Hyper-V role detected

CPU: total 8 (initial active 8) (4 cores per cpu, 2 threads per core) family 6 model 140 stepping 1 microcode 0xba, cx8, cmov, fxsr, ht, mmx, 3dnowpref, sse, sse2, sse3, ssse3, sse4.1, sse4.2, popcnt, lzcnt, tsc, tscinvbit, avx, avx2, aes, erms, clmul, bmi1, bmi2, adx, avx512f, avx512dq, avx512cd, avx512bw, avx512vl, sha, fma, vzeroupper, avx512_vpopcntdq, avx512_vpclmulqdq, avx512_vaes, avx512_vnni, clflush, clflushopt, clwb, avx512_vbmi2, avx512_vbmi, hv, rdtscp, rdpid, fsrm, gfni, avx512_bitalg, f16c, cet_ibt, cet_ss, avx512_ifma
Processor Information for all 8 processors :
  Max Mhz: 2419, Current Mhz: 2419, Mhz Limit: 2419

Memory: 4k page, system-wide physical 16126M (1098M free)
TotalPageFile size 65278M (AvailPageFile size 0M)
current process WorkingSet (physical memory assigned to process): 75M, peak: 98M
current process commit charge ("private bytes"): 368M, peak: 373M

vm_info: Java HotSpot(TM) 64-Bit Server VM (21.0.6+8-LTS-188) for windows-amd64 JRE (21.0.6+8-LTS-188), built on 2024-12-03T10:50:54Z by "mach5one" with MS VC++ 17.6 (VS2022)

END.
