#
# There is insufficient memory for the Java Runtime Environment to continue.
# Native memory allocation (malloc) failed to allocate 32744 bytes for Chunk::new
# Possible reasons:
#   The system is out of physical RAM or swap space
#   The process is running with CompressedOops enabled, and the Java Heap may be blocking the growth of the native heap
# Possible solutions:
#   Reduce memory load on the system
#   Increase physical memory or swap space
#   Check if swap backing store is full
#   Decrease Java heap size (-Xmx/-Xms)
#   Decrease number of Java threads
#   Decrease Java thread stack sizes (-Xss)
#   Set larger code cache with -XX:ReservedCodeCacheSize=
#   JVM is running with Zero Based Compressed Oops mode in which the Java heap is
#     placed in the first 32GB address space. The Java Heap base address is the
#     maximum limit for the native heap growth. Please use -XX:HeapBaseMinAddress
#     to set the Java Heap base and to place the Java Heap above 32GB virtual address.
# This output file may be truncated or incomplete.
#
#  Out of Memory Error (arena.cpp:168), pid=27404, tid=31488
#
# JRE version: Java(TM) SE Runtime Environment (21.0.6+8) (build 21.0.6+8-LTS-188)
# Java VM: Java HotSpot(TM) 64-Bit Server VM (21.0.6+8-LTS-188, mixed mode, sharing, tiered, compressed oops, compressed class ptrs, g1 gc, windows-amd64)
# No core dump will be written. Minidumps are not enabled by default on client versions of Windows
#

---------------  S U M M A R Y ------------

Command Line: -Dmaven.multiModuleProjectDirectory=C:\Users\DELL\Desktop\angular Project\backEnd\carsAgence -Djansi.passthrough=true -Dmaven.home=C:\Users\DELL\.m2\wrapper\dists\apache-maven-3.9.9-bin\4nf9hui3q3djbarqar9g711ggc\apache-maven-3.9.9 -Dclassworlds.conf=C:\Users\DELL\.m2\wrapper\dists\apache-maven-3.9.9-bin\4nf9hui3q3djbarqar9g711ggc\apache-maven-3.9.9\bin\m2.conf -Dmaven.ext.class.path=C:\Program Files\JetBrains\IntelliJ IDEA 2023.3.4\plugins\maven\lib\maven-event-listener.jar -javaagent:C:\Program Files\JetBrains\IntelliJ IDEA 2023.3.4\lib\idea_rt.jar=52415:C:\Program Files\JetBrains\IntelliJ IDEA 2023.3.4\bin -Dfile.encoding=UTF-8 -Dsun.stdout.encoding=UTF-8 -Dsun.stderr.encoding=UTF-8 org.codehaus.classworlds.Launcher -Didea.version=2023.3.4 clean install

Host: 11th Gen Intel(R) Core(TM) i5-1135G7 @ 2.40GHz, 8 cores, 15G,  Windows 11 , 64 bit Build 26100 (10.0.26100.3775)
Time: Tue Apr 22 17:31:55 2025 Afr. centrale Ouest elapsed time: 95.225733 seconds (0d 0h 1m 35s)

---------------  T H R E A D  ---------------

Current thread (0x0000020c7f5f3d80):  JavaThread "C1 CompilerThread0" daemon [_thread_in_native, id=31488, stack(0x000000a6f6100000,0x000000a6f6200000) (1024K)]


Current CompileTask:
C1:  95225 1217       3       org.codehaus.plexus.util.InterpolationFilterReader::read (477 bytes)

Stack: [0x000000a6f6100000,0x000000a6f6200000]
Native frames: (J=compiled Java code, j=interpreted, Vv=VM code, C=native code)
V  [jvm.dll+0x6ca6d9]
V  [jvm.dll+0x854f51]
V  [jvm.dll+0x85747e]
V  [jvm.dll+0x857b53]
V  [jvm.dll+0x27dcc6]
V  [jvm.dll+0xc4c2d]
V  [jvm.dll+0xc5163]
V  [jvm.dll+0x6b6c83]
V  [jvm.dll+0x19862e]
V  [jvm.dll+0x19664d]
V  [jvm.dll+0x1969fa]
V  [jvm.dll+0x19889e]
V  [jvm.dll+0x153613]
V  [jvm.dll+0x152e58]
V  [jvm.dll+0x1530a4]
V  [jvm.dll+0x1524d6]
V  [jvm.dll+0x1542ad]
V  [jvm.dll+0x2554f9]
V  [jvm.dll+0x253a8a]
V  [jvm.dll+0x3ee576]
V  [jvm.dll+0x7ff2fb]
V  [jvm.dll+0x6c8dbd]
C  [ucrtbase.dll+0x37b0]
C  [KERNEL32.DLL+0x2e8d7]
C  [ntdll.dll+0xb14fc]


---------------  P R O C E S S  ---------------

Threads class SMR info:
_java_thread_list=0x0000020c4755ce60, length=14, elements={
0x0000020c60480d20, 0x0000020c7f5e0500, 0x0000020c7f5e5710, 0x0000020c7f5ea430,
0x0000020c7f5eae80, 0x0000020c7f5eb8d0, 0x0000020c7f5ec320, 0x0000020c7f5ef260,
0x0000020c7f5f3d80, 0x0000020c7f5b67d0, 0x0000020c7f953ab0, 0x0000020c7f954b70,
0x0000020c7f971240, 0x0000020c4766a9b0
}

Java Threads: ( => current thread )
  0x0000020c60480d20 JavaThread "main"                              [_thread_in_native, id=29156, stack(0x000000a6f5200000,0x000000a6f5300000) (1024K)]
  0x0000020c7f5e0500 JavaThread "Reference Handler"          daemon [_thread_blocked, id=31236, stack(0x000000a6f5a00000,0x000000a6f5b00000) (1024K)]
  0x0000020c7f5e5710 JavaThread "Finalizer"                  daemon [_thread_blocked, id=31240, stack(0x000000a6f5b00000,0x000000a6f5c00000) (1024K)]
  0x0000020c7f5ea430 JavaThread "Signal Dispatcher"          daemon [_thread_blocked, id=31244, stack(0x000000a6f5c00000,0x000000a6f5d00000) (1024K)]
  0x0000020c7f5eae80 JavaThread "Attach Listener"            daemon [_thread_blocked, id=31248, stack(0x000000a6f5d00000,0x000000a6f5e00000) (1024K)]
  0x0000020c7f5eb8d0 JavaThread "Service Thread"             daemon [_thread_blocked, id=31252, stack(0x000000a6f5e00000,0x000000a6f5f00000) (1024K)]
  0x0000020c7f5ec320 JavaThread "Monitor Deflation Thread"   daemon [_thread_blocked, id=31256, stack(0x000000a6f5f00000,0x000000a6f6000000) (1024K)]
  0x0000020c7f5ef260 JavaThread "C2 CompilerThread0"         daemon [_thread_in_native, id=31260, stack(0x000000a6f6000000,0x000000a6f6100000) (1024K)]
=>0x0000020c7f5f3d80 JavaThread "C1 CompilerThread0"         daemon [_thread_in_native, id=31488, stack(0x000000a6f6100000,0x000000a6f6200000) (1024K)]
  0x0000020c7f5b67d0 JavaThread "Common-Cleaner"             daemon [_thread_blocked, id=31536, stack(0x000000a6f6200000,0x000000a6f6300000) (1024K)]
  0x0000020c7f953ab0 JavaThread "Monitor Ctrl-Break"         daemon [_thread_in_native, id=32668, stack(0x000000a6f6300000,0x000000a6f6400000) (1024K)]
  0x0000020c7f954b70 JavaThread "Notification Thread"        daemon [_thread_blocked, id=32672, stack(0x000000a6f6400000,0x000000a6f6500000) (1024K)]
  0x0000020c7f971240 JavaThread "C2 CompilerThread1"         daemon [_thread_in_native, id=36988, stack(0x000000a6f4f00000,0x000000a6f5000000) (1024K)]
  0x0000020c4766a9b0 JavaThread "C2 CompilerThread2"         daemon [_thread_in_native, id=37376, stack(0x000000a6f5000000,0x000000a6f5100000) (1024K)]
Total: 14

Other Threads:
  0x0000020c7f5c42d0 VMThread "VM Thread"                           [id=29876, stack(0x000000a6f5900000,0x000000a6f5a00000) (1024K)]
  0x0000020c7f5b5d90 WatcherThread "VM Periodic Task Thread"        [id=29872, stack(0x000000a6f5800000,0x000000a6f5900000) (1024K)]
  0x0000020c604e9770 WorkerThread "GC Thread#0"                     [id=29852, stack(0x000000a6f5300000,0x000000a6f5400000) (1024K)]
  0x0000020c477f7010 WorkerThread "GC Thread#1"                     [id=37156, stack(0x000000a6f5100000,0x000000a6f5200000) (1024K)]
  0x0000020c477f73b0 WorkerThread "GC Thread#2"                     [id=38880, stack(0x000000a6f6500000,0x000000a6f6600000) (1024K)]
  0x0000020c477f7750 WorkerThread "GC Thread#3"                     [id=38432, stack(0x000000a6f6600000,0x000000a6f6700000) (1024K)]
  0x0000020c470671c0 WorkerThread "GC Thread#4"                     [id=37904, stack(0x000000a6f6700000,0x000000a6f6800000) (1024K)]
  0x0000020c47067560 WorkerThread "GC Thread#5"                     [id=23884, stack(0x000000a6f6800000,0x000000a6f6900000) (1024K)]
  0x0000020c7fc0d790 WorkerThread "GC Thread#6"                     [id=33468, stack(0x000000a6f6900000,0x000000a6f6a00000) (1024K)]
  0x0000020c4757edc0 WorkerThread "GC Thread#7"                     [id=33472, stack(0x000000a6f6a00000,0x000000a6f6b00000) (1024K)]
  0x0000020c604faa70 ConcurrentGCThread "G1 Main Marker"            [id=29856, stack(0x000000a6f5400000,0x000000a6f5500000) (1024K)]
  0x0000020c604fb480 WorkerThread "G1 Conc#0"                       [id=29860, stack(0x000000a6f5500000,0x000000a6f5600000) (1024K)]
  0x0000020c7f564200 ConcurrentGCThread "G1 Refine#0"               [id=29864, stack(0x000000a6f5600000,0x000000a6f5700000) (1024K)]
  0x0000020c7f564a20 ConcurrentGCThread "G1 Service"                [id=29868, stack(0x000000a6f5700000,0x000000a6f5800000) (1024K)]
Total: 14

Threads with active compile tasks:
C2 CompilerThread0    95254 1224       4       sun.nio.cs.StreamDecoder::lockedRead (189 bytes)
C1 CompilerThread0    95258 1217       3       org.codehaus.plexus.util.InterpolationFilterReader::read (477 bytes)
C2 CompilerThread1    95258 1223   !   4       sun.nio.cs.StreamDecoder::read (78 bytes)
C2 CompilerThread2    95258 1225       4       org.codehaus.plexus.util.xml.pull.MXParser::nextImpl (1203 bytes)
Total: 4

VM state: not at safepoint (normal execution)

VM Mutex/Monitor currently owned by a thread: None

Heap address: 0x0000000704000000, size: 4032 MB, Compressed Oops mode: Zero based, Oop shift amount: 3

CDS archive(s) mapped at: [0x0000020c02000000-0x0000020c02c90000-0x0000020c02c90000), size 13172736, SharedBaseAddress: 0x0000020c02000000, ArchiveRelocationMode: 1.
Compressed class space mapped at: 0x0000020c03000000-0x0000020c43000000, reserved size: 1073741824
Narrow klass base: 0x0000020c02000000, Narrow klass shift: 0, Narrow klass range: 0x100000000

GC Precious Log:
 CardTable entry size: 512
 Card Set container configuration: InlinePtr #cards 4 size 8 Array Of Cards #cards 16 size 48 Howl #buckets 8 coarsen threshold 3686 Howl Bitmap #cards 512 size 80 coarsen threshold 460 Card regions per heap region 1 cards per card region 4096
 CPUs: 8 total, 8 available
 Memory: 16126M
 Large Page Support: Disabled
 NUMA Support: Disabled
 Compressed Oops: Enabled (Zero based)
 Heap Region Size: 2M
 Heap Min Capacity: 8M
 Heap Initial Capacity: 252M
 Heap Max Capacity: 4032M
 Pre-touch: Disabled
 Parallel Workers: 8
 Concurrent Workers: 2
 Concurrent Refinement Workers: 8
 Periodic GC: Disabled

Heap:
 garbage-first heap   total 258048K, used 5802K [0x0000000704000000, 0x0000000800000000)
  region size 2048K, 4 young (8192K), 2 survivors (4096K)
 Metaspace       used 6073K, committed 6272K, reserved 1114112K
  class space    used 692K, committed 768K, reserved 1048576K

Heap Regions: E=young(eden), S=young(survivor), O=old, HS=humongous(starts), HC=humongous(continues), CS=collection set, F=free, TAMS=top-at-mark-start, PB=parsable bottom
|   0|0x0000000704000000, 0x0000000704000000, 0x0000000704200000|  0%| F|  |TAMS 0x0000000704000000| PB 0x0000000704000000| Untracked 
|   1|0x0000000704200000, 0x0000000704200000, 0x0000000704400000|  0%| F|  |TAMS 0x0000000704200000| PB 0x0000000704200000| Untracked 
|   2|0x0000000704400000, 0x0000000704400000, 0x0000000704600000|  0%| F|  |TAMS 0x0000000704400000| PB 0x0000000704400000| Untracked 
|   3|0x0000000704600000, 0x0000000704600000, 0x0000000704800000|  0%| F|  |TAMS 0x0000000704600000| PB 0x0000000704600000| Untracked 
|   4|0x0000000704800000, 0x0000000704800000, 0x0000000704a00000|  0%| F|  |TAMS 0x0000000704800000| PB 0x0000000704800000| Untracked 
|   5|0x0000000704a00000, 0x0000000704a00000, 0x0000000704c00000|  0%| F|  |TAMS 0x0000000704a00000| PB 0x0000000704a00000| Untracked 
|   6|0x0000000704c00000, 0x0000000704c00000, 0x0000000704e00000|  0%| F|  |TAMS 0x0000000704c00000| PB 0x0000000704c00000| Untracked 
|   7|0x0000000704e00000, 0x0000000704e00000, 0x0000000705000000|  0%| F|  |TAMS 0x0000000704e00000| PB 0x0000000704e00000| Untracked 
|   8|0x0000000705000000, 0x0000000705000000, 0x0000000705200000|  0%| F|  |TAMS 0x0000000705000000| PB 0x0000000705000000| Untracked 
|   9|0x0000000705200000, 0x0000000705200000, 0x0000000705400000|  0%| F|  |TAMS 0x0000000705200000| PB 0x0000000705200000| Untracked 
|  10|0x0000000705400000, 0x0000000705400000, 0x0000000705600000|  0%| F|  |TAMS 0x0000000705400000| PB 0x0000000705400000| Untracked 
|  11|0x0000000705600000, 0x0000000705600000, 0x0000000705800000|  0%| F|  |TAMS 0x0000000705600000| PB 0x0000000705600000| Untracked 
|  12|0x0000000705800000, 0x0000000705800000, 0x0000000705a00000|  0%| F|  |TAMS 0x0000000705800000| PB 0x0000000705800000| Untracked 
|  13|0x0000000705a00000, 0x0000000705a00000, 0x0000000705c00000|  0%| F|  |TAMS 0x0000000705a00000| PB 0x0000000705a00000| Untracked 
|  14|0x0000000705c00000, 0x0000000705c00000, 0x0000000705e00000|  0%| F|  |TAMS 0x0000000705c00000| PB 0x0000000705c00000| Untracked 
|  15|0x0000000705e00000, 0x0000000705e00000, 0x0000000706000000|  0%| F|  |TAMS 0x0000000705e00000| PB 0x0000000705e00000| Untracked 
|  16|0x0000000706000000, 0x0000000706000000, 0x0000000706200000|  0%| F|  |TAMS 0x0000000706000000| PB 0x0000000706000000| Untracked 
|  17|0x0000000706200000, 0x0000000706200000, 0x0000000706400000|  0%| F|  |TAMS 0x0000000706200000| PB 0x0000000706200000| Untracked 
|  18|0x0000000706400000, 0x0000000706400000, 0x0000000706600000|  0%| F|  |TAMS 0x0000000706400000| PB 0x0000000706400000| Untracked 
|  19|0x0000000706600000, 0x0000000706600000, 0x0000000706800000|  0%| F|  |TAMS 0x0000000706600000| PB 0x0000000706600000| Untracked 
|  20|0x0000000706800000, 0x0000000706800000, 0x0000000706a00000|  0%| F|  |TAMS 0x0000000706800000| PB 0x0000000706800000| Untracked 
|  21|0x0000000706a00000, 0x0000000706a00000, 0x0000000706c00000|  0%| F|  |TAMS 0x0000000706a00000| PB 0x0000000706a00000| Untracked 
|  22|0x0000000706c00000, 0x0000000706c00000, 0x0000000706e00000|  0%| F|  |TAMS 0x0000000706c00000| PB 0x0000000706c00000| Untracked 
|  23|0x0000000706e00000, 0x0000000706e00000, 0x0000000707000000|  0%| F|  |TAMS 0x0000000706e00000| PB 0x0000000706e00000| Untracked 
|  24|0x0000000707000000, 0x0000000707000000, 0x0000000707200000|  0%| F|  |TAMS 0x0000000707000000| PB 0x0000000707000000| Untracked 
|  25|0x0000000707200000, 0x0000000707200000, 0x0000000707400000|  0%| F|  |TAMS 0x0000000707200000| PB 0x0000000707200000| Untracked 
|  26|0x0000000707400000, 0x0000000707400000, 0x0000000707600000|  0%| F|  |TAMS 0x0000000707400000| PB 0x0000000707400000| Untracked 
|  27|0x0000000707600000, 0x0000000707600000, 0x0000000707800000|  0%| F|  |TAMS 0x0000000707600000| PB 0x0000000707600000| Untracked 
|  28|0x0000000707800000, 0x0000000707800000, 0x0000000707a00000|  0%| F|  |TAMS 0x0000000707800000| PB 0x0000000707800000| Untracked 
|  29|0x0000000707a00000, 0x0000000707a00000, 0x0000000707c00000|  0%| F|  |TAMS 0x0000000707a00000| PB 0x0000000707a00000| Untracked 
|  30|0x0000000707c00000, 0x0000000707c00000, 0x0000000707e00000|  0%| F|  |TAMS 0x0000000707c00000| PB 0x0000000707c00000| Untracked 
|  31|0x0000000707e00000, 0x0000000707e00000, 0x0000000708000000|  0%| F|  |TAMS 0x0000000707e00000| PB 0x0000000707e00000| Untracked 
|  32|0x0000000708000000, 0x0000000708000000, 0x0000000708200000|  0%| F|  |TAMS 0x0000000708000000| PB 0x0000000708000000| Untracked 
|  33|0x0000000708200000, 0x0000000708200000, 0x0000000708400000|  0%| F|  |TAMS 0x0000000708200000| PB 0x0000000708200000| Untracked 
|  34|0x0000000708400000, 0x0000000708400000, 0x0000000708600000|  0%| F|  |TAMS 0x0000000708400000| PB 0x0000000708400000| Untracked 
|  35|0x0000000708600000, 0x0000000708600000, 0x0000000708800000|  0%| F|  |TAMS 0x0000000708600000| PB 0x0000000708600000| Untracked 
|  36|0x0000000708800000, 0x0000000708800000, 0x0000000708a00000|  0%| F|  |TAMS 0x0000000708800000| PB 0x0000000708800000| Untracked 
|  37|0x0000000708a00000, 0x0000000708a00000, 0x0000000708c00000|  0%| F|  |TAMS 0x0000000708a00000| PB 0x0000000708a00000| Untracked 
|  38|0x0000000708c00000, 0x0000000708c00000, 0x0000000708e00000|  0%| F|  |TAMS 0x0000000708c00000| PB 0x0000000708c00000| Untracked 
|  39|0x0000000708e00000, 0x0000000708e00000, 0x0000000709000000|  0%| F|  |TAMS 0x0000000708e00000| PB 0x0000000708e00000| Untracked 
|  40|0x0000000709000000, 0x0000000709000000, 0x0000000709200000|  0%| F|  |TAMS 0x0000000709000000| PB 0x0000000709000000| Untracked 
|  41|0x0000000709200000, 0x0000000709200000, 0x0000000709400000|  0%| F|  |TAMS 0x0000000709200000| PB 0x0000000709200000| Untracked 
|  42|0x0000000709400000, 0x0000000709400000, 0x0000000709600000|  0%| F|  |TAMS 0x0000000709400000| PB 0x0000000709400000| Untracked 
|  43|0x0000000709600000, 0x0000000709600000, 0x0000000709800000|  0%| F|  |TAMS 0x0000000709600000| PB 0x0000000709600000| Untracked 
|  44|0x0000000709800000, 0x0000000709800000, 0x0000000709a00000|  0%| F|  |TAMS 0x0000000709800000| PB 0x0000000709800000| Untracked 
|  45|0x0000000709a00000, 0x0000000709a00000, 0x0000000709c00000|  0%| F|  |TAMS 0x0000000709a00000| PB 0x0000000709a00000| Untracked 
|  46|0x0000000709c00000, 0x0000000709c00000, 0x0000000709e00000|  0%| F|  |TAMS 0x0000000709c00000| PB 0x0000000709c00000| Untracked 
|  47|0x0000000709e00000, 0x0000000709e00000, 0x000000070a000000|  0%| F|  |TAMS 0x0000000709e00000| PB 0x0000000709e00000| Untracked 
|  48|0x000000070a000000, 0x000000070a000000, 0x000000070a200000|  0%| F|  |TAMS 0x000000070a000000| PB 0x000000070a000000| Untracked 
|  49|0x000000070a200000, 0x000000070a200000, 0x000000070a400000|  0%| F|  |TAMS 0x000000070a200000| PB 0x000000070a200000| Untracked 
|  50|0x000000070a400000, 0x000000070a400000, 0x000000070a600000|  0%| F|  |TAMS 0x000000070a400000| PB 0x000000070a400000| Untracked 
|  51|0x000000070a600000, 0x000000070a600000, 0x000000070a800000|  0%| F|  |TAMS 0x000000070a600000| PB 0x000000070a600000| Untracked 
|  52|0x000000070a800000, 0x000000070a800000, 0x000000070aa00000|  0%| F|  |TAMS 0x000000070a800000| PB 0x000000070a800000| Untracked 
|  53|0x000000070aa00000, 0x000000070aa00000, 0x000000070ac00000|  0%| F|  |TAMS 0x000000070aa00000| PB 0x000000070aa00000| Untracked 
|  54|0x000000070ac00000, 0x000000070ac00000, 0x000000070ae00000|  0%| F|  |TAMS 0x000000070ac00000| PB 0x000000070ac00000| Untracked 
|  55|0x000000070ae00000, 0x000000070ae00000, 0x000000070b000000|  0%| F|  |TAMS 0x000000070ae00000| PB 0x000000070ae00000| Untracked 
|  56|0x000000070b000000, 0x000000070b000000, 0x000000070b200000|  0%| F|  |TAMS 0x000000070b000000| PB 0x000000070b000000| Untracked 
|  57|0x000000070b200000, 0x000000070b200000, 0x000000070b400000|  0%| F|  |TAMS 0x000000070b200000| PB 0x000000070b200000| Untracked 
|  58|0x000000070b400000, 0x000000070b400000, 0x000000070b600000|  0%| F|  |TAMS 0x000000070b400000| PB 0x000000070b400000| Untracked 
|  59|0x000000070b600000, 0x000000070b600000, 0x000000070b800000|  0%| F|  |TAMS 0x000000070b600000| PB 0x000000070b600000| Untracked 
|  60|0x000000070b800000, 0x000000070b800000, 0x000000070ba00000|  0%| F|  |TAMS 0x000000070b800000| PB 0x000000070b800000| Untracked 
|  61|0x000000070ba00000, 0x000000070ba00000, 0x000000070bc00000|  0%| F|  |TAMS 0x000000070ba00000| PB 0x000000070ba00000| Untracked 
|  62|0x000000070bc00000, 0x000000070bc00000, 0x000000070be00000|  0%| F|  |TAMS 0x000000070bc00000| PB 0x000000070bc00000| Untracked 
|  63|0x000000070be00000, 0x000000070be00000, 0x000000070c000000|  0%| F|  |TAMS 0x000000070be00000| PB 0x000000070be00000| Untracked 
|  64|0x000000070c000000, 0x000000070c000000, 0x000000070c200000|  0%| F|  |TAMS 0x000000070c000000| PB 0x000000070c000000| Untracked 
|  65|0x000000070c200000, 0x000000070c200000, 0x000000070c400000|  0%| F|  |TAMS 0x000000070c200000| PB 0x000000070c200000| Untracked 
|  66|0x000000070c400000, 0x000000070c400000, 0x000000070c600000|  0%| F|  |TAMS 0x000000070c400000| PB 0x000000070c400000| Untracked 
|  67|0x000000070c600000, 0x000000070c600000, 0x000000070c800000|  0%| F|  |TAMS 0x000000070c600000| PB 0x000000070c600000| Untracked 
|  68|0x000000070c800000, 0x000000070c800000, 0x000000070ca00000|  0%| F|  |TAMS 0x000000070c800000| PB 0x000000070c800000| Untracked 
|  69|0x000000070ca00000, 0x000000070ca00000, 0x000000070cc00000|  0%| F|  |TAMS 0x000000070ca00000| PB 0x000000070ca00000| Untracked 
|  70|0x000000070cc00000, 0x000000070cc00000, 0x000000070ce00000|  0%| F|  |TAMS 0x000000070cc00000| PB 0x000000070cc00000| Untracked 
|  71|0x000000070ce00000, 0x000000070ce00000, 0x000000070d000000|  0%| F|  |TAMS 0x000000070ce00000| PB 0x000000070ce00000| Untracked 
|  72|0x000000070d000000, 0x000000070d000000, 0x000000070d200000|  0%| F|  |TAMS 0x000000070d000000| PB 0x000000070d000000| Untracked 
|  73|0x000000070d200000, 0x000000070d200000, 0x000000070d400000|  0%| F|  |TAMS 0x000000070d200000| PB 0x000000070d200000| Untracked 
|  74|0x000000070d400000, 0x000000070d400000, 0x000000070d600000|  0%| F|  |TAMS 0x000000070d400000| PB 0x000000070d400000| Untracked 
|  75|0x000000070d600000, 0x000000070d600000, 0x000000070d800000|  0%| F|  |TAMS 0x000000070d600000| PB 0x000000070d600000| Untracked 
|  76|0x000000070d800000, 0x000000070d800000, 0x000000070da00000|  0%| F|  |TAMS 0x000000070d800000| PB 0x000000070d800000| Untracked 
|  77|0x000000070da00000, 0x000000070da00000, 0x000000070dc00000|  0%| F|  |TAMS 0x000000070da00000| PB 0x000000070da00000| Untracked 
|  78|0x000000070dc00000, 0x000000070dc00000, 0x000000070de00000|  0%| F|  |TAMS 0x000000070dc00000| PB 0x000000070dc00000| Untracked 
|  79|0x000000070de00000, 0x000000070de00000, 0x000000070e000000|  0%| F|  |TAMS 0x000000070de00000| PB 0x000000070de00000| Untracked 
|  80|0x000000070e000000, 0x000000070e000000, 0x000000070e200000|  0%| F|  |TAMS 0x000000070e000000| PB 0x000000070e000000| Untracked 
|  81|0x000000070e200000, 0x000000070e200000, 0x000000070e400000|  0%| F|  |TAMS 0x000000070e200000| PB 0x000000070e200000| Untracked 
|  82|0x000000070e400000, 0x000000070e400000, 0x000000070e600000|  0%| F|  |TAMS 0x000000070e400000| PB 0x000000070e400000| Untracked 
|  83|0x000000070e600000, 0x000000070e600000, 0x000000070e800000|  0%| F|  |TAMS 0x000000070e600000| PB 0x000000070e600000| Untracked 
|  84|0x000000070e800000, 0x000000070e800000, 0x000000070ea00000|  0%| F|  |TAMS 0x000000070e800000| PB 0x000000070e800000| Untracked 
|  85|0x000000070ea00000, 0x000000070ea00000, 0x000000070ec00000|  0%| F|  |TAMS 0x000000070ea00000| PB 0x000000070ea00000| Untracked 
|  86|0x000000070ec00000, 0x000000070ec00000, 0x000000070ee00000|  0%| F|  |TAMS 0x000000070ec00000| PB 0x000000070ec00000| Untracked 
|  87|0x000000070ee00000, 0x000000070ee00000, 0x000000070f000000|  0%| F|  |TAMS 0x000000070ee00000| PB 0x000000070ee00000| Untracked 
|  88|0x000000070f000000, 0x000000070f000000, 0x000000070f200000|  0%| F|  |TAMS 0x000000070f000000| PB 0x000000070f000000| Untracked 
|  89|0x000000070f200000, 0x000000070f200000, 0x000000070f400000|  0%| F|  |TAMS 0x000000070f200000| PB 0x000000070f200000| Untracked 
|  90|0x000000070f400000, 0x000000070f400000, 0x000000070f600000|  0%| F|  |TAMS 0x000000070f400000| PB 0x000000070f400000| Untracked 
|  91|0x000000070f600000, 0x000000070f600000, 0x000000070f800000|  0%| F|  |TAMS 0x000000070f600000| PB 0x000000070f600000| Untracked 
|  92|0x000000070f800000, 0x000000070f800000, 0x000000070fa00000|  0%| F|  |TAMS 0x000000070f800000| PB 0x000000070f800000| Untracked 
|  93|0x000000070fa00000, 0x000000070fa00000, 0x000000070fc00000|  0%| F|  |TAMS 0x000000070fa00000| PB 0x000000070fa00000| Untracked 
|  94|0x000000070fc00000, 0x000000070fc00000, 0x000000070fe00000|  0%| F|  |TAMS 0x000000070fc00000| PB 0x000000070fc00000| Untracked 
|  95|0x000000070fe00000, 0x000000070fe00000, 0x0000000710000000|  0%| F|  |TAMS 0x000000070fe00000| PB 0x000000070fe00000| Untracked 
|  96|0x0000000710000000, 0x0000000710000000, 0x0000000710200000|  0%| F|  |TAMS 0x0000000710000000| PB 0x0000000710000000| Untracked 
|  97|0x0000000710200000, 0x0000000710200000, 0x0000000710400000|  0%| F|  |TAMS 0x0000000710200000| PB 0x0000000710200000| Untracked 
|  98|0x0000000710400000, 0x0000000710400000, 0x0000000710600000|  0%| F|  |TAMS 0x0000000710400000| PB 0x0000000710400000| Untracked 
|  99|0x0000000710600000, 0x0000000710600000, 0x0000000710800000|  0%| F|  |TAMS 0x0000000710600000| PB 0x0000000710600000| Untracked 
| 100|0x0000000710800000, 0x0000000710800000, 0x0000000710a00000|  0%| F|  |TAMS 0x0000000710800000| PB 0x0000000710800000| Untracked 
| 101|0x0000000710a00000, 0x0000000710a00000, 0x0000000710c00000|  0%| F|  |TAMS 0x0000000710a00000| PB 0x0000000710a00000| Untracked 
| 102|0x0000000710c00000, 0x0000000710c00000, 0x0000000710e00000|  0%| F|  |TAMS 0x0000000710c00000| PB 0x0000000710c00000| Untracked 
| 103|0x0000000710e00000, 0x0000000710e00000, 0x0000000711000000|  0%| F|  |TAMS 0x0000000710e00000| PB 0x0000000710e00000| Untracked 
| 104|0x0000000711000000, 0x0000000711000000, 0x0000000711200000|  0%| F|  |TAMS 0x0000000711000000| PB 0x0000000711000000| Untracked 
| 105|0x0000000711200000, 0x0000000711200000, 0x0000000711400000|  0%| F|  |TAMS 0x0000000711200000| PB 0x0000000711200000| Untracked 
| 106|0x0000000711400000, 0x0000000711400000, 0x0000000711600000|  0%| F|  |TAMS 0x0000000711400000| PB 0x0000000711400000| Untracked 
| 107|0x0000000711600000, 0x0000000711600000, 0x0000000711800000|  0%| F|  |TAMS 0x0000000711600000| PB 0x0000000711600000| Untracked 
| 108|0x0000000711800000, 0x0000000711800000, 0x0000000711a00000|  0%| F|  |TAMS 0x0000000711800000| PB 0x0000000711800000| Untracked 
| 109|0x0000000711a00000, 0x0000000711a00000, 0x0000000711c00000|  0%| F|  |TAMS 0x0000000711a00000| PB 0x0000000711a00000| Untracked 
| 110|0x0000000711c00000, 0x0000000711c00000, 0x0000000711e00000|  0%| F|  |TAMS 0x0000000711c00000| PB 0x0000000711c00000| Untracked 
| 111|0x0000000711e00000, 0x0000000711e00000, 0x0000000712000000|  0%| F|  |TAMS 0x0000000711e00000| PB 0x0000000711e00000| Untracked 
| 112|0x0000000712000000, 0x0000000712000000, 0x0000000712200000|  0%| F|  |TAMS 0x0000000712000000| PB 0x0000000712000000| Untracked 
| 113|0x0000000712200000, 0x00000007123aaa40, 0x0000000712400000| 83%| S|CS|TAMS 0x0000000712200000| PB 0x0000000712200000| Complete 
| 114|0x0000000712400000, 0x0000000712600000, 0x0000000712600000|100%| S|CS|TAMS 0x0000000712400000| PB 0x0000000712400000| Complete 
| 115|0x0000000712600000, 0x0000000712600000, 0x0000000712800000|  0%| F|  |TAMS 0x0000000712600000| PB 0x0000000712600000| Untracked 
| 116|0x0000000712800000, 0x0000000712800000, 0x0000000712a00000|  0%| F|  |TAMS 0x0000000712800000| PB 0x0000000712800000| Untracked 
| 117|0x0000000712a00000, 0x0000000712a00000, 0x0000000712c00000|  0%| F|  |TAMS 0x0000000712a00000| PB 0x0000000712a00000| Untracked 
| 118|0x0000000712c00000, 0x0000000712c00000, 0x0000000712e00000|  0%| F|  |TAMS 0x0000000712c00000| PB 0x0000000712c00000| Untracked 
| 119|0x0000000712e00000, 0x0000000712e00000, 0x0000000713000000|  0%| F|  |TAMS 0x0000000712e00000| PB 0x0000000712e00000| Untracked 
| 120|0x0000000713000000, 0x0000000713000000, 0x0000000713200000|  0%| F|  |TAMS 0x0000000713000000| PB 0x0000000713000000| Untracked 
| 121|0x0000000713200000, 0x0000000713200000, 0x0000000713400000|  0%| F|  |TAMS 0x0000000713200000| PB 0x0000000713200000| Untracked 
| 122|0x0000000713400000, 0x0000000713400000, 0x0000000713600000|  0%| F|  |TAMS 0x0000000713400000| PB 0x0000000713400000| Untracked 
| 123|0x0000000713600000, 0x0000000713600000, 0x0000000713800000|  0%| F|  |TAMS 0x0000000713600000| PB 0x0000000713600000| Untracked 
| 124|0x0000000713800000, 0x0000000713856f70, 0x0000000713a00000| 16%| E|  |TAMS 0x0000000713800000| PB 0x0000000713800000| Complete 
| 125|0x0000000713a00000, 0x0000000713c00000, 0x0000000713c00000|100%| E|CS|TAMS 0x0000000713a00000| PB 0x0000000713a00000| Complete 

Card table byte_map: [0x0000020c7a5a0000,0x0000020c7ad80000] _byte_map_base: 0x0000020c76d80000

Marking Bits: (CMBitMap*) 0x0000020c604ea590
 Bits: [0x0000020c7ad80000, 0x0000020c7ec80000)

Polling page: 0x0000020c605b0000

Metaspace:

Usage:
  Non-class:      5.25 MB used.
      Class:    692.72 KB used.
       Both:      5.93 MB used.

Virtual space:
  Non-class space:       64.00 MB reserved,       5.38 MB (  8%) committed,  1 nodes.
      Class space:        1.00 GB reserved,     768.00 KB ( <1%) committed,  1 nodes.
             Both:        1.06 GB reserved,       6.12 MB ( <1%) committed. 

Chunk freelists:
   Non-Class:  9.17 MB
       Class:  15.28 MB
        Both:  24.45 MB

MaxMetaspaceSize: unlimited
CompressedClassSpaceSize: 1.00 GB
Initial GC threshold: 21.00 MB
Current GC threshold: 21.00 MB
CDS: on
 - commit_granule_bytes: 65536.
 - commit_granule_words: 8192.
 - virtual_space_node_default_size: 8388608.
 - enlarge_chunks_in_place: 1.
 - use_allocation_guard: 0.


Internal statistics:

num_allocs_failed_limit: 0.
num_arena_births: 66.
num_arena_deaths: 0.
num_vsnodes_births: 2.
num_vsnodes_deaths: 0.
num_space_committed: 98.
num_space_uncommitted: 0.
num_chunks_returned_to_freelist: 0.
num_chunks_taken_from_freelist: 231.
num_chunk_merges: 0.
num_chunk_splits: 151.
num_chunks_enlarged: 117.
num_inconsistent_stats: 0.

CodeHeap 'non-profiled nmethods': size=120000Kb used=469Kb max_used=469Kb free=119530Kb
 bounds [0x0000020c71e20000, 0x0000020c72090000, 0x0000020c79350000]
CodeHeap 'profiled nmethods': size=120000Kb used=2307Kb max_used=2307Kb free=117693Kb
 bounds [0x0000020c6a350000, 0x0000020c6a5c0000, 0x0000020c71880000]
CodeHeap 'non-nmethods': size=5760Kb used=1504Kb max_used=1532Kb free=4255Kb
 bounds [0x0000020c71880000, 0x0000020c71af0000, 0x0000020c71e20000]
 total_blobs=1690 nmethods=1218 adapters=377
 compilation: enabled
              stopped_count=0, restarted_count=0
 full_count=0

Compilation events (20 events):
Event: 92.039 Thread 0x0000020c7f5f3d80 nmethod 1214 0x0000020c6a58df10 code [0x0000020c6a58e0e0, 0x0000020c6a58e418]
Event: 92.039 Thread 0x0000020c7f5f3d80 1215   !   3       sun.nio.cs.StreamDecoder::read (78 bytes)
Event: 92.039 Thread 0x0000020c4766a9b0 1218       4       sun.nio.cs.StreamDecoder::ensureOpen (18 bytes)
Event: 92.040 Thread 0x0000020c7f5f3d80 nmethod 1215 0x0000020c6a58e590 code [0x0000020c6a58e820, 0x0000020c6a58f6a0]
Event: 92.040 Thread 0x0000020c7f5f3d80 1216       3       sun.nio.cs.StreamDecoder::lockedRead (189 bytes)
Event: 92.040 Thread 0x0000020c4766a9b0 nmethod 1218 0x0000020c71e90b10 code [0x0000020c71e90ca0, 0x0000020c71e90d48]
Event: 92.040 Thread 0x0000020c4766a9b0 1219   !   4       java.nio.charset.CharsetDecoder::decode (275 bytes)
Event: 92.040 Thread 0x0000020c7f5ef260 1220       4       sun.nio.cs.UTF_8$Decoder::decodeLoop (28 bytes)
Event: 92.040 Thread 0x0000020c7f5f3d80 nmethod 1216 0x0000020c6a58fb90 code [0x0000020c6a58fe00, 0x0000020c6a5908c8]
Event: 92.040 Thread 0x0000020c7f5f3d80 1217       3       org.codehaus.plexus.util.InterpolationFilterReader::read (477 bytes)
Event: 92.041 Thread 0x0000020c7f971240 nmethod 1198 0x0000020c71e90e10 code [0x0000020c71e91000, 0x0000020c71e91830]
Event: 92.041 Thread 0x0000020c7f971240 1222       4       java.util.concurrent.locks.ReentrantLock$NonfairSync::initialTryLock (58 bytes)
Event: 92.041 Thread 0x0000020c7f5ef260 nmethod 1220 0x0000020c71e91f90 code [0x0000020c71e92140, 0x0000020c71e922c8]
Event: 92.041 Thread 0x0000020c7f5ef260 1221   !   4       java.nio.CharBuffer::wrap (21 bytes)
Event: 95.064 Thread 0x0000020c7f971240 nmethod 1222 0x0000020c71e92490 code [0x0000020c71e92620, 0x0000020c71e927e8]
Event: 95.064 Thread 0x0000020c7f971240 1223   !   4       sun.nio.cs.StreamDecoder::read (78 bytes)
Event: 95.064 Thread 0x0000020c7f5ef260 nmethod 1221 0x0000020c71e92890 code [0x0000020c71e92a40, 0x0000020c71e92d38]
Event: 95.065 Thread 0x0000020c7f5ef260 1224       4       sun.nio.cs.StreamDecoder::lockedRead (189 bytes)
Event: 95.068 Thread 0x0000020c4766a9b0 nmethod 1219 0x0000020c71e93010 code [0x0000020c71e93260, 0x0000020c71e937b8]
Event: 95.068 Thread 0x0000020c4766a9b0 1225       4       org.codehaus.plexus.util.xml.pull.MXParser::nextImpl (1203 bytes)

GC Heap History (2 events):
Event: 84.280 GC heap before
{Heap before GC invocations=0 (full 0):
 garbage-first heap   total 258048K, used 22528K [0x0000000704000000, 0x0000000800000000)
  region size 2048K, 11 young (22528K), 0 survivors (0K)
 Metaspace       used 6033K, committed 6208K, reserved 1114112K
  class space    used 683K, committed 768K, reserved 1048576K
}
Event: 91.004 GC heap after
{Heap after GC invocations=1 (full 0):
 garbage-first heap   total 258048K, used 3754K [0x0000000704000000, 0x0000000800000000)
  region size 2048K, 2 young (4096K), 2 survivors (4096K)
 Metaspace       used 6033K, committed 6208K, reserved 1114112K
  class space    used 683K, committed 768K, reserved 1048576K
}

Dll operation events (12 events):
Event: 1.665 Loaded shared library C:\Program Files\Java\jdk-21.0.6\bin\java.dll
Event: 5.091 Loaded shared library C:\Program Files\Java\jdk-21.0.6\bin\jsvml.dll
Event: 7.336 Loaded shared library C:\Program Files\Java\jdk-21.0.6\bin\zip.dll
Event: 7.341 Loaded shared library C:\Program Files\Java\jdk-21.0.6\bin\instrument.dll
Event: 7.383 Loaded shared library C:\Program Files\Java\jdk-21.0.6\bin\net.dll
Event: 7.385 Loaded shared library C:\Program Files\Java\jdk-21.0.6\bin\nio.dll
Event: 7.390 Loaded shared library C:\Program Files\Java\jdk-21.0.6\bin\zip.dll
Event: 8.314 Loaded shared library C:\Program Files\JetBrains\IntelliJ IDEA 2023.3.4\bin\breakgen64.dll
Event: 9.086 Loaded shared library C:\Program Files\Java\jdk-21.0.6\bin\extnet.dll
Event: 43.451 Loaded shared library C:\Program Files\Java\jdk-21.0.6\bin\jimage.dll
Event: 55.230 Loaded shared library C:\Users\DELL\AppData\Local\Temp\jansi-2.4.1-940293ca0c2f43bc-jansi.dll
Event: 55.253 Loaded shared library C:\Program Files\Java\jdk-21.0.6\bin\verify.dll

Deoptimization events (20 events):
Event: 92.028 Thread 0x0000020c60480d20 Uncommon trap: trap_request=0xffffff45 fr.pc=0x0000020c71e892dc relative=0x0000000000000e5c
Event: 92.028 Thread 0x0000020c60480d20 Uncommon trap: reason=unstable_if action=reinterpret pc=0x0000020c71e892dc method=sun.nio.cs.StreamDecoder.implRead([CII)I @ 186 c2
Event: 92.028 Thread 0x0000020c60480d20 DEOPT PACKING pc=0x0000020c71e892dc sp=0x000000a6f52fd980
Event: 92.028 Thread 0x0000020c60480d20 DEOPT UNPACKING pc=0x0000020c718d7da2 sp=0x000000a6f52fd8c8 mode 2
Event: 92.028 Thread 0x0000020c60480d20 Uncommon trap: trap_request=0xffffff45 fr.pc=0x0000020c71e88f70 relative=0x0000000000000af0
Event: 92.028 Thread 0x0000020c60480d20 Uncommon trap: reason=unstable_if action=reinterpret pc=0x0000020c71e88f70 method=sun.nio.cs.StreamDecoder.lockedRead0()I @ 30 c2
Event: 92.028 Thread 0x0000020c60480d20 DEOPT PACKING pc=0x0000020c71e88f70 sp=0x000000a6f52fdad0
Event: 92.028 Thread 0x0000020c60480d20 DEOPT UNPACKING pc=0x0000020c718d7da2 sp=0x000000a6f52fd9b8 mode 2
Event: 92.028 Thread 0x0000020c60480d20 Uncommon trap: trap_request=0xffffff45 fr.pc=0x0000020c71e8bbe4 relative=0x0000000000000264
Event: 92.029 Thread 0x0000020c60480d20 Uncommon trap: reason=unstable_if action=reinterpret pc=0x0000020c71e8bbe4 method=java.io.Reader.read()I @ 12 c2
Event: 92.029 Thread 0x0000020c60480d20 DEOPT PACKING pc=0x0000020c71e8bbe4 sp=0x000000a6f52fdc20
Event: 92.029 Thread 0x0000020c60480d20 DEOPT UNPACKING pc=0x0000020c718d7da2 sp=0x000000a6f52fdb30 mode 2
Event: 92.038 Thread 0x0000020c60480d20 Uncommon trap: trap_request=0xffffffc6 fr.pc=0x0000020c71e6599c relative=0x000000000000099c
Event: 92.038 Thread 0x0000020c60480d20 Uncommon trap: reason=bimorphic_or_optimized_type_check action=maybe_recompile pc=0x0000020c71e6599c method=java.util.regex.Matcher.search(I)Z @ 121 c2
Event: 92.038 Thread 0x0000020c60480d20 DEOPT PACKING pc=0x0000020c71e6599c sp=0x000000a6f52fde80
Event: 92.038 Thread 0x0000020c60480d20 DEOPT UNPACKING pc=0x0000020c718d7da2 sp=0x000000a6f52fde60 mode 2
Event: 92.039 Thread 0x0000020c60480d20 Uncommon trap: trap_request=0xffffffde fr.pc=0x0000020c71e8ee10 relative=0x00000000000001d0
Event: 92.039 Thread 0x0000020c60480d20 Uncommon trap: reason=class_check action=maybe_recompile pc=0x0000020c71e8ee10 method=java.nio.Buffer.<init>(IIIILjava/lang/foreign/MemorySegment;)V @ 39 c2
Event: 92.039 Thread 0x0000020c60480d20 DEOPT PACKING pc=0x0000020c71e8ee10 sp=0x000000a6f52fdbb0
Event: 92.039 Thread 0x0000020c60480d20 DEOPT UNPACKING pc=0x0000020c718d7da2 sp=0x000000a6f52fdb88 mode 2

Classes loaded (20 events):
Event: 78.475 Loading class java/util/concurrent/CancellationException
Event: 78.475 Loading class java/util/concurrent/CancellationException done
Event: 78.478 Loading class sun/misc/Unsafe
Event: 78.479 Loading class sun/misc/Unsafe done
Event: 78.480 Loading class java/lang/invoke/DirectMethodHandle$StaticAccessor
Event: 78.480 Loading class java/lang/invoke/DirectMethodHandle$StaticAccessor done
Event: 79.006 Loading class java/lang/reflect/ParameterizedType
Event: 79.006 Loading class java/lang/reflect/ParameterizedType done
Event: 80.395 Loading class java/lang/reflect/WildcardType
Event: 80.395 Loading class java/lang/reflect/WildcardType done
Event: 80.399 Loading class sun/reflect/generics/tree/TypeVariableSignature
Event: 80.399 Loading class sun/reflect/generics/tree/TypeVariableSignature done
Event: 80.416 Loading class java/lang/annotation/IncompleteAnnotationException
Event: 80.416 Loading class java/lang/annotation/IncompleteAnnotationException done
Event: 84.279 Loading class java/lang/foreign/MemorySegment
Event: 84.280 Loading class java/lang/foreign/MemorySegment done
Event: 92.027 Loading class java/util/WeakHashMap$KeyIterator
Event: 92.027 Loading class java/util/WeakHashMap$HashIterator
Event: 92.027 Loading class java/util/WeakHashMap$HashIterator done
Event: 92.027 Loading class java/util/WeakHashMap$KeyIterator done

Classes unloaded (0 events):
No events

Classes redefined (0 events):
No events

Internal exceptions (16 events):
Event: 7.862 Thread 0x0000020c60480d20 Exception <a 'java/lang/NoSuchMethodError'{0x00000007138215e0}: 'void java.lang.invoke.DirectMethodHandle$Holder.invokeStatic(java.lang.Object, java.lang.Object, java.lang.Object)'> (0x00000007138215e0) 
thrown [s\open\src\hotspot\share\interpreter\linkResolver.cpp, line 773]
Event: 8.296 Thread 0x0000020c60480d20 Exception <a 'java/lang/NoSuchMethodError'{0x0000000713838e00}: 'java.lang.Object java.lang.invoke.Invokers$Holder.invokeExact_MT(java.lang.Object, java.lang.Object, java.lang.Object, java.lang.Object, java.lang.Object)'> (0x0000000713838e00) 
thrown [s\open\src\hotspot\share\interpreter\linkResolver.cpp, line 773]
Event: 9.090 Thread 0x0000020c7f953ab0 Exception <a 'java/lang/NoSuchMethodError'{0x000000071395b698}: 'void java.lang.invoke.DirectMethodHandle$Holder.invokeStatic(java.lang.Object, java.lang.Object)'> (0x000000071395b698) 
thrown [s\open\src\hotspot\share\interpreter\linkResolver.cpp, line 773]
Event: 11.145 Thread 0x0000020c60480d20 Exception <a 'java/lang/NoSuchMethodError'{0x0000000713604cb8}: 'int java.lang.invoke.DirectMethodHandle$Holder.invokeSpecial(java.lang.Object, java.lang.Object, java.lang.Object)'> (0x0000000713604cb8) 
thrown [s\open\src\hotspot\share\interpreter\linkResolver.cpp, line 773]
Event: 43.445 Thread 0x0000020c60480d20 Exception <a 'java/lang/NullPointerException'{0x000000071348b020}> (0x000000071348b020) 
thrown [s\open\src\hotspot\share\interpreter\linkResolver.cpp, line 1372]
Event: 55.201 Thread 0x0000020c60480d20 Exception <a 'sun/nio/fs/WindowsException'{0x00000007134b8718}> (0x00000007134b8718) 
thrown [s\open\src\hotspot\share\prims\jni.cpp, line 520]
Event: 55.313 Thread 0x0000020c60480d20 Exception <a 'java/lang/NoSuchMethodError'{0x00000007135d0798}: 'void java.lang.invoke.DirectMethodHandle$Holder.invokeStaticInit(java.lang.Object, java.lang.Object)'> (0x00000007135d0798) 
thrown [s\open\src\hotspot\share\interpreter\linkResolver.cpp, line 773]
Event: 64.195 Thread 0x0000020c60480d20 Exception <a 'java/lang/NoSuchMethodError'{0x0000000713386738}: 'java.lang.Object java.lang.invoke.DirectMethodHandle$Holder.invokeSpecialIFC(java.lang.Object, java.lang.Object, java.lang.Object, java.lang.Object)'> (0x0000000713386738) 
thrown [s\open\src\hotspot\share\interpreter\linkResolver.cpp, line 773]
Event: 71.892 Thread 0x0000020c60480d20 Exception <a 'java/lang/NoSuchMethodError'{0x0000000712d39c70}: 'void java.lang.invoke.DirectMethodHandle$Holder.invokeSpecial(java.lang.Object, java.lang.Object, java.lang.Object)'> (0x0000000712d39c70) 
thrown [s\open\src\hotspot\share\interpreter\linkResolver.cpp, line 773]
Event: 73.418 Thread 0x0000020c60480d20 Exception <a 'java/lang/NoSuchMethodError'{0x0000000712a8d9a8}: 'java.lang.Object java.lang.invoke.DirectMethodHandle$Holder.invokeInterface(java.lang.Object, java.lang.Object)'> (0x0000000712a8d9a8) 
thrown [s\open\src\hotspot\share\interpreter\linkResolver.cpp, line 773]
Event: 73.450 Thread 0x0000020c60480d20 Exception <a 'java/lang/NoSuchMethodError'{0x0000000712b2cd20}: 'int java.lang.invoke.DirectMethodHandle$Holder.invokeStatic(java.lang.Object, java.lang.Object, java.lang.Object, java.lang.Object)'> (0x0000000712b2cd20) 
thrown [s\open\src\hotspot\share\interpreter\linkResolver.cpp, line 773]
Event: 73.451 Thread 0x0000020c60480d20 Exception <a 'java/lang/NoSuchMethodError'{0x0000000712b303b0}: 'java.lang.Object java.lang.invoke.Invokers$Holder.invokeExact_MT(java.lang.Object, java.lang.Object, java.lang.Object, java.lang.Object, java.lang.Object, java.lang.Object)'> (0x0000000712b303b0) 
thrown [s\open\src\hotspot\share\interpreter\linkResolver.cpp, line 773]
Event: 73.454 Thread 0x0000020c60480d20 Exception <a 'java/lang/NoSuchMethodError'{0x0000000712b3ebb8}: 'int java.lang.invoke.DirectMethodHandle$Holder.invokeSpecialIFC(java.lang.Object, java.lang.Object, java.lang.Object, java.lang.Object, java.lang.Object)'> (0x0000000712b3ebb8) 
thrown [s\open\src\hotspot\share\interpreter\linkResolver.cpp, line 773]
Event: 78.445 Thread 0x0000020c60480d20 Exception <a 'java/lang/NoSuchMethodError'{0x00000007128d4810}: 'java.lang.Object java.lang.invoke.DirectMethodHandle$Holder.newInvokeSpecial(java.lang.Object, java.lang.Object, java.lang.Object, java.lang.Object, java.lang.Object)'> (0x00000007128d4810) 
thrown [s\open\src\hotspot\share\interpreter\linkResolver.cpp, line 773]
Event: 80.407 Thread 0x0000020c60480d20 Exception <a 'java/lang/NoSuchMethodError'{0x00000007129d8828}: 'int java.lang.invoke.DirectMethodHandle$Holder.invokeStaticInit(java.lang.Object, java.lang.Object)'> (0x00000007129d8828) 
thrown [s\open\src\hotspot\share\interpreter\linkResolver.cpp, line 773]
Event: 80.417 Thread 0x0000020c60480d20 Exception <a 'java/lang/NoClassDefFoundError'{0x000000071260f770}: javax/enterprise/inject/Typed> (0x000000071260f770) 
thrown [s\open\src\hotspot\share\classfile\systemDictionary.cpp, line 301]

ZGC Phase Switch (0 events):
No events

VM Operations (20 events):
Event: 72.381 Executing VM operation: Cleanup
Event: 72.650 Executing VM operation: Cleanup done
Event: 73.657 Executing VM operation: Cleanup
Event: 74.149 Executing VM operation: Cleanup done
Event: 75.154 Executing VM operation: Cleanup
Event: 75.154 Executing VM operation: Cleanup done
Event: 78.191 Executing VM operation: Cleanup
Event: 78.379 Executing VM operation: Cleanup done
Event: 79.391 Executing VM operation: Cleanup
Event: 79.391 Executing VM operation: Cleanup done
Event: 81.395 Executing VM operation: Cleanup
Event: 82.578 Executing VM operation: Cleanup done
Event: 83.591 Executing VM operation: Cleanup
Event: 84.279 Executing VM operation: Cleanup done
Event: 84.280 Executing VM operation: G1CollectForAllocation (G1 Evacuation Pause)
Event: 91.004 Executing VM operation: G1CollectForAllocation (G1 Evacuation Pause) done
Event: 92.012 Executing VM operation: Cleanup
Event: 92.027 Executing VM operation: Cleanup done
Event: 93.030 Executing VM operation: Cleanup
Event: 93.030 Executing VM operation: Cleanup done

Events (18 events):
Event: 1.714 Thread 0x0000020c60480d20 Thread added: 0x0000020c60480d20
Event: 4.397 Thread 0x0000020c7f5e0500 Thread added: 0x0000020c7f5e0500
Event: 4.398 Thread 0x0000020c7f5e5710 Thread added: 0x0000020c7f5e5710
Event: 4.398 Thread 0x0000020c7f5ea430 Thread added: 0x0000020c7f5ea430
Event: 4.398 Thread 0x0000020c7f5eae80 Thread added: 0x0000020c7f5eae80
Event: 4.398 Thread 0x0000020c7f5eb8d0 Thread added: 0x0000020c7f5eb8d0
Event: 4.398 Thread 0x0000020c7f5ec320 Thread added: 0x0000020c7f5ec320
Event: 4.398 Thread 0x0000020c7f5ef260 Thread added: 0x0000020c7f5ef260
Event: 4.602 Thread 0x0000020c7f5f3d80 Thread added: 0x0000020c7f5f3d80
Event: 4.689 Thread 0x0000020c7f5b67d0 Thread added: 0x0000020c7f5b67d0
Event: 8.315 Thread 0x0000020c7f953ab0 Thread added: 0x0000020c7f953ab0
Event: 8.315 Thread 0x0000020c7f954b70 Thread added: 0x0000020c7f954b70
Event: 11.144 Thread 0x0000020c7f9b53f0 Thread added: 0x0000020c7f9b53f0
Event: 11.753 Thread 0x0000020c7f9b53f0 Thread exited: 0x0000020c7f9b53f0
Event: 43.448 Thread 0x0000020c7fd1b5e0 Thread added: 0x0000020c7fd1b5e0
Event: 67.352 Thread 0x0000020c7fd1b5e0 Thread exited: 0x0000020c7fd1b5e0
Event: 82.588 Thread 0x0000020c7f971240 Thread added: 0x0000020c7f971240
Event: 82.599 Thread 0x0000020c4766a9b0 Thread added: 0x0000020c4766a9b0


Dynamic libraries:
0x00007ff7e26f0000 - 0x00007ff7e2700000 	C:\Program Files\Java\jdk-21.0.6\bin\java.exe
0x00007ffbc1e40000 - 0x00007ffbc20a0000 	C:\WINDOWS\SYSTEM32\ntdll.dll
0x00007ffbc0980000 - 0x00007ffbc0a47000 	C:\WINDOWS\System32\KERNEL32.DLL
0x00007ffbbf020000 - 0x00007ffbbf3ea000 	C:\WINDOWS\System32\KERNELBASE.dll
0x00007ffbbf810000 - 0x00007ffbbf95b000 	C:\WINDOWS\System32\ucrtbase.dll
0x00007ffb815c0000 - 0x00007ffb815d9000 	C:\Program Files\Java\jdk-21.0.6\bin\jli.dll
0x00007ffbc0450000 - 0x00007ffbc0502000 	C:\WINDOWS\System32\ADVAPI32.dll
0x00007ffbc02c0000 - 0x00007ffbc0369000 	C:\WINDOWS\System32\msvcrt.dll
0x00007ffbbff10000 - 0x00007ffbbffb6000 	C:\WINDOWS\System32\sechost.dll
0x00007ffbc0860000 - 0x00007ffbc0976000 	C:\WINDOWS\System32\RPCRT4.dll
0x00007ffba5240000 - 0x00007ffba54d7000 	C:\WINDOWS\WinSxS\amd64_microsoft.windows.common-controls_6595b64144ccf1df_6.0.26100.3624_none_3e086962e3345f24\COMCTL32.dll
0x00007ffbc18f0000 - 0x00007ffbc191a000 	C:\WINDOWS\System32\GDI32.dll
0x00007ffbbf3f0000 - 0x00007ffbbf417000 	C:\WINDOWS\System32\win32u.dll
0x00007ffbbf620000 - 0x00007ffbbf751000 	C:\WINDOWS\System32\gdi32full.dll
0x00007ffbbf760000 - 0x00007ffbbf803000 	C:\WINDOWS\System32\msvcp_win.dll
0x00007ffbbfc40000 - 0x00007ffbbfe0c000 	C:\WINDOWS\System32\USER32.dll
0x00007ffbaee60000 - 0x00007ffbaee6b000 	C:\WINDOWS\SYSTEM32\VERSION.dll
0x00007ffba0ac0000 - 0x00007ffba0adb000 	C:\Program Files\Java\jdk-21.0.6\bin\VCRUNTIME140.dll
0x00007ffbc0820000 - 0x00007ffbc084f000 	C:\WINDOWS\System32\IMM32.DLL
0x00007ffbb0a50000 - 0x00007ffbb0a5c000 	C:\Program Files\Java\jdk-21.0.6\bin\vcruntime140_1.dll
0x00007ffb77ad0000 - 0x00007ffb77b5e000 	C:\Program Files\Java\jdk-21.0.6\bin\msvcp140.dll
0x00007ffb58f30000 - 0x00007ffb59c4a000 	C:\Program Files\Java\jdk-21.0.6\bin\server\jvm.dll
0x00007ffbc0b30000 - 0x00007ffbc0ba4000 	C:\WINDOWS\System32\WS2_32.dll
0x00007ffbbe6d0000 - 0x00007ffbbe72e000 	C:\WINDOWS\SYSTEM32\POWRPROF.dll
0x00007ffbb7340000 - 0x00007ffbb7376000 	C:\WINDOWS\SYSTEM32\WINMM.dll
0x00007ffbbe6b0000 - 0x00007ffbbe6c4000 	C:\WINDOWS\SYSTEM32\UMPDC.dll
0x00007ffbbdd90000 - 0x00007ffbbddaa000 	C:\WINDOWS\SYSTEM32\kernel.appcore.dll
0x00007ffba0c80000 - 0x00007ffba0c8a000 	C:\Program Files\Java\jdk-21.0.6\bin\jimage.dll
0x000000005fc40000 - 0x000000005fdd6000 	C:\Program Files\Microsoft SQL Server\110\Shared\DBGHELP.DLL
0x00007ffbb9d50000 - 0x00007ffbb9d5f000 	C:\Program Files\Java\jdk-21.0.6\bin\instrument.dll
0x00007ffb815a0000 - 0x00007ffb815bf000 	C:\Program Files\Java\jdk-21.0.6\bin\java.dll
0x00007ffbc1080000 - 0x00007ffbc17a9000 	C:\WINDOWS\System32\SHELL32.dll
0x00007ffbbf4b0000 - 0x00007ffbbf618000 	C:\WINDOWS\System32\wintypes.dll
0x00007ffbc1920000 - 0x00007ffbc1ca2000 	C:\WINDOWS\System32\combase.dll
0x00007ffbbcc80000 - 0x00007ffbbd4d2000 	C:\WINDOWS\SYSTEM32\windows.storage.dll
0x00007ffbc1800000 - 0x00007ffbc18ed000 	C:\WINDOWS\System32\SHCORE.dll
0x00007ffbc1cb0000 - 0x00007ffbc1d14000 	C:\WINDOWS\System32\shlwapi.dll
0x00007ffbbef30000 - 0x00007ffbbef5f000 	C:\WINDOWS\SYSTEM32\profapi.dll
0x00007ffb6cb30000 - 0x00007ffb6cc07000 	C:\Program Files\Java\jdk-21.0.6\bin\jsvml.dll
0x00007ffb81440000 - 0x00007ffb81458000 	C:\Program Files\Java\jdk-21.0.6\bin\zip.dll
0x00007ffb96630000 - 0x00007ffb96640000 	C:\Program Files\Java\jdk-21.0.6\bin\net.dll
0x00007ffbb9120000 - 0x00007ffbb923d000 	C:\WINDOWS\SYSTEM32\WINHTTP.dll
0x00007ffbbe2f0000 - 0x00007ffbbe35a000 	C:\WINDOWS\system32\mswsock.dll
0x00007ffb81530000 - 0x00007ffb81546000 	C:\Program Files\Java\jdk-21.0.6\bin\nio.dll
0x00007ffbb9990000 - 0x00007ffbb99aa000 	C:\Program Files\JetBrains\IntelliJ IDEA 2023.3.4\bin\breakgen64.dll
0x00007ffb8f2e0000 - 0x00007ffb8f2e9000 	C:\Program Files\Java\jdk-21.0.6\bin\extnet.dll
0x00007ffb90e90000 - 0x00007ffb90eb4000 	C:\Users\DELL\AppData\Local\Temp\jansi-2.4.1-940293ca0c2f43bc-jansi.dll
0x00007ffb81fe0000 - 0x00007ffb81ff0000 	C:\Program Files\Java\jdk-21.0.6\bin\verify.dll

dbghelp: loaded successfully - version: 4.0.5 - missing functions: none
symbol engine: initialized successfully - sym options: 0x614 - pdb path: .;C:\Program Files\Java\jdk-21.0.6\bin;C:\WINDOWS\SYSTEM32;C:\WINDOWS\WinSxS\amd64_microsoft.windows.common-controls_6595b64144ccf1df_6.0.26100.3624_none_3e086962e3345f24;C:\Program Files\Java\jdk-21.0.6\bin\server;C:\Program Files\Microsoft SQL Server\110\Shared;C:\Program Files\JetBrains\IntelliJ IDEA 2023.3.4\bin;C:\Users\DELL\AppData\Local\Temp

VM Arguments:
jvm_args: -Dmaven.multiModuleProjectDirectory=C:\Users\DELL\Desktop\angular Project\backEnd\carsAgence -Djansi.passthrough=true -Dmaven.home=C:\Users\DELL\.m2\wrapper\dists\apache-maven-3.9.9-bin\4nf9hui3q3djbarqar9g711ggc\apache-maven-3.9.9 -Dclassworlds.conf=C:\Users\DELL\.m2\wrapper\dists\apache-maven-3.9.9-bin\4nf9hui3q3djbarqar9g711ggc\apache-maven-3.9.9\bin\m2.conf -Dmaven.ext.class.path=C:\Program Files\JetBrains\IntelliJ IDEA 2023.3.4\plugins\maven\lib\maven-event-listener.jar -javaagent:C:\Program Files\JetBrains\IntelliJ IDEA 2023.3.4\lib\idea_rt.jar=52415:C:\Program Files\JetBrains\IntelliJ IDEA 2023.3.4\bin -Dfile.encoding=UTF-8 -Dsun.stdout.encoding=UTF-8 -Dsun.stderr.encoding=UTF-8 
java_command: org.codehaus.classworlds.Launcher -Didea.version=2023.3.4 clean install
java_class_path (initial): C:\Users\DELL\.m2\wrapper\dists\apache-maven-3.9.9-bin\4nf9hui3q3djbarqar9g711ggc\apache-maven-3.9.9\boot\plexus-classworlds-2.8.0.jar;C:\Users\DELL\.m2\wrapper\dists\apache-maven-3.9.9-bin\4nf9hui3q3djbarqar9g711ggc\apache-maven-3.9.9\boot\plexus-classworlds.license
Launcher Type: SUN_STANDARD

[Global flags]
     intx CICompilerCount                          = 4                                         {product} {ergonomic}
     uint ConcGCThreads                            = 2                                         {product} {ergonomic}
     uint G1ConcRefinementThreads                  = 8                                         {product} {ergonomic}
   size_t G1HeapRegionSize                         = 2097152                                   {product} {ergonomic}
    uintx GCDrainStackTargetSize                   = 64                                        {product} {ergonomic}
   size_t InitialHeapSize                          = 264241152                                 {product} {ergonomic}
   size_t MarkStackSize                            = 4194304                                   {product} {ergonomic}
   size_t MaxHeapSize                              = 4227858432                                {product} {ergonomic}
   size_t MaxNewSize                               = 2535456768                                {product} {ergonomic}
   size_t MinHeapDeltaBytes                        = 2097152                                   {product} {ergonomic}
   size_t MinHeapSize                              = 8388608                                   {product} {ergonomic}
    uintx NonNMethodCodeHeapSize                   = 5839372                                {pd product} {ergonomic}
    uintx NonProfiledCodeHeapSize                  = 122909434                              {pd product} {ergonomic}
    uintx ProfiledCodeHeapSize                     = 122909434                              {pd product} {ergonomic}
    uintx ReservedCodeCacheSize                    = 251658240                              {pd product} {ergonomic}
     bool SegmentedCodeCache                       = true                                      {product} {ergonomic}
   size_t SoftMaxHeapSize                          = 4227858432                             {manageable} {ergonomic}
     bool UseCompressedOops                        = true                           {product lp64_product} {ergonomic}
     bool UseG1GC                                  = true                                      {product} {ergonomic}
     bool UseLargePagesIndividualAllocation        = false                                  {pd product} {ergonomic}

Logging:
Log output configuration:
 #0: stdout all=warning uptime,level,tags foldmultilines=false
 #1: stderr all=off uptime,level,tags foldmultilines=false

Environment Variables:
PATH=C:\PySchool\3.10-32-bit\Scripts;C:\PySchool\3.10-32-bit;C:\oraclexe\app\oracle\product\11.2.0\server\bin;C:\Program Files (x86)\VMware\VMware Workstation\bin\;C:\Program Files\Common Files\Siemens\Automation\Simatic OAM\bin;C:\WINDOWS\system32;C:\WINDOWS;C:\WINDOWS\System32\Wbem;C:\WINDOWS\System32\WindowsPowerShell\v1.0\;C:\WINDOWS\System32\OpenSSH\;C:\Program Files (x86)\Microchip\MPLAB C32 Suite\bin;c:\Program Files (x86)\Microsoft SQL Server\100\Tools\Binn\;c:\Program Files\Microsoft SQL Server\100\Tools\Binn\;c:\Program Files\Microsoft SQL Server\100\DTS\Binn\;C:\Users\DELL\AppData\Local\Programs\Python\Python311;C:\Users\DELL\AppData\Local\Programs\Python\Python311\Scripts;C:\wamp64\bin\php\php8.2.0;C:\wamp64\bin;C:\Program Files\Git\cmd;C:\Program Files\dotnet\;C:\Program Files\Docker\Docker\resources\bin;C:\Users\DELL\AppData\Local\nvm;C:\nvm4w\nodejs;C:\Program Files\Microsoft SQL Server\150\Tools\Binn\;C:\Program Files\Microsoft SQL Server\Client SDK\ODBC\170\Tools\Binn\;C:\Program Files (x86)\Windows Kits\10\Windows Performance Toolkit\;C:\Program Files\Microsoft SQL Server\110\DTS\Binn\;C:\Program Files (x86)\Microsoft SQL Server\110\Tools\Binn\;C:\Program Files\Microsoft SQL Server\110\Tools\Binn\;C:\Program Files (x86)\Microsoft SQL Server\110\Tools\Binn\ManagementStudio\;C:\Program Files (x86)\Microsoft Visual Studio 10.0\Common7\IDE\PrivateAssemblies\;C:\Program Files (x86)\Microsoft SQL Server\110\DTS\Binn\;C:\Program Files\Java\jdk-21.0.6\bin;C:\Users\DELL\scoop\shims;C:\Users\DELL\AppData\Local\Microsoft\WindowsApps;C:\phpm\php-8.2.3 (1);C:\Program Files\JetBrains\PhpStorm 2023.1\bin;;C:\wamp64\bin;C:\Users\DELL\AppData\Local\Programs\Microsoft VS Code\bin;C:\Users\DELL\AppData\Roaming\npm;C:\Users\DELL\AppData\Local\nvm;C:\nvm4w\nodejs;C:\Users\DELL\.dotnet\tools;C:\Users\DELL\AppData\Local\Programs\cursor\resources\app\bin
USERNAME=DELL
OS=Windows_NT
PROCESSOR_IDENTIFIER=Intel64 Family 6 Model 140 Stepping 1, GenuineIntel
TMP=C:\Users\DELL\AppData\Local\Temp
TEMP=C:\Users\DELL\AppData\Local\Temp




Periodic native trim disabled

---------------  S Y S T E M  ---------------

OS:
 Windows 11 , 64 bit Build 26100 (10.0.26100.3775)
OS uptime: 1 days 17:54 hours
Hyper-V role detected

CPU: total 8 (initial active 8) (4 cores per cpu, 2 threads per core) family 6 model 140 stepping 1 microcode 0xba, cx8, cmov, fxsr, ht, mmx, 3dnowpref, sse, sse2, sse3, ssse3, sse4.1, sse4.2, popcnt, lzcnt, tsc, tscinvbit, avx, avx2, aes, erms, clmul, bmi1, bmi2, adx, avx512f, avx512dq, avx512cd, avx512bw, avx512vl, sha, fma, vzeroupper, avx512_vpopcntdq, avx512_vpclmulqdq, avx512_vaes, avx512_vnni, clflush, clflushopt, clwb, avx512_vbmi2, avx512_vbmi, hv, rdtscp, rdpid, fsrm, gfni, avx512_bitalg, f16c, cet_ibt, cet_ss, avx512_ifma
Processor Information for all 8 processors :
  Max Mhz: 2419, Current Mhz: 2419, Mhz Limit: 2419

Memory: 4k page, system-wide physical 16126M (1357M free)
TotalPageFile size 65278M (AvailPageFile size 1161M)
current process WorkingSet (physical memory assigned to process): 70M, peak: 70M
current process commit charge ("private bytes"): 358M, peak: 358M

vm_info: Java HotSpot(TM) 64-Bit Server VM (21.0.6+8-LTS-188) for windows-amd64 JRE (21.0.6+8-LTS-188), built on 2024-12-03T10:50:54Z by "mach5one" with MS VC++ 17.6 (VS2022)

END.
