#
# There is insufficient memory for the Java Runtime Environment to continue.
# Native memory allocation (mmap) failed to map 65536 bytes for Failed to commit metaspace.
# Possible reasons:
#   The system is out of physical RAM or swap space
#   The process is running with CompressedOops enabled, and the Java Heap may be blocking the growth of the native heap
# Possible solutions:
#   Reduce memory load on the system
#   Increase physical memory or swap space
#   Check if swap backing store is full
#   Decrease Java heap size (-Xmx/-Xms)
#
#  Out of Memory Error, pid=2623611th Gen Intel(R) Core(TM) i5-1135G7 @ 2.40GHz, 8 cores, 15G,  Windows 11 , 64 bit Build 26100 (10.0.26100.3775)
Time: Tue Apr 22 17:31:52 2025 Afr. centrale Ouest elapsed time: 91.277666 seconds (0d 0h 1m 31s)

---------------  T H R E A D  ---------------

Current thread (0x000001fc51bd4420):  JavaThread "main"             [_thread_in_vm, id=29592, stack(0x000000df0ba00000,0x000000df0bb00000) (1024K)]

Stack: [0x000000df0ba00000,0x000000df0bb00000]
Native frames: (J=compiled Java code, j=interpreted, Vv=VM code, C=native code)
V  [jvm.dll+0x6ca6d9]
V  [jvm.dll+0x854f51]
V  [jvm.dll+0x85747e]
V  [jvm.dll+0x857b53]
V  [jvm.dll+0x27dcc6]
V  [jvm.dll+0x850b6e]
V  [jvm.dll+0x66e3e5]
V  [jvm.dll+0x1e3f1c]
V  [jvm.dll+0x1e3cee]
V  [jvm.dll+0x670d13]
V  [jvm.dll+0x670b32]
V  [jvm.dll+0x66edbe]
V  [jvm.dll+0x2681ef]
V  [jvm.dll+0x679135]
V  [jvm.dll+0x214cb1]
V  [jvm.dll+0x21513a]
V  [jvm.dll+0x215b61]
V  [jvm.dll+0x20affe]
V  [jvm.dll+0x5ad2ec]
V  [jvm.dll+0x7cf136]
V  [jvm.dll+0x470c46]
V  [jvm.dll+0x476ac8]
C  [java.dll+0x17ec]

Java frames: (J=compiled Java code, j=interpreted, Vv=VM code)
J 585  java.lang.ClassLoader.defineClass1(Ljava/lang/ClassLoader;Ljava/lang/String;[BIILjava/security/ProtectionDomain;Ljava/lang/String;)Ljava/lang/Class; java.base@21.0.6 (0 bytes) @ 0x000001fc63591691 [0x000001fc635915c0+0x00000000000000d1]
j  java.lang.ClassLoader.defineClass(Ljava/lang/String;[BIILjava/security/ProtectionDomain;)Ljava/lang/Class;+27 java.base@21.0.6
j  java.security.SecureClassLoader.defineClass(Ljava/lang/String;[BIILjava/security/CodeSource;)Ljava/lang/Class;+12 java.base@21.0.6
j  java.net.URLClassLoader.defineClass(Ljava/lang/String;Ljdk/internal/loader/Resource;)Ljava/lang/Class;+220 java.base@21.0.6
j  java.net.URLClassLoader$1.run()Ljava/lang/Class;+43 java.base@21.0.6
j  java.net.URLClassLoader$1.run()Ljava/lang/Object;+1 java.base@21.0.6
J 632 c1 java.security.AccessController.executePrivileged(Ljava/security/PrivilegedExceptionAction;Ljava/security/AccessControlContext;Ljava/lang/Class;)Ljava/lang/Object; java.base@21.0.6 (65 bytes) @ 0x000001fc5bb837cc [0x000001fc5bb83660+0x000000000000016c]
j  java.security.AccessController.doPrivileged(Ljava/security/PrivilegedExceptionAction;Ljava/security/AccessControlContext;)Ljava/lang/Object;+13 java.base@21.0.6
j  java.net.URLClassLoader.findClass(Ljava/lang/String;)Ljava/lang/Class;+13 java.base@21.0.6
j  org.codehaus.plexus.classworlds.realm.ClassRealm.findClassInternal(Ljava/lang/String;)Ljava/lang/Class;+2
j  org.codehaus.plexus.classworlds.realm.ClassRealm.loadClassFromSelf(Ljava/lang/String;)Ljava/lang/Class;+20
j  org.codehaus.plexus.classworlds.strategy.SelfFirstStrategy.loadClass(Ljava/lang/String;)Ljava/lang/Class;+18
j  org.codehaus.plexus.classworlds.realm.ClassRealm.unsynchronizedLoadClass(Ljava/lang/String;Z)Ljava/lang/Class;+13
j  org.codehaus.plexus.classworlds.realm.ClassRealm.loadClass(Ljava/lang/String;Z)Ljava/lang/Class;+9
J 631 c1 org.codehaus.plexus.classworlds.realm.ClassRealm.loadClass(Ljava/lang/String;)Ljava/lang/Class; (7 bytes) @ 0x000001fc5bb832c4 [0x000001fc5bb831c0+0x0000000000000104]
v  ~StubRoutines::call_stub 0x000001fc62fc10e7
j  org.eclipse.sisu.space.SpaceModule.<clinit>()V+26
v  ~StubRoutines::call_stub 0x000001fc62fc10e7
j  org.eclipse.sisu.plexus.PlexusAnnotatedBeanModule.<init>(Lorg/eclipse/sisu/space/ClassSpace;Ljava/util/Map;Lorg/eclipse/sisu/space/BeanScanning;Z)V+17
j  org.codehaus.plexus.DefaultPlexusContainer.<init>(Lorg/codehaus/plexus/ContainerConfiguration;[Lcom/google/inject/Module;)V+378
j  org.apache.maven.cli.MavenCli.container(Lorg/apache/maven/cli/CliRequest;)Lorg/codehaus/plexus/PlexusContainer;+279
j  org.apache.maven.cli.MavenCli.doMain(Lorg/apache/maven/cli/CliRequest;)I+34
j  org.apache.maven.cli.MavenCli.main([Ljava/lang/String;Lorg/codehaus/plexus/classworlds/ClassWorld;)I+24
j  java.lang.invoke.DirectMethodHandle$Holder.invokeStatic(Ljava/lang/Object;Ljava/lang/Object;Ljava/lang/Object;)I+11 java.base@21.0.6
j  java.lang.invoke.LambdaForm$MH+0x000001fc0100b000.invoke(Ljava/lang/Object;Ljava/lang/Object;Ljava/lang/Object;Ljava/lang/Object;)Ljava/lang/Object;+54 java.base@21.0.6
j  java.lang.invoke.LambdaForm$MH+0x000001fc01002800.invokeExact_MT(Ljava/lang/Object;Ljava/lang/Object;Ljava/lang/Object;Ljava/lang/Object;Ljava/lang/Object;)Ljava/lang/Object;+22 java.base@21.0.6
j  jdk.internal.reflect.DirectMethodHandleAccessor.invokeImpl(Ljava/lang/Object;[Ljava/lang/Object;)Ljava/lang/Object;+72 java.base@21.0.6
j  jdk.internal.reflect.DirectMethodHandleAccessor.invoke(Ljava/lang/Object;[Ljava/lang/Object;)Ljava/lang/Object;+23 java.base@21.0.6
j  java.lang.reflect.Method.invoke(Ljava/lang/Object;[Ljava/lang/Object;)Ljava/lang/Object;+102 java.base@21.0.6
j  org.codehaus.plexus.classworlds.launcher.Launcher.launchEnhanced([Ljava/lang/String;)V+45
j  org.codehaus.plexus.classworlds.launcher.Launcher.launch([Ljava/lang/String;)V+2
j  org.codehaus.plexus.classworlds.launcher.Launcher.mainWithExitCode([Ljava/lang/String;)I+108
j  org.codehaus.plexus.classworlds.launcher.Launcher.main([Ljava/lang/String;)V+1
j  org.codehaus.classworlds.Launcher.main([Ljava/lang/String;)V+1
v  ~StubRoutines::call_stub 0x000001fc62fc10e7

Compiled method (n/a)   93319  585     n 0       java.lang.ClassLoader::defineClass1 (native)
 total in heap  [0x000001fc63591410,0x000001fc63591b70] = 1888
 relocation     [0x000001fc63591570,0x000001fc635915b0] = 64
 main code      [0x000001fc635915c0,0x000001fc63591b6f] = 1455
 stub code      [0x000001fc63591b6f,0x000001fc63591b70] = 1

[Constant Pool (empty)]

[MachCode]
[Entry Point]
  # {method} {0x000001fc0043ac80} 'defineClass1' '(Ljava/lang/ClassLoader;Ljava/lang/String;[BIILjava/security/ProtectionDomain;Ljava/lang/String;)Ljava/lang/Class;' in 'java/lang/ClassLoader'
  # parm0:    rdx:rdx   = 'java/lang/ClassLoader'
  # parm1:    r8:r8     = 'java/lang/String'
  # parm2:    r9:r9     = '[B'
  # parm3:    rdi       = int
  # parm4:    rsi       = int
  # parm5:    rcx:rcx   = 'java/security/ProtectionDomain'
  # parm6:    [sp+0xa0]   = 'java/lang/String'  (sp of caller)
  0x000001fc635915c0: 448b 5208 | 49bb 0000 | 0000 fc01 | 0000 4d03 | d349 3bc2 | 0f84 0600 

  0x000001fc635915d8: ;   {runtime_call ic_miss_stub}
  0x000001fc635915d8: 0000 e9a1 | d3a7 ff90 
[Verified Entry Point]
  0x000001fc635915e0: 8984 2400 | 80ff ff55 | 488b ec48 | 81ec 9000 | 0000 6690 | 4181 7f20 | 0100 0000 

  0x000001fc635915fc: ;   {runtime_call StubRoutines (final stubs)}
  0x000001fc635915fc: 7405 e87d | 47a6 ff48 | 837d 1000 | 488d 4510 | 480f 4445 | 1048 8944 | 2440 4889 | 4c24 7048 
  0x000001fc6359161c: 83f9 0048 | 8d44 2470 | 480f 4444 | 2470 4889 | 4424 3848 | 8974 2430 | 4889 7c24 | 284c 894c 
  0x000001fc6359163c: 2458 4983 | f900 488d | 4424 5848 | 0f44 4424 | 5848 8944 | 2420 4c89 | 4424 5049 | 83f8 004c 
  0x000001fc6359165c: 8d4c 2450 | 4c0f 444c | 2450 4889 | 5424 4848 | 83fa 004c | 8d44 2448 | 4c0f 4444 

  0x000001fc63591678: ;   {oop(a 'java/lang/Class'{0x0000000713a01450} = 'java/lang/ClassLoader')}
  0x000001fc63591678: 2448 49be | 5014 a013 | 0700 0000 | 4c89 7424 | 784c 8d74 | 2478 498b | d6c5 f877 

  0x000001fc63591694: ;   {internal_word}
  0x000001fc63591694: 49ba 9116 | 5963 fc01 | 0000 4d89 | 97a0 0300 | 0049 89a7 | 9803 0000 

  0x000001fc635916ac: ;   {external_word}
  0x000001fc635916ac: 49ba e057 | b559 fb7f | 0000 4180 | 3a00 0f84 | 4e00 0000 | 5241 5041 

  0x000001fc635916c4: ;   {metadata({method} {0x000001fc0043ac80} 'defineClass1' '(Ljava/lang/ClassLoader;Ljava/lang/String;[BIILjava/security/ProtectionDomain;Ljava/lang/String;)Ljava/lang/Class;' in 'java/lang/ClassLoader')}
  0x000001fc635916c4: 5148 ba78 | ac43 00fc | 0100 0049 | 8bcf 4883 | ec20 40f6 | c40f 0f84 | 1900 0000 | 4883 ec08 
  0x000001fc635916e4: ;   {runtime_call}
  0x000001fc635916e4: 48b8 8005 | 6659 fb7f | 0000 ffd0 | 4883 c408 | e90c 0000 

  0x000001fc635916f8: ;   {runtime_call}
  0x000001fc635916f8: 0048 b880 | 0566 59fb | 7f00 00ff | d048 83c4 | 2041 5941 | 585a 498d | 8fb8 0300 | 0041 c787 
  0x000001fc63591718: 4404 0000 | 0400 0000 

  0x000001fc63591720: ;   {runtime_call}
  0x000001fc63591720: 48b8 ac16 | 5a81 fb7f | 0000 ffd0 | c5f8 7741 | c787 4404 | 0000 0500 | 0000 f083 | 4424 c000 
  0x000001fc63591740: 493b af48 | 0400 000f | 870e 0000 | 0041 83bf | 4004 0000 | 000f 842b | 0000 00c5 | f877 4889 
  0x000001fc63591760: 45f8 498b | cf4c 8be4 | 4883 ec20 | 4883 e4f0 

  0x000001fc63591770: ;   {runtime_call}
  0x000001fc63591770: 48b8 f0b2 | 3159 fb7f | 0000 ffd0 | 498b e44d | 33e4 488b | 45f8 41c7 | 8744 0400 | 0008 0000 
  0x000001fc63591790: 0041 83bf | c004 0000 | 020f 84a3 

  0x000001fc6359179c: ;   {external_word}
  0x000001fc6359179c: 0300 0049 | bae0 57b5 | 59fb 7f00 | 0041 803a | 000f 844c | 0000 0048 

  0x000001fc635917b4: ;   {metadata({method} {0x000001fc0043ac80} 'defineClass1' '(Ljava/lang/ClassLoader;Ljava/lang/String;[BIILjava/security/ProtectionDomain;Ljava/lang/String;)Ljava/lang/Class;' in 'java/lang/ClassLoader')}
  0x000001fc635917b4: 8945 f848 | ba78 ac43 | 00fc 0100 | 0049 8bcf | 4883 ec20 | 40f6 c40f | 0f84 1900 | 0000 4883 
  0x000001fc635917d4: ;   {runtime_call}
  0x000001fc635917d4: ec08 48b8 | 8005 6659 | fb7f 0000 | ffd0 4883 | c408 e90c 

  0x000001fc635917e8: ;   {runtime_call}
  0x000001fc635917e8: 0000 0048 | b880 0566 | 59fb 7f00 | 00ff d048 | 83c4 2048 | 8b45 f849 | c787 9803 | 0000 0000 
  0x000001fc63591808: 0000 49c7 | 87a0 0300 | 0000 0000 | 00c5 f877 | 4885 c00f | 84fe 0200 | 00a8 030f | 8508 0000 
  0x000001fc63591828: 0048 8b00 | e9ee 0200 | 00a8 010f | 8509 0000 | 0048 8b40 | fee9 dd02 | 0000 488b | 40ff 4180 
  0x000001fc63591848: 7f40 000f | 84ce 0200 | 0048 83f8 | 000f 84c4 | 0200 0049 | 8b4f 2848 | 83f9 000f | 8414 0000 
  0x000001fc63591868: 0048 83e9 | 0849 894f | 2849 034f | 3848 8901 | e9a2 0200 | 0048 81ec | 5001 0000 | 4889 0424 
  0x000001fc63591888: 4889 4c24 | 0848 8954 | 2410 4889 | 7424 1848 | 897c 2420 | 4c89 4424 | 284c 894c | 2430 4c89 
  0x000001fc635918a8: 5424 384c | 895c 2440 | c5fb 1144 | 2450 c5fb | 114c 2458 | c5fb 1154 | 2460 c5fb | 115c 2468 
  0x000001fc635918c8: c5fb 1164 | 2470 c5fb | 116c 2478 | c5fb 11b4 | 2480 0000 | 00c5 fb11 | bc24 8800 | 0000 c57b 
  0x000001fc635918e8: ;   {no_reloc}
  0x000001fc635918e8: 1184 2490 | 0000 00c5 | 7b11 8c24 | 9800 0000 | c57b 1194 | 24a0 0000 | 00c5 7b11 | 9c24 a800 
  0x000001fc63591908: 0000 c57b | 11a4 24b0 | 0000 00c5 | 7b11 ac24 | b800 0000 | c57b 11b4 | 24c0 0000 | 00c5 7b11 
  0x000001fc63591928: bc24 c800 | 0000 62e1 | ff08 1144 | 241a 62e1 | ff08 114c | 241b 62e1 | ff08 1154 | 241c 62e1 
  0x000001fc63591948: ff08 115c | 241d 62e1 | ff08 1164 | 241e 62e1 | ff08 116c | 241f 62e1 | ff08 1174 | 2420 62e1 
  0x000001fc63591968: ff08 117c | 2421 6261 | ff08 1144 | 2422 6261 | ff08 114c | 2423 6261 | ff08 1154 | 2424 6261 
  0x000001fc63591988: ff08 115c | 2425 6261 | ff08 1164 | 2426 6261 | ff08 116c | 2427 6261 | ff08 1174 | 2428 6261 
  0x000001fc635919a8: ff08 117c | 2429 498b | d748 8bc8 | 4883 ec20 | 40f6 c40f | 0f84 1900 | 0000 4883 

  0x000001fc635919c4: ;   {runtime_call}
  0x000001fc635919c4: ec08 48b8 | 90f1 2459 | fb7f 0000 | ffd0 4883 | c408 e90c 

  0x000001fc635919d8: ;   {runtime_call}
  0x000001fc635919d8: 0000 0048 | b890 f124 | 59fb 7f00 | 00ff d048 | 83c4 2062 | 61ff 0810 | 7c24 2962 | 61ff 0810 
  0x000001fc635919f8: 7424 2862 | 61ff 0810 | 6c24 2762 | 61ff 0810 | 6424 2662 | 61ff 0810 | 5c24 2562 | 61ff 0810 
  0x000001fc63591a18: 5424 2462 | 61ff 0810 | 4c24 2362 | 61ff 0810 | 4424 2262 | e1ff 0810 | 7c24 2162 | e1ff 0810 
  0x000001fc63591a38: 7424 2062 | e1ff 0810 | 6c24 1f62 | e1ff 0810 | 6424 1e62 | e1ff 0810 | 5c24 1d62 | e1ff 0810 
  0x000001fc63591a58: 5424 1c62 | e1ff 0810 | 4c24 1b62 | e1ff 0810 | 4424 1ac5 | 7b10 bc24 | c800 0000 | c57b 10b4 
  0x000001fc63591a78: 24c0 0000 | 00c5 7b10 | ac24 b800 | 0000 c57b | 10a4 24b0 | 0000 00c5 | 7b10 9c24 | a800 0000 
  0x000001fc63591a98: c57b 1094 | 24a0 0000 | 00c5 7b10 | 8c24 9800 | 0000 c57b | 1084 2490 | 0000 00c5 | fb10 bc24 
  0x000001fc63591ab8: 8800 0000 | c5fb 10b4 | 2480 0000 | 00c5 fb10 | 6c24 78c5 | fb10 6424 | 70c5 fb10 | 5c24 68c5 
  0x000001fc63591ad8: ;   {no_reloc}
  0x000001fc63591ad8: fb10 5424 | 60c5 fb10 | 4c24 58c5 | fb10 4424 | 504c 8b5c | 2440 4c8b | 5424 384c | 8b4c 2430 
  0x000001fc63591af8: 4c8b 4424 | 2848 8b7c | 2420 488b | 7424 1848 | 8b54 2410 | 488b 4c24 | 0848 8b04 | 2448 81c4 
  0x000001fc63591b18: 5001 0000 | c5f8 7749 | 8b8f 2804 | 0000 c781 | 0001 0000 | 0000 0000 | c949 837f | 0800 0f85 
  0x000001fc63591b38: 0100 0000 

  0x000001fc63591b3c: ;   {runtime_call StubRoutines (initial stubs)}
  0x000001fc63591b3c: c3e9 bef3 | a2ff c5f8 | 7748 8945 | f84c 8be4 | 4883 ec20 | 4883 e4f0 

  0x000001fc63591b54: ;   {runtime_call}
  0x000001fc63591b54: 48b8 703d | 6659 fb7f | 0000 ffd0 | 498b e44d | 33e4 488b | 45f8 e930 | fcff fff4 
[/MachCode]


Compiled method (c1)   93331  632       3       java.security.AccessController::executePrivileged (65 bytes)
 total in heap  [0x000001fc5bb83490,0x000001fc5bb83a88] = 1528
 relocation     [0x000001fc5bb835f0,0x000001fc5bb83658] = 104
 main code      [0x000001fc5bb83660,0x000001fc5bb83910] = 688
 stub code      [0x000001fc5bb83910,0x000001fc5bb83968] = 88
 metadata       [0x000001fc5bb83968,0x000001fc5bb83978] = 16
 scopes data    [0x000001fc5bb83978,0x000001fc5bb839f0] = 120
 scopes pcs     [0x000001fc5bb839f0,0x000001fc5bb83a70] = 128
 dependencies   [0x000001fc5bb83a70,0x000001fc5bb83a78] = 8
 nul chk table  [0x000001fc5bb83a78,0x000001fc5bb83a88] = 16

[Constant Pool (empty)]

[MachCode]
[Verified Entry Point]
  # {method} {0x000001fc00476778} 'executePrivileged' '(Ljava/security/PrivilegedExceptionAction;Ljava/security/AccessControlContext;Ljava/lang/Class;)Ljava/lang/Object;' in 'java/security/AccessController'
  # parm0:    rdx:rdx   = 'java/security/PrivilegedExceptionAction'
  # parm1:    r8:r8     = 'java/security/AccessControlContext'
  # parm2:    r9:r9     = 'java/lang/Class'
  #           [sp+0x50]  (sp of caller)
  0x000001fc5bb83660: 8984 2400 | 80ff ff55 | 4883 ec40 | 4181 7f20 | 0100 0000 

  0x000001fc5bb83674: ;   {runtime_call StubRoutines (final stubs)}
  0x000001fc5bb83674: 7405 e805 | 2747 074c | 8944 2430 

  0x000001fc5bb83680: ;   {metadata(method data for {method} {0x000001fc00476778} 'executePrivileged' '(Ljava/security/PrivilegedExceptionAction;Ljava/security/AccessControlContext;Ljava/lang/Class;)Ljava/lang/Object;' in 'java/security/AccessController')}
  0x000001fc5bb83680: 48be 5874 | 1873 fc01 | 0000 8bbe | cc00 0000 | 83c7 0289 | becc 0000 | 0081 e7fe | 0700 0085 
  0x000001fc5bb836a0: ff0f 84c7 | 0100 004d 

  0x000001fc5bb836a8: ;   {metadata(method data for {method} {0x000001fc00476778} 'executePrivileged' '(Ljava/security/PrivilegedExceptionAction;Ljava/security/AccessControlContext;Ljava/lang/Class;)Ljava/lang/Object;' in 'java/security/AccessController')}
  0x000001fc5bb836a8: 85c0 48be | 5874 1873 | fc01 0000 | 48bf 1001 | 0000 0000 | 0000 740a | 48bf 2001 | 0000 0000 
  0x000001fc5bb836c8: 0000 488b | 1c3e 488d | 5b01 4889 | 1c3e 4c89 | 4c24 2848 | 8954 2420 | 0f84 2600 

  0x000001fc5bb836e4: ;   {metadata(method data for {method} {0x000001fc00476778} 'executePrivileged' '(Ljava/security/PrivilegedExceptionAction;Ljava/security/AccessControlContext;Ljava/lang/Class;)Ljava/lang/Object;' in 'java/security/AccessController')}
  0x000001fc5bb836e4: 0000 48be | 5874 1873 | fc01 0000 | 4883 8630 | 0100 0001 | 498b d00f 

  0x000001fc5bb836fc: ;   {static_call}
  0x000001fc5bb836fc: 1f40 00e8 

  0x000001fc5bb83700: ; ImmutableOopMap {[32]=Oop [40]=Oop [48]=Oop }
                      ;*invokestatic ensureMaterializedForStackWalk {reexecute=0 rethrow=0 return_oop=0}
                      ; - java.security.AccessController::executePrivileged@5 (line 805)
  0x000001fc5bb83700: 5c81 a007 

  0x000001fc5bb83704: ;   {other}
  0x000001fc5bb83704: 0f1f 8400 | 7402 0000 

  0x000001fc5bb8370c: ;   {metadata(method data for {method} {0x000001fc00476778} 'executePrivileged' '(Ljava/security/PrivilegedExceptionAction;Ljava/security/AccessControlContext;Ljava/lang/Class;)Ljava/lang/Object;' in 'java/security/AccessController')}
  0x000001fc5bb8370c: 48ba 5874 | 1873 fc01 | 0000 ff82 | 4001 0000 | 488b 5424 | 2048 3b02 

  0x000001fc5bb83724: ;   {metadata(method data for {method} {0x000001fc00476778} 'executePrivileged' '(Ljava/security/PrivilegedExceptionAction;Ljava/security/AccessControlContext;Ljava/lang/Class;)Ljava/lang/Object;' in 'java/security/AccessController')}
  0x000001fc5bb83724: 488b f248 | bf58 7418 | 73fc 0100 | 008b 7608 | 49ba 0000 | 0000 fc01 | 0000 4903 | f248 3bb7 
  0x000001fc5bb83744: b001 0000 | 750d 4883 | 87b8 0100 | 0001 e960 | 0000 0048 | 3bb7 c001 | 0000 750d | 4883 87c8 
  0x000001fc5bb83764: 0100 0001 | e94a 0000 | 0048 83bf | b001 0000 | 0075 1748 | 89b7 b001 | 0000 48c7 | 87b8 0100 
  0x000001fc5bb83784: 0001 0000 | 00e9 2900 | 0000 4883 | bfc0 0100 | 0000 7517 | 4889 b7c0 | 0100 0048 | c787 c801 
  0x000001fc5bb837a4: 0000 0100 | 0000 e908 | 0000 0048 | 8387 a001 | 0000 0166 | 0f1f 4400 | 0048 b820 | 3d17 77fc 
  0x000001fc5bb837c4: ;   {virtual_call}
  0x000001fc5bb837c4: 0100 00e8 

  0x000001fc5bb837c8: ; ImmutableOopMap {[40]=Oop [48]=Oop }
                      ;*invokeinterface run {reexecute=0 rethrow=0 return_oop=0}
                      ; - java.security.AccessController::executePrivileged@29 (line 809)
  0x000001fc5bb837c8: 44be 5807 

  0x000001fc5bb837cc: ;   {other}
  0x000001fc5bb837cc: 0f1f 8400 | 3c03 0001 

  0x000001fc5bb837d4: ;   {metadata(method data for {method} {0x000001fc00476778} 'executePrivileged' '(Ljava/security/PrivilegedExceptionAction;Ljava/security/AccessControlContext;Ljava/lang/Class;)Ljava/lang/Object;' in 'java/security/AccessController')}
  0x000001fc5bb837d4: 48be 5874 | 1873 fc01 | 0000 ff86 | d801 0000 | 4c8b 4c24 

  0x000001fc5bb837e8: ;   {metadata(method data for {method} {0x000001fc00476778} 'executePrivileged' '(Ljava/security/PrivilegedExceptionAction;Ljava/security/AccessControlContext;Ljava/lang/Class;)Ljava/lang/Object;' in 'java/security/AccessController')}
  0x000001fc5bb837e8: 2848 be58 | 7418 73fc | 0100 0048 | 8386 3802 

  0x000001fc5bb837f8: ;   {metadata(method data for {method} {0x000001fc0003d000} 'reachabilityFence' '(Ljava/lang/Object;)V' in 'java/lang/ref/Reference')}
  0x000001fc5bb837f8: 0000 0148 | bee8 8f0d | 73fc 0100 | 008b becc | 0000 0083 | c702 89be | cc00 0000 | 81e7 feff 
  0x000001fc5bb83818: 1f00 85ff | 0f84 7200 

  0x000001fc5bb83820: ;   {metadata(method data for {method} {0x000001fc00476778} 'executePrivileged' '(Ljava/security/PrivilegedExceptionAction;Ljava/security/AccessControlContext;Ljava/lang/Class;)Ljava/lang/Object;' in 'java/security/AccessController')}
  0x000001fc5bb83820: 0000 48be | 5874 1873 | fc01 0000 | 4883 8648 | 0200 0001 

  0x000001fc5bb83834: ;   {metadata(method data for {method} {0x000001fc0003d000} 'reachabilityFence' '(Ljava/lang/Object;)V' in 'java/lang/ref/Reference')}
  0x000001fc5bb83834: 48be e88f | 0d73 fc01 | 0000 8bbe | cc00 0000 | 83c7 0289 | becc 0000 | 0081 e7fe | ff1f 0085 
  0x000001fc5bb83854: ff0f 845a | 0000 0048 | 83c4 405d 

  0x000001fc5bb83860: ;   {poll_return}
  0x000001fc5bb83860: 493b a748 | 0400 000f | 8766 0000 

  0x000001fc5bb8386c: ;   {metadata({method} {0x000001fc00476778} 'executePrivileged' '(Ljava/security/PrivilegedExceptionAction;Ljava/security/AccessControlContext;Ljava/lang/Class;)Ljava/lang/Object;' in 'java/security/AccessController')}
  0x000001fc5bb8386c: 00c3 49ba | 7067 4700 | fc01 0000 | 4c89 5424 | 0848 c704 | 24ff ffff 

  0x000001fc5bb83884: ;   {runtime_call counter_overflow Runtime1 stub}
  0x000001fc5bb83884: ffe8 769b 

  0x000001fc5bb83888: ; ImmutableOopMap {rdx=Oop r8=Oop r9=Oop [48]=Oop }
                      ;*synchronization entry
                      ; - java.security.AccessController::executePrivileged@-1 (line 804)
  0x000001fc5bb83888: 5807 e918 

  0x000001fc5bb8388c: ;   {runtime_call throw_null_pointer_exception Runtime1 stub}
  0x000001fc5bb8388c: feff ffe8 

  0x000001fc5bb83890: ; ImmutableOopMap {rdx=Oop [40]=Oop [48]=Oop }
                      ;*invokeinterface run {reexecute=0 rethrow=0 return_oop=0}
                      ; - java.security.AccessController::executePrivileged@29 (line 809)
  0x000001fc5bb83890: 0c4b 4f07 

  0x000001fc5bb83894: ;   {metadata({method} {0x000001fc0003d000} 'reachabilityFence' '(Ljava/lang/Object;)V' in 'java/lang/ref/Reference')}
  0x000001fc5bb83894: 49ba f8cf | 0300 fc01 | 0000 4c89 | 5424 0848 | c704 24ff 

  0x000001fc5bb838a8: ;   {runtime_call counter_overflow Runtime1 stub}
  0x000001fc5bb838a8: ffff ffe8 

  0x000001fc5bb838ac: ; ImmutableOopMap {rax=Oop r9=Oop }
                      ;*synchronization entry
                      ; - java.lang.ref.Reference::reachabilityFence@-1 (line 628)
                      ; - java.security.AccessController::executePrivileged@56 (line 814)
  0x000001fc5bb838ac: 509b 5807 | e96d ffff 

  0x000001fc5bb838b4: ;   {metadata({method} {0x000001fc0003d000} 'reachabilityFence' '(Ljava/lang/Object;)V' in 'java/lang/ref/Reference')}
  0x000001fc5bb838b4: ff49 baf8 | cf03 00fc | 0100 004c | 8954 2408 | 48c7 0424 | ffff ffff 

  0x000001fc5bb838cc: ;   {runtime_call counter_overflow Runtime1 stub}
  0x000001fc5bb838cc: e82f 9b58 

  0x000001fc5bb838d0: ; ImmutableOopMap {rax=Oop }
                      ;*synchronization entry
                      ; - java.lang.ref.Reference::reachabilityFence@-1 (line 628)
                      ; - java.security.AccessController::executePrivileged@60 (line 815)
                      ;   {internal_word}
  0x000001fc5bb838d0: 07eb 8849 | ba60 38b8 | 5bfc 0100 | 004d 8997 | 6004 0000 

  0x000001fc5bb838e4: ;   {runtime_call SafepointBlob}
  0x000001fc5bb838e4: e997 3249 | 0749 8b87 | f804 0000 | 49c7 87f8 | 0400 0000 | 0000 0049 | c787 0005 | 0000 0000 
  0x000001fc5bb83904: 0000 4883 

  0x000001fc5bb83908: ;   {runtime_call unwind_exception Runtime1 stub}
  0x000001fc5bb83908: c440 5de9 | 7059 4f07 
[Stub Code]
  0x000001fc5bb83910: ;   {no_reloc}
  0x000001fc5bb83910: 0f1f 4400 

  0x000001fc5bb83914: ;   {static_stub}
  0x000001fc5bb83914: 0048 bb00 | 0000 0000 

  0x000001fc5bb8391c: ;   {runtime_call}
  0x000001fc5bb8391c: 0000 00e9 | fbff ffff 

  0x000001fc5bb83924: ;   {static_stub}
  0x000001fc5bb83924: 48bb 0000 | 0000 0000 

  0x000001fc5bb8392c: ;   {runtime_call}
  0x000001fc5bb8392c: 0000 e9fb 

  0x000001fc5bb83930: ;   {runtime_call handle_exception_from_callee Runtime1 stub}
  0x000001fc5bb83930: ffff ffe8 | 485e 5807 

  0x000001fc5bb83938: ;   {external_word}
  0x000001fc5bb83938: 48b9 a046 | 8d59 fb7f | 0000 4883 

  0x000001fc5bb83944: ;   {runtime_call}
  0x000001fc5bb83944: e4f0 48b8 | b028 5559 | fb7f 0000 

  0x000001fc5bb83950: ;   {section_word}
  0x000001fc5bb83950: ffd0 f449 | ba53 39b8 | 5bfc 0100 

  0x000001fc5bb8395c: ;   {runtime_call DeoptimizationBlob}
  0x000001fc5bb8395c: 0041 52e9 | bc46 4907 | f4f4 f4f4 
[/MachCode]


Compiled method (c1)   93340  631       3       org.codehaus.plexus.classworlds.realm.ClassRealm::loadClass (7 bytes)
 total in heap  [0x000001fc5bb83010,0x000001fc5bb83408] = 1016
 relocation     [0x000001fc5bb83170,0x000001fc5bb831b0] = 64
 main code      [0x000001fc5bb831c0,0x000001fc5bb83340] = 384
 stub code      [0x000001fc5bb83340,0x000001fc5bb83388] = 72
 oops           [0x000001fc5bb83388,0x000001fc5bb83390] = 8
 metadata       [0x000001fc5bb83390,0x000001fc5bb833a8] = 24
 scopes data    [0x000001fc5bb833a8,0x000001fc5bb833c0] = 24
 scopes pcs     [0x000001fc5bb833c0,0x000001fc5bb83400] = 64
 dependencies   [0x000001fc5bb83400,0x000001fc5bb83408] = 8

[Constant Pool (empty)]

[MachCode]
[Entry Point]
  # {method} {0x000001fc7340c0e8} 'loadClass' '(Ljava/lang/String;)Ljava/lang/Class;' in 'org/codehaus/plexus/classworlds/realm/ClassRealm'
  # this:     rdx:rdx   = 'org/codehaus/plexus/classworlds/realm/ClassRealm'
  # parm0:    r8:r8     = 'java/lang/String'
  #           [sp+0x40]  (sp of caller)
  0x000001fc5bb831c0: 448b 5208 | 49bb 0000 | 0000 fc01 | 0000 4d03 | d34c 3bd0 

  0x000001fc5bb831d4: ;   {runtime_call ic_miss_stub}
  0x000001fc5bb831d4: 0f85 a6b7 | 4807 660f | 1f44 0000 
[Verified Entry Point]
  0x000001fc5bb831e0: 8984 2400 | 80ff ff55 | 4883 ec30 | 4181 7f20 | 0100 0000 

  0x000001fc5bb831f4: ;   {runtime_call StubRoutines (final stubs)}
  0x000001fc5bb831f4: 7405 e885 

  0x000001fc5bb831f8: ;   {metadata(method data for {method} {0x000001fc7340c0e8} 'loadClass' '(Ljava/lang/String;)Ljava/lang/Class;' in 'org/codehaus/plexus/classworlds/realm/ClassRealm')}
  0x000001fc5bb831f8: 2b47 0749 | b948 d041 | 73fc 0100 | 0041 8bb1 | cc00 0000 | 83c6 0241 | 89b1 cc00 | 0000 81e6 
  0x000001fc5bb83218: fe07 0000 | 85f6 0f84 | bb00 0000 

  0x000001fc5bb83224: ;   {metadata(method data for {method} {0x000001fc7340c0e8} 'loadClass' '(Ljava/lang/String;)Ljava/lang/Class;' in 'org/codehaus/plexus/classworlds/realm/ClassRealm')}
  0x000001fc5bb83224: 4c8b ca48 | be48 d041 | 73fc 0100 | 0045 8b49 | 0849 ba00 | 0000 00fc | 0100 004d | 03ca 4c3b 
  0x000001fc5bb83244: 8e20 0100 | 0075 0d48 | 8386 2801 | 0000 01e9 | 6000 0000 | 4c3b 8e30 | 0100 0075 | 0d48 8386 
  0x000001fc5bb83264: 3801 0000 | 01e9 4a00 | 0000 4883 | be20 0100 | 0000 7517 | 4c89 8e20 | 0100 0048 | c786 2801 
  0x000001fc5bb83284: 0000 0100 | 0000 e929 | 0000 0048 | 83be 3001 | 0000 0075 | 174c 898e | 3001 0000 | 48c7 8638 
  0x000001fc5bb832a4: 0100 0001 | 0000 00e9 | 0800 0000 | 4883 8610 | 0100 0001 | 41b9 0000 

  0x000001fc5bb832bc: ;   {optimized virtual_call}
  0x000001fc5bb832bc: 0000 90e8 

  0x000001fc5bb832c0: ; ImmutableOopMap {}
                      ;*invokevirtual loadClass {reexecute=0 rethrow=0 return_oop=0}
                      ; - org.codehaus.plexus.classworlds.realm.ClassRealm::loadClass@3 (line 205)
  0x000001fc5bb832c0: 8100 0000 

  0x000001fc5bb832c4: ;   {other}
  0x000001fc5bb832c4: 0f1f 8400 | b402 0000 | 4883 c430 

  0x000001fc5bb832d0: ;   {poll_return}
  0x000001fc5bb832d0: 5d49 3ba7 | 4804 0000 | 0f87 2200 

  0x000001fc5bb832dc: ;   {metadata({method} {0x000001fc7340c0e8} 'loadClass' '(Ljava/lang/String;)Ljava/lang/Class;' in 'org/codehaus/plexus/classworlds/realm/ClassRealm')}
  0x000001fc5bb832dc: 0000 c349 | bae0 c040 | 73fc 0100 | 004c 8954 | 2408 48c7 | 0424 ffff 

  0x000001fc5bb832f4: ;   {runtime_call counter_overflow Runtime1 stub}
  0x000001fc5bb832f4: ffff e805 

  0x000001fc5bb832f8: ; ImmutableOopMap {rdx=Oop r8=Oop }
                      ;*synchronization entry
                      ; - org.codehaus.plexus.classworlds.realm.ClassRealm::loadClass@-1 (line 205)
  0x000001fc5bb832f8: a158 07e9 | 24ff ffff 

  0x000001fc5bb83300: ;   {internal_word}
  0x000001fc5bb83300: 49ba d132 | b85b fc01 | 0000 4d89 | 9760 0400 

  0x000001fc5bb83310: ;   {runtime_call SafepointBlob}
  0x000001fc5bb83310: 00e9 6a38 | 4907 498b | 87f8 0400 | 0049 c787 | f804 0000 | 0000 0000 | 49c7 8700 | 0500 0000 
  0x000001fc5bb83330: 0000 0048 | 83c4 305d 

  0x000001fc5bb83338: ;   {runtime_call unwind_exception Runtime1 stub}
  0x000001fc5bb83338: e943 5f4f | 07f4 f4f4 
[Stub Code]
  0x000001fc5bb83340: ;   {no_reloc}
  0x000001fc5bb83340: 0f1f 4400 

  0x000001fc5bb83344: ;   {static_stub}
  0x000001fc5bb83344: 0048 bbd8 | c140 73fc 

  0x000001fc5bb8334c: ;   {runtime_call I2C/C2I adapters}
  0x000001fc5bb8334c: 0100 00e9 | 3747 4807 
[Exception Handler]
  0x000001fc5bb83354: ;   {runtime_call handle_exception_from_callee Runtime1 stub}
  0x000001fc5bb83354: e827 6458 

  0x000001fc5bb83358: ;   {external_word}
  0x000001fc5bb83358: 0748 b9a0 | 468d 59fb | 7f00 0048 

  0x000001fc5bb83364: ;   {runtime_call}
  0x000001fc5bb83364: 83e4 f048 | b8b0 2855 | 59fb 7f00 | 00ff d0f4 
[Deopt Handler Code]
  0x000001fc5bb83374: ;   {section_word}
  0x000001fc5bb83374: 49ba 7433 | b85b fc01 | 0000 4152 

  0x000001fc5bb83380: ;   {runtime_call DeoptimizationBlob}
  0x000001fc5bb83380: e99b 4c49 | 07f4 f4f4 
[/MachCode]


---------------  P R O C E S S  ---------------

Threads class SMR info:
_java_thread_list=0x000001fc771763c0, length=13, elements={
0x000001fc51bd4420, 0x000001fc72d13550, 0x000001fc72d1a370, 0x000001fc72d1afc0,
0x000001fc72d1da20, 0x000001fc72d1e470, 0x000001fc72d1eec0, 0x000001fc72d21c50,
0x000001fc72e2ff50, 0x000001fc72e0bfa0, 0x000001fc7716c960, 0x000001fc7716cfc0,
0x000001fc77447010
}

Java Threads: ( => current thread )
=>0x000001fc51bd4420 JavaThread "main"                              [_thread_in_vm, id=29592, stack(0x000000df0ba00000,0x000000df0bb00000) (1024K)]
  0x000001fc72d13550 JavaThread "Reference Handler"          daemon [_thread_blocked, id=32316, stack(0x000000df0c200000,0x000000df0c300000) (1024K)]
  0x000001fc72d1a370 JavaThread "Finalizer"                  daemon [_thread_blocked, id=32320, stack(0x000000df0c300000,0x000000df0c400000) (1024K)]
  0x000001fc72d1afc0 JavaThread "Signal Dispatcher"          daemon [_thread_blocked, id=32324, stack(0x000000df0c400000,0x000000df0c500000) (1024K)]
  0x000001fc72d1da20 JavaThread "Attach Listener"            daemon [_thread_blocked, id=32328, stack(0x000000df0c500000,0x000000df0c600000) (1024K)]
  0x000001fc72d1e470 JavaThread "Service Thread"             daemon [_thread_blocked, id=32332, stack(0x000000df0c600000,0x000000df0c700000) (1024K)]
  0x000001fc72d1eec0 JavaThread "Monitor Deflation Thread"   daemon [_thread_blocked, id=32336, stack(0x000000df0c700000,0x000000df0c800000) (1024K)]
  0x000001fc72d21c50 JavaThread "C2 CompilerThread0"         daemon [_thread_blocked, id=32340, stack(0x000000df0c800000,0x000000df0c900000) (1024K)]
  0x000001fc72e2ff50 JavaThread "C1 CompilerThread0"         daemon [_thread_blocked, id=32484, stack(0x000000df0c900000,0x000000df0ca00000) (1024K)]
  0x000001fc72e0bfa0 JavaThread "Common-Cleaner"             daemon [_thread_blocked, id=32524, stack(0x000000df0ca00000,0x000000df0cb00000) (1024K)]
  0x000001fc7716c960 JavaThread "Monitor Ctrl-Break"         daemon [_thread_in_native, id=22072, stack(0x000000df0b800000,0x000000df0b900000) (1024K)]
  0x000001fc7716cfc0 JavaThread "Notification Thread"        daemon [_thread_blocked, id=5776, stack(0x000000df0cb00000,0x000000df0cc00000) (1024K)]
  0x000001fc77447010 JavaThread "cleanup"                    daemon [_thread_in_vm, id=12944, stack(0x000000df0b700000,0x000000df0b800000) (1024K)]
Total: 13

Other Threads:
  0x000001fc72cf5f10 VMThread "VM Thread"                           [id=30732, stack(0x000000df0c100000,0x000000df0c200000) (1024K)]
  0x000001fc72e0b210 WatcherThread "VM Periodic Task Thread"        [id=30724, stack(0x000000df0c000000,0x000000df0c100000) (1024K)]
  0x000001fc51c3afe0 WorkerThread "GC Thread#0"                     [id=30224, stack(0x000000df0bb00000,0x000000df0bc00000) (1024K)]
  0x000001fc51c4c2e0 ConcurrentGCThread "G1 Main Marker"            [id=30716, stack(0x000000df0bc00000,0x000000df0bd00000) (1024K)]
  0x000001fc51c4d310 WorkerThread "G1 Conc#0"                       [id=30712, stack(0x000000df0bd00000,0x000000df0be00000) (1024K)]
  0x000001fc72c96630 ConcurrentGCThread "G1 Refine#0"               [id=30504, stack(0x000000df0be00000,0x000000df0bf00000) (1024K)]
  0x000001fc72c96e50 ConcurrentGCThread "G1 Service"                [id=29736, stack(0x000000df0bf00000,0x000000df0c000000) (1024K)]
Total: 7

Threads with active compile tasks:
Total: 0

VM state: not at safepoint (normal execution)

VM Mutex/Monitor currently owned by a thread:  ([mutex/lock_event])
[0x00007ffb59b6be18] Metaspace_lock - owner thread: 0x000001fc51bd4420

Heap address: 0x0000000704000000, size: 4032 MB, Compressed Oops mode: Zero based, Oop shift amount: 3

CDS archive(s) mapped at: [0x000001fc00000000-0x000001fc00c90000-0x000001fc00c90000), size 13172736, SharedBaseAddress: 0x000001fc00000000, ArchiveRelocationMode: 1.
Compressed class space mapped at: 0x000001fc01000000-0x000001fc41000000, reserved size: 1073741824
Narrow klass base: 0x000001fc00000000, Narrow klass shift: 0, Narrow klass range: 0x100000000

GC Precious Log:
 CardTable entry size: 512
 Card Set container configuration: InlinePtr #cards 4 size 8 Array Of Cards #cards 16 size 48 Howl #buckets 8 coarsen threshold 3686 Howl Bitmap #cards 512 size 80 coarsen threshold 460 Card regions per heap region 1 cards per card region 4096
 CPUs: 8 total, 8 available
 Memory: 16126M
 Large Page Support: Disabled
 NUMA Support: Disabled
 Compressed Oops: Enabled (Zero based)
 Heap Region Size: 2M
 Heap Min Capacity: 8M
 Heap Initial Capacity: 252M
 Heap Max Capacity: 4032M
 Pre-touch: Disabled
 Parallel Workers: 8
 Concurrent Workers: 2
 Concurrent Refinement Workers: 8
 Periodic GC: Disabled

Heap:
 garbage-first heap   total 258048K, used 10240K [0x0000000704000000, 0x0000000800000000)
  region size 2048K, 6 young (12288K), 0 survivors (0K)
 Metaspace       used 3361K, committed 3456K, reserved 1114112K
  class space    used 330K, committed 384K, reserved 1048576K

Heap Regions: E=young(eden), S=young(survivor), O=old, HS=humongous(starts), HC=humongous(continues), CS=collection set, F=free, TAMS=top-at-mark-start, PB=parsable bottom
|   0|0x0000000704000000, 0x0000000704000000, 0x0000000704200000|  0%| F|  |TAMS 0x0000000704000000| PB 0x0000000704000000| Untracked 
|   1|0x0000000704200000, 0x0000000704200000, 0x0000000704400000|  0%| F|  |TAMS 0x0000000704200000| PB 0x0000000704200000| Untracked 
|   2|0x0000000704400000, 0x0000000704400000, 0x0000000704600000|  0%| F|  |TAMS 0x0000000704400000| PB 0x0000000704400000| Untracked 
|   3|0x0000000704600000, 0x0000000704600000, 0x0000000704800000|  0%| F|  |TAMS 0x0000000704600000| PB 0x0000000704600000| Untracked 
|   4|0x0000000704800000, 0x0000000704800000, 0x0000000704a00000|  0%| F|  |TAMS 0x0000000704800000| PB 0x0000000704800000| Untracked 
|   5|0x0000000704a00000, 0x0000000704a00000, 0x0000000704c00000|  0%| F|  |TAMS 0x0000000704a00000| PB 0x0000000704a00000| Untracked 
|   6|0x0000000704c00000, 0x0000000704c00000, 0x0000000704e00000|  0%| F|  |TAMS 0x0000000704c00000| PB 0x0000000704c00000| Untracked 
|   7|0x0000000704e00000, 0x0000000704e00000, 0x0000000705000000|  0%| F|  |TAMS 0x0000000704e00000| PB 0x0000000704e00000| Untracked 
|   8|0x0000000705000000, 0x0000000705000000, 0x0000000705200000|  0%| F|  |TAMS 0x0000000705000000| PB 0x0000000705000000| Untracked 
|   9|0x0000000705200000, 0x0000000705200000, 0x0000000705400000|  0%| F|  |TAMS 0x0000000705200000| PB 0x0000000705200000| Untracked 
|  10|0x0000000705400000, 0x0000000705400000, 0x0000000705600000|  0%| F|  |TAMS 0x0000000705400000| PB 0x0000000705400000| Untracked 
|  11|0x0000000705600000, 0x0000000705600000, 0x0000000705800000|  0%| F|  |TAMS 0x0000000705600000| PB 0x0000000705600000| Untracked 
|  12|0x0000000705800000, 0x0000000705800000, 0x0000000705a00000|  0%| F|  |TAMS 0x0000000705800000| PB 0x0000000705800000| Untracked 
|  13|0x0000000705a00000, 0x0000000705a00000, 0x0000000705c00000|  0%| F|  |TAMS 0x0000000705a00000| PB 0x0000000705a00000| Untracked 
|  14|0x0000000705c00000, 0x0000000705c00000, 0x0000000705e00000|  0%| F|  |TAMS 0x0000000705c00000| PB 0x0000000705c00000| Untracked 
|  15|0x0000000705e00000, 0x0000000705e00000, 0x0000000706000000|  0%| F|  |TAMS 0x0000000705e00000| PB 0x0000000705e00000| Untracked 
|  16|0x0000000706000000, 0x0000000706000000, 0x0000000706200000|  0%| F|  |TAMS 0x0000000706000000| PB 0x0000000706000000| Untracked 
|  17|0x0000000706200000, 0x0000000706200000, 0x0000000706400000|  0%| F|  |TAMS 0x0000000706200000| PB 0x0000000706200000| Untracked 
|  18|0x0000000706400000, 0x0000000706400000, 0x0000000706600000|  0%| F|  |TAMS 0x0000000706400000| PB 0x0000000706400000| Untracked 
|  19|0x0000000706600000, 0x0000000706600000, 0x0000000706800000|  0%| F|  |TAMS 0x0000000706600000| PB 0x0000000706600000| Untracked 
|  20|0x0000000706800000, 0x0000000706800000, 0x0000000706a00000|  0%| F|  |TAMS 0x0000000706800000| PB 0x0000000706800000| Untracked 
|  21|0x0000000706a00000, 0x0000000706a00000, 0x0000000706c00000|  0%| F|  |TAMS 0x0000000706a00000| PB 0x0000000706a00000| Untracked 
|  22|0x0000000706c00000, 0x0000000706c00000, 0x0000000706e00000|  0%| F|  |TAMS 0x0000000706c00000| PB 0x0000000706c00000| Untracked 
|  23|0x0000000706e00000, 0x0000000706e00000, 0x0000000707000000|  0%| F|  |TAMS 0x0000000706e00000| PB 0x0000000706e00000| Untracked 
|  24|0x0000000707000000, 0x0000000707000000, 0x0000000707200000|  0%| F|  |TAMS 0x0000000707000000| PB 0x0000000707000000| Untracked 
|  25|0x0000000707200000, 0x0000000707200000, 0x0000000707400000|  0%| F|  |TAMS 0x0000000707200000| PB 0x0000000707200000| Untracked 
|  26|0x0000000707400000, 0x0000000707400000, 0x0000000707600000|  0%| F|  |TAMS 0x0000000707400000| PB 0x0000000707400000| Untracked 
|  27|0x0000000707600000, 0x0000000707600000, 0x0000000707800000|  0%| F|  |TAMS 0x0000000707600000| PB 0x0000000707600000| Untracked 
|  28|0x0000000707800000, 0x0000000707800000, 0x0000000707a00000|  0%| F|  |TAMS 0x0000000707800000| PB 0x0000000707800000| Untracked 
|  29|0x0000000707a00000, 0x0000000707a00000, 0x0000000707c00000|  0%| F|  |TAMS 0x0000000707a00000| PB 0x0000000707a00000| Untracked 
|  30|0x0000000707c00000, 0x0000000707c00000, 0x0000000707e00000|  0%| F|  |TAMS 0x0000000707c00000| PB 0x0000000707c00000| Untracked 
|  31|0x0000000707e00000, 0x0000000707e00000, 0x0000000708000000|  0%| F|  |TAMS 0x0000000707e00000| PB 0x0000000707e00000| Untracked 
|  32|0x0000000708000000, 0x0000000708000000, 0x0000000708200000|  0%| F|  |TAMS 0x0000000708000000| PB 0x0000000708000000| Untracked 
|  33|0x0000000708200000, 0x0000000708200000, 0x0000000708400000|  0%| F|  |TAMS 0x0000000708200000| PB 0x0000000708200000| Untracked 
|  34|0x0000000708400000, 0x0000000708400000, 0x0000000708600000|  0%| F|  |TAMS 0x0000000708400000| PB 0x0000000708400000| Untracked 
|  35|0x0000000708600000, 0x0000000708600000, 0x0000000708800000|  0%| F|  |TAMS 0x0000000708600000| PB 0x0000000708600000| Untracked 
|  36|0x0000000708800000, 0x0000000708800000, 0x0000000708a00000|  0%| F|  |TAMS 0x0000000708800000| PB 0x0000000708800000| Untracked 
|  37|0x0000000708a00000, 0x0000000708a00000, 0x0000000708c00000|  0%| F|  |TAMS 0x0000000708a00000| PB 0x0000000708a00000| Untracked 
|  38|0x0000000708c00000, 0x0000000708c00000, 0x0000000708e00000|  0%| F|  |TAMS 0x0000000708c00000| PB 0x0000000708c00000| Untracked 
|  39|0x0000000708e00000, 0x0000000708e00000, 0x0000000709000000|  0%| F|  |TAMS 0x0000000708e00000| PB 0x0000000708e00000| Untracked 
|  40|0x0000000709000000, 0x0000000709000000, 0x0000000709200000|  0%| F|  |TAMS 0x0000000709000000| PB 0x0000000709000000| Untracked 
|  41|0x0000000709200000, 0x0000000709200000, 0x0000000709400000|  0%| F|  |TAMS 0x0000000709200000| PB 0x0000000709200000| Untracked 
|  42|0x0000000709400000, 0x0000000709400000, 0x0000000709600000|  0%| F|  |TAMS 0x0000000709400000| PB 0x0000000709400000| Untracked 
|  43|0x0000000709600000, 0x0000000709600000, 0x0000000709800000|  0%| F|  |TAMS 0x0000000709600000| PB 0x0000000709600000| Untracked 
|  44|0x0000000709800000, 0x0000000709800000, 0x0000000709a00000|  0%| F|  |TAMS 0x0000000709800000| PB 0x0000000709800000| Untracked 
|  45|0x0000000709a00000, 0x0000000709a00000, 0x0000000709c00000|  0%| F|  |TAMS 0x0000000709a00000| PB 0x0000000709a00000| Untracked 
|  46|0x0000000709c00000, 0x0000000709c00000, 0x0000000709e00000|  0%| F|  |TAMS 0x0000000709c00000| PB 0x0000000709c00000| Untracked 
|  47|0x0000000709e00000, 0x0000000709e00000, 0x000000070a000000|  0%| F|  |TAMS 0x0000000709e00000| PB 0x0000000709e00000| Untracked 
|  48|0x000000070a000000, 0x000000070a000000, 0x000000070a200000|  0%| F|  |TAMS 0x000000070a000000| PB 0x000000070a000000| Untracked 
|  49|0x000000070a200000, 0x000000070a200000, 0x000000070a400000|  0%| F|  |TAMS 0x000000070a200000| PB 0x000000070a200000| Untracked 
|  50|0x000000070a400000, 0x000000070a400000, 0x000000070a600000|  0%| F|  |TAMS 0x000000070a400000| PB 0x000000070a400000| Untracked 
|  51|0x000000070a600000, 0x000000070a600000, 0x000000070a800000|  0%| F|  |TAMS 0x000000070a600000| PB 0x000000070a600000| Untracked 
|  52|0x000000070a800000, 0x000000070a800000, 0x000000070aa00000|  0%| F|  |TAMS 0x000000070a800000| PB 0x000000070a800000| Untracked 
|  53|0x000000070aa00000, 0x000000070aa00000, 0x000000070ac00000|  0%| F|  |TAMS 0x000000070aa00000| PB 0x000000070aa00000| Untracked 
|  54|0x000000070ac00000, 0x000000070ac00000, 0x000000070ae00000|  0%| F|  |TAMS 0x000000070ac00000| PB 0x000000070ac00000| Untracked 
|  55|0x000000070ae00000, 0x000000070ae00000, 0x000000070b000000|  0%| F|  |TAMS 0x000000070ae00000| PB 0x000000070ae00000| Untracked 
|  56|0x000000070b000000, 0x000000070b000000, 0x000000070b200000|  0%| F|  |TAMS 0x000000070b000000| PB 0x000000070b000000| Untracked 
|  57|0x000000070b200000, 0x000000070b200000, 0x000000070b400000|  0%| F|  |TAMS 0x000000070b200000| PB 0x000000070b200000| Untracked 
|  58|0x000000070b400000, 0x000000070b400000, 0x000000070b600000|  0%| F|  |TAMS 0x000000070b400000| PB 0x000000070b400000| Untracked 
|  59|0x000000070b600000, 0x000000070b600000, 0x000000070b800000|  0%| F|  |TAMS 0x000000070b600000| PB 0x000000070b600000| Untracked 
|  60|0x000000070b800000, 0x000000070b800000, 0x000000070ba00000|  0%| F|  |TAMS 0x000000070b800000| PB 0x000000070b800000| Untracked 
|  61|0x000000070ba00000, 0x000000070ba00000, 0x000000070bc00000|  0%| F|  |TAMS 0x000000070ba00000| PB 0x000000070ba00000| Untracked 
|  62|0x000000070bc00000, 0x000000070bc00000, 0x000000070be00000|  0%| F|  |TAMS 0x000000070bc00000| PB 0x000000070bc00000| Untracked 
|  63|0x000000070be00000, 0x000000070be00000, 0x000000070c000000|  0%| F|  |TAMS 0x000000070be00000| PB 0x000000070be00000| Untracked 
|  64|0x000000070c000000, 0x000000070c000000, 0x000000070c200000|  0%| F|  |TAMS 0x000000070c000000| PB 0x000000070c000000| Untracked 
|  65|0x000000070c200000, 0x000000070c200000, 0x000000070c400000|  0%| F|  |TAMS 0x000000070c200000| PB 0x000000070c200000| Untracked 
|  66|0x000000070c400000, 0x000000070c400000, 0x000000070c600000|  0%| F|  |TAMS 0x000000070c400000| PB 0x000000070c400000| Untracked 
|  67|0x000000070c600000, 0x000000070c600000, 0x000000070c800000|  0%| F|  |TAMS 0x000000070c600000| PB 0x000000070c600000| Untracked 
|  68|0x000000070c800000, 0x000000070c800000, 0x000000070ca00000|  0%| F|  |TAMS 0x000000070c800000| PB 0x000000070c800000| Untracked 
|  69|0x000000070ca00000, 0x000000070ca00000, 0x000000070cc00000|  0%| F|  |TAMS 0x000000070ca00000| PB 0x000000070ca00000| Untracked 
|  70|0x000000070cc00000, 0x000000070cc00000, 0x000000070ce00000|  0%| F|  |TAMS 0x000000070cc00000| PB 0x000000070cc00000| Untracked 
|  71|0x000000070ce00000, 0x000000070ce00000, 0x000000070d000000|  0%| F|  |TAMS 0x000000070ce00000| PB 0x000000070ce00000| Untracked 
|  72|0x000000070d000000, 0x000000070d000000, 0x000000070d200000|  0%| F|  |TAMS 0x000000070d000000| PB 0x000000070d000000| Untracked 
|  73|0x000000070d200000, 0x000000070d200000, 0x000000070d400000|  0%| F|  |TAMS 0x000000070d200000| PB 0x000000070d200000| Untracked 
|  74|0x000000070d400000, 0x000000070d400000, 0x000000070d600000|  0%| F|  |TAMS 0x000000070d400000| PB 0x000000070d400000| Untracked 
|  75|0x000000070d600000, 0x000000070d600000, 0x000000070d800000|  0%| F|  |TAMS 0x000000070d600000| PB 0x000000070d600000| Untracked 
|  76|0x000000070d800000, 0x000000070d800000, 0x000000070da00000|  0%| F|  |TAMS 0x000000070d800000| PB 0x000000070d800000| Untracked 
|  77|0x000000070da00000, 0x000000070da00000, 0x000000070dc00000|  0%| F|  |TAMS 0x000000070da00000| PB 0x000000070da00000| Untracked 
|  78|0x000000070dc00000, 0x000000070dc00000, 0x000000070de00000|  0%| F|  |TAMS 0x000000070dc00000| PB 0x000000070dc00000| Untracked 
|  79|0x000000070de00000, 0x000000070de00000, 0x000000070e000000|  0%| F|  |TAMS 0x000000070de00000| PB 0x000000070de00000| Untracked 
|  80|0x000000070e000000, 0x000000070e000000, 0x000000070e200000|  0%| F|  |TAMS 0x000000070e000000| PB 0x000000070e000000| Untracked 
|  81|0x000000070e200000, 0x000000070e200000, 0x000000070e400000|  0%| F|  |TAMS 0x000000070e200000| PB 0x000000070e200000| Untracked 
|  82|0x000000070e400000, 0x000000070e400000, 0x000000070e600000|  0%| F|  |TAMS 0x000000070e400000| PB 0x000000070e400000| Untracked 
|  83|0x000000070e600000, 0x000000070e600000, 0x000000070e800000|  0%| F|  |TAMS 0x000000070e600000| PB 0x000000070e600000| Untracked 
|  84|0x000000070e800000, 0x000000070e800000, 0x000000070ea00000|  0%| F|  |TAMS 0x000000070e800000| PB 0x000000070e800000| Untracked 
|  85|0x000000070ea00000, 0x000000070ea00000, 0x000000070ec00000|  0%| F|  |TAMS 0x000000070ea00000| PB 0x000000070ea00000| Untracked 
|  86|0x000000070ec00000, 0x000000070ec00000, 0x000000070ee00000|  0%| F|  |TAMS 0x000000070ec00000| PB 0x000000070ec00000| Untracked 
|  87|0x000000070ee00000, 0x000000070ee00000, 0x000000070f000000|  0%| F|  |TAMS 0x000000070ee00000| PB 0x000000070ee00000| Untracked 
|  88|0x000000070f000000, 0x000000070f000000, 0x000000070f200000|  0%| F|  |TAMS 0x000000070f000000| PB 0x000000070f000000| Untracked 
|  89|0x000000070f200000, 0x000000070f200000, 0x000000070f400000|  0%| F|  |TAMS 0x000000070f200000| PB 0x000000070f200000| Untracked 
|  90|0x000000070f400000, 0x000000070f400000, 0x000000070f600000|  0%| F|  |TAMS 0x000000070f400000| PB 0x000000070f400000| Untracked 
|  91|0x000000070f600000, 0x000000070f600000, 0x000000070f800000|  0%| F|  |TAMS 0x000000070f600000| PB 0x000000070f600000| Untracked 
|  92|0x000000070f800000, 0x000000070f800000, 0x000000070fa00000|  0%| F|  |TAMS 0x000000070f800000| PB 0x000000070f800000| Untracked 
|  93|0x000000070fa00000, 0x000000070fa00000, 0x000000070fc00000|  0%| F|  |TAMS 0x000000070fa00000| PB 0x000000070fa00000| Untracked 
|  94|0x000000070fc00000, 0x000000070fc00000, 0x000000070fe00000|  0%| F|  |TAMS 0x000000070fc00000| PB 0x000000070fc00000| Untracked 
|  95|0x000000070fe00000, 0x000000070fe00000, 0x0000000710000000|  0%| F|  |TAMS 0x000000070fe00000| PB 0x000000070fe00000| Untracked 
|  96|0x0000000710000000, 0x0000000710000000, 0x0000000710200000|  0%| F|  |TAMS 0x0000000710000000| PB 0x0000000710000000| Untracked 
|  97|0x0000000710200000, 0x0000000710200000, 0x0000000710400000|  0%| F|  |TAMS 0x0000000710200000| PB 0x0000000710200000| Untracked 
|  98|0x0000000710400000, 0x0000000710400000, 0x0000000710600000|  0%| F|  |TAMS 0x0000000710400000| PB 0x0000000710400000| Untracked 
|  99|0x0000000710600000, 0x0000000710600000, 0x0000000710800000|  0%| F|  |TAMS 0x0000000710600000| PB 0x0000000710600000| Untracked 
| 100|0x0000000710800000, 0x0000000710800000, 0x0000000710a00000|  0%| F|  |TAMS 0x0000000710800000| PB 0x0000000710800000| Untracked 
| 101|0x0000000710a00000, 0x0000000710a00000, 0x0000000710c00000|  0%| F|  |TAMS 0x0000000710a00000| PB 0x0000000710a00000| Untracked 
| 102|0x0000000710c00000, 0x0000000710c00000, 0x0000000710e00000|  0%| F|  |TAMS 0x0000000710c00000| PB 0x0000000710c00000| Untracked 
| 103|0x0000000710e00000, 0x0000000710e00000, 0x0000000711000000|  0%| F|  |TAMS 0x0000000710e00000| PB 0x0000000710e00000| Untracked 
| 104|0x0000000711000000, 0x0000000711000000, 0x0000000711200000|  0%| F|  |TAMS 0x0000000711000000| PB 0x0000000711000000| Untracked 
| 105|0x0000000711200000, 0x0000000711200000, 0x0000000711400000|  0%| F|  |TAMS 0x0000000711200000| PB 0x0000000711200000| Untracked 
| 106|0x0000000711400000, 0x0000000711400000, 0x0000000711600000|  0%| F|  |TAMS 0x0000000711400000| PB 0x0000000711400000| Untracked 
| 107|0x0000000711600000, 0x0000000711600000, 0x0000000711800000|  0%| F|  |TAMS 0x0000000711600000| PB 0x0000000711600000| Untracked 
| 108|0x0000000711800000, 0x0000000711800000, 0x0000000711a00000|  0%| F|  |TAMS 0x0000000711800000| PB 0x0000000711800000| Untracked 
| 109|0x0000000711a00000, 0x0000000711a00000, 0x0000000711c00000|  0%| F|  |TAMS 0x0000000711a00000| PB 0x0000000711a00000| Untracked 
| 110|0x0000000711c00000, 0x0000000711c00000, 0x0000000711e00000|  0%| F|  |TAMS 0x0000000711c00000| PB 0x0000000711c00000| Untracked 
| 111|0x0000000711e00000, 0x0000000711e00000, 0x0000000712000000|  0%| F|  |TAMS 0x0000000711e00000| PB 0x0000000711e00000| Untracked 
| 112|0x0000000712000000, 0x0000000712000000, 0x0000000712200000|  0%| F|  |TAMS 0x0000000712000000| PB 0x0000000712000000| Untracked 
| 113|0x0000000712200000, 0x0000000712200000, 0x0000000712400000|  0%| F|  |TAMS 0x0000000712200000| PB 0x0000000712200000| Untracked 
| 114|0x0000000712400000, 0x0000000712400000, 0x0000000712600000|  0%| F|  |TAMS 0x0000000712400000| PB 0x0000000712400000| Untracked 
| 115|0x0000000712600000, 0x0000000712600000, 0x0000000712800000|  0%| F|  |TAMS 0x0000000712600000| PB 0x0000000712600000| Untracked 
| 116|0x0000000712800000, 0x0000000712800000, 0x0000000712a00000|  0%| F|  |TAMS 0x0000000712800000| PB 0x0000000712800000| Untracked 
| 117|0x0000000712a00000, 0x0000000712a00000, 0x0000000712c00000|  0%| F|  |TAMS 0x0000000712a00000| PB 0x0000000712a00000| Untracked 
| 118|0x0000000712c00000, 0x0000000712c00000, 0x0000000712e00000|  0%| F|  |TAMS 0x0000000712c00000| PB 0x0000000712c00000| Untracked 
| 119|0x0000000712e00000, 0x0000000712e00000, 0x0000000713000000|  0%| F|  |TAMS 0x0000000712e00000| PB 0x0000000712e00000| Untracked 
| 120|0x0000000713000000, 0x0000000713200000, 0x0000000713200000|100%| E|  |TAMS 0x0000000713000000| PB 0x0000000713000000| Complete 
| 121|0x0000000713200000, 0x0000000713400000, 0x0000000713400000|100%| E|CS|TAMS 0x0000000713200000| PB 0x0000000713200000| Complete 
| 122|0x0000000713400000, 0x0000000713600000, 0x0000000713600000|100%| E|CS|TAMS 0x0000000713400000| PB 0x0000000713400000| Complete 
| 123|0x0000000713600000, 0x0000000713800000, 0x0000000713800000|100%| E|CS|TAMS 0x0000000713600000| PB 0x0000000713600000| Complete 
| 124|0x0000000713800000, 0x0000000713a00000, 0x0000000713a00000|100%| E|CS|TAMS 0x0000000713800000| PB 0x0000000713800000| Complete 
| 125|0x0000000713a00000, 0x0000000713c00000, 0x0000000713c00000|100%| E|CS|TAMS 0x0000000713a00000| PB 0x0000000713a00000| Complete 

Card table byte_map: [0x000001fc6bcd0000,0x000001fc6c4b0000] _byte_map_base: 0x000001fc684b0000

Marking Bits: (CMBitMap*) 0x000001fc51c3be00
 Bits: [0x000001fc6c4b0000, 0x000001fc703b0000)

Polling page: 0x000001fc51cf0000

Metaspace:

Usage:
  Non-class:      2.96 MB used.
      Class:    330.49 KB used.
       Both:      3.28 MB used.

Virtual space:
  Non-class space:       64.00 MB reserved,       3.00 MB (  5%) committed,  1 nodes.
      Class space:        1.00 GB reserved,     384.00 KB ( <1%) committed,  1 nodes.
             Both:        1.06 GB reserved,       3.38 MB ( <1%) committed. 

Chunk freelists:
   Non-Class:  10.80 MB
       Class:  15.56 MB
        Both:  26.36 MB

MaxMetaspaceSize: unlimited
CompressedClassSpaceSize: 1.00 GB
Initial GC threshold: 21.00 MB
Current GC threshold: 21.00 MB
CDS: on
 - commit_granule_bytes: 65536.
 - commit_granule_words: 8192.
 - virtual_space_node_default_size: 8388608.
 - enlarge_chunks_in_place: 1.
 - use_allocation_guard: 0.


Internal statistics:

num_allocs_failed_limit: 0.
num_arena_births: 46.
num_arena_deaths: 0.
num_vsnodes_births: 2.
num_vsnodes_deaths: 0.
num_space_committed: 54.
num_space_uncommitted: 0.
num_chunks_returned_to_freelist: 0.
num_chunks_taken_from_freelist: 116.
num_chunk_merges: 0.
num_chunk_splits: 79.
num_chunks_enlarged: 56.
num_inconsistent_stats: 0.

CodeHeap 'non-profiled nmethods': size=120000Kb used=304Kb max_used=304Kb free=119695Kb
 bounds [0x000001fc63560000, 0x000001fc637d0000, 0x000001fc6aa90000]
CodeHeap 'profiled nmethods': size=120000Kb used=1504Kb max_used=1504Kb free=118496Kb
 bounds [0x000001fc5ba90000, 0x000001fc5bd00000, 0x000001fc62fc0000]
CodeHeap 'non-nmethods': size=5760Kb used=1482Kb max_used=1498Kb free=4277Kb
 bounds [0x000001fc62fc0000, 0x000001fc63230000, 0x000001fc63560000]
 total_blobs=1299 nmethods=842 adapters=362
 compilation: enabled
              stopped_count=0, restarted_count=0
 full_count=0

Compilation events (20 events):
Event: 89.005 Thread 0x000001fc72e2ff50 nmethod 837 0x000001fc5bc02290 code [0x000001fc5bc02480, 0x000001fc5bc028b8]
Event: 89.005 Thread 0x000001fc72e2ff50  839       3       jdk.internal.loader.Resource::<init> (5 bytes)
Event: 89.005 Thread 0x000001fc72e2ff50 nmethod 839 0x000001fc5bc02a90 code [0x000001fc5bc02c40, 0x000001fc5bc02da8]
Event: 89.005 Thread 0x000001fc72e2ff50  841       3       sun.net.www.protocol.jar.Handler::parseURL (173 bytes)
Event: 89.006 Thread 0x000001fc72d21c50 nmethod 830 0x000001fc635a9290 code [0x000001fc635a94e0, 0x000001fc635aa1b0]
Event: 89.006 Thread 0x000001fc72d21c50  838       4       java.util.zip.ZipUtils::LG (22 bytes)
Event: 89.007 Thread 0x000001fc72e2ff50 nmethod 841 0x000001fc5bc02e90 code [0x000001fc5bc03140, 0x000001fc5bc03b38]
Event: 89.007 Thread 0x000001fc72e2ff50  842       3       sun.net.www.protocol.jar.Handler::parseContextSpec (150 bytes)
Event: 89.008 Thread 0x000001fc72d21c50 nmethod 838 0x000001fc635aa810 code [0x000001fc635aa9a0, 0x000001fc635aaab0]
Event: 89.008 Thread 0x000001fc72d21c50  840   !   4       jdk.internal.loader.URLClassPath$JarLoader::ensureOpen (36 bytes)
Event: 89.008 Thread 0x000001fc72e2ff50 nmethod 842 0x000001fc5bc03f90 code [0x000001fc5bc04400, 0x000001fc5bc05f08]
Event: 89.009 Thread 0x000001fc72e2ff50  843       3       jdk.internal.loader.URLClassPath$JarLoader$2::<init> (31 bytes)
Event: 89.009 Thread 0x000001fc72e2ff50 nmethod 843 0x000001fc5bc06990 code [0x000001fc5bc06b40, 0x000001fc5bc06ec8]
Event: 89.009 Thread 0x000001fc72e2ff50  844       3       java.lang.Module::isNamed (13 bytes)
Event: 89.009 Thread 0x000001fc72e2ff50 nmethod 844 0x000001fc5bc06f90 code [0x000001fc5bc07120, 0x000001fc5bc07290]
Event: 89.010 Thread 0x000001fc72d21c50 nmethod 840 0x000001fc635aab90 code [0x000001fc635aad40, 0x000001fc635aaef8]
Event: 89.010 Thread 0x000001fc72d21c50  833   !   4       java.util.jar.JarFile::checkForSpecialAttributes (163 bytes)
Event: 89.011 Thread 0x000001fc72e2ff50  845  s    3       java.util.jar.JarFile::getInputStream (88 bytes)
Event: 89.011 Thread 0x000001fc72e2ff50 nmethod 845 0x000001fc5bc07310 code [0x000001fc5bc07580, 0x000001fc5bc07d80]
Event: 89.020 Thread 0x000001fc72d21c50 nmethod 833 0x000001fc635ab090 code [0x000001fc635ab2e0, 0x000001fc635abeb0]

GC Heap History (0 events):
No events

Dll operation events (12 events):
Event: 2.866 Loaded shared library C:\Program Files\Java\jdk-21.0.6\bin\java.dll
Event: 8.460 Loaded shared library C:\Program Files\Java\jdk-21.0.6\bin\jsvml.dll
Event: 11.448 Loaded shared library C:\Program Files\Java\jdk-21.0.6\bin\zip.dll
Event: 13.486 Loaded shared library C:\Program Files\Java\jdk-21.0.6\bin\instrument.dll
Event: 13.496 Loaded shared library C:\Program Files\Java\jdk-21.0.6\bin\net.dll
Event: 13.521 Loaded shared library C:\Program Files\Java\jdk-21.0.6\bin\nio.dll
Event: 16.101 Loaded shared library C:\Program Files\Java\jdk-21.0.6\bin\zip.dll
Event: 29.998 Loaded shared library C:\Program Files\JetBrains\IntelliJ IDEA 2023.3.4\bin\breakgen64.dll
Event: 31.484 Loaded shared library C:\Program Files\Java\jdk-21.0.6\bin\extnet.dll
Event: 71.737 Loaded shared library C:\Program Files\Java\jdk-21.0.6\bin\jimage.dll
Event: 81.172 Loaded shared library C:\Users\DELL\AppData\Local\Temp\jansi-2.4.1-bb8c82598217fdcb-jansi.dll
Event: 81.294 Loaded shared library C:\Program Files\Java\jdk-21.0.6\bin\verify.dll

Deoptimization events (20 events):
Event: 88.982 Thread 0x000001fc51bd4420 Uncommon trap: trap_request=0xffffffde fr.pc=0x000001fc635a5970 relative=0x00000000000009b0
Event: 88.982 Thread 0x000001fc51bd4420 Uncommon trap: reason=class_check action=maybe_recompile pc=0x000001fc635a5970 method=java.util.HashMap.putVal(ILjava/lang/Object;Ljava/lang/Object;ZZ)Ljava/lang/Object; @ 152 c2
Event: 88.982 Thread 0x000001fc51bd4420 DEOPT PACKING pc=0x000001fc635a5970 sp=0x000000df0bafd3e0
Event: 88.982 Thread 0x000001fc51bd4420 DEOPT UNPACKING pc=0x000001fc63017da2 sp=0x000000df0bafd308 mode 2
Event: 88.982 Thread 0x000001fc51bd4420 Uncommon trap: trap_request=0xffffffde fr.pc=0x000001fc635a5970 relative=0x00000000000009b0
Event: 88.982 Thread 0x000001fc51bd4420 Uncommon trap: reason=class_check action=maybe_recompile pc=0x000001fc635a5970 method=java.util.HashMap.putVal(ILjava/lang/Object;Ljava/lang/Object;ZZ)Ljava/lang/Object; @ 152 c2
Event: 88.982 Thread 0x000001fc51bd4420 DEOPT PACKING pc=0x000001fc635a5970 sp=0x000000df0bafd3e0
Event: 88.982 Thread 0x000001fc51bd4420 DEOPT UNPACKING pc=0x000001fc63017da2 sp=0x000000df0bafd308 mode 2
Event: 88.982 Thread 0x000001fc51bd4420 Uncommon trap: trap_request=0xffffffde fr.pc=0x000001fc635a5970 relative=0x00000000000009b0
Event: 88.982 Thread 0x000001fc51bd4420 Uncommon trap: reason=class_check action=maybe_recompile pc=0x000001fc635a5970 method=java.util.HashMap.putVal(ILjava/lang/Object;Ljava/lang/Object;ZZ)Ljava/lang/Object; @ 152 c2
Event: 88.982 Thread 0x000001fc51bd4420 DEOPT PACKING pc=0x000001fc635a5970 sp=0x000000df0bafd3e0
Event: 88.982 Thread 0x000001fc51bd4420 DEOPT UNPACKING pc=0x000001fc63017da2 sp=0x000000df0bafd308 mode 2
Event: 88.982 Thread 0x000001fc51bd4420 Uncommon trap: trap_request=0xffffffde fr.pc=0x000001fc635a5970 relative=0x00000000000009b0
Event: 88.982 Thread 0x000001fc51bd4420 Uncommon trap: reason=class_check action=maybe_recompile pc=0x000001fc635a5970 method=java.util.HashMap.putVal(ILjava/lang/Object;Ljava/lang/Object;ZZ)Ljava/lang/Object; @ 152 c2
Event: 88.982 Thread 0x000001fc51bd4420 DEOPT PACKING pc=0x000001fc635a5970 sp=0x000000df0bafd3e0
Event: 88.982 Thread 0x000001fc51bd4420 DEOPT UNPACKING pc=0x000001fc63017da2 sp=0x000000df0bafd308 mode 2
Event: 88.982 Thread 0x000001fc51bd4420 Uncommon trap: trap_request=0xffffffde fr.pc=0x000001fc6359cf04 relative=0x0000000000000944
Event: 88.982 Thread 0x000001fc51bd4420 Uncommon trap: reason=class_check action=maybe_recompile pc=0x000001fc6359cf04 method=java.util.HashMap.putVal(ILjava/lang/Object;Ljava/lang/Object;ZZ)Ljava/lang/Object; @ 152 c2
Event: 88.982 Thread 0x000001fc51bd4420 DEOPT PACKING pc=0x000001fc6359cf04 sp=0x000000df0bafd350
Event: 88.982 Thread 0x000001fc51bd4420 DEOPT UNPACKING pc=0x000001fc63017da2 sp=0x000000df0bafd300 mode 2

Classes loaded (20 events):
Event: 84.357 Loading class java/util/concurrent/locks/ReentrantReadWriteLock$Sync done
Event: 84.357 Loading class java/util/concurrent/locks/ReentrantReadWriteLock$NonfairSync done
Event: 84.357 Loading class java/util/concurrent/locks/ReentrantReadWriteLock$Sync$ThreadLocalHoldCounter
Event: 84.357 Loading class java/util/concurrent/locks/ReentrantReadWriteLock$Sync$ThreadLocalHoldCounter done
Event: 84.357 Loading class java/util/concurrent/locks/ReentrantReadWriteLock$ReadLock
Event: 84.357 Loading class java/util/concurrent/locks/ReentrantReadWriteLock$ReadLock done
Event: 84.357 Loading class java/util/concurrent/locks/ReentrantReadWriteLock$WriteLock
Event: 84.357 Loading class java/util/concurrent/locks/ReentrantReadWriteLock$WriteLock done
Event: 84.904 Loading class java/text/ParseException
Event: 84.904 Loading class java/text/ParseException done
Event: 84.937 Loading class sun/util/calendar/ZoneInfoFile$Checksum
Event: 84.937 Loading class sun/util/calendar/ZoneInfoFile$Checksum done
Event: 84.964 Loading class jdk/internal/module/ModulePatcher$PatchedModuleReader
Event: 84.964 Loading class jdk/internal/module/ModulePatcher$PatchedModuleReader done
Event: 84.965 Loading class sun/net/www/protocol/jrt/Handler
Event: 84.966 Loading class sun/net/www/protocol/jrt/Handler done
Event: 86.686 Loading class sun/text/resources/cldr/FormatData_en
Event: 86.687 Loading class sun/text/resources/cldr/FormatData_en done
Event: 86.687 Loading class sun/text/resources/cldr/FormatData_en_US
Event: 86.687 Loading class sun/text/resources/cldr/FormatData_en_US done

Classes unloaded (0 events):
No events

Classes redefined (0 events):
No events

Internal exceptions (8 events):
Event: 29.987 Thread 0x000001fc51bd4420 Exception <a 'java/lang/NoSuchMethodError'{0x0000000713bb0718}: 'void java.lang.invoke.DirectMethodHandle$Holder.invokeStatic(java.lang.Object, java.lang.Object, java.lang.Object)'> (0x0000000713bb0718) 
thrown [s\open\src\hotspot\share\interpreter\linkResolver.cpp, line 773]
Event: 29.994 Thread 0x000001fc51bd4420 Exception <a 'java/lang/NoSuchMethodError'{0x0000000713805fc0}: 'java.lang.Object java.lang.invoke.Invokers$Holder.invokeExact_MT(java.lang.Object, java.lang.Object, java.lang.Object, java.lang.Object, java.lang.Object)'> (0x0000000713805fc0) 
thrown [s\open\src\hotspot\share\interpreter\linkResolver.cpp, line 773]
Event: 31.496 Thread 0x000001fc7716c960 Exception <a 'java/lang/NoSuchMethodError'{0x00000007138799f8}: 'void java.lang.invoke.DirectMethodHandle$Holder.invokeStatic(java.lang.Object, java.lang.Object)'> (0x00000007138799f8) 
thrown [s\open\src\hotspot\share\interpreter\linkResolver.cpp, line 773]
Event: 33.711 Thread 0x000001fc51bd4420 Exception <a 'java/lang/NoSuchMethodError'{0x00000007138f0ea8}: 'int java.lang.invoke.DirectMethodHandle$Holder.invokeSpecial(java.lang.Object, java.lang.Object, java.lang.Object)'> (0x00000007138f0ea8) 
thrown [s\open\src\hotspot\share\interpreter\linkResolver.cpp, line 773]
Event: 71.720 Thread 0x000001fc51bd4420 Exception <a 'java/lang/NullPointerException'{0x00000007137e5fb8}> (0x00000007137e5fb8) 
thrown [s\open\src\hotspot\share\interpreter\linkResolver.cpp, line 1372]
Event: 77.710 Thread 0x000001fc51bd4420 Exception <a 'sun/nio/fs/WindowsException'{0x00000007134138a0}> (0x00000007134138a0) 
thrown [s\open\src\hotspot\share\prims\jni.cpp, line 520]
Event: 81.785 Thread 0x000001fc51bd4420 Exception <a 'java/lang/NoSuchMethodError'{0x0000000713529d20}: 'void java.lang.invoke.DirectMethodHandle$Holder.invokeStaticInit(java.lang.Object, java.lang.Object)'> (0x0000000713529d20) 
thrown [s\open\src\hotspot\share\interpreter\linkResolver.cpp, line 773]
Event: 84.320 Thread 0x000001fc51bd4420 Exception <a 'java/lang/NoSuchMethodError'{0x00000007132dd908}: 'java.lang.Object java.lang.invoke.DirectMethodHandle$Holder.invokeSpecialIFC(java.lang.Object, java.lang.Object, java.lang.Object, java.lang.Object)'> (0x00000007132dd908) 
thrown [s\open\src\hotspot\share\interpreter\linkResolver.cpp, line 773]

ZGC Phase Switch (0 events):
No events

VM Operations (20 events):
Event: 71.062 Executing VM operation: Cleanup
Event: 71.683 Executing VM operation: Cleanup done
Event: 71.719 Executing VM operation: HandshakeAllThreads (Deoptimize)
Event: 71.719 Executing VM operation: HandshakeAllThreads (Deoptimize) done
Event: 73.163 Executing VM operation: HandshakeAllThreads (Deoptimize)
Event: 77.704 Executing VM operation: HandshakeAllThreads (Deoptimize) done
Event: 78.717 Executing VM operation: Cleanup
Event: 78.717 Executing VM operation: Cleanup done
Event: 81.746 Executing VM operation: Cleanup
Event: 81.780 Executing VM operation: Cleanup done
Event: 82.795 Executing VM operation: Cleanup
Event: 82.795 Executing VM operation: Cleanup done
Event: 83.798 Executing VM operation: Cleanup
Event: 84.315 Executing VM operation: Cleanup done
Event: 85.342 Executing VM operation: Cleanup
Event: 86.649 Executing VM operation: Cleanup done
Event: 87.662 Executing VM operation: Cleanup
Event: 87.823 Executing VM operation: Cleanup done
Event: 88.825 Executing VM operation: Cleanup
Event: 88.981 Executing VM operation: Cleanup done

Events (13 events):
Event: 2.888 Thread 0x000001fc51bd4420 Thread added: 0x000001fc51bd4420
Event: 6.279 Thread 0x000001fc72d13550 Thread added: 0x000001fc72d13550
Event: 6.279 Thread 0x000001fc72d1a370 Thread added: 0x000001fc72d1a370
Event: 6.279 Thread 0x000001fc72d1afc0 Thread added: 0x000001fc72d1afc0
Event: 6.279 Thread 0x000001fc72d1da20 Thread added: 0x000001fc72d1da20
Event: 6.279 Thread 0x000001fc72d1e470 Thread added: 0x000001fc72d1e470
Event: 6.279 Thread 0x000001fc72d1eec0 Thread added: 0x000001fc72d1eec0
Event: 6.279 Thread 0x000001fc72d21c50 Thread added: 0x000001fc72d21c50
Event: 6.752 Thread 0x000001fc72e2ff50 Thread added: 0x000001fc72e2ff50
Event: 6.910 Thread 0x000001fc72e0bfa0 Thread added: 0x000001fc72e0bfa0
Event: 29.999 Thread 0x000001fc7716c960 Thread added: 0x000001fc7716c960
Event: 29.999 Thread 0x000001fc7716cfc0 Thread added: 0x000001fc7716cfc0
Event: 71.731 Thread 0x000001fc77447010 Thread added: 0x000001fc77447010


Dynamic libraries:
0x00007ff7e26f0000 - 0x00007ff7e2700000 	C:\Program Files\Java\jdk-21.0.6\bin\java.exe
0x00007ffbc1e40000 - 0x00007ffbc20a0000 	C:\WINDOWS\SYSTEM32\ntdll.dll
0x00007ffbc0980000 - 0x00007ffbc0a47000 	C:\WINDOWS\System32\KERNEL32.DLL
0x00007ffbbf020000 - 0x00007ffbbf3ea000 	C:\WINDOWS\System32\KERNELBASE.dll
0x00007ffbbf810000 - 0x00007ffbbf95b000 	C:\WINDOWS\System32\ucrtbase.dll
0x00007ffba0ac0000 - 0x00007ffba0adb000 	C:\Program Files\Java\jdk-21.0.6\bin\VCRUNTIME140.dll
0x00007ffb815c0000 - 0x00007ffb815d9000 	C:\Program Files\Java\jdk-21.0.6\bin\jli.dll
0x00007ffbc0450000 - 0x00007ffbc0502000 	C:\WINDOWS\System32\ADVAPI32.dll
0x00007ffbc02c0000 - 0x00007ffbc0369000 	C:\WINDOWS\System32\msvcrt.dll
0x00007ffbbff10000 - 0x00007ffbbffb6000 	C:\WINDOWS\System32\sechost.dll
0x00007ffbc0860000 - 0x00007ffbc0976000 	C:\WINDOWS\System32\RPCRT4.dll
0x00007ffbbfc40000 - 0x00007ffbbfe0c000 	C:\WINDOWS\System32\USER32.dll
0x00007ffbbf3f0000 - 0x00007ffbbf417000 	C:\WINDOWS\System32\win32u.dll
0x00007ffbc18f0000 - 0x00007ffbc191a000 	C:\WINDOWS\System32\GDI32.dll
0x00007ffbbf620000 - 0x00007ffbbf751000 	C:\WINDOWS\System32\gdi32full.dll
0x00007ffbbf760000 - 0x00007ffbbf803000 	C:\WINDOWS\System32\msvcp_win.dll
0x00007ffba5240000 - 0x00007ffba54d7000 	C:\WINDOWS\WinSxS\amd64_microsoft.windows.common-controls_6595b64144ccf1df_6.0.26100.3624_none_3e086962e3345f24\COMCTL32.dll
0x00007ffbaee60000 - 0x00007ffbaee6b000 	C:\WINDOWS\SYSTEM32\VERSION.dll
0x00007ffbc0820000 - 0x00007ffbc084f000 	C:\WINDOWS\System32\IMM32.DLL
0x00007ffbb0a50000 - 0x00007ffbb0a5c000 	C:\Program Files\Java\jdk-21.0.6\bin\vcruntime140_1.dll
0x00007ffb77ad0000 - 0x00007ffb77b5e000 	C:\Program Files\Java\jdk-21.0.6\bin\msvcp140.dll
0x00007ffb58f30000 - 0x00007ffb59c4a000 	C:\Program Files\Java\jdk-21.0.6\bin\server\jvm.dll
0x00007ffbc0b30000 - 0x00007ffbc0ba4000 	C:\WINDOWS\System32\WS2_32.dll
0x00007ffbbe6d0000 - 0x00007ffbbe72e000 	C:\WINDOWS\SYSTEM32\POWRPROF.dll
0x00007ffbb7340000 - 0x00007ffbb7376000 	C:\WINDOWS\SYSTEM32\WINMM.dll
0x00007ffbbe6b0000 - 0x00007ffbbe6c4000 	C:\WINDOWS\SYSTEM32\UMPDC.dll
0x00007ffbbdd90000 - 0x00007ffbbddaa000 	C:\WINDOWS\SYSTEM32\kernel.appcore.dll
0x00007ffba0c80000 - 0x00007ffba0c8a000 	C:\Program Files\Java\jdk-21.0.6\bin\jimage.dll
0x000000005fc40000 - 0x000000005fdd6000 	C:\Program Files\Microsoft SQL Server\110\Shared\DBGHELP.DLL
0x00007ffbb9d50000 - 0x00007ffbb9d5f000 	C:\Program Files\Java\jdk-21.0.6\bin\instrument.dll
0x00007ffb815a0000 - 0x00007ffb815bf000 	C:\Program Files\Java\jdk-21.0.6\bin\java.dll
0x00007ffbc1080000 - 0x00007ffbc17a9000 	C:\WINDOWS\System32\SHELL32.dll
0x00007ffbbf4b0000 - 0x00007ffbbf618000 	C:\WINDOWS\System32\wintypes.dll
0x00007ffbc1920000 - 0x00007ffbc1ca2000 	C:\WINDOWS\System32\combase.dll
0x00007ffbbcc80000 - 0x00007ffbbd4d2000 	C:\WINDOWS\SYSTEM32\windows.storage.dll
0x00007ffbc1800000 - 0x00007ffbc18ed000 	C:\WINDOWS\System32\SHCORE.dll
0x00007ffbc1cb0000 - 0x00007ffbc1d14000 	C:\WINDOWS\System32\shlwapi.dll
0x00007ffbbef30000 - 0x00007ffbbef5f000 	C:\WINDOWS\SYSTEM32\profapi.dll
0x00007ffb6cb30000 - 0x00007ffb6cc07000 	C:\Program Files\Java\jdk-21.0.6\bin\jsvml.dll
0x00007ffb81440000 - 0x00007ffb81458000 	C:\Program Files\Java\jdk-21.0.6\bin\zip.dll
0x00007ffb96630000 - 0x00007ffb96640000 	C:\Program Files\Java\jdk-21.0.6\bin\net.dll
0x00007ffbb9120000 - 0x00007ffbb923d000 	C:\WINDOWS\SYSTEM32\WINHTTP.dll
0x00007ffbbe2f0000 - 0x00007ffbbe35a000 	C:\WINDOWS\system32\mswsock.dll
0x00007ffb81530000 - 0x00007ffb81546000 	C:\Program Files\Java\jdk-21.0.6\bin\nio.dll
0x00007ffbb9990000 - 0x00007ffbb99aa000 	C:\Program Files\JetBrains\IntelliJ IDEA 2023.3.4\bin\breakgen64.dll
0x00007ffb8f2e0000 - 0x00007ffb8f2e9000 	C:\Program Files\Java\jdk-21.0.6\bin\extnet.dll
0x00007ffba0f60000 - 0x00007ffba0f84000 	C:\Users\DELL\AppData\Local\Temp\jansi-2.4.1-bb8c82598217fdcb-jansi.dll
0x00007ffb81fe0000 - 0x00007ffb81ff0000 	C:\Program Files\Java\jdk-21.0.6\bin\verify.dll

dbghelp: loaded successfully - version: 4.0.5 - missing functions: none
symbol engine: initialized successfully - sym options: 0x614 - pdb path: .;C:\Program Files\Java\jdk-21.0.6\bin;C:\WINDOWS\SYSTEM32;C:\WINDOWS\WinSxS\amd64_microsoft.windows.common-controls_6595b64144ccf1df_6.0.26100.3624_none_3e086962e3345f24;C:\Program Files\Java\jdk-21.0.6\bin\server;C:\Program Files\Microsoft SQL Server\110\Shared;C:\Program Files\JetBrains\IntelliJ IDEA 2023.3.4\bin;C:\Users\DELL\AppData\Local\Temp

VM Arguments:
jvm_args: -Dmaven.multiModuleProjectDirectory=C:\Users\DELL\Desktop\angular Project\backEnd\carsAgence -Djansi.passthrough=true -Dmaven.home=C:\Users\DELL\.m2\wrapper\dists\apache-maven-3.9.9-bin\4nf9hui3q3djbarqar9g711ggc\apache-maven-3.9.9 -Dclassworlds.conf=C:\Users\DELL\.m2\wrapper\dists\apache-maven-3.9.9-bin\4nf9hui3q3djbarqar9g711ggc\apache-maven-3.9.9\bin\m2.conf -Dmaven.ext.class.path=C:\Program Files\JetBrains\IntelliJ IDEA 2023.3.4\plugins\maven\lib\maven-event-listener.jar -javaagent:C:\Program Files\JetBrains\IntelliJ IDEA 2023.3.4\lib\idea_rt.jar=52405:C:\Program Files\JetBrains\IntelliJ IDEA 2023.3.4\bin -Dfile.encoding=UTF-8 -Dsun.stdout.encoding=UTF-8 -Dsun.stderr.encoding=UTF-8 
java_command: org.codehaus.classworlds.Launcher -Didea.version=2023.3.4 clean install
java_class_path (initial): C:\Users\DELL\.m2\wrapper\dists\apache-maven-3.9.9-bin\4nf9hui3q3djbarqar9g711ggc\apache-maven-3.9.9\boot\plexus-classworlds-2.8.0.jar;C:\Users\DELL\.m2\wrapper\dists\apache-maven-3.9.9-bin\4nf9hui3q3djbarqar9g711ggc\apache-maven-3.9.9\boot\plexus-classworlds.license
Launcher Type: SUN_STANDARD

[Global flags]
     intx CICompilerCount                          = 4                                         {product} {ergonomic}
     uint ConcGCThreads                            = 2                                         {product} {ergonomic}
     uint G1ConcRefinementThreads                  = 8                                         {product} {ergonomic}
   size_t G1HeapRegionSize                         = 2097152                                   {product} {ergonomic}
    uintx GCDrainStackTargetSize                   = 64                                        {product} {ergonomic}
   size_t InitialHeapSize                          = 264241152                                 {product} {ergonomic}
   size_t MarkStackSize                            = 4194304                                   {product} {ergonomic}
   size_t MaxHeapSize                              = 4227858432                                {product} {ergonomic}
   size_t MaxNewSize                               = 2535456768                                {product} {ergonomic}
   size_t MinHeapDeltaBytes                        = 2097152                                   {product} {ergonomic}
   size_t MinHeapSize                              = 8388608                                   {product} {ergonomic}
    uintx NonNMethodCodeHeapSize                   = 5839372                                {pd product} {ergonomic}
    uintx NonProfiledCodeHeapSize                  = 122909434                              {pd product} {ergonomic}
    uintx ProfiledCodeHeapSize                     = 122909434                              {pd product} {ergonomic}
    uintx ReservedCodeCacheSize                    = 251658240                              {pd product} {ergonomic}
     bool SegmentedCodeCache                       = true                                      {product} {ergonomic}
   size_t SoftMaxHeapSize                          = 4227858432                             {manageable} {ergonomic}
     bool UseCompressedOops                        = true                           {product lp64_product} {ergonomic}
     bool UseG1GC                                  = true                                      {product} {ergonomic}
     bool UseLargePagesIndividualAllocation        = false                                  {pd product} {ergonomic}

Logging:
Log output configuration:
 #0: stdout all=warning uptime,level,tags foldmultilines=false
 #1: stderr all=off uptime,level,tags foldmultilines=false

Environment Variables:
PATH=C:\PySchool\3.10-32-bit\Scripts;C:\PySchool\3.10-32-bit;C:\oraclexe\app\oracle\product\11.2.0\server\bin;C:\Program Files (x86)\VMware\VMware Workstation\bin\;C:\Program Files\Common Files\Siemens\Automation\Simatic OAM\bin;C:\WINDOWS\system32;C:\WINDOWS;C:\WINDOWS\System32\Wbem;C:\WINDOWS\System32\WindowsPowerShell\v1.0\;C:\WINDOWS\System32\OpenSSH\;C:\Program Files (x86)\Microchip\MPLAB C32 Suite\bin;c:\Program Files (x86)\Microsoft SQL Server\100\Tools\Binn\;c:\Program Files\Microsoft SQL Server\100\Tools\Binn\;c:\Program Files\Microsoft SQL Server\100\DTS\Binn\;C:\Users\DELL\AppData\Local\Programs\Python\Python311;C:\Users\DELL\AppData\Local\Programs\Python\Python311\Scripts;C:\wamp64\bin\php\php8.2.0;C:\wamp64\bin;C:\Program Files\Git\cmd;C:\Program Files\dotnet\;C:\Program Files\Docker\Docker\resources\bin;C:\Users\DELL\AppData\Local\nvm;C:\nvm4w\nodejs;C:\Program Files\Microsoft SQL Server\150\Tools\Binn\;C:\Program Files\Microsoft SQL Server\Client SDK\ODBC\170\Tools\Binn\;C:\Program Files (x86)\Windows Kits\10\Windows Performance Toolkit\;C:\Program Files\Microsoft SQL Server\110\DTS\Binn\;C:\Program Files (x86)\Microsoft SQL Server\110\Tools\Binn\;C:\Program Files\Microsoft SQL Server\110\Tools\Binn\;C:\Program Files (x86)\Microsoft SQL Server\110\Tools\Binn\ManagementStudio\;C:\Program Files (x86)\Microsoft Visual Studio 10.0\Common7\IDE\PrivateAssemblies\;C:\Program Files (x86)\Microsoft SQL Server\110\DTS\Binn\;C:\Program Files\Java\jdk-21.0.6\bin;C:\Users\DELL\scoop\shims;C:\Users\DELL\AppData\Local\Microsoft\WindowsApps;C:\phpm\php-8.2.3 (1);C:\Program Files\JetBrains\PhpStorm 2023.1\bin;;C:\wamp64\bin;C:\Users\DELL\AppData\Local\Programs\Microsoft VS Code\bin;C:\Users\DELL\AppData\Roaming\npm;C:\Users\DELL\AppData\Local\nvm;C:\nvm4w\nodejs;C:\Users\DELL\.dotnet\tools;C:\Users\DELL\AppData\Local\Programs\cursor\resources\app\bin
USERNAME=DELL
OS=Windows_NT
PROCESSOR_IDENTIFIER=Intel64 Family 6 Model 140 Stepping 1, GenuineIntel
TMP=C:\Users\DELL\AppData\Local\Temp
TEMP=C:\Users\DELL\AppData\Local\Temp




Periodic native trim disabled

---------------  S Y S T E M  ---------------

OS:
 Windows 11 , 64 bit Build 26100 (10.0.26100.3775)
OS uptime: 1 days 17:54 hours
Hyper-V role detected

CPU: total 8 (initial active 8) (4 cores per cpu, 2 threads per core) family 6 model 140 stepping 1 microcode 0xba, cx8, cmov, fxsr, ht, mmx, 3dnowpref, sse, sse2, sse3, ssse3, sse4.1, sse4.2, popcnt, lzcnt, tsc, tscinvbit, avx, avx2, aes, erms, clmul, bmi1, bmi2, adx, avx512f, avx512dq, avx512cd, avx512bw, avx512vl, sha, fma, vzeroupper, avx512_vpopcntdq, avx512_vpclmulqdq, avx512_vaes, avx512_vnni, clflush, clflushopt, clwb, avx512_vbmi2, avx512_vbmi, hv, rdtscp, rdpid, fsrm, gfni, avx512_bitalg, f16c, cet_ibt, cet_ss, avx512_ifma
Processor Information for all 8 processors :
  Max Mhz: 2419, Current Mhz: 2419, Mhz Limit: 2419

Memory: 4k page, system-wide physical 16126M (1212M free)
TotalPageFile size 65278M (AvailPageFile size 0M)
current process WorkingSet (physical memory assigned to process): 48M, peak: 48M
current process commit charge ("private bytes"): 349M, peak: 349M

vm_info: Java HotSpot(TM) 64-Bit Server VM (21.0.6+8-LTS-188) for windows-amd64 JRE (21.0.6+8-LTS-188), built on 2024-12-03T10:50:54Z by "mach5one" with MS VC++ 17.6 (VS2022)

END.
