#
# There is insufficient memory for the Java Runtime Environment to continue.
# Native memory allocation (malloc) failed to allocate 65552 bytes for Chunk::new
# Possible reasons:
#   The system is out of physical RAM or swap space
#   The process is running with CompressedOops enabled, and the Java Heap may be blocking the growth of the native heap
# Possible solutions:
#   Reduce memory load on the system
#   Increase physical memory or swap space
#   Check if swap backing store is full
#   Decrease Java heap size (-Xmx/-Xms)
#   Decrease number of Java threads
#   Decrease Java thread stack sizes (-Xss)
#   Set larger code cache with -XX:ReservedCodeCacheSize=
#   JVM is running with Zero Based Compressed Oops mode in which the Java heap is
#     placed in the first 32GB address space. The Java Heap base address is the
#     maximum limit for the native heap growth. Please use -XX:HeapBaseMinAddress
#     to set the Java Heap base and to place the Java Heap above 32GB virtual address.
# This output file may be truncated or incomplete.
#
#  Out of Memory Error (arena.cpp:168), pid=16476, tid=26956
#
# JRE version: Java(TM) SE Runtime Environment (21.0.6+8) (build 21.0.6+8-LTS-188)
# Java VM: Java HotSpot(TM) 64-Bit Server VM (21.0.6+8-LTS-188, mixed mode, sharing, tiered, compressed oops, compressed class ptrs, g1 gc, windows-amd64)
# No core dump will be written. Minidumps are not enabled by default on client versions of Windows
#

---------------  S U M M A R Y ------------

Command Line: -Dmaven.multiModuleProjectDirectory=C:\Users\DELL\Desktop\angular Project\backEnd\carsAgence -Djansi.passthrough=true -Dmaven.home=C:\Users\DELL\.m2\wrapper\dists\apache-maven-3.9.9-bin\4nf9hui3q3djbarqar9g711ggc\apache-maven-3.9.9 -Dclassworlds.conf=C:\Users\DELL\.m2\wrapper\dists\apache-maven-3.9.9-bin\4nf9hui3q3djbarqar9g711ggc\apache-maven-3.9.9\bin\m2.conf -Dmaven.ext.class.path=C:\Program Files\JetBrains\IntelliJ IDEA 2023.3.4\plugins\maven\lib\maven-event-listener.jar -javaagent:C:\Program Files\JetBrains\IntelliJ IDEA 2023.3.4\lib\idea_rt.jar=52356:C:\Program Files\JetBrains\IntelliJ IDEA 2023.3.4\bin -Dfile.encoding=UTF-8 -Dsun.stdout.encoding=UTF-8 -Dsun.stderr.encoding=UTF-8 org.codehaus.classworlds.Launcher -Didea.version=2023.3.4 clean install

Host: 11th Gen Intel(R) Core(TM) i5-1135G7 @ 2.40GHz, 8 cores, 15G,  Windows 11 , 64 bit Build 26100 (10.0.26100.3775)
Time: Tue Apr 22 17:31:53 2025 Afr. centrale Ouest elapsed time: 100.700225 seconds (0d 0h 1m 40s)

---------------  T H R E A D  ---------------

Current thread (0x0000021b31564ce0):  JavaThread "C2 CompilerThread0" daemon [_thread_in_native, id=26956, stack(0x000000dbae300000,0x000000dbae400000) (1024K)]


Current CompileTask:
C2: 100700 2222       4       java.util.jar.JarFile::getVersionedEntry (133 bytes)

Stack: [0x000000dbae300000,0x000000dbae400000]
Native frames: (J=compiled Java code, j=interpreted, Vv=VM code, C=native code)
V  [jvm.dll+0x6ca6d9]
V  [jvm.dll+0x854f51]
V  [jvm.dll+0x85747e]
V  [jvm.dll+0x857b53]
V  [jvm.dll+0x27dcc6]
V  [jvm.dll+0xc4c2d]
V  [jvm.dll+0xc5163]
V  [jvm.dll+0xc4d55]
V  [jvm.dll+0x6a76fc]
V  [jvm.dll+0x6553b1]
V  [jvm.dll+0x65aacd]
V  [jvm.dll+0x65ba16]
V  [jvm.dll+0x659d6d]
V  [jvm.dll+0x2467a5]
V  [jvm.dll+0x245eff]
V  [jvm.dll+0x1c6d2e]
V  [jvm.dll+0x2554f9]
V  [jvm.dll+0x253a8a]
V  [jvm.dll+0x3ee576]
V  [jvm.dll+0x7ff2fb]
V  [jvm.dll+0x6c8dbd]
C  [ucrtbase.dll+0x37b0]
C  [KERNEL32.DLL+0x2e8d7]
C  [ntdll.dll+0xb14fc]


---------------  P R O C E S S  ---------------

Threads class SMR info:
_java_thread_list=0x0000021b77d46510, length=12, elements={
0x0000021b102011c0, 0x0000021b31552420, 0x0000021b31557f10, 0x0000021b3155d890,
0x0000021b315606a0, 0x0000021b315610f0, 0x0000021b31561b40, 0x0000021b31564ce0,
0x0000021b3156da40, 0x0000021b3152b2f0, 0x0000021b31a69d30, 0x0000021b31a6a390
}

Java Threads: ( => current thread )
  0x0000021b102011c0 JavaThread "main"                              [_thread_blocked, id=25508, stack(0x000000dbad500000,0x000000dbad600000) (1024K)]
  0x0000021b31552420 JavaThread "Reference Handler"          daemon [_thread_blocked, id=26904, stack(0x000000dbadd00000,0x000000dbade00000) (1024K)]
  0x0000021b31557f10 JavaThread "Finalizer"                  daemon [_thread_blocked, id=26936, stack(0x000000dbade00000,0x000000dbadf00000) (1024K)]
  0x0000021b3155d890 JavaThread "Signal Dispatcher"          daemon [_thread_blocked, id=26940, stack(0x000000dbadf00000,0x000000dbae000000) (1024K)]
  0x0000021b315606a0 JavaThread "Attach Listener"            daemon [_thread_blocked, id=26944, stack(0x000000dbae000000,0x000000dbae100000) (1024K)]
  0x0000021b315610f0 JavaThread "Service Thread"             daemon [_thread_blocked, id=26948, stack(0x000000dbae100000,0x000000dbae200000) (1024K)]
  0x0000021b31561b40 JavaThread "Monitor Deflation Thread"   daemon [_thread_blocked, id=26952, stack(0x000000dbae200000,0x000000dbae300000) (1024K)]
=>0x0000021b31564ce0 JavaThread "C2 CompilerThread0"         daemon [_thread_in_native, id=26956, stack(0x000000dbae300000,0x000000dbae400000) (1024K)]
  0x0000021b3156da40 JavaThread "C1 CompilerThread0"         daemon [_thread_in_vm, id=27060, stack(0x000000dbae400000,0x000000dbae500000) (1024K)]
  0x0000021b3152b2f0 JavaThread "Common-Cleaner"             daemon [_thread_blocked, id=27356, stack(0x000000dbae500000,0x000000dbae600000) (1024K)]
  0x0000021b31a69d30 JavaThread "Monitor Ctrl-Break"         daemon [_thread_in_native, id=28124, stack(0x000000dbae600000,0x000000dbae700000) (1024K)]
  0x0000021b31a6a390 JavaThread "Notification Thread"        daemon [_thread_blocked, id=28128, stack(0x000000dbae700000,0x000000dbae800000) (1024K)]
Total: 12

Other Threads:
  0x0000021b31538e00 VMThread "VM Thread"                           [id=26644, stack(0x000000dbadc00000,0x000000dbadd00000) (1024K)]
  0x0000021b3152a8b0 WatcherThread "VM Periodic Task Thread"        [id=26640, stack(0x000000dbadb00000,0x000000dbadc00000) (1024K)]
  0x0000021b1026b100 WorkerThread "GC Thread#0"                     [id=26204, stack(0x000000dbad600000,0x000000dbad700000) (1024K)]
  0x0000021b31c83f60 WorkerThread "GC Thread#1"                     [id=38292, stack(0x000000dbaea00000,0x000000dbaeb00000) (1024K)]
  0x0000021b7732eb70 WorkerThread "GC Thread#2"                     [id=13152, stack(0x000000dbaeb00000,0x000000dbaec00000) (1024K)]
  0x0000021b31a53d10 WorkerThread "GC Thread#3"                     [id=17464, stack(0x000000dbaec00000,0x000000dbaed00000) (1024K)]
  0x0000021b7710aa80 WorkerThread "GC Thread#4"                     [id=17744, stack(0x000000dbaed00000,0x000000dbaee00000) (1024K)]
  0x0000021b7710ae20 WorkerThread "GC Thread#5"                     [id=18232, stack(0x000000dbaee00000,0x000000dbaef00000) (1024K)]
  0x0000021b772ce5a0 WorkerThread "GC Thread#6"                     [id=5864, stack(0x000000dbaef00000,0x000000dbaf000000) (1024K)]
  0x0000021b772ce940 WorkerThread "GC Thread#7"                     [id=10608, stack(0x000000dbaf000000,0x000000dbaf100000) (1024K)]
  0x0000021b1027c400 ConcurrentGCThread "G1 Main Marker"            [id=26208, stack(0x000000dbad700000,0x000000dbad800000) (1024K)]
  0x0000021b1027ce10 WorkerThread "G1 Conc#0"                       [id=26212, stack(0x000000dbad800000,0x000000dbad900000) (1024K)]
  0x0000021b314d5610 ConcurrentGCThread "G1 Refine#0"               [id=26216, stack(0x000000dbad900000,0x000000dbada00000) (1024K)]
  0x0000021b314d5f90 ConcurrentGCThread "G1 Service"                [id=26220, stack(0x000000dbada00000,0x000000dbadb00000) (1024K)]
Total: 14

Threads with active compile tasks:
C2 CompilerThread0   100727 2222       4       java.util.jar.JarFile::getVersionedEntry (133 bytes)
C1 CompilerThread0   100727 2254       3       com.google.common.cache.LocalCache$Segment::postWriteCleanup (5 bytes)
Total: 2

VM state: not at safepoint (normal execution)

VM Mutex/Monitor currently owned by a thread:  ([mutex/lock_event])
[0x00007ffb59b6ca18] MethodCompileQueue_lock - owner thread: 0x0000021b3156da40
[0x00007ffb59b6dd98] CodeCache_lock - owner thread: 0x0000021b3156da40
[0x00007ffb59b6df18] Compile_lock - owner thread: 0x0000021b3156da40

Heap address: 0x0000000704000000, size: 4032 MB, Compressed Oops mode: Zero based, Oop shift amount: 3

CDS archive(s) mapped at: [0x0000021b32000000-0x0000021b32c90000-0x0000021b32c90000), size 13172736, SharedBaseAddress: 0x0000021b32000000, ArchiveRelocationMode: 1.
Compressed class space mapped at: 0x0000021b33000000-0x0000021b73000000, reserved size: 1073741824
Narrow klass base: 0x0000021b32000000, Narrow klass shift: 0, Narrow klass range: 0x100000000

GC Precious Log:
 CardTable entry size: 512
 Card Set container configuration: InlinePtr #cards 4 size 8 Array Of Cards #cards 16 size 48 Howl #buckets 8 coarsen threshold 3686 Howl Bitmap #cards 512 size 80 coarsen threshold 460 Card regions per heap region 1 cards per card region 4096
 CPUs: 8 total, 8 available
 Memory: 16126M
 Large Page Support: Disabled
 NUMA Support: Disabled
 Compressed Oops: Enabled (Zero based)
 Heap Region Size: 2M
 Heap Min Capacity: 8M
 Heap Initial Capacity: 252M
 Heap Max Capacity: 4032M
 Pre-touch: Disabled
 Parallel Workers: 8
 Concurrent Workers: 2
 Concurrent Refinement Workers: 8
 Periodic GC: Disabled

Heap:
 garbage-first heap   total 258048K, used 15757K [0x0000000704000000, 0x0000000800000000)
  region size 2048K, 7 young (14336K), 1 survivors (2048K)
 Metaspace       used 12092K, committed 12288K, reserved 1114112K
  class space    used 1418K, committed 1536K, reserved 1048576K

Heap Regions: E=young(eden), S=young(survivor), O=old, HS=humongous(starts), HC=humongous(continues), CS=collection set, F=free, TAMS=top-at-mark-start, PB=parsable bottom
|   0|0x0000000704000000, 0x0000000704200000, 0x0000000704200000|100%| O|  |TAMS 0x0000000704000000| PB 0x0000000704000000| Untracked 
|   1|0x0000000704200000, 0x00000007043c6928, 0x0000000704400000| 88%| O|  |TAMS 0x0000000704200000| PB 0x0000000704200000| Untracked 
|   2|0x0000000704400000, 0x0000000704400000, 0x0000000704600000|  0%| F|  |TAMS 0x0000000704400000| PB 0x0000000704400000| Untracked 
|   3|0x0000000704600000, 0x0000000704600000, 0x0000000704800000|  0%| F|  |TAMS 0x0000000704600000| PB 0x0000000704600000| Untracked 
|   4|0x0000000704800000, 0x0000000704800000, 0x0000000704a00000|  0%| F|  |TAMS 0x0000000704800000| PB 0x0000000704800000| Untracked 
|   5|0x0000000704a00000, 0x0000000704a00000, 0x0000000704c00000|  0%| F|  |TAMS 0x0000000704a00000| PB 0x0000000704a00000| Untracked 
|   6|0x0000000704c00000, 0x0000000704c00000, 0x0000000704e00000|  0%| F|  |TAMS 0x0000000704c00000| PB 0x0000000704c00000| Untracked 
|   7|0x0000000704e00000, 0x0000000704e00000, 0x0000000705000000|  0%| F|  |TAMS 0x0000000704e00000| PB 0x0000000704e00000| Untracked 
|   8|0x0000000705000000, 0x0000000705000000, 0x0000000705200000|  0%| F|  |TAMS 0x0000000705000000| PB 0x0000000705000000| Untracked 
|   9|0x0000000705200000, 0x0000000705200000, 0x0000000705400000|  0%| F|  |TAMS 0x0000000705200000| PB 0x0000000705200000| Untracked 
|  10|0x0000000705400000, 0x0000000705400000, 0x0000000705600000|  0%| F|  |TAMS 0x0000000705400000| PB 0x0000000705400000| Untracked 
|  11|0x0000000705600000, 0x0000000705600000, 0x0000000705800000|  0%| F|  |TAMS 0x0000000705600000| PB 0x0000000705600000| Untracked 
|  12|0x0000000705800000, 0x0000000705800000, 0x0000000705a00000|  0%| F|  |TAMS 0x0000000705800000| PB 0x0000000705800000| Untracked 
|  13|0x0000000705a00000, 0x0000000705a00000, 0x0000000705c00000|  0%| F|  |TAMS 0x0000000705a00000| PB 0x0000000705a00000| Untracked 
|  14|0x0000000705c00000, 0x0000000705c00000, 0x0000000705e00000|  0%| F|  |TAMS 0x0000000705c00000| PB 0x0000000705c00000| Untracked 
|  15|0x0000000705e00000, 0x0000000705e00000, 0x0000000706000000|  0%| F|  |TAMS 0x0000000705e00000| PB 0x0000000705e00000| Untracked 
|  16|0x0000000706000000, 0x0000000706000000, 0x0000000706200000|  0%| F|  |TAMS 0x0000000706000000| PB 0x0000000706000000| Untracked 
|  17|0x0000000706200000, 0x0000000706200000, 0x0000000706400000|  0%| F|  |TAMS 0x0000000706200000| PB 0x0000000706200000| Untracked 
|  18|0x0000000706400000, 0x0000000706400000, 0x0000000706600000|  0%| F|  |TAMS 0x0000000706400000| PB 0x0000000706400000| Untracked 
|  19|0x0000000706600000, 0x0000000706600000, 0x0000000706800000|  0%| F|  |TAMS 0x0000000706600000| PB 0x0000000706600000| Untracked 
|  20|0x0000000706800000, 0x0000000706800000, 0x0000000706a00000|  0%| F|  |TAMS 0x0000000706800000| PB 0x0000000706800000| Untracked 
|  21|0x0000000706a00000, 0x0000000706a00000, 0x0000000706c00000|  0%| F|  |TAMS 0x0000000706a00000| PB 0x0000000706a00000| Untracked 
|  22|0x0000000706c00000, 0x0000000706c00000, 0x0000000706e00000|  0%| F|  |TAMS 0x0000000706c00000| PB 0x0000000706c00000| Untracked 
|  23|0x0000000706e00000, 0x0000000706e00000, 0x0000000707000000|  0%| F|  |TAMS 0x0000000706e00000| PB 0x0000000706e00000| Untracked 
|  24|0x0000000707000000, 0x0000000707000000, 0x0000000707200000|  0%| F|  |TAMS 0x0000000707000000| PB 0x0000000707000000| Untracked 
|  25|0x0000000707200000, 0x0000000707200000, 0x0000000707400000|  0%| F|  |TAMS 0x0000000707200000| PB 0x0000000707200000| Untracked 
|  26|0x0000000707400000, 0x0000000707400000, 0x0000000707600000|  0%| F|  |TAMS 0x0000000707400000| PB 0x0000000707400000| Untracked 
|  27|0x0000000707600000, 0x0000000707600000, 0x0000000707800000|  0%| F|  |TAMS 0x0000000707600000| PB 0x0000000707600000| Untracked 
|  28|0x0000000707800000, 0x0000000707800000, 0x0000000707a00000|  0%| F|  |TAMS 0x0000000707800000| PB 0x0000000707800000| Untracked 
|  29|0x0000000707a00000, 0x0000000707a00000, 0x0000000707c00000|  0%| F|  |TAMS 0x0000000707a00000| PB 0x0000000707a00000| Untracked 
|  30|0x0000000707c00000, 0x0000000707c00000, 0x0000000707e00000|  0%| F|  |TAMS 0x0000000707c00000| PB 0x0000000707c00000| Untracked 
|  31|0x0000000707e00000, 0x0000000707e00000, 0x0000000708000000|  0%| F|  |TAMS 0x0000000707e00000| PB 0x0000000707e00000| Untracked 
|  32|0x0000000708000000, 0x0000000708000000, 0x0000000708200000|  0%| F|  |TAMS 0x0000000708000000| PB 0x0000000708000000| Untracked 
|  33|0x0000000708200000, 0x0000000708200000, 0x0000000708400000|  0%| F|  |TAMS 0x0000000708200000| PB 0x0000000708200000| Untracked 
|  34|0x0000000708400000, 0x0000000708400000, 0x0000000708600000|  0%| F|  |TAMS 0x0000000708400000| PB 0x0000000708400000| Untracked 
|  35|0x0000000708600000, 0x0000000708600000, 0x0000000708800000|  0%| F|  |TAMS 0x0000000708600000| PB 0x0000000708600000| Untracked 
|  36|0x0000000708800000, 0x0000000708800000, 0x0000000708a00000|  0%| F|  |TAMS 0x0000000708800000| PB 0x0000000708800000| Untracked 
|  37|0x0000000708a00000, 0x0000000708a00000, 0x0000000708c00000|  0%| F|  |TAMS 0x0000000708a00000| PB 0x0000000708a00000| Untracked 
|  38|0x0000000708c00000, 0x0000000708c00000, 0x0000000708e00000|  0%| F|  |TAMS 0x0000000708c00000| PB 0x0000000708c00000| Untracked 
|  39|0x0000000708e00000, 0x0000000708e00000, 0x0000000709000000|  0%| F|  |TAMS 0x0000000708e00000| PB 0x0000000708e00000| Untracked 
|  40|0x0000000709000000, 0x0000000709000000, 0x0000000709200000|  0%| F|  |TAMS 0x0000000709000000| PB 0x0000000709000000| Untracked 
|  41|0x0000000709200000, 0x0000000709200000, 0x0000000709400000|  0%| F|  |TAMS 0x0000000709200000| PB 0x0000000709200000| Untracked 
|  42|0x0000000709400000, 0x0000000709400000, 0x0000000709600000|  0%| F|  |TAMS 0x0000000709400000| PB 0x0000000709400000| Untracked 
|  43|0x0000000709600000, 0x0000000709600000, 0x0000000709800000|  0%| F|  |TAMS 0x0000000709600000| PB 0x0000000709600000| Untracked 
|  44|0x0000000709800000, 0x0000000709800000, 0x0000000709a00000|  0%| F|  |TAMS 0x0000000709800000| PB 0x0000000709800000| Untracked 
|  45|0x0000000709a00000, 0x0000000709a00000, 0x0000000709c00000|  0%| F|  |TAMS 0x0000000709a00000| PB 0x0000000709a00000| Untracked 
|  46|0x0000000709c00000, 0x0000000709c00000, 0x0000000709e00000|  0%| F|  |TAMS 0x0000000709c00000| PB 0x0000000709c00000| Untracked 
|  47|0x0000000709e00000, 0x0000000709e00000, 0x000000070a000000|  0%| F|  |TAMS 0x0000000709e00000| PB 0x0000000709e00000| Untracked 
|  48|0x000000070a000000, 0x000000070a000000, 0x000000070a200000|  0%| F|  |TAMS 0x000000070a000000| PB 0x000000070a000000| Untracked 
|  49|0x000000070a200000, 0x000000070a200000, 0x000000070a400000|  0%| F|  |TAMS 0x000000070a200000| PB 0x000000070a200000| Untracked 
|  50|0x000000070a400000, 0x000000070a400000, 0x000000070a600000|  0%| F|  |TAMS 0x000000070a400000| PB 0x000000070a400000| Untracked 
|  51|0x000000070a600000, 0x000000070a600000, 0x000000070a800000|  0%| F|  |TAMS 0x000000070a600000| PB 0x000000070a600000| Untracked 
|  52|0x000000070a800000, 0x000000070a800000, 0x000000070aa00000|  0%| F|  |TAMS 0x000000070a800000| PB 0x000000070a800000| Untracked 
|  53|0x000000070aa00000, 0x000000070aa00000, 0x000000070ac00000|  0%| F|  |TAMS 0x000000070aa00000| PB 0x000000070aa00000| Untracked 
|  54|0x000000070ac00000, 0x000000070ac00000, 0x000000070ae00000|  0%| F|  |TAMS 0x000000070ac00000| PB 0x000000070ac00000| Untracked 
|  55|0x000000070ae00000, 0x000000070ae00000, 0x000000070b000000|  0%| F|  |TAMS 0x000000070ae00000| PB 0x000000070ae00000| Untracked 
|  56|0x000000070b000000, 0x000000070b000000, 0x000000070b200000|  0%| F|  |TAMS 0x000000070b000000| PB 0x000000070b000000| Untracked 
|  57|0x000000070b200000, 0x000000070b200000, 0x000000070b400000|  0%| F|  |TAMS 0x000000070b200000| PB 0x000000070b200000| Untracked 
|  58|0x000000070b400000, 0x000000070b400000, 0x000000070b600000|  0%| F|  |TAMS 0x000000070b400000| PB 0x000000070b400000| Untracked 
|  59|0x000000070b600000, 0x000000070b600000, 0x000000070b800000|  0%| F|  |TAMS 0x000000070b600000| PB 0x000000070b600000| Untracked 
|  60|0x000000070b800000, 0x000000070b800000, 0x000000070ba00000|  0%| F|  |TAMS 0x000000070b800000| PB 0x000000070b800000| Untracked 
|  61|0x000000070ba00000, 0x000000070ba00000, 0x000000070bc00000|  0%| F|  |TAMS 0x000000070ba00000| PB 0x000000070ba00000| Untracked 
|  62|0x000000070bc00000, 0x000000070bc00000, 0x000000070be00000|  0%| F|  |TAMS 0x000000070bc00000| PB 0x000000070bc00000| Untracked 
|  63|0x000000070be00000, 0x000000070be00000, 0x000000070c000000|  0%| F|  |TAMS 0x000000070be00000| PB 0x000000070be00000| Untracked 
|  64|0x000000070c000000, 0x000000070c000000, 0x000000070c200000|  0%| F|  |TAMS 0x000000070c000000| PB 0x000000070c000000| Untracked 
|  65|0x000000070c200000, 0x000000070c200000, 0x000000070c400000|  0%| F|  |TAMS 0x000000070c200000| PB 0x000000070c200000| Untracked 
|  66|0x000000070c400000, 0x000000070c400000, 0x000000070c600000|  0%| F|  |TAMS 0x000000070c400000| PB 0x000000070c400000| Untracked 
|  67|0x000000070c600000, 0x000000070c600000, 0x000000070c800000|  0%| F|  |TAMS 0x000000070c600000| PB 0x000000070c600000| Untracked 
|  68|0x000000070c800000, 0x000000070c800000, 0x000000070ca00000|  0%| F|  |TAMS 0x000000070c800000| PB 0x000000070c800000| Untracked 
|  69|0x000000070ca00000, 0x000000070ca00000, 0x000000070cc00000|  0%| F|  |TAMS 0x000000070ca00000| PB 0x000000070ca00000| Untracked 
|  70|0x000000070cc00000, 0x000000070cc00000, 0x000000070ce00000|  0%| F|  |TAMS 0x000000070cc00000| PB 0x000000070cc00000| Untracked 
|  71|0x000000070ce00000, 0x000000070ce00000, 0x000000070d000000|  0%| F|  |TAMS 0x000000070ce00000| PB 0x000000070ce00000| Untracked 
|  72|0x000000070d000000, 0x000000070d000000, 0x000000070d200000|  0%| F|  |TAMS 0x000000070d000000| PB 0x000000070d000000| Untracked 
|  73|0x000000070d200000, 0x000000070d200000, 0x000000070d400000|  0%| F|  |TAMS 0x000000070d200000| PB 0x000000070d200000| Untracked 
|  74|0x000000070d400000, 0x000000070d400000, 0x000000070d600000|  0%| F|  |TAMS 0x000000070d400000| PB 0x000000070d400000| Untracked 
|  75|0x000000070d600000, 0x000000070d600000, 0x000000070d800000|  0%| F|  |TAMS 0x000000070d600000| PB 0x000000070d600000| Untracked 
|  76|0x000000070d800000, 0x000000070d800000, 0x000000070da00000|  0%| F|  |TAMS 0x000000070d800000| PB 0x000000070d800000| Untracked 
|  77|0x000000070da00000, 0x000000070da00000, 0x000000070dc00000|  0%| F|  |TAMS 0x000000070da00000| PB 0x000000070da00000| Untracked 
|  78|0x000000070dc00000, 0x000000070dc00000, 0x000000070de00000|  0%| F|  |TAMS 0x000000070dc00000| PB 0x000000070dc00000| Untracked 
|  79|0x000000070de00000, 0x000000070de00000, 0x000000070e000000|  0%| F|  |TAMS 0x000000070de00000| PB 0x000000070de00000| Untracked 
|  80|0x000000070e000000, 0x000000070e000000, 0x000000070e200000|  0%| F|  |TAMS 0x000000070e000000| PB 0x000000070e000000| Untracked 
|  81|0x000000070e200000, 0x000000070e200000, 0x000000070e400000|  0%| F|  |TAMS 0x000000070e200000| PB 0x000000070e200000| Untracked 
|  82|0x000000070e400000, 0x000000070e400000, 0x000000070e600000|  0%| F|  |TAMS 0x000000070e400000| PB 0x000000070e400000| Untracked 
|  83|0x000000070e600000, 0x000000070e600000, 0x000000070e800000|  0%| F|  |TAMS 0x000000070e600000| PB 0x000000070e600000| Untracked 
|  84|0x000000070e800000, 0x000000070e800000, 0x000000070ea00000|  0%| F|  |TAMS 0x000000070e800000| PB 0x000000070e800000| Untracked 
|  85|0x000000070ea00000, 0x000000070ea00000, 0x000000070ec00000|  0%| F|  |TAMS 0x000000070ea00000| PB 0x000000070ea00000| Untracked 
|  86|0x000000070ec00000, 0x000000070ec00000, 0x000000070ee00000|  0%| F|  |TAMS 0x000000070ec00000| PB 0x000000070ec00000| Untracked 
|  87|0x000000070ee00000, 0x000000070ee00000, 0x000000070f000000|  0%| F|  |TAMS 0x000000070ee00000| PB 0x000000070ee00000| Untracked 
|  88|0x000000070f000000, 0x000000070f000000, 0x000000070f200000|  0%| F|  |TAMS 0x000000070f000000| PB 0x000000070f000000| Untracked 
|  89|0x000000070f200000, 0x000000070f200000, 0x000000070f400000|  0%| F|  |TAMS 0x000000070f200000| PB 0x000000070f200000| Untracked 
|  90|0x000000070f400000, 0x000000070f400000, 0x000000070f600000|  0%| F|  |TAMS 0x000000070f400000| PB 0x000000070f400000| Untracked 
|  91|0x000000070f600000, 0x000000070f600000, 0x000000070f800000|  0%| F|  |TAMS 0x000000070f600000| PB 0x000000070f600000| Untracked 
|  92|0x000000070f800000, 0x000000070f800000, 0x000000070fa00000|  0%| F|  |TAMS 0x000000070f800000| PB 0x000000070f800000| Untracked 
|  93|0x000000070fa00000, 0x000000070fa00000, 0x000000070fc00000|  0%| F|  |TAMS 0x000000070fa00000| PB 0x000000070fa00000| Untracked 
|  94|0x000000070fc00000, 0x000000070fc00000, 0x000000070fe00000|  0%| F|  |TAMS 0x000000070fc00000| PB 0x000000070fc00000| Untracked 
|  95|0x000000070fe00000, 0x000000070fe00000, 0x0000000710000000|  0%| F|  |TAMS 0x000000070fe00000| PB 0x000000070fe00000| Untracked 
|  96|0x0000000710000000, 0x0000000710000000, 0x0000000710200000|  0%| F|  |TAMS 0x0000000710000000| PB 0x0000000710000000| Untracked 
|  97|0x0000000710200000, 0x0000000710200000, 0x0000000710400000|  0%| F|  |TAMS 0x0000000710200000| PB 0x0000000710200000| Untracked 
|  98|0x0000000710400000, 0x0000000710400000, 0x0000000710600000|  0%| F|  |TAMS 0x0000000710400000| PB 0x0000000710400000| Untracked 
|  99|0x0000000710600000, 0x0000000710600000, 0x0000000710800000|  0%| F|  |TAMS 0x0000000710600000| PB 0x0000000710600000| Untracked 
| 100|0x0000000710800000, 0x0000000710800000, 0x0000000710a00000|  0%| F|  |TAMS 0x0000000710800000| PB 0x0000000710800000| Untracked 
| 101|0x0000000710a00000, 0x0000000710a00000, 0x0000000710c00000|  0%| F|  |TAMS 0x0000000710a00000| PB 0x0000000710a00000| Untracked 
| 102|0x0000000710c00000, 0x0000000710c00000, 0x0000000710e00000|  0%| F|  |TAMS 0x0000000710c00000| PB 0x0000000710c00000| Untracked 
| 103|0x0000000710e00000, 0x0000000710e00000, 0x0000000711000000|  0%| F|  |TAMS 0x0000000710e00000| PB 0x0000000710e00000| Untracked 
| 104|0x0000000711000000, 0x0000000711000000, 0x0000000711200000|  0%| F|  |TAMS 0x0000000711000000| PB 0x0000000711000000| Untracked 
| 105|0x0000000711200000, 0x0000000711200000, 0x0000000711400000|  0%| F|  |TAMS 0x0000000711200000| PB 0x0000000711200000| Untracked 
| 106|0x0000000711400000, 0x0000000711400000, 0x0000000711600000|  0%| F|  |TAMS 0x0000000711400000| PB 0x0000000711400000| Untracked 
| 107|0x0000000711600000, 0x000000071179cca8, 0x0000000711800000| 80%| S|CS|TAMS 0x0000000711600000| PB 0x0000000711600000| Complete 
| 108|0x0000000711800000, 0x0000000711800000, 0x0000000711a00000|  0%| F|  |TAMS 0x0000000711800000| PB 0x0000000711800000| Untracked 
| 109|0x0000000711a00000, 0x0000000711a00000, 0x0000000711c00000|  0%| F|  |TAMS 0x0000000711a00000| PB 0x0000000711a00000| Untracked 
| 110|0x0000000711c00000, 0x0000000711c00000, 0x0000000711e00000|  0%| F|  |TAMS 0x0000000711c00000| PB 0x0000000711c00000| Untracked 
| 111|0x0000000711e00000, 0x0000000711e00000, 0x0000000712000000|  0%| F|  |TAMS 0x0000000711e00000| PB 0x0000000711e00000| Untracked 
| 112|0x0000000712000000, 0x0000000712000000, 0x0000000712200000|  0%| F|  |TAMS 0x0000000712000000| PB 0x0000000712000000| Untracked 
| 113|0x0000000712200000, 0x0000000712200000, 0x0000000712400000|  0%| F|  |TAMS 0x0000000712200000| PB 0x0000000712200000| Untracked 
| 114|0x0000000712400000, 0x0000000712400000, 0x0000000712600000|  0%| F|  |TAMS 0x0000000712400000| PB 0x0000000712400000| Untracked 
| 115|0x0000000712600000, 0x0000000712600000, 0x0000000712800000|  0%| F|  |TAMS 0x0000000712600000| PB 0x0000000712600000| Untracked 
| 116|0x0000000712800000, 0x0000000712800000, 0x0000000712a00000|  0%| F|  |TAMS 0x0000000712800000| PB 0x0000000712800000| Untracked 
| 117|0x0000000712a00000, 0x0000000712a00000, 0x0000000712c00000|  0%| F|  |TAMS 0x0000000712a00000| PB 0x0000000712a00000| Untracked 
| 118|0x0000000712c00000, 0x0000000712c00000, 0x0000000712e00000|  0%| F|  |TAMS 0x0000000712c00000| PB 0x0000000712c00000| Untracked 
| 119|0x0000000712e00000, 0x0000000712e00000, 0x0000000713000000|  0%| F|  |TAMS 0x0000000712e00000| PB 0x0000000712e00000| Untracked 
| 120|0x0000000713000000, 0x00000007131ef3d8, 0x0000000713200000| 96%| E|  |TAMS 0x0000000713000000| PB 0x0000000713000000| Complete 
| 121|0x0000000713200000, 0x0000000713400000, 0x0000000713400000|100%| E|CS|TAMS 0x0000000713200000| PB 0x0000000713200000| Complete 
| 122|0x0000000713400000, 0x0000000713600000, 0x0000000713600000|100%| E|CS|TAMS 0x0000000713400000| PB 0x0000000713400000| Complete 
| 123|0x0000000713600000, 0x0000000713800000, 0x0000000713800000|100%| E|CS|TAMS 0x0000000713600000| PB 0x0000000713600000| Complete 
| 124|0x0000000713800000, 0x0000000713a00000, 0x0000000713a00000|100%| E|CS|TAMS 0x0000000713800000| PB 0x0000000713800000| Complete 
| 125|0x0000000713a00000, 0x0000000713c00000, 0x0000000713c00000|100%| E|CS|TAMS 0x0000000713a00000| PB 0x0000000713a00000| Complete 

Card table byte_map: [0x0000021b2a4f0000,0x0000021b2acd0000] _byte_map_base: 0x0000021b26cd0000

Marking Bits: (CMBitMap*) 0x0000021b1026bf20
 Bits: [0x0000021b2acd0000, 0x0000021b2ebd0000)

Polling page: 0x0000021b10570000

Metaspace:

Usage:
  Non-class:     10.42 MB used.
      Class:      1.39 MB used.
       Both:     11.81 MB used.

Virtual space:
  Non-class space:       64.00 MB reserved,      10.50 MB ( 16%) committed,  1 nodes.
      Class space:        1.00 GB reserved,       1.50 MB ( <1%) committed,  1 nodes.
             Both:        1.06 GB reserved,      12.00 MB (  1%) committed. 

Chunk freelists:
   Non-Class:  4.56 MB
       Class:  14.31 MB
        Both:  18.88 MB

MaxMetaspaceSize: unlimited
CompressedClassSpaceSize: 1.00 GB
Initial GC threshold: 21.00 MB
Current GC threshold: 21.00 MB
CDS: on
 - commit_granule_bytes: 65536.
 - commit_granule_words: 8192.
 - virtual_space_node_default_size: 8388608.
 - enlarge_chunks_in_place: 1.
 - use_allocation_guard: 0.


Internal statistics:

num_allocs_failed_limit: 0.
num_arena_births: 118.
num_arena_deaths: 0.
num_vsnodes_births: 2.
num_vsnodes_deaths: 0.
num_space_committed: 192.
num_space_uncommitted: 0.
num_chunks_returned_to_freelist: 0.
num_chunks_taken_from_freelist: 492.
num_chunk_merges: 0.
num_chunk_splits: 357.
num_chunks_enlarged: 294.
num_inconsistent_stats: 0.

CodeHeap 'non-profiled nmethods': size=120000Kb used=946Kb max_used=946Kb free=119053Kb
 bounds [0x0000021b21f60000, 0x0000021b221d0000, 0x0000021b29490000]
CodeHeap 'profiled nmethods': size=120000Kb used=4350Kb max_used=4350Kb free=115649Kb
 bounds [0x0000021b1a490000, 0x0000021b1a8d0000, 0x0000021b219c0000]
CodeHeap 'non-nmethods': size=5760Kb used=1521Kb max_used=1538Kb free=4238Kb
 bounds [0x0000021b219c0000, 0x0000021b21c30000, 0x0000021b21f60000]
 total_blobs=2723 nmethods=2243 adapters=384
 compilation: enabled
              stopped_count=0, restarted_count=0
 full_count=0

Compilation events (20 events):
Event: 98.675 Thread 0x0000021b3156da40 2230       3       com.google.common.collect.RegularImmutableList::size (6 bytes)
Event: 98.676 Thread 0x0000021b3156da40 nmethod 2230 0x0000021b1a8c5410 code [0x0000021b1a8c55a0, 0x0000021b1a8c56b8]
Event: 98.676 Thread 0x0000021b3156da40 2231       3       java.lang.reflect.Modifier::isSynthetic (14 bytes)
Event: 98.676 Thread 0x0000021b3156da40 nmethod 2231 0x0000021b1a8c5790 code [0x0000021b1a8c5920, 0x0000021b1a8c5a68]
Event: 98.676 Thread 0x0000021b3156da40 2232       3       java.lang.reflect.Method::getParameterTypes (11 bytes)
Event: 98.676 Thread 0x0000021b3156da40 nmethod 2232 0x0000021b1a8c5b10 code [0x0000021b1a8c5cc0, 0x0000021b1a8c5f90]
Event: 98.676 Thread 0x0000021b3156da40 2233       3       com.google.inject.internal.asm.$ByteVector::putUTF8 (144 bytes)
Event: 98.677 Thread 0x0000021b3156da40 nmethod 2233 0x0000021b1a8c6090 code [0x0000021b1a8c6300, 0x0000021b1a8c6dc8]
Event: 98.677 Thread 0x0000021b3156da40 2234       3       com.google.inject.internal.asm.$ByteVector::putByte (39 bytes)
Event: 98.677 Thread 0x0000021b3156da40 nmethod 2234 0x0000021b1a8c7290 code [0x0000021b1a8c7440, 0x0000021b1a8c7630]
Event: 98.677 Thread 0x0000021b3156da40 2235       3       com.google.inject.internal.asm.$SymbolTable::hash (10 bytes)
Event: 98.677 Thread 0x0000021b3156da40 nmethod 2235 0x0000021b1a8c7790 code [0x0000021b1a8c7940, 0x0000021b1a8c7a70]
Event: 98.677 Thread 0x0000021b3156da40 2236       3       com.google.common.base.Stopwatch::start (35 bytes)
Event: 98.678 Thread 0x0000021b3156da40 nmethod 2236 0x0000021b1a8c7b90 code [0x0000021b1a8c7d80, 0x0000021b1a8c8220]
Event: 98.678 Thread 0x0000021b3156da40 2237       3       com.google.common.base.Stopwatch::elapsed (12 bytes)
Event: 98.679 Thread 0x0000021b3156da40 nmethod 2237 0x0000021b1a8c8410 code [0x0000021b1a8c85e0, 0x0000021b1a8c88d8]
Event: 98.679 Thread 0x0000021b3156da40 2239       3       com.google.inject.internal.asm.$SymbolTable::addConstantUtf8 (98 bytes)
Event: 98.679 Thread 0x0000021b3156da40 nmethod 2239 0x0000021b1a8c8a10 code [0x0000021b1a8c8c40, 0x0000021b1a8c9268]
Event: 98.679 Thread 0x0000021b3156da40 2238       3       com.google.common.base.Stopwatch::elapsedNanos (32 bytes)
Event: 98.679 Thread 0x0000021b3156da40 nmethod 2238 0x0000021b1a8c9590 code [0x0000021b1a8c9740, 0x0000021b1a8c99b0]

GC Heap History (4 events):
Event: 40.757 GC heap before
{Heap before GC invocations=0 (full 0):
 garbage-first heap   total 258048K, used 22528K [0x0000000704000000, 0x0000000800000000)
  region size 2048K, 11 young (22528K), 0 survivors (0K)
 Metaspace       used 6038K, committed 6208K, reserved 1114112K
  class space    used 683K, committed 768K, reserved 1048576K
}
Event: 41.998 GC heap after
{Heap after GC invocations=1 (full 0):
 garbage-first heap   total 258048K, used 3754K [0x0000000704000000, 0x0000000800000000)
  region size 2048K, 2 young (4096K), 2 survivors (4096K)
 Metaspace       used 6038K, committed 6208K, reserved 1114112K
  class space    used 683K, committed 768K, reserved 1048576K
}
Event: 87.742 GC heap before
{Heap before GC invocations=1 (full 0):
 garbage-first heap   total 258048K, used 34474K [0x0000000704000000, 0x0000000800000000)
  region size 2048K, 18 young (36864K), 2 survivors (4096K)
 Metaspace       used 9882K, committed 10048K, reserved 1114112K
  class space    used 1156K, committed 1216K, reserved 1048576K
}
Event: 87.748 GC heap after
{Heap after GC invocations=2 (full 0):
 garbage-first heap   total 258048K, used 5517K [0x0000000704000000, 0x0000000800000000)
  region size 2048K, 1 young (2048K), 1 survivors (2048K)
 Metaspace       used 9882K, committed 10048K, reserved 1114112K
  class space    used 1156K, committed 1216K, reserved 1048576K
}

Dll operation events (12 events):
Event: 0.751 Loaded shared library C:\Program Files\Java\jdk-21.0.6\bin\java.dll
Event: 2.321 Loaded shared library C:\Program Files\Java\jdk-21.0.6\bin\jsvml.dll
Event: 3.273 Loaded shared library C:\Program Files\Java\jdk-21.0.6\bin\zip.dll
Event: 3.278 Loaded shared library C:\Program Files\Java\jdk-21.0.6\bin\instrument.dll
Event: 3.285 Loaded shared library C:\Program Files\Java\jdk-21.0.6\bin\net.dll
Event: 3.655 Loaded shared library C:\Program Files\Java\jdk-21.0.6\bin\nio.dll
Event: 4.145 Loaded shared library C:\Program Files\Java\jdk-21.0.6\bin\zip.dll
Event: 4.228 Loaded shared library C:\Program Files\JetBrains\IntelliJ IDEA 2023.3.4\bin\breakgen64.dll
Event: 4.248 Loaded shared library C:\Program Files\Java\jdk-21.0.6\bin\extnet.dll
Event: 13.427 Loaded shared library C:\Program Files\Java\jdk-21.0.6\bin\jimage.dll
Event: 20.055 Loaded shared library C:\Users\DELL\AppData\Local\Temp\jansi-2.4.1-4bc6e5b5626a7d85-jansi.dll
Event: 20.078 Loaded shared library C:\Program Files\Java\jdk-21.0.6\bin\verify.dll

Deoptimization events (20 events):
Event: 95.258 Thread 0x0000021b102011c0 Uncommon trap: trap_request=0xffffff45 fr.pc=0x0000021b21faddfc relative=0x00000000000002bc
Event: 95.258 Thread 0x0000021b102011c0 Uncommon trap: reason=unstable_if action=reinterpret pc=0x0000021b21faddfc method=java.util.concurrent.ConcurrentHashMap.get(Ljava/lang/Object;)Ljava/lang/Object; @ 76 c2
Event: 95.258 Thread 0x0000021b102011c0 DEOPT PACKING pc=0x0000021b21faddfc sp=0x000000dbad5fb280
Event: 95.258 Thread 0x0000021b102011c0 DEOPT UNPACKING pc=0x0000021b21a17da2 sp=0x000000dbad5fb1f8 mode 2
Event: 95.270 Thread 0x0000021b102011c0 Uncommon trap: trap_request=0xffffff45 fr.pc=0x0000021b22033e50 relative=0x0000000000000650
Event: 95.270 Thread 0x0000021b102011c0 Uncommon trap: reason=unstable_if action=reinterpret pc=0x0000021b22033e50 method=java.lang.Integer.getChars(II[B)I @ 25 c2
Event: 95.270 Thread 0x0000021b102011c0 DEOPT PACKING pc=0x0000021b22033e50 sp=0x000000dbad5fdc70
Event: 95.270 Thread 0x0000021b102011c0 DEOPT UNPACKING pc=0x0000021b21a17da2 sp=0x000000dbad5fdbb8 mode 2
Event: 95.854 Thread 0x0000021b102011c0 Uncommon trap: trap_request=0xffffff45 fr.pc=0x0000021b21ff4768 relative=0x0000000000000228
Event: 95.854 Thread 0x0000021b102011c0 Uncommon trap: reason=unstable_if action=reinterpret pc=0x0000021b21ff4768 method=java.lang.ClassLoader.checkName(Ljava/lang/String;)Z @ 1 c2
Event: 95.854 Thread 0x0000021b102011c0 DEOPT PACKING pc=0x0000021b21ff4768 sp=0x000000dbad5fd9e0
Event: 95.854 Thread 0x0000021b102011c0 DEOPT UNPACKING pc=0x0000021b21a17da2 sp=0x000000dbad5fd978 mode 2
Event: 96.492 Thread 0x0000021b102011c0 Uncommon trap: trap_request=0xffffff45 fr.pc=0x0000021b2203b2b4 relative=0x0000000000000a74
Event: 96.492 Thread 0x0000021b102011c0 Uncommon trap: reason=unstable_if action=reinterpret pc=0x0000021b2203b2b4 method=jdk.internal.org.objectweb.asm.SymbolTable.put(Ljdk/internal/org/objectweb/asm/SymbolTable$Entry;)Ljdk/internal/org/objectweb/asm/SymbolTable$Entry; @ 13 c2
Event: 96.492 Thread 0x0000021b102011c0 DEOPT PACKING pc=0x0000021b2203b2b4 sp=0x000000dbad5fd710
Event: 96.492 Thread 0x0000021b102011c0 DEOPT UNPACKING pc=0x0000021b21a17da2 sp=0x000000dbad5fd648 mode 2
Event: 98.340 Thread 0x0000021b102011c0 DEOPT PACKING pc=0x0000021b1a84acb4 sp=0x000000dbad5fdec0
Event: 98.340 Thread 0x0000021b102011c0 DEOPT UNPACKING pc=0x0000021b21a188e2 sp=0x000000dbad5fd420 mode 0
Event: 98.673 Thread 0x0000021b102011c0 DEOPT PACKING pc=0x0000021b1a83e69c sp=0x000000dbad5fd320
Event: 98.673 Thread 0x0000021b102011c0 DEOPT UNPACKING pc=0x0000021b21a188e2 sp=0x000000dbad5fc7d8 mode 0

Classes loaded (20 events):
Event: 91.917 Loading class java/nio/channels/FileLock
Event: 91.917 Loading class java/nio/channels/FileLock done
Event: 92.435 Loading class java/nio/file/AccessDeniedException
Event: 92.435 Loading class java/nio/file/FileSystemException
Event: 92.435 Loading class java/nio/file/FileSystemException done
Event: 92.435 Loading class java/nio/file/AccessDeniedException done
Event: 95.253 Loading class java/lang/ExceptionInInitializerError
Event: 95.253 Loading class java/lang/ExceptionInInitializerError done
Event: 95.257 Loading class jdk/internal/vm/annotation/ForceInline
Event: 95.257 Loading class jdk/internal/vm/annotation/ForceInline done
Event: 95.330 Loading class sun/invoke/util/ValueConversions$1
Event: 95.330 Loading class sun/invoke/util/ValueConversions$1 done
Event: 95.331 Loading class java/lang/invoke/BoundMethodHandle$Species_LI
Event: 95.331 Loading class java/lang/invoke/BoundMethodHandle$Species_LI done
Event: 95.852 Loading class jdk/internal/org/objectweb/asm/ClassReader
Event: 95.852 Loading class jdk/internal/org/objectweb/asm/ClassReader done
Event: 98.673 Loading class sun/reflect/generics/scope/MethodScope
Event: 98.673 Loading class sun/reflect/generics/scope/MethodScope done
Event: 98.673 Loading class sun/reflect/generics/repository/MethodRepository
Event: 98.673 Loading class sun/reflect/generics/repository/MethodRepository done

Classes unloaded (0 events):
No events

Classes redefined (0 events):
No events

Internal exceptions (20 events):
Event: 20.042 Thread 0x0000021b102011c0 Exception <a 'sun/nio/fs/WindowsException'{0x00000007134b87d8}> (0x00000007134b87d8) 
thrown [s\open\src\hotspot\share\prims\jni.cpp, line 520]
Event: 20.114 Thread 0x0000021b102011c0 Exception <a 'java/lang/NoSuchMethodError'{0x00000007135d0018}: 'void java.lang.invoke.DirectMethodHandle$Holder.invokeStaticInit(java.lang.Object, java.lang.Object)'> (0x00000007135d0018) 
thrown [s\open\src\hotspot\share\interpreter\linkResolver.cpp, line 773]
Event: 22.297 Thread 0x0000021b102011c0 Exception <a 'java/lang/NoSuchMethodError'{0x0000000713386668}: 'java.lang.Object java.lang.invoke.DirectMethodHandle$Holder.invokeSpecialIFC(java.lang.Object, java.lang.Object, java.lang.Object, java.lang.Object)'> (0x0000000713386668) 
thrown [s\open\src\hotspot\share\interpreter\linkResolver.cpp, line 773]
Event: 30.014 Thread 0x0000021b102011c0 Exception <a 'java/lang/NoSuchMethodError'{0x0000000712d37ac0}: 'void java.lang.invoke.DirectMethodHandle$Holder.invokeSpecial(java.lang.Object, java.lang.Object, java.lang.Object)'> (0x0000000712d37ac0) 
thrown [s\open\src\hotspot\share\interpreter\linkResolver.cpp, line 773]
Event: 30.556 Thread 0x0000021b102011c0 Exception <a 'java/lang/NoSuchMethodError'{0x0000000712a8d9a8}: 'java.lang.Object java.lang.invoke.DirectMethodHandle$Holder.invokeInterface(java.lang.Object, java.lang.Object)'> (0x0000000712a8d9a8) 
thrown [s\open\src\hotspot\share\interpreter\linkResolver.cpp, line 773]
Event: 31.184 Thread 0x0000021b102011c0 Exception <a 'java/lang/NoSuchMethodError'{0x0000000712b2cd20}: 'int java.lang.invoke.DirectMethodHandle$Holder.invokeStatic(java.lang.Object, java.lang.Object, java.lang.Object, java.lang.Object)'> (0x0000000712b2cd20) 
thrown [s\open\src\hotspot\share\interpreter\linkResolver.cpp, line 773]
Event: 31.185 Thread 0x0000021b102011c0 Exception <a 'java/lang/NoSuchMethodError'{0x0000000712b303b0}: 'java.lang.Object java.lang.invoke.Invokers$Holder.invokeExact_MT(java.lang.Object, java.lang.Object, java.lang.Object, java.lang.Object, java.lang.Object, java.lang.Object)'> (0x0000000712b303b0) 
thrown [s\open\src\hotspot\share\interpreter\linkResolver.cpp, line 773]
Event: 31.188 Thread 0x0000021b102011c0 Exception <a 'java/lang/NoSuchMethodError'{0x0000000712b3ebb8}: 'int java.lang.invoke.DirectMethodHandle$Holder.invokeSpecialIFC(java.lang.Object, java.lang.Object, java.lang.Object, java.lang.Object, java.lang.Object)'> (0x0000000712b3ebb8) 
thrown [s\open\src\hotspot\share\interpreter\linkResolver.cpp, line 773]
Event: 33.619 Thread 0x0000021b102011c0 Exception <a 'java/lang/NoSuchMethodError'{0x00000007128d4350}: 'java.lang.Object java.lang.invoke.DirectMethodHandle$Holder.newInvokeSpecial(java.lang.Object, java.lang.Object, java.lang.Object, java.lang.Object, java.lang.Object)'> (0x00000007128d4350) 
thrown [s\open\src\hotspot\share\interpreter\linkResolver.cpp, line 773]
Event: 35.078 Thread 0x0000021b102011c0 Exception <a 'java/lang/NoSuchMethodError'{0x00000007129d8398}: 'int java.lang.invoke.DirectMethodHandle$Holder.invokeStaticInit(java.lang.Object, java.lang.Object)'> (0x00000007129d8398) 
thrown [s\open\src\hotspot\share\interpreter\linkResolver.cpp, line 773]
Event: 35.103 Thread 0x0000021b102011c0 Exception <a 'java/lang/NoClassDefFoundError'{0x000000071260f770}: javax/enterprise/inject/Typed> (0x000000071260f770) 
thrown [s\open\src\hotspot\share\classfile\systemDictionary.cpp, line 301]
Event: 93.006 Thread 0x0000021b102011c0 Exception <a 'java/lang/NoSuchMethodError'{0x0000000713426ad0}: 'void java.lang.invoke.DirectMethodHandle$Holder.invokeStaticInit(java.lang.Object, java.lang.Object, java.lang.Object)'> (0x0000000713426ad0) 
thrown [s\open\src\hotspot\share\interpreter\linkResolver.cpp, line 773]
Event: 95.256 Thread 0x0000021b102011c0 Exception <a 'java/lang/ExceptionInInitializerError'{0x00000007134501e8}> (0x00000007134501e8) 
thrown [s\open\src\hotspot\share\oops\instanceKlass.cpp, line 1192]
Event: 95.330 Thread 0x0000021b102011c0 Exception <a 'java/lang/NoSuchMethodError'{0x000000071359af20}: 'long java.lang.invoke.DirectMethodHandle$Holder.invokeStatic(java.lang.Object, java.lang.Object, int)'> (0x000000071359af20) 
thrown [s\open\src\hotspot\share\interpreter\linkResolver.cpp, line 773]
Event: 95.841 Thread 0x0000021b102011c0 Exception <a 'java/lang/NoSuchMethodError'{0x00000007135adff8}: 'java.lang.Object java.lang.invoke.DirectMethodHandle$Holder.invokeStatic(java.lang.Object, java.lang.Object, java.lang.Object, java.lang.Object, int)'> (0x00000007135adff8) 
thrown [s\open\src\hotspot\share\interpreter\linkResolver.cpp, line 773]
Event: 95.843 Thread 0x0000021b102011c0 Exception <a 'java/lang/NoSuchMethodError'{0x00000007135b5f30}: 'java.lang.Object java.lang.invoke.DirectMethodHandle$Holder.invokeSpecial(java.lang.Object, java.lang.Object, java.lang.Object, java.lang.Object, long)'> (0x00000007135b5f30) 
thrown [s\open\src\hotspot\share\interpreter\linkResolver.cpp, line 773]
Event: 95.846 Thread 0x0000021b102011c0 Exception <a 'java/lang/NoSuchMethodError'{0x00000007135c1a50}: 'java.lang.Object java.lang.invoke.DirectMethodHandle$Holder.invokeSpecial(java.lang.Object, java.lang.Object, java.lang.Object, int, java.lang.Object)'> (0x00000007135c1a50) 
thrown [s\open\src\hotspot\share\interpreter\linkResolver.cpp, line 773]
Event: 95.848 Thread 0x0000021b102011c0 Exception <a 'java/lang/NoSuchMethodError'{0x00000007135c9b90}: 'int java.lang.invoke.DirectMethodHandle$Holder.invokeSpecial(java.lang.Object, java.lang.Object, java.lang.Object, int)'> (0x00000007135c9b90) 
thrown [s\open\src\hotspot\share\interpreter\linkResolver.cpp, line 773]
Event: 95.854 Thread 0x0000021b102011c0 Implicit null exception at 0x0000021b21ff455a to 0x0000021b21ff4754
Event: 95.856 Thread 0x0000021b102011c0 Exception <a 'java/lang/NoSuchMethodError'{0x00000007135ee700}: 'java.lang.Object java.lang.invoke.Invokers$Holder.invokeExact_MT(java.lang.Object, int, java.lang.Object)'> (0x00000007135ee700) 
thrown [s\open\src\hotspot\share\interpreter\linkResolver.cpp, line 773]

ZGC Phase Switch (0 events):
No events

VM Operations (20 events):
Event: 91.449 Executing VM operation: Cleanup
Event: 91.871 Executing VM operation: Cleanup done
Event: 92.872 Executing VM operation: Cleanup
Event: 92.969 Executing VM operation: Cleanup done
Event: 93.971 Executing VM operation: Cleanup
Event: 95.250 Executing VM operation: Cleanup done
Event: 95.265 Executing VM operation: HandshakeAllThreads (Deoptimize)
Event: 95.265 Executing VM operation: HandshakeAllThreads (Deoptimize) done
Event: 96.270 Executing VM operation: Cleanup
Event: 96.457 Executing VM operation: Cleanup done
Event: 97.460 Executing VM operation: Cleanup
Event: 97.460 Executing VM operation: Cleanup done
Event: 98.314 Executing VM operation: HandshakeAllThreads (Deoptimize)
Event: 98.314 Executing VM operation: HandshakeAllThreads (Deoptimize) done
Event: 98.336 Executing VM operation: HandshakeAllThreads (Deoptimize)
Event: 98.336 Executing VM operation: HandshakeAllThreads (Deoptimize) done
Event: 98.673 Executing VM operation: HandshakeAllThreads (Deoptimize)
Event: 98.673 Executing VM operation: HandshakeAllThreads (Deoptimize) done
Event: 98.673 Executing VM operation: Cleanup
Event: 98.673 Executing VM operation: Cleanup done

Events (20 events):
Event: 1.734 Thread 0x0000021b102011c0 Thread added: 0x0000021b102011c0
Event: 2.317 Thread 0x0000021b31552420 Thread added: 0x0000021b31552420
Event: 2.318 Thread 0x0000021b31557f10 Thread added: 0x0000021b31557f10
Event: 2.318 Thread 0x0000021b3155d890 Thread added: 0x0000021b3155d890
Event: 2.318 Thread 0x0000021b315606a0 Thread added: 0x0000021b315606a0
Event: 2.318 Thread 0x0000021b315610f0 Thread added: 0x0000021b315610f0
Event: 2.318 Thread 0x0000021b31561b40 Thread added: 0x0000021b31561b40
Event: 2.318 Thread 0x0000021b31564ce0 Thread added: 0x0000021b31564ce0
Event: 2.517 Thread 0x0000021b3156da40 Thread added: 0x0000021b3156da40
Event: 3.067 Thread 0x0000021b3152b2f0 Thread added: 0x0000021b3152b2f0
Event: 4.228 Thread 0x0000021b31a69d30 Thread added: 0x0000021b31a69d30
Event: 4.228 Thread 0x0000021b31a6a390 Thread added: 0x0000021b31a6a390
Event: 13.421 Thread 0x0000021b31c26d60 Thread added: 0x0000021b31c26d60
Event: 25.838 Thread 0x0000021b77047270 Thread added: 0x0000021b77047270
Event: 26.140 Thread 0x0000021b77047270 Thread exited: 0x0000021b77047270
Event: 39.167 Thread 0x0000021b774abc20 Thread added: 0x0000021b774abc20
Event: 42.115 Thread 0x0000021b77a42020 Thread added: 0x0000021b77a42020
Event: 42.702 Thread 0x0000021b77a42020 Thread exited: 0x0000021b77a42020
Event: 42.702 Thread 0x0000021b774abc20 Thread exited: 0x0000021b774abc20
Event: 98.643 Thread 0x0000021b31c26d60 Thread exited: 0x0000021b31c26d60


Dynamic libraries:
0x00007ff7e26f0000 - 0x00007ff7e2700000 	C:\Program Files\Java\jdk-21.0.6\bin\java.exe
0x00007ffbc1e40000 - 0x00007ffbc20a0000 	C:\WINDOWS\SYSTEM32\ntdll.dll
0x00007ffbc0980000 - 0x00007ffbc0a47000 	C:\WINDOWS\System32\KERNEL32.DLL
0x00007ffbbf020000 - 0x00007ffbbf3ea000 	C:\WINDOWS\System32\KERNELBASE.dll
0x00007ffbbf810000 - 0x00007ffbbf95b000 	C:\WINDOWS\System32\ucrtbase.dll
0x00007ffb815c0000 - 0x00007ffb815d9000 	C:\Program Files\Java\jdk-21.0.6\bin\jli.dll
0x00007ffbc0450000 - 0x00007ffbc0502000 	C:\WINDOWS\System32\ADVAPI32.dll
0x00007ffbc02c0000 - 0x00007ffbc0369000 	C:\WINDOWS\System32\msvcrt.dll
0x00007ffbbff10000 - 0x00007ffbbffb6000 	C:\WINDOWS\System32\sechost.dll
0x00007ffbc0860000 - 0x00007ffbc0976000 	C:\WINDOWS\System32\RPCRT4.dll
0x00007ffbbfc40000 - 0x00007ffbbfe0c000 	C:\WINDOWS\System32\USER32.dll
0x00007ffbbf3f0000 - 0x00007ffbbf417000 	C:\WINDOWS\System32\win32u.dll
0x00007ffbc18f0000 - 0x00007ffbc191a000 	C:\WINDOWS\System32\GDI32.dll
0x00007ffbbf620000 - 0x00007ffbbf751000 	C:\WINDOWS\System32\gdi32full.dll
0x00007ffbbf760000 - 0x00007ffbbf803000 	C:\WINDOWS\System32\msvcp_win.dll
0x00007ffba5240000 - 0x00007ffba54d7000 	C:\WINDOWS\WinSxS\amd64_microsoft.windows.common-controls_6595b64144ccf1df_6.0.26100.3624_none_3e086962e3345f24\COMCTL32.dll
0x00007ffbaee60000 - 0x00007ffbaee6b000 	C:\WINDOWS\SYSTEM32\VERSION.dll
0x00007ffba0ac0000 - 0x00007ffba0adb000 	C:\Program Files\Java\jdk-21.0.6\bin\VCRUNTIME140.dll
0x00007ffbc0820000 - 0x00007ffbc084f000 	C:\WINDOWS\System32\IMM32.DLL
0x00007ffbb0a50000 - 0x00007ffbb0a5c000 	C:\Program Files\Java\jdk-21.0.6\bin\vcruntime140_1.dll
0x00007ffb77ad0000 - 0x00007ffb77b5e000 	C:\Program Files\Java\jdk-21.0.6\bin\msvcp140.dll
0x00007ffb58f30000 - 0x00007ffb59c4a000 	C:\Program Files\Java\jdk-21.0.6\bin\server\jvm.dll
0x00007ffbc0b30000 - 0x00007ffbc0ba4000 	C:\WINDOWS\System32\WS2_32.dll
0x00007ffbbe6d0000 - 0x00007ffbbe72e000 	C:\WINDOWS\SYSTEM32\POWRPROF.dll
0x00007ffbb7340000 - 0x00007ffbb7376000 	C:\WINDOWS\SYSTEM32\WINMM.dll
0x00007ffbbe6b0000 - 0x00007ffbbe6c4000 	C:\WINDOWS\SYSTEM32\UMPDC.dll
0x00007ffbbdd90000 - 0x00007ffbbddaa000 	C:\WINDOWS\SYSTEM32\kernel.appcore.dll
0x00007ffba0c80000 - 0x00007ffba0c8a000 	C:\Program Files\Java\jdk-21.0.6\bin\jimage.dll
0x000000005fc40000 - 0x000000005fdd6000 	C:\Program Files\Microsoft SQL Server\110\Shared\DBGHELP.DLL
0x00007ffbb9d50000 - 0x00007ffbb9d5f000 	C:\Program Files\Java\jdk-21.0.6\bin\instrument.dll
0x00007ffb815a0000 - 0x00007ffb815bf000 	C:\Program Files\Java\jdk-21.0.6\bin\java.dll
0x00007ffbc1080000 - 0x00007ffbc17a9000 	C:\WINDOWS\System32\SHELL32.dll
0x00007ffbbf4b0000 - 0x00007ffbbf618000 	C:\WINDOWS\System32\wintypes.dll
0x00007ffbc1920000 - 0x00007ffbc1ca2000 	C:\WINDOWS\System32\combase.dll
0x00007ffbbcc80000 - 0x00007ffbbd4d2000 	C:\WINDOWS\SYSTEM32\windows.storage.dll
0x00007ffbc1800000 - 0x00007ffbc18ed000 	C:\WINDOWS\System32\SHCORE.dll
0x00007ffbc1cb0000 - 0x00007ffbc1d14000 	C:\WINDOWS\System32\shlwapi.dll
0x00007ffbbef30000 - 0x00007ffbbef5f000 	C:\WINDOWS\SYSTEM32\profapi.dll
0x00007ffb6cb30000 - 0x00007ffb6cc07000 	C:\Program Files\Java\jdk-21.0.6\bin\jsvml.dll
0x00007ffb81440000 - 0x00007ffb81458000 	C:\Program Files\Java\jdk-21.0.6\bin\zip.dll
0x00007ffb96630000 - 0x00007ffb96640000 	C:\Program Files\Java\jdk-21.0.6\bin\net.dll
0x00007ffbb9120000 - 0x00007ffbb923d000 	C:\WINDOWS\SYSTEM32\WINHTTP.dll
0x00007ffbbe2f0000 - 0x00007ffbbe35a000 	C:\WINDOWS\system32\mswsock.dll
0x00007ffb81530000 - 0x00007ffb81546000 	C:\Program Files\Java\jdk-21.0.6\bin\nio.dll
0x00007ffbb9990000 - 0x00007ffbb99aa000 	C:\Program Files\JetBrains\IntelliJ IDEA 2023.3.4\bin\breakgen64.dll
0x00007ffb8f2e0000 - 0x00007ffb8f2e9000 	C:\Program Files\Java\jdk-21.0.6\bin\extnet.dll
0x00007ffb6cc30000 - 0x00007ffb6cc54000 	C:\Users\DELL\AppData\Local\Temp\jansi-2.4.1-4bc6e5b5626a7d85-jansi.dll
0x00007ffb81fe0000 - 0x00007ffb81ff0000 	C:\Program Files\Java\jdk-21.0.6\bin\verify.dll

dbghelp: loaded successfully - version: 4.0.5 - missing functions: none
symbol engine: initialized successfully - sym options: 0x614 - pdb path: .;C:\Program Files\Java\jdk-21.0.6\bin;C:\WINDOWS\SYSTEM32;C:\WINDOWS\WinSxS\amd64_microsoft.windows.common-controls_6595b64144ccf1df_6.0.26100.3624_none_3e086962e3345f24;C:\Program Files\Java\jdk-21.0.6\bin\server;C:\Program Files\Microsoft SQL Server\110\Shared;C:\Program Files\JetBrains\IntelliJ IDEA 2023.3.4\bin;C:\Users\DELL\AppData\Local\Temp

VM Arguments:
jvm_args: -Dmaven.multiModuleProjectDirectory=C:\Users\DELL\Desktop\angular Project\backEnd\carsAgence -Djansi.passthrough=true -Dmaven.home=C:\Users\DELL\.m2\wrapper\dists\apache-maven-3.9.9-bin\4nf9hui3q3djbarqar9g711ggc\apache-maven-3.9.9 -Dclassworlds.conf=C:\Users\DELL\.m2\wrapper\dists\apache-maven-3.9.9-bin\4nf9hui3q3djbarqar9g711ggc\apache-maven-3.9.9\bin\m2.conf -Dmaven.ext.class.path=C:\Program Files\JetBrains\IntelliJ IDEA 2023.3.4\plugins\maven\lib\maven-event-listener.jar -javaagent:C:\Program Files\JetBrains\IntelliJ IDEA 2023.3.4\lib\idea_rt.jar=52356:C:\Program Files\JetBrains\IntelliJ IDEA 2023.3.4\bin -Dfile.encoding=UTF-8 -Dsun.stdout.encoding=UTF-8 -Dsun.stderr.encoding=UTF-8 
java_command: org.codehaus.classworlds.Launcher -Didea.version=2023.3.4 clean install
java_class_path (initial): C:\Users\DELL\.m2\wrapper\dists\apache-maven-3.9.9-bin\4nf9hui3q3djbarqar9g711ggc\apache-maven-3.9.9\boot\plexus-classworlds-2.8.0.jar;C:\Users\DELL\.m2\wrapper\dists\apache-maven-3.9.9-bin\4nf9hui3q3djbarqar9g711ggc\apache-maven-3.9.9\boot\plexus-classworlds.license
Launcher Type: SUN_STANDARD

[Global flags]
     intx CICompilerCount                          = 4                                         {product} {ergonomic}
     uint ConcGCThreads                            = 2                                         {product} {ergonomic}
     uint G1ConcRefinementThreads                  = 8                                         {product} {ergonomic}
   size_t G1HeapRegionSize                         = 2097152                                   {product} {ergonomic}
    uintx GCDrainStackTargetSize                   = 64                                        {product} {ergonomic}
   size_t InitialHeapSize                          = 264241152                                 {product} {ergonomic}
   size_t MarkStackSize                            = 4194304                                   {product} {ergonomic}
   size_t MaxHeapSize                              = 4227858432                                {product} {ergonomic}
   size_t MaxNewSize                               = 2535456768                                {product} {ergonomic}
   size_t MinHeapDeltaBytes                        = 2097152                                   {product} {ergonomic}
   size_t MinHeapSize                              = 8388608                                   {product} {ergonomic}
    uintx NonNMethodCodeHeapSize                   = 5839372                                {pd product} {ergonomic}
    uintx NonProfiledCodeHeapSize                  = 122909434                              {pd product} {ergonomic}
    uintx ProfiledCodeHeapSize                     = 122909434                              {pd product} {ergonomic}
    uintx ReservedCodeCacheSize                    = 251658240                              {pd product} {ergonomic}
     bool SegmentedCodeCache                       = true                                      {product} {ergonomic}
   size_t SoftMaxHeapSize                          = 4227858432                             {manageable} {ergonomic}
     bool UseCompressedOops                        = true                           {product lp64_product} {ergonomic}
     bool UseG1GC                                  = true                                      {product} {ergonomic}
     bool UseLargePagesIndividualAllocation        = false                                  {pd product} {ergonomic}

Logging:
Log output configuration:
 #0: stdout all=warning uptime,level,tags foldmultilines=false
 #1: stderr all=off uptime,level,tags foldmultilines=false

Environment Variables:
PATH=C:\PySchool\3.10-32-bit\Scripts;C:\PySchool\3.10-32-bit;C:\oraclexe\app\oracle\product\11.2.0\server\bin;C:\Program Files (x86)\VMware\VMware Workstation\bin\;C:\Program Files\Common Files\Siemens\Automation\Simatic OAM\bin;C:\WINDOWS\system32;C:\WINDOWS;C:\WINDOWS\System32\Wbem;C:\WINDOWS\System32\WindowsPowerShell\v1.0\;C:\WINDOWS\System32\OpenSSH\;C:\Program Files (x86)\Microchip\MPLAB C32 Suite\bin;c:\Program Files (x86)\Microsoft SQL Server\100\Tools\Binn\;c:\Program Files\Microsoft SQL Server\100\Tools\Binn\;c:\Program Files\Microsoft SQL Server\100\DTS\Binn\;C:\Users\DELL\AppData\Local\Programs\Python\Python311;C:\Users\DELL\AppData\Local\Programs\Python\Python311\Scripts;C:\wamp64\bin\php\php8.2.0;C:\wamp64\bin;C:\Program Files\Git\cmd;C:\Program Files\dotnet\;C:\Program Files\Docker\Docker\resources\bin;C:\Users\DELL\AppData\Local\nvm;C:\nvm4w\nodejs;C:\Program Files\Microsoft SQL Server\150\Tools\Binn\;C:\Program Files\Microsoft SQL Server\Client SDK\ODBC\170\Tools\Binn\;C:\Program Files (x86)\Windows Kits\10\Windows Performance Toolkit\;C:\Program Files\Microsoft SQL Server\110\DTS\Binn\;C:\Program Files (x86)\Microsoft SQL Server\110\Tools\Binn\;C:\Program Files\Microsoft SQL Server\110\Tools\Binn\;C:\Program Files (x86)\Microsoft SQL Server\110\Tools\Binn\ManagementStudio\;C:\Program Files (x86)\Microsoft Visual Studio 10.0\Common7\IDE\PrivateAssemblies\;C:\Program Files (x86)\Microsoft SQL Server\110\DTS\Binn\;C:\Program Files\Java\jdk-21.0.6\bin;C:\Users\DELL\scoop\shims;C:\Users\DELL\AppData\Local\Microsoft\WindowsApps;C:\phpm\php-8.2.3 (1);C:\Program Files\JetBrains\PhpStorm 2023.1\bin;;C:\wamp64\bin;C:\Users\DELL\AppData\Local\Programs\Microsoft VS Code\bin;C:\Users\DELL\AppData\Roaming\npm;C:\Users\DELL\AppData\Local\nvm;C:\nvm4w\nodejs;C:\Users\DELL\.dotnet\tools;C:\Users\DELL\AppData\Local\Programs\cursor\resources\app\bin
USERNAME=DELL
OS=Windows_NT
PROCESSOR_IDENTIFIER=Intel64 Family 6 Model 140 Stepping 1, GenuineIntel
TMP=C:\Users\DELL\AppData\Local\Temp
TEMP=C:\Users\DELL\AppData\Local\Temp




Periodic native trim disabled

---------------  S Y S T E M  ---------------

OS:
 Windows 11 , 64 bit Build 26100 (10.0.26100.3775)
OS uptime: 1 days 17:54 hours
Hyper-V role detected

CPU: total 8 (initial active 8) (4 cores per cpu, 2 threads per core) family 6 model 140 stepping 1 microcode 0xba, cx8, cmov, fxsr, ht, mmx, 3dnowpref, sse, sse2, sse3, ssse3, sse4.1, sse4.2, popcnt, lzcnt, tsc, tscinvbit, avx, avx2, aes, erms, clmul, bmi1, bmi2, adx, avx512f, avx512dq, avx512cd, avx512bw, avx512vl, sha, fma, vzeroupper, avx512_vpopcntdq, avx512_vpclmulqdq, avx512_vaes, avx512_vnni, clflush, clflushopt, clwb, avx512_vbmi2, avx512_vbmi, hv, rdtscp, rdpid, fsrm, gfni, avx512_bitalg, f16c, cet_ibt, cet_ss, avx512_ifma
Processor Information for all 8 processors :
  Max Mhz: 2419, Current Mhz: 2419, Mhz Limit: 2419

Memory: 4k page, system-wide physical 16126M (1103M free)
TotalPageFile size 65278M (AvailPageFile size 0M)
current process WorkingSet (physical memory assigned to process): 82M, peak: 86M
current process commit charge ("private bytes"): 361M, peak: 363M

vm_info: Java HotSpot(TM) 64-Bit Server VM (21.0.6+8-LTS-188) for windows-amd64 JRE (21.0.6+8-LTS-188), built on 2024-12-03T10:50:54Z by "mach5one" with MS VC++ 17.6 (VS2022)

END.
