#
# There is insufficient memory for the Java Runtime Environment to continue.
# Native memory allocation (mmap) failed to map 65536 bytes for Failed to commit metaspace.
# Possible reasons:
#   The system is out of physical RAM or swap space
#   The process is running with CompressedOops enabled, and the Java Heap may be blocking the growth of the native heap
# Possible solutions:
#   Reduce memory load on the system
#   Increase physical memory or swap space
#   Check if swap backing store is full
#   Decrease Java heap size (-Xmx/-Xms)
#   Decrease number of Java threads
#   Decrease Java thread stack sizes (-Xss)
#   Set larger code cache with -XX:ReservedCodeCacheSize=
#   JVM is running with Zero Based Compressed Oops mode in which the Java heap is
#     placed in the first 32GB address space. The Java Heap base address is the
#     maximum limit for the native heap growth. Please use -XX:HeapBaseMinAddress
#     to set the Java Heap base and to place the Java Heap above 32GB virtual address.
# This output file may be truncated or incomplete.
#
#  Out of Memory Error (virtualSpaceNode.cpp:112), pid=22128, tid=25140
#
# JRE version: Java(TM) SE Runtime Environment (21.0.6+8) (build 21.0.6+8-LTS-188)
# Java VM: Java HotSpot(TM) 64-Bit Server VM (21.0.6+8-LTS-188, mixed mode, sharing, tiered, compressed oops, compressed class ptrs, g1 gc, windows-amd64)
# No core dump will be written. Minidumps are not enabled by default on client versions of Windows
#

---------------  S U M M A R Y ------------

Command Line: -Dmaven.multiModuleProjectDirectory=C:\Users\DELL\Desktop\angular Project\backEnd\carsAgence -Djansi.passthrough=true -Dmaven.home=C:\Users\DELL\.m2\wrapper\dists\apache-maven-3.9.9-bin\4nf9hui3q3djbarqar9g711ggc\apache-maven-3.9.9 -Dclassworlds.conf=C:\Users\DELL\.m2\wrapper\dists\apache-maven-3.9.9-bin\4nf9hui3q3djbarqar9g711ggc\apache-maven-3.9.9\bin\m2.conf -Dmaven.ext.class.path=C:\Program Files\JetBrains\IntelliJ IDEA 2023.3.4\plugins\maven\lib\maven-event-listener.jar -javaagent:C:\Program Files\JetBrains\IntelliJ IDEA 2023.3.4\lib\idea_rt.jar=52350:C:\Program Files\JetBrains\IntelliJ IDEA 2023.3.4\bin -Dfile.encoding=UTF-8 -Dsun.stdout.encoding=UTF-8 -Dsun.stderr.encoding=UTF-8 org.codehaus.classworlds.Launcher -Didea.version=2023.3.4 clean install

Host: 11th Gen Intel(R) Core(TM) i5-1135G7 @ 2.40GHz, 8 cores, 15G,  Windows 11 , 64 bit Build 26100 (10.0.26100.3775)
Time: Tue Apr 22 17:30:59 2025 Afr. centrale Ouest elapsed time: 46.705072 seconds (0d 0h 0m 46s)

---------------  T H R E A D  ---------------

Current thread (0x000002e2c9169e30):  JavaThread "main"             [_thread_in_vm, id=25140, stack(0x000000fb10300000,0x000000fb10400000) (1024K)]

Stack: [0x000000fb10300000,0x000000fb10400000]
Native frames: (J=compiled Java code, j=interpreted, Vv=VM code, C=native code)
V  [jvm.dll+0x6ca6d9]
V  [jvm.dll+0x854f51]
V  [jvm.dll+0x85747e]
V  [jvm.dll+0x857b53]
V  [jvm.dll+0x27dcc6]
V  [jvm.dll+0x850b6e]
V  [jvm.dll+0x66e3e5]
V  [jvm.dll+0x1e3f1c]
V  [jvm.dll+0x1e3cee]
V  [jvm.dll+0x670d13]
V  [jvm.dll+0x670b32]
V  [jvm.dll+0x66edbe]
V  [jvm.dll+0x2681ef]
V  [jvm.dll+0x679135]
V  [jvm.dll+0x214cb1]
V  [jvm.dll+0x21513a]
V  [jvm.dll+0x215b61]
V  [jvm.dll+0x20affe]
V  [jvm.dll+0x5ad2ec]
V  [jvm.dll+0x7cf136]
V  [jvm.dll+0x470c46]
V  [jvm.dll+0x476ac8]
C  [java.dll+0x17ec]

Java frames: (J=compiled Java code, j=interpreted, Vv=VM code)
J 615  java.lang.ClassLoader.defineClass1(Ljava/lang/ClassLoader;Ljava/lang/String;[BIILjava/security/ProtectionDomain;Ljava/lang/String;)Ljava/lang/Class; java.base@21.0.6 (0 bytes) @ 0x000002e2daba3311 [0x000002e2daba3240+0x00000000000000d1]
j  java.lang.ClassLoader.defineClass(Ljava/lang/String;[BIILjava/security/ProtectionDomain;)Ljava/lang/Class;+27 java.base@21.0.6
j  java.security.SecureClassLoader.defineClass(Ljava/lang/String;[BIILjava/security/CodeSource;)Ljava/lang/Class;+12 java.base@21.0.6
j  java.net.URLClassLoader.defineClass(Ljava/lang/String;Ljdk/internal/loader/Resource;)Ljava/lang/Class;+220 java.base@21.0.6
j  java.net.URLClassLoader$1.run()Ljava/lang/Class;+43 java.base@21.0.6
j  java.net.URLClassLoader$1.run()Ljava/lang/Object;+1 java.base@21.0.6
J 889 c1 java.security.AccessController.doPrivileged(Ljava/security/PrivilegedExceptionAction;Ljava/security/AccessControlContext;)Ljava/lang/Object; java.base@21.0.6 (26 bytes) @ 0x000002e2d3234614 [0x000002e2d3234420+0x00000000000001f4]
j  java.net.URLClassLoader.findClass(Ljava/lang/String;)Ljava/lang/Class;+13 java.base@21.0.6
J 894 c1 org.codehaus.plexus.classworlds.realm.ClassRealm.loadClassFromSelf(Ljava/lang/String;)Ljava/lang/Class; (40 bytes) @ 0x000002e2d32375bc [0x000002e2d3237220+0x000000000000039c]
J 899 c1 org.codehaus.plexus.classworlds.strategy.SelfFirstStrategy.loadClass(Ljava/lang/String;)Ljava/lang/Class; (50 bytes) @ 0x000002e2d3238eac [0x000002e2d3238ac0+0x00000000000003ec]
J 657 c1 org.codehaus.plexus.classworlds.realm.ClassRealm.loadClass(Ljava/lang/String;Z)Ljava/lang/Class; (33 bytes) @ 0x000002e2d31a10e4 [0x000002e2d31a0f60+0x0000000000000184]
J 656 c1 org.codehaus.plexus.classworlds.realm.ClassRealm.loadClass(Ljava/lang/String;)Ljava/lang/Class; (7 bytes) @ 0x000002e2d31a0bc4 [0x000002e2d31a0ac0+0x0000000000000104]
v  ~StubRoutines::call_stub 0x000002e2da5d10e7
j  com.google.inject.internal.InjectorJitBindingData.<init>(Ljava/util/Optional;)V+12
j  com.google.inject.internal.InjectorShell$Builder.lock()Ljava/lang/Object;+15
j  com.google.inject.internal.InternalInjectorCreator.build()Lcom/google/inject/Injector;+21
j  com.google.inject.Guice.createInjector(Lcom/google/inject/Stage;Ljava/lang/Iterable;)Lcom/google/inject/Injector;+15
j  com.google.inject.Guice.createInjector(Ljava/lang/Iterable;)Lcom/google/inject/Injector;+4
j  com.google.inject.Guice.createInjector([Lcom/google/inject/Module;)Lcom/google/inject/Injector;+4
j  org.codehaus.plexus.DefaultPlexusContainer.addPlexusInjector(Ljava/util/List;[Lcom/google/inject/Module;)Lcom/google/inject/Injector;+88
j  org.codehaus.plexus.DefaultPlexusContainer.<init>(Lorg/codehaus/plexus/ContainerConfiguration;[Lcom/google/inject/Module;)V+406
j  org.apache.maven.cli.MavenCli.container(Lorg/apache/maven/cli/CliRequest;)Lorg/codehaus/plexus/PlexusContainer;+279
j  org.apache.maven.cli.MavenCli.doMain(Lorg/apache/maven/cli/CliRequest;)I+34
j  org.apache.maven.cli.MavenCli.main([Ljava/lang/String;Lorg/codehaus/plexus/classworlds/ClassWorld;)I+24
j  java.lang.invoke.DirectMethodHandle$Holder.invokeStatic(Ljava/lang/Object;Ljava/lang/Object;Ljava/lang/Object;)I+11 java.base@21.0.6
j  java.lang.invoke.LambdaForm$MH+0x000002e28100b000.invoke(Ljava/lang/Object;Ljava/lang/Object;Ljava/lang/Object;Ljava/lang/Object;)Ljava/lang/Object;+54 java.base@21.0.6
j  java.lang.invoke.LambdaForm$MH+0x000002e281002800.invokeExact_MT(Ljava/lang/Object;Ljava/lang/Object;Ljava/lang/Object;Ljava/lang/Object;Ljava/lang/Object;)Ljava/lang/Object;+22 java.base@21.0.6
j  jdk.internal.reflect.DirectMethodHandleAccessor.invokeImpl(Ljava/lang/Object;[Ljava/lang/Object;)Ljava/lang/Object;+72 java.base@21.0.6
j  jdk.internal.reflect.DirectMethodHandleAccessor.invoke(Ljava/lang/Object;[Ljava/lang/Object;)Ljava/lang/Object;+23 java.base@21.0.6
j  java.lang.reflect.Method.invoke(Ljava/lang/Object;[Ljava/lang/Object;)Ljava/lang/Object;+102 java.base@21.0.6
j  org.codehaus.plexus.classworlds.launcher.Launcher.launchEnhanced([Ljava/lang/String;)V+45
j  org.codehaus.plexus.classworlds.launcher.Launcher.launch([Ljava/lang/String;)V+2
j  org.codehaus.plexus.classworlds.launcher.Launcher.mainWithExitCode([Ljava/lang/String;)I+108
j  org.codehaus.plexus.classworlds.launcher.Launcher.main([Ljava/lang/String;)V+1
j  org.codehaus.classworlds.Launcher.main([Ljava/lang/String;)V+1
v  ~StubRoutines::call_stub 0x000002e2da5d10e7

Compiled method (n/a)   47269  615     n 0       java.lang.ClassLoader::defineClass1 (native)
 total in heap  [0x000002e2daba3090,0x000002e2daba37f0] = 1888
 relocation     [0x000002e2daba31f0,0x000002e2daba3230] = 64
 main code      [0x000002e2daba3240,0x000002e2daba37ef] = 1455
 stub code      [0x000002e2daba37ef,0x000002e2daba37f0] = 1

[Constant Pool (empty)]

[MachCode]
[Entry Point]
  # {method} {0x000002e28043ac80} 'defineClass1' '(Ljava/lang/ClassLoader;Ljava/lang/String;[BIILjava/security/ProtectionDomain;Ljava/lang/String;)Ljava/lang/Class;' in 'java/lang/ClassLoader'
  # parm0:    rdx:rdx   = 'java/lang/ClassLoader'
  # parm1:    r8:r8     = 'java/lang/String'
  # parm2:    r9:r9     = '[B'
  # parm3:    rdi       = int
  # parm4:    rsi       = int
  # parm5:    rcx:rcx   = 'java/security/ProtectionDomain'
  # parm6:    [sp+0xa0]   = 'java/lang/String'  (sp of caller)
  0x000002e2daba3240: 448b 5208 | 49bb 0000 | 0080 e202 | 0000 4d03 | d349 3bc2 | 0f84 0600 

  0x000002e2daba3258: ;   {runtime_call ic_miss_stub}
  0x000002e2daba3258: 0000 e921 | b7a7 ff90 
[Verified Entry Point]
  0x000002e2daba3260: 8984 2400 | 80ff ff55 | 488b ec48 | 81ec 9000 | 0000 6690 | 4181 7f20 | 0100 0000 

  0x000002e2daba327c: ;   {runtime_call StubRoutines (final stubs)}
  0x000002e2daba327c: 7405 e8fd | 2aa6 ff48 | 837d 1000 | 488d 4510 | 480f 4445 | 1048 8944 | 2440 4889 | 4c24 7048 
  0x000002e2daba329c: 83f9 0048 | 8d44 2470 | 480f 4444 | 2470 4889 | 4424 3848 | 8974 2430 | 4889 7c24 | 284c 894c 
  0x000002e2daba32bc: 2458 4983 | f900 488d | 4424 5848 | 0f44 4424 | 5848 8944 | 2420 4c89 | 4424 5049 | 83f8 004c 
  0x000002e2daba32dc: 8d4c 2450 | 4c0f 444c | 2450 4889 | 5424 4848 | 83fa 004c | 8d44 2448 | 4c0f 4444 

  0x000002e2daba32f8: ;   {oop(a 'java/lang/Class'{0x0000000713a01450} = 'java/lang/ClassLoader')}
  0x000002e2daba32f8: 2448 49be | 5014 a013 | 0700 0000 | 4c89 7424 | 784c 8d74 | 2478 498b | d6c5 f877 

  0x000002e2daba3314: ;   {internal_word}
  0x000002e2daba3314: 49ba 1133 | bada e202 | 0000 4d89 | 97a0 0300 | 0049 89a7 | 9803 0000 

  0x000002e2daba332c: ;   {external_word}
  0x000002e2daba332c: 49ba e057 | b559 fb7f | 0000 4180 | 3a00 0f84 | 4e00 0000 | 5241 5041 

  0x000002e2daba3344: ;   {metadata({method} {0x000002e28043ac80} 'defineClass1' '(Ljava/lang/ClassLoader;Ljava/lang/String;[BIILjava/security/ProtectionDomain;Ljava/lang/String;)Ljava/lang/Class;' in 'java/lang/ClassLoader')}
  0x000002e2daba3344: 5148 ba78 | ac43 80e2 | 0200 0049 | 8bcf 4883 | ec20 40f6 | c40f 0f84 | 1900 0000 | 4883 ec08 
  0x000002e2daba3364: ;   {runtime_call}
  0x000002e2daba3364: 48b8 8005 | 6659 fb7f | 0000 ffd0 | 4883 c408 | e90c 0000 

  0x000002e2daba3378: ;   {runtime_call}
  0x000002e2daba3378: 0048 b880 | 0566 59fb | 7f00 00ff | d048 83c4 | 2041 5941 | 585a 498d | 8fb8 0300 | 0041 c787 
  0x000002e2daba3398: 4404 0000 | 0400 0000 

  0x000002e2daba33a0: ;   {runtime_call}
  0x000002e2daba33a0: 48b8 ac16 | 5a81 fb7f | 0000 ffd0 | c5f8 7741 | c787 4404 | 0000 0500 | 0000 f083 | 4424 c000 
  0x000002e2daba33c0: 493b af48 | 0400 000f | 870e 0000 | 0041 83bf | 4004 0000 | 000f 842b | 0000 00c5 | f877 4889 
  0x000002e2daba33e0: 45f8 498b | cf4c 8be4 | 4883 ec20 | 4883 e4f0 

  0x000002e2daba33f0: ;   {runtime_call}
  0x000002e2daba33f0: 48b8 f0b2 | 3159 fb7f | 0000 ffd0 | 498b e44d | 33e4 488b | 45f8 41c7 | 8744 0400 | 0008 0000 
  0x000002e2daba3410: 0041 83bf | c004 0000 | 020f 84a3 

  0x000002e2daba341c: ;   {external_word}
  0x000002e2daba341c: 0300 0049 | bae0 57b5 | 59fb 7f00 | 0041 803a | 000f 844c | 0000 0048 

  0x000002e2daba3434: ;   {metadata({method} {0x000002e28043ac80} 'defineClass1' '(Ljava/lang/ClassLoader;Ljava/lang/String;[BIILjava/security/ProtectionDomain;Ljava/lang/String;)Ljava/lang/Class;' in 'java/lang/ClassLoader')}
  0x000002e2daba3434: 8945 f848 | ba78 ac43 | 80e2 0200 | 0049 8bcf | 4883 ec20 | 40f6 c40f | 0f84 1900 | 0000 4883 
  0x000002e2daba3454: ;   {runtime_call}
  0x000002e2daba3454: ec08 48b8 | 8005 6659 | fb7f 0000 | ffd0 4883 | c408 e90c 

  0x000002e2daba3468: ;   {runtime_call}
  0x000002e2daba3468: 0000 0048 | b880 0566 | 59fb 7f00 | 00ff d048 | 83c4 2048 | 8b45 f849 | c787 9803 | 0000 0000 
  0x000002e2daba3488: 0000 49c7 | 87a0 0300 | 0000 0000 | 00c5 f877 | 4885 c00f | 84fe 0200 | 00a8 030f | 8508 0000 
  0x000002e2daba34a8: 0048 8b00 | e9ee 0200 | 00a8 010f | 8509 0000 | 0048 8b40 | fee9 dd02 | 0000 488b | 40ff 4180 
  0x000002e2daba34c8: 7f40 000f | 84ce 0200 | 0048 83f8 | 000f 84c4 | 0200 0049 | 8b4f 2848 | 83f9 000f | 8414 0000 
  0x000002e2daba34e8: 0048 83e9 | 0849 894f | 2849 034f | 3848 8901 | e9a2 0200 | 0048 81ec | 5001 0000 | 4889 0424 
  0x000002e2daba3508: 4889 4c24 | 0848 8954 | 2410 4889 | 7424 1848 | 897c 2420 | 4c89 4424 | 284c 894c | 2430 4c89 
  0x000002e2daba3528: 5424 384c | 895c 2440 | c5fb 1144 | 2450 c5fb | 114c 2458 | c5fb 1154 | 2460 c5fb | 115c 2468 
  0x000002e2daba3548: c5fb 1164 | 2470 c5fb | 116c 2478 | c5fb 11b4 | 2480 0000 | 00c5 fb11 | bc24 8800 | 0000 c57b 
  0x000002e2daba3568: ;   {no_reloc}
  0x000002e2daba3568: 1184 2490 | 0000 00c5 | 7b11 8c24 | 9800 0000 | c57b 1194 | 24a0 0000 | 00c5 7b11 | 9c24 a800 
  0x000002e2daba3588: 0000 c57b | 11a4 24b0 | 0000 00c5 | 7b11 ac24 | b800 0000 | c57b 11b4 | 24c0 0000 | 00c5 7b11 
  0x000002e2daba35a8: bc24 c800 | 0000 62e1 | ff08 1144 | 241a 62e1 | ff08 114c | 241b 62e1 | ff08 1154 | 241c 62e1 
  0x000002e2daba35c8: ff08 115c | 241d 62e1 | ff08 1164 | 241e 62e1 | ff08 116c | 241f 62e1 | ff08 1174 | 2420 62e1 
  0x000002e2daba35e8: ff08 117c | 2421 6261 | ff08 1144 | 2422 6261 | ff08 114c | 2423 6261 | ff08 1154 | 2424 6261 
  0x000002e2daba3608: ff08 115c | 2425 6261 | ff08 1164 | 2426 6261 | ff08 116c | 2427 6261 | ff08 1174 | 2428 6261 
  0x000002e2daba3628: ff08 117c | 2429 498b | d748 8bc8 | 4883 ec20 | 40f6 c40f | 0f84 1900 | 0000 4883 

  0x000002e2daba3644: ;   {runtime_call}
  0x000002e2daba3644: ec08 48b8 | 90f1 2459 | fb7f 0000 | ffd0 4883 | c408 e90c 

  0x000002e2daba3658: ;   {runtime_call}
  0x000002e2daba3658: 0000 0048 | b890 f124 | 59fb 7f00 | 00ff d048 | 83c4 2062 | 61ff 0810 | 7c24 2962 | 61ff 0810 
  0x000002e2daba3678: 7424 2862 | 61ff 0810 | 6c24 2762 | 61ff 0810 | 6424 2662 | 61ff 0810 | 5c24 2562 | 61ff 0810 
  0x000002e2daba3698: 5424 2462 | 61ff 0810 | 4c24 2362 | 61ff 0810 | 4424 2262 | e1ff 0810 | 7c24 2162 | e1ff 0810 
  0x000002e2daba36b8: 7424 2062 | e1ff 0810 | 6c24 1f62 | e1ff 0810 | 6424 1e62 | e1ff 0810 | 5c24 1d62 | e1ff 0810 
  0x000002e2daba36d8: 5424 1c62 | e1ff 0810 | 4c24 1b62 | e1ff 0810 | 4424 1ac5 | 7b10 bc24 | c800 0000 | c57b 10b4 
  0x000002e2daba36f8: 24c0 0000 | 00c5 7b10 | ac24 b800 | 0000 c57b | 10a4 24b0 | 0000 00c5 | 7b10 9c24 | a800 0000 
  0x000002e2daba3718: c57b 1094 | 24a0 0000 | 00c5 7b10 | 8c24 9800 | 0000 c57b | 1084 2490 | 0000 00c5 | fb10 bc24 
  0x000002e2daba3738: 8800 0000 | c5fb 10b4 | 2480 0000 | 00c5 fb10 | 6c24 78c5 | fb10 6424 | 70c5 fb10 | 5c24 68c5 
  0x000002e2daba3758: ;   {no_reloc}
  0x000002e2daba3758: fb10 5424 | 60c5 fb10 | 4c24 58c5 | fb10 4424 | 504c 8b5c | 2440 4c8b | 5424 384c | 8b4c 2430 
  0x000002e2daba3778: 4c8b 4424 | 2848 8b7c | 2420 488b | 7424 1848 | 8b54 2410 | 488b 4c24 | 0848 8b04 | 2448 81c4 
  0x000002e2daba3798: 5001 0000 | c5f8 7749 | 8b8f 2804 | 0000 c781 | 0001 0000 | 0000 0000 | c949 837f | 0800 0f85 
  0x000002e2daba37b8: 0100 0000 

  0x000002e2daba37bc: ;   {runtime_call StubRoutines (initial stubs)}
  0x000002e2daba37bc: c3e9 3ed7 | a2ff c5f8 | 7748 8945 | f84c 8be4 | 4883 ec20 | 4883 e4f0 

  0x000002e2daba37d4: ;   {runtime_call}
  0x000002e2daba37d4: 48b8 703d | 6659 fb7f | 0000 ffd0 | 498b e44d | 33e4 488b | 45f8 e930 | fcff fff4 
[/MachCode]


Compiled method (c1)   48121  889   !   3       java.security.AccessController::doPrivileged (26 bytes)
 total in heap  [0x000002e2d3234210,0x000002e2d3234b98] = 2440
 relocation     [0x000002e2d3234370,0x000002e2d3234418] = 168
 main code      [0x000002e2d3234420,0x000002e2d32348b8] = 1176
 stub code      [0x000002e2d32348b8,0x000002e2d3234940] = 136
 metadata       [0x000002e2d3234940,0x000002e2d3234960] = 32
 scopes data    [0x000002e2d3234960,0x000002e2d3234a30] = 208
 scopes pcs     [0x000002e2d3234a30,0x000002e2d3234b10] = 224
 dependencies   [0x000002e2d3234b10,0x000002e2d3234b18] = 8
 handler table  [0x000002e2d3234b18,0x000002e2d3234b88] = 112
 nul chk table  [0x000002e2d3234b88,0x000002e2d3234b98] = 16

[Constant Pool (empty)]

[MachCode]
[Verified Entry Point]
  # {method} {0x000002e2804764f0} 'doPrivileged' '(Ljava/security/PrivilegedExceptionAction;Ljava/security/AccessControlContext;)Ljava/lang/Object;' in 'java/security/AccessController'
  # parm0:    rdx:rdx   = 'java/security/PrivilegedExceptionAction'
  # parm1:    r8:r8     = 'java/security/AccessControlContext'
  #           [sp+0x80]  (sp of caller)
  0x000002e2d3234420: 8984 2400 | 80ff ff55 | 4883 ec70 | 4181 7f20 | 0100 0000 

  0x000002e2d3234434: ;   {runtime_call StubRoutines (final stubs)}
  0x000002e2d3234434: 7405 e845 

  0x000002e2d3234438: ;   {metadata(method data for {method} {0x000002e2804764f0} 'doPrivileged' '(Ljava/security/PrivilegedExceptionAction;Ljava/security/AccessControlContext;)Ljava/lang/Object;' in 'java/security/AccessController')}
  0x000002e2d3234438: 193d 0748 | be88 3710 | ebe2 0200 | 008b becc | 0000 0083 | c702 89be | cc00 0000 | 81e7 fe07 
  0x000002e2d3234458: 0000 85ff | 0f84 5c03 | 0000 4c89 | 4424 4048 | 8954 2448 

  0x000002e2d323446c: ;   {metadata(method data for {method} {0x000002e2804764f0} 'doPrivileged' '(Ljava/security/PrivilegedExceptionAction;Ljava/security/AccessControlContext;)Ljava/lang/Object;' in 'java/security/AccessController')}
  0x000002e2d323446c: 48be 8837 | 10eb e202 | 0000 4883 | 8610 0100 

  0x000002e2d323447c: ;   {static_call}
  0x000002e2d323447c: 0001 90e8 

  0x000002e2d3234480: ; ImmutableOopMap {[64]=Oop [72]=Oop }
                      ;*invokestatic getCallerClass {reexecute=0 rethrow=0 return_oop=0}
                      ; - java.security.AccessController::doPrivileged@0 (line 711)
  0x000002e2d3234480: dce7 9507 

  0x000002e2d3234484: ;   {other}
  0x000002e2d3234484: 0f1f 8400 | 7402 0000 

  0x000002e2d323448c: ;   {metadata(method data for {method} {0x000002e2804764f0} 'doPrivileged' '(Ljava/security/PrivilegedExceptionAction;Ljava/security/AccessControlContext;)Ljava/lang/Object;' in 'java/security/AccessController')}
  0x000002e2d323448c: 48ba 8837 | 10eb e202 | 0000 4883 | 8220 0100 | 0001 488b | 5424 404c | 8bc0 4889 | 4424 500f 
  0x000002e2d32344ac: ;   {static_call}
  0x000002e2d32344ac: 1f40 00e8 

  0x000002e2d32344b0: ; ImmutableOopMap {[72]=Oop [80]=Oop }
                      ;*invokestatic checkContext {reexecute=0 rethrow=0 return_oop=0}
                      ; - java.security.AccessController::doPrivileged@6 (line 712)
  0x000002e2d32344b0: 8ca4 f6ff 

  0x000002e2d32344b4: ;   {other}
  0x000002e2d32344b4: 0f1f 8400 | a402 0001 | 4889 4424 

  0x000002e2d32344c0: ;   {metadata(method data for {method} {0x000002e2804764f0} 'doPrivileged' '(Ljava/security/PrivilegedExceptionAction;Ljava/security/AccessControlContext;)Ljava/lang/Object;' in 'java/security/AccessController')}
  0x000002e2d32344c0: 5848 ba88 | 3710 ebe2 | 0200 0048 | 8382 3001 

  0x000002e2d32344d0: ;   {metadata(method data for {method} {0x000002e280476778} 'executePrivileged' '(Ljava/security/PrivilegedExceptionAction;Ljava/security/AccessControlContext;Ljava/lang/Class;)Ljava/lang/Object;' in 'java/security/AccessController')}
  0x000002e2d32344d0: 0000 0148 | ba50 7b18 | ebe2 0200 | 008b b2cc | 0000 0083 | c602 89b2 | cc00 0000 | 81e6 feff 
  0x000002e2d32344f0: 1f00 85f6 | 0f84 e502 | 0000 4885 

  0x000002e2d32344fc: ;   {metadata(method data for {method} {0x000002e280476778} 'executePrivileged' '(Ljava/security/PrivilegedExceptionAction;Ljava/security/AccessControlContext;Ljava/lang/Class;)Ljava/lang/Object;' in 'java/security/AccessController')}
  0x000002e2d32344fc: c048 ba50 | 7b18 ebe2 | 0200 0048 | be10 0100 | 0000 0000 | 0074 0a48 | be20 0100 | 0000 0000 
  0x000002e2d323451c: 0048 8b3c | 3248 8d7f | 0148 893c | 320f 8425 

  0x000002e2d323452c: ;   {metadata(method data for {method} {0x000002e280476778} 'executePrivileged' '(Ljava/security/PrivilegedExceptionAction;Ljava/security/AccessControlContext;Ljava/lang/Class;)Ljava/lang/Object;' in 'java/security/AccessController')}
  0x000002e2d323452c: 0000 0048 | ba50 7b18 | ebe2 0200 | 0048 8382 | 3001 0000 | 0148 8bd0 

  0x000002e2d3234544: ;   {static_call}
  0x000002e2d3234544: 6666 90e8 

  0x000002e2d3234548: ; ImmutableOopMap {[72]=Oop [80]=Oop [88]=Oop }
                      ;*invokestatic ensureMaterializedForStackWalk {reexecute=0 rethrow=0 return_oop=0}
                      ; - java.security.AccessController::executePrivileged@5 (line 805)
                      ; - java.security.AccessController::doPrivileged@13 (line 714)
  0x000002e2d3234548: 1494 9607 

  0x000002e2d323454c: ;   {other}
  0x000002e2d323454c: 0f1f 8400 | 3c03 0002 

  0x000002e2d3234554: ;   {metadata(method data for {method} {0x000002e280476778} 'executePrivileged' '(Ljava/security/PrivilegedExceptionAction;Ljava/security/AccessControlContext;Ljava/lang/Class;)Ljava/lang/Object;' in 'java/security/AccessController')}
  0x000002e2d3234554: 48ba 507b | 18eb e202 | 0000 ff82 | 4001 0000 | 488b 5424 | 4848 3b02 

  0x000002e2d323456c: ;   {metadata(method data for {method} {0x000002e280476778} 'executePrivileged' '(Ljava/security/PrivilegedExceptionAction;Ljava/security/AccessControlContext;Ljava/lang/Class;)Ljava/lang/Object;' in 'java/security/AccessController')}
  0x000002e2d323456c: 488b f248 | bf50 7b18 | ebe2 0200 | 008b 7608 | 49ba 0000 | 0080 e202 | 0000 4903 | f248 3bb7 
  0x000002e2d323458c: b001 0000 | 750d 4883 | 87b8 0100 | 0001 e960 | 0000 0048 | 3bb7 c001 | 0000 750d | 4883 87c8 
  0x000002e2d32345ac: 0100 0001 | e94a 0000 | 0048 83bf | b001 0000 | 0075 1748 | 89b7 b001 | 0000 48c7 | 87b8 0100 
  0x000002e2d32345cc: 0001 0000 | 00e9 2900 | 0000 4883 | bfc0 0100 | 0000 7517 | 4889 b7c0 | 0100 0048 | c787 c801 
  0x000002e2d32345ec: 0000 0100 | 0000 e908 | 0000 0048 | 8387 a001 | 0000 0166 | 0f1f 4400 | 0048 b8b0 | 549c eae2 
  0x000002e2d323460c: ;   {virtual_call}
  0x000002e2d323460c: 0200 00e8 

  0x000002e2d3234610: ; ImmutableOopMap {[80]=Oop [88]=Oop }
                      ;*invokeinterface run {reexecute=0 rethrow=0 return_oop=0}
                      ; - java.security.AccessController::executePrivileged@29 (line 809)
                      ; - java.security.AccessController::doPrivileged@13 (line 714)
  0x000002e2d3234610: 3df8 3e07 

  0x000002e2d3234614: ;   {other}
  0x000002e2d3234614: 0f1f 8400 | 0404 0003 

  0x000002e2d323461c: ;   {metadata(method data for {method} {0x000002e280476778} 'executePrivileged' '(Ljava/security/PrivilegedExceptionAction;Ljava/security/AccessControlContext;Ljava/lang/Class;)Ljava/lang/Object;' in 'java/security/AccessController')}
  0x000002e2d323461c: 48ba 507b | 18eb e202 | 0000 ff82 | d801 0000 | 488b 5424 

  0x000002e2d3234630: ;   {metadata(method data for {method} {0x000002e280476778} 'executePrivileged' '(Ljava/security/PrivilegedExceptionAction;Ljava/security/AccessControlContext;Ljava/lang/Class;)Ljava/lang/Object;' in 'java/security/AccessController')}
  0x000002e2d3234630: 5048 be50 | 7b18 ebe2 | 0200 0048 | 8386 3802 

  0x000002e2d3234640: ;   {metadata(method data for {method} {0x000002e28003d000} 'reachabilityFence' '(Ljava/lang/Object;)V' in 'java/lang/ref/Reference')}
  0x000002e2d3234640: 0000 0148 | bee0 df0d | ebe2 0200 | 008b becc | 0000 0083 | c702 89be | cc00 0000 | 81e7 feff 
  0x000002e2d3234660: 1f00 85ff | 0f84 9b01 

  0x000002e2d3234668: ;   {metadata(method data for {method} {0x000002e280476778} 'executePrivileged' '(Ljava/security/PrivilegedExceptionAction;Ljava/security/AccessControlContext;Ljava/lang/Class;)Ljava/lang/Object;' in 'java/security/AccessController')}
  0x000002e2d3234668: 0000 48ba | 507b 18eb | e202 0000 | 4883 8248 | 0200 0001 

  0x000002e2d323467c: ;   {metadata(method data for {method} {0x000002e28003d000} 'reachabilityFence' '(Ljava/lang/Object;)V' in 'java/lang/ref/Reference')}
  0x000002e2d323467c: 48ba e0df | 0deb e202 | 0000 8bb2 | cc00 0000 | 83c6 0289 | b2cc 0000 | 0081 e6fe | ff1f 0085 
  0x000002e2d323469c: f60f 8483 | 0100 0048 | 83c4 705d 

  0x000002e2d32346a8: ;   {poll_return}
  0x000002e2d32346a8: 493b a748 | 0400 000f | 8792 0100 | 00c3 498b | 87f8 0400 | 004d 33d2 | 4d89 97f8 | 0400 004d 
  0x000002e2d32346c8: 33d2 4d89 | 9700 0500 | 004c 8bc0 

  0x000002e2d32346d4: ;   {metadata(method data for {method} {0x000002e2804764f0} 'doPrivileged' '(Ljava/security/PrivilegedExceptionAction;Ljava/security/AccessControlContext;)Ljava/lang/Object;' in 'java/security/AccessController')}
  0x000002e2d32346d4: 48ba 8837 | 10eb e202 | 0000 4883 | 8240 0100 

  0x000002e2d32346e4: ;   {metadata(method data for {method} {0x000002e2804760b0} 'wrapException' '(Ljava/lang/Exception;)Ljava/security/PrivilegedActionException;' in 'java/security/AccessController')}
  0x000002e2d32346e4: 0001 48ba | a82a 1deb | e202 0000 | 8bb2 cc00 | 0000 83c6 | 0289 b2cc | 0000 0081 | e6fe ff1f 
  0x000002e2d3234704: 0085 f60f | 8450 0100 

  0x000002e2d323470c: ;   {metadata('java/security/PrivilegedActionException')}
  0x000002e2d323470c: 0048 baa8 | 3804 81e2 | 0200 0049 | 8b87 b801 | 0000 488d | 7828 493b | bfc8 0100 | 000f 874f 
  0x000002e2d323472c: 0100 0049 | 89bf b801 | 0000 48c7 | 0001 0000 | 0048 8bca | 49ba 0000 | 0080 e202 | 0000 492b 
  0x000002e2d323474c: ca89 4808 | 4833 c989 | 480c 4833 | c948 8948 | 1048 8948 | 1848 8948 | 2048 8bd0 

  0x000002e2d3234768: ;   {metadata(method data for {method} {0x000002e2804760b0} 'wrapException' '(Ljava/lang/Exception;)Ljava/security/PrivilegedActionException;' in 'java/security/AccessController')}
  0x000002e2d3234768: 48be a82a | 1deb e202 | 0000 4883 | 8610 0100 | 0001 488b | d048 8944 | 2460 0f1f 

  0x000002e2d3234784: ;   {optimized virtual_call}
  0x000002e2d3234784: 4400 00e8 

  0x000002e2d3234788: ; ImmutableOopMap {[96]=Oop }
                      ;*invokespecial <init> {reexecute=0 rethrow=0 return_oop=0}
                      ; - java.security.AccessController::wrapException@5 (line 830)
                      ; - java.security.AccessController::doPrivileged@22 (line 718)
  0x000002e2d3234788: f4a6 3e07 

  0x000002e2d323478c: ;   {other}
  0x000002e2d323478c: 0f1f 8400 | 7c05 0004 | 488b 4424 | 60e9 0a01 | 0000 498b | 87f8 0400 | 004d 33d2 | 4d89 97f8 
  0x000002e2d32347ac: 0400 004d | 33d2 4d89 | 9700 0500 | 00e9 ea00 

  0x000002e2d32347bc: ;   {metadata({method} {0x000002e2804764f0} 'doPrivileged' '(Ljava/security/PrivilegedExceptionAction;Ljava/security/AccessControlContext;)Ljava/lang/Object;' in 'java/security/AccessController')}
  0x000002e2d32347bc: 0000 49ba | e864 4780 | e202 0000 | 4c89 5424 | 0848 c704 | 24ff ffff 

  0x000002e2d32347d4: ;   {runtime_call counter_overflow Runtime1 stub}
  0x000002e2d32347d4: ffe8 2679 

  0x000002e2d32347d8: ; ImmutableOopMap {rdx=Oop r8=Oop }
                      ;*synchronization entry
                      ; - java.security.AccessController::doPrivileged@-1 (line 711)
  0x000002e2d32347d8: 4e07 e983 

  0x000002e2d32347dc: ;   {metadata({method} {0x000002e280476778} 'executePrivileged' '(Ljava/security/PrivilegedExceptionAction;Ljava/security/AccessControlContext;Ljava/lang/Class;)Ljava/lang/Object;' in 'java/security/AccessController')}
  0x000002e2d32347dc: fcff ff49 | ba70 6747 | 80e2 0200 | 004c 8954 | 2408 48c7 | 0424 ffff 

  0x000002e2d32347f4: ;   {runtime_call counter_overflow Runtime1 stub}
  0x000002e2d32347f4: ffff e805 

  0x000002e2d32347f8: ; ImmutableOopMap {rax=Oop [72]=Oop [80]=Oop [88]=Oop }
                      ;*synchronization entry
                      ; - java.security.AccessController::executePrivileged@-1 (line 804)
                      ; - java.security.AccessController::doPrivileged@13 (line 714)
  0x000002e2d32347f8: 794e 07e9 | fafc ffff 

  0x000002e2d3234800: ;   {runtime_call throw_null_pointer_exception Runtime1 stub}
  0x000002e2d3234800: e89b 164e 

  0x000002e2d3234804: ; ImmutableOopMap {rdx=Oop [80]=Oop [88]=Oop }
                      ;*invokeinterface run {reexecute=0 rethrow=0 return_oop=0}
                      ; - java.security.AccessController::executePrivileged@29 (line 809)
                      ; - java.security.AccessController::doPrivileged@13 (line 714)
                      ;   {metadata({method} {0x000002e28003d000} 'reachabilityFence' '(Ljava/lang/Object;)V' in 'java/lang/ref/Reference')}
  0x000002e2d3234804: 0749 baf8 | cf03 80e2 | 0200 004c | 8954 2408 | 48c7 0424 | ffff ffff 

  0x000002e2d323481c: ;   {runtime_call counter_overflow Runtime1 stub}
  0x000002e2d323481c: e8df 784e 

  0x000002e2d3234820: ; ImmutableOopMap {rax=Oop rdx=Oop }
                      ;*synchronization entry
                      ; - java.lang.ref.Reference::reachabilityFence@-1 (line 628)
                      ; - java.security.AccessController::executePrivileged@56 (line 814)
                      ; - java.security.AccessController::doPrivileged@13 (line 714)
  0x000002e2d3234820: 07e9 44fe 

  0x000002e2d3234824: ;   {metadata({method} {0x000002e28003d000} 'reachabilityFence' '(Ljava/lang/Object;)V' in 'java/lang/ref/Reference')}
  0x000002e2d3234824: ffff 49ba | f8cf 0380 | e202 0000 | 4c89 5424 | 0848 c704 | 24ff ffff 

  0x000002e2d323483c: ;   {runtime_call counter_overflow Runtime1 stub}
  0x000002e2d323483c: ffe8 be78 

  0x000002e2d3234840: ; ImmutableOopMap {rax=Oop }
                      ;*synchronization entry
                      ; - java.lang.ref.Reference::reachabilityFence@-1 (line 628)
                      ; - java.security.AccessController::executePrivileged@60 (line 815)
                      ; - java.security.AccessController::doPrivileged@13 (line 714)
  0x000002e2d3234840: 4e07 e95c 

  0x000002e2d3234844: ;   {internal_word}
  0x000002e2d3234844: feff ff49 | baa8 4623 | d3e2 0200 | 004d 8997 | 6004 0000 

  0x000002e2d3234858: ;   {runtime_call SafepointBlob}
  0x000002e2d3234858: e923 233f 

  0x000002e2d323485c: ;   {metadata({method} {0x000002e2804760b0} 'wrapException' '(Ljava/lang/Exception;)Ljava/security/PrivilegedActionException;' in 'java/security/AccessController')}
  0x000002e2d323485c: 0749 baa8 | 6047 80e2 | 0200 004c | 8954 2408 | 48c7 0424 | ffff ffff 

  0x000002e2d3234874: ;   {runtime_call counter_overflow Runtime1 stub}
  0x000002e2d3234874: e887 784e 

  0x000002e2d3234878: ; ImmutableOopMap {r8=Oop }
                      ;*synchronization entry
                      ; - java.security.AccessController::wrapException@-1 (line 830)
                      ; - java.security.AccessController::doPrivileged@22 (line 718)
  0x000002e2d3234878: 07e9 8ffe | ffff 488b 

  0x000002e2d3234880: ;   {runtime_call fast_new_instance Runtime1 stub}
  0x000002e2d3234880: d2e8 fa20 

  0x000002e2d3234884: ; ImmutableOopMap {r8=Oop }
                      ;*new {reexecute=0 rethrow=0 return_oop=0}
                      ; - java.security.AccessController::wrapException@0 (line 830)
                      ; - java.security.AccessController::doPrivileged@22 (line 718)
  0x000002e2d3234884: 4e07 e9da | feff ff49 | 8b87 f804 | 0000 49c7 | 87f8 0400 | 0000 0000 | 0049 c787 | 0005 0000 
  0x000002e2d32348a4: 0000 0000 | 4883 c470 

  0x000002e2d32348ac: ;   {runtime_call unwind_exception Runtime1 stub}
  0x000002e2d32348ac: 5de9 ce06 | 4e07 f4f4 | f4f4 f4f4 
[Stub Code]
  0x000002e2d32348b8: ;   {no_reloc}
  0x000002e2d32348b8: 0f1f 4400 

  0x000002e2d32348bc: ;   {static_stub}
  0x000002e2d32348bc: 0048 bb00 | 0000 0000 

  0x000002e2d32348c4: ;   {runtime_call}
  0x000002e2d32348c4: 0000 00e9 | fbff ffff 

  0x000002e2d32348cc: ;   {static_stub}
  0x000002e2d32348cc: 48bb 0000 | 0000 0000 

  0x000002e2d32348d4: ;   {runtime_call}
  0x000002e2d32348d4: 0000 e9fb 

  0x000002e2d32348d8: ;   {static_stub}
  0x000002e2d32348d8: ffff ff48 | bb00 0000 | 0000 0000 

  0x000002e2d32348e4: ;   {runtime_call}
  0x000002e2d32348e4: 00e9 fbff 

  0x000002e2d32348e8: ;   {static_stub}
  0x000002e2d32348e8: ffff 48bb | 0000 0000 | 0000 0000 

  0x000002e2d32348f4: ;   {runtime_call}
  0x000002e2d32348f4: e9fb ffff 

  0x000002e2d32348f8: ;   {static_stub}
  0x000002e2d32348f8: ff48 bb00 | 0000 0000 

  0x000002e2d3234900: ;   {runtime_call}
  0x000002e2d3234900: 0000 00e9 | fbff ffff 
[Exception Handler]
  0x000002e2d3234908: ;   {runtime_call handle_exception_from_callee Runtime1 stub}
  0x000002e2d3234908: e873 3b4e 

  0x000002e2d323490c: ;   {external_word}
  0x000002e2d323490c: 0748 b9a0 | 468d 59fb | 7f00 0048 

  0x000002e2d3234918: ;   {runtime_call}
  0x000002e2d3234918: 83e4 f048 | b8b0 2855 | 59fb 7f00 | 00ff d0f4 
[Deopt Handler Code]
  0x000002e2d3234928: ;   {section_word}
  0x000002e2d3234928: 49ba 2849 | 23d3 e202 | 0000 4152 

  0x000002e2d3234934: ;   {runtime_call DeoptimizationBlob}
  0x000002e2d3234934: e9e7 363f | 07f4 f4f4 | f4f4 f4f4 
[/MachCode]


Compiled method (c1)   48148  894   !   3       org.codehaus.plexus.classworlds.realm.ClassRealm::loadClassFromSelf (40 bytes)
 total in heap  [0x000002e2d3237010,0x000002e2d3237a98] = 2696
 relocation     [0x000002e2d3237170,0x000002e2d3237210] = 160
 main code      [0x000002e2d3237220,0x000002e2d32377d8] = 1464
 stub code      [0x000002e2d32377d8,0x000002e2d3237850] = 120
 oops           [0x000002e2d3237850,0x000002e2d3237858] = 8
 metadata       [0x000002e2d3237858,0x000002e2d3237888] = 48
 scopes data    [0x000002e2d3237888,0x000002e2d3237948] = 192
 scopes pcs     [0x000002e2d3237948,0x000002e2d3237a08] = 192
 dependencies   [0x000002e2d3237a08,0x000002e2d3237a18] = 16
 handler table  [0x000002e2d3237a18,0x000002e2d3237a88] = 112
 nul chk table  [0x000002e2d3237a88,0x000002e2d3237a98] = 16

[Constant Pool (empty)]

[MachCode]
[Entry Point]
  # {method} {0x000002e2eb40d018} 'loadClassFromSelf' '(Ljava/lang/String;)Ljava/lang/Class;' in 'org/codehaus/plexus/classworlds/realm/ClassRealm'
  # this:     rdx:rdx   = 'org/codehaus/plexus/classworlds/realm/ClassRealm'
  # parm0:    r8:r8     = 'java/lang/String'
  #           [sp+0x70]  (sp of caller)
  0x000002e2d3237220: 448b 5208 | 49bb 0000 | 0080 e202 | 0000 4d03 | d34c 3bd0 

  0x000002e2d3237234: ;   {runtime_call ic_miss_stub}
  0x000002e2d3237234: 0f85 4677 | 3e07 660f | 1f44 0000 
[Verified Entry Point]
  0x000002e2d3237240: 8984 2400 | 80ff ff55 | 4883 ec60 | 4181 7f20 | 0100 0000 

  0x000002e2d3237254: ;   {runtime_call StubRoutines (final stubs)}
  0x000002e2d3237254: 7405 e825 

  0x000002e2d3237258: ;   {metadata(method data for {method} {0x000002e2eb40d018} 'loadClassFromSelf' '(Ljava/lang/String;)Ljava/lang/Class;' in 'org/codehaus/plexus/classworlds/realm/ClassRealm')}
  0x000002e2d3237258: eb3c 0748 | be58 a641 | ebe2 0200 | 008b becc | 0000 0083 | c702 89be | cc00 0000 | 81e7 fe07 
  0x000002e2d3237278: 0000 85ff | 0f84 2e04 | 0000 488b 

  0x000002e2d3237284: ;   {metadata(method data for {method} {0x000002e2eb40d018} 'loadClassFromSelf' '(Ljava/lang/String;)Ljava/lang/Class;' in 'org/codehaus/plexus/classworlds/realm/ClassRealm')}
  0x000002e2d3237284: f248 bf58 | a641 ebe2 | 0200 0048 | 8387 1001 

  0x000002e2d3237294: ;   {metadata(method data for {method} {0x000002e2eb40d108} 'getClassRealmLoadingLock' '(Ljava/lang/String;)Ljava/lang/Object;' in 'org/codehaus/plexus/classworlds/realm/ClassRealm')}
  0x000002e2d3237294: 0000 0148 | be50 a841 | ebe2 0200 | 008b becc | 0000 0083 | c702 89be | cc00 0000 | 81e7 feff 
  0x000002e2d32372b4: 1f00 85ff | 0f84 1304 

  0x000002e2d32372bc: ;   {metadata(method data for {method} {0x000002e2eb40d108} 'getClassRealmLoadingLock' '(Ljava/lang/String;)Ljava/lang/Object;' in 'org/codehaus/plexus/classworlds/realm/ClassRealm')}
  0x000002e2d32372bc: 0000 48be | 50a8 41eb | e202 0000 | ff86 2001 | 0000 488b 

  0x000002e2d32372d0: ;   {metadata(method data for {method} {0x000002e2eb40d108} 'getClassRealmLoadingLock' '(Ljava/lang/String;)Ljava/lang/Object;' in 'org/codehaus/plexus/classworlds/realm/ClassRealm')}
  0x000002e2d32372d0: f248 bf50 | a841 ebe2 | 0200 008b | 7608 49ba | 0000 0080 | e202 0000 | 4903 f248 | 3bb7 4001 
  0x000002e2d32372f0: 0000 750d | 4883 8748 | 0100 0001 | e960 0000 | 0048 3bb7 | 5001 0000 | 750d 4883 | 8758 0100 
  0x000002e2d3237310: 0001 e94a | 0000 0048 | 83bf 4001 | 0000 0075 | 1748 89b7 | 4001 0000 | 48c7 8748 | 0100 0001 
  0x000002e2d3237330: 0000 00e9 | 2900 0000 | 4883 bf50 | 0100 0000 | 7517 4889 | b750 0100 | 0048 c787 | 5801 0000 
  0x000002e2d3237350: 0100 0000 | e908 0000 | 0048 8387 | 3001 0000 | 0149 8bf0 | 4c8b c648 | 8bfa 488b | d748 8974 
  0x000002e2d3237370: 2438 4889 

  0x000002e2d3237374: ;   {optimized virtual_call}
  0x000002e2d3237374: 7c24 30e8 

  0x000002e2d3237378: ; ImmutableOopMap {[48]=Oop [56]=Oop }
                      ;*invokevirtual getClassLoadingLock {reexecute=0 rethrow=0 return_oop=0}
                      ; - org.codehaus.plexus.classworlds.realm.ClassRealm::getClassRealmLoadingLock@8 (line 363)
                      ; - org.codehaus.plexus.classworlds.realm.ClassRealm::loadClassFromSelf@2 (line 346)
  0x000002e2d3237378: 04ae f3ff 

  0x000002e2d323737c: ;   {other}
  0x000002e2d323737c: 0f1f 8400 | 6c03 0000 | 4889 4424 | 4048 8d54 | 2448 488b | f048 8972 | 0848 8b06 | 4883 c801 
  0x000002e2d323739c: 4889 02f0 | 480f b116 | 0f84 1200 | 0000 482b | c448 2507 | f0ff ff48 | 8902 0f85 | 3b03 0000 
  0x000002e2d32373bc: 49ff 8748 | 0500 0048 | 8b54 2430 

  0x000002e2d32373c8: ;   {metadata(method data for {method} {0x000002e2eb40d018} 'loadClassFromSelf' '(Ljava/lang/String;)Ljava/lang/Class;' in 'org/codehaus/plexus/classworlds/realm/ClassRealm')}
  0x000002e2d32373c8: 48be 58a6 | 41eb e202 | 0000 4883 | 8620 0100 

  0x000002e2d32373d8: ;   {metadata(method data for {method} {0x000002e28043b108} 'findLoadedClass' '(Ljava/lang/String;)Ljava/lang/Class;' in 'java/lang/ClassLoader')}
  0x000002e2d32373d8: 0001 48ba | f0a2 11eb | e202 0000 | 8bb2 cc00 | 0000 83c6 | 0289 b2cc | 0000 0081 | e6fe ff1f 
  0x000002e2d32373f8: 0085 f60f | 8409 0300 

  0x000002e2d3237400: ;   {metadata(method data for {method} {0x000002e28043b108} 'findLoadedClass' '(Ljava/lang/String;)Ljava/lang/Class;' in 'java/lang/ClassLoader')}
  0x000002e2d3237400: 0048 baf0 | a211 ebe2 | 0200 0048 | 8382 1001 | 0000 0148 | 8b54 2438 | 0f1f 8000 

  0x000002e2d323741c: ;   {static_call}
  0x000002e2d323741c: 0000 00e8 

  0x000002e2d3237420: ; ImmutableOopMap {[48]=Oop [56]=Oop [64]=Oop [80]=Oop }
                      ;*invokestatic checkName {reexecute=0 rethrow=0 return_oop=0}
                      ; - java.lang.ClassLoader::findLoadedClass@1 (line 1298)
                      ; - org.codehaus.plexus.classworlds.realm.ClassRealm::loadClassFromSelf@10 (line 348)
  0x000002e2d3237420: 1cd8 efff 

  0x000002e2d3237424: ;   {other}
  0x000002e2d3237424: 0f1f 8400 | 1404 0001 

  0x000002e2d323742c: ;   {metadata(method data for {method} {0x000002e28043b108} 'findLoadedClass' '(Ljava/lang/String;)Ljava/lang/Class;' in 'java/lang/ClassLoader')}
  0x000002e2d323742c: 85c0 49b8 | f0a2 11eb | e202 0000 | 48ba 2001 | 0000 0000 | 0000 750a | 48ba 3001 | 0000 0000 
  0x000002e2d323744c: 0000 498b | 3410 488d | 7601 4989 | 3410 0f85 | 0f00 0000 

  0x000002e2d3237460: ;   {oop(nullptr)}
  0x000002e2d3237460: 48be 0000 | 0000 0000 | 0000 e938 | 0000 0048 | 8b54 2430 

  0x000002e2d3237474: ;   {metadata(method data for {method} {0x000002e28043b108} 'findLoadedClass' '(Ljava/lang/String;)Ljava/lang/Class;' in 'java/lang/ClassLoader')}
  0x000002e2d3237474: 49b8 f0a2 | 11eb e202 | 0000 4983 | 8040 0100 | 0001 4c8b | 4424 3848 | 8b54 2430 | 0f1f 8000 
  0x000002e2d3237494: ;   {optimized virtual_call}
  0x000002e2d3237494: 0000 00e8 

  0x000002e2d3237498: ; ImmutableOopMap {[48]=Oop [56]=Oop [64]=Oop [80]=Oop }
                      ;*invokevirtual findLoadedClass0 {reexecute=0 rethrow=0 return_oop=0}
                      ; - java.lang.ClassLoader::findLoadedClass@11 (line 1300)
                      ; - org.codehaus.plexus.classworlds.realm.ClassRealm::loadClassFromSelf@10 (line 348)
  0x000002e2d3237498: c4e7 9507 

  0x000002e2d323749c: ;   {other}
  0x000002e2d323749c: 0f1f 8400 | 8c04 0002 | 488b f048 

  0x000002e2d32374a8: ;   {metadata(method data for {method} {0x000002e2eb40d018} 'loadClassFromSelf' '(Ljava/lang/String;)Ljava/lang/Class;' in 'org/codehaus/plexus/classworlds/realm/ClassRealm')}
  0x000002e2d32374a8: 85f6 49b8 | 58a6 41eb | e202 0000 | 48ba 5801 | 0000 0000 | 0000 750a | 48ba 6801 | 0000 0000 
  0x000002e2d32374c8: 0000 498b | 3c10 488d | 7f01 4989 | 3c10 0f85 | eb00 0000 | 4c8b 4424 | 3848 8b54 | 2430 488b 
  0x000002e2d32374e8: ;   {metadata(method data for {method} {0x000002e2eb40d018} 'loadClassFromSelf' '(Ljava/lang/String;)Ljava/lang/Class;' in 'org/codehaus/plexus/classworlds/realm/ClassRealm')}
  0x000002e2d32374e8: f248 bf58 | a641 ebe2 | 0200 008b | 7608 49ba | 0000 0080 | e202 0000 | 4903 f248 | 3bb7 8801 
  0x000002e2d3237508: 0000 750d | 4883 8790 | 0100 0001 | e960 0000 | 0048 3bb7 | 9801 0000 | 750d 4883 | 87a0 0100 
  0x000002e2d3237528: 0001 e94a | 0000 0048 | 83bf 8801 | 0000 0075 | 1748 89b7 | 8801 0000 | 48c7 8790 | 0100 0001 
  0x000002e2d3237548: 0000 00e9 | 2900 0000 | 4883 bf98 | 0100 0000 | 7517 4889 | b798 0100 | 0048 c787 | a001 0000 
  0x000002e2d3237568: 0100 0000 | e908 0000 | 0048 8387 | 7801 0000 

  0x000002e2d3237578: ;   {metadata(method data for {method} {0x000002e2eb40c5b8} 'findClassInternal' '(Ljava/lang/String;)Ljava/lang/Class;' in 'org/codehaus/plexus/classworlds/realm/ClassRealm')}
  0x000002e2d3237578: 0148 be00 | aa41 ebe2 | 0200 008b | becc 0000 | 0083 c702 | 89be cc00 | 0000 81e7 | feff 1f00 
  0x000002e2d3237598: 85ff 0f84 | 8b01 0000 

  0x000002e2d32375a0: ;   {metadata(method data for {method} {0x000002e2eb40c5b8} 'findClassInternal' '(Ljava/lang/String;)Ljava/lang/Class;' in 'org/codehaus/plexus/classworlds/realm/ClassRealm')}
  0x000002e2d32375a0: 488b f248 | bf00 aa41 | ebe2 0200 | 0048 8387 | 1001 0000 

  0x000002e2d32375b4: ;   {optimized virtual_call}
  0x000002e2d32375b4: 0166 90e8 

  0x000002e2d32375b8: ; ImmutableOopMap {[64]=Oop [80]=Oop }
                      ;*invokespecial findClass {reexecute=0 rethrow=0 return_oop=0}
                      ; - org.codehaus.plexus.classworlds.realm.ClassRealm::findClassInternal@2 (line 256)
                      ; - org.codehaus.plexus.classworlds.realm.ClassRealm::loadClassFromSelf@20 (line 351)
  0x000002e2d32375b8: 3102 0000 

  0x000002e2d32375bc: ;   {other}
  0x000002e2d32375bc: 0f1f 8400 | ac05 0003 | 488b f048 | 8d44 2448 | 488b 3848 | 85ff 0f84 | 0f00 0000 | 488b 5808 
  0x000002e2d32375dc: f048 0fb1 | 3b0f 8565 | 0100 0049 | ff8f 4805 | 0000 488b | c648 83c4 

  0x000002e2d32375f4: ;   {poll_return}
  0x000002e2d32375f4: 605d 493b | a748 0400 | 000f 875c | 0100 00c3 | 498b 87f8 | 0400 004d | 33d2 4d89 | 97f8 0400 
  0x000002e2d3237614: 004d 33d2 | 4d89 9700 | 0500 0048 | 8d44 2448 | 488b 3048 | 85f6 0f84 | 0f00 0000 | 488b 7808 
  0x000002e2d3237634: f048 0fb1 | 370f 8536 | 0100 0049 | ff8f 4805 

  0x000002e2d3237644: ;   {oop(nullptr)}
  0x000002e2d3237644: 0000 48b8 | 0000 0000 | 0000 0000 | 4883 c460 

  0x000002e2d3237654: ;   {poll_return}
  0x000002e2d3237654: 5d49 3ba7 | 4804 0000 | 0f87 2601 | 0000 c349 | 8b87 f804 | 0000 4d33 | d24d 8997 | f804 0000 
  0x000002e2d3237674: 4d33 d24d | 8997 0005 | 0000 488b | f048 8d44 | 2448 488b | 3848 85ff | 0f84 0f00 | 0000 488b 
  0x000002e2d3237694: 5808 f048 | 0fb1 3b0f | 85fd 0000 | 0049 ff8f | 4805 0000 | 488b c6e9 | 1e01 0000 

  0x000002e2d32376b0: ;   {metadata({method} {0x000002e2eb40d018} 'loadClassFromSelf' '(Ljava/lang/String;)Ljava/lang/Class;' in 'org/codehaus/plexus/classworlds/realm/ClassRealm')}
  0x000002e2d32376b0: 49ba 10d0 | 40eb e202 | 0000 4c89 | 5424 0848 | c704 24ff 

  0x000002e2d32376c4: ;   {runtime_call counter_overflow Runtime1 stub}
  0x000002e2d32376c4: ffff ffe8 

  0x000002e2d32376c8: ; ImmutableOopMap {rdx=Oop r8=Oop }
                      ;*synchronization entry
                      ; - org.codehaus.plexus.classworlds.realm.ClassRealm::loadClassFromSelf@-1 (line 346)
  0x000002e2d32376c8: 344a 4e07 | e9b1 fbff 

  0x000002e2d32376d0: ;   {metadata({method} {0x000002e2eb40d108} 'getClassRealmLoadingLock' '(Ljava/lang/String;)Ljava/lang/Object;' in 'org/codehaus/plexus/classworlds/realm/ClassRealm')}
  0x000002e2d32376d0: ff49 ba00 | d140 ebe2 | 0200 004c | 8954 2408 | 48c7 0424 | ffff ffff 

  0x000002e2d32376e8: ;   {runtime_call counter_overflow Runtime1 stub}
  0x000002e2d32376e8: e813 4a4e 

  0x000002e2d32376ec: ; ImmutableOopMap {rdx=Oop r8=Oop }
                      ;*synchronization entry
                      ; - org.codehaus.plexus.classworlds.realm.ClassRealm::getClassRealmLoadingLock@-1 (line 362)
                      ; - org.codehaus.plexus.classworlds.realm.ClassRealm::loadClassFromSelf@2 (line 346)
  0x000002e2d32376ec: 07e9 ccfb 

  0x000002e2d32376f0: ;   {runtime_call throw_null_pointer_exception Runtime1 stub}
  0x000002e2d32376f0: ffff e8a9 

  0x000002e2d32376f4: ; ImmutableOopMap {rsi=Oop [48]=Oop [56]=Oop [64]=Oop }
                      ;*monitorenter {reexecute=0 rethrow=0 return_oop=0}
                      ; - org.codehaus.plexus.classworlds.realm.ClassRealm::loadClassFromSelf@7 (line 346)
  0x000002e2d32376f4: e74d 0748 | 8974 2408 | 4889 1424 

  0x000002e2d3237700: ;   {runtime_call monitorenter_nofpu Runtime1 stub}
  0x000002e2d3237700: e8fb 1f4e 

  0x000002e2d3237704: ; ImmutableOopMap {rsi=Oop [48]=Oop [56]=Oop [64]=Oop [80]=Oop }
                      ;*monitorenter {reexecute=0 rethrow=0 return_oop=0}
                      ; - org.codehaus.plexus.classworlds.realm.ClassRealm::loadClassFromSelf@7 (line 346)
  0x000002e2d3237704: 07e9 b9fc 

  0x000002e2d3237708: ;   {metadata({method} {0x000002e28043b108} 'findLoadedClass' '(Ljava/lang/String;)Ljava/lang/Class;' in 'java/lang/ClassLoader')}
  0x000002e2d3237708: ffff 49ba | 00b1 4380 | e202 0000 | 4c89 5424 | 0848 c704 | 24ff ffff 

  0x000002e2d3237720: ;   {runtime_call counter_overflow Runtime1 stub}
  0x000002e2d3237720: ffe8 da49 

  0x000002e2d3237724: ; ImmutableOopMap {[48]=Oop [56]=Oop [64]=Oop [80]=Oop }
                      ;*synchronization entry
                      ; - java.lang.ClassLoader::findLoadedClass@-1 (line 1298)
                      ; - org.codehaus.plexus.classworlds.realm.ClassRealm::loadClassFromSelf@10 (line 348)
  0x000002e2d3237724: 4e07 e9d6 

  0x000002e2d3237728: ;   {metadata({method} {0x000002e2eb40c5b8} 'findClassInternal' '(Ljava/lang/String;)Ljava/lang/Class;' in 'org/codehaus/plexus/classworlds/realm/ClassRealm')}
  0x000002e2d3237728: fcff ff49 | bab0 c540 | ebe2 0200 | 004c 8954 | 2408 48c7 | 0424 ffff 

  0x000002e2d3237740: ;   {runtime_call counter_overflow Runtime1 stub}
  0x000002e2d3237740: ffff e8b9 

  0x000002e2d3237744: ; ImmutableOopMap {r8=Oop rdx=Oop [64]=Oop [80]=Oop }
                      ;*synchronization entry
                      ; - org.codehaus.plexus.classworlds.realm.ClassRealm::findClassInternal@-1 (line 256)
                      ; - org.codehaus.plexus.classworlds.realm.ClassRealm::loadClassFromSelf@20 (line 351)
  0x000002e2d3237744: 494e 07e9 | 54fe ffff | 488d 4424 | 4848 8904 

  0x000002e2d3237754: ;   {runtime_call monitorexit_nofpu Runtime1 stub}
  0x000002e2d3237754: 24e8 2626 | 4e07 e98f 

  0x000002e2d323775c: ;   {internal_word}
  0x000002e2d323775c: feff ff49 | baf6 7523 | d3e2 0200 | 004d 8997 | 6004 0000 

  0x000002e2d3237770: ;   {runtime_call SafepointBlob}
  0x000002e2d3237770: e90b f43e | 0748 8d44 | 2448 4889 

  0x000002e2d323777c: ;   {runtime_call monitorexit_nofpu Runtime1 stub}
  0x000002e2d323777c: 0424 e8fd | 254e 07e9 | befe ffff 

  0x000002e2d3237788: ;   {internal_word}
  0x000002e2d3237788: 49ba 5576 | 23d3 e202 | 0000 4d89 | 9760 0400 

  0x000002e2d3237798: ;   {runtime_call SafepointBlob}
  0x000002e2d3237798: 00e9 e2f3 | 3e07 488d | 4424 4848 

  0x000002e2d32377a4: ;   {runtime_call monitorexit_nofpu Runtime1 stub}
  0x000002e2d32377a4: 8904 24e8 | d425 4e07 | e9f7 feff | ff49 8b87 | f804 0000 | 49c7 87f8 | 0400 0000 | 0000 0049 
  0x000002e2d32377c4: c787 0005 | 0000 0000 | 0000 4883 

  0x000002e2d32377d0: ;   {runtime_call unwind_exception Runtime1 stub}
  0x000002e2d32377d0: c460 5de9 | a8d7 4d07 
[Stub Code]
  0x000002e2d32377d8: ;   {no_reloc}
  0x000002e2d32377d8: 0f1f 4400 

  0x000002e2d32377dc: ;   {static_stub}
  0x000002e2d32377dc: 0048 bb00 | 0000 0000 

  0x000002e2d32377e4: ;   {runtime_call}
  0x000002e2d32377e4: 0000 00e9 | fbff ffff 

  0x000002e2d32377ec: ;   {static_stub}
  0x000002e2d32377ec: 9048 bb98 | e904 80e2 

  0x000002e2d32377f4: ;   {runtime_call I2C/C2I adapters}
  0x000002e2d32377f4: 0200 00e9 | 0bd7 3e07 

  0x000002e2d32377fc: ;   {static_stub}
  0x000002e2d32377fc: 48bb 0000 | 0000 0000 

  0x000002e2d3237804: ;   {runtime_call}
  0x000002e2d3237804: 0000 e9fb 

  0x000002e2d3237808: ;   {static_stub}
  0x000002e2d3237808: ffff ff48 | bb00 0000 | 0000 0000 

  0x000002e2d3237814: ;   {runtime_call}
  0x000002e2d3237814: 00e9 fbff 

  0x000002e2d3237818: ;   {runtime_call handle_exception_from_callee Runtime1 stub}
  0x000002e2d3237818: ffff e861 

  0x000002e2d323781c: ;   {external_word}
  0x000002e2d323781c: 0c4e 0748 | b9a0 468d | 59fb 7f00 | 0048 83e4 

  0x000002e2d323782c: ;   {runtime_call}
  0x000002e2d323782c: f048 b8b0 | 2855 59fb | 7f00 00ff 

  0x000002e2d3237838: ;   {section_word}
  0x000002e2d3237838: d0f4 49ba | 3a78 23d3 | e202 0000 

  0x000002e2d3237844: ;   {runtime_call DeoptimizationBlob}
  0x000002e2d3237844: 4152 e9d5 | 073f 07f4 | f4f4 f4f4 
[/MachCode]


---------------  P R O C E S S  ---------------

Threads class SMR info:
_java_thread_list=0x000002e2ea881730, length=13, elements={
0x000002e2c9169e30, 0x000002e2ea3c5780, 0x000002e2ea3c82e0, 0x000002e2ea3ce380,
0x000002e2ea3cf030, 0x000002e2ea3cfbb0, 0x000002e2ea3d0880, 0x000002e2ea3d3610,
0x000002e2ea3d4910, 0x000002e2ea5541a0, 0x000002e2ea879b70, 0x000002e2ea883210,
0x000002e2ea984790
}

Java Threads: ( => current thread )
=>0x000002e2c9169e30 JavaThread "main"                              [_thread_in_vm, id=25140, stack(0x000000fb10300000,0x000000fb10400000) (1024K)]
  0x000002e2ea3c5780 JavaThread "Reference Handler"          daemon [_thread_blocked, id=26496, stack(0x000000fb10b00000,0x000000fb10c00000) (1024K)]
  0x000002e2ea3c82e0 JavaThread "Finalizer"                  daemon [_thread_blocked, id=26500, stack(0x000000fb10c00000,0x000000fb10d00000) (1024K)]
  0x000002e2ea3ce380 JavaThread "Signal Dispatcher"          daemon [_thread_blocked, id=25172, stack(0x000000fb10d00000,0x000000fb10e00000) (1024K)]
  0x000002e2ea3cf030 JavaThread "Attach Listener"            daemon [_thread_blocked, id=24916, stack(0x000000fb10e00000,0x000000fb10f00000) (1024K)]
  0x000002e2ea3cfbb0 JavaThread "Service Thread"             daemon [_thread_blocked, id=26092, stack(0x000000fb10f00000,0x000000fb11000000) (1024K)]
  0x000002e2ea3d0880 JavaThread "Monitor Deflation Thread"   daemon [_thread_blocked, id=26088, stack(0x000000fb11000000,0x000000fb11100000) (1024K)]
  0x000002e2ea3d3610 JavaThread "C2 CompilerThread0"         daemon [_thread_blocked, id=26000, stack(0x000000fb11100000,0x000000fb11200000) (1024K)]
  0x000002e2ea3d4910 JavaThread "C1 CompilerThread0"         daemon [_thread_blocked, id=26676, stack(0x000000fb11200000,0x000000fb11300000) (1024K)]
  0x000002e2ea5541a0 JavaThread "Common-Cleaner"             daemon [_thread_blocked, id=27668, stack(0x000000fb11300000,0x000000fb11400000) (1024K)]
  0x000002e2ea879b70 JavaThread "Monitor Ctrl-Break"         daemon [_thread_in_native, id=31148, stack(0x000000fb11400000,0x000000fb11500000) (1024K)]
  0x000002e2ea883210 JavaThread "Notification Thread"        daemon [_thread_blocked, id=31152, stack(0x000000fb11500000,0x000000fb11600000) (1024K)]
  0x000002e2ea984790 JavaThread "cleanup"                    daemon [_thread_in_native, id=34928, stack(0x000000fb11600000,0x000000fb11700000) (1024K)]
Total: 13

Other Threads:
  0x000002e2ea3a79b0 VMThread "VM Thread"                           [id=26144, stack(0x000000fb10a00000,0x000000fb10b00000) (1024K)]
  0x000002e2ea4babe0 WatcherThread "VM Periodic Task Thread"        [id=26112, stack(0x000000fb10900000,0x000000fb10a00000) (1024K)]
  0x000002e2c91ea310 WorkerThread "GC Thread#0"                     [id=25612, stack(0x000000fb10400000,0x000000fb10500000) (1024K)]
  0x000002e2c91fae00 ConcurrentGCThread "G1 Main Marker"            [id=25616, stack(0x000000fb10500000,0x000000fb10600000) (1024K)]
  0x000002e2c91fb810 WorkerThread "G1 Conc#0"                       [id=25620, stack(0x000000fb10600000,0x000000fb10700000) (1024K)]
  0x000002e2ea344200 ConcurrentGCThread "G1 Refine#0"               [id=25624, stack(0x000000fb10700000,0x000000fb10800000) (1024K)]
  0x000002e2ea344a20 ConcurrentGCThread "G1 Service"                [id=25628, stack(0x000000fb10800000,0x000000fb10900000) (1024K)]
Total: 7

Threads with active compile tasks:
Total: 0

VM state: not at safepoint (normal execution)

VM Mutex/Monitor currently owned by a thread:  ([mutex/lock_event])
[0x00007ffb59b6be18] Metaspace_lock - owner thread: 0x000002e2c9169e30

Heap address: 0x0000000704000000, size: 4032 MB, Compressed Oops mode: Zero based, Oop shift amount: 3

CDS archive(s) mapped at: [0x000002e280000000-0x000002e280c90000-0x000002e280c90000), size 13172736, SharedBaseAddress: 0x000002e280000000, ArchiveRelocationMode: 1.
Compressed class space mapped at: 0x000002e281000000-0x000002e2c1000000, reserved size: 1073741824
Narrow klass base: 0x000002e280000000, Narrow klass shift: 0, Narrow klass range: 0x100000000

GC Precious Log:
 CardTable entry size: 512
 Card Set container configuration: InlinePtr #cards 4 size 8 Array Of Cards #cards 16 size 48 Howl #buckets 8 coarsen threshold 3686 Howl Bitmap #cards 512 size 80 coarsen threshold 460 Card regions per heap region 1 cards per card region 4096
 CPUs: 8 total, 8 available
 Memory: 16126M
 Large Page Support: Disabled
 NUMA Support: Disabled
 Compressed Oops: Enabled (Zero based)
 Heap Region Size: 2M
 Heap Min Capacity: 8M
 Heap Initial Capacity: 252M
 Heap Max Capacity: 4032M
 Pre-touch: Disabled
 Parallel Workers: 8
 Concurrent Workers: 2
 Concurrent Refinement Workers: 8
 Periodic GC: Disabled

Heap:
 garbage-first heap   total 258048K, used 14336K [0x0000000704000000, 0x0000000800000000)
  region size 2048K, 8 young (16384K), 0 survivors (0K)
 Metaspace       used 4119K, committed 4288K, reserved 1114112K
  class space    used 415K, committed 512K, reserved 1048576K

Heap Regions: E=young(eden), S=young(survivor), O=old, HS=humongous(starts), HC=humongous(continues), CS=collection set, F=free, TAMS=top-at-mark-start, PB=parsable bottom
|   0|0x0000000704000000, 0x0000000704000000, 0x0000000704200000|  0%| F|  |TAMS 0x0000000704000000| PB 0x0000000704000000| Untracked 
|   1|0x0000000704200000, 0x0000000704200000, 0x0000000704400000|  0%| F|  |TAMS 0x0000000704200000| PB 0x0000000704200000| Untracked 
|   2|0x0000000704400000, 0x0000000704400000, 0x0000000704600000|  0%| F|  |TAMS 0x0000000704400000| PB 0x0000000704400000| Untracked 
|   3|0x0000000704600000, 0x0000000704600000, 0x0000000704800000|  0%| F|  |TAMS 0x0000000704600000| PB 0x0000000704600000| Untracked 
|   4|0x0000000704800000, 0x0000000704800000, 0x0000000704a00000|  0%| F|  |TAMS 0x0000000704800000| PB 0x0000000704800000| Untracked 
|   5|0x0000000704a00000, 0x0000000704a00000, 0x0000000704c00000|  0%| F|  |TAMS 0x0000000704a00000| PB 0x0000000704a00000| Untracked 
|   6|0x0000000704c00000, 0x0000000704c00000, 0x0000000704e00000|  0%| F|  |TAMS 0x0000000704c00000| PB 0x0000000704c00000| Untracked 
|   7|0x0000000704e00000, 0x0000000704e00000, 0x0000000705000000|  0%| F|  |TAMS 0x0000000704e00000| PB 0x0000000704e00000| Untracked 
|   8|0x0000000705000000, 0x0000000705000000, 0x0000000705200000|  0%| F|  |TAMS 0x0000000705000000| PB 0x0000000705000000| Untracked 
|   9|0x0000000705200000, 0x0000000705200000, 0x0000000705400000|  0%| F|  |TAMS 0x0000000705200000| PB 0x0000000705200000| Untracked 
|  10|0x0000000705400000, 0x0000000705400000, 0x0000000705600000|  0%| F|  |TAMS 0x0000000705400000| PB 0x0000000705400000| Untracked 
|  11|0x0000000705600000, 0x0000000705600000, 0x0000000705800000|  0%| F|  |TAMS 0x0000000705600000| PB 0x0000000705600000| Untracked 
|  12|0x0000000705800000, 0x0000000705800000, 0x0000000705a00000|  0%| F|  |TAMS 0x0000000705800000| PB 0x0000000705800000| Untracked 
|  13|0x0000000705a00000, 0x0000000705a00000, 0x0000000705c00000|  0%| F|  |TAMS 0x0000000705a00000| PB 0x0000000705a00000| Untracked 
|  14|0x0000000705c00000, 0x0000000705c00000, 0x0000000705e00000|  0%| F|  |TAMS 0x0000000705c00000| PB 0x0000000705c00000| Untracked 
|  15|0x0000000705e00000, 0x0000000705e00000, 0x0000000706000000|  0%| F|  |TAMS 0x0000000705e00000| PB 0x0000000705e00000| Untracked 
|  16|0x0000000706000000, 0x0000000706000000, 0x0000000706200000|  0%| F|  |TAMS 0x0000000706000000| PB 0x0000000706000000| Untracked 
|  17|0x0000000706200000, 0x0000000706200000, 0x0000000706400000|  0%| F|  |TAMS 0x0000000706200000| PB 0x0000000706200000| Untracked 
|  18|0x0000000706400000, 0x0000000706400000, 0x0000000706600000|  0%| F|  |TAMS 0x0000000706400000| PB 0x0000000706400000| Untracked 
|  19|0x0000000706600000, 0x0000000706600000, 0x0000000706800000|  0%| F|  |TAMS 0x0000000706600000| PB 0x0000000706600000| Untracked 
|  20|0x0000000706800000, 0x0000000706800000, 0x0000000706a00000|  0%| F|  |TAMS 0x0000000706800000| PB 0x0000000706800000| Untracked 
|  21|0x0000000706a00000, 0x0000000706a00000, 0x0000000706c00000|  0%| F|  |TAMS 0x0000000706a00000| PB 0x0000000706a00000| Untracked 
|  22|0x0000000706c00000, 0x0000000706c00000, 0x0000000706e00000|  0%| F|  |TAMS 0x0000000706c00000| PB 0x0000000706c00000| Untracked 
|  23|0x0000000706e00000, 0x0000000706e00000, 0x0000000707000000|  0%| F|  |TAMS 0x0000000706e00000| PB 0x0000000706e00000| Untracked 
|  24|0x0000000707000000, 0x0000000707000000, 0x0000000707200000|  0%| F|  |TAMS 0x0000000707000000| PB 0x0000000707000000| Untracked 
|  25|0x0000000707200000, 0x0000000707200000, 0x0000000707400000|  0%| F|  |TAMS 0x0000000707200000| PB 0x0000000707200000| Untracked 
|  26|0x0000000707400000, 0x0000000707400000, 0x0000000707600000|  0%| F|  |TAMS 0x0000000707400000| PB 0x0000000707400000| Untracked 
|  27|0x0000000707600000, 0x0000000707600000, 0x0000000707800000|  0%| F|  |TAMS 0x0000000707600000| PB 0x0000000707600000| Untracked 
|  28|0x0000000707800000, 0x0000000707800000, 0x0000000707a00000|  0%| F|  |TAMS 0x0000000707800000| PB 0x0000000707800000| Untracked 
|  29|0x0000000707a00000, 0x0000000707a00000, 0x0000000707c00000|  0%| F|  |TAMS 0x0000000707a00000| PB 0x0000000707a00000| Untracked 
|  30|0x0000000707c00000, 0x0000000707c00000, 0x0000000707e00000|  0%| F|  |TAMS 0x0000000707c00000| PB 0x0000000707c00000| Untracked 
|  31|0x0000000707e00000, 0x0000000707e00000, 0x0000000708000000|  0%| F|  |TAMS 0x0000000707e00000| PB 0x0000000707e00000| Untracked 
|  32|0x0000000708000000, 0x0000000708000000, 0x0000000708200000|  0%| F|  |TAMS 0x0000000708000000| PB 0x0000000708000000| Untracked 
|  33|0x0000000708200000, 0x0000000708200000, 0x0000000708400000|  0%| F|  |TAMS 0x0000000708200000| PB 0x0000000708200000| Untracked 
|  34|0x0000000708400000, 0x0000000708400000, 0x0000000708600000|  0%| F|  |TAMS 0x0000000708400000| PB 0x0000000708400000| Untracked 
|  35|0x0000000708600000, 0x0000000708600000, 0x0000000708800000|  0%| F|  |TAMS 0x0000000708600000| PB 0x0000000708600000| Untracked 
|  36|0x0000000708800000, 0x0000000708800000, 0x0000000708a00000|  0%| F|  |TAMS 0x0000000708800000| PB 0x0000000708800000| Untracked 
|  37|0x0000000708a00000, 0x0000000708a00000, 0x0000000708c00000|  0%| F|  |TAMS 0x0000000708a00000| PB 0x0000000708a00000| Untracked 
|  38|0x0000000708c00000, 0x0000000708c00000, 0x0000000708e00000|  0%| F|  |TAMS 0x0000000708c00000| PB 0x0000000708c00000| Untracked 
|  39|0x0000000708e00000, 0x0000000708e00000, 0x0000000709000000|  0%| F|  |TAMS 0x0000000708e00000| PB 0x0000000708e00000| Untracked 
|  40|0x0000000709000000, 0x0000000709000000, 0x0000000709200000|  0%| F|  |TAMS 0x0000000709000000| PB 0x0000000709000000| Untracked 
|  41|0x0000000709200000, 0x0000000709200000, 0x0000000709400000|  0%| F|  |TAMS 0x0000000709200000| PB 0x0000000709200000| Untracked 
|  42|0x0000000709400000, 0x0000000709400000, 0x0000000709600000|  0%| F|  |TAMS 0x0000000709400000| PB 0x0000000709400000| Untracked 
|  43|0x0000000709600000, 0x0000000709600000, 0x0000000709800000|  0%| F|  |TAMS 0x0000000709600000| PB 0x0000000709600000| Untracked 
|  44|0x0000000709800000, 0x0000000709800000, 0x0000000709a00000|  0%| F|  |TAMS 0x0000000709800000| PB 0x0000000709800000| Untracked 
|  45|0x0000000709a00000, 0x0000000709a00000, 0x0000000709c00000|  0%| F|  |TAMS 0x0000000709a00000| PB 0x0000000709a00000| Untracked 
|  46|0x0000000709c00000, 0x0000000709c00000, 0x0000000709e00000|  0%| F|  |TAMS 0x0000000709c00000| PB 0x0000000709c00000| Untracked 
|  47|0x0000000709e00000, 0x0000000709e00000, 0x000000070a000000|  0%| F|  |TAMS 0x0000000709e00000| PB 0x0000000709e00000| Untracked 
|  48|0x000000070a000000, 0x000000070a000000, 0x000000070a200000|  0%| F|  |TAMS 0x000000070a000000| PB 0x000000070a000000| Untracked 
|  49|0x000000070a200000, 0x000000070a200000, 0x000000070a400000|  0%| F|  |TAMS 0x000000070a200000| PB 0x000000070a200000| Untracked 
|  50|0x000000070a400000, 0x000000070a400000, 0x000000070a600000|  0%| F|  |TAMS 0x000000070a400000| PB 0x000000070a400000| Untracked 
|  51|0x000000070a600000, 0x000000070a600000, 0x000000070a800000|  0%| F|  |TAMS 0x000000070a600000| PB 0x000000070a600000| Untracked 
|  52|0x000000070a800000, 0x000000070a800000, 0x000000070aa00000|  0%| F|  |TAMS 0x000000070a800000| PB 0x000000070a800000| Untracked 
|  53|0x000000070aa00000, 0x000000070aa00000, 0x000000070ac00000|  0%| F|  |TAMS 0x000000070aa00000| PB 0x000000070aa00000| Untracked 
|  54|0x000000070ac00000, 0x000000070ac00000, 0x000000070ae00000|  0%| F|  |TAMS 0x000000070ac00000| PB 0x000000070ac00000| Untracked 
|  55|0x000000070ae00000, 0x000000070ae00000, 0x000000070b000000|  0%| F|  |TAMS 0x000000070ae00000| PB 0x000000070ae00000| Untracked 
|  56|0x000000070b000000, 0x000000070b000000, 0x000000070b200000|  0%| F|  |TAMS 0x000000070b000000| PB 0x000000070b000000| Untracked 
|  57|0x000000070b200000, 0x000000070b200000, 0x000000070b400000|  0%| F|  |TAMS 0x000000070b200000| PB 0x000000070b200000| Untracked 
|  58|0x000000070b400000, 0x000000070b400000, 0x000000070b600000|  0%| F|  |TAMS 0x000000070b400000| PB 0x000000070b400000| Untracked 
|  59|0x000000070b600000, 0x000000070b600000, 0x000000070b800000|  0%| F|  |TAMS 0x000000070b600000| PB 0x000000070b600000| Untracked 
|  60|0x000000070b800000, 0x000000070b800000, 0x000000070ba00000|  0%| F|  |TAMS 0x000000070b800000| PB 0x000000070b800000| Untracked 
|  61|0x000000070ba00000, 0x000000070ba00000, 0x000000070bc00000|  0%| F|  |TAMS 0x000000070ba00000| PB 0x000000070ba00000| Untracked 
|  62|0x000000070bc00000, 0x000000070bc00000, 0x000000070be00000|  0%| F|  |TAMS 0x000000070bc00000| PB 0x000000070bc00000| Untracked 
|  63|0x000000070be00000, 0x000000070be00000, 0x000000070c000000|  0%| F|  |TAMS 0x000000070be00000| PB 0x000000070be00000| Untracked 
|  64|0x000000070c000000, 0x000000070c000000, 0x000000070c200000|  0%| F|  |TAMS 0x000000070c000000| PB 0x000000070c000000| Untracked 
|  65|0x000000070c200000, 0x000000070c200000, 0x000000070c400000|  0%| F|  |TAMS 0x000000070c200000| PB 0x000000070c200000| Untracked 
|  66|0x000000070c400000, 0x000000070c400000, 0x000000070c600000|  0%| F|  |TAMS 0x000000070c400000| PB 0x000000070c400000| Untracked 
|  67|0x000000070c600000, 0x000000070c600000, 0x000000070c800000|  0%| F|  |TAMS 0x000000070c600000| PB 0x000000070c600000| Untracked 
|  68|0x000000070c800000, 0x000000070c800000, 0x000000070ca00000|  0%| F|  |TAMS 0x000000070c800000| PB 0x000000070c800000| Untracked 
|  69|0x000000070ca00000, 0x000000070ca00000, 0x000000070cc00000|  0%| F|  |TAMS 0x000000070ca00000| PB 0x000000070ca00000| Untracked 
|  70|0x000000070cc00000, 0x000000070cc00000, 0x000000070ce00000|  0%| F|  |TAMS 0x000000070cc00000| PB 0x000000070cc00000| Untracked 
|  71|0x000000070ce00000, 0x000000070ce00000, 0x000000070d000000|  0%| F|  |TAMS 0x000000070ce00000| PB 0x000000070ce00000| Untracked 
|  72|0x000000070d000000, 0x000000070d000000, 0x000000070d200000|  0%| F|  |TAMS 0x000000070d000000| PB 0x000000070d000000| Untracked 
|  73|0x000000070d200000, 0x000000070d200000, 0x000000070d400000|  0%| F|  |TAMS 0x000000070d200000| PB 0x000000070d200000| Untracked 
|  74|0x000000070d400000, 0x000000070d400000, 0x000000070d600000|  0%| F|  |TAMS 0x000000070d400000| PB 0x000000070d400000| Untracked 
|  75|0x000000070d600000, 0x000000070d600000, 0x000000070d800000|  0%| F|  |TAMS 0x000000070d600000| PB 0x000000070d600000| Untracked 
|  76|0x000000070d800000, 0x000000070d800000, 0x000000070da00000|  0%| F|  |TAMS 0x000000070d800000| PB 0x000000070d800000| Untracked 
|  77|0x000000070da00000, 0x000000070da00000, 0x000000070dc00000|  0%| F|  |TAMS 0x000000070da00000| PB 0x000000070da00000| Untracked 
|  78|0x000000070dc00000, 0x000000070dc00000, 0x000000070de00000|  0%| F|  |TAMS 0x000000070dc00000| PB 0x000000070dc00000| Untracked 
|  79|0x000000070de00000, 0x000000070de00000, 0x000000070e000000|  0%| F|  |TAMS 0x000000070de00000| PB 0x000000070de00000| Untracked 
|  80|0x000000070e000000, 0x000000070e000000, 0x000000070e200000|  0%| F|  |TAMS 0x000000070e000000| PB 0x000000070e000000| Untracked 
|  81|0x000000070e200000, 0x000000070e200000, 0x000000070e400000|  0%| F|  |TAMS 0x000000070e200000| PB 0x000000070e200000| Untracked 
|  82|0x000000070e400000, 0x000000070e400000, 0x000000070e600000|  0%| F|  |TAMS 0x000000070e400000| PB 0x000000070e400000| Untracked 
|  83|0x000000070e600000, 0x000000070e600000, 0x000000070e800000|  0%| F|  |TAMS 0x000000070e600000| PB 0x000000070e600000| Untracked 
|  84|0x000000070e800000, 0x000000070e800000, 0x000000070ea00000|  0%| F|  |TAMS 0x000000070e800000| PB 0x000000070e800000| Untracked 
|  85|0x000000070ea00000, 0x000000070ea00000, 0x000000070ec00000|  0%| F|  |TAMS 0x000000070ea00000| PB 0x000000070ea00000| Untracked 
|  86|0x000000070ec00000, 0x000000070ec00000, 0x000000070ee00000|  0%| F|  |TAMS 0x000000070ec00000| PB 0x000000070ec00000| Untracked 
|  87|0x000000070ee00000, 0x000000070ee00000, 0x000000070f000000|  0%| F|  |TAMS 0x000000070ee00000| PB 0x000000070ee00000| Untracked 
|  88|0x000000070f000000, 0x000000070f000000, 0x000000070f200000|  0%| F|  |TAMS 0x000000070f000000| PB 0x000000070f000000| Untracked 
|  89|0x000000070f200000, 0x000000070f200000, 0x000000070f400000|  0%| F|  |TAMS 0x000000070f200000| PB 0x000000070f200000| Untracked 
|  90|0x000000070f400000, 0x000000070f400000, 0x000000070f600000|  0%| F|  |TAMS 0x000000070f400000| PB 0x000000070f400000| Untracked 
|  91|0x000000070f600000, 0x000000070f600000, 0x000000070f800000|  0%| F|  |TAMS 0x000000070f600000| PB 0x000000070f600000| Untracked 
|  92|0x000000070f800000, 0x000000070f800000, 0x000000070fa00000|  0%| F|  |TAMS 0x000000070f800000| PB 0x000000070f800000| Untracked 
|  93|0x000000070fa00000, 0x000000070fa00000, 0x000000070fc00000|  0%| F|  |TAMS 0x000000070fa00000| PB 0x000000070fa00000| Untracked 
|  94|0x000000070fc00000, 0x000000070fc00000, 0x000000070fe00000|  0%| F|  |TAMS 0x000000070fc00000| PB 0x000000070fc00000| Untracked 
|  95|0x000000070fe00000, 0x000000070fe00000, 0x0000000710000000|  0%| F|  |TAMS 0x000000070fe00000| PB 0x000000070fe00000| Untracked 
|  96|0x0000000710000000, 0x0000000710000000, 0x0000000710200000|  0%| F|  |TAMS 0x0000000710000000| PB 0x0000000710000000| Untracked 
|  97|0x0000000710200000, 0x0000000710200000, 0x0000000710400000|  0%| F|  |TAMS 0x0000000710200000| PB 0x0000000710200000| Untracked 
|  98|0x0000000710400000, 0x0000000710400000, 0x0000000710600000|  0%| F|  |TAMS 0x0000000710400000| PB 0x0000000710400000| Untracked 
|  99|0x0000000710600000, 0x0000000710600000, 0x0000000710800000|  0%| F|  |TAMS 0x0000000710600000| PB 0x0000000710600000| Untracked 
| 100|0x0000000710800000, 0x0000000710800000, 0x0000000710a00000|  0%| F|  |TAMS 0x0000000710800000| PB 0x0000000710800000| Untracked 
| 101|0x0000000710a00000, 0x0000000710a00000, 0x0000000710c00000|  0%| F|  |TAMS 0x0000000710a00000| PB 0x0000000710a00000| Untracked 
| 102|0x0000000710c00000, 0x0000000710c00000, 0x0000000710e00000|  0%| F|  |TAMS 0x0000000710c00000| PB 0x0000000710c00000| Untracked 
| 103|0x0000000710e00000, 0x0000000710e00000, 0x0000000711000000|  0%| F|  |TAMS 0x0000000710e00000| PB 0x0000000710e00000| Untracked 
| 104|0x0000000711000000, 0x0000000711000000, 0x0000000711200000|  0%| F|  |TAMS 0x0000000711000000| PB 0x0000000711000000| Untracked 
| 105|0x0000000711200000, 0x0000000711200000, 0x0000000711400000|  0%| F|  |TAMS 0x0000000711200000| PB 0x0000000711200000| Untracked 
| 106|0x0000000711400000, 0x0000000711400000, 0x0000000711600000|  0%| F|  |TAMS 0x0000000711400000| PB 0x0000000711400000| Untracked 
| 107|0x0000000711600000, 0x0000000711600000, 0x0000000711800000|  0%| F|  |TAMS 0x0000000711600000| PB 0x0000000711600000| Untracked 
| 108|0x0000000711800000, 0x0000000711800000, 0x0000000711a00000|  0%| F|  |TAMS 0x0000000711800000| PB 0x0000000711800000| Untracked 
| 109|0x0000000711a00000, 0x0000000711a00000, 0x0000000711c00000|  0%| F|  |TAMS 0x0000000711a00000| PB 0x0000000711a00000| Untracked 
| 110|0x0000000711c00000, 0x0000000711c00000, 0x0000000711e00000|  0%| F|  |TAMS 0x0000000711c00000| PB 0x0000000711c00000| Untracked 
| 111|0x0000000711e00000, 0x0000000711e00000, 0x0000000712000000|  0%| F|  |TAMS 0x0000000711e00000| PB 0x0000000711e00000| Untracked 
| 112|0x0000000712000000, 0x0000000712000000, 0x0000000712200000|  0%| F|  |TAMS 0x0000000712000000| PB 0x0000000712000000| Untracked 
| 113|0x0000000712200000, 0x0000000712200000, 0x0000000712400000|  0%| F|  |TAMS 0x0000000712200000| PB 0x0000000712200000| Untracked 
| 114|0x0000000712400000, 0x0000000712400000, 0x0000000712600000|  0%| F|  |TAMS 0x0000000712400000| PB 0x0000000712400000| Untracked 
| 115|0x0000000712600000, 0x0000000712600000, 0x0000000712800000|  0%| F|  |TAMS 0x0000000712600000| PB 0x0000000712600000| Untracked 
| 116|0x0000000712800000, 0x0000000712800000, 0x0000000712a00000|  0%| F|  |TAMS 0x0000000712800000| PB 0x0000000712800000| Untracked 
| 117|0x0000000712a00000, 0x0000000712a00000, 0x0000000712c00000|  0%| F|  |TAMS 0x0000000712a00000| PB 0x0000000712a00000| Untracked 
| 118|0x0000000712c00000, 0x0000000712ce7ed8, 0x0000000712e00000| 45%| E|  |TAMS 0x0000000712c00000| PB 0x0000000712c00000| Complete 
| 119|0x0000000712e00000, 0x0000000713000000, 0x0000000713000000|100%| E|CS|TAMS 0x0000000712e00000| PB 0x0000000712e00000| Complete 
| 120|0x0000000713000000, 0x0000000713200000, 0x0000000713200000|100%| E|CS|TAMS 0x0000000713000000| PB 0x0000000713000000| Complete 
| 121|0x0000000713200000, 0x0000000713400000, 0x0000000713400000|100%| E|CS|TAMS 0x0000000713200000| PB 0x0000000713200000| Complete 
| 122|0x0000000713400000, 0x0000000713600000, 0x0000000713600000|100%| E|CS|TAMS 0x0000000713400000| PB 0x0000000713400000| Complete 
| 123|0x0000000713600000, 0x0000000713800000, 0x0000000713800000|100%| E|CS|TAMS 0x0000000713600000| PB 0x0000000713600000| Complete 
| 124|0x0000000713800000, 0x0000000713a00000, 0x0000000713a00000|100%| E|CS|TAMS 0x0000000713800000| PB 0x0000000713800000| Complete 
| 125|0x0000000713a00000, 0x0000000713c00000, 0x0000000713c00000|100%| E|CS|TAMS 0x0000000713a00000| PB 0x0000000713a00000| Complete 

Card table byte_map: [0x000002e2e32e0000,0x000002e2e3ac0000] _byte_map_base: 0x000002e2dfac0000

Marking Bits: (CMBitMap*) 0x000002e2c91ea920
 Bits: [0x000002e2e3ac0000, 0x000002e2e79c0000)

Polling page: 0x000002e2c9340000

Metaspace:

Usage:
  Non-class:      3.62 MB used.
      Class:    415.39 KB used.
       Both:      4.02 MB used.

Virtual space:
  Non-class space:       64.00 MB reserved,       3.69 MB (  6%) committed,  1 nodes.
      Class space:        1.00 GB reserved,     512.00 KB ( <1%) committed,  1 nodes.
             Both:        1.06 GB reserved,       4.19 MB ( <1%) committed. 

Chunk freelists:
   Non-Class:  10.23 MB
       Class:  15.48 MB
        Both:  25.72 MB

MaxMetaspaceSize: unlimited
CompressedClassSpaceSize: 1.00 GB
Initial GC threshold: 21.00 MB
Current GC threshold: 21.00 MB
CDS: on
 - commit_granule_bytes: 65536.
 - commit_granule_words: 8192.
 - virtual_space_node_default_size: 8388608.
 - enlarge_chunks_in_place: 1.
 - use_allocation_guard: 0.


Internal statistics:

num_allocs_failed_limit: 0.
num_arena_births: 48.
num_arena_deaths: 0.
num_vsnodes_births: 2.
num_vsnodes_deaths: 0.
num_space_committed: 67.
num_space_uncommitted: 0.
num_chunks_returned_to_freelist: 0.
num_chunks_taken_from_freelist: 148.
num_chunk_merges: 0.
num_chunk_splits: 101.
num_chunks_enlarged: 76.
num_inconsistent_stats: 0.

CodeHeap 'non-profiled nmethods': size=120000Kb used=324Kb max_used=324Kb free=119675Kb
 bounds [0x000002e2dab70000, 0x000002e2dade0000, 0x000002e2e20a0000]
CodeHeap 'profiled nmethods': size=120000Kb used=1736Kb max_used=1736Kb free=118263Kb
 bounds [0x000002e2d30a0000, 0x000002e2d3310000, 0x000002e2da5d0000]
CodeHeap 'non-nmethods': size=5760Kb used=1494Kb max_used=1508Kb free=4265Kb
 bounds [0x000002e2da5d0000, 0x000002e2da840000, 0x000002e2dab70000]
 total_blobs=1409 nmethods=944 adapters=370
 compilation: enabled
              stopped_count=0, restarted_count=0
 full_count=0

Compilation events (20 events):
Event: 43.085 Thread 0x000002e2ea3d4910  935       3       java.util.zip.ZipFile$InflaterCleanupAction::run (12 bytes)
Event: 43.085 Thread 0x000002e2ea3d4910 nmethod 935 0x000002e2d3249010 code [0x000002e2d32491c0, 0x000002e2d3249328]
Event: 43.085 Thread 0x000002e2ea3d4910  936   !   3       java.util.zip.ZipFile$CleanableResource::releaseInflater (53 bytes)
Event: 43.086 Thread 0x000002e2ea3d4910 nmethod 936 0x000002e2d3249410 code [0x000002e2d3249600, 0x000002e2d3249a58]
Event: 43.086 Thread 0x000002e2ea3d4910  937   !   3       java.util.zip.Inflater::reset (64 bytes)
Event: 43.086 Thread 0x000002e2ea3d4910 nmethod 937 0x000002e2d3249c10 code [0x000002e2d3249de0, 0x000002e2d324a188]
Event: 43.095 Thread 0x000002e2ea3d4910  938       3       java.lang.Record::<init> (5 bytes)
Event: 43.095 Thread 0x000002e2ea3d4910 nmethod 938 0x000002e2d324a310 code [0x000002e2d324a4c0, 0x000002e2d324a628]
Event: 43.101 Thread 0x000002e2ea3d4910  939       3       java.lang.ClassLoader::definePackage (85 bytes)
Event: 43.103 Thread 0x000002e2ea3d4910 nmethod 939 0x000002e2d324a710 code [0x000002e2d324a9e0, 0x000002e2d324b8a8]
Event: 43.103 Thread 0x000002e2ea3d4910  940       3       java.lang.Package::isSealed (26 bytes)
Event: 43.103 Thread 0x000002e2ea3d4910 nmethod 940 0x000002e2d324bd90 code [0x000002e2d324bf40, 0x000002e2d324c248]
Event: 43.103 Thread 0x000002e2ea3d4910  941       3       java.lang.ClassLoader::compareCerts (197 bytes)
Event: 43.104 Thread 0x000002e2ea3d4910 nmethod 941 0x000002e2d324c390 code [0x000002e2d324c5c0, 0x000002e2d324ce50]
Event: 43.105 Thread 0x000002e2ea3d4910  942   !   3       jdk.internal.loader.BuiltinClassLoader::findClassOnClassPathOrNull (64 bytes)
Event: 43.106 Thread 0x000002e2ea3d4910 nmethod 942 0x000002e2d324d110 code [0x000002e2d324d4a0, 0x000002e2d324e868]
Event: 43.108 Thread 0x000002e2ea3d4910  943   !   3       java.io.WinNTFileSystem::getBooleanAttributes (27 bytes)
Event: 43.108 Thread 0x000002e2ea3d4910 nmethod 943 0x000002e2d324f010 code [0x000002e2d324f1e0, 0x000002e2d324f3f8]
Event: 44.093 Thread 0x000002e2ea3d4910  944       3       java.net.URLClassLoader::isSealed (72 bytes)
Event: 44.096 Thread 0x000002e2ea3d4910 nmethod 944 0x000002e2d324f510 code [0x000002e2d324f980, 0x000002e2d32516b0]

GC Heap History (0 events):
No events

Dll operation events (12 events):
Event: 0.423 Loaded shared library C:\Program Files\Java\jdk-21.0.6\bin\java.dll
Event: 2.277 Loaded shared library C:\Program Files\Java\jdk-21.0.6\bin\jsvml.dll
Event: 6.339 Loaded shared library C:\Program Files\Java\jdk-21.0.6\bin\zip.dll
Event: 10.873 Loaded shared library C:\Program Files\Java\jdk-21.0.6\bin\instrument.dll
Event: 10.880 Loaded shared library C:\Program Files\Java\jdk-21.0.6\bin\net.dll
Event: 10.882 Loaded shared library C:\Program Files\Java\jdk-21.0.6\bin\nio.dll
Event: 10.888 Loaded shared library C:\Program Files\Java\jdk-21.0.6\bin\zip.dll
Event: 12.313 Loaded shared library C:\Program Files\JetBrains\IntelliJ IDEA 2023.3.4\bin\breakgen64.dll
Event: 12.654 Loaded shared library C:\Program Files\Java\jdk-21.0.6\bin\extnet.dll
Event: 21.626 Loaded shared library C:\Program Files\Java\jdk-21.0.6\bin\jimage.dll
Event: 29.248 Loaded shared library C:\Users\DELL\AppData\Local\Temp\jansi-2.4.1-c31558792fe4922b-jansi.dll
Event: 29.271 Loaded shared library C:\Program Files\Java\jdk-21.0.6\bin\verify.dll

Deoptimization events (20 events):
Event: 38.753 Thread 0x000002e2c9169e30 Uncommon trap: trap_request=0xffffff45 fr.pc=0x000002e2dabaebb4 relative=0x0000000000000674
Event: 38.753 Thread 0x000002e2c9169e30 Uncommon trap: reason=unstable_if action=reinterpret pc=0x000002e2dabaebb4 method=java.util.regex.Matcher.search(I)Z @ 30 c2
Event: 38.753 Thread 0x000002e2c9169e30 DEOPT PACKING pc=0x000002e2dabaebb4 sp=0x000000fb103fdb30
Event: 38.753 Thread 0x000002e2c9169e30 DEOPT UNPACKING pc=0x000002e2da627da2 sp=0x000000fb103fdb20 mode 2
Event: 38.765 Thread 0x000002e2c9169e30 Uncommon trap: trap_request=0xffffff45 fr.pc=0x000002e2dab90204 relative=0x0000000000000524
Event: 38.765 Thread 0x000002e2c9169e30 Uncommon trap: reason=unstable_if action=reinterpret pc=0x000002e2dab90204 method=java.lang.StringLatin1.canEncode(I)Z @ 4 c2
Event: 38.765 Thread 0x000002e2c9169e30 DEOPT PACKING pc=0x000002e2dab90204 sp=0x000000fb103fe170
Event: 38.765 Thread 0x000002e2c9169e30 DEOPT UNPACKING pc=0x000002e2da627da2 sp=0x000000fb103fe0a8 mode 2
Event: 38.765 Thread 0x000002e2c9169e30 Uncommon trap: trap_request=0xffffff45 fr.pc=0x000002e2dab90d6c relative=0x000000000000050c
Event: 38.765 Thread 0x000002e2c9169e30 Uncommon trap: reason=unstable_if action=reinterpret pc=0x000002e2dab90d6c method=java.lang.AbstractStringBuilder.isLatin1()Z @ 10 c2
Event: 38.765 Thread 0x000002e2c9169e30 DEOPT PACKING pc=0x000002e2dab90d6c sp=0x000000fb103fe190
Event: 38.765 Thread 0x000002e2c9169e30 DEOPT UNPACKING pc=0x000002e2da627da2 sp=0x000000fb103fe120 mode 2
Event: 39.953 Thread 0x000002e2c9169e30 Uncommon trap: trap_request=0xffffff45 fr.pc=0x000002e2dab8d9e8 relative=0x0000000000000048
Event: 39.953 Thread 0x000002e2c9169e30 Uncommon trap: reason=unstable_if action=reinterpret pc=0x000002e2dab8d9e8 method=java.lang.StringLatin1.canEncode(I)Z @ 4 c2
Event: 39.953 Thread 0x000002e2c9169e30 DEOPT PACKING pc=0x000002e2dab8d9e8 sp=0x000000fb103fe120
Event: 39.953 Thread 0x000002e2c9169e30 DEOPT UNPACKING pc=0x000002e2da627da2 sp=0x000000fb103fe0b0 mode 2
Event: 40.742 Thread 0x000002e2c9169e30 DEOPT PACKING pc=0x000002e2d30eadc9 sp=0x000000fb103f8110
Event: 40.742 Thread 0x000002e2c9169e30 DEOPT UNPACKING pc=0x000002e2da6288e2 sp=0x000000fb103f7588 mode 0
Event: 40.771 Thread 0x000002e2c9169e30 DEOPT PACKING pc=0x000002e2d3115f55 sp=0x000000fb103fd6f0
Event: 40.771 Thread 0x000002e2c9169e30 DEOPT UNPACKING pc=0x000002e2da6288e2 sp=0x000000fb103fcb60 mode 0

Classes loaded (20 events):
Event: 38.202 Loading class sun/net/www/protocol/jrt/Handler
Event: 38.202 Loading class sun/net/www/protocol/jrt/Handler done
Event: 38.756 Loading class sun/text/resources/cldr/FormatData_en
Event: 38.756 Loading class sun/text/resources/cldr/FormatData_en done
Event: 38.757 Loading class sun/text/resources/cldr/FormatData_en_US
Event: 38.757 Loading class sun/text/resources/cldr/FormatData_en_US done
Event: 40.764 Loading class java/io/FilterReader
Event: 40.764 Loading class java/io/FilterReader done
Event: 43.063 Loading class jdk/internal/foreign/MemorySessionImpl
Event: 43.063 Loading class java/lang/foreign/MemorySegment$Scope
Event: 43.063 Loading class java/lang/foreign/MemorySegment$Scope done
Event: 43.063 Loading class jdk/internal/foreign/MemorySessionImpl done
Event: 43.075 Loading class java/io/InvalidObjectException
Event: 43.075 Loading class java/io/ObjectStreamException
Event: 43.075 Loading class java/io/ObjectStreamException done
Event: 43.075 Loading class java/io/InvalidObjectException done
Event: 43.093 Loading class java/util/NoSuchElementException
Event: 43.093 Loading class java/util/NoSuchElementException done
Event: 44.122 Loading class java/util/Arrays$ArrayItr
Event: 44.122 Loading class java/util/Arrays$ArrayItr done

Classes unloaded (0 events):
No events

Classes redefined (0 events):
No events

Internal exceptions (8 events):
Event: 12.301 Thread 0x000002e2c9169e30 Exception <a 'java/lang/NoSuchMethodError'{0x00000007138cffd0}: 'void java.lang.invoke.DirectMethodHandle$Holder.invokeStatic(java.lang.Object, java.lang.Object, java.lang.Object)'> (0x00000007138cffd0) 
thrown [s\open\src\hotspot\share\interpreter\linkResolver.cpp, line 773]
Event: 12.309 Thread 0x000002e2c9169e30 Exception <a 'java/lang/NoSuchMethodError'{0x00000007138e7798}: 'java.lang.Object java.lang.invoke.Invokers$Holder.invokeExact_MT(java.lang.Object, java.lang.Object, java.lang.Object, java.lang.Object, java.lang.Object)'> (0x00000007138e7798) 
thrown [s\open\src\hotspot\share\interpreter\linkResolver.cpp, line 773]
Event: 12.658 Thread 0x000002e2ea879b70 Exception <a 'java/lang/NoSuchMethodError'{0x000000071395b678}: 'void java.lang.invoke.DirectMethodHandle$Holder.invokeStatic(java.lang.Object, java.lang.Object)'> (0x000000071395b678) 
thrown [s\open\src\hotspot\share\interpreter\linkResolver.cpp, line 773]
Event: 13.957 Thread 0x000002e2c9169e30 Exception <a 'java/lang/NoSuchMethodError'{0x00000007139d1538}: 'int java.lang.invoke.DirectMethodHandle$Holder.invokeSpecial(java.lang.Object, java.lang.Object, java.lang.Object)'> (0x00000007139d1538) 
thrown [s\open\src\hotspot\share\interpreter\linkResolver.cpp, line 773]
Event: 21.617 Thread 0x000002e2c9169e30 Exception <a 'java/lang/NullPointerException'{0x00000007134587b8}> (0x00000007134587b8) 
thrown [s\open\src\hotspot\share\interpreter\linkResolver.cpp, line 1372]
Event: 29.212 Thread 0x000002e2c9169e30 Exception <a 'sun/nio/fs/WindowsException'{0x00000007134813d0}> (0x00000007134813d0) 
thrown [s\open\src\hotspot\share\prims\jni.cpp, line 520]
Event: 30.267 Thread 0x000002e2c9169e30 Exception <a 'java/lang/NoSuchMethodError'{0x0000000713597978}: 'void java.lang.invoke.DirectMethodHandle$Holder.invokeStaticInit(java.lang.Object, java.lang.Object)'> (0x0000000713597978) 
thrown [s\open\src\hotspot\share\interpreter\linkResolver.cpp, line 773]
Event: 37.640 Thread 0x000002e2c9169e30 Exception <a 'java/lang/NoSuchMethodError'{0x000000071334e148}: 'java.lang.Object java.lang.invoke.DirectMethodHandle$Holder.invokeSpecialIFC(java.lang.Object, java.lang.Object, java.lang.Object, java.lang.Object)'> (0x000000071334e148) 
thrown [s\open\src\hotspot\share\interpreter\linkResolver.cpp, line 773]

ZGC Phase Switch (0 events):
No events

VM Operations (20 events):
Event: 21.633 Executing VM operation: HandshakeAllThreads (Deoptimize)
Event: 29.162 Executing VM operation: HandshakeAllThreads (Deoptimize) done
Event: 30.173 Executing VM operation: Cleanup
Event: 30.251 Executing VM operation: Cleanup done
Event: 31.266 Executing VM operation: Cleanup
Event: 31.535 Executing VM operation: Cleanup done
Event: 32.540 Executing VM operation: Cleanup
Event: 32.540 Executing VM operation: Cleanup done
Event: 37.561 Executing VM operation: Cleanup
Event: 37.629 Executing VM operation: Cleanup done
Event: 38.637 Executing VM operation: Cleanup
Event: 38.717 Executing VM operation: Cleanup done
Event: 39.728 Executing VM operation: Cleanup
Event: 39.940 Executing VM operation: Cleanup done
Event: 40.945 Executing VM operation: Cleanup
Event: 41.540 Executing VM operation: Cleanup done
Event: 42.553 Executing VM operation: Cleanup
Event: 43.060 Executing VM operation: Cleanup done
Event: 44.063 Executing VM operation: Cleanup
Event: 44.063 Executing VM operation: Cleanup done

Events (15 events):
Event: 1.134 Thread 0x000002e2c9169e30 Thread added: 0x000002e2c9169e30
Event: 1.785 Thread 0x000002e2ea3c5780 Thread added: 0x000002e2ea3c5780
Event: 1.786 Thread 0x000002e2ea3c82e0 Thread added: 0x000002e2ea3c82e0
Event: 1.966 Thread 0x000002e2ea3ce380 Thread added: 0x000002e2ea3ce380
Event: 1.966 Thread 0x000002e2ea3cf030 Thread added: 0x000002e2ea3cf030
Event: 1.966 Thread 0x000002e2ea3cfbb0 Thread added: 0x000002e2ea3cfbb0
Event: 1.966 Thread 0x000002e2ea3d0880 Thread added: 0x000002e2ea3d0880
Event: 1.966 Thread 0x000002e2ea3d3610 Thread added: 0x000002e2ea3d3610
Event: 2.273 Thread 0x000002e2ea3d4910 Thread added: 0x000002e2ea3d4910
Event: 4.019 Thread 0x000002e2ea5541a0 Thread added: 0x000002e2ea5541a0
Event: 12.314 Thread 0x000002e2ea879b70 Thread added: 0x000002e2ea879b70
Event: 12.314 Thread 0x000002e2ea883210 Thread added: 0x000002e2ea883210
Event: 13.956 Thread 0x000002e2ea749150 Thread added: 0x000002e2ea749150
Event: 15.860 Thread 0x000002e2ea749150 Thread exited: 0x000002e2ea749150
Event: 21.623 Thread 0x000002e2ea984790 Thread added: 0x000002e2ea984790


Dynamic libraries:
0x00007ff7e26f0000 - 0x00007ff7e2700000 	C:\Program Files\Java\jdk-21.0.6\bin\java.exe
0x00007ffbc1e40000 - 0x00007ffbc20a0000 	C:\WINDOWS\SYSTEM32\ntdll.dll
0x00007ffbc0980000 - 0x00007ffbc0a47000 	C:\WINDOWS\System32\KERNEL32.DLL
0x00007ffbbf020000 - 0x00007ffbbf3ea000 	C:\WINDOWS\System32\KERNELBASE.dll
0x00007ffbbf810000 - 0x00007ffbbf95b000 	C:\WINDOWS\System32\ucrtbase.dll
0x00007ffb815c0000 - 0x00007ffb815d9000 	C:\Program Files\Java\jdk-21.0.6\bin\jli.dll
0x00007ffbc0450000 - 0x00007ffbc0502000 	C:\WINDOWS\System32\ADVAPI32.dll
0x00007ffbc02c0000 - 0x00007ffbc0369000 	C:\WINDOWS\System32\msvcrt.dll
0x00007ffbbff10000 - 0x00007ffbbffb6000 	C:\WINDOWS\System32\sechost.dll
0x00007ffbc0860000 - 0x00007ffbc0976000 	C:\WINDOWS\System32\RPCRT4.dll
0x00007ffbbfc40000 - 0x00007ffbbfe0c000 	C:\WINDOWS\System32\USER32.dll
0x00007ffbbf3f0000 - 0x00007ffbbf417000 	C:\WINDOWS\System32\win32u.dll
0x00007ffbc18f0000 - 0x00007ffbc191a000 	C:\WINDOWS\System32\GDI32.dll
0x00007ffbbf620000 - 0x00007ffbbf751000 	C:\WINDOWS\System32\gdi32full.dll
0x00007ffbbf760000 - 0x00007ffbbf803000 	C:\WINDOWS\System32\msvcp_win.dll
0x00007ffba5240000 - 0x00007ffba54d7000 	C:\WINDOWS\WinSxS\amd64_microsoft.windows.common-controls_6595b64144ccf1df_6.0.26100.3624_none_3e086962e3345f24\COMCTL32.dll
0x00007ffbaee60000 - 0x00007ffbaee6b000 	C:\WINDOWS\SYSTEM32\VERSION.dll
0x00007ffba0ac0000 - 0x00007ffba0adb000 	C:\Program Files\Java\jdk-21.0.6\bin\VCRUNTIME140.dll
0x00007ffbc0820000 - 0x00007ffbc084f000 	C:\WINDOWS\System32\IMM32.DLL
0x00007ffbb0a50000 - 0x00007ffbb0a5c000 	C:\Program Files\Java\jdk-21.0.6\bin\vcruntime140_1.dll
0x00007ffb77ad0000 - 0x00007ffb77b5e000 	C:\Program Files\Java\jdk-21.0.6\bin\msvcp140.dll
0x00007ffb58f30000 - 0x00007ffb59c4a000 	C:\Program Files\Java\jdk-21.0.6\bin\server\jvm.dll
0x00007ffbc0b30000 - 0x00007ffbc0ba4000 	C:\WINDOWS\System32\WS2_32.dll
0x00007ffbbe6d0000 - 0x00007ffbbe72e000 	C:\WINDOWS\SYSTEM32\POWRPROF.dll
0x00007ffbb7340000 - 0x00007ffbb7376000 	C:\WINDOWS\SYSTEM32\WINMM.dll
0x00007ffbbe6b0000 - 0x00007ffbbe6c4000 	C:\WINDOWS\SYSTEM32\UMPDC.dll
0x00007ffbbdd90000 - 0x00007ffbbddaa000 	C:\WINDOWS\SYSTEM32\kernel.appcore.dll
0x00007ffba0c80000 - 0x00007ffba0c8a000 	C:\Program Files\Java\jdk-21.0.6\bin\jimage.dll
0x000000005fc40000 - 0x000000005fdd6000 	C:\Program Files\Microsoft SQL Server\110\Shared\DBGHELP.DLL
0x00007ffbb9d50000 - 0x00007ffbb9d5f000 	C:\Program Files\Java\jdk-21.0.6\bin\instrument.dll
0x00007ffb815a0000 - 0x00007ffb815bf000 	C:\Program Files\Java\jdk-21.0.6\bin\java.dll
0x00007ffbc1080000 - 0x00007ffbc17a9000 	C:\WINDOWS\System32\SHELL32.dll
0x00007ffbbf4b0000 - 0x00007ffbbf618000 	C:\WINDOWS\System32\wintypes.dll
0x00007ffbc1920000 - 0x00007ffbc1ca2000 	C:\WINDOWS\System32\combase.dll
0x00007ffbbcc80000 - 0x00007ffbbd4d2000 	C:\WINDOWS\SYSTEM32\windows.storage.dll
0x00007ffbc1800000 - 0x00007ffbc18ed000 	C:\WINDOWS\System32\SHCORE.dll
0x00007ffbc1cb0000 - 0x00007ffbc1d14000 	C:\WINDOWS\System32\shlwapi.dll
0x00007ffbbef30000 - 0x00007ffbbef5f000 	C:\WINDOWS\SYSTEM32\profapi.dll
0x00007ffb6cb30000 - 0x00007ffb6cc07000 	C:\Program Files\Java\jdk-21.0.6\bin\jsvml.dll
0x00007ffb81440000 - 0x00007ffb81458000 	C:\Program Files\Java\jdk-21.0.6\bin\zip.dll
0x00007ffb96630000 - 0x00007ffb96640000 	C:\Program Files\Java\jdk-21.0.6\bin\net.dll
0x00007ffbb9120000 - 0x00007ffbb923d000 	C:\WINDOWS\SYSTEM32\WINHTTP.dll
0x00007ffbbe2f0000 - 0x00007ffbbe35a000 	C:\WINDOWS\system32\mswsock.dll
0x00007ffb81530000 - 0x00007ffb81546000 	C:\Program Files\Java\jdk-21.0.6\bin\nio.dll
0x00007ffbb9990000 - 0x00007ffbb99aa000 	C:\Program Files\JetBrains\IntelliJ IDEA 2023.3.4\bin\breakgen64.dll
0x00007ffb8f2e0000 - 0x00007ffb8f2e9000 	C:\Program Files\Java\jdk-21.0.6\bin\extnet.dll
0x00007ffb6b830000 - 0x00007ffb6b854000 	C:\Users\DELL\AppData\Local\Temp\jansi-2.4.1-c31558792fe4922b-jansi.dll
0x00007ffb81fe0000 - 0x00007ffb81ff0000 	C:\Program Files\Java\jdk-21.0.6\bin\verify.dll

dbghelp: loaded successfully - version: 4.0.5 - missing functions: none
symbol engine: initialized successfully - sym options: 0x614 - pdb path: .;C:\Program Files\Java\jdk-21.0.6\bin;C:\WINDOWS\SYSTEM32;C:\WINDOWS\WinSxS\amd64_microsoft.windows.common-controls_6595b64144ccf1df_6.0.26100.3624_none_3e086962e3345f24;C:\Program Files\Java\jdk-21.0.6\bin\server;C:\Program Files\Microsoft SQL Server\110\Shared;C:\Program Files\JetBrains\IntelliJ IDEA 2023.3.4\bin;C:\Users\DELL\AppData\Local\Temp

VM Arguments:
jvm_args: -Dmaven.multiModuleProjectDirectory=C:\Users\DELL\Desktop\angular Project\backEnd\carsAgence -Djansi.passthrough=true -Dmaven.home=C:\Users\DELL\.m2\wrapper\dists\apache-maven-3.9.9-bin\4nf9hui3q3djbarqar9g711ggc\apache-maven-3.9.9 -Dclassworlds.conf=C:\Users\DELL\.m2\wrapper\dists\apache-maven-3.9.9-bin\4nf9hui3q3djbarqar9g711ggc\apache-maven-3.9.9\bin\m2.conf -Dmaven.ext.class.path=C:\Program Files\JetBrains\IntelliJ IDEA 2023.3.4\plugins\maven\lib\maven-event-listener.jar -javaagent:C:\Program Files\JetBrains\IntelliJ IDEA 2023.3.4\lib\idea_rt.jar=52350:C:\Program Files\JetBrains\IntelliJ IDEA 2023.3.4\bin -Dfile.encoding=UTF-8 -Dsun.stdout.encoding=UTF-8 -Dsun.stderr.encoding=UTF-8 
java_command: org.codehaus.classworlds.Launcher -Didea.version=2023.3.4 clean install
java_class_path (initial): C:\Users\DELL\.m2\wrapper\dists\apache-maven-3.9.9-bin\4nf9hui3q3djbarqar9g711ggc\apache-maven-3.9.9\boot\plexus-classworlds-2.8.0.jar;C:\Users\DELL\.m2\wrapper\dists\apache-maven-3.9.9-bin\4nf9hui3q3djbarqar9g711ggc\apache-maven-3.9.9\boot\plexus-classworlds.license
Launcher Type: SUN_STANDARD

[Global flags]
     intx CICompilerCount                          = 4                                         {product} {ergonomic}
     uint ConcGCThreads                            = 2                                         {product} {ergonomic}
     uint G1ConcRefinementThreads                  = 8                                         {product} {ergonomic}
   size_t G1HeapRegionSize                         = 2097152                                   {product} {ergonomic}
    uintx GCDrainStackTargetSize                   = 64                                        {product} {ergonomic}
   size_t InitialHeapSize                          = 264241152                                 {product} {ergonomic}
   size_t MarkStackSize                            = 4194304                                   {product} {ergonomic}
   size_t MaxHeapSize                              = 4227858432                                {product} {ergonomic}
   size_t MaxNewSize                               = 2535456768                                {product} {ergonomic}
   size_t MinHeapDeltaBytes                        = 2097152                                   {product} {ergonomic}
   size_t MinHeapSize                              = 8388608                                   {product} {ergonomic}
    uintx NonNMethodCodeHeapSize                   = 5839372                                {pd product} {ergonomic}
    uintx NonProfiledCodeHeapSize                  = 122909434                              {pd product} {ergonomic}
    uintx ProfiledCodeHeapSize                     = 122909434                              {pd product} {ergonomic}
    uintx ReservedCodeCacheSize                    = 251658240                              {pd product} {ergonomic}
     bool SegmentedCodeCache                       = true                                      {product} {ergonomic}
   size_t SoftMaxHeapSize                          = 4227858432                             {manageable} {ergonomic}
     bool UseCompressedOops                        = true                           {product lp64_product} {ergonomic}
     bool UseG1GC                                  = true                                      {product} {ergonomic}
     bool UseLargePagesIndividualAllocation        = false                                  {pd product} {ergonomic}

Logging:
Log output configuration:
 #0: stdout all=warning uptime,level,tags foldmultilines=false
 #1: stderr all=off uptime,level,tags foldmultilines=false

Environment Variables:
PATH=C:\PySchool\3.10-32-bit\Scripts;C:\PySchool\3.10-32-bit;C:\oraclexe\app\oracle\product\11.2.0\server\bin;C:\Program Files (x86)\VMware\VMware Workstation\bin\;C:\Program Files\Common Files\Siemens\Automation\Simatic OAM\bin;C:\WINDOWS\system32;C:\WINDOWS;C:\WINDOWS\System32\Wbem;C:\WINDOWS\System32\WindowsPowerShell\v1.0\;C:\WINDOWS\System32\OpenSSH\;C:\Program Files (x86)\Microchip\MPLAB C32 Suite\bin;c:\Program Files (x86)\Microsoft SQL Server\100\Tools\Binn\;c:\Program Files\Microsoft SQL Server\100\Tools\Binn\;c:\Program Files\Microsoft SQL Server\100\DTS\Binn\;C:\Users\DELL\AppData\Local\Programs\Python\Python311;C:\Users\DELL\AppData\Local\Programs\Python\Python311\Scripts;C:\wamp64\bin\php\php8.2.0;C:\wamp64\bin;C:\Program Files\Git\cmd;C:\Program Files\dotnet\;C:\Program Files\Docker\Docker\resources\bin;C:\Users\DELL\AppData\Local\nvm;C:\nvm4w\nodejs;C:\Program Files\Microsoft SQL Server\150\Tools\Binn\;C:\Program Files\Microsoft SQL Server\Client SDK\ODBC\170\Tools\Binn\;C:\Program Files (x86)\Windows Kits\10\Windows Performance Toolkit\;C:\Program Files\Microsoft SQL Server\110\DTS\Binn\;C:\Program Files (x86)\Microsoft SQL Server\110\Tools\Binn\;C:\Program Files\Microsoft SQL Server\110\Tools\Binn\;C:\Program Files (x86)\Microsoft SQL Server\110\Tools\Binn\ManagementStudio\;C:\Program Files (x86)\Microsoft Visual Studio 10.0\Common7\IDE\PrivateAssemblies\;C:\Program Files (x86)\Microsoft SQL Server\110\DTS\Binn\;C:\Program Files\Java\jdk-21.0.6\bin;C:\Users\DELL\scoop\shims;C:\Users\DELL\AppData\Local\Microsoft\WindowsApps;C:\phpm\php-8.2.3 (1);C:\Program Files\JetBrains\PhpStorm 2023.1\bin;;C:\wamp64\bin;C:\Users\DELL\AppData\Local\Programs\Microsoft VS Code\bin;C:\Users\DELL\AppData\Roaming\npm;C:\Users\DELL\AppData\Local\nvm;C:\nvm4w\nodejs;C:\Users\DELL\.dotnet\tools;C:\Users\DELL\AppData\Local\Programs\cursor\resources\app\bin
USERNAME=DELL
OS=Windows_NT
PROCESSOR_IDENTIFIER=Intel64 Family 6 Model 140 Stepping 1, GenuineIntel
TMP=C:\Users\DELL\AppData\Local\Temp
TEMP=C:\Users\DELL\AppData\Local\Temp




Periodic native trim disabled

---------------  S Y S T E M  ---------------

OS:
 Windows 11 , 64 bit Build 26100 (10.0.26100.3775)
OS uptime: 1 days 17:53 hours
Hyper-V role detected

CPU: total 8 (initial active 8) (4 cores per cpu, 2 threads per core) family 6 model 140 stepping 1 microcode 0xba, cx8, cmov, fxsr, ht, mmx, 3dnowpref, sse, sse2, sse3, ssse3, sse4.1, sse4.2, popcnt, lzcnt, tsc, tscinvbit, avx, avx2, aes, erms, clmul, bmi1, bmi2, adx, avx512f, avx512dq, avx512cd, avx512bw, avx512vl, sha, fma, vzeroupper, avx512_vpopcntdq, avx512_vpclmulqdq, avx512_vaes, avx512_vnni, clflush, clflushopt, clwb, avx512_vbmi2, avx512_vbmi, hv, rdtscp, rdpid, fsrm, gfni, avx512_bitalg, f16c, cet_ibt, cet_ss, avx512_ifma
Processor Information for all 8 processors :
  Max Mhz: 2419, Current Mhz: 2419, Mhz Limit: 2419

Memory: 4k page, system-wide physical 16126M (705M free)
TotalPageFile size 65278M (AvailPageFile size 0M)
current process WorkingSet (physical memory assigned to process): 55M, peak: 59M
current process commit charge ("private bytes"): 345M, peak: 349M

vm_info: Java HotSpot(TM) 64-Bit Server VM (21.0.6+8-LTS-188) for windows-amd64 JRE (21.0.6+8-LTS-188), built on 2024-12-03T10:50:54Z by "mach5one" with MS VC++ 17.6 (VS2022)

END.
