#
# There is insufficient memory for the Java Runtime Environment to continue.
# Native memory allocation (mmap) failed to map 65536 bytes for Failed to commit metaspace.
# Possible reasons:
#   The system is out of physical RAM or swap space
#   The process is running with CompressedOops enabled, and the Java Heap may be blocking the growth of the native heap
# Possible solutions:
#   Reduce memory load on the system
#   Increase physical memory or swap space
#   Check if swap backing store is full
#   Decrease Java heap size (-Xmx/-Xms)
#
#  Out of Memory Error, pid=1100411th Gen Intel(R) Core(TM) i5-1135G7 @ 2.40GHz, 8 cores, 15G,  Windows 11 , 64 bit Build 26100 (10.0.26100.3775)
Time: Tue Apr 22 17:31:52 2025 Afr. centrale Ouest elapsed time: 100.451306 seconds (0d 0h 1m 40s)

---------------  T H R E A D  ---------------

Current thread (0x000002443ac91430):  JavaThread "main"             [_thread_in_vm, id=24976, stack(0x000000f877c00000,0x000000f877d00000) (1024K)]

Stack: [0x000000f877c00000,0x000000f877d00000]
Native frames: (J=compiled Java code, j=interpreted, Vv=VM code, C=native code)
V  [jvm.dll+0x6ca6d9]
V  [jvm.dll+0x854f51]
V  [jvm.dll+0x85747e]
V  [jvm.dll+0x857b53]
V  [jvm.dll+0x27dcc6]
V  [jvm.dll+0x850b6e]
V  [jvm.dll+0x66e3e5]
V  [jvm.dll+0x1e3f1c]
V  [jvm.dll+0x1e3cee]
V  [jvm.dll+0x670d13]
V  [jvm.dll+0x670b32]
V  [jvm.dll+0x66edbe]
V  [jvm.dll+0x269510]
V  [jvm.dll+0x2156a7]
V  [jvm.dll+0x20affe]
V  [jvm.dll+0x5ad2ec]
V  [jvm.dll+0x7cf136]
V  [jvm.dll+0x470c46]
V  [jvm.dll+0x476ac8]
C  [java.dll+0x17ec]

Java frames: (J=compiled Java code, j=interpreted, Vv=VM code)
J 591  java.lang.ClassLoader.defineClass1(Ljava/lang/ClassLoader;Ljava/lang/String;[BIILjava/security/ProtectionDomain;Ljava/lang/String;)Ljava/lang/Class; java.base@21.0.6 (0 bytes) @ 0x000002444c802891 [0x000002444c8027c0+0x00000000000000d1]
J 1008 c1 java.lang.ClassLoader.defineClass(Ljava/lang/String;[BIILjava/security/ProtectionDomain;)Ljava/lang/Class; java.base@21.0.6 (43 bytes) @ 0x0000024444edcd8c [0x0000024444edca20+0x000000000000036c]
J 1015 c1 java.security.SecureClassLoader.defineClass(Ljava/lang/String;[BIILjava/security/CodeSource;)Ljava/lang/Class; java.base@21.0.6 (16 bytes) @ 0x0000024444edfb9c [0x0000024444edfac0+0x00000000000000dc]
J 960 c1 java.net.URLClassLoader.defineClass(Ljava/lang/String;Ljdk/internal/loader/Resource;)Ljava/lang/Class; java.base@21.0.6 (224 bytes) @ 0x0000024444ebf284 [0x0000024444ebdf40+0x0000000000001344]
J 959 c1 java.net.URLClassLoader$1.run()Ljava/lang/Class; java.base@21.0.6 (81 bytes) @ 0x0000024444ebc8ec [0x0000024444ebbc60+0x0000000000000c8c]
J 958 c1 java.net.URLClassLoader$1.run()Ljava/lang/Object; java.base@21.0.6 (5 bytes) @ 0x0000024444ebb6d4 [0x0000024444ebb640+0x0000000000000094]
J 883 c1 java.security.AccessController.doPrivileged(Ljava/security/PrivilegedExceptionAction;Ljava/security/AccessControlContext;)Ljava/lang/Object; java.base@21.0.6 (26 bytes) @ 0x0000024444e83014 [0x0000024444e82e20+0x00000000000001f4]
J 956 c1 java.net.URLClassLoader.findClass(Ljava/lang/String;)Ljava/lang/Class; java.base@21.0.6 (47 bytes) @ 0x0000024444eba5d4 [0x0000024444eba420+0x00000000000001b4]
J 965 c1 org.codehaus.plexus.classworlds.realm.ClassRealm.loadClassFromSelf(Ljava/lang/String;)Ljava/lang/Class; (40 bytes) @ 0x0000024444ec573c [0x0000024444ec53a0+0x000000000000039c]
J 892 c1 org.codehaus.plexus.classworlds.strategy.SelfFirstStrategy.loadClass(Ljava/lang/String;)Ljava/lang/Class; (50 bytes) @ 0x0000024444e86cac [0x0000024444e868c0+0x00000000000003ec]
J 646 c1 org.codehaus.plexus.classworlds.realm.ClassRealm.loadClass(Ljava/lang/String;Z)Ljava/lang/Class; (33 bytes) @ 0x0000024444dff5e4 [0x0000024444dff460+0x0000000000000184]
J 645 c1 org.codehaus.plexus.classworlds.realm.ClassRealm.loadClass(Ljava/lang/String;)Ljava/lang/Class; (7 bytes) @ 0x0000024444dff0c4 [0x0000024444dfefc0+0x0000000000000104]
J 892 c1 org.codehaus.plexus.classworlds.strategy.SelfFirstStrategy.loadClass(Ljava/lang/String;)Ljava/lang/Class; (50 bytes) @ 0x0000024444e8702c [0x0000024444e868c0+0x000000000000076c]
J 646 c1 org.codehaus.plexus.classworlds.realm.ClassRealm.loadClass(Ljava/lang/String;Z)Ljava/lang/Class; (33 bytes) @ 0x0000024444dff5e4 [0x0000024444dff460+0x0000000000000184]
J 645 c1 org.codehaus.plexus.classworlds.realm.ClassRealm.loadClass(Ljava/lang/String;)Ljava/lang/Class; (7 bytes) @ 0x0000024444dff0c4 [0x0000024444dfefc0+0x0000000000000104]
j  org.eclipse.sisu.space.URLClassSpace.loadClass(Ljava/lang/String;)Ljava/lang/Class;+5
j  org.eclipse.sisu.space.QualifiedTypeVisitor.leaveClass()V+26
j  org.eclipse.sisu.plexus.PlexusTypeVisitor.leaveClass()V+79
j  org.eclipse.sisu.space.SpaceScanner$1.visitEnd()V+4
j  org.eclipse.sisu.space.asm.ClassReader.accept(Lorg/eclipse/sisu/space/asm/ClassVisitor;[Lorg/eclipse/sisu/space/asm/Attribute;I)V+1397
j  org.eclipse.sisu.space.asm.ClassReader.accept(Lorg/eclipse/sisu/space/asm/ClassVisitor;I)V+7
j  org.eclipse.sisu.space.SpaceScanner.accept(Lorg/eclipse/sisu/space/ClassVisitor;Ljava/net/URL;Z)V+25
j  org.eclipse.sisu.space.SpaceScanner.accept(Lorg/eclipse/sisu/space/SpaceVisitor;)V+65
j  org.eclipse.sisu.space.SpaceModule.scanForElements(Lcom/google/inject/Binder;)V+29
j  org.eclipse.sisu.space.SpaceModule.configure(Lcom/google/inject/Binder;)V+42
j  org.eclipse.sisu.plexus.PlexusAnnotatedBeanModule.configure(Lcom/google/inject/Binder;)Lorg/eclipse/sisu/plexus/PlexusBeanSource;+13
j  org.eclipse.sisu.plexus.PlexusBindingModule.configure(Lcom/google/inject/Binder;)V+41
j  com.google.inject.spi.Elements$RecordingBinder.install(Lcom/google/inject/Module;)V+209
j  com.google.inject.spi.Elements.getElements(Lcom/google/inject/Stage;Ljava/lang/Iterable;)Ljava/util/List;+40
j  com.google.inject.spi.Elements.getElements(Ljava/lang/Iterable;)Ljava/util/List;+4
j  org.eclipse.sisu.wire.WireModule.configure(Lcom/google/inject/Binder;)V+13
j  com.google.inject.spi.Elements$RecordingBinder.install(Lcom/google/inject/Module;)V+209
j  com.google.inject.spi.Elements.getElements(Lcom/google/inject/Stage;Ljava/lang/Iterable;)Ljava/util/List;+40
j  com.google.inject.internal.InjectorShell$Builder.build(Lcom/google/inject/internal/Initializer;Lcom/google/inject/internal/ProcessedBindingData;Lcom/google/inject/internal/util/ContinuousStopwatch;Lcom/google/inject/internal/Errors;)Ljava/util/List;+163
j  com.google.inject.internal.InternalInjectorCreator.build()Lcom/google/inject/Injector;+48
j  com.google.inject.Guice.createInjector(Lcom/google/inject/Stage;Ljava/lang/Iterable;)Lcom/google/inject/Injector;+15
j  com.google.inject.Guice.createInjector(Ljava/lang/Iterable;)Lcom/google/inject/Injector;+4
j  com.google.inject.Guice.createInjector([Lcom/google/inject/Module;)Lcom/google/inject/Injector;+4
j  org.codehaus.plexus.DefaultPlexusContainer.addPlexusInjector(Ljava/util/List;[Lcom/google/inject/Module;)Lcom/google/inject/Injector;+88
j  org.codehaus.plexus.DefaultPlexusContainer.<init>(Lorg/codehaus/plexus/ContainerConfiguration;[Lcom/google/inject/Module;)V+406
j  org.apache.maven.cli.MavenCli.container(Lorg/apache/maven/cli/CliRequest;)Lorg/codehaus/plexus/PlexusContainer;+279
j  org.apache.maven.cli.MavenCli.doMain(Lorg/apache/maven/cli/CliRequest;)I+34
j  org.apache.maven.cli.MavenCli.main([Ljava/lang/String;Lorg/codehaus/plexus/classworlds/ClassWorld;)I+24
j  java.lang.invoke.DirectMethodHandle$Holder.invokeStatic(Ljava/lang/Object;Ljava/lang/Object;Ljava/lang/Object;)I+11 java.base@21.0.6
j  java.lang.invoke.LambdaForm$MH+0x000002445d00b000.invoke(Ljava/lang/Object;Ljava/lang/Object;Ljava/lang/Object;Ljava/lang/Object;)Ljava/lang/Object;+54 java.base@21.0.6
j  java.lang.invoke.LambdaForm$MH+0x000002445d002800.invokeExact_MT(Ljava/lang/Object;Ljava/lang/Object;Ljava/lang/Object;Ljava/lang/Object;Ljava/lang/Object;)Ljava/lang/Object;+22 java.base@21.0.6
j  jdk.internal.reflect.DirectMethodHandleAccessor.invokeImpl(Ljava/lang/Object;[Ljava/lang/Object;)Ljava/lang/Object;+72 java.base@21.0.6
j  jdk.internal.reflect.DirectMethodHandleAccessor.invoke(Ljava/lang/Object;[Ljava/lang/Object;)Ljava/lang/Object;+23 java.base@21.0.6
j  java.lang.reflect.Method.invoke(Ljava/lang/Object;[Ljava/lang/Object;)Ljava/lang/Object;+102 java.base@21.0.6
j  org.codehaus.plexus.classworlds.launcher.Launcher.launchEnhanced([Ljava/lang/String;)V+45
j  org.codehaus.plexus.classworlds.launcher.Launcher.launch([Ljava/lang/String;)V+2
j  org.codehaus.plexus.classworlds.launcher.Launcher.mainWithExitCode([Ljava/lang/String;)I+108
j  org.codehaus.plexus.classworlds.launcher.Launcher.main([Ljava/lang/String;)V+1
j  org.codehaus.classworlds.Launcher.main([Ljava/lang/String;)V+1
v  ~StubRoutines::call_stub 0x000002444c2310e7

Compiled method (n/a)  102482  591     n 0       java.lang.ClassLoader::defineClass1 (native)
 total in heap  [0x000002444c802610,0x000002444c802d70] = 1888
 relocation     [0x000002444c802770,0x000002444c8027b0] = 64
 main code      [0x000002444c8027c0,0x000002444c802d6f] = 1455
 stub code      [0x000002444c802d6f,0x000002444c802d70] = 1

[Constant Pool (empty)]

[MachCode]
[Entry Point]
  # {method} {0x000002445c43ac80} 'defineClass1' '(Ljava/lang/ClassLoader;Ljava/lang/String;[BIILjava/security/ProtectionDomain;Ljava/lang/String;)Ljava/lang/Class;' in 'java/lang/ClassLoader'
  # parm0:    rdx:rdx   = 'java/lang/ClassLoader'
  # parm1:    r8:r8     = 'java/lang/String'
  # parm2:    r9:r9     = '[B'
  # parm3:    rdi       = int
  # parm4:    rsi       = int
  # parm5:    rcx:rcx   = 'java/security/ProtectionDomain'
  # parm6:    [sp+0xa0]   = 'java/lang/String'  (sp of caller)
  0x000002444c8027c0: 448b 5208 | 49bb 0000 | 005c 4402 | 0000 4d03 | d349 3bc2 | 0f84 0600 

  0x000002444c8027d8: ;   {runtime_call ic_miss_stub}
  0x000002444c8027d8: 0000 e9a1 | c1a7 ff90 
[Verified Entry Point]
  0x000002444c8027e0: 8984 2400 | 80ff ff55 | 488b ec48 | 81ec 9000 | 0000 6690 | 4181 7f20 | 0100 0000 

  0x000002444c8027fc: ;   {runtime_call StubRoutines (final stubs)}
  0x000002444c8027fc: 7405 e87d | 35a6 ff48 | 837d 1000 | 488d 4510 | 480f 4445 | 1048 8944 | 2440 4889 | 4c24 7048 
  0x000002444c80281c: 83f9 0048 | 8d44 2470 | 480f 4444 | 2470 4889 | 4424 3848 | 8974 2430 | 4889 7c24 | 284c 894c 
  0x000002444c80283c: 2458 4983 | f900 488d | 4424 5848 | 0f44 4424 | 5848 8944 | 2420 4c89 | 4424 5049 | 83f8 004c 
  0x000002444c80285c: 8d4c 2450 | 4c0f 444c | 2450 4889 | 5424 4848 | 83fa 004c | 8d44 2448 | 4c0f 4444 

  0x000002444c802878: ;   {oop(a 'java/lang/Class'{0x0000000712555a68} = 'java/lang/ClassLoader')}
  0x000002444c802878: 2448 49be | 685a 5512 | 0700 0000 | 4c89 7424 | 784c 8d74 | 2478 498b | d6c5 f877 

  0x000002444c802894: ;   {internal_word}
  0x000002444c802894: 49ba 9128 | 804c 4402 | 0000 4d89 | 97a0 0300 | 0049 89a7 | 9803 0000 

  0x000002444c8028ac: ;   {external_word}
  0x000002444c8028ac: 49ba e057 | b559 fb7f | 0000 4180 | 3a00 0f84 | 4e00 0000 | 5241 5041 

  0x000002444c8028c4: ;   {metadata({method} {0x000002445c43ac80} 'defineClass1' '(Ljava/lang/ClassLoader;Ljava/lang/String;[BIILjava/security/ProtectionDomain;Ljava/lang/String;)Ljava/lang/Class;' in 'java/lang/ClassLoader')}
  0x000002444c8028c4: 5148 ba78 | ac43 5c44 | 0200 0049 | 8bcf 4883 | ec20 40f6 | c40f 0f84 | 1900 0000 | 4883 ec08 
  0x000002444c8028e4: ;   {runtime_call}
  0x000002444c8028e4: 48b8 8005 | 6659 fb7f | 0000 ffd0 | 4883 c408 | e90c 0000 

  0x000002444c8028f8: ;   {runtime_call}
  0x000002444c8028f8: 0048 b880 | 0566 59fb | 7f00 00ff | d048 83c4 | 2041 5941 | 585a 498d | 8fb8 0300 | 0041 c787 
  0x000002444c802918: 4404 0000 | 0400 0000 

  0x000002444c802920: ;   {runtime_call}
  0x000002444c802920: 48b8 ac16 | 5a81 fb7f | 0000 ffd0 | c5f8 7741 | c787 4404 | 0000 0500 | 0000 f083 | 4424 c000 
  0x000002444c802940: 493b af48 | 0400 000f | 870e 0000 | 0041 83bf | 4004 0000 | 000f 842b | 0000 00c5 | f877 4889 
  0x000002444c802960: 45f8 498b | cf4c 8be4 | 4883 ec20 | 4883 e4f0 

  0x000002444c802970: ;   {runtime_call}
  0x000002444c802970: 48b8 f0b2 | 3159 fb7f | 0000 ffd0 | 498b e44d | 33e4 488b | 45f8 41c7 | 8744 0400 | 0008 0000 
  0x000002444c802990: 0041 83bf | c004 0000 | 020f 84a3 

  0x000002444c80299c: ;   {external_word}
  0x000002444c80299c: 0300 0049 | bae0 57b5 | 59fb 7f00 | 0041 803a | 000f 844c | 0000 0048 

  0x000002444c8029b4: ;   {metadata({method} {0x000002445c43ac80} 'defineClass1' '(Ljava/lang/ClassLoader;Ljava/lang/String;[BIILjava/security/ProtectionDomain;Ljava/lang/String;)Ljava/lang/Class;' in 'java/lang/ClassLoader')}
  0x000002444c8029b4: 8945 f848 | ba78 ac43 | 5c44 0200 | 0049 8bcf | 4883 ec20 | 40f6 c40f | 0f84 1900 | 0000 4883 
  0x000002444c8029d4: ;   {runtime_call}
  0x000002444c8029d4: ec08 48b8 | 8005 6659 | fb7f 0000 | ffd0 4883 | c408 e90c 

  0x000002444c8029e8: ;   {runtime_call}
  0x000002444c8029e8: 0000 0048 | b880 0566 | 59fb 7f00 | 00ff d048 | 83c4 2048 | 8b45 f849 | c787 9803 | 0000 0000 
  0x000002444c802a08: 0000 49c7 | 87a0 0300 | 0000 0000 | 00c5 f877 | 4885 c00f | 84fe 0200 | 00a8 030f | 8508 0000 
  0x000002444c802a28: 0048 8b00 | e9ee 0200 | 00a8 010f | 8509 0000 | 0048 8b40 | fee9 dd02 | 0000 488b | 40ff 4180 
  0x000002444c802a48: 7f40 000f | 84ce 0200 | 0048 83f8 | 000f 84c4 | 0200 0049 | 8b4f 2848 | 83f9 000f | 8414 0000 
  0x000002444c802a68: 0048 83e9 | 0849 894f | 2849 034f | 3848 8901 | e9a2 0200 | 0048 81ec | 5001 0000 | 4889 0424 
  0x000002444c802a88: 4889 4c24 | 0848 8954 | 2410 4889 | 7424 1848 | 897c 2420 | 4c89 4424 | 284c 894c | 2430 4c89 
  0x000002444c802aa8: 5424 384c | 895c 2440 | c5fb 1144 | 2450 c5fb | 114c 2458 | c5fb 1154 | 2460 c5fb | 115c 2468 
  0x000002444c802ac8: c5fb 1164 | 2470 c5fb | 116c 2478 | c5fb 11b4 | 2480 0000 | 00c5 fb11 | bc24 8800 | 0000 c57b 
  0x000002444c802ae8: ;   {no_reloc}
  0x000002444c802ae8: 1184 2490 | 0000 00c5 | 7b11 8c24 | 9800 0000 | c57b 1194 | 24a0 0000 | 00c5 7b11 | 9c24 a800 
  0x000002444c802b08: 0000 c57b | 11a4 24b0 | 0000 00c5 | 7b11 ac24 | b800 0000 | c57b 11b4 | 24c0 0000 | 00c5 7b11 
  0x000002444c802b28: bc24 c800 | 0000 62e1 | ff08 1144 | 241a 62e1 | ff08 114c | 241b 62e1 | ff08 1154 | 241c 62e1 
  0x000002444c802b48: ff08 115c | 241d 62e1 | ff08 1164 | 241e 62e1 | ff08 116c | 241f 62e1 | ff08 1174 | 2420 62e1 
  0x000002444c802b68: ff08 117c | 2421 6261 | ff08 1144 | 2422 6261 | ff08 114c | 2423 6261 | ff08 1154 | 2424 6261 
  0x000002444c802b88: ff08 115c | 2425 6261 | ff08 1164 | 2426 6261 | ff08 116c | 2427 6261 | ff08 1174 | 2428 6261 
  0x000002444c802ba8: ff08 117c | 2429 498b | d748 8bc8 | 4883 ec20 | 40f6 c40f | 0f84 1900 | 0000 4883 

  0x000002444c802bc4: ;   {runtime_call}
  0x000002444c802bc4: ec08 48b8 | 90f1 2459 | fb7f 0000 | ffd0 4883 | c408 e90c 

  0x000002444c802bd8: ;   {runtime_call}
  0x000002444c802bd8: 0000 0048 | b890 f124 | 59fb 7f00 | 00ff d048 | 83c4 2062 | 61ff 0810 | 7c24 2962 | 61ff 0810 
  0x000002444c802bf8: 7424 2862 | 61ff 0810 | 6c24 2762 | 61ff 0810 | 6424 2662 | 61ff 0810 | 5c24 2562 | 61ff 0810 
  0x000002444c802c18: 5424 2462 | 61ff 0810 | 4c24 2362 | 61ff 0810 | 4424 2262 | e1ff 0810 | 7c24 2162 | e1ff 0810 
  0x000002444c802c38: 7424 2062 | e1ff 0810 | 6c24 1f62 | e1ff 0810 | 6424 1e62 | e1ff 0810 | 5c24 1d62 | e1ff 0810 
  0x000002444c802c58: 5424 1c62 | e1ff 0810 | 4c24 1b62 | e1ff 0810 | 4424 1ac5 | 7b10 bc24 | c800 0000 | c57b 10b4 
  0x000002444c802c78: 24c0 0000 | 00c5 7b10 | ac24 b800 | 0000 c57b | 10a4 24b0 | 0000 00c5 | 7b10 9c24 | a800 0000 
  0x000002444c802c98: c57b 1094 | 24a0 0000 | 00c5 7b10 | 8c24 9800 | 0000 c57b | 1084 2490 | 0000 00c5 | fb10 bc24 
  0x000002444c802cb8: 8800 0000 | c5fb 10b4 | 2480 0000 | 00c5 fb10 | 6c24 78c5 | fb10 6424 | 70c5 fb10 | 5c24 68c5 
  0x000002444c802cd8: ;   {no_reloc}
  0x000002444c802cd8: fb10 5424 | 60c5 fb10 | 4c24 58c5 | fb10 4424 | 504c 8b5c | 2440 4c8b | 5424 384c | 8b4c 2430 
  0x000002444c802cf8: 4c8b 4424 | 2848 8b7c | 2420 488b | 7424 1848 | 8b54 2410 | 488b 4c24 | 0848 8b04 | 2448 81c4 
  0x000002444c802d18: 5001 0000 | c5f8 7749 | 8b8f 2804 | 0000 c781 | 0001 0000 | 0000 0000 | c949 837f | 0800 0f85 
  0x000002444c802d38: 0100 0000 

  0x000002444c802d3c: ;   {runtime_call StubRoutines (initial stubs)}
  0x000002444c802d3c: c3e9 bee1 | a2ff c5f8 | 7748 8945 | f84c 8be4 | 4883 ec20 | 4883 e4f0 

  0x000002444c802d54: ;   {runtime_call}
  0x000002444c802d54: 48b8 703d | 6659 fb7f | 0000 ffd0 | 498b e44d | 33e4 488b | 45f8 e930 | fcff fff4 
[/MachCode]


Compiled method (c1)  102493 1008       3       java.lang.ClassLoader::defineClass (43 bytes)
 total in heap  [0x0000024444edc810,0x0000024444edd178] = 2408
 relocation     [0x0000024444edc970,0x0000024444edca10] = 160
 main code      [0x0000024444edca20,0x0000024444edced0] = 1200
 stub code      [0x0000024444edced0,0x0000024444edcf48] = 120
 metadata       [0x0000024444edcf48,0x0000024444edcf78] = 48
 scopes data    [0x0000024444edcf78,0x0000024444edd068] = 240
 scopes pcs     [0x0000024444edd068,0x0000024444edd148] = 224
 dependencies   [0x0000024444edd148,0x0000024444edd150] = 8
 nul chk table  [0x0000024444edd150,0x0000024444edd178] = 40

[Constant Pool (empty)]

[MachCode]
[Entry Point]
  # {method} {0x000002445c43b000} 'defineClass' '(Ljava/lang/String;[BIILjava/security/ProtectionDomain;)Ljava/lang/Class;' in 'java/lang/ClassLoader'
  # this:     rdx:rdx   = 'java/lang/ClassLoader'
  # parm0:    r8:r8     = 'java/lang/String'
  # parm1:    r9:r9     = '[B'
  # parm2:    rdi       = int
  # parm3:    rsi       = int
  # parm4:    rcx:rcx   = 'java/security/ProtectionDomain'
  #           [sp+0xc0]  (sp of caller)
  0x0000024444edca20: 448b 5208 | 49bb 0000 | 005c 4402 | 0000 4d03 | d34c 3bd0 

  0x0000024444edca34: ;   {runtime_call ic_miss_stub}
  0x0000024444edca34: 0f85 461f | 3a07 660f | 1f44 0000 
[Verified Entry Point]
  0x0000024444edca40: 8984 2400 | 80ff ff55 | 4881 ecb0 | 0000 0090 | 4181 7f20 | 0100 0000 

  0x0000024444edca58: ;   {runtime_call StubRoutines (final stubs)}
  0x0000024444edca58: 7405 e821 | 9338 0748 | 8954 2478 

  0x0000024444edca64: ;   {metadata(method data for {method} {0x000002445c43b000} 'defineClass' '(Ljava/lang/String;[BIILjava/security/ProtectionDomain;)Ljava/lang/Class;' in 'java/lang/ClassLoader')}
  0x0000024444edca64: 48bb e87f | 219e 4402 | 0000 8b83 | cc00 0000 | 83c0 0289 | 83cc 0000 | 0025 fe07 | 0000 85c0 
  0x0000024444edca84: 0f84 6803 | 0000 89b4 | 2494 0000 | 0089 bc24 | 9000 0000 | 4c89 8c24 | 8800 0000 

  0x0000024444edcaa0: ;   {metadata(method data for {method} {0x000002445c43b000} 'defineClass' '(Ljava/lang/String;[BIILjava/security/ProtectionDomain;)Ljava/lang/Class;' in 'java/lang/ClassLoader')}
  0x0000024444edcaa0: 488b da48 | b8e8 7f21 | 9e44 0200 | 0048 8380 | 1001 0000 | 0149 8bd8 | 4c8b c34c | 8bc9 488b 
  0x0000024444edcac0: ca48 8bd1 | 4889 9c24 | 8000 0000 

  0x0000024444edcacc: ;   {optimized virtual_call}
  0x0000024444edcacc: 6666 90e8 

  0x0000024444edcad0: ; ImmutableOopMap {[120]=Oop [128]=Oop [136]=Oop }
                      ;*invokevirtual preDefineClass {reexecute=0 rethrow=0 return_oop=0}
                      ; - java.lang.ClassLoader::defineClass@4 (line 1025)
  0x0000024444edcad0: 4c6d fdff 

  0x0000024444edcad4: ;   {other}
  0x0000024444edcad4: 0f1f 8400 | c402 0000 | 4889 8424 | 9800 0000 | 488b 5424 

  0x0000024444edcae8: ;   {metadata(method data for {method} {0x000002445c43b000} 'defineClass' '(Ljava/lang/String;[BIILjava/security/ProtectionDomain;)Ljava/lang/Class;' in 'java/lang/ClassLoader')}
  0x0000024444edcae8: 7849 b8e8 | 7f21 9e44 | 0200 0049 | 8380 4801 

  0x0000024444edcaf8: ;   {metadata(method data for {method} {0x000002445c43ace8} 'defineClassSourceLocation' '(Ljava/security/ProtectionDomain;)Ljava/lang/String;' in 'java/lang/ClassLoader')}
  0x0000024444edcaf8: 0000 0149 | b888 7321 | 9e44 0200 | 0041 8b90 | cc00 0000 | 83c2 0241 | 8990 cc00 | 0000 81e2 
  0x0000024444edcb18: feff 1f00 | 85d2 0f84 | ef02 0000 

  0x0000024444edcb24: ; implicit exception: dispatches to 0x0000024444edce34
  0x0000024444edcb24: 483b 004c 

  0x0000024444edcb28: ;   {metadata(method data for {method} {0x000002445c43ace8} 'defineClassSourceLocation' '(Ljava/security/ProtectionDomain;)Ljava/lang/String;' in 'java/lang/ClassLoader')}
  0x0000024444edcb28: 8bc0 48ba | 8873 219e | 4402 0000 | 4883 8210 | 0100 0001 | 448b 4010 | 49c1 e003 

  0x0000024444edcb44: ;   {metadata(method data for {method} {0x000002445c43ace8} 'defineClassSourceLocation' '(Ljava/security/ProtectionDomain;)Ljava/lang/String;' in 'java/lang/ClassLoader')}
  0x0000024444edcb44: 4d85 c048 | ba88 7321 | 9e44 0200 | 0048 be58 | 0100 0000 | 0000 0075 | 0a48 be48 | 0100 0000 
  0x0000024444edcb64: 0000 0048 | 8b3c 3248 | 8d7f 0148 | 893c 320f | 850f 0000 

  0x0000024444edcb78: ;   {oop(nullptr)}
  0x0000024444edcb78: 0048 bb00 | 0000 0000 | 0000 00e9 | af01 0000 

  0x0000024444edcb88: ; implicit exception: dispatches to 0x0000024444edce39
  0x0000024444edcb88: 493b 0049 

  0x0000024444edcb8c: ;   {metadata(method data for {method} {0x000002445c43ace8} 'defineClassSourceLocation' '(Ljava/security/ProtectionDomain;)Ljava/lang/String;' in 'java/lang/ClassLoader')}
  0x0000024444edcb8c: 8bd0 48be | 8873 219e | 4402 0000 | 4883 8668 | 0100 0001 | 418b 500c | 48c1 e203 

  0x0000024444edcba8: ;   {metadata(method data for {method} {0x000002445c43ace8} 'defineClassSourceLocation' '(Ljava/security/ProtectionDomain;)Ljava/lang/String;' in 'java/lang/ClassLoader')}
  0x0000024444edcba8: 4885 d248 | be88 7321 | 9e44 0200 | 0048 bfb0 | 0100 0000 | 0000 0075 | 0a48 bfa0 | 0100 0000 
  0x0000024444edcbc8: 0000 0048 | 8b1c 3e48 | 8d5b 0148 | 891c 3e0f | 850f 0000 

  0x0000024444edcbdc: ;   {oop(nullptr)}
  0x0000024444edcbdc: 0048 bb00 | 0000 0000 | 0000 00e9 | 4b01 0000 

  0x0000024444edcbec: ;   {metadata(method data for {method} {0x000002445c43ace8} 'defineClassSourceLocation' '(Ljava/security/ProtectionDomain;)Ljava/lang/String;' in 'java/lang/ClassLoader')}
  0x0000024444edcbec: 48be 8873 | 219e 4402 | 0000 4883 | 86c0 0100 | 0001 483b | 024c 8bc2 

  0x0000024444edcc04: ;   {metadata(method data for {method} {0x000002445c43ace8} 'defineClassSourceLocation' '(Ljava/security/ProtectionDomain;)Ljava/lang/String;' in 'java/lang/ClassLoader')}
  0x0000024444edcc04: 48be 8873 | 219e 4402 | 0000 4883 | 86f8 0100 

  0x0000024444edcc14: ;   {metadata(method data for {method} {0x000002445c01a7c0} 'toString' '()Ljava/lang/String;' in 'java/net/URL')}
  0x0000024444edcc14: 0001 49b8 | 78b0 1c9e | 4402 0000 | 418b b0cc | 0000 0083 | c602 4189 | b0cc 0000 | 0081 e6fe 
  0x0000024444edcc34: ff1f 0085 | f60f 8404 | 0200 004c 

  0x0000024444edcc40: ;   {metadata(method data for {method} {0x000002445c01a7c0} 'toString' '()Ljava/lang/String;' in 'java/net/URL')}
  0x0000024444edcc40: 8bc2 48be | 78b0 1c9e | 4402 0000 | 4883 8610 | 0100 0001 

  0x0000024444edcc54: ;   {metadata(method data for {method} {0x000002445c42e900} 'toExternalForm' '()Ljava/lang/String;' in 'java/net/URL')}
  0x0000024444edcc54: 49b8 f890 | 189e 4402 | 0000 418b | b0cc 0000 | 0083 c602 | 4189 b0cc | 0000 0081 | e6fe ff1f 
  0x0000024444edcc74: 0085 f60f | 84e7 0100 | 008b 7238 | 48c1 e603 

  0x0000024444edcc84: ; implicit exception: dispatches to 0x0000024444edce85
  0x0000024444edcc84: 483b 064c 

  0x0000024444edcc88: ;   {metadata(method data for {method} {0x000002445c42e900} 'toExternalForm' '()Ljava/lang/String;' in 'java/net/URL')}
  0x0000024444edcc88: 8bc6 48bf | f890 189e | 4402 0000 | 458b 4008 | 49ba 0000 | 005c 4402 | 0000 4d03 | c24c 3b87 
  0x0000024444edcca8: 2001 0000 | 750d 4883 | 8728 0100 | 0001 e960 | 0000 004c | 3b87 3001 | 0000 750d | 4883 8738 
  0x0000024444edccc8: 0100 0001 | e94a 0000 | 0048 83bf | 2001 0000 | 0075 174c | 8987 2001 | 0000 48c7 | 8728 0100 
  0x0000024444edcce8: 0001 0000 | 00e9 2900 | 0000 4883 | bf30 0100 | 0000 7517 | 4c89 8730 | 0100 0048 | c787 3801 
  0x0000024444edcd08: 0000 0100 | 0000 e908 | 0000 0048 | 8387 1001 | 0000 014c | 8bc2 488b | d666 0f1f 

  0x0000024444edcd24: ;   {optimized virtual_call}
  0x0000024444edcd24: 4400 00e8 

  0x0000024444edcd28: ; ImmutableOopMap {[120]=Oop [128]=Oop [136]=Oop [152]=Oop }
                      ;*invokevirtual toExternalForm {reexecute=0 rethrow=0 return_oop=0}
                      ; - java.net.URL::toExternalForm@5 (line 1203)
                      ; - java.net.URL::toString@1 (line 1189)
                      ; - java.lang.ClassLoader::defineClassSourceLocation@22 (line 927)
                      ; - java.lang.ClassLoader::defineClass@12 (line 1026)
  0x0000024444edcd28: 743a f2ff 

  0x0000024444edcd2c: ;   {other}
  0x0000024444edcd2c: 0f1f 8400 | 1c05 0001 | 488b d848 | 8b84 2498 | 0000 008b | b424 9400 | 0000 8bbc | 2490 0000 
  0x0000024444edcd4c: 004c 8b8c | 2488 0000 | 004c 8b84 | 2480 0000 | 0048 8b54 

  0x0000024444edcd60: ;   {metadata(method data for {method} {0x000002445c43b000} 'defineClass' '(Ljava/lang/String;[BIILjava/security/ProtectionDomain;)Ljava/lang/Class;' in 'java/lang/ClassLoader')}
  0x0000024444edcd60: 2478 48b9 | e87f 219e | 4402 0000 | 4883 8180 | 0100 0001 | 4c8b da49 | 8bd3 488b | c848 891c 
  0x0000024444edcd80: 2466 0f1f 

  0x0000024444edcd84: ;   {static_call}
  0x0000024444edcd84: 4400 00e8 

  0x0000024444edcd88: ; ImmutableOopMap {[120]=Oop [152]=Oop }
                      ;*invokestatic defineClass1 {reexecute=0 rethrow=0 return_oop=0}
                      ; - java.lang.ClassLoader::defineClass@27 (line 1027)
  0x0000024444edcd88: 545a 9207 

  0x0000024444edcd8c: ;   {other}
  0x0000024444edcd8c: 0f1f 8400 | 7c05 0002 | 488b 5424 

  0x0000024444edcd98: ;   {metadata(method data for {method} {0x000002445c43b000} 'defineClass' '(Ljava/lang/String;[BIILjava/security/ProtectionDomain;)Ljava/lang/Class;' in 'java/lang/ClassLoader')}
  0x0000024444edcd98: 7849 b8e8 | 7f21 9e44 | 0200 0049 | 8380 9001 | 0000 014c | 8bc0 4c8b | 8c24 9800 | 0000 488b 
  0x0000024444edcdb8: 5424 7848 | 8984 24a0 | 0000 000f 

  0x0000024444edcdc4: ;   {optimized virtual_call}
  0x0000024444edcdc4: 1f40 00e8 

  0x0000024444edcdc8: ; ImmutableOopMap {[160]=Oop }
                      ;*invokevirtual postDefineClass {reexecute=0 rethrow=0 return_oop=0}
                      ; - java.lang.ClassLoader::defineClass@37 (line 1028)
  0x0000024444edcdc8: 54ed f9ff 

  0x0000024444edcdcc: ;   {other}
  0x0000024444edcdcc: 0f1f 8400 | bc05 0003 | 488b 8424 | a000 0000 | 4881 c4b0 | 0000 005d 

  0x0000024444edcde4: ;   {poll_return}
  0x0000024444edcde4: 493b a748 | 0400 000f | 8799 0000 

  0x0000024444edcdf0: ;   {metadata({method} {0x000002445c43b000} 'defineClass' '(Ljava/lang/String;[BIILjava/security/ProtectionDomain;)Ljava/lang/Class;' in 'java/lang/ClassLoader')}
  0x0000024444edcdf0: 00c3 49ba | f8af 435c | 4402 0000 | 4c89 5424 | 0848 c704 | 24ff ffff 

  0x0000024444edce08: ;   {runtime_call counter_overflow Runtime1 stub}
  0x0000024444edce08: ffe8 f2ca 

  0x0000024444edce0c: ; ImmutableOopMap {rdx=Oop r8=Oop r9=Oop rcx=Oop [120]=Oop }
                      ;*synchronization entry
                      ; - java.lang.ClassLoader::defineClass@-1 (line 1025)
  0x0000024444edce0c: 4907 e977 

  0x0000024444edce10: ;   {metadata({method} {0x000002445c43ace8} 'defineClassSourceLocation' '(Ljava/security/ProtectionDomain;)Ljava/lang/String;' in 'java/lang/ClassLoader')}
  0x0000024444edce10: fcff ff49 | bae0 ac43 | 5c44 0200 | 004c 8954 | 2408 48c7 | 0424 ffff 

  0x0000024444edce28: ;   {runtime_call counter_overflow Runtime1 stub}
  0x0000024444edce28: ffff e8d1 

  0x0000024444edce2c: ; ImmutableOopMap {rax=Oop [120]=Oop [128]=Oop [136]=Oop [152]=Oop }
                      ;*synchronization entry
                      ; - java.lang.ClassLoader::defineClassSourceLocation@-1 (line 924)
                      ; - java.lang.ClassLoader::defineClass@12 (line 1026)
  0x0000024444edce2c: ca49 07e9 | f0fc ffff 

  0x0000024444edce34: ;   {runtime_call throw_null_pointer_exception Runtime1 stub}
  0x0000024444edce34: e867 6849 

  0x0000024444edce38: ; ImmutableOopMap {rax=Oop [120]=Oop [128]=Oop [136]=Oop [152]=Oop }
                      ;*invokevirtual getCodeSource {reexecute=0 rethrow=0 return_oop=0}
                      ; - java.lang.ClassLoader::defineClassSourceLocation@1 (line 924)
                      ; - java.lang.ClassLoader::defineClass@12 (line 1026)
                      ;   {runtime_call throw_null_pointer_exception Runtime1 stub}
  0x0000024444edce38: 07e8 6268 

  0x0000024444edce3c: ; ImmutableOopMap {rax=Oop r8=Oop [120]=Oop [128]=Oop [136]=Oop [152]=Oop }
                      ;*invokevirtual getLocation {reexecute=0 rethrow=0 return_oop=0}
                      ; - java.lang.ClassLoader::defineClassSourceLocation@12 (line 926)
                      ; - java.lang.ClassLoader::defineClass@12 (line 1026)
                      ;   {runtime_call throw_null_pointer_exception Runtime1 stub}
  0x0000024444edce3c: 4907 e85d 

  0x0000024444edce40: ; ImmutableOopMap {rdx=Oop [120]=Oop [128]=Oop [136]=Oop [152]=Oop }
                      ;*invokevirtual toString {reexecute=0 rethrow=0 return_oop=0}
                      ; - java.lang.ClassLoader::defineClassSourceLocation@22 (line 927)
                      ; - java.lang.ClassLoader::defineClass@12 (line 1026)
                      ;   {metadata({method} {0x000002445c01a7c0} 'toString' '()Ljava/lang/String;' in 'java/net/URL')}
  0x0000024444edce40: 6849 0749 | bab8 a701 | 5c44 0200 | 004c 8954 | 2408 48c7 | 0424 ffff 

  0x0000024444edce58: ;   {runtime_call counter_overflow Runtime1 stub}
  0x0000024444edce58: ffff e8a1 

  0x0000024444edce5c: ; ImmutableOopMap {rdx=Oop [120]=Oop [128]=Oop [136]=Oop [152]=Oop }
                      ;*synchronization entry
                      ; - java.net.URL::toString@-1 (line 1189)
                      ; - java.lang.ClassLoader::defineClassSourceLocation@22 (line 927)
                      ; - java.lang.ClassLoader::defineClass@12 (line 1026)
  0x0000024444edce5c: ca49 07e9 | dbfd ffff 

  0x0000024444edce64: ;   {metadata({method} {0x000002445c42e900} 'toExternalForm' '()Ljava/lang/String;' in 'java/net/URL')}
  0x0000024444edce64: 49ba f8e8 | 425c 4402 | 0000 4c89 | 5424 0848 | c704 24ff 

  0x0000024444edce78: ;   {runtime_call counter_overflow Runtime1 stub}
  0x0000024444edce78: ffff ffe8 

  0x0000024444edce7c: ; ImmutableOopMap {rdx=Oop [120]=Oop [128]=Oop [136]=Oop [152]=Oop }
                      ;*synchronization entry
                      ; - java.net.URL::toExternalForm@-1 (line 1203)
                      ; - java.net.URL::toString@1 (line 1189)
                      ; - java.lang.ClassLoader::defineClassSourceLocation@22 (line 927)
                      ; - java.lang.ClassLoader::defineClass@12 (line 1026)
  0x0000024444edce7c: 80ca 4907 | e9f8 fdff 

  0x0000024444edce84: ;   {runtime_call throw_null_pointer_exception Runtime1 stub}
  0x0000024444edce84: ffe8 1668 

  0x0000024444edce88: ; ImmutableOopMap {rdx=Oop rsi=Oop [120]=Oop [128]=Oop [136]=Oop [152]=Oop }
                      ;*invokevirtual toExternalForm {reexecute=0 rethrow=0 return_oop=0}
                      ; - java.net.URL::toExternalForm@5 (line 1203)
                      ; - java.net.URL::toString@1 (line 1189)
                      ; - java.lang.ClassLoader::defineClassSourceLocation@22 (line 927)
                      ; - java.lang.ClassLoader::defineClass@12 (line 1026)
                      ;   {internal_word}
  0x0000024444edce88: 4907 49ba | e4cd ed44 | 4402 0000 | 4d89 9760 

  0x0000024444edce98: ;   {runtime_call SafepointBlob}
  0x0000024444edce98: 0400 00e9 | e09c 3a07 | 498b 87f8 | 0400 0049 | c787 f804 | 0000 0000 | 0000 49c7 | 8700 0500 
  0x0000024444edceb8: 0000 0000 | 0048 81c4 | b000 0000 

  0x0000024444edcec4: ;   {runtime_call unwind_exception Runtime1 stub}
  0x0000024444edcec4: 5de9 b658 | 4907 f4f4 | f4f4 f4f4 
[Stub Code]
  0x0000024444edced0: ;   {no_reloc}
  0x0000024444edced0: 0f1f 4400 

  0x0000024444edced4: ;   {static_stub}
  0x0000024444edced4: 0048 bb00 | 0000 0000 

  0x0000024444edcedc: ;   {runtime_call}
  0x0000024444edcedc: 0000 00e9 | fbff ffff 

  0x0000024444edcee4: ;   {static_stub}
  0x0000024444edcee4: 48bb 0000 | 0000 0000 

  0x0000024444edceec: ;   {runtime_call}
  0x0000024444edceec: 0000 e9fb 

  0x0000024444edcef0: ;   {static_stub}
  0x0000024444edcef0: ffff ff48 | bb00 0000 | 0000 0000 

  0x0000024444edcefc: ;   {runtime_call}
  0x0000024444edcefc: 00e9 fbff 

  0x0000024444edcf00: ;   {static_stub}
  0x0000024444edcf00: ffff 48bb | 0000 0000 | 0000 0000 

  0x0000024444edcf0c: ;   {runtime_call}
  0x0000024444edcf0c: e9fb ffff 

  0x0000024444edcf10: ;   {runtime_call handle_exception_from_callee Runtime1 stub}
  0x0000024444edcf10: ffe8 6a8d 

  0x0000024444edcf14: ;   {external_word}
  0x0000024444edcf14: 4907 48b9 | a046 8d59 | fb7f 0000 | 4883 e4f0 

  0x0000024444edcf24: ;   {runtime_call}
  0x0000024444edcf24: 48b8 b028 | 5559 fb7f | 0000 ffd0 

  0x0000024444edcf30: ;   {section_word}
  0x0000024444edcf30: f449 ba31 | cfed 4444 | 0200 0041 

  0x0000024444edcf3c: ;   {runtime_call DeoptimizationBlob}
  0x0000024444edcf3c: 52e9 deb0 | 3a07 f4f4 | f4f4 f4f4 
[/MachCode]


Compiled method (c1)  102505 1015       3       java.security.SecureClassLoader::defineClass (16 bytes)
 total in heap  [0x0000024444edf910,0x0000024444edfd10] = 1024
 relocation     [0x0000024444edfa70,0x0000024444edfac0] = 80
 main code      [0x0000024444edfac0,0x0000024444edfc18] = 344
 stub code      [0x0000024444edfc18,0x0000024444edfc68] = 80
 metadata       [0x0000024444edfc68,0x0000024444edfc70] = 8
 scopes data    [0x0000024444edfc70,0x0000024444edfcb8] = 72
 scopes pcs     [0x0000024444edfcb8,0x0000024444edfd08] = 80
 dependencies   [0x0000024444edfd08,0x0000024444edfd10] = 8

[Constant Pool (empty)]

[MachCode]
[Entry Point]
  # {method} {0x000002445c04d398} 'defineClass' '(Ljava/lang/String;[BIILjava/security/CodeSource;)Ljava/lang/Class;' in 'java/security/SecureClassLoader'
  # this:     rdx:rdx   = 'java/security/SecureClassLoader'
  # parm0:    r8:r8     = 'java/lang/String'
  # parm1:    r9:r9     = '[B'
  # parm2:    rdi       = int
  # parm3:    rsi       = int
  # parm4:    rcx:rcx   = 'java/security/CodeSource'
  #           [sp+0x80]  (sp of caller)
  0x0000024444edfac0: 448b 5208 | 49bb 0000 | 005c 4402 | 0000 4d03 | d34c 3bd0 

  0x0000024444edfad4: ;   {runtime_call ic_miss_stub}
  0x0000024444edfad4: 0f85 a6ee | 3907 660f | 1f44 0000 
[Verified Entry Point]
  0x0000024444edfae0: 8984 2400 | 80ff ff55 | 4883 ec70 | 4181 7f20 | 0100 0000 

  0x0000024444edfaf4: ;   {runtime_call StubRoutines (final stubs)}
  0x0000024444edfaf4: 7405 e885 

  0x0000024444edfaf8: ;   {metadata(method data for {method} {0x000002445c04d398} 'defineClass' '(Ljava/lang/String;[BIILjava/security/CodeSource;)Ljava/lang/Class;' in 'java/security/SecureClassLoader')}
  0x0000024444edfaf8: 6238 0748 | bbd8 511e | 9e44 0200 | 008b 83cc | 0000 0083 | c002 8983 | cc00 0000 | 25fe 0700 
  0x0000024444edfb18: 0085 c00f | 8496 0000 | 0089 7424 | 5c89 7c24 | 584c 894c | 2450 4c89 | 4424 4848 

  0x0000024444edfb34: ;   {metadata(method data for {method} {0x000002445c04d398} 'defineClass' '(Ljava/lang/String;[BIILjava/security/CodeSource;)Ljava/lang/Class;' in 'java/security/SecureClassLoader')}
  0x0000024444edfb34: 8bda 48b8 | d851 1e9e | 4402 0000 | 4883 8010 | 0100 0001 | 4c8b c148 | 8bc2 488b | d048 8944 
  0x0000024444edfb54: ;   {optimized virtual_call}
  0x0000024444edfb54: 2440 90e8 

  0x0000024444edfb58: ; ImmutableOopMap {[64]=Oop [72]=Oop [80]=Oop }
                      ;*invokevirtual getProtectionDomain {reexecute=0 rethrow=0 return_oop=0}
                      ; - java.security.SecureClassLoader::defineClass@9 (line 150)
  0x0000024444edfb58: c422 fdff 

  0x0000024444edfb5c: ;   {other}
  0x0000024444edfb5c: 0f1f 8400 | 4c02 0000 | 488b 5424 

  0x0000024444edfb68: ;   {metadata(method data for {method} {0x000002445c04d398} 'defineClass' '(Ljava/lang/String;[BIILjava/security/CodeSource;)Ljava/lang/Class;' in 'java/security/SecureClassLoader')}
  0x0000024444edfb68: 4049 b8d8 | 511e 9e44 | 0200 0049 | 8380 4801 | 0000 014c | 8b44 2448 | 4c8b 4c24 | 508b 7c24 
  0x0000024444edfb88: 588b 7424 | 5c48 8bc8 | 488b 5424 

  0x0000024444edfb94: ;   {optimized virtual_call}
  0x0000024444edfb94: 4066 90e8 

  0x0000024444edfb98: ; ImmutableOopMap {}
                      ;*invokevirtual defineClass {reexecute=0 rethrow=0 return_oop=0}
                      ; - java.security.SecureClassLoader::defineClass@12 (line 150)
  0x0000024444edfb98: a4ce ffff 

  0x0000024444edfb9c: ;   {other}
  0x0000024444edfb9c: 0f1f 8400 | 8c02 0001 | 4883 c470 

  0x0000024444edfba8: ;   {poll_return}
  0x0000024444edfba8: 5d49 3ba7 | 4804 0000 | 0f87 2200 

  0x0000024444edfbb4: ;   {metadata({method} {0x000002445c04d398} 'defineClass' '(Ljava/lang/String;[BIILjava/security/CodeSource;)Ljava/lang/Class;' in 'java/security/SecureClassLoader')}
  0x0000024444edfbb4: 0000 c349 | ba90 d304 | 5c44 0200 | 004c 8954 | 2408 48c7 | 0424 ffff 

  0x0000024444edfbcc: ;   {runtime_call counter_overflow Runtime1 stub}
  0x0000024444edfbcc: ffff e82d 

  0x0000024444edfbd0: ; ImmutableOopMap {rdx=Oop r8=Oop r9=Oop rcx=Oop }
                      ;*synchronization entry
                      ; - java.security.SecureClassLoader::defineClass@-1 (line 150)
  0x0000024444edfbd0: 9d49 07e9 | 49ff ffff 

  0x0000024444edfbd8: ;   {internal_word}
  0x0000024444edfbd8: 49ba a9fb | ed44 4402 | 0000 4d89 | 9760 0400 

  0x0000024444edfbe8: ;   {runtime_call SafepointBlob}
  0x0000024444edfbe8: 00e9 926f | 3a07 498b | 87f8 0400 | 0049 c787 | f804 0000 | 0000 0000 | 49c7 8700 | 0500 0000 
  0x0000024444edfc08: 0000 0048 | 83c4 705d 

  0x0000024444edfc10: ;   {runtime_call unwind_exception Runtime1 stub}
  0x0000024444edfc10: e96b 2b49 | 07f4 f4f4 
[Stub Code]
  0x0000024444edfc18: ;   {no_reloc}
  0x0000024444edfc18: 48bb 0000 | 0000 0000 

  0x0000024444edfc20: ;   {runtime_call}
  0x0000024444edfc20: 0000 e9fb 

  0x0000024444edfc24: ;   {static_stub}
  0x0000024444edfc24: ffff ff48 | bb00 0000 | 0000 0000 

  0x0000024444edfc30: ;   {runtime_call}
  0x0000024444edfc30: 00e9 fbff 

  0x0000024444edfc34: ;   {runtime_call handle_exception_from_callee Runtime1 stub}
  0x0000024444edfc34: ffff e845 

  0x0000024444edfc38: ;   {external_word}
  0x0000024444edfc38: 6049 0748 | b9a0 468d | 59fb 7f00 | 0048 83e4 

  0x0000024444edfc48: ;   {runtime_call}
  0x0000024444edfc48: f048 b8b0 | 2855 59fb | 7f00 00ff 

  0x0000024444edfc54: ;   {section_word}
  0x0000024444edfc54: d0f4 49ba | 56fc ed44 | 4402 0000 

  0x0000024444edfc60: ;   {runtime_call DeoptimizationBlob}
  0x0000024444edfc60: 4152 e9b9 | 833a 07f4 
[/MachCode]


---------------  P R O C E S S  ---------------

Threads class SMR info:
_java_thread_list=0x000002449d654fa0, length=12, elements={
0x000002443ac91430, 0x000002445bfa0c80, 0x000002445bfa7aa0, 0x000002445bfaa7b0,
0x000002445bfab200, 0x000002445bfacae0, 0x000002445bfad530, 0x000002445bfb02c0,
0x000002445bfb4100, 0x000002445bfbe7a0, 0x000002449d1fd340, 0x000002449d1fd9a0
}

Java Threads: ( => current thread )
=>0x000002443ac91430 JavaThread "main"                              [_thread_in_vm, id=24976, stack(0x000000f877c00000,0x000000f877d00000) (1024K)]
  0x000002445bfa0c80 JavaThread "Reference Handler"          daemon [_thread_blocked, id=27884, stack(0x000000f878400000,0x000000f878500000) (1024K)]
  0x000002445bfa7aa0 JavaThread "Finalizer"                  daemon [_thread_blocked, id=27888, stack(0x000000f878500000,0x000000f878600000) (1024K)]
  0x000002445bfaa7b0 JavaThread "Signal Dispatcher"          daemon [_thread_blocked, id=27892, stack(0x000000f878600000,0x000000f878700000) (1024K)]
  0x000002445bfab200 JavaThread "Attach Listener"            daemon [_thread_blocked, id=27896, stack(0x000000f878700000,0x000000f878800000) (1024K)]
  0x000002445bfacae0 JavaThread "Service Thread"             daemon [_thread_blocked, id=28020, stack(0x000000f878800000,0x000000f878900000) (1024K)]
  0x000002445bfad530 JavaThread "Monitor Deflation Thread"   daemon [_thread_blocked, id=28028, stack(0x000000f878900000,0x000000f878a00000) (1024K)]
  0x000002445bfb02c0 JavaThread "C2 CompilerThread0"         daemon [_thread_blocked, id=28032, stack(0x000000f878a00000,0x000000f878b00000) (1024K)]
  0x000002445bfb4100 JavaThread "C1 CompilerThread0"         daemon [_thread_blocked, id=28132, stack(0x000000f878b00000,0x000000f878c00000) (1024K)]
  0x000002445bfbe7a0 JavaThread "Common-Cleaner"             daemon [_thread_blocked, id=28516, stack(0x000000f878c00000,0x000000f878d00000) (1024K)]
  0x000002449d1fd340 JavaThread "Monitor Ctrl-Break"         daemon [_thread_in_native, id=29060, stack(0x000000f878d00000,0x000000f878e00000) (1024K)]
  0x000002449d1fd9a0 JavaThread "Notification Thread"        daemon [_thread_blocked, id=29064, stack(0x000000f878e00000,0x000000f878f00000) (1024K)]
Total: 12

Other Threads:
  0x000002445bf85f80 VMThread "VM Thread"                           [id=27208, stack(0x000000f878300000,0x000000f878400000) (1024K)]
  0x000002449d0dad50 WatcherThread "VM Periodic Task Thread"        [id=27204, stack(0x000000f878200000,0x000000f878300000) (1024K)]
  0x000002443acf8ff0 WorkerThread "GC Thread#0"                     [id=26980, stack(0x000000f877d00000,0x000000f877e00000) (1024K)]
  0x00000244a20783f0 WorkerThread "GC Thread#1"                     [id=37812, stack(0x000000f877b00000,0x000000f877c00000) (1024K)]
  0x000002449d93d870 WorkerThread "GC Thread#2"                     [id=6052, stack(0x000000f878f00000,0x000000f879000000) (1024K)]
  0x000002449d93dc10 WorkerThread "GC Thread#3"                     [id=1616, stack(0x000000f879000000,0x000000f879100000) (1024K)]
  0x000002449d93dfb0 WorkerThread "GC Thread#4"                     [id=19356, stack(0x000000f879100000,0x000000f879200000) (1024K)]
  0x000002449d93e350 WorkerThread "GC Thread#5"                     [id=21964, stack(0x000000f879200000,0x000000f879300000) (1024K)]
  0x00000244a26765b0 WorkerThread "GC Thread#6"                     [id=20948, stack(0x000000f879300000,0x000000f879400000) (1024K)]
  0x00000244a2676950 WorkerThread "GC Thread#7"                     [id=28576, stack(0x000000f879400000,0x000000f879500000) (1024K)]
  0x000002443ad0a2f0 ConcurrentGCThread "G1 Main Marker"            [id=26984, stack(0x000000f877e00000,0x000000f877f00000) (1024K)]
  0x000002443ad0b010 WorkerThread "G1 Conc#0"                       [id=26988, stack(0x000000f877f00000,0x000000f878000000) (1024K)]
  0x000002445bf23a00 ConcurrentGCThread "G1 Refine#0"               [id=26992, stack(0x000000f878000000,0x000000f878100000) (1024K)]
  0x000002445bf25230 ConcurrentGCThread "G1 Service"                [id=27000, stack(0x000000f878100000,0x000000f878200000) (1024K)]
Total: 14

Threads with active compile tasks:
Total: 0

VM state: not at safepoint (normal execution)

VM Mutex/Monitor currently owned by a thread:  ([mutex/lock_event])
[0x00007ffb59b6be18] Metaspace_lock - owner thread: 0x000002443ac91430

Heap address: 0x0000000704000000, size: 4032 MB, Compressed Oops mode: Zero based, Oop shift amount: 3

CDS archive(s) mapped at: [0x000002445c000000-0x000002445cc90000-0x000002445cc90000), size 13172736, SharedBaseAddress: 0x000002445c000000, ArchiveRelocationMode: 1.
Compressed class space mapped at: 0x000002445d000000-0x000002449d000000, reserved size: 1073741824
Narrow klass base: 0x000002445c000000, Narrow klass shift: 0, Narrow klass range: 0x100000000

GC Precious Log:
 CardTable entry size: 512
 Card Set container configuration: InlinePtr #cards 4 size 8 Array Of Cards #cards 16 size 48 Howl #buckets 8 coarsen threshold 3686 Howl Bitmap #cards 512 size 80 coarsen threshold 460 Card regions per heap region 1 cards per card region 4096
 CPUs: 8 total, 8 available
 Memory: 16126M
 Large Page Support: Disabled
 NUMA Support: Disabled
 Compressed Oops: Enabled (Zero based)
 Heap Region Size: 2M
 Heap Min Capacity: 8M
 Heap Initial Capacity: 252M
 Heap Max Capacity: 4032M
 Pre-touch: Disabled
 Parallel Workers: 8
 Concurrent Workers: 2
 Concurrent Refinement Workers: 8
 Periodic GC: Disabled

Heap:
 garbage-first heap   total 258048K, used 14165K [0x0000000704000000, 0x0000000800000000)
  region size 2048K, 8 young (16384K), 2 survivors (4096K)
 Metaspace       used 6755K, committed 6848K, reserved 1114112K
  class space    used 772K, committed 832K, reserved 1048576K

Heap Regions: E=young(eden), S=young(survivor), O=old, HS=humongous(starts), HC=humongous(continues), CS=collection set, F=free, TAMS=top-at-mark-start, PB=parsable bottom
|   0|0x0000000704000000, 0x0000000704000000, 0x0000000704200000|  0%| F|  |TAMS 0x0000000704000000| PB 0x0000000704000000| Untracked 
|   1|0x0000000704200000, 0x0000000704200000, 0x0000000704400000|  0%| F|  |TAMS 0x0000000704200000| PB 0x0000000704200000| Untracked 
|   2|0x0000000704400000, 0x0000000704400000, 0x0000000704600000|  0%| F|  |TAMS 0x0000000704400000| PB 0x0000000704400000| Untracked 
|   3|0x0000000704600000, 0x0000000704600000, 0x0000000704800000|  0%| F|  |TAMS 0x0000000704600000| PB 0x0000000704600000| Untracked 
|   4|0x0000000704800000, 0x0000000704800000, 0x0000000704a00000|  0%| F|  |TAMS 0x0000000704800000| PB 0x0000000704800000| Untracked 
|   5|0x0000000704a00000, 0x0000000704a00000, 0x0000000704c00000|  0%| F|  |TAMS 0x0000000704a00000| PB 0x0000000704a00000| Untracked 
|   6|0x0000000704c00000, 0x0000000704c00000, 0x0000000704e00000|  0%| F|  |TAMS 0x0000000704c00000| PB 0x0000000704c00000| Untracked 
|   7|0x0000000704e00000, 0x0000000704e00000, 0x0000000705000000|  0%| F|  |TAMS 0x0000000704e00000| PB 0x0000000704e00000| Untracked 
|   8|0x0000000705000000, 0x0000000705000000, 0x0000000705200000|  0%| F|  |TAMS 0x0000000705000000| PB 0x0000000705000000| Untracked 
|   9|0x0000000705200000, 0x0000000705200000, 0x0000000705400000|  0%| F|  |TAMS 0x0000000705200000| PB 0x0000000705200000| Untracked 
|  10|0x0000000705400000, 0x0000000705400000, 0x0000000705600000|  0%| F|  |TAMS 0x0000000705400000| PB 0x0000000705400000| Untracked 
|  11|0x0000000705600000, 0x0000000705600000, 0x0000000705800000|  0%| F|  |TAMS 0x0000000705600000| PB 0x0000000705600000| Untracked 
|  12|0x0000000705800000, 0x0000000705800000, 0x0000000705a00000|  0%| F|  |TAMS 0x0000000705800000| PB 0x0000000705800000| Untracked 
|  13|0x0000000705a00000, 0x0000000705a00000, 0x0000000705c00000|  0%| F|  |TAMS 0x0000000705a00000| PB 0x0000000705a00000| Untracked 
|  14|0x0000000705c00000, 0x0000000705c00000, 0x0000000705e00000|  0%| F|  |TAMS 0x0000000705c00000| PB 0x0000000705c00000| Untracked 
|  15|0x0000000705e00000, 0x0000000705e00000, 0x0000000706000000|  0%| F|  |TAMS 0x0000000705e00000| PB 0x0000000705e00000| Untracked 
|  16|0x0000000706000000, 0x0000000706000000, 0x0000000706200000|  0%| F|  |TAMS 0x0000000706000000| PB 0x0000000706000000| Untracked 
|  17|0x0000000706200000, 0x0000000706200000, 0x0000000706400000|  0%| F|  |TAMS 0x0000000706200000| PB 0x0000000706200000| Untracked 
|  18|0x0000000706400000, 0x0000000706400000, 0x0000000706600000|  0%| F|  |TAMS 0x0000000706400000| PB 0x0000000706400000| Untracked 
|  19|0x0000000706600000, 0x0000000706600000, 0x0000000706800000|  0%| F|  |TAMS 0x0000000706600000| PB 0x0000000706600000| Untracked 
|  20|0x0000000706800000, 0x0000000706800000, 0x0000000706a00000|  0%| F|  |TAMS 0x0000000706800000| PB 0x0000000706800000| Untracked 
|  21|0x0000000706a00000, 0x0000000706a00000, 0x0000000706c00000|  0%| F|  |TAMS 0x0000000706a00000| PB 0x0000000706a00000| Untracked 
|  22|0x0000000706c00000, 0x0000000706c00000, 0x0000000706e00000|  0%| F|  |TAMS 0x0000000706c00000| PB 0x0000000706c00000| Untracked 
|  23|0x0000000706e00000, 0x0000000706e00000, 0x0000000707000000|  0%| F|  |TAMS 0x0000000706e00000| PB 0x0000000706e00000| Untracked 
|  24|0x0000000707000000, 0x0000000707000000, 0x0000000707200000|  0%| F|  |TAMS 0x0000000707000000| PB 0x0000000707000000| Untracked 
|  25|0x0000000707200000, 0x0000000707200000, 0x0000000707400000|  0%| F|  |TAMS 0x0000000707200000| PB 0x0000000707200000| Untracked 
|  26|0x0000000707400000, 0x0000000707400000, 0x0000000707600000|  0%| F|  |TAMS 0x0000000707400000| PB 0x0000000707400000| Untracked 
|  27|0x0000000707600000, 0x0000000707600000, 0x0000000707800000|  0%| F|  |TAMS 0x0000000707600000| PB 0x0000000707600000| Untracked 
|  28|0x0000000707800000, 0x0000000707800000, 0x0000000707a00000|  0%| F|  |TAMS 0x0000000707800000| PB 0x0000000707800000| Untracked 
|  29|0x0000000707a00000, 0x0000000707a00000, 0x0000000707c00000|  0%| F|  |TAMS 0x0000000707a00000| PB 0x0000000707a00000| Untracked 
|  30|0x0000000707c00000, 0x0000000707c00000, 0x0000000707e00000|  0%| F|  |TAMS 0x0000000707c00000| PB 0x0000000707c00000| Untracked 
|  31|0x0000000707e00000, 0x0000000707e00000, 0x0000000708000000|  0%| F|  |TAMS 0x0000000707e00000| PB 0x0000000707e00000| Untracked 
|  32|0x0000000708000000, 0x0000000708000000, 0x0000000708200000|  0%| F|  |TAMS 0x0000000708000000| PB 0x0000000708000000| Untracked 
|  33|0x0000000708200000, 0x0000000708200000, 0x0000000708400000|  0%| F|  |TAMS 0x0000000708200000| PB 0x0000000708200000| Untracked 
|  34|0x0000000708400000, 0x0000000708400000, 0x0000000708600000|  0%| F|  |TAMS 0x0000000708400000| PB 0x0000000708400000| Untracked 
|  35|0x0000000708600000, 0x0000000708600000, 0x0000000708800000|  0%| F|  |TAMS 0x0000000708600000| PB 0x0000000708600000| Untracked 
|  36|0x0000000708800000, 0x0000000708800000, 0x0000000708a00000|  0%| F|  |TAMS 0x0000000708800000| PB 0x0000000708800000| Untracked 
|  37|0x0000000708a00000, 0x0000000708a00000, 0x0000000708c00000|  0%| F|  |TAMS 0x0000000708a00000| PB 0x0000000708a00000| Untracked 
|  38|0x0000000708c00000, 0x0000000708c00000, 0x0000000708e00000|  0%| F|  |TAMS 0x0000000708c00000| PB 0x0000000708c00000| Untracked 
|  39|0x0000000708e00000, 0x0000000708e00000, 0x0000000709000000|  0%| F|  |TAMS 0x0000000708e00000| PB 0x0000000708e00000| Untracked 
|  40|0x0000000709000000, 0x0000000709000000, 0x0000000709200000|  0%| F|  |TAMS 0x0000000709000000| PB 0x0000000709000000| Untracked 
|  41|0x0000000709200000, 0x0000000709200000, 0x0000000709400000|  0%| F|  |TAMS 0x0000000709200000| PB 0x0000000709200000| Untracked 
|  42|0x0000000709400000, 0x0000000709400000, 0x0000000709600000|  0%| F|  |TAMS 0x0000000709400000| PB 0x0000000709400000| Untracked 
|  43|0x0000000709600000, 0x0000000709600000, 0x0000000709800000|  0%| F|  |TAMS 0x0000000709600000| PB 0x0000000709600000| Untracked 
|  44|0x0000000709800000, 0x0000000709800000, 0x0000000709a00000|  0%| F|  |TAMS 0x0000000709800000| PB 0x0000000709800000| Untracked 
|  45|0x0000000709a00000, 0x0000000709a00000, 0x0000000709c00000|  0%| F|  |TAMS 0x0000000709a00000| PB 0x0000000709a00000| Untracked 
|  46|0x0000000709c00000, 0x0000000709c00000, 0x0000000709e00000|  0%| F|  |TAMS 0x0000000709c00000| PB 0x0000000709c00000| Untracked 
|  47|0x0000000709e00000, 0x0000000709e00000, 0x000000070a000000|  0%| F|  |TAMS 0x0000000709e00000| PB 0x0000000709e00000| Untracked 
|  48|0x000000070a000000, 0x000000070a000000, 0x000000070a200000|  0%| F|  |TAMS 0x000000070a000000| PB 0x000000070a000000| Untracked 
|  49|0x000000070a200000, 0x000000070a200000, 0x000000070a400000|  0%| F|  |TAMS 0x000000070a200000| PB 0x000000070a200000| Untracked 
|  50|0x000000070a400000, 0x000000070a400000, 0x000000070a600000|  0%| F|  |TAMS 0x000000070a400000| PB 0x000000070a400000| Untracked 
|  51|0x000000070a600000, 0x000000070a600000, 0x000000070a800000|  0%| F|  |TAMS 0x000000070a600000| PB 0x000000070a600000| Untracked 
|  52|0x000000070a800000, 0x000000070a800000, 0x000000070aa00000|  0%| F|  |TAMS 0x000000070a800000| PB 0x000000070a800000| Untracked 
|  53|0x000000070aa00000, 0x000000070aa00000, 0x000000070ac00000|  0%| F|  |TAMS 0x000000070aa00000| PB 0x000000070aa00000| Untracked 
|  54|0x000000070ac00000, 0x000000070ac00000, 0x000000070ae00000|  0%| F|  |TAMS 0x000000070ac00000| PB 0x000000070ac00000| Untracked 
|  55|0x000000070ae00000, 0x000000070ae00000, 0x000000070b000000|  0%| F|  |TAMS 0x000000070ae00000| PB 0x000000070ae00000| Untracked 
|  56|0x000000070b000000, 0x000000070b000000, 0x000000070b200000|  0%| F|  |TAMS 0x000000070b000000| PB 0x000000070b000000| Untracked 
|  57|0x000000070b200000, 0x000000070b200000, 0x000000070b400000|  0%| F|  |TAMS 0x000000070b200000| PB 0x000000070b200000| Untracked 
|  58|0x000000070b400000, 0x000000070b400000, 0x000000070b600000|  0%| F|  |TAMS 0x000000070b400000| PB 0x000000070b400000| Untracked 
|  59|0x000000070b600000, 0x000000070b600000, 0x000000070b800000|  0%| F|  |TAMS 0x000000070b600000| PB 0x000000070b600000| Untracked 
|  60|0x000000070b800000, 0x000000070b800000, 0x000000070ba00000|  0%| F|  |TAMS 0x000000070b800000| PB 0x000000070b800000| Untracked 
|  61|0x000000070ba00000, 0x000000070ba00000, 0x000000070bc00000|  0%| F|  |TAMS 0x000000070ba00000| PB 0x000000070ba00000| Untracked 
|  62|0x000000070bc00000, 0x000000070bc00000, 0x000000070be00000|  0%| F|  |TAMS 0x000000070bc00000| PB 0x000000070bc00000| Untracked 
|  63|0x000000070be00000, 0x000000070be00000, 0x000000070c000000|  0%| F|  |TAMS 0x000000070be00000| PB 0x000000070be00000| Untracked 
|  64|0x000000070c000000, 0x000000070c000000, 0x000000070c200000|  0%| F|  |TAMS 0x000000070c000000| PB 0x000000070c000000| Untracked 
|  65|0x000000070c200000, 0x000000070c200000, 0x000000070c400000|  0%| F|  |TAMS 0x000000070c200000| PB 0x000000070c200000| Untracked 
|  66|0x000000070c400000, 0x000000070c400000, 0x000000070c600000|  0%| F|  |TAMS 0x000000070c400000| PB 0x000000070c400000| Untracked 
|  67|0x000000070c600000, 0x000000070c600000, 0x000000070c800000|  0%| F|  |TAMS 0x000000070c600000| PB 0x000000070c600000| Untracked 
|  68|0x000000070c800000, 0x000000070c800000, 0x000000070ca00000|  0%| F|  |TAMS 0x000000070c800000| PB 0x000000070c800000| Untracked 
|  69|0x000000070ca00000, 0x000000070ca00000, 0x000000070cc00000|  0%| F|  |TAMS 0x000000070ca00000| PB 0x000000070ca00000| Untracked 
|  70|0x000000070cc00000, 0x000000070cc00000, 0x000000070ce00000|  0%| F|  |TAMS 0x000000070cc00000| PB 0x000000070cc00000| Untracked 
|  71|0x000000070ce00000, 0x000000070ce00000, 0x000000070d000000|  0%| F|  |TAMS 0x000000070ce00000| PB 0x000000070ce00000| Untracked 
|  72|0x000000070d000000, 0x000000070d000000, 0x000000070d200000|  0%| F|  |TAMS 0x000000070d000000| PB 0x000000070d000000| Untracked 
|  73|0x000000070d200000, 0x000000070d200000, 0x000000070d400000|  0%| F|  |TAMS 0x000000070d200000| PB 0x000000070d200000| Untracked 
|  74|0x000000070d400000, 0x000000070d400000, 0x000000070d600000|  0%| F|  |TAMS 0x000000070d400000| PB 0x000000070d400000| Untracked 
|  75|0x000000070d600000, 0x000000070d600000, 0x000000070d800000|  0%| F|  |TAMS 0x000000070d600000| PB 0x000000070d600000| Untracked 
|  76|0x000000070d800000, 0x000000070d800000, 0x000000070da00000|  0%| F|  |TAMS 0x000000070d800000| PB 0x000000070d800000| Untracked 
|  77|0x000000070da00000, 0x000000070da00000, 0x000000070dc00000|  0%| F|  |TAMS 0x000000070da00000| PB 0x000000070da00000| Untracked 
|  78|0x000000070dc00000, 0x000000070dc00000, 0x000000070de00000|  0%| F|  |TAMS 0x000000070dc00000| PB 0x000000070dc00000| Untracked 
|  79|0x000000070de00000, 0x000000070de00000, 0x000000070e000000|  0%| F|  |TAMS 0x000000070de00000| PB 0x000000070de00000| Untracked 
|  80|0x000000070e000000, 0x000000070e000000, 0x000000070e200000|  0%| F|  |TAMS 0x000000070e000000| PB 0x000000070e000000| Untracked 
|  81|0x000000070e200000, 0x000000070e200000, 0x000000070e400000|  0%| F|  |TAMS 0x000000070e200000| PB 0x000000070e200000| Untracked 
|  82|0x000000070e400000, 0x000000070e400000, 0x000000070e600000|  0%| F|  |TAMS 0x000000070e400000| PB 0x000000070e400000| Untracked 
|  83|0x000000070e600000, 0x000000070e600000, 0x000000070e800000|  0%| F|  |TAMS 0x000000070e600000| PB 0x000000070e600000| Untracked 
|  84|0x000000070e800000, 0x000000070e800000, 0x000000070ea00000|  0%| F|  |TAMS 0x000000070e800000| PB 0x000000070e800000| Untracked 
|  85|0x000000070ea00000, 0x000000070ea00000, 0x000000070ec00000|  0%| F|  |TAMS 0x000000070ea00000| PB 0x000000070ea00000| Untracked 
|  86|0x000000070ec00000, 0x000000070ec00000, 0x000000070ee00000|  0%| F|  |TAMS 0x000000070ec00000| PB 0x000000070ec00000| Untracked 
|  87|0x000000070ee00000, 0x000000070ee00000, 0x000000070f000000|  0%| F|  |TAMS 0x000000070ee00000| PB 0x000000070ee00000| Untracked 
|  88|0x000000070f000000, 0x000000070f000000, 0x000000070f200000|  0%| F|  |TAMS 0x000000070f000000| PB 0x000000070f000000| Untracked 
|  89|0x000000070f200000, 0x000000070f200000, 0x000000070f400000|  0%| F|  |TAMS 0x000000070f200000| PB 0x000000070f200000| Untracked 
|  90|0x000000070f400000, 0x000000070f400000, 0x000000070f600000|  0%| F|  |TAMS 0x000000070f400000| PB 0x000000070f400000| Untracked 
|  91|0x000000070f600000, 0x000000070f600000, 0x000000070f800000|  0%| F|  |TAMS 0x000000070f600000| PB 0x000000070f600000| Untracked 
|  92|0x000000070f800000, 0x000000070f800000, 0x000000070fa00000|  0%| F|  |TAMS 0x000000070f800000| PB 0x000000070f800000| Untracked 
|  93|0x000000070fa00000, 0x000000070fa00000, 0x000000070fc00000|  0%| F|  |TAMS 0x000000070fa00000| PB 0x000000070fa00000| Untracked 
|  94|0x000000070fc00000, 0x000000070fc00000, 0x000000070fe00000|  0%| F|  |TAMS 0x000000070fc00000| PB 0x000000070fc00000| Untracked 
|  95|0x000000070fe00000, 0x000000070fe00000, 0x0000000710000000|  0%| F|  |TAMS 0x000000070fe00000| PB 0x000000070fe00000| Untracked 
|  96|0x0000000710000000, 0x0000000710000000, 0x0000000710200000|  0%| F|  |TAMS 0x0000000710000000| PB 0x0000000710000000| Untracked 
|  97|0x0000000710200000, 0x0000000710200000, 0x0000000710400000|  0%| F|  |TAMS 0x0000000710200000| PB 0x0000000710200000| Untracked 
|  98|0x0000000710400000, 0x0000000710400000, 0x0000000710600000|  0%| F|  |TAMS 0x0000000710400000| PB 0x0000000710400000| Untracked 
|  99|0x0000000710600000, 0x0000000710600000, 0x0000000710800000|  0%| F|  |TAMS 0x0000000710600000| PB 0x0000000710600000| Untracked 
| 100|0x0000000710800000, 0x0000000710800000, 0x0000000710a00000|  0%| F|  |TAMS 0x0000000710800000| PB 0x0000000710800000| Untracked 
| 101|0x0000000710a00000, 0x0000000710a00000, 0x0000000710c00000|  0%| F|  |TAMS 0x0000000710a00000| PB 0x0000000710a00000| Untracked 
| 102|0x0000000710c00000, 0x0000000710c00000, 0x0000000710e00000|  0%| F|  |TAMS 0x0000000710c00000| PB 0x0000000710c00000| Untracked 
| 103|0x0000000710e00000, 0x0000000710e00000, 0x0000000711000000|  0%| F|  |TAMS 0x0000000710e00000| PB 0x0000000710e00000| Untracked 
| 104|0x0000000711000000, 0x0000000711000000, 0x0000000711200000|  0%| F|  |TAMS 0x0000000711000000| PB 0x0000000711000000| Untracked 
| 105|0x0000000711200000, 0x0000000711200000, 0x0000000711400000|  0%| F|  |TAMS 0x0000000711200000| PB 0x0000000711200000| Untracked 
| 106|0x0000000711400000, 0x0000000711400000, 0x0000000711600000|  0%| F|  |TAMS 0x0000000711400000| PB 0x0000000711400000| Untracked 
| 107|0x0000000711600000, 0x0000000711600000, 0x0000000711800000|  0%| F|  |TAMS 0x0000000711600000| PB 0x0000000711600000| Untracked 
| 108|0x0000000711800000, 0x0000000711800000, 0x0000000711a00000|  0%| F|  |TAMS 0x0000000711800000| PB 0x0000000711800000| Untracked 
| 109|0x0000000711a00000, 0x0000000711a00000, 0x0000000711c00000|  0%| F|  |TAMS 0x0000000711a00000| PB 0x0000000711a00000| Untracked 
| 110|0x0000000711c00000, 0x0000000711c00000, 0x0000000711e00000|  0%| F|  |TAMS 0x0000000711c00000| PB 0x0000000711c00000| Untracked 
| 111|0x0000000711e00000, 0x0000000711e00000, 0x0000000712000000|  0%| F|  |TAMS 0x0000000711e00000| PB 0x0000000711e00000| Untracked 
| 112|0x0000000712000000, 0x0000000712000000, 0x0000000712200000|  0%| F|  |TAMS 0x0000000712000000| PB 0x0000000712000000| Untracked 
| 113|0x0000000712200000, 0x00000007123d54e0, 0x0000000712400000| 91%| S|CS|TAMS 0x0000000712200000| PB 0x0000000712200000| Complete 
| 114|0x0000000712400000, 0x0000000712600000, 0x0000000712600000|100%| S|CS|TAMS 0x0000000712400000| PB 0x0000000712400000| Complete 
| 115|0x0000000712600000, 0x0000000712600000, 0x0000000712800000|  0%| F|  |TAMS 0x0000000712600000| PB 0x0000000712600000| Untracked 
| 116|0x0000000712800000, 0x0000000712800000, 0x0000000712a00000|  0%| F|  |TAMS 0x0000000712800000| PB 0x0000000712800000| Untracked 
| 117|0x0000000712a00000, 0x0000000712a00000, 0x0000000712c00000|  0%| F|  |TAMS 0x0000000712a00000| PB 0x0000000712a00000| Untracked 
| 118|0x0000000712c00000, 0x0000000712c00000, 0x0000000712e00000|  0%| F|  |TAMS 0x0000000712c00000| PB 0x0000000712c00000| Untracked 
| 119|0x0000000712e00000, 0x0000000712e00000, 0x0000000713000000|  0%| F|  |TAMS 0x0000000712e00000| PB 0x0000000712e00000| Untracked 
| 120|0x0000000713000000, 0x0000000713056fe0, 0x0000000713200000| 16%| E|  |TAMS 0x0000000713000000| PB 0x0000000713000000| Complete 
| 121|0x0000000713200000, 0x0000000713400000, 0x0000000713400000|100%| E|CS|TAMS 0x0000000713200000| PB 0x0000000713200000| Complete 
| 122|0x0000000713400000, 0x0000000713600000, 0x0000000713600000|100%| E|CS|TAMS 0x0000000713400000| PB 0x0000000713400000| Complete 
| 123|0x0000000713600000, 0x0000000713800000, 0x0000000713800000|100%| E|CS|TAMS 0x0000000713600000| PB 0x0000000713600000| Complete 
| 124|0x0000000713800000, 0x0000000713a00000, 0x0000000713a00000|100%| E|CS|TAMS 0x0000000713800000| PB 0x0000000713800000| Complete 
| 125|0x0000000713a00000, 0x0000000713c00000, 0x0000000713c00000|100%| E|CS|TAMS 0x0000000713a00000| PB 0x0000000713a00000| Complete 

Card table byte_map: [0x0000024454f50000,0x0000024455730000] _byte_map_base: 0x0000024451730000

Marking Bits: (CMBitMap*) 0x000002443acf9e10
 Bits: [0x0000024455730000, 0x0000024459630000)

Polling page: 0x000002443af90000

Metaspace:

Usage:
  Non-class:      5.84 MB used.
      Class:    772.17 KB used.
       Both:      6.60 MB used.

Virtual space:
  Non-class space:       64.00 MB reserved,       5.88 MB (  9%) committed,  1 nodes.
      Class space:        1.00 GB reserved,     832.00 KB ( <1%) committed,  1 nodes.
             Both:        1.06 GB reserved,       6.69 MB ( <1%) committed. 

Chunk freelists:
   Non-Class:  8.67 MB
       Class:  15.20 MB
        Both:  23.88 MB

MaxMetaspaceSize: unlimited
CompressedClassSpaceSize: 1.00 GB
Initial GC threshold: 21.00 MB
Current GC threshold: 21.00 MB
CDS: on
 - commit_granule_bytes: 65536.
 - commit_granule_words: 8192.
 - virtual_space_node_default_size: 8388608.
 - enlarge_chunks_in_place: 1.
 - use_allocation_guard: 0.


Internal statistics:

num_allocs_failed_limit: 0.
num_arena_births: 68.
num_arena_deaths: 0.
num_vsnodes_births: 2.
num_vsnodes_deaths: 0.
num_space_committed: 107.
num_space_uncommitted: 0.
num_chunks_returned_to_freelist: 0.
num_chunks_taken_from_freelist: 253.
num_chunk_merges: 0.
num_chunk_splits: 172.
num_chunks_enlarged: 133.
num_inconsistent_stats: 0.

CodeHeap 'non-profiled nmethods': size=120000Kb used=625Kb max_used=625Kb free=119374Kb
 bounds [0x000002444c7d0000, 0x000002444ca40000, 0x0000024453d00000]
CodeHeap 'profiled nmethods': size=120000Kb used=2679Kb max_used=2679Kb free=117320Kb
 bounds [0x0000024444d00000, 0x0000024444fa0000, 0x000002444c230000]
CodeHeap 'non-nmethods': size=5760Kb used=1505Kb max_used=1532Kb free=4254Kb
 bounds [0x000002444c230000, 0x000002444c4a0000, 0x000002444c7d0000]
 total_blobs=1897 nmethods=1424 adapters=378
 compilation: enabled
              stopped_count=0, restarted_count=0
 full_count=0

Compilation events (20 events):
Event: 96.893 Thread 0x000002445bfb4100 1418       3       java.nio.HeapByteBuffer::getShort (29 bytes)
Event: 96.894 Thread 0x000002445bfb4100 nmethod 1418 0x0000024444f97a90 code [0x0000024444f97d00, 0x0000024444f98710]
Event: 96.894 Thread 0x000002445bfb4100 1419   !   3       jdk.internal.misc.ScopedMemoryAccess::getShortUnaligned (18 bytes)
Event: 96.894 Thread 0x000002445bfb4100 nmethod 1419 0x0000024444f98b10 code [0x0000024444f98d00, 0x0000024444f99230]
Event: 96.894 Thread 0x000002445bfb4100 1420   !   3       jdk.internal.misc.ScopedMemoryAccess::getShortUnalignedInternal (36 bytes)
Event: 96.894 Thread 0x000002445bfb4100 nmethod 1420 0x0000024444f99510 code [0x0000024444f996e0, 0x0000024444f99aa0]
Event: 97.415 Thread 0x000002445bfb4100 1421       3       com.google.inject.internal.AbstractBindingBuilder::setBinding (22 bytes)
Event: 97.416 Thread 0x000002445bfb4100 nmethod 1421 0x0000024444f99c90 code [0x0000024444f99e40, 0x0000024444f9a098]
Event: 98.108 Thread 0x000002445bfb4100 1422       1       sun.nio.fs.WindowsPath::getFileSystem (5 bytes)
Event: 98.108 Thread 0x000002445bfb4100 nmethod 1422 0x000002444c86bd10 code [0x000002444c86bea0, 0x000002444c86bf70]
Event: 98.110 Thread 0x000002445bfb02c0 1423       4       jdk.internal.ref.CleanerFactory::cleaner (4 bytes)
Event: 98.111 Thread 0x000002445bfb02c0 nmethod 1423 0x000002444c86c010 code [0x000002444c86c1a0, 0x000002444c86c210]
Event: 98.113 Thread 0x000002445bfb4100 1424       3       java.io.WinNTFileSystem::normalizePrefix (132 bytes)
Event: 98.113 Thread 0x000002445bfb02c0 1425       4       java.util.Objects::requireNonNull (15 bytes)
Event: 98.113 Thread 0x000002445bfb02c0 nmethod 1425 0x000002444c86c310 code [0x000002444c86c4a0, 0x000002444c86c528]
Event: 98.116 Thread 0x000002445bfb4100 nmethod 1424 0x0000024444f9a190 code [0x0000024444f9a5a0, 0x0000024444f9c618]
Event: 98.116 Thread 0x000002445bfb4100 1426       3       java.nio.file.attribute.FileTime::from (18 bytes)
Event: 98.117 Thread 0x000002445bfb4100 nmethod 1426 0x0000024444f9d290 code [0x0000024444f9d460, 0x0000024444f9d848]
Event: 98.117 Thread 0x000002445bfb4100 1427       3       java.nio.file.attribute.FileTime::<init> (21 bytes)
Event: 98.117 Thread 0x000002445bfb4100 nmethod 1427 0x0000024444f9da10 code [0x0000024444f9dbc0, 0x0000024444f9ddf8]

GC Heap History (2 events):
Event: 80.656 GC heap before
{Heap before GC invocations=0 (full 0):
 garbage-first heap   total 258048K, used 22528K [0x0000000704000000, 0x0000000800000000)
  region size 2048K, 11 young (22528K), 0 survivors (0K)
 Metaspace       used 6008K, committed 6144K, reserved 1114112K
  class space    used 683K, committed 768K, reserved 1048576K
}
Event: 90.536 GC heap after
{Heap after GC invocations=1 (full 0):
 garbage-first heap   total 258048K, used 3925K [0x0000000704000000, 0x0000000800000000)
  region size 2048K, 2 young (4096K), 2 survivors (4096K)
 Metaspace       used 6008K, committed 6144K, reserved 1114112K
  class space    used 683K, committed 768K, reserved 1048576K
}

Dll operation events (12 events):
Event: 3.069 Loaded shared library C:\Program Files\Java\jdk-21.0.6\bin\java.dll
Event: 7.005 Loaded shared library C:\Program Files\Java\jdk-21.0.6\bin\zip.dll
Event: 7.006 Loaded shared library C:\Program Files\Java\jdk-21.0.6\bin\jsvml.dll
Event: 7.010 Loaded shared library C:\Program Files\Java\jdk-21.0.6\bin\instrument.dll
Event: 7.016 Loaded shared library C:\Program Files\Java\jdk-21.0.6\bin\net.dll
Event: 7.018 Loaded shared library C:\Program Files\Java\jdk-21.0.6\bin\nio.dll
Event: 7.023 Loaded shared library C:\Program Files\Java\jdk-21.0.6\bin\zip.dll
Event: 7.045 Loaded shared library C:\Program Files\JetBrains\IntelliJ IDEA 2023.3.4\bin\breakgen64.dll
Event: 7.536 Loaded shared library C:\Program Files\Java\jdk-21.0.6\bin\extnet.dll
Event: 32.036 Loaded shared library C:\Program Files\Java\jdk-21.0.6\bin\jimage.dll
Event: 32.103 Loaded shared library C:\Users\DELL\AppData\Local\Temp\jansi-2.4.1-201544c112d09764-jansi.dll
Event: 32.119 Loaded shared library C:\Program Files\Java\jdk-21.0.6\bin\verify.dll

Deoptimization events (20 events):
Event: 93.951 Thread 0x000002443ac91430 Uncommon trap: trap_request=0xffffff45 fr.pc=0x000002444c844adc relative=0x0000000000001e7c
Event: 93.951 Thread 0x000002443ac91430 Uncommon trap: reason=unstable_if action=reinterpret pc=0x000002444c844adc method=java.nio.charset.CharsetDecoder.decode(Ljava/nio/ByteBuffer;Ljava/nio/CharBuffer;Z)Ljava/nio/charset/CoderResult; @ 15 c2
Event: 93.951 Thread 0x000002443ac91430 DEOPT PACKING pc=0x000002444c844adc sp=0x000000f877cfde40
Event: 93.951 Thread 0x000002443ac91430 DEOPT UNPACKING pc=0x000002444c287da2 sp=0x000000f877cfdc20 mode 2
Event: 95.710 Thread 0x000002443ac91430 Uncommon trap: trap_request=0xffffffc6 fr.pc=0x000002444c822618 relative=0x0000000000000338
Event: 95.710 Thread 0x000002443ac91430 Uncommon trap: reason=bimorphic_or_optimized_type_check action=maybe_recompile pc=0x000002444c822618 method=java.util.concurrent.ConcurrentHashMap.get(Ljava/lang/Object;)Ljava/lang/Object; @ 149 c2
Event: 95.710 Thread 0x000002443ac91430 DEOPT PACKING pc=0x000002444c822618 sp=0x000000f877cfd4b0
Event: 95.710 Thread 0x000002443ac91430 DEOPT UNPACKING pc=0x000002444c287da2 sp=0x000000f877cfd420 mode 2
Event: 95.721 Thread 0x000002443ac91430 Uncommon trap: trap_request=0xffffffc6 fr.pc=0x000002444c822618 relative=0x0000000000000338
Event: 95.721 Thread 0x000002443ac91430 Uncommon trap: reason=bimorphic_or_optimized_type_check action=maybe_recompile pc=0x000002444c822618 method=java.util.concurrent.ConcurrentHashMap.get(Ljava/lang/Object;)Ljava/lang/Object; @ 149 c2
Event: 95.721 Thread 0x000002443ac91430 DEOPT PACKING pc=0x000002444c822618 sp=0x000000f877cfd4b0
Event: 95.721 Thread 0x000002443ac91430 DEOPT UNPACKING pc=0x000002444c287da2 sp=0x000000f877cfd420 mode 2
Event: 96.788 Thread 0x000002443ac91430 Uncommon trap: trap_request=0xffffffc6 fr.pc=0x000002444c822618 relative=0x0000000000000338
Event: 96.788 Thread 0x000002443ac91430 Uncommon trap: reason=bimorphic_or_optimized_type_check action=maybe_recompile pc=0x000002444c822618 method=java.util.concurrent.ConcurrentHashMap.get(Ljava/lang/Object;)Ljava/lang/Object; @ 149 c2
Event: 96.788 Thread 0x000002443ac91430 DEOPT PACKING pc=0x000002444c822618 sp=0x000000f877cfd560
Event: 96.788 Thread 0x000002443ac91430 DEOPT UNPACKING pc=0x000002444c287da2 sp=0x000000f877cfd4d0 mode 2
Event: 96.841 Thread 0x000002443ac91430 Uncommon trap: trap_request=0xffffffc6 fr.pc=0x000002444c822618 relative=0x0000000000000338
Event: 96.845 Thread 0x000002443ac91430 Uncommon trap: reason=bimorphic_or_optimized_type_check action=maybe_recompile pc=0x000002444c822618 method=java.util.concurrent.ConcurrentHashMap.get(Ljava/lang/Object;)Ljava/lang/Object; @ 149 c2
Event: 96.845 Thread 0x000002443ac91430 DEOPT PACKING pc=0x000002444c822618 sp=0x000000f877cfd4b0
Event: 96.845 Thread 0x000002443ac91430 DEOPT UNPACKING pc=0x000002444c287da2 sp=0x000000f877cfd420 mode 2

Classes loaded (20 events):
Event: 72.064 Loading class java/lang/invoke/DirectMethodHandle$StaticAccessor
Event: 72.064 Loading class java/lang/invoke/DirectMethodHandle$StaticAccessor done
Event: 72.875 Loading class java/lang/reflect/ParameterizedType
Event: 72.899 Loading class java/lang/reflect/ParameterizedType done
Event: 72.905 Loading class java/lang/reflect/WildcardType
Event: 72.905 Loading class java/lang/reflect/WildcardType done
Event: 72.914 Loading class sun/reflect/generics/tree/TypeVariableSignature
Event: 72.914 Loading class sun/reflect/generics/tree/TypeVariableSignature done
Event: 72.949 Loading class java/lang/annotation/IncompleteAnnotationException
Event: 72.950 Loading class java/lang/annotation/IncompleteAnnotationException done
Event: 90.544 Loading class java/lang/foreign/MemorySegment
Event: 90.544 Loading class java/lang/foreign/MemorySegment done
Event: 92.857 Loading class sun/reflect/generics/reflectiveObjects/TypeVariableImpl
Event: 92.857 Loading class sun/reflect/generics/reflectiveObjects/LazyReflectiveObjectGenerator
Event: 92.857 Loading class sun/reflect/generics/reflectiveObjects/LazyReflectiveObjectGenerator done
Event: 92.857 Loading class sun/reflect/generics/reflectiveObjects/TypeVariableImpl done
Event: 92.857 Loading class sun/reflect/generics/reflectiveObjects/ParameterizedTypeImpl
Event: 92.857 Loading class sun/reflect/generics/reflectiveObjects/ParameterizedTypeImpl done
Event: 95.671 Loading class java/lang/ArrayIndexOutOfBoundsException
Event: 95.671 Loading class java/lang/ArrayIndexOutOfBoundsException done

Classes unloaded (0 events):
No events

Classes redefined (0 events):
No events

Internal exceptions (16 events):
Event: 7.032 Thread 0x000002443ac91430 Exception <a 'java/lang/NoSuchMethodError'{0x0000000713821640}: 'void java.lang.invoke.DirectMethodHandle$Holder.invokeStatic(java.lang.Object, java.lang.Object, java.lang.Object)'> (0x0000000713821640) 
thrown [s\open\src\hotspot\share\interpreter\linkResolver.cpp, line 773]
Event: 7.038 Thread 0x000002443ac91430 Exception <a 'java/lang/NoSuchMethodError'{0x0000000713838e60}: 'java.lang.Object java.lang.invoke.Invokers$Holder.invokeExact_MT(java.lang.Object, java.lang.Object, java.lang.Object, java.lang.Object, java.lang.Object)'> (0x0000000713838e60) 
thrown [s\open\src\hotspot\share\interpreter\linkResolver.cpp, line 773]
Event: 7.303 Thread 0x000002443ac91430 Exception <a 'java/lang/NoSuchMethodError'{0x0000000713605788}: 'int java.lang.invoke.DirectMethodHandle$Holder.invokeSpecial(java.lang.Object, java.lang.Object, java.lang.Object)'> (0x0000000713605788) 
thrown [s\open\src\hotspot\share\interpreter\linkResolver.cpp, line 773]
Event: 7.539 Thread 0x000002449d1fd340 Exception <a 'java/lang/NoSuchMethodError'{0x000000071395af78}: 'void java.lang.invoke.DirectMethodHandle$Holder.invokeStatic(java.lang.Object, java.lang.Object)'> (0x000000071395af78) 
thrown [s\open\src\hotspot\share\interpreter\linkResolver.cpp, line 773]
Event: 23.680 Thread 0x000002443ac91430 Exception <a 'java/lang/NullPointerException'{0x000000071348b010}> (0x000000071348b010) 
thrown [s\open\src\hotspot\share\interpreter\linkResolver.cpp, line 1372]
Event: 32.061 Thread 0x000002443ac91430 Exception <a 'sun/nio/fs/WindowsException'{0x00000007134af8c0}> (0x00000007134af8c0) 
thrown [s\open\src\hotspot\share\prims\jni.cpp, line 520]
Event: 32.133 Thread 0x000002443ac91430 Exception <a 'java/lang/NoSuchMethodError'{0x00000007135c69d0}: 'void java.lang.invoke.DirectMethodHandle$Holder.invokeStaticInit(java.lang.Object, java.lang.Object)'> (0x00000007135c69d0) 
thrown [s\open\src\hotspot\share\interpreter\linkResolver.cpp, line 773]
Event: 45.008 Thread 0x000002443ac91430 Exception <a 'java/lang/NoSuchMethodError'{0x000000071337c3b0}: 'java.lang.Object java.lang.invoke.DirectMethodHandle$Holder.invokeSpecialIFC(java.lang.Object, java.lang.Object, java.lang.Object, java.lang.Object)'> (0x000000071337c3b0) 
thrown [s\open\src\hotspot\share\interpreter\linkResolver.cpp, line 773]
Event: 63.268 Thread 0x000002443ac91430 Exception <a 'java/lang/NoSuchMethodError'{0x0000000712d2bb50}: 'void java.lang.invoke.DirectMethodHandle$Holder.invokeSpecial(java.lang.Object, java.lang.Object, java.lang.Object)'> (0x0000000712d2bb50) 
thrown [s\open\src\hotspot\share\interpreter\linkResolver.cpp, line 773]
Event: 68.444 Thread 0x000002443ac91430 Exception <a 'java/lang/NoSuchMethodError'{0x0000000712a81228}: 'java.lang.Object java.lang.invoke.DirectMethodHandle$Holder.invokeInterface(java.lang.Object, java.lang.Object)'> (0x0000000712a81228) 
thrown [s\open\src\hotspot\share\interpreter\linkResolver.cpp, line 773]
Event: 69.061 Thread 0x000002443ac91430 Exception <a 'java/lang/NoSuchMethodError'{0x0000000712b1fad0}: 'int java.lang.invoke.DirectMethodHandle$Holder.invokeStatic(java.lang.Object, java.lang.Object, java.lang.Object, java.lang.Object)'> (0x0000000712b1fad0) 
thrown [s\open\src\hotspot\share\interpreter\linkResolver.cpp, line 773]
Event: 69.062 Thread 0x000002443ac91430 Exception <a 'java/lang/NoSuchMethodError'{0x0000000712b23160}: 'java.lang.Object java.lang.invoke.Invokers$Holder.invokeExact_MT(java.lang.Object, java.lang.Object, java.lang.Object, java.lang.Object, java.lang.Object, java.lang.Object)'> (0x0000000712b23160) 
thrown [s\open\src\hotspot\share\interpreter\linkResolver.cpp, line 773]
Event: 69.067 Thread 0x000002443ac91430 Exception <a 'java/lang/NoSuchMethodError'{0x0000000712b31968}: 'int java.lang.invoke.DirectMethodHandle$Holder.invokeSpecialIFC(java.lang.Object, java.lang.Object, java.lang.Object, java.lang.Object, java.lang.Object)'> (0x0000000712b31968) 
thrown [s\open\src\hotspot\share\interpreter\linkResolver.cpp, line 773]
Event: 72.006 Thread 0x000002443ac91430 Exception <a 'java/lang/NoSuchMethodError'{0x00000007128c61c0}: 'java.lang.Object java.lang.invoke.DirectMethodHandle$Holder.newInvokeSpecial(java.lang.Object, java.lang.Object, java.lang.Object, java.lang.Object, java.lang.Object)'> (0x00000007128c61c0) 
thrown [s\open\src\hotspot\share\interpreter\linkResolver.cpp, line 773]
Event: 72.925 Thread 0x000002443ac91430 Exception <a 'java/lang/NoSuchMethodError'{0x00000007129c9fc0}: 'int java.lang.invoke.DirectMethodHandle$Holder.invokeStaticInit(java.lang.Object, java.lang.Object)'> (0x00000007129c9fc0) 
thrown [s\open\src\hotspot\share\interpreter\linkResolver.cpp, line 773]
Event: 73.680 Thread 0x000002443ac91430 Exception <a 'java/lang/NoClassDefFoundError'{0x0000000712600ee0}: javax/enterprise/inject/Typed> (0x0000000712600ee0) 
thrown [s\open\src\hotspot\share\classfile\systemDictionary.cpp, line 301]

ZGC Phase Switch (0 events):
No events

VM Operations (20 events):
Event: 70.760 Executing VM operation: Cleanup
Event: 70.779 Executing VM operation: Cleanup done
Event: 71.791 Executing VM operation: Cleanup
Event: 71.996 Executing VM operation: Cleanup done
Event: 73.009 Executing VM operation: Cleanup
Event: 73.680 Executing VM operation: Cleanup done
Event: 74.692 Executing VM operation: Cleanup
Event: 74.692 Executing VM operation: Cleanup done
Event: 80.656 Executing VM operation: G1CollectForAllocation (G1 Evacuation Pause)
Event: 90.537 Executing VM operation: G1CollectForAllocation (G1 Evacuation Pause) done
Event: 92.540 Executing VM operation: Cleanup
Event: 92.841 Executing VM operation: Cleanup done
Event: 93.852 Executing VM operation: Cleanup
Event: 93.931 Executing VM operation: Cleanup done
Event: 94.935 Executing VM operation: Cleanup
Event: 95.635 Executing VM operation: Cleanup done
Event: 96.638 Executing VM operation: Cleanup
Event: 96.783 Executing VM operation: Cleanup done
Event: 97.788 Executing VM operation: Cleanup
Event: 98.107 Executing VM operation: Cleanup done

Events (18 events):
Event: 3.468 Thread 0x000002443ac91430 Thread added: 0x000002443ac91430
Event: 4.549 Thread 0x000002445bfa0c80 Thread added: 0x000002445bfa0c80
Event: 4.549 Thread 0x000002445bfa7aa0 Thread added: 0x000002445bfa7aa0
Event: 4.550 Thread 0x000002445bfaa7b0 Thread added: 0x000002445bfaa7b0
Event: 4.550 Thread 0x000002445bfab200 Thread added: 0x000002445bfab200
Event: 4.797 Thread 0x000002445bfacae0 Thread added: 0x000002445bfacae0
Event: 4.797 Thread 0x000002445bfad530 Thread added: 0x000002445bfad530
Event: 4.797 Thread 0x000002445bfb02c0 Thread added: 0x000002445bfb02c0
Event: 4.945 Thread 0x000002445bfb4100 Thread added: 0x000002445bfb4100
Event: 5.539 Thread 0x000002445bfbe7a0 Thread added: 0x000002445bfbe7a0
Event: 7.046 Thread 0x000002449d1fd340 Thread added: 0x000002449d1fd340
Event: 7.046 Thread 0x000002449d1fd9a0 Thread added: 0x000002449d1fd9a0
Event: 24.084 Thread 0x000002449d3f1f50 Thread added: 0x000002449d3f1f50
Event: 57.377 Thread 0x000002449d3f1f50 Thread exited: 0x000002449d3f1f50
Event: 79.979 Thread 0x000002449d6ad6a0 Thread added: 0x000002449d6ad6a0
Event: 79.983 Thread 0x000002449d9671f0 Thread added: 0x000002449d9671f0
Event: 90.979 Thread 0x000002449d9671f0 Thread exited: 0x000002449d9671f0
Event: 92.194 Thread 0x000002449d6ad6a0 Thread exited: 0x000002449d6ad6a0


Dynamic libraries:
0x00007ff7e26f0000 - 0x00007ff7e2700000 	C:\Program Files\Java\jdk-21.0.6\bin\java.exe
0x00007ffbc1e40000 - 0x00007ffbc20a0000 	C:\WINDOWS\SYSTEM32\ntdll.dll
0x00007ffbc0980000 - 0x00007ffbc0a47000 	C:\WINDOWS\System32\KERNEL32.DLL
0x00007ffbbf020000 - 0x00007ffbbf3ea000 	C:\WINDOWS\System32\KERNELBASE.dll
0x00007ffbbf810000 - 0x00007ffbbf95b000 	C:\WINDOWS\System32\ucrtbase.dll
0x00007ffb815c0000 - 0x00007ffb815d9000 	C:\Program Files\Java\jdk-21.0.6\bin\jli.dll
0x00007ffbc0450000 - 0x00007ffbc0502000 	C:\WINDOWS\System32\ADVAPI32.dll
0x00007ffbc02c0000 - 0x00007ffbc0369000 	C:\WINDOWS\System32\msvcrt.dll
0x00007ffbbff10000 - 0x00007ffbbffb6000 	C:\WINDOWS\System32\sechost.dll
0x00007ffbc0860000 - 0x00007ffbc0976000 	C:\WINDOWS\System32\RPCRT4.dll
0x00007ffbbfc40000 - 0x00007ffbbfe0c000 	C:\WINDOWS\System32\USER32.dll
0x00007ffbbf3f0000 - 0x00007ffbbf417000 	C:\WINDOWS\System32\win32u.dll
0x00007ffbc18f0000 - 0x00007ffbc191a000 	C:\WINDOWS\System32\GDI32.dll
0x00007ffbbf620000 - 0x00007ffbbf751000 	C:\WINDOWS\System32\gdi32full.dll
0x00007ffbbf760000 - 0x00007ffbbf803000 	C:\WINDOWS\System32\msvcp_win.dll
0x00007ffba5240000 - 0x00007ffba54d7000 	C:\WINDOWS\WinSxS\amd64_microsoft.windows.common-controls_6595b64144ccf1df_6.0.26100.3624_none_3e086962e3345f24\COMCTL32.dll
0x00007ffbaee60000 - 0x00007ffbaee6b000 	C:\WINDOWS\SYSTEM32\VERSION.dll
0x00007ffba0ac0000 - 0x00007ffba0adb000 	C:\Program Files\Java\jdk-21.0.6\bin\VCRUNTIME140.dll
0x00007ffbc0820000 - 0x00007ffbc084f000 	C:\WINDOWS\System32\IMM32.DLL
0x00007ffbb0a50000 - 0x00007ffbb0a5c000 	C:\Program Files\Java\jdk-21.0.6\bin\vcruntime140_1.dll
0x00007ffb77ad0000 - 0x00007ffb77b5e000 	C:\Program Files\Java\jdk-21.0.6\bin\msvcp140.dll
0x00007ffb58f30000 - 0x00007ffb59c4a000 	C:\Program Files\Java\jdk-21.0.6\bin\server\jvm.dll
0x00007ffbc0b30000 - 0x00007ffbc0ba4000 	C:\WINDOWS\System32\WS2_32.dll
0x00007ffbbe6d0000 - 0x00007ffbbe72e000 	C:\WINDOWS\SYSTEM32\POWRPROF.dll
0x00007ffbb7340000 - 0x00007ffbb7376000 	C:\WINDOWS\SYSTEM32\WINMM.dll
0x00007ffbbe6b0000 - 0x00007ffbbe6c4000 	C:\WINDOWS\SYSTEM32\UMPDC.dll
0x00007ffbbdd90000 - 0x00007ffbbddaa000 	C:\WINDOWS\SYSTEM32\kernel.appcore.dll
0x00007ffba0c80000 - 0x00007ffba0c8a000 	C:\Program Files\Java\jdk-21.0.6\bin\jimage.dll
0x000000005fc40000 - 0x000000005fdd6000 	C:\Program Files\Microsoft SQL Server\110\Shared\DBGHELP.DLL
0x00007ffbb9d50000 - 0x00007ffbb9d5f000 	C:\Program Files\Java\jdk-21.0.6\bin\instrument.dll
0x00007ffb815a0000 - 0x00007ffb815bf000 	C:\Program Files\Java\jdk-21.0.6\bin\java.dll
0x00007ffbc1080000 - 0x00007ffbc17a9000 	C:\WINDOWS\System32\SHELL32.dll
0x00007ffbbf4b0000 - 0x00007ffbbf618000 	C:\WINDOWS\System32\wintypes.dll
0x00007ffbc1920000 - 0x00007ffbc1ca2000 	C:\WINDOWS\System32\combase.dll
0x00007ffbbcc80000 - 0x00007ffbbd4d2000 	C:\WINDOWS\SYSTEM32\windows.storage.dll
0x00007ffbc1800000 - 0x00007ffbc18ed000 	C:\WINDOWS\System32\SHCORE.dll
0x00007ffbc1cb0000 - 0x00007ffbc1d14000 	C:\WINDOWS\System32\shlwapi.dll
0x00007ffbbef30000 - 0x00007ffbbef5f000 	C:\WINDOWS\SYSTEM32\profapi.dll
0x00007ffb81440000 - 0x00007ffb81458000 	C:\Program Files\Java\jdk-21.0.6\bin\zip.dll
0x00007ffb6cb30000 - 0x00007ffb6cc07000 	C:\Program Files\Java\jdk-21.0.6\bin\jsvml.dll
0x00007ffb96630000 - 0x00007ffb96640000 	C:\Program Files\Java\jdk-21.0.6\bin\net.dll
0x00007ffbb9120000 - 0x00007ffbb923d000 	C:\WINDOWS\SYSTEM32\WINHTTP.dll
0x00007ffbbe2f0000 - 0x00007ffbbe35a000 	C:\WINDOWS\system32\mswsock.dll
0x00007ffb81530000 - 0x00007ffb81546000 	C:\Program Files\Java\jdk-21.0.6\bin\nio.dll
0x00007ffbb9990000 - 0x00007ffbb99aa000 	C:\Program Files\JetBrains\IntelliJ IDEA 2023.3.4\bin\breakgen64.dll
0x00007ffb8f2e0000 - 0x00007ffb8f2e9000 	C:\Program Files\Java\jdk-21.0.6\bin\extnet.dll
0x00007ffb6b7a0000 - 0x00007ffb6b7c4000 	C:\Users\DELL\AppData\Local\Temp\jansi-2.4.1-201544c112d09764-jansi.dll
0x00007ffb81fe0000 - 0x00007ffb81ff0000 	C:\Program Files\Java\jdk-21.0.6\bin\verify.dll

dbghelp: loaded successfully - version: 4.0.5 - missing functions: none
symbol engine: initialized successfully - sym options: 0x614 - pdb path: .;C:\Program Files\Java\jdk-21.0.6\bin;C:\WINDOWS\SYSTEM32;C:\WINDOWS\WinSxS\amd64_microsoft.windows.common-controls_6595b64144ccf1df_6.0.26100.3624_none_3e086962e3345f24;C:\Program Files\Java\jdk-21.0.6\bin\server;C:\Program Files\Microsoft SQL Server\110\Shared;C:\Program Files\JetBrains\IntelliJ IDEA 2023.3.4\bin;C:\Users\DELL\AppData\Local\Temp

VM Arguments:
jvm_args: -Dmaven.multiModuleProjectDirectory=C:\Users\DELL\Desktop\angular Project\backEnd\carsAgence -Djansi.passthrough=true -Dmaven.home=C:\Users\DELL\.m2\wrapper\dists\apache-maven-3.9.9-bin\4nf9hui3q3djbarqar9g711ggc\apache-maven-3.9.9 -Dclassworlds.conf=C:\Users\DELL\.m2\wrapper\dists\apache-maven-3.9.9-bin\4nf9hui3q3djbarqar9g711ggc\apache-maven-3.9.9\bin\m2.conf -Dmaven.ext.class.path=C:\Program Files\JetBrains\IntelliJ IDEA 2023.3.4\plugins\maven\lib\maven-event-listener.jar -javaagent:C:\Program Files\JetBrains\IntelliJ IDEA 2023.3.4\lib\idea_rt.jar=52360:C:\Program Files\JetBrains\IntelliJ IDEA 2023.3.4\bin -Dfile.encoding=UTF-8 -Dsun.stdout.encoding=UTF-8 -Dsun.stderr.encoding=UTF-8 
java_command: org.codehaus.classworlds.Launcher -Didea.version=2023.3.4 clean install
java_class_path (initial): C:\Users\DELL\.m2\wrapper\dists\apache-maven-3.9.9-bin\4nf9hui3q3djbarqar9g711ggc\apache-maven-3.9.9\boot\plexus-classworlds-2.8.0.jar;C:\Users\DELL\.m2\wrapper\dists\apache-maven-3.9.9-bin\4nf9hui3q3djbarqar9g711ggc\apache-maven-3.9.9\boot\plexus-classworlds.license
Launcher Type: SUN_STANDARD

[Global flags]
     intx CICompilerCount                          = 4                                         {product} {ergonomic}
     uint ConcGCThreads                            = 2                                         {product} {ergonomic}
     uint G1ConcRefinementThreads                  = 8                                         {product} {ergonomic}
   size_t G1HeapRegionSize                         = 2097152                                   {product} {ergonomic}
    uintx GCDrainStackTargetSize                   = 64                                        {product} {ergonomic}
   size_t InitialHeapSize                          = 264241152                                 {product} {ergonomic}
   size_t MarkStackSize                            = 4194304                                   {product} {ergonomic}
   size_t MaxHeapSize                              = 4227858432                                {product} {ergonomic}
   size_t MaxNewSize                               = 2535456768                                {product} {ergonomic}
   size_t MinHeapDeltaBytes                        = 2097152                                   {product} {ergonomic}
   size_t MinHeapSize                              = 8388608                                   {product} {ergonomic}
    uintx NonNMethodCodeHeapSize                   = 5839372                                {pd product} {ergonomic}
    uintx NonProfiledCodeHeapSize                  = 122909434                              {pd product} {ergonomic}
    uintx ProfiledCodeHeapSize                     = 122909434                              {pd product} {ergonomic}
    uintx ReservedCodeCacheSize                    = 251658240                              {pd product} {ergonomic}
     bool SegmentedCodeCache                       = true                                      {product} {ergonomic}
   size_t SoftMaxHeapSize                          = 4227858432                             {manageable} {ergonomic}
     bool UseCompressedOops                        = true                           {product lp64_product} {ergonomic}
     bool UseG1GC                                  = true                                      {product} {ergonomic}
     bool UseLargePagesIndividualAllocation        = false                                  {pd product} {ergonomic}

Logging:
Log output configuration:
 #0: stdout all=warning uptime,level,tags foldmultilines=false
 #1: stderr all=off uptime,level,tags foldmultilines=false

Environment Variables:
PATH=C:\PySchool\3.10-32-bit\Scripts;C:\PySchool\3.10-32-bit;C:\oraclexe\app\oracle\product\11.2.0\server\bin;C:\Program Files (x86)\VMware\VMware Workstation\bin\;C:\Program Files\Common Files\Siemens\Automation\Simatic OAM\bin;C:\WINDOWS\system32;C:\WINDOWS;C:\WINDOWS\System32\Wbem;C:\WINDOWS\System32\WindowsPowerShell\v1.0\;C:\WINDOWS\System32\OpenSSH\;C:\Program Files (x86)\Microchip\MPLAB C32 Suite\bin;c:\Program Files (x86)\Microsoft SQL Server\100\Tools\Binn\;c:\Program Files\Microsoft SQL Server\100\Tools\Binn\;c:\Program Files\Microsoft SQL Server\100\DTS\Binn\;C:\Users\DELL\AppData\Local\Programs\Python\Python311;C:\Users\DELL\AppData\Local\Programs\Python\Python311\Scripts;C:\wamp64\bin\php\php8.2.0;C:\wamp64\bin;C:\Program Files\Git\cmd;C:\Program Files\dotnet\;C:\Program Files\Docker\Docker\resources\bin;C:\Users\DELL\AppData\Local\nvm;C:\nvm4w\nodejs;C:\Program Files\Microsoft SQL Server\150\Tools\Binn\;C:\Program Files\Microsoft SQL Server\Client SDK\ODBC\170\Tools\Binn\;C:\Program Files (x86)\Windows Kits\10\Windows Performance Toolkit\;C:\Program Files\Microsoft SQL Server\110\DTS\Binn\;C:\Program Files (x86)\Microsoft SQL Server\110\Tools\Binn\;C:\Program Files\Microsoft SQL Server\110\Tools\Binn\;C:\Program Files (x86)\Microsoft SQL Server\110\Tools\Binn\ManagementStudio\;C:\Program Files (x86)\Microsoft Visual Studio 10.0\Common7\IDE\PrivateAssemblies\;C:\Program Files (x86)\Microsoft SQL Server\110\DTS\Binn\;C:\Program Files\Java\jdk-21.0.6\bin;C:\Users\DELL\scoop\shims;C:\Users\DELL\AppData\Local\Microsoft\WindowsApps;C:\phpm\php-8.2.3 (1);C:\Program Files\JetBrains\PhpStorm 2023.1\bin;;C:\wamp64\bin;C:\Users\DELL\AppData\Local\Programs\Microsoft VS Code\bin;C:\Users\DELL\AppData\Roaming\npm;C:\Users\DELL\AppData\Local\nvm;C:\nvm4w\nodejs;C:\Users\DELL\.dotnet\tools;C:\Users\DELL\AppData\Local\Programs\cursor\resources\app\bin
USERNAME=DELL
OS=Windows_NT
PROCESSOR_IDENTIFIER=Intel64 Family 6 Model 140 Stepping 1, GenuineIntel
TMP=C:\Users\DELL\AppData\Local\Temp
TEMP=C:\Users\DELL\AppData\Local\Temp




Periodic native trim disabled

---------------  S Y S T E M  ---------------

OS:
 Windows 11 , 64 bit Build 26100 (10.0.26100.3775)
OS uptime: 1 days 17:54 hours
Hyper-V role detected

CPU: total 8 (initial active 8) (4 cores per cpu, 2 threads per core) family 6 model 140 stepping 1 microcode 0xba, cx8, cmov, fxsr, ht, mmx, 3dnowpref, sse, sse2, sse3, ssse3, sse4.1, sse4.2, popcnt, lzcnt, tsc, tscinvbit, avx, avx2, aes, erms, clmul, bmi1, bmi2, adx, avx512f, avx512dq, avx512cd, avx512bw, avx512vl, sha, fma, vzeroupper, avx512_vpopcntdq, avx512_vpclmulqdq, avx512_vaes, avx512_vnni, clflush, clflushopt, clwb, avx512_vbmi2, avx512_vbmi, hv, rdtscp, rdpid, fsrm, gfni, avx512_bitalg, f16c, cet_ibt, cet_ss, avx512_ifma
Processor Information for all 8 processors :
  Max Mhz: 2419, Current Mhz: 2419, Mhz Limit: 2419

Memory: 4k page, system-wide physical 16126M (1210M free)
TotalPageFile size 65278M (AvailPageFile size 0M)
current process WorkingSet (physical memory assigned to process): 54M, peak: 78M
current process commit charge ("private bytes"): 347M, peak: 366M

vm_info: Java HotSpot(TM) 64-Bit Server VM (21.0.6+8-LTS-188) for windows-amd64 JRE (21.0.6+8-LTS-188), built on 2024-12-03T10:50:54Z by "mach5one" with MS VC++ 17.6 (VS2022)

END.
