#
# There is insufficient memory for the Java Runtime Environment to continue.
# Native memory allocation (malloc) failed to allocate 32744 bytes for Chunk::new
# Possible reasons:
#   The system is out of physical RAM or swap space
#   The process is running with CompressedOops enabled, and the Java Heap may be blocking the growth of the native heap
# Possible solutions:
#   Reduce memory load on the system
#   Increase physical memory or swap space
#   Check if swap backing store is full
#   Decrease Java heap size (-Xmx/-Xms)
#   Decrease number of Java threads
#   Decrease Java thread stack sizes (-Xss)
#   Set larger code cache with -XX:ReservedCodeCacheSize=
#   JVM is running with Zero Based Compressed Oops mode in which the Java heap is
#     placed in the first 32GB address space. The Java Heap base address is the
#     maximum limit for the native heap growth. Please use -XX:HeapBaseMinAddress
#     to set the Java Heap base and to place the Java Heap above 32GB virtual address.
# This output file may be truncated or incomplete.
#
#  Out of Memory Error (arena.cpp:168), pid=18856, tid=19108
#
# JRE version: Java(TM) SE Runtime Environment (21.0.6+8) (build 21.0.6+8-LTS-188)
# Java VM: Java HotSpot(TM) 64-Bit Server VM (21.0.6+8-LTS-188, mixed mode, sharing, tiered, compressed oops, compressed class ptrs, g1 gc, windows-amd64)
# No core dump will be written. Minidumps are not enabled by default on client versions of Windows
#

---------------  S U M M A R Y ------------

Command Line: -Dmaven.multiModuleProjectDirectory=C:\Users\DELL\Desktop\angular Project\backEnd\carsAgence -Djansi.passthrough=true -Dmaven.home=C:\Users\DELL\.m2\wrapper\dists\apache-maven-3.9.9-bin\4nf9hui3q3djbarqar9g711ggc\apache-maven-3.9.9 -Dclassworlds.conf=C:\Users\DELL\.m2\wrapper\dists\apache-maven-3.9.9-bin\4nf9hui3q3djbarqar9g711ggc\apache-maven-3.9.9\bin\m2.conf -Dmaven.ext.class.path=C:\Program Files\JetBrains\IntelliJ IDEA 2023.3.4\plugins\maven\lib\maven-event-listener.jar -javaagent:C:\Program Files\JetBrains\IntelliJ IDEA 2023.3.4\lib\idea_rt.jar=52282:C:\Program Files\JetBrains\IntelliJ IDEA 2023.3.4\bin -Dfile.encoding=UTF-8 -Dsun.stdout.encoding=UTF-8 -Dsun.stderr.encoding=UTF-8 org.codehaus.classworlds.Launcher -Didea.version=2023.3.4 clean install

Host: 11th Gen Intel(R) Core(TM) i5-1135G7 @ 2.40GHz, 8 cores, 15G,  Windows 11 , 64 bit Build 26100 (10.0.26100.3775)
Time: Tue Apr 22 17:31:55 2025 Afr. centrale Ouest elapsed time: 125.543565 seconds (0d 0h 2m 5s)

---------------  T H R E A D  ---------------

Current thread (0x000001ec34007f70):  JavaThread "C2 CompilerThread0" daemon [_thread_in_native, id=19108, stack(0x000000a251f00000,0x000000a252000000) (1024K)]


Current CompileTask:
C2: 125543 3394   !   4       org.codehaus.plexus.util.xml.pull.MXParser::parseComment (590 bytes)

Stack: [0x000000a251f00000,0x000000a252000000]
Native frames: (J=compiled Java code, j=interpreted, Vv=VM code, C=native code)
V  [jvm.dll+0x6ca6d9]
V  [jvm.dll+0x854f51]
V  [jvm.dll+0x85747e]
V  [jvm.dll+0x857b53]
V  [jvm.dll+0x27dcc6]
V  [jvm.dll+0xc4c2d]
V  [jvm.dll+0xc5163]
V  [jvm.dll+0x394c25]
V  [jvm.dll+0x39c8d1]
V  [jvm.dll+0x1ca85d]
V  [jvm.dll+0x2f01cf]
V  [jvm.dll+0x6e4918]
V  [jvm.dll+0x6dcb45]
V  [jvm.dll+0x6dc00e]
V  [jvm.dll+0x6da22c]
V  [jvm.dll+0x1c9dec]
V  [jvm.dll+0x2f01cf]
V  [jvm.dll+0x6e4918]
V  [jvm.dll+0x6dcb45]
V  [jvm.dll+0x6dc00e]
V  [jvm.dll+0x6da22c]
V  [jvm.dll+0x1c9dec]
V  [jvm.dll+0x245a6e]
V  [jvm.dll+0x1c6d2e]
V  [jvm.dll+0x2554f9]
V  [jvm.dll+0x253a8a]
V  [jvm.dll+0x3ee576]
V  [jvm.dll+0x7ff2fb]
V  [jvm.dll+0x6c8dbd]
C  [ucrtbase.dll+0x37b0]
C  [KERNEL32.DLL+0x2e8d7]
C  [ntdll.dll+0xb14fc]


---------------  P R O C E S S  ---------------

Threads class SMR info:
_java_thread_list=0x000001ec34411b70, length=13, elements={
0x000001ec12d72240, 0x000001ec33ff8340, 0x000001ec33ffd150, 0x000001ec340000c0,
0x000001ec34005120, 0x000001ec34002f20, 0x000001ec34003580, 0x000001ec34007f70,
0x000001ec34009510, 0x000001ec3417e6f0, 0x000001ec34437f90, 0x000001ec344385f0,
0x000001ec347b0e60
}

Java Threads: ( => current thread )
  0x000001ec12d72240 JavaThread "main"                              [_thread_in_vm, id=19500, stack(0x000000a251100000,0x000000a251200000) (1024K)]
  0x000001ec33ff8340 JavaThread "Reference Handler"          daemon [_thread_blocked, id=12368, stack(0x000000a251900000,0x000000a251a00000) (1024K)]
  0x000001ec33ffd150 JavaThread "Finalizer"                  daemon [_thread_blocked, id=15356, stack(0x000000a251a00000,0x000000a251b00000) (1024K)]
  0x000001ec340000c0 JavaThread "Signal Dispatcher"          daemon [_thread_blocked, id=10708, stack(0x000000a251b00000,0x000000a251c00000) (1024K)]
  0x000001ec34005120 JavaThread "Attach Listener"            daemon [_thread_blocked, id=10640, stack(0x000000a251c00000,0x000000a251d00000) (1024K)]
  0x000001ec34002f20 JavaThread "Service Thread"             daemon [_thread_blocked, id=15172, stack(0x000000a251d00000,0x000000a251e00000) (1024K)]
  0x000001ec34003580 JavaThread "Monitor Deflation Thread"   daemon [_thread_blocked, id=18180, stack(0x000000a251e00000,0x000000a251f00000) (1024K)]
=>0x000001ec34007f70 JavaThread "C2 CompilerThread0"         daemon [_thread_in_native, id=19108, stack(0x000000a251f00000,0x000000a252000000) (1024K)]
  0x000001ec34009510 JavaThread "C1 CompilerThread0"         daemon [_thread_in_native, id=20560, stack(0x000000a252000000,0x000000a252100000) (1024K)]
  0x000001ec3417e6f0 JavaThread "Common-Cleaner"             daemon [_thread_blocked, id=13880, stack(0x000000a252100000,0x000000a252200000) (1024K)]
  0x000001ec34437f90 JavaThread "Monitor Ctrl-Break"         daemon [_thread_in_native, id=23392, stack(0x000000a252200000,0x000000a252300000) (1024K)]
  0x000001ec344385f0 JavaThread "Notification Thread"        daemon [_thread_blocked, id=2092, stack(0x000000a252300000,0x000000a252400000) (1024K)]
  0x000001ec347b0e60 JavaThread "Thread-1"                   daemon [_thread_blocked, id=20288, stack(0x000000a251000000,0x000000a251100000) (1024K)]
Total: 13

Other Threads:
  0x000001ec33fde2d0 VMThread "VM Thread"                           [id=21464, stack(0x000000a251800000,0x000000a251900000) (1024K)]
  0x000001ec33fce400 WatcherThread "VM Periodic Task Thread"        [id=15728, stack(0x000000a251700000,0x000000a251800000) (1024K)]
  0x000001ec12dd9f60 WorkerThread "GC Thread#0"                     [id=18992, stack(0x000000a251200000,0x000000a251300000) (1024K)]
  0x000001ec34961de0 WorkerThread "GC Thread#1"                     [id=21920, stack(0x000000a252600000,0x000000a252700000) (1024K)]
  0x000001ec34d38430 WorkerThread "GC Thread#2"                     [id=18760, stack(0x000000a252700000,0x000000a252800000) (1024K)]
  0x000001ec34d387d0 WorkerThread "GC Thread#3"                     [id=100, stack(0x000000a252800000,0x000000a252900000) (1024K)]
  0x000001ec347b3c50 WorkerThread "GC Thread#4"                     [id=20780, stack(0x000000a252900000,0x000000a252a00000) (1024K)]
  0x000001ec347b3ff0 WorkerThread "GC Thread#5"                     [id=12420, stack(0x000000a252a00000,0x000000a252b00000) (1024K)]
  0x000001ec7a499980 WorkerThread "GC Thread#6"                     [id=24048, stack(0x000000a252b00000,0x000000a252c00000) (1024K)]
  0x000001ec7a499d20 WorkerThread "GC Thread#7"                     [id=24052, stack(0x000000a252c00000,0x000000a252d00000) (1024K)]
  0x000001ec12deb260 ConcurrentGCThread "G1 Main Marker"            [id=9764, stack(0x000000a251300000,0x000000a251400000) (1024K)]
  0x000001ec12debf80 WorkerThread "G1 Conc#0"                       [id=19168, stack(0x000000a251400000,0x000000a251500000) (1024K)]
  0x000001ec33f74600 ConcurrentGCThread "G1 Refine#0"               [id=18088, stack(0x000000a251500000,0x000000a251600000) (1024K)]
  0x000001ec33f75080 ConcurrentGCThread "G1 Service"                [id=12844, stack(0x000000a251600000,0x000000a251700000) (1024K)]
Total: 14

Threads with active compile tasks:
C2 CompilerThread0   125605 3394   !   4       org.codehaus.plexus.util.xml.pull.MXParser::parseComment (590 bytes)
C1 CompilerThread0   125605 3398   !   3       java.util.regex.Pattern::RemoveQEQuoting (370 bytes)
Total: 2

VM state: not at safepoint (normal execution)

VM Mutex/Monitor currently owned by a thread:  ([mutex/lock_event])
[0x00007ffb59b6cf98] PeriodicTask_lock - owner thread: 0x000001ec33fce400

Heap address: 0x0000000704000000, size: 4032 MB, Compressed Oops mode: Zero based, Oop shift amount: 3

CDS archive(s) mapped at: [0x000001ec35000000-0x000001ec35c90000-0x000001ec35c90000), size 13172736, SharedBaseAddress: 0x000001ec35000000, ArchiveRelocationMode: 1.
Compressed class space mapped at: 0x000001ec36000000-0x000001ec76000000, reserved size: 1073741824
Narrow klass base: 0x000001ec35000000, Narrow klass shift: 0, Narrow klass range: 0x100000000

GC Precious Log:
 CardTable entry size: 512
 Card Set container configuration: InlinePtr #cards 4 size 8 Array Of Cards #cards 16 size 48 Howl #buckets 8 coarsen threshold 3686 Howl Bitmap #cards 512 size 80 coarsen threshold 460 Card regions per heap region 1 cards per card region 4096
 CPUs: 8 total, 8 available
 Memory: 16126M
 Large Page Support: Disabled
 NUMA Support: Disabled
 Compressed Oops: Enabled (Zero based)
 Heap Region Size: 2M
 Heap Min Capacity: 8M
 Heap Initial Capacity: 252M
 Heap Max Capacity: 4032M
 Pre-touch: Disabled
 Parallel Workers: 8
 Concurrent Workers: 2
 Concurrent Refinement Workers: 8
 Periodic GC: Disabled

Heap:
 garbage-first heap   total 258048K, used 50566K [0x0000000704000000, 0x0000000800000000)
  region size 2048K, 25 young (51200K), 1 survivors (2048K)
 Metaspace       used 16049K, committed 16320K, reserved 1114112K
  class space    used 1855K, committed 1984K, reserved 1048576K

Heap Regions: E=young(eden), S=young(survivor), O=old, HS=humongous(starts), HC=humongous(continues), CS=collection set, F=free, TAMS=top-at-mark-start, PB=parsable bottom
|   0|0x0000000704000000, 0x0000000704200000, 0x0000000704200000|100%| O|  |TAMS 0x0000000704000000| PB 0x0000000704000000| Untracked 
|   1|0x0000000704200000, 0x0000000704400000, 0x0000000704400000|100%| O|  |TAMS 0x0000000704200000| PB 0x0000000704200000| Untracked 
|   2|0x0000000704400000, 0x0000000704413900, 0x0000000704600000|  3%| O|  |TAMS 0x0000000704400000| PB 0x0000000704400000| Untracked 
|   3|0x0000000704600000, 0x0000000704600000, 0x0000000704800000|  0%| F|  |TAMS 0x0000000704600000| PB 0x0000000704600000| Untracked 
|   4|0x0000000704800000, 0x0000000704800000, 0x0000000704a00000|  0%| F|  |TAMS 0x0000000704800000| PB 0x0000000704800000| Untracked 
|   5|0x0000000704a00000, 0x0000000704a00000, 0x0000000704c00000|  0%| F|  |TAMS 0x0000000704a00000| PB 0x0000000704a00000| Untracked 
|   6|0x0000000704c00000, 0x0000000704c00000, 0x0000000704e00000|  0%| F|  |TAMS 0x0000000704c00000| PB 0x0000000704c00000| Untracked 
|   7|0x0000000704e00000, 0x0000000704e00000, 0x0000000705000000|  0%| F|  |TAMS 0x0000000704e00000| PB 0x0000000704e00000| Untracked 
|   8|0x0000000705000000, 0x0000000705000000, 0x0000000705200000|  0%| F|  |TAMS 0x0000000705000000| PB 0x0000000705000000| Untracked 
|   9|0x0000000705200000, 0x0000000705200000, 0x0000000705400000|  0%| F|  |TAMS 0x0000000705200000| PB 0x0000000705200000| Untracked 
|  10|0x0000000705400000, 0x0000000705400000, 0x0000000705600000|  0%| F|  |TAMS 0x0000000705400000| PB 0x0000000705400000| Untracked 
|  11|0x0000000705600000, 0x0000000705600000, 0x0000000705800000|  0%| F|  |TAMS 0x0000000705600000| PB 0x0000000705600000| Untracked 
|  12|0x0000000705800000, 0x0000000705800000, 0x0000000705a00000|  0%| F|  |TAMS 0x0000000705800000| PB 0x0000000705800000| Untracked 
|  13|0x0000000705a00000, 0x0000000705a00000, 0x0000000705c00000|  0%| F|  |TAMS 0x0000000705a00000| PB 0x0000000705a00000| Untracked 
|  14|0x0000000705c00000, 0x0000000705c00000, 0x0000000705e00000|  0%| F|  |TAMS 0x0000000705c00000| PB 0x0000000705c00000| Untracked 
|  15|0x0000000705e00000, 0x0000000705e00000, 0x0000000706000000|  0%| F|  |TAMS 0x0000000705e00000| PB 0x0000000705e00000| Untracked 
|  16|0x0000000706000000, 0x0000000706000000, 0x0000000706200000|  0%| F|  |TAMS 0x0000000706000000| PB 0x0000000706000000| Untracked 
|  17|0x0000000706200000, 0x0000000706200000, 0x0000000706400000|  0%| F|  |TAMS 0x0000000706200000| PB 0x0000000706200000| Untracked 
|  18|0x0000000706400000, 0x0000000706400000, 0x0000000706600000|  0%| F|  |TAMS 0x0000000706400000| PB 0x0000000706400000| Untracked 
|  19|0x0000000706600000, 0x0000000706600000, 0x0000000706800000|  0%| F|  |TAMS 0x0000000706600000| PB 0x0000000706600000| Untracked 
|  20|0x0000000706800000, 0x0000000706800000, 0x0000000706a00000|  0%| F|  |TAMS 0x0000000706800000| PB 0x0000000706800000| Untracked 
|  21|0x0000000706a00000, 0x0000000706a00000, 0x0000000706c00000|  0%| F|  |TAMS 0x0000000706a00000| PB 0x0000000706a00000| Untracked 
|  22|0x0000000706c00000, 0x0000000706c00000, 0x0000000706e00000|  0%| F|  |TAMS 0x0000000706c00000| PB 0x0000000706c00000| Untracked 
|  23|0x0000000706e00000, 0x0000000706e00000, 0x0000000707000000|  0%| F|  |TAMS 0x0000000706e00000| PB 0x0000000706e00000| Untracked 
|  24|0x0000000707000000, 0x0000000707000000, 0x0000000707200000|  0%| F|  |TAMS 0x0000000707000000| PB 0x0000000707000000| Untracked 
|  25|0x0000000707200000, 0x0000000707200000, 0x0000000707400000|  0%| F|  |TAMS 0x0000000707200000| PB 0x0000000707200000| Untracked 
|  26|0x0000000707400000, 0x0000000707400000, 0x0000000707600000|  0%| F|  |TAMS 0x0000000707400000| PB 0x0000000707400000| Untracked 
|  27|0x0000000707600000, 0x0000000707600000, 0x0000000707800000|  0%| F|  |TAMS 0x0000000707600000| PB 0x0000000707600000| Untracked 
|  28|0x0000000707800000, 0x0000000707800000, 0x0000000707a00000|  0%| F|  |TAMS 0x0000000707800000| PB 0x0000000707800000| Untracked 
|  29|0x0000000707a00000, 0x0000000707a00000, 0x0000000707c00000|  0%| F|  |TAMS 0x0000000707a00000| PB 0x0000000707a00000| Untracked 
|  30|0x0000000707c00000, 0x0000000707c00000, 0x0000000707e00000|  0%| F|  |TAMS 0x0000000707c00000| PB 0x0000000707c00000| Untracked 
|  31|0x0000000707e00000, 0x0000000707e00000, 0x0000000708000000|  0%| F|  |TAMS 0x0000000707e00000| PB 0x0000000707e00000| Untracked 
|  32|0x0000000708000000, 0x0000000708000000, 0x0000000708200000|  0%| F|  |TAMS 0x0000000708000000| PB 0x0000000708000000| Untracked 
|  33|0x0000000708200000, 0x0000000708200000, 0x0000000708400000|  0%| F|  |TAMS 0x0000000708200000| PB 0x0000000708200000| Untracked 
|  34|0x0000000708400000, 0x0000000708400000, 0x0000000708600000|  0%| F|  |TAMS 0x0000000708400000| PB 0x0000000708400000| Untracked 
|  35|0x0000000708600000, 0x0000000708600000, 0x0000000708800000|  0%| F|  |TAMS 0x0000000708600000| PB 0x0000000708600000| Untracked 
|  36|0x0000000708800000, 0x0000000708800000, 0x0000000708a00000|  0%| F|  |TAMS 0x0000000708800000| PB 0x0000000708800000| Untracked 
|  37|0x0000000708a00000, 0x0000000708a00000, 0x0000000708c00000|  0%| F|  |TAMS 0x0000000708a00000| PB 0x0000000708a00000| Untracked 
|  38|0x0000000708c00000, 0x0000000708c00000, 0x0000000708e00000|  0%| F|  |TAMS 0x0000000708c00000| PB 0x0000000708c00000| Untracked 
|  39|0x0000000708e00000, 0x0000000708e00000, 0x0000000709000000|  0%| F|  |TAMS 0x0000000708e00000| PB 0x0000000708e00000| Untracked 
|  40|0x0000000709000000, 0x0000000709000000, 0x0000000709200000|  0%| F|  |TAMS 0x0000000709000000| PB 0x0000000709000000| Untracked 
|  41|0x0000000709200000, 0x0000000709200000, 0x0000000709400000|  0%| F|  |TAMS 0x0000000709200000| PB 0x0000000709200000| Untracked 
|  42|0x0000000709400000, 0x0000000709400000, 0x0000000709600000|  0%| F|  |TAMS 0x0000000709400000| PB 0x0000000709400000| Untracked 
|  43|0x0000000709600000, 0x0000000709600000, 0x0000000709800000|  0%| F|  |TAMS 0x0000000709600000| PB 0x0000000709600000| Untracked 
|  44|0x0000000709800000, 0x0000000709800000, 0x0000000709a00000|  0%| F|  |TAMS 0x0000000709800000| PB 0x0000000709800000| Untracked 
|  45|0x0000000709a00000, 0x0000000709a00000, 0x0000000709c00000|  0%| F|  |TAMS 0x0000000709a00000| PB 0x0000000709a00000| Untracked 
|  46|0x0000000709c00000, 0x0000000709c00000, 0x0000000709e00000|  0%| F|  |TAMS 0x0000000709c00000| PB 0x0000000709c00000| Untracked 
|  47|0x0000000709e00000, 0x0000000709e00000, 0x000000070a000000|  0%| F|  |TAMS 0x0000000709e00000| PB 0x0000000709e00000| Untracked 
|  48|0x000000070a000000, 0x000000070a000000, 0x000000070a200000|  0%| F|  |TAMS 0x000000070a000000| PB 0x000000070a000000| Untracked 
|  49|0x000000070a200000, 0x000000070a200000, 0x000000070a400000|  0%| F|  |TAMS 0x000000070a200000| PB 0x000000070a200000| Untracked 
|  50|0x000000070a400000, 0x000000070a400000, 0x000000070a600000|  0%| F|  |TAMS 0x000000070a400000| PB 0x000000070a400000| Untracked 
|  51|0x000000070a600000, 0x000000070a600000, 0x000000070a800000|  0%| F|  |TAMS 0x000000070a600000| PB 0x000000070a600000| Untracked 
|  52|0x000000070a800000, 0x000000070a800000, 0x000000070aa00000|  0%| F|  |TAMS 0x000000070a800000| PB 0x000000070a800000| Untracked 
|  53|0x000000070aa00000, 0x000000070aa00000, 0x000000070ac00000|  0%| F|  |TAMS 0x000000070aa00000| PB 0x000000070aa00000| Untracked 
|  54|0x000000070ac00000, 0x000000070ac00000, 0x000000070ae00000|  0%| F|  |TAMS 0x000000070ac00000| PB 0x000000070ac00000| Untracked 
|  55|0x000000070ae00000, 0x000000070ae00000, 0x000000070b000000|  0%| F|  |TAMS 0x000000070ae00000| PB 0x000000070ae00000| Untracked 
|  56|0x000000070b000000, 0x000000070b000000, 0x000000070b200000|  0%| F|  |TAMS 0x000000070b000000| PB 0x000000070b000000| Untracked 
|  57|0x000000070b200000, 0x000000070b200000, 0x000000070b400000|  0%| F|  |TAMS 0x000000070b200000| PB 0x000000070b200000| Untracked 
|  58|0x000000070b400000, 0x000000070b400000, 0x000000070b600000|  0%| F|  |TAMS 0x000000070b400000| PB 0x000000070b400000| Untracked 
|  59|0x000000070b600000, 0x000000070b600000, 0x000000070b800000|  0%| F|  |TAMS 0x000000070b600000| PB 0x000000070b600000| Untracked 
|  60|0x000000070b800000, 0x000000070b800000, 0x000000070ba00000|  0%| F|  |TAMS 0x000000070b800000| PB 0x000000070b800000| Untracked 
|  61|0x000000070ba00000, 0x000000070ba00000, 0x000000070bc00000|  0%| F|  |TAMS 0x000000070ba00000| PB 0x000000070ba00000| Untracked 
|  62|0x000000070bc00000, 0x000000070bc00000, 0x000000070be00000|  0%| F|  |TAMS 0x000000070bc00000| PB 0x000000070bc00000| Untracked 
|  63|0x000000070be00000, 0x000000070be00000, 0x000000070c000000|  0%| F|  |TAMS 0x000000070be00000| PB 0x000000070be00000| Untracked 
|  64|0x000000070c000000, 0x000000070c000000, 0x000000070c200000|  0%| F|  |TAMS 0x000000070c000000| PB 0x000000070c000000| Untracked 
|  65|0x000000070c200000, 0x000000070c200000, 0x000000070c400000|  0%| F|  |TAMS 0x000000070c200000| PB 0x000000070c200000| Untracked 
|  66|0x000000070c400000, 0x000000070c400000, 0x000000070c600000|  0%| F|  |TAMS 0x000000070c400000| PB 0x000000070c400000| Untracked 
|  67|0x000000070c600000, 0x000000070c600000, 0x000000070c800000|  0%| F|  |TAMS 0x000000070c600000| PB 0x000000070c600000| Untracked 
|  68|0x000000070c800000, 0x000000070c800000, 0x000000070ca00000|  0%| F|  |TAMS 0x000000070c800000| PB 0x000000070c800000| Untracked 
|  69|0x000000070ca00000, 0x000000070ca00000, 0x000000070cc00000|  0%| F|  |TAMS 0x000000070ca00000| PB 0x000000070ca00000| Untracked 
|  70|0x000000070cc00000, 0x000000070cc00000, 0x000000070ce00000|  0%| F|  |TAMS 0x000000070cc00000| PB 0x000000070cc00000| Untracked 
|  71|0x000000070ce00000, 0x000000070ce00000, 0x000000070d000000|  0%| F|  |TAMS 0x000000070ce00000| PB 0x000000070ce00000| Untracked 
|  72|0x000000070d000000, 0x000000070d000000, 0x000000070d200000|  0%| F|  |TAMS 0x000000070d000000| PB 0x000000070d000000| Untracked 
|  73|0x000000070d200000, 0x000000070d200000, 0x000000070d400000|  0%| F|  |TAMS 0x000000070d200000| PB 0x000000070d200000| Untracked 
|  74|0x000000070d400000, 0x000000070d400000, 0x000000070d600000|  0%| F|  |TAMS 0x000000070d400000| PB 0x000000070d400000| Untracked 
|  75|0x000000070d600000, 0x000000070d600000, 0x000000070d800000|  0%| F|  |TAMS 0x000000070d600000| PB 0x000000070d600000| Untracked 
|  76|0x000000070d800000, 0x000000070d800000, 0x000000070da00000|  0%| F|  |TAMS 0x000000070d800000| PB 0x000000070d800000| Untracked 
|  77|0x000000070da00000, 0x000000070da00000, 0x000000070dc00000|  0%| F|  |TAMS 0x000000070da00000| PB 0x000000070da00000| Untracked 
|  78|0x000000070dc00000, 0x000000070dc00000, 0x000000070de00000|  0%| F|  |TAMS 0x000000070dc00000| PB 0x000000070dc00000| Untracked 
|  79|0x000000070de00000, 0x000000070de00000, 0x000000070e000000|  0%| F|  |TAMS 0x000000070de00000| PB 0x000000070de00000| Untracked 
|  80|0x000000070e000000, 0x000000070e000000, 0x000000070e200000|  0%| F|  |TAMS 0x000000070e000000| PB 0x000000070e000000| Untracked 
|  81|0x000000070e200000, 0x000000070e200000, 0x000000070e400000|  0%| F|  |TAMS 0x000000070e200000| PB 0x000000070e200000| Untracked 
|  82|0x000000070e400000, 0x000000070e400000, 0x000000070e600000|  0%| F|  |TAMS 0x000000070e400000| PB 0x000000070e400000| Untracked 
|  83|0x000000070e600000, 0x000000070e600000, 0x000000070e800000|  0%| F|  |TAMS 0x000000070e600000| PB 0x000000070e600000| Untracked 
|  84|0x000000070e800000, 0x000000070e800000, 0x000000070ea00000|  0%| F|  |TAMS 0x000000070e800000| PB 0x000000070e800000| Untracked 
|  85|0x000000070ea00000, 0x000000070ea00000, 0x000000070ec00000|  0%| F|  |TAMS 0x000000070ea00000| PB 0x000000070ea00000| Untracked 
|  86|0x000000070ec00000, 0x000000070ec00000, 0x000000070ee00000|  0%| F|  |TAMS 0x000000070ec00000| PB 0x000000070ec00000| Untracked 
|  87|0x000000070ee00000, 0x000000070ee00000, 0x000000070f000000|  0%| F|  |TAMS 0x000000070ee00000| PB 0x000000070ee00000| Untracked 
|  88|0x000000070f000000, 0x000000070f000000, 0x000000070f200000|  0%| F|  |TAMS 0x000000070f000000| PB 0x000000070f000000| Untracked 
|  89|0x000000070f200000, 0x000000070f200000, 0x000000070f400000|  0%| F|  |TAMS 0x000000070f200000| PB 0x000000070f200000| Untracked 
|  90|0x000000070f400000, 0x000000070f400000, 0x000000070f600000|  0%| F|  |TAMS 0x000000070f400000| PB 0x000000070f400000| Untracked 
|  91|0x000000070f600000, 0x000000070f600000, 0x000000070f800000|  0%| F|  |TAMS 0x000000070f600000| PB 0x000000070f600000| Untracked 
|  92|0x000000070f800000, 0x000000070f800000, 0x000000070fa00000|  0%| F|  |TAMS 0x000000070f800000| PB 0x000000070f800000| Untracked 
|  93|0x000000070fa00000, 0x000000070fa00000, 0x000000070fc00000|  0%| F|  |TAMS 0x000000070fa00000| PB 0x000000070fa00000| Untracked 
|  94|0x000000070fc00000, 0x000000070fc00000, 0x000000070fe00000|  0%| F|  |TAMS 0x000000070fc00000| PB 0x000000070fc00000| Untracked 
|  95|0x000000070fe00000, 0x000000070fe00000, 0x0000000710000000|  0%| F|  |TAMS 0x000000070fe00000| PB 0x000000070fe00000| Untracked 
|  96|0x0000000710000000, 0x0000000710000000, 0x0000000710200000|  0%| F|  |TAMS 0x0000000710000000| PB 0x0000000710000000| Untracked 
|  97|0x0000000710200000, 0x0000000710200000, 0x0000000710400000|  0%| F|  |TAMS 0x0000000710200000| PB 0x0000000710200000| Untracked 
|  98|0x0000000710400000, 0x0000000710400000, 0x0000000710600000|  0%| F|  |TAMS 0x0000000710400000| PB 0x0000000710400000| Untracked 
|  99|0x0000000710600000, 0x0000000710600000, 0x0000000710800000|  0%| F|  |TAMS 0x0000000710600000| PB 0x0000000710600000| Untracked 
| 100|0x0000000710800000, 0x0000000710800000, 0x0000000710a00000|  0%| F|  |TAMS 0x0000000710800000| PB 0x0000000710800000| Untracked 
| 101|0x0000000710a00000, 0x0000000710bcb860, 0x0000000710c00000| 89%| E|  |TAMS 0x0000000710a00000| PB 0x0000000710a00000| Complete 
| 102|0x0000000710c00000, 0x0000000710e00000, 0x0000000710e00000|100%| E|CS|TAMS 0x0000000710c00000| PB 0x0000000710c00000| Complete 
| 103|0x0000000710e00000, 0x0000000711000000, 0x0000000711000000|100%| E|CS|TAMS 0x0000000710e00000| PB 0x0000000710e00000| Complete 
| 104|0x0000000711000000, 0x0000000711200000, 0x0000000711200000|100%| E|CS|TAMS 0x0000000711000000| PB 0x0000000711000000| Complete 
| 105|0x0000000711200000, 0x0000000711400000, 0x0000000711400000|100%| E|CS|TAMS 0x0000000711200000| PB 0x0000000711200000| Complete 
| 106|0x0000000711400000, 0x0000000711600000, 0x0000000711600000|100%| E|CS|TAMS 0x0000000711400000| PB 0x0000000711400000| Complete 
| 107|0x0000000711600000, 0x0000000711800000, 0x0000000711800000|100%| E|  |TAMS 0x0000000711600000| PB 0x0000000711600000| Complete 
| 108|0x0000000711800000, 0x000000071194e278, 0x0000000711a00000| 65%| S|CS|TAMS 0x0000000711800000| PB 0x0000000711800000| Complete 
| 109|0x0000000711a00000, 0x0000000711c00000, 0x0000000711c00000|100%| E|CS|TAMS 0x0000000711a00000| PB 0x0000000711a00000| Complete 
| 110|0x0000000711c00000, 0x0000000711e00000, 0x0000000711e00000|100%| E|CS|TAMS 0x0000000711c00000| PB 0x0000000711c00000| Complete 
| 111|0x0000000711e00000, 0x0000000712000000, 0x0000000712000000|100%| E|CS|TAMS 0x0000000711e00000| PB 0x0000000711e00000| Complete 
| 112|0x0000000712000000, 0x0000000712200000, 0x0000000712200000|100%| E|CS|TAMS 0x0000000712000000| PB 0x0000000712000000| Complete 
| 113|0x0000000712200000, 0x0000000712400000, 0x0000000712400000|100%| E|CS|TAMS 0x0000000712200000| PB 0x0000000712200000| Complete 
| 114|0x0000000712400000, 0x0000000712600000, 0x0000000712600000|100%| E|CS|TAMS 0x0000000712400000| PB 0x0000000712400000| Complete 
| 115|0x0000000712600000, 0x0000000712800000, 0x0000000712800000|100%| E|CS|TAMS 0x0000000712600000| PB 0x0000000712600000| Complete 
| 116|0x0000000712800000, 0x0000000712a00000, 0x0000000712a00000|100%| E|CS|TAMS 0x0000000712800000| PB 0x0000000712800000| Complete 
| 117|0x0000000712a00000, 0x0000000712c00000, 0x0000000712c00000|100%| E|CS|TAMS 0x0000000712a00000| PB 0x0000000712a00000| Complete 
| 118|0x0000000712c00000, 0x0000000712e00000, 0x0000000712e00000|100%| E|CS|TAMS 0x0000000712c00000| PB 0x0000000712c00000| Complete 
| 119|0x0000000712e00000, 0x0000000713000000, 0x0000000713000000|100%| E|CS|TAMS 0x0000000712e00000| PB 0x0000000712e00000| Complete 
| 120|0x0000000713000000, 0x0000000713200000, 0x0000000713200000|100%| E|CS|TAMS 0x0000000713000000| PB 0x0000000713000000| Complete 
| 121|0x0000000713200000, 0x0000000713400000, 0x0000000713400000|100%| E|CS|TAMS 0x0000000713200000| PB 0x0000000713200000| Complete 
| 122|0x0000000713400000, 0x0000000713600000, 0x0000000713600000|100%| E|CS|TAMS 0x0000000713400000| PB 0x0000000713400000| Complete 
| 123|0x0000000713600000, 0x0000000713800000, 0x0000000713800000|100%| E|CS|TAMS 0x0000000713600000| PB 0x0000000713600000| Complete 
| 124|0x0000000713800000, 0x0000000713a00000, 0x0000000713a00000|100%| E|CS|TAMS 0x0000000713800000| PB 0x0000000713800000| Complete 
| 125|0x0000000713a00000, 0x0000000713c00000, 0x0000000713c00000|100%| E|CS|TAMS 0x0000000713a00000| PB 0x0000000713a00000| Complete 

Card table byte_map: [0x000001ec2cf20000,0x000001ec2d700000] _byte_map_base: 0x000001ec29700000

Marking Bits: (CMBitMap*) 0x000001ec12ddad80
 Bits: [0x000001ec2d700000, 0x000001ec31600000)

Polling page: 0x000001ec12fd0000

Metaspace:

Usage:
  Non-class:     13.86 MB used.
      Class:      1.81 MB used.
       Both:     15.67 MB used.

Virtual space:
  Non-class space:       64.00 MB reserved,      14.00 MB ( 22%) committed,  1 nodes.
      Class space:        1.00 GB reserved,       1.94 MB ( <1%) committed,  1 nodes.
             Both:        1.06 GB reserved,      15.94 MB (  1%) committed. 

Chunk freelists:
   Non-Class:  2.03 MB
       Class:  13.97 MB
        Both:  16.00 MB

MaxMetaspaceSize: unlimited
CompressedClassSpaceSize: 1.00 GB
Initial GC threshold: 21.00 MB
Current GC threshold: 21.00 MB
CDS: on
 - commit_granule_bytes: 65536.
 - commit_granule_words: 8192.
 - virtual_space_node_default_size: 8388608.
 - enlarge_chunks_in_place: 1.
 - use_allocation_guard: 0.


Internal statistics:

num_allocs_failed_limit: 0.
num_arena_births: 176.
num_arena_deaths: 0.
num_vsnodes_births: 2.
num_vsnodes_deaths: 0.
num_space_committed: 255.
num_space_uncommitted: 0.
num_chunks_returned_to_freelist: 0.
num_chunks_taken_from_freelist: 705.
num_chunk_merges: 0.
num_chunk_splits: 483.
num_chunks_enlarged: 387.
num_inconsistent_stats: 0.

CodeHeap 'non-profiled nmethods': size=120000Kb used=1465Kb max_used=1465Kb free=118534Kb
 bounds [0x000001ec24890000, 0x000001ec24b00000, 0x000001ec2bdc0000]
CodeHeap 'profiled nmethods': size=120000Kb used=6824Kb max_used=6824Kb free=113175Kb
 bounds [0x000001ec1cdc0000, 0x000001ec1d470000, 0x000001ec242f0000]
CodeHeap 'non-nmethods': size=5760Kb used=1561Kb max_used=1589Kb free=4199Kb
 bounds [0x000001ec242f0000, 0x000001ec24560000, 0x000001ec24890000]
 total_blobs=3895 nmethods=3390 adapters=408
 compilation: enabled
              stopped_count=0, restarted_count=0
 full_count=0

Compilation events (20 events):
Event: 119.116 Thread 0x000001ec34009510 3388       1       org.apache.maven.model.profile.DefaultProfileActivationContext::getSystemProperties (5 bytes)
Event: 119.116 Thread 0x000001ec34009510 nmethod 3388 0x000001ec249fd790 code [0x000001ec249fd920, 0x000001ec249fd9f0]
Event: 119.117 Thread 0x000001ec34009510 3389       3       org.jetbrains.maven.server.EventInfoPrinter::appendReplacingNewLines (137 bytes)
Event: 119.118 Thread 0x000001ec34009510 nmethod 3389 0x000001ec1d468010 code [0x000001ec1d4682c0, 0x000001ec1d468e48]
Event: 120.251 Thread 0x000001ec34009510 3390       3       java.util.Collections$UnmodifiableCollection::<init> (22 bytes)
Event: 120.251 Thread 0x000001ec34009510 nmethod 3390 0x000001ec1d469210 code [0x000001ec1d4693e0, 0x000001ec1d4696b0]
Event: 120.254 Thread 0x000001ec34009510 3391       3       org.codehaus.plexus.interpolation.StringSearchInterpolator::addValueSource (12 bytes)
Event: 120.254 Thread 0x000001ec34009510 nmethod 3391 0x000001ec1d469790 code [0x000001ec1d469940, 0x000001ec1d469b20]
Event: 120.271 Thread 0x000001ec34009510 3392       3       java.util.regex.Pattern$BmpCharProperty::<init> (6 bytes)
Event: 120.272 Thread 0x000001ec34009510 nmethod 3392 0x000001ec1d469c10 code [0x000001ec1d469dc0, 0x000001ec1d46a0c0]
Event: 120.273 Thread 0x000001ec34007f70 3393       4       org.apache.maven.model.validation.DefaultModelValidator::isValidIdCharacter (60 bytes)
Event: 120.274 Thread 0x000001ec34007f70 nmethod 3393 0x000001ec249fda90 code [0x000001ec249fdc20, 0x000001ec249fdd10]
Event: 122.576 Thread 0x000001ec34007f70 3394   !   4       org.codehaus.plexus.util.xml.pull.MXParser::parseComment (590 bytes)
Event: 122.576 Thread 0x000001ec34009510 3395       1       org.apache.maven.model.profile.DefaultProfileActivationContext::getActiveProfileIds (5 bytes)
Event: 122.576 Thread 0x000001ec34009510 nmethod 3395 0x000001ec249fde10 code [0x000001ec249fdfa0, 0x000001ec249fe070]
Event: 122.576 Thread 0x000001ec34009510 3396       1       org.apache.maven.model.profile.DefaultProfileActivationContext::getInactiveProfileIds (5 bytes)
Event: 122.576 Thread 0x000001ec34009510 nmethod 3396 0x000001ec249fe110 code [0x000001ec249fe2a0, 0x000001ec249fe370]
Event: 122.576 Thread 0x000001ec34009510 3397       1       org.apache.maven.model.building.ModelData::setModel (6 bytes)
Event: 122.576 Thread 0x000001ec34009510 nmethod 3397 0x000001ec249fe410 code [0x000001ec249fe5a0, 0x000001ec249fe6b8]
Event: 122.576 Thread 0x000001ec34009510 3398   !   3       java.util.regex.Pattern::RemoveQEQuoting (370 bytes)

GC Heap History (4 events):
Event: 17.361 GC heap before
{Heap before GC invocations=0 (full 0):
 garbage-first heap   total 258048K, used 20480K [0x0000000704000000, 0x0000000800000000)
  region size 2048K, 11 young (22528K), 0 survivors (0K)
 Metaspace       used 6255K, committed 6464K, reserved 1114112K
  class space    used 699K, committed 832K, reserved 1048576K
}
Event: 19.423 GC heap after
{Heap after GC invocations=1 (full 0):
 garbage-first heap   total 258048K, used 4186K [0x0000000704000000, 0x0000000800000000)
  region size 2048K, 2 young (4096K), 2 survivors (4096K)
 Metaspace       used 6255K, committed 6464K, reserved 1114112K
  class space    used 699K, committed 832K, reserved 1048576K
}
Event: 31.874 GC heap before
{Heap before GC invocations=1 (full 0):
 garbage-first heap   total 258048K, used 32858K [0x0000000704000000, 0x0000000800000000)
  region size 2048K, 17 young (34816K), 2 survivors (4096K)
 Metaspace       used 9680K, committed 9920K, reserved 1114112K
  class space    used 1114K, committed 1216K, reserved 1048576K
}
Event: 31.884 GC heap after
{Heap after GC invocations=2 (full 0):
 garbage-first heap   total 258048K, used 5510K [0x0000000704000000, 0x0000000800000000)
  region size 2048K, 1 young (2048K), 1 survivors (2048K)
 Metaspace       used 9680K, committed 9920K, reserved 1114112K
  class space    used 1114K, committed 1216K, reserved 1048576K
}

Dll operation events (12 events):
Event: 0.050 Loaded shared library C:\Program Files\Java\jdk-21.0.6\bin\java.dll
Event: 0.201 Loaded shared library C:\Program Files\Java\jdk-21.0.6\bin\jsvml.dll
Event: 0.233 Loaded shared library C:\Program Files\Java\jdk-21.0.6\bin\zip.dll
Event: 0.237 Loaded shared library C:\Program Files\Java\jdk-21.0.6\bin\instrument.dll
Event: 0.257 Loaded shared library C:\Program Files\Java\jdk-21.0.6\bin\net.dll
Event: 0.266 Loaded shared library C:\Program Files\Java\jdk-21.0.6\bin\nio.dll
Event: 0.273 Loaded shared library C:\Program Files\Java\jdk-21.0.6\bin\zip.dll
Event: 0.443 Loaded shared library C:\Program Files\JetBrains\IntelliJ IDEA 2023.3.4\bin\breakgen64.dll
Event: 0.480 Loaded shared library C:\Program Files\Java\jdk-21.0.6\bin\extnet.dll
Event: 1.128 Loaded shared library C:\Program Files\Java\jdk-21.0.6\bin\jimage.dll
Event: 12.033 Loaded shared library C:\Users\DELL\AppData\Local\Temp\jansi-2.4.1-4f92929824356187-jansi.dll
Event: 12.087 Loaded shared library C:\Program Files\Java\jdk-21.0.6\bin\verify.dll

Deoptimization events (20 events):
Event: 89.574 Thread 0x000001ec12d72240 DEOPT UNPACKING pc=0x000001ec24347da2 sp=0x000000a2511fe2e0 mode 2
Event: 89.578 Thread 0x000001ec12d72240 Uncommon trap: trap_request=0xffffff45 fr.pc=0x000001ec249d4fa0 relative=0x0000000000000640
Event: 89.578 Thread 0x000001ec12d72240 Uncommon trap: reason=unstable_if action=reinterpret pc=0x000001ec249d4fa0 method=java.lang.String.indexOf(Ljava/lang/String;)I @ 10 c2
Event: 89.578 Thread 0x000001ec12d72240 DEOPT PACKING pc=0x000001ec249d4fa0 sp=0x000000a2511fe4f0
Event: 89.578 Thread 0x000001ec12d72240 DEOPT UNPACKING pc=0x000001ec24347da2 sp=0x000000a2511fe3f0 mode 2
Event: 94.765 Thread 0x000001ec12d72240 Uncommon trap: trap_request=0xffffff45 fr.pc=0x000001ec248abc68 relative=0x00000000000001c8
Event: 94.765 Thread 0x000001ec12d72240 Uncommon trap: reason=unstable_if action=reinterpret pc=0x000001ec248abc68 method=java.lang.String.indexOf(II)I @ 4 c2
Event: 94.766 Thread 0x000001ec12d72240 DEOPT PACKING pc=0x000001ec248abc68 sp=0x000000a2511fe210
Event: 94.766 Thread 0x000001ec12d72240 DEOPT UNPACKING pc=0x000001ec24347da2 sp=0x000000a2511fe140 mode 2
Event: 94.766 Thread 0x000001ec12d72240 Uncommon trap: trap_request=0xffffff45 fr.pc=0x000001ec248dc570 relative=0x0000000000000690
Event: 94.766 Thread 0x000001ec12d72240 Uncommon trap: reason=unstable_if action=reinterpret pc=0x000001ec248dc570 method=java.lang.String.substring(II)Ljava/lang/String; @ 31 c2
Event: 94.766 Thread 0x000001ec12d72240 DEOPT PACKING pc=0x000001ec248dc570 sp=0x000000a2511fe1b0
Event: 94.766 Thread 0x000001ec12d72240 DEOPT UNPACKING pc=0x000001ec24347da2 sp=0x000000a2511fe180 mode 2
Event: 114.005 Thread 0x000001ec12d72240 Uncommon trap: trap_request=0xffffff45 fr.pc=0x000001ec249e31e4 relative=0x00000000000000c4
Event: 114.005 Thread 0x000001ec12d72240 Uncommon trap: reason=unstable_if action=reinterpret pc=0x000001ec249e31e4 method=org.apache.maven.model.validation.DefaultModelValidator.isValidIdCharacter(C)Z @ 45 c2
Event: 114.005 Thread 0x000001ec12d72240 DEOPT PACKING pc=0x000001ec249e31e4 sp=0x000000a2511fe500
Event: 114.005 Thread 0x000001ec12d72240 DEOPT UNPACKING pc=0x000001ec24347da2 sp=0x000000a2511fe488 mode 2
Event: 122.576 Thread 0x000001ec12d72240 DEOPT PACKING pc=0x000001ec1d39e3fd sp=0x000000a2511fe2b0
Event: 122.576 Thread 0x000001ec12d72240 DEOPT UNPACKING pc=0x000001ec243488e2 sp=0x000000a2511fd7e8 mode 0
Event: 124.561 Thread 0x000001ec12d72240 Uncommon trap: trap_request=0xffffff45 fr.pc=0x000001ec248aac1c relative=0x00000000000001fc

Classes loaded (20 events):
Event: 61.633 Loading class sun/nio/ch/FileLockTable$FileLockReference
Event: 61.633 Loading class sun/nio/ch/FileLockTable$FileLockReference done
Event: 61.633 Loading class java/nio/channels/spi/AbstractInterruptibleChannel$1
Event: 61.633 Loading class sun/nio/ch/Interruptible
Event: 61.633 Loading class sun/nio/ch/Interruptible done
Event: 61.633 Loading class java/nio/channels/spi/AbstractInterruptibleChannel$1 done
Event: 61.634 Loading class java/util/AbstractMap$2
Event: 61.634 Loading class java/util/AbstractMap$2 done
Event: 61.634 Loading class java/util/AbstractMap$2$1
Event: 61.634 Loading class java/util/AbstractMap$2$1 done
Event: 62.351 Loading class sun/util/resources/LocaleData$CommonResourceBundleProvider
Event: 62.351 Loading class sun/util/resources/LocaleData$LocaleDataResourceBundleProvider
Event: 62.351 Loading class java/util/spi/ResourceBundleProvider
Event: 62.351 Loading class java/util/spi/ResourceBundleProvider done
Event: 62.351 Loading class sun/util/resources/LocaleData$LocaleDataResourceBundleProvider done
Event: 62.351 Loading class sun/util/resources/LocaleData$CommonResourceBundleProvider done
Event: 62.351 Loading class sun/util/resources/Bundles$2
Event: 62.351 Loading class sun/util/resources/Bundles$2 done
Event: 69.005 Loading class java/util/stream/Streams$RangeIntSpliterator
Event: 69.005 Loading class java/util/stream/Streams$RangeIntSpliterator done

Classes unloaded (0 events):
No events

Classes redefined (0 events):
No events

Internal exceptions (20 events):
Event: 37.352 Thread 0x000001ec12d72240 Exception <a 'java/lang/ExceptionInInitializerError'{0x00000007133999b8}> (0x00000007133999b8) 
thrown [s\open\src\hotspot\share\oops\instanceKlass.cpp, line 1192]
Event: 39.305 Thread 0x000001ec12d72240 Exception <a 'java/lang/NoSuchMethodError'{0x00000007130ac028}: 'long java.lang.invoke.DirectMethodHandle$Holder.invokeStatic(java.lang.Object, java.lang.Object, int)'> (0x00000007130ac028) 
thrown [s\open\src\hotspot\share\interpreter\linkResolver.cpp, line 773]
Event: 39.528 Thread 0x000001ec12d72240 Exception <a 'java/lang/NoSuchMethodError'{0x00000007130bf100}: 'java.lang.Object java.lang.invoke.DirectMethodHandle$Holder.invokeStatic(java.lang.Object, java.lang.Object, java.lang.Object, java.lang.Object, int)'> (0x00000007130bf100) 
thrown [s\open\src\hotspot\share\interpreter\linkResolver.cpp, line 773]
Event: 39.534 Thread 0x000001ec12d72240 Exception <a 'java/lang/NoSuchMethodError'{0x00000007130c7038}: 'java.lang.Object java.lang.invoke.DirectMethodHandle$Holder.invokeSpecial(java.lang.Object, java.lang.Object, java.lang.Object, java.lang.Object, long)'> (0x00000007130c7038) 
thrown [s\open\src\hotspot\share\interpreter\linkResolver.cpp, line 773]
Event: 39.539 Thread 0x000001ec12d72240 Exception <a 'java/lang/NoSuchMethodError'{0x00000007130d2900}: 'java.lang.Object java.lang.invoke.DirectMethodHandle$Holder.invokeSpecial(java.lang.Object, java.lang.Object, java.lang.Object, int, java.lang.Object)'> (0x00000007130d2900) 
thrown [s\open\src\hotspot\share\interpreter\linkResolver.cpp, line 773]
Event: 39.542 Thread 0x000001ec12d72240 Exception <a 'java/lang/NoSuchMethodError'{0x00000007130daa40}: 'int java.lang.invoke.DirectMethodHandle$Holder.invokeSpecial(java.lang.Object, java.lang.Object, java.lang.Object, int)'> (0x00000007130daa40) 
thrown [s\open\src\hotspot\share\interpreter\linkResolver.cpp, line 773]
Event: 39.583 Thread 0x000001ec12d72240 Implicit null exception at 0x000001ec24922f5a to 0x000001ec24923154
Event: 39.586 Thread 0x000001ec12d72240 Exception <a 'java/lang/NoSuchMethodError'{0x00000007130ff5b0}: 'java.lang.Object java.lang.invoke.Invokers$Holder.invokeExact_MT(java.lang.Object, int, java.lang.Object)'> (0x00000007130ff5b0) 
thrown [s\open\src\hotspot\share\interpreter\linkResolver.cpp, line 773]
Event: 47.984 Thread 0x000001ec12d72240 Exception <a 'java/lang/NoSuchMethodError'{0x000000071291b860}: 'void java.lang.invoke.Invokers$Holder.invokeExact_MT(java.lang.Object, java.lang.Object, java.lang.Object, java.lang.Object)'> (0x000000071291b860) 
thrown [s\open\src\hotspot\share\interpreter\linkResolver.cpp, line 773]
Event: 48.985 Thread 0x000001ec12d72240 Exception <a 'java/lang/NoClassDefFoundError'{0x00000007129aad58}: com/google/inject/servlet/ServletModuleTargetVisitor> (0x00000007129aad58) 
thrown [s\open\src\hotspot\share\classfile\systemDictionary.cpp, line 301]
Event: 51.846 Thread 0x000001ec12d72240 Exception <a 'java/lang/NoSuchMethodError'{0x0000000712461ab0}: 'void java.lang.invoke.DirectMethodHandle$Holder.invokeVirtual(java.lang.Object, java.lang.Object)'> (0x0000000712461ab0) 
thrown [s\open\src\hotspot\share\interpreter\linkResolver.cpp, line 773]
Event: 53.866 Thread 0x000001ec12d72240 Exception <a 'java/lang/NoSuchMethodError'{0x00000007124f08d0}: 'java.lang.Object java.lang.invoke.DirectMethodHandle$Holder.invokeStaticInit(java.lang.Object, int, int, int, int)'> (0x00000007124f08d0) 
thrown [s\open\src\hotspot\share\interpreter\linkResolver.cpp, line 773]
Event: 60.124 Thread 0x000001ec12d72240 Implicit null exception at 0x000001ec248d9e24 to 0x000001ec248da504
Event: 60.124 Thread 0x000001ec12d72240 Implicit null exception at 0x000001ec248daba0 to 0x000001ec248db274
Event: 61.642 Thread 0x000001ec12d72240 Exception <a 'java/lang/NoSuchMethodError'{0x0000000711f48638}: 'void java.lang.invoke.DirectMethodHandle$Holder.invokeSpecial(java.lang.Object, java.lang.Object, java.lang.Object, java.lang.Object, java.lang.Object)'> (0x0000000711f48638) 
thrown [s\open\src\hotspot\share\interpreter\linkResolver.cpp, line 773]
Event: 61.644 Thread 0x000001ec12d72240 Exception <a 'java/lang/NoSuchMethodError'{0x0000000711f5e7f8}: 'void java.lang.invoke.DirectMethodHandle$Holder.invokeSpecial(java.lang.Object, java.lang.Object, java.lang.Object, java.lang.Object, java.lang.Object, java.lang.Object)'> (0x0000000711f5e7f8) 
thrown [s\open\src\hotspot\share\interpreter\linkResolver.cpp, line 773]
Event: 62.315 Thread 0x000001ec12d72240 Exception <a 'java/lang/NoSuchMethodError'{0x0000000711c55568}: 'java.lang.Object java.lang.invoke.DirectMethodHandle$Holder.invokeVirtual(java.lang.Object, java.lang.Object, java.lang.Object)'> (0x0000000711c55568) 
thrown [s\open\src\hotspot\share\interpreter\linkResolver.cpp, line 773]
Event: 65.238 Thread 0x000001ec12d72240 Exception <a 'java/lang/NoSuchMethodError'{0x0000000711a32b20}: 'void java.lang.invoke.DirectMethodHandle$Holder.invokeVirtual(java.lang.Object, java.lang.Object, int)'> (0x0000000711a32b20) 
thrown [s\open\src\hotspot\share\interpreter\linkResolver.cpp, line 773]
Event: 65.239 Thread 0x000001ec12d72240 Exception <a 'java/lang/NoSuchMethodError'{0x0000000711a368d0}: 'void java.lang.invoke.DirectMethodHandle$Holder.invokeSpecial(java.lang.Object, java.lang.Object, java.lang.Object, int)'> (0x0000000711a368d0) 
thrown [s\open\src\hotspot\share\interpreter\linkResolver.cpp, line 773]
Event: 65.239 Thread 0x000001ec12d72240 Exception <a 'java/lang/NoSuchMethodError'{0x0000000711a39fa0}: 'void java.lang.invoke.DelegatingMethodHandle$Holder.reinvoke_L(java.lang.Object, java.lang.Object, int)'> (0x0000000711a39fa0) 
thrown [s\open\src\hotspot\share\interpreter\linkResolver.cpp, line 773]

ZGC Phase Switch (0 events):
No events

VM Operations (20 events):
Event: 90.165 Executing VM operation: Cleanup
Event: 90.165 Executing VM operation: Cleanup done
Event: 91.167 Executing VM operation: Cleanup
Event: 91.167 Executing VM operation: Cleanup done
Event: 92.169 Executing VM operation: Cleanup
Event: 92.237 Executing VM operation: Cleanup done
Event: 93.245 Executing VM operation: Cleanup
Event: 93.245 Executing VM operation: Cleanup done
Event: 95.272 Executing VM operation: Cleanup
Event: 95.272 Executing VM operation: Cleanup done
Event: 96.287 Executing VM operation: Cleanup
Event: 96.287 Executing VM operation: Cleanup done
Event: 104.368 Executing VM operation: Cleanup
Event: 104.368 Executing VM operation: Cleanup done
Event: 112.460 Executing VM operation: Cleanup
Event: 112.460 Executing VM operation: Cleanup done
Event: 114.477 Executing VM operation: Cleanup
Event: 114.786 Executing VM operation: Cleanup done
Event: 115.792 Executing VM operation: Cleanup
Event: 115.792 Executing VM operation: Cleanup done

Events (20 events):
Event: 1.293 Thread 0x000001ec3463a1b0 Thread exited: 0x000001ec3463a1b0
Event: 2.161 Thread 0x000001ec34789490 Thread added: 0x000001ec34789490
Event: 16.970 Thread 0x000001ec34a425a0 Thread added: 0x000001ec34a425a0
Event: 19.424 Thread 0x000001ec34a425a0 Thread exited: 0x000001ec34a425a0
Event: 19.427 Thread 0x000001ec34f45820 Thread added: 0x000001ec34f45820
Event: 19.437 Thread 0x000001ec34866660 Thread added: 0x000001ec34866660
Event: 19.927 Thread 0x000001ec34866660 Thread exited: 0x000001ec34866660
Event: 19.927 Thread 0x000001ec34f45820 Thread exited: 0x000001ec34f45820
Event: 56.420 Thread 0x000001ec347b0e60 Thread added: 0x000001ec347b0e60
Event: 62.261 Thread 0x000001ec34c62f20 Thread added: 0x000001ec34c62f20
Event: 62.351 Thread 0x000001ec7a552340 Thread added: 0x000001ec7a552340
Event: 65.221 Thread 0x000001ec7a552340 Thread exited: 0x000001ec7a552340
Event: 65.221 Thread 0x000001ec34c62f20 Thread exited: 0x000001ec34c62f20
Event: 68.287 Thread 0x000001ec34c62f20 Thread added: 0x000001ec34c62f20
Event: 68.992 Thread 0x000001ec34c62f20 Thread exited: 0x000001ec34c62f20
Event: 79.653 Thread 0x000001ec34789490 Thread exited: 0x000001ec34789490
Event: 91.315 Thread 0x000001ec7a9edfd0 Thread added: 0x000001ec7a9edfd0
Event: 92.238 Thread 0x000001ec7a9edfd0 Thread exited: 0x000001ec7a9edfd0
Event: 95.610 Thread 0x000001ec7a0200a0 Thread added: 0x000001ec7a0200a0
Event: 100.628 Thread 0x000001ec7a0200a0 Thread exited: 0x000001ec7a0200a0


Dynamic libraries:
0x00007ff7e26f0000 - 0x00007ff7e2700000 	C:\Program Files\Java\jdk-21.0.6\bin\java.exe
0x00007ffbc1e40000 - 0x00007ffbc20a0000 	C:\WINDOWS\SYSTEM32\ntdll.dll
0x00007ffbc0980000 - 0x00007ffbc0a47000 	C:\WINDOWS\System32\KERNEL32.DLL
0x00007ffbbf020000 - 0x00007ffbbf3ea000 	C:\WINDOWS\System32\KERNELBASE.dll
0x00007ffbbf810000 - 0x00007ffbbf95b000 	C:\WINDOWS\System32\ucrtbase.dll
0x00007ffb815c0000 - 0x00007ffb815d9000 	C:\Program Files\Java\jdk-21.0.6\bin\jli.dll
0x00007ffbc0450000 - 0x00007ffbc0502000 	C:\WINDOWS\System32\ADVAPI32.dll
0x00007ffbc02c0000 - 0x00007ffbc0369000 	C:\WINDOWS\System32\msvcrt.dll
0x00007ffbbff10000 - 0x00007ffbbffb6000 	C:\WINDOWS\System32\sechost.dll
0x00007ffbc0860000 - 0x00007ffbc0976000 	C:\WINDOWS\System32\RPCRT4.dll
0x00007ffbbfc40000 - 0x00007ffbbfe0c000 	C:\WINDOWS\System32\USER32.dll
0x00007ffbbf3f0000 - 0x00007ffbbf417000 	C:\WINDOWS\System32\win32u.dll
0x00007ffbc18f0000 - 0x00007ffbc191a000 	C:\WINDOWS\System32\GDI32.dll
0x00007ffbbf620000 - 0x00007ffbbf751000 	C:\WINDOWS\System32\gdi32full.dll
0x00007ffba5240000 - 0x00007ffba54d7000 	C:\WINDOWS\WinSxS\amd64_microsoft.windows.common-controls_6595b64144ccf1df_6.0.26100.3624_none_3e086962e3345f24\COMCTL32.dll
0x00007ffbbf760000 - 0x00007ffbbf803000 	C:\WINDOWS\System32\msvcp_win.dll
0x00007ffbaee60000 - 0x00007ffbaee6b000 	C:\WINDOWS\SYSTEM32\VERSION.dll
0x00007ffba0ac0000 - 0x00007ffba0adb000 	C:\Program Files\Java\jdk-21.0.6\bin\VCRUNTIME140.dll
0x00007ffbc0820000 - 0x00007ffbc084f000 	C:\WINDOWS\System32\IMM32.DLL
0x00007ffbb0a50000 - 0x00007ffbb0a5c000 	C:\Program Files\Java\jdk-21.0.6\bin\vcruntime140_1.dll
0x00007ffb77ad0000 - 0x00007ffb77b5e000 	C:\Program Files\Java\jdk-21.0.6\bin\msvcp140.dll
0x00007ffb58f30000 - 0x00007ffb59c4a000 	C:\Program Files\Java\jdk-21.0.6\bin\server\jvm.dll
0x00007ffbc0b30000 - 0x00007ffbc0ba4000 	C:\WINDOWS\System32\WS2_32.dll
0x00007ffbbe6d0000 - 0x00007ffbbe72e000 	C:\WINDOWS\SYSTEM32\POWRPROF.dll
0x00007ffbb7340000 - 0x00007ffbb7376000 	C:\WINDOWS\SYSTEM32\WINMM.dll
0x00007ffbbe6b0000 - 0x00007ffbbe6c4000 	C:\WINDOWS\SYSTEM32\UMPDC.dll
0x00007ffbbdd90000 - 0x00007ffbbddaa000 	C:\WINDOWS\SYSTEM32\kernel.appcore.dll
0x00007ffba0c80000 - 0x00007ffba0c8a000 	C:\Program Files\Java\jdk-21.0.6\bin\jimage.dll
0x000000005fc40000 - 0x000000005fdd6000 	C:\Program Files\Microsoft SQL Server\110\Shared\DBGHELP.DLL
0x00007ffbb9d50000 - 0x00007ffbb9d5f000 	C:\Program Files\Java\jdk-21.0.6\bin\instrument.dll
0x00007ffb815a0000 - 0x00007ffb815bf000 	C:\Program Files\Java\jdk-21.0.6\bin\java.dll
0x00007ffbc1080000 - 0x00007ffbc17a9000 	C:\WINDOWS\System32\SHELL32.dll
0x00007ffbbf4b0000 - 0x00007ffbbf618000 	C:\WINDOWS\System32\wintypes.dll
0x00007ffbc1920000 - 0x00007ffbc1ca2000 	C:\WINDOWS\System32\combase.dll
0x00007ffbbcc80000 - 0x00007ffbbd4d2000 	C:\WINDOWS\SYSTEM32\windows.storage.dll
0x00007ffbc1800000 - 0x00007ffbc18ed000 	C:\WINDOWS\System32\SHCORE.dll
0x00007ffbc1cb0000 - 0x00007ffbc1d14000 	C:\WINDOWS\System32\shlwapi.dll
0x00007ffbbef30000 - 0x00007ffbbef5f000 	C:\WINDOWS\SYSTEM32\profapi.dll
0x00007ffb6cb30000 - 0x00007ffb6cc07000 	C:\Program Files\Java\jdk-21.0.6\bin\jsvml.dll
0x00007ffb81440000 - 0x00007ffb81458000 	C:\Program Files\Java\jdk-21.0.6\bin\zip.dll
0x00007ffb96630000 - 0x00007ffb96640000 	C:\Program Files\Java\jdk-21.0.6\bin\net.dll
0x00007ffbb9120000 - 0x00007ffbb923d000 	C:\WINDOWS\SYSTEM32\WINHTTP.dll
0x00007ffbbe2f0000 - 0x00007ffbbe35a000 	C:\WINDOWS\system32\mswsock.dll
0x00007ffb81530000 - 0x00007ffb81546000 	C:\Program Files\Java\jdk-21.0.6\bin\nio.dll
0x00007ffbb9990000 - 0x00007ffbb99aa000 	C:\Program Files\JetBrains\IntelliJ IDEA 2023.3.4\bin\breakgen64.dll
0x00007ffb8f2e0000 - 0x00007ffb8f2e9000 	C:\Program Files\Java\jdk-21.0.6\bin\extnet.dll
0x00007ffb807b0000 - 0x00007ffb807d4000 	C:\Users\DELL\AppData\Local\Temp\jansi-2.4.1-4f92929824356187-jansi.dll
0x00007ffb81fe0000 - 0x00007ffb81ff0000 	C:\Program Files\Java\jdk-21.0.6\bin\verify.dll

dbghelp: loaded successfully - version: 4.0.5 - missing functions: none
symbol engine: initialized successfully - sym options: 0x614 - pdb path: .;C:\Program Files\Java\jdk-21.0.6\bin;C:\WINDOWS\SYSTEM32;C:\WINDOWS\WinSxS\amd64_microsoft.windows.common-controls_6595b64144ccf1df_6.0.26100.3624_none_3e086962e3345f24;C:\Program Files\Java\jdk-21.0.6\bin\server;C:\Program Files\Microsoft SQL Server\110\Shared;C:\Program Files\JetBrains\IntelliJ IDEA 2023.3.4\bin;C:\Users\DELL\AppData\Local\Temp

VM Arguments:
jvm_args: -Dmaven.multiModuleProjectDirectory=C:\Users\DELL\Desktop\angular Project\backEnd\carsAgence -Djansi.passthrough=true -Dmaven.home=C:\Users\DELL\.m2\wrapper\dists\apache-maven-3.9.9-bin\4nf9hui3q3djbarqar9g711ggc\apache-maven-3.9.9 -Dclassworlds.conf=C:\Users\DELL\.m2\wrapper\dists\apache-maven-3.9.9-bin\4nf9hui3q3djbarqar9g711ggc\apache-maven-3.9.9\bin\m2.conf -Dmaven.ext.class.path=C:\Program Files\JetBrains\IntelliJ IDEA 2023.3.4\plugins\maven\lib\maven-event-listener.jar -javaagent:C:\Program Files\JetBrains\IntelliJ IDEA 2023.3.4\lib\idea_rt.jar=52282:C:\Program Files\JetBrains\IntelliJ IDEA 2023.3.4\bin -Dfile.encoding=UTF-8 -Dsun.stdout.encoding=UTF-8 -Dsun.stderr.encoding=UTF-8 
java_command: org.codehaus.classworlds.Launcher -Didea.version=2023.3.4 clean install
java_class_path (initial): C:\Users\DELL\.m2\wrapper\dists\apache-maven-3.9.9-bin\4nf9hui3q3djbarqar9g711ggc\apache-maven-3.9.9\boot\plexus-classworlds-2.8.0.jar;C:\Users\DELL\.m2\wrapper\dists\apache-maven-3.9.9-bin\4nf9hui3q3djbarqar9g711ggc\apache-maven-3.9.9\boot\plexus-classworlds.license
Launcher Type: SUN_STANDARD

[Global flags]
     intx CICompilerCount                          = 4                                         {product} {ergonomic}
     uint ConcGCThreads                            = 2                                         {product} {ergonomic}
     uint G1ConcRefinementThreads                  = 8                                         {product} {ergonomic}
   size_t G1HeapRegionSize                         = 2097152                                   {product} {ergonomic}
    uintx GCDrainStackTargetSize                   = 64                                        {product} {ergonomic}
   size_t InitialHeapSize                          = 264241152                                 {product} {ergonomic}
   size_t MarkStackSize                            = 4194304                                   {product} {ergonomic}
   size_t MaxHeapSize                              = 4227858432                                {product} {ergonomic}
   size_t MaxNewSize                               = 2535456768                                {product} {ergonomic}
   size_t MinHeapDeltaBytes                        = 2097152                                   {product} {ergonomic}
   size_t MinHeapSize                              = 8388608                                   {product} {ergonomic}
    uintx NonNMethodCodeHeapSize                   = 5839372                                {pd product} {ergonomic}
    uintx NonProfiledCodeHeapSize                  = 122909434                              {pd product} {ergonomic}
    uintx ProfiledCodeHeapSize                     = 122909434                              {pd product} {ergonomic}
    uintx ReservedCodeCacheSize                    = 251658240                              {pd product} {ergonomic}
     bool SegmentedCodeCache                       = true                                      {product} {ergonomic}
   size_t SoftMaxHeapSize                          = 4227858432                             {manageable} {ergonomic}
     bool UseCompressedOops                        = true                           {product lp64_product} {ergonomic}
     bool UseG1GC                                  = true                                      {product} {ergonomic}
     bool UseLargePagesIndividualAllocation        = false                                  {pd product} {ergonomic}

Logging:
Log output configuration:
 #0: stdout all=warning uptime,level,tags foldmultilines=false
 #1: stderr all=off uptime,level,tags foldmultilines=false

Environment Variables:
PATH=C:\PySchool\3.10-32-bit\Scripts;C:\PySchool\3.10-32-bit;C:\oraclexe\app\oracle\product\11.2.0\server\bin;C:\Program Files (x86)\VMware\VMware Workstation\bin\;C:\Program Files\Common Files\Siemens\Automation\Simatic OAM\bin;C:\WINDOWS\system32;C:\WINDOWS;C:\WINDOWS\System32\Wbem;C:\WINDOWS\System32\WindowsPowerShell\v1.0\;C:\WINDOWS\System32\OpenSSH\;C:\Program Files (x86)\Microchip\MPLAB C32 Suite\bin;c:\Program Files (x86)\Microsoft SQL Server\100\Tools\Binn\;c:\Program Files\Microsoft SQL Server\100\Tools\Binn\;c:\Program Files\Microsoft SQL Server\100\DTS\Binn\;C:\Users\DELL\AppData\Local\Programs\Python\Python311;C:\Users\DELL\AppData\Local\Programs\Python\Python311\Scripts;C:\wamp64\bin\php\php8.2.0;C:\wamp64\bin;C:\Program Files\Git\cmd;C:\Program Files\dotnet\;C:\Program Files\Docker\Docker\resources\bin;C:\Users\DELL\AppData\Local\nvm;C:\nvm4w\nodejs;C:\Program Files\Microsoft SQL Server\150\Tools\Binn\;C:\Program Files\Microsoft SQL Server\Client SDK\ODBC\170\Tools\Binn\;C:\Program Files (x86)\Windows Kits\10\Windows Performance Toolkit\;C:\Program Files\Microsoft SQL Server\110\DTS\Binn\;C:\Program Files (x86)\Microsoft SQL Server\110\Tools\Binn\;C:\Program Files\Microsoft SQL Server\110\Tools\Binn\;C:\Program Files (x86)\Microsoft SQL Server\110\Tools\Binn\ManagementStudio\;C:\Program Files (x86)\Microsoft Visual Studio 10.0\Common7\IDE\PrivateAssemblies\;C:\Program Files (x86)\Microsoft SQL Server\110\DTS\Binn\;C:\Program Files\Java\jdk-21.0.6\bin;C:\Users\DELL\scoop\shims;C:\Users\DELL\AppData\Local\Microsoft\WindowsApps;C:\phpm\php-8.2.3 (1);C:\Program Files\JetBrains\PhpStorm 2023.1\bin;;C:\wamp64\bin;C:\Users\DELL\AppData\Local\Programs\Microsoft VS Code\bin;C:\Users\DELL\AppData\Roaming\npm;C:\Users\DELL\AppData\Local\nvm;C:\nvm4w\nodejs;C:\Users\DELL\.dotnet\tools;C:\Users\DELL\AppData\Local\Programs\cursor\resources\app\bin
USERNAME=DELL
OS=Windows_NT
PROCESSOR_IDENTIFIER=Intel64 Family 6 Model 140 Stepping 1, GenuineIntel
TMP=C:\Users\DELL\AppData\Local\Temp
TEMP=C:\Users\DELL\AppData\Local\Temp




Periodic native trim disabled

---------------  S Y S T E M  ---------------

OS:
 Windows 11 , 64 bit Build 26100 (10.0.26100.3775)
OS uptime: 1 days 17:54 hours
Hyper-V role detected

CPU: total 8 (initial active 8) (4 cores per cpu, 2 threads per core) family 6 model 140 stepping 1 microcode 0xba, cx8, cmov, fxsr, ht, mmx, 3dnowpref, sse, sse2, sse3, ssse3, sse4.1, sse4.2, popcnt, lzcnt, tsc, tscinvbit, avx, avx2, aes, erms, clmul, bmi1, bmi2, adx, avx512f, avx512dq, avx512cd, avx512bw, avx512vl, sha, fma, vzeroupper, avx512_vpopcntdq, avx512_vpclmulqdq, avx512_vaes, avx512_vnni, clflush, clflushopt, clwb, avx512_vbmi2, avx512_vbmi, hv, rdtscp, rdpid, fsrm, gfni, avx512_bitalg, f16c, cet_ibt, cet_ss, avx512_ifma
Processor Information for all 8 processors :
  Max Mhz: 2419, Current Mhz: 2419, Mhz Limit: 2419

Memory: 4k page, system-wide physical 16126M (1676M free)
TotalPageFile size 65278M (AvailPageFile size 3133M)
current process WorkingSet (physical memory assigned to process): 39M, peak: 118M
current process commit charge ("private bytes"): 366M, peak: 373M

vm_info: Java HotSpot(TM) 64-Bit Server VM (21.0.6+8-LTS-188) for windows-amd64 JRE (21.0.6+8-LTS-188), built on 2024-12-03T10:50:54Z by "mach5one" with MS VC++ 17.6 (VS2022)

END.
