#
# There is insufficient memory for the Java Runtime Environment to continue.
# Native memory allocation (malloc) failed to allocate 32744 bytes for Chunk::new
# Possible reasons:
#   The system is out of physical RAM or swap space
#   The process is running with CompressedOops enabled, and the Java Heap may be blocking the growth of the native heap
# Possible solutions:
#   Reduce memory load on the system
#   Increase physical memory or swap space
#   Check if swap backing store is full
#   Decrease Java heap size (-Xmx/-Xms)
#   Decrease number of Java threads
#   Decrease Java thread stack sizes (-Xss)
#   Set larger code cache with -XX:ReservedCodeCacheSize=
#   JVM is running with Zero Based Compressed Oops mode in which the Java heap is
#     placed in the first 32GB address space. The Java Heap base address is the
#     maximum limit for the native heap growth. Please use -XX:HeapBaseMinAddress
#     to set the Java Heap base and to place the Java Heap above 32GB virtual address.
# This output file may be truncated or incomplete.
#
#  Out of Memory Error (arena.cpp:168), pid=6404, tid=22124
#
# JRE version: Java(TM) SE Runtime Environment (21.0.6+8) (build 21.0.6+8-LTS-188)
# Java VM: Java HotSpot(TM) 64-Bit Server VM (21.0.6+8-LTS-188, mixed mode, sharing, tiered, compressed oops, compressed class ptrs, g1 gc, windows-amd64)
# No core dump will be written. Minidumps are not enabled by default on client versions of Windows
#

---------------  S U M M A R Y ------------

Command Line: -Dmaven.multiModuleProjectDirectory=C:\Users\DELL\Desktop\angular Project\backEnd\carsAgence -Djansi.passthrough=true -Dmaven.home=C:\Users\DELL\.m2\wrapper\dists\apache-maven-3.9.9-bin\4nf9hui3q3djbarqar9g711ggc\apache-maven-3.9.9 -Dclassworlds.conf=C:\Users\DELL\.m2\wrapper\dists\apache-maven-3.9.9-bin\4nf9hui3q3djbarqar9g711ggc\apache-maven-3.9.9\bin\m2.conf -Dmaven.ext.class.path=C:\Program Files\JetBrains\IntelliJ IDEA 2023.3.4\plugins\maven\lib\maven-event-listener.jar -javaagent:C:\Program Files\JetBrains\IntelliJ IDEA 2023.3.4\lib\idea_rt.jar=52337:C:\Program Files\JetBrains\IntelliJ IDEA 2023.3.4\bin -Dfile.encoding=UTF-8 -Dsun.stdout.encoding=UTF-8 -Dsun.stderr.encoding=UTF-8 org.codehaus.classworlds.Launcher -Didea.version=2023.3.4 clean install

Host: 11th Gen Intel(R) Core(TM) i5-1135G7 @ 2.40GHz, 8 cores, 15G,  Windows 11 , 64 bit Build 26100 (10.0.26100.3775)
Time: Tue Apr 22 17:31:55 2025 Afr. centrale Ouest elapsed time: 110.170341 seconds (0d 0h 1m 50s)

---------------  T H R E A D  ---------------

Current thread (0x0000019e95b071b0):  JavaThread "C1 CompilerThread0" daemon [_thread_in_native, id=22124, stack(0x0000001650e00000,0x0000001650f00000) (1024K)]


Current CompileTask:
C1: 110170 2005       3       jdk.internal.org.objectweb.asm.Type::getArgumentTypes (154 bytes)

Stack: [0x0000001650e00000,0x0000001650f00000]
Native frames: (J=compiled Java code, j=interpreted, Vv=VM code, C=native code)
V  [jvm.dll+0x6ca6d9]
V  [jvm.dll+0x854f51]
V  [jvm.dll+0x85747e]
V  [jvm.dll+0x857b53]
V  [jvm.dll+0x27dcc6]
V  [jvm.dll+0xc4c2d]
V  [jvm.dll+0xc5163]
V  [jvm.dll+0x1997df]
V  [jvm.dll+0x1987ee]
V  [jvm.dll+0x153613]
V  [jvm.dll+0x152e58]
V  [jvm.dll+0x1530a4]
V  [jvm.dll+0x1524d6]
V  [jvm.dll+0x1542ad]
V  [jvm.dll+0x2554f9]
V  [jvm.dll+0x253a8a]
V  [jvm.dll+0x3ee576]
V  [jvm.dll+0x7ff2fb]
V  [jvm.dll+0x6c8dbd]
C  [ucrtbase.dll+0x37b0]
C  [KERNEL32.DLL+0x2e8d7]
C  [ntdll.dll+0xb14fc]


---------------  P R O C E S S  ---------------

Threads class SMR info:
_java_thread_list=0x0000019edb2de8b0, length=12, elements={
0x0000019ef4810d40, 0x0000019e95af2d70, 0x0000019e95af7790, 0x0000019e95af7ff0,
0x0000019e95afa660, 0x0000019e95afecd0, 0x0000019e95aff330, 0x0000019e95b01cd0,
0x0000019e95b071b0, 0x0000019e95c2cbd0, 0x0000019edb0156c0, 0x0000019edb015d20
}

Java Threads: ( => current thread )
  0x0000019ef4810d40 JavaThread "main"                              [_thread_in_native, id=12416, stack(0x000000164ff00000,0x0000001650000000) (1024K)]
  0x0000019e95af2d70 JavaThread "Reference Handler"          daemon [_thread_blocked, id=19652, stack(0x0000001650700000,0x0000001650800000) (1024K)]
  0x0000019e95af7790 JavaThread "Finalizer"                  daemon [_thread_blocked, id=15136, stack(0x0000001650800000,0x0000001650900000) (1024K)]
  0x0000019e95af7ff0 JavaThread "Signal Dispatcher"          daemon [_thread_blocked, id=2212, stack(0x0000001650900000,0x0000001650a00000) (1024K)]
  0x0000019e95afa660 JavaThread "Attach Listener"            daemon [_thread_blocked, id=22144, stack(0x0000001650a00000,0x0000001650b00000) (1024K)]
  0x0000019e95afecd0 JavaThread "Service Thread"             daemon [_thread_blocked, id=12052, stack(0x0000001650b00000,0x0000001650c00000) (1024K)]
  0x0000019e95aff330 JavaThread "Monitor Deflation Thread"   daemon [_thread_blocked, id=23056, stack(0x0000001650c00000,0x0000001650d00000) (1024K)]
  0x0000019e95b01cd0 JavaThread "C2 CompilerThread0"         daemon [_thread_in_native, id=8792, stack(0x0000001650d00000,0x0000001650e00000) (1024K)]
=>0x0000019e95b071b0 JavaThread "C1 CompilerThread0"         daemon [_thread_in_native, id=22124, stack(0x0000001650e00000,0x0000001650f00000) (1024K)]
  0x0000019e95c2cbd0 JavaThread "Common-Cleaner"             daemon [_thread_blocked, id=3572, stack(0x0000001650f00000,0x0000001651000000) (1024K)]
  0x0000019edb0156c0 JavaThread "Monitor Ctrl-Break"         daemon [_thread_in_native, id=24192, stack(0x0000001651000000,0x0000001651100000) (1024K)]
  0x0000019edb015d20 JavaThread "Notification Thread"        daemon [_thread_blocked, id=24196, stack(0x0000001651100000,0x0000001651200000) (1024K)]
Total: 12

Other Threads:
  0x0000019e95ad47d0 VMThread "VM Thread"                           [id=23488, stack(0x0000001650600000,0x0000001650700000) (1024K)]
  0x0000019e95beaec0 WatcherThread "VM Periodic Task Thread"        [id=21484, stack(0x0000001650500000,0x0000001650600000) (1024K)]
  0x0000019ef487a180 WorkerThread "GC Thread#0"                     [id=14152, stack(0x0000001650000000,0x0000001650100000) (1024K)]
  0x0000019edb5e15f0 WorkerThread "GC Thread#1"                     [id=20436, stack(0x000000164fc00000,0x000000164fd00000) (1024K)]
  0x0000019edb5e1990 WorkerThread "GC Thread#2"                     [id=35288, stack(0x0000001651200000,0x0000001651300000) (1024K)]
  0x0000019edb3f6740 WorkerThread "GC Thread#3"                     [id=39940, stack(0x0000001651300000,0x0000001651400000) (1024K)]
  0x0000019edb3f6ae0 WorkerThread "GC Thread#4"                     [id=39944, stack(0x0000001651400000,0x0000001651500000) (1024K)]
  0x0000019edb3f6e80 WorkerThread "GC Thread#5"                     [id=39948, stack(0x0000001651500000,0x0000001651600000) (1024K)]
  0x0000019edb35d050 WorkerThread "GC Thread#6"                     [id=40036, stack(0x0000001651600000,0x0000001651700000) (1024K)]
  0x0000019edba4e930 WorkerThread "GC Thread#7"                     [id=40040, stack(0x0000001651700000,0x0000001651800000) (1024K)]
  0x0000019ef488ac70 ConcurrentGCThread "G1 Main Marker"            [id=10384, stack(0x0000001650100000,0x0000001650200000) (1024K)]
  0x0000019ef488c840 WorkerThread "G1 Conc#0"                       [id=8172, stack(0x0000001650200000,0x0000001650300000) (1024K)]
  0x0000019e95a76a30 ConcurrentGCThread "G1 Refine#0"               [id=18440, stack(0x0000001650300000,0x0000001650400000) (1024K)]
  0x0000019e95a76e60 ConcurrentGCThread "G1 Service"                [id=16980, stack(0x0000001650400000,0x0000001650500000) (1024K)]
Total: 14

Threads with active compile tasks:
C2 CompilerThread0   110195 2009       4       jdk.internal.org.objectweb.asm.SymbolTable::addConstantUtf8 (98 bytes)
C1 CompilerThread0   110195 2005       3       jdk.internal.org.objectweb.asm.Type::getArgumentTypes (154 bytes)
Total: 2

VM state: not at safepoint (normal execution)

VM Mutex/Monitor currently owned by a thread: None

OutOfMemory and StackOverflow Exception counts:
OutOfMemoryError java_heap_errors=1
LinkageErrors=16

Heap address: 0x0000000704000000, size: 4032 MB, Compressed Oops mode: Zero based, Oop shift amount: 3

CDS archive(s) mapped at: [0x0000019e96000000-0x0000019e96c90000-0x0000019e96c90000), size 13172736, SharedBaseAddress: 0x0000019e96000000, ArchiveRelocationMode: 1.
Compressed class space mapped at: 0x0000019e97000000-0x0000019ed7000000, reserved size: 1073741824
Narrow klass base: 0x0000019e96000000, Narrow klass shift: 0, Narrow klass range: 0x100000000

GC Precious Log:
 CardTable entry size: 512
 Card Set container configuration: InlinePtr #cards 4 size 8 Array Of Cards #cards 16 size 48 Howl #buckets 8 coarsen threshold 3686 Howl Bitmap #cards 512 size 80 coarsen threshold 460 Card regions per heap region 1 cards per card region 4096
 CPUs: 8 total, 8 available
 Memory: 16126M
 Large Page Support: Disabled
 NUMA Support: Disabled
 Compressed Oops: Enabled (Zero based)
 Heap Region Size: 2M
 Heap Min Capacity: 8M
 Heap Initial Capacity: 252M
 Heap Max Capacity: 4032M
 Pre-touch: Disabled
 Parallel Workers: 8
 Concurrent Workers: 2
 Concurrent Refinement Workers: 8
 Periodic GC: Disabled

Heap:
 garbage-first heap   total 258048K, used 15511K [0x0000000704000000, 0x0000000800000000)
  region size 2048K, 7 young (14336K), 1 survivors (2048K)
 Metaspace       used 11365K, committed 11648K, reserved 1114112K
  class space    used 1331K, committed 1472K, reserved 1048576K

Heap Regions: E=young(eden), S=young(survivor), O=old, HS=humongous(starts), HC=humongous(continues), CS=collection set, F=free, TAMS=top-at-mark-start, PB=parsable bottom
|   0|0x0000000704000000, 0x0000000704200000, 0x0000000704200000|100%| O|  |TAMS 0x0000000704000000| PB 0x0000000704000000| Untracked 
|   1|0x0000000704200000, 0x00000007043ac1c0, 0x0000000704400000| 83%| O|  |TAMS 0x0000000704200000| PB 0x0000000704200000| Untracked 
|   2|0x0000000704400000, 0x0000000704400000, 0x0000000704600000|  0%| F|  |TAMS 0x0000000704400000| PB 0x0000000704400000| Untracked 
|   3|0x0000000704600000, 0x0000000704600000, 0x0000000704800000|  0%| F|  |TAMS 0x0000000704600000| PB 0x0000000704600000| Untracked 
|   4|0x0000000704800000, 0x0000000704800000, 0x0000000704a00000|  0%| F|  |TAMS 0x0000000704800000| PB 0x0000000704800000| Untracked 
|   5|0x0000000704a00000, 0x0000000704a00000, 0x0000000704c00000|  0%| F|  |TAMS 0x0000000704a00000| PB 0x0000000704a00000| Untracked 
|   6|0x0000000704c00000, 0x0000000704c00000, 0x0000000704e00000|  0%| F|  |TAMS 0x0000000704c00000| PB 0x0000000704c00000| Untracked 
|   7|0x0000000704e00000, 0x0000000704e00000, 0x0000000705000000|  0%| F|  |TAMS 0x0000000704e00000| PB 0x0000000704e00000| Untracked 
|   8|0x0000000705000000, 0x0000000705000000, 0x0000000705200000|  0%| F|  |TAMS 0x0000000705000000| PB 0x0000000705000000| Untracked 
|   9|0x0000000705200000, 0x0000000705200000, 0x0000000705400000|  0%| F|  |TAMS 0x0000000705200000| PB 0x0000000705200000| Untracked 
|  10|0x0000000705400000, 0x0000000705400000, 0x0000000705600000|  0%| F|  |TAMS 0x0000000705400000| PB 0x0000000705400000| Untracked 
|  11|0x0000000705600000, 0x0000000705600000, 0x0000000705800000|  0%| F|  |TAMS 0x0000000705600000| PB 0x0000000705600000| Untracked 
|  12|0x0000000705800000, 0x0000000705800000, 0x0000000705a00000|  0%| F|  |TAMS 0x0000000705800000| PB 0x0000000705800000| Untracked 
|  13|0x0000000705a00000, 0x0000000705a00000, 0x0000000705c00000|  0%| F|  |TAMS 0x0000000705a00000| PB 0x0000000705a00000| Untracked 
|  14|0x0000000705c00000, 0x0000000705c00000, 0x0000000705e00000|  0%| F|  |TAMS 0x0000000705c00000| PB 0x0000000705c00000| Untracked 
|  15|0x0000000705e00000, 0x0000000705e00000, 0x0000000706000000|  0%| F|  |TAMS 0x0000000705e00000| PB 0x0000000705e00000| Untracked 
|  16|0x0000000706000000, 0x0000000706000000, 0x0000000706200000|  0%| F|  |TAMS 0x0000000706000000| PB 0x0000000706000000| Untracked 
|  17|0x0000000706200000, 0x0000000706200000, 0x0000000706400000|  0%| F|  |TAMS 0x0000000706200000| PB 0x0000000706200000| Untracked 
|  18|0x0000000706400000, 0x0000000706400000, 0x0000000706600000|  0%| F|  |TAMS 0x0000000706400000| PB 0x0000000706400000| Untracked 
|  19|0x0000000706600000, 0x0000000706600000, 0x0000000706800000|  0%| F|  |TAMS 0x0000000706600000| PB 0x0000000706600000| Untracked 
|  20|0x0000000706800000, 0x0000000706800000, 0x0000000706a00000|  0%| F|  |TAMS 0x0000000706800000| PB 0x0000000706800000| Untracked 
|  21|0x0000000706a00000, 0x0000000706a00000, 0x0000000706c00000|  0%| F|  |TAMS 0x0000000706a00000| PB 0x0000000706a00000| Untracked 
|  22|0x0000000706c00000, 0x0000000706c00000, 0x0000000706e00000|  0%| F|  |TAMS 0x0000000706c00000| PB 0x0000000706c00000| Untracked 
|  23|0x0000000706e00000, 0x0000000706e00000, 0x0000000707000000|  0%| F|  |TAMS 0x0000000706e00000| PB 0x0000000706e00000| Untracked 
|  24|0x0000000707000000, 0x0000000707000000, 0x0000000707200000|  0%| F|  |TAMS 0x0000000707000000| PB 0x0000000707000000| Untracked 
|  25|0x0000000707200000, 0x0000000707200000, 0x0000000707400000|  0%| F|  |TAMS 0x0000000707200000| PB 0x0000000707200000| Untracked 
|  26|0x0000000707400000, 0x0000000707400000, 0x0000000707600000|  0%| F|  |TAMS 0x0000000707400000| PB 0x0000000707400000| Untracked 
|  27|0x0000000707600000, 0x0000000707600000, 0x0000000707800000|  0%| F|  |TAMS 0x0000000707600000| PB 0x0000000707600000| Untracked 
|  28|0x0000000707800000, 0x0000000707800000, 0x0000000707a00000|  0%| F|  |TAMS 0x0000000707800000| PB 0x0000000707800000| Untracked 
|  29|0x0000000707a00000, 0x0000000707a00000, 0x0000000707c00000|  0%| F|  |TAMS 0x0000000707a00000| PB 0x0000000707a00000| Untracked 
|  30|0x0000000707c00000, 0x0000000707c00000, 0x0000000707e00000|  0%| F|  |TAMS 0x0000000707c00000| PB 0x0000000707c00000| Untracked 
|  31|0x0000000707e00000, 0x0000000707e00000, 0x0000000708000000|  0%| F|  |TAMS 0x0000000707e00000| PB 0x0000000707e00000| Untracked 
|  32|0x0000000708000000, 0x0000000708000000, 0x0000000708200000|  0%| F|  |TAMS 0x0000000708000000| PB 0x0000000708000000| Untracked 
|  33|0x0000000708200000, 0x0000000708200000, 0x0000000708400000|  0%| F|  |TAMS 0x0000000708200000| PB 0x0000000708200000| Untracked 
|  34|0x0000000708400000, 0x0000000708400000, 0x0000000708600000|  0%| F|  |TAMS 0x0000000708400000| PB 0x0000000708400000| Untracked 
|  35|0x0000000708600000, 0x0000000708600000, 0x0000000708800000|  0%| F|  |TAMS 0x0000000708600000| PB 0x0000000708600000| Untracked 
|  36|0x0000000708800000, 0x0000000708800000, 0x0000000708a00000|  0%| F|  |TAMS 0x0000000708800000| PB 0x0000000708800000| Untracked 
|  37|0x0000000708a00000, 0x0000000708a00000, 0x0000000708c00000|  0%| F|  |TAMS 0x0000000708a00000| PB 0x0000000708a00000| Untracked 
|  38|0x0000000708c00000, 0x0000000708c00000, 0x0000000708e00000|  0%| F|  |TAMS 0x0000000708c00000| PB 0x0000000708c00000| Untracked 
|  39|0x0000000708e00000, 0x0000000708e00000, 0x0000000709000000|  0%| F|  |TAMS 0x0000000708e00000| PB 0x0000000708e00000| Untracked 
|  40|0x0000000709000000, 0x0000000709000000, 0x0000000709200000|  0%| F|  |TAMS 0x0000000709000000| PB 0x0000000709000000| Untracked 
|  41|0x0000000709200000, 0x0000000709200000, 0x0000000709400000|  0%| F|  |TAMS 0x0000000709200000| PB 0x0000000709200000| Untracked 
|  42|0x0000000709400000, 0x0000000709400000, 0x0000000709600000|  0%| F|  |TAMS 0x0000000709400000| PB 0x0000000709400000| Untracked 
|  43|0x0000000709600000, 0x0000000709600000, 0x0000000709800000|  0%| F|  |TAMS 0x0000000709600000| PB 0x0000000709600000| Untracked 
|  44|0x0000000709800000, 0x0000000709800000, 0x0000000709a00000|  0%| F|  |TAMS 0x0000000709800000| PB 0x0000000709800000| Untracked 
|  45|0x0000000709a00000, 0x0000000709a00000, 0x0000000709c00000|  0%| F|  |TAMS 0x0000000709a00000| PB 0x0000000709a00000| Untracked 
|  46|0x0000000709c00000, 0x0000000709c00000, 0x0000000709e00000|  0%| F|  |TAMS 0x0000000709c00000| PB 0x0000000709c00000| Untracked 
|  47|0x0000000709e00000, 0x0000000709e00000, 0x000000070a000000|  0%| F|  |TAMS 0x0000000709e00000| PB 0x0000000709e00000| Untracked 
|  48|0x000000070a000000, 0x000000070a000000, 0x000000070a200000|  0%| F|  |TAMS 0x000000070a000000| PB 0x000000070a000000| Untracked 
|  49|0x000000070a200000, 0x000000070a200000, 0x000000070a400000|  0%| F|  |TAMS 0x000000070a200000| PB 0x000000070a200000| Untracked 
|  50|0x000000070a400000, 0x000000070a400000, 0x000000070a600000|  0%| F|  |TAMS 0x000000070a400000| PB 0x000000070a400000| Untracked 
|  51|0x000000070a600000, 0x000000070a600000, 0x000000070a800000|  0%| F|  |TAMS 0x000000070a600000| PB 0x000000070a600000| Untracked 
|  52|0x000000070a800000, 0x000000070a800000, 0x000000070aa00000|  0%| F|  |TAMS 0x000000070a800000| PB 0x000000070a800000| Untracked 
|  53|0x000000070aa00000, 0x000000070aa00000, 0x000000070ac00000|  0%| F|  |TAMS 0x000000070aa00000| PB 0x000000070aa00000| Untracked 
|  54|0x000000070ac00000, 0x000000070ac00000, 0x000000070ae00000|  0%| F|  |TAMS 0x000000070ac00000| PB 0x000000070ac00000| Untracked 
|  55|0x000000070ae00000, 0x000000070ae00000, 0x000000070b000000|  0%| F|  |TAMS 0x000000070ae00000| PB 0x000000070ae00000| Untracked 
|  56|0x000000070b000000, 0x000000070b000000, 0x000000070b200000|  0%| F|  |TAMS 0x000000070b000000| PB 0x000000070b000000| Untracked 
|  57|0x000000070b200000, 0x000000070b200000, 0x000000070b400000|  0%| F|  |TAMS 0x000000070b200000| PB 0x000000070b200000| Untracked 
|  58|0x000000070b400000, 0x000000070b400000, 0x000000070b600000|  0%| F|  |TAMS 0x000000070b400000| PB 0x000000070b400000| Untracked 
|  59|0x000000070b600000, 0x000000070b600000, 0x000000070b800000|  0%| F|  |TAMS 0x000000070b600000| PB 0x000000070b600000| Untracked 
|  60|0x000000070b800000, 0x000000070b800000, 0x000000070ba00000|  0%| F|  |TAMS 0x000000070b800000| PB 0x000000070b800000| Untracked 
|  61|0x000000070ba00000, 0x000000070ba00000, 0x000000070bc00000|  0%| F|  |TAMS 0x000000070ba00000| PB 0x000000070ba00000| Untracked 
|  62|0x000000070bc00000, 0x000000070bc00000, 0x000000070be00000|  0%| F|  |TAMS 0x000000070bc00000| PB 0x000000070bc00000| Untracked 
|  63|0x000000070be00000, 0x000000070be00000, 0x000000070c000000|  0%| F|  |TAMS 0x000000070be00000| PB 0x000000070be00000| Untracked 
|  64|0x000000070c000000, 0x000000070c000000, 0x000000070c200000|  0%| F|  |TAMS 0x000000070c000000| PB 0x000000070c000000| Untracked 
|  65|0x000000070c200000, 0x000000070c200000, 0x000000070c400000|  0%| F|  |TAMS 0x000000070c200000| PB 0x000000070c200000| Untracked 
|  66|0x000000070c400000, 0x000000070c400000, 0x000000070c600000|  0%| F|  |TAMS 0x000000070c400000| PB 0x000000070c400000| Untracked 
|  67|0x000000070c600000, 0x000000070c600000, 0x000000070c800000|  0%| F|  |TAMS 0x000000070c600000| PB 0x000000070c600000| Untracked 
|  68|0x000000070c800000, 0x000000070c800000, 0x000000070ca00000|  0%| F|  |TAMS 0x000000070c800000| PB 0x000000070c800000| Untracked 
|  69|0x000000070ca00000, 0x000000070ca00000, 0x000000070cc00000|  0%| F|  |TAMS 0x000000070ca00000| PB 0x000000070ca00000| Untracked 
|  70|0x000000070cc00000, 0x000000070cc00000, 0x000000070ce00000|  0%| F|  |TAMS 0x000000070cc00000| PB 0x000000070cc00000| Untracked 
|  71|0x000000070ce00000, 0x000000070ce00000, 0x000000070d000000|  0%| F|  |TAMS 0x000000070ce00000| PB 0x000000070ce00000| Untracked 
|  72|0x000000070d000000, 0x000000070d000000, 0x000000070d200000|  0%| F|  |TAMS 0x000000070d000000| PB 0x000000070d000000| Untracked 
|  73|0x000000070d200000, 0x000000070d200000, 0x000000070d400000|  0%| F|  |TAMS 0x000000070d200000| PB 0x000000070d200000| Untracked 
|  74|0x000000070d400000, 0x000000070d400000, 0x000000070d600000|  0%| F|  |TAMS 0x000000070d400000| PB 0x000000070d400000| Untracked 
|  75|0x000000070d600000, 0x000000070d600000, 0x000000070d800000|  0%| F|  |TAMS 0x000000070d600000| PB 0x000000070d600000| Untracked 
|  76|0x000000070d800000, 0x000000070d800000, 0x000000070da00000|  0%| F|  |TAMS 0x000000070d800000| PB 0x000000070d800000| Untracked 
|  77|0x000000070da00000, 0x000000070da00000, 0x000000070dc00000|  0%| F|  |TAMS 0x000000070da00000| PB 0x000000070da00000| Untracked 
|  78|0x000000070dc00000, 0x000000070dc00000, 0x000000070de00000|  0%| F|  |TAMS 0x000000070dc00000| PB 0x000000070dc00000| Untracked 
|  79|0x000000070de00000, 0x000000070de00000, 0x000000070e000000|  0%| F|  |TAMS 0x000000070de00000| PB 0x000000070de00000| Untracked 
|  80|0x000000070e000000, 0x000000070e000000, 0x000000070e200000|  0%| F|  |TAMS 0x000000070e000000| PB 0x000000070e000000| Untracked 
|  81|0x000000070e200000, 0x000000070e200000, 0x000000070e400000|  0%| F|  |TAMS 0x000000070e200000| PB 0x000000070e200000| Untracked 
|  82|0x000000070e400000, 0x000000070e400000, 0x000000070e600000|  0%| F|  |TAMS 0x000000070e400000| PB 0x000000070e400000| Untracked 
|  83|0x000000070e600000, 0x000000070e600000, 0x000000070e800000|  0%| F|  |TAMS 0x000000070e600000| PB 0x000000070e600000| Untracked 
|  84|0x000000070e800000, 0x000000070e800000, 0x000000070ea00000|  0%| F|  |TAMS 0x000000070e800000| PB 0x000000070e800000| Untracked 
|  85|0x000000070ea00000, 0x000000070ea00000, 0x000000070ec00000|  0%| F|  |TAMS 0x000000070ea00000| PB 0x000000070ea00000| Untracked 
|  86|0x000000070ec00000, 0x000000070ec00000, 0x000000070ee00000|  0%| F|  |TAMS 0x000000070ec00000| PB 0x000000070ec00000| Untracked 
|  87|0x000000070ee00000, 0x000000070ee00000, 0x000000070f000000|  0%| F|  |TAMS 0x000000070ee00000| PB 0x000000070ee00000| Untracked 
|  88|0x000000070f000000, 0x000000070f000000, 0x000000070f200000|  0%| F|  |TAMS 0x000000070f000000| PB 0x000000070f000000| Untracked 
|  89|0x000000070f200000, 0x000000070f200000, 0x000000070f400000|  0%| F|  |TAMS 0x000000070f200000| PB 0x000000070f200000| Untracked 
|  90|0x000000070f400000, 0x000000070f400000, 0x000000070f600000|  0%| F|  |TAMS 0x000000070f400000| PB 0x000000070f400000| Untracked 
|  91|0x000000070f600000, 0x000000070f600000, 0x000000070f800000|  0%| F|  |TAMS 0x000000070f600000| PB 0x000000070f600000| Untracked 
|  92|0x000000070f800000, 0x000000070f800000, 0x000000070fa00000|  0%| F|  |TAMS 0x000000070f800000| PB 0x000000070f800000| Untracked 
|  93|0x000000070fa00000, 0x000000070fa00000, 0x000000070fc00000|  0%| F|  |TAMS 0x000000070fa00000| PB 0x000000070fa00000| Untracked 
|  94|0x000000070fc00000, 0x000000070fc00000, 0x000000070fe00000|  0%| F|  |TAMS 0x000000070fc00000| PB 0x000000070fc00000| Untracked 
|  95|0x000000070fe00000, 0x000000070fe00000, 0x0000000710000000|  0%| F|  |TAMS 0x000000070fe00000| PB 0x000000070fe00000| Untracked 
|  96|0x0000000710000000, 0x0000000710000000, 0x0000000710200000|  0%| F|  |TAMS 0x0000000710000000| PB 0x0000000710000000| Untracked 
|  97|0x0000000710200000, 0x0000000710200000, 0x0000000710400000|  0%| F|  |TAMS 0x0000000710200000| PB 0x0000000710200000| Untracked 
|  98|0x0000000710400000, 0x0000000710400000, 0x0000000710600000|  0%| F|  |TAMS 0x0000000710400000| PB 0x0000000710400000| Untracked 
|  99|0x0000000710600000, 0x0000000710600000, 0x0000000710800000|  0%| F|  |TAMS 0x0000000710600000| PB 0x0000000710600000| Untracked 
| 100|0x0000000710800000, 0x0000000710800000, 0x0000000710a00000|  0%| F|  |TAMS 0x0000000710800000| PB 0x0000000710800000| Untracked 
| 101|0x0000000710a00000, 0x0000000710a00000, 0x0000000710c00000|  0%| F|  |TAMS 0x0000000710a00000| PB 0x0000000710a00000| Untracked 
| 102|0x0000000710c00000, 0x0000000710c00000, 0x0000000710e00000|  0%| F|  |TAMS 0x0000000710c00000| PB 0x0000000710c00000| Untracked 
| 103|0x0000000710e00000, 0x0000000710e00000, 0x0000000711000000|  0%| F|  |TAMS 0x0000000710e00000| PB 0x0000000710e00000| Untracked 
| 104|0x0000000711000000, 0x0000000711000000, 0x0000000711200000|  0%| F|  |TAMS 0x0000000711000000| PB 0x0000000711000000| Untracked 
| 105|0x0000000711200000, 0x0000000711200000, 0x0000000711400000|  0%| F|  |TAMS 0x0000000711200000| PB 0x0000000711200000| Untracked 
| 106|0x0000000711400000, 0x0000000711400000, 0x0000000711600000|  0%| F|  |TAMS 0x0000000711400000| PB 0x0000000711400000| Untracked 
| 107|0x0000000711600000, 0x0000000711600000, 0x0000000711800000|  0%| F|  |TAMS 0x0000000711600000| PB 0x0000000711600000| Untracked 
| 108|0x0000000711800000, 0x0000000711800000, 0x0000000711a00000|  0%| F|  |TAMS 0x0000000711800000| PB 0x0000000711800000| Untracked 
| 109|0x0000000711a00000, 0x0000000711b79ac0, 0x0000000711c00000| 73%| S|CS|TAMS 0x0000000711a00000| PB 0x0000000711a00000| Complete 
| 110|0x0000000711c00000, 0x0000000711c00000, 0x0000000711e00000|  0%| F|  |TAMS 0x0000000711c00000| PB 0x0000000711c00000| Untracked 
| 111|0x0000000711e00000, 0x0000000711e00000, 0x0000000712000000|  0%| F|  |TAMS 0x0000000711e00000| PB 0x0000000711e00000| Untracked 
| 112|0x0000000712000000, 0x0000000712000000, 0x0000000712200000|  0%| F|  |TAMS 0x0000000712000000| PB 0x0000000712000000| Untracked 
| 113|0x0000000712200000, 0x0000000712200000, 0x0000000712400000|  0%| F|  |TAMS 0x0000000712200000| PB 0x0000000712200000| Untracked 
| 114|0x0000000712400000, 0x0000000712400000, 0x0000000712600000|  0%| F|  |TAMS 0x0000000712400000| PB 0x0000000712400000| Untracked 
| 115|0x0000000712600000, 0x0000000712600000, 0x0000000712800000|  0%| F|  |TAMS 0x0000000712600000| PB 0x0000000712600000| Untracked 
| 116|0x0000000712800000, 0x0000000712800000, 0x0000000712a00000|  0%| F|  |TAMS 0x0000000712800000| PB 0x0000000712800000| Untracked 
| 117|0x0000000712a00000, 0x0000000712a00000, 0x0000000712c00000|  0%| F|  |TAMS 0x0000000712a00000| PB 0x0000000712a00000| Untracked 
| 118|0x0000000712c00000, 0x0000000712c00000, 0x0000000712e00000|  0%| F|  |TAMS 0x0000000712c00000| PB 0x0000000712c00000| Untracked 
| 119|0x0000000712e00000, 0x0000000712e00000, 0x0000000713000000|  0%| F|  |TAMS 0x0000000712e00000| PB 0x0000000712e00000| Untracked 
| 120|0x0000000713000000, 0x0000000713095400, 0x0000000713200000| 29%| E|  |TAMS 0x0000000713000000| PB 0x0000000713000000| Complete 
| 121|0x0000000713200000, 0x0000000713400000, 0x0000000713400000|100%| E|CS|TAMS 0x0000000713200000| PB 0x0000000713200000| Complete 
| 122|0x0000000713400000, 0x0000000713600000, 0x0000000713600000|100%| E|CS|TAMS 0x0000000713400000| PB 0x0000000713400000| Complete 
| 123|0x0000000713600000, 0x0000000713800000, 0x0000000713800000|100%| E|CS|TAMS 0x0000000713600000| PB 0x0000000713600000| Complete 
| 124|0x0000000713800000, 0x0000000713a00000, 0x0000000713a00000|100%| E|CS|TAMS 0x0000000713800000| PB 0x0000000713800000| Complete 
| 125|0x0000000713a00000, 0x0000000713c00000, 0x0000000713c00000|100%| E|CS|TAMS 0x0000000713a00000| PB 0x0000000713a00000| Complete 

Card table byte_map: [0x0000019e8f000000,0x0000019e8f7e0000] _byte_map_base: 0x0000019e8b7e0000

Marking Bits: (CMBitMap*) 0x0000019ef487a790
 Bits: [0x0000019e8f7e0000, 0x0000019e936e0000)

Polling page: 0x0000019ef47b0000

Metaspace:

Usage:
  Non-class:      9.80 MB used.
      Class:      1.30 MB used.
       Both:     11.10 MB used.

Virtual space:
  Non-class space:       64.00 MB reserved,       9.94 MB ( 16%) committed,  1 nodes.
      Class space:        1.00 GB reserved,       1.44 MB ( <1%) committed,  1 nodes.
             Both:        1.06 GB reserved,      11.38 MB (  1%) committed. 

Chunk freelists:
   Non-Class:  5.05 MB
       Class:  14.41 MB
        Both:  19.46 MB

MaxMetaspaceSize: unlimited
CompressedClassSpaceSize: 1.00 GB
Initial GC threshold: 21.00 MB
Current GC threshold: 21.00 MB
CDS: on
 - commit_granule_bytes: 65536.
 - commit_granule_words: 8192.
 - virtual_space_node_default_size: 8388608.
 - enlarge_chunks_in_place: 1.
 - use_allocation_guard: 0.


Internal statistics:

num_allocs_failed_limit: 0.
num_arena_births: 86.
num_arena_deaths: 0.
num_vsnodes_births: 2.
num_vsnodes_deaths: 0.
num_space_committed: 182.
num_space_uncommitted: 0.
num_chunks_returned_to_freelist: 0.
num_chunks_taken_from_freelist: 442.
num_chunk_merges: 0.
num_chunk_splits: 318.
num_chunks_enlarged: 262.
num_inconsistent_stats: 0.

CodeHeap 'non-profiled nmethods': size=120000Kb used=863Kb max_used=863Kb free=119137Kb
 bounds [0x0000019e87ad0000, 0x0000019e87d40000, 0x0000019e8f000000]
CodeHeap 'profiled nmethods': size=120000Kb used=3891Kb max_used=3891Kb free=116108Kb
 bounds [0x0000019e80000000, 0x0000019e803d0000, 0x0000019e87530000]
CodeHeap 'non-nmethods': size=5760Kb used=1520Kb max_used=1535Kb free=4239Kb
 bounds [0x0000019e87530000, 0x0000019e877a0000, 0x0000019e87ad0000]
 total_blobs=2474 nmethods=1994 adapters=384
 compilation: enabled
              stopped_count=0, restarted_count=0
 full_count=0

Compilation events (20 events):
Event: 105.069 Thread 0x0000019e95b071b0 1996       3       java.util.concurrent.ConcurrentHashMap::get (162 bytes)
Event: 105.069 Thread 0x0000019e95b071b0 nmethod 1996 0x0000019e803c7d10 code [0x0000019e803c7f80, 0x0000019e803c8a38]
Event: 105.069 Thread 0x0000019e95b071b0 1995       3       java.lang.invoke.AbstractValidatingLambdaMetafactory::isAdaptableTo (126 bytes)
Event: 105.070 Thread 0x0000019e95b071b0 nmethod 1995 0x0000019e803c8d10 code [0x0000019e803c8fc0, 0x0000019e803c9968]
Event: 105.077 Thread 0x0000019e95b071b0 1997       3       java.util.WeakHashMap::remove (131 bytes)
Event: 105.077 Thread 0x0000019e95b071b0 nmethod 1997 0x0000019e803c9d10 code [0x0000019e803c9f60, 0x0000019e803caac0]
Event: 107.123 Thread 0x0000019e95b071b0 1998       3       java.util.HashMap::<init> (8 bytes)
Event: 107.123 Thread 0x0000019e95b071b0 nmethod 1998 0x0000019e803caf10 code [0x0000019e803cb0e0, 0x0000019e803cb220]
Event: 107.124 Thread 0x0000019e95b071b0 1999       3       jdk.internal.org.objectweb.asm.Frame::getConcreteOutputType (111 bytes)
Event: 107.124 Thread 0x0000019e95b071b0 nmethod 1999 0x0000019e803cb310 code [0x0000019e803cb4e0, 0x0000019e803cb8a8]
Event: 107.125 Thread 0x0000019e95b071b0 2000       3       java.lang.Class$AnnotationData::<init> (20 bytes)
Event: 107.125 Thread 0x0000019e95b071b0 nmethod 2000 0x0000019e803cba10 code [0x0000019e803cbbc0, 0x0000019e803cbdf8]
Event: 107.125 Thread 0x0000019e95b071b0 2001       1       com.google.inject.name.NamedImpl::annotationType (3 bytes)
Event: 107.125 Thread 0x0000019e95b071b0 nmethod 2001 0x0000019e87ba7910 code [0x0000019e87ba7aa0, 0x0000019e87ba7b70]
Event: 107.125 Thread 0x0000019e95b071b0 2002       3       java.lang.PublicMethods$MethodList::<init> (10 bytes)
Event: 107.125 Thread 0x0000019e95b071b0 nmethod 2002 0x0000019e803cbe90 code [0x0000019e803cc040, 0x0000019e803cc200]
Event: 107.126 Thread 0x0000019e95b071b0 2003       3       jdk.internal.org.objectweb.asm.MethodWriter::visitTryCatchBlock (67 bytes)
Event: 107.126 Thread 0x0000019e95b071b0 nmethod 2003 0x0000019e803cc290 code [0x0000019e803cc480, 0x0000019e803ccb50]
Event: 107.126 Thread 0x0000019e95b071b0 2005       3       jdk.internal.org.objectweb.asm.Type::getArgumentTypes (154 bytes)
Event: 107.126 Thread 0x0000019e95b01cd0 2009       4       jdk.internal.org.objectweb.asm.SymbolTable::addConstantUtf8 (98 bytes)

GC Heap History (4 events):
Event: 51.475 GC heap before
{Heap before GC invocations=0 (full 0):
 garbage-first heap   total 258048K, used 22528K [0x0000000704000000, 0x0000000800000000)
  region size 2048K, 11 young (22528K), 0 survivors (0K)
 Metaspace       used 6051K, committed 6272K, reserved 1114112K
  class space    used 690K, committed 768K, reserved 1048576K
}
Event: 52.615 GC heap after
{Heap after GC invocations=1 (full 0):
 garbage-first heap   total 258048K, used 3754K [0x0000000704000000, 0x0000000800000000)
  region size 2048K, 2 young (4096K), 2 survivors (4096K)
 Metaspace       used 6051K, committed 6272K, reserved 1114112K
  class space    used 690K, committed 768K, reserved 1048576K
}
Event: 89.581 GC heap before
{Heap before GC invocations=1 (full 0):
 garbage-first heap   total 258048K, used 32426K [0x0000000704000000, 0x0000000800000000)
  region size 2048K, 16 young (32768K), 2 survivors (4096K)
 Metaspace       used 9370K, committed 9536K, reserved 1114112K
  class space    used 1088K, committed 1152K, reserved 1048576K
}
Event: 89.586 GC heap after
{Heap after GC invocations=2 (full 0):
 garbage-first heap   total 258048K, used 5271K [0x0000000704000000, 0x0000000800000000)
  region size 2048K, 1 young (2048K), 1 survivors (2048K)
 Metaspace       used 9370K, committed 9536K, reserved 1114112K
  class space    used 1088K, committed 1152K, reserved 1048576K
}

Dll operation events (12 events):
Event: 0.601 Loaded shared library C:\Program Files\Java\jdk-21.0.6\bin\java.dll
Event: 2.906 Loaded shared library C:\Program Files\Java\jdk-21.0.6\bin\jsvml.dll
Event: 2.933 Loaded shared library C:\Program Files\Java\jdk-21.0.6\bin\zip.dll
Event: 2.942 Loaded shared library C:\Program Files\Java\jdk-21.0.6\bin\instrument.dll
Event: 2.950 Loaded shared library C:\Program Files\Java\jdk-21.0.6\bin\net.dll
Event: 2.967 Loaded shared library C:\Program Files\Java\jdk-21.0.6\bin\nio.dll
Event: 2.976 Loaded shared library C:\Program Files\Java\jdk-21.0.6\bin\zip.dll
Event: 4.441 Loaded shared library C:\Program Files\JetBrains\IntelliJ IDEA 2023.3.4\bin\breakgen64.dll
Event: 4.455 Loaded shared library C:\Program Files\Java\jdk-21.0.6\bin\extnet.dll
Event: 14.816 Loaded shared library C:\Program Files\Java\jdk-21.0.6\bin\jimage.dll
Event: 30.040 Loaded shared library C:\Users\DELL\AppData\Local\Temp\jansi-2.4.1-230c82f059a8f5c-jansi.dll
Event: 30.653 Loaded shared library C:\Program Files\Java\jdk-21.0.6\bin\verify.dll

Deoptimization events (20 events):
Event: 92.744 Thread 0x0000019ef4810d40 Uncommon trap: trap_request=0xffffffd6 fr.pc=0x0000019e87b9e898 relative=0x0000000000000178
Event: 92.744 Thread 0x0000019ef4810d40 Uncommon trap: reason=array_check action=maybe_recompile pc=0x0000019e87b9e898 method=java.util.stream.Nodes$FixedNodeBuilder.accept(Ljava/lang/Object;)V @ 28 c2
Event: 92.744 Thread 0x0000019ef4810d40 DEOPT PACKING pc=0x0000019e87b9e898 sp=0x000000164fffdd20
Event: 92.744 Thread 0x0000019ef4810d40 DEOPT UNPACKING pc=0x0000019e87587da2 sp=0x000000164fffdcc0 mode 2
Event: 92.744 Thread 0x0000019ef4810d40 Uncommon trap: trap_request=0xffffffd6 fr.pc=0x0000019e87b9e898 relative=0x0000000000000178
Event: 92.744 Thread 0x0000019ef4810d40 Uncommon trap: reason=array_check action=maybe_recompile pc=0x0000019e87b9e898 method=java.util.stream.Nodes$FixedNodeBuilder.accept(Ljava/lang/Object;)V @ 28 c2
Event: 92.744 Thread 0x0000019ef4810d40 DEOPT PACKING pc=0x0000019e87b9e898 sp=0x000000164fffdd00
Event: 92.744 Thread 0x0000019ef4810d40 DEOPT UNPACKING pc=0x0000019e87587da2 sp=0x000000164fffdca0 mode 2
Event: 104.134 Thread 0x0000019ef4810d40 Uncommon trap: trap_request=0xffffff45 fr.pc=0x0000019e87b662f8 relative=0x0000000000000238
Event: 104.134 Thread 0x0000019ef4810d40 Uncommon trap: reason=unstable_if action=reinterpret pc=0x0000019e87b662f8 method=java.util.concurrent.ConcurrentHashMap.get(Ljava/lang/Object;)Ljava/lang/Object; @ 76 c2
Event: 104.134 Thread 0x0000019ef4810d40 DEOPT PACKING pc=0x0000019e87b662f8 sp=0x000000164fffb1c0
Event: 104.134 Thread 0x0000019ef4810d40 DEOPT UNPACKING pc=0x0000019e87587da2 sp=0x000000164fffb138 mode 2
Event: 105.071 Thread 0x0000019ef4810d40 Uncommon trap: trap_request=0xffffff45 fr.pc=0x0000019e87ba4fd0 relative=0x0000000000000650
Event: 105.071 Thread 0x0000019ef4810d40 Uncommon trap: reason=unstable_if action=reinterpret pc=0x0000019e87ba4fd0 method=java.lang.Integer.getChars(II[B)I @ 25 c2
Event: 105.071 Thread 0x0000019ef4810d40 DEOPT PACKING pc=0x0000019e87ba4fd0 sp=0x000000164fffdbb0
Event: 105.071 Thread 0x0000019ef4810d40 DEOPT UNPACKING pc=0x0000019e87587da2 sp=0x000000164fffdaf8 mode 2
Event: 107.126 Thread 0x0000019ef4810d40 Uncommon trap: trap_request=0xffffff45 fr.pc=0x0000019e87ba70e4 relative=0x0000000000000324
Event: 107.126 Thread 0x0000019ef4810d40 Uncommon trap: reason=unstable_if action=reinterpret pc=0x0000019e87ba70e4 method=jdk.internal.org.objectweb.asm.SymbolTable.put(Ljdk/internal/org/objectweb/asm/SymbolTable$Entry;)Ljdk/internal/org/objectweb/asm/SymbolTable$Entry; @ 13 c2
Event: 107.126 Thread 0x0000019ef4810d40 DEOPT PACKING pc=0x0000019e87ba70e4 sp=0x000000164fffd5e0
Event: 107.126 Thread 0x0000019ef4810d40 DEOPT UNPACKING pc=0x0000019e87587da2 sp=0x000000164fffd560 mode 2

Classes loaded (20 events):
Event: 92.168 Loading class sun/reflect/generics/tree/MethodTypeSignature
Event: 92.168 Loading class sun/reflect/generics/tree/MethodTypeSignature done
Event: 97.673 Loading class sun/reflect/generics/repository/FieldRepository
Event: 97.674 Loading class sun/reflect/generics/repository/FieldRepository done
Event: 99.427 Loading class java/io/UncheckedIOException
Event: 99.427 Loading class java/io/UncheckedIOException done
Event: 101.501 Loading class java/util/concurrent/atomic/AtomicBoolean
Event: 101.502 Loading class java/util/concurrent/atomic/AtomicBoolean done
Event: 101.512 Loading class java/nio/channels/OverlappingFileLockException
Event: 101.512 Loading class java/nio/channels/OverlappingFileLockException done
Event: 101.513 Loading class java/nio/channels/FileLock
Event: 101.513 Loading class java/nio/channels/FileLock done
Event: 102.846 Loading class java/nio/file/AccessDeniedException
Event: 102.846 Loading class java/nio/file/FileSystemException
Event: 102.846 Loading class java/nio/file/FileSystemException done
Event: 102.846 Loading class java/nio/file/AccessDeniedException done
Event: 104.129 Loading class java/lang/ExceptionInInitializerError
Event: 104.129 Loading class java/lang/ExceptionInInitializerError done
Event: 104.134 Loading class jdk/internal/vm/annotation/ForceInline
Event: 104.134 Loading class jdk/internal/vm/annotation/ForceInline done

Classes unloaded (0 events):
No events

Classes redefined (0 events):
No events

Internal exceptions (19 events):
Event: 4.051 Thread 0x0000019ef4810d40 Exception <a 'java/lang/NoSuchMethodError'{0x0000000713bb0718}: 'void java.lang.invoke.DirectMethodHandle$Holder.invokeStatic(java.lang.Object, java.lang.Object, java.lang.Object)'> (0x0000000713bb0718) 
thrown [s\open\src\hotspot\share\interpreter\linkResolver.cpp, line 773]
Event: 4.435 Thread 0x0000019ef4810d40 Exception <a 'java/lang/NoSuchMethodError'{0x0000000713805fc0}: 'java.lang.Object java.lang.invoke.Invokers$Holder.invokeExact_MT(java.lang.Object, java.lang.Object, java.lang.Object, java.lang.Object, java.lang.Object)'> (0x0000000713805fc0) 
thrown [s\open\src\hotspot\share\interpreter\linkResolver.cpp, line 773]
Event: 4.458 Thread 0x0000019edb0156c0 Exception <a 'java/lang/NoSuchMethodError'{0x000000071387a240}: 'void java.lang.invoke.DirectMethodHandle$Holder.invokeStatic(java.lang.Object, java.lang.Object)'> (0x000000071387a240) 
thrown [s\open\src\hotspot\share\interpreter\linkResolver.cpp, line 773]
Event: 4.994 Thread 0x0000019ef4810d40 Exception <a 'java/lang/NoSuchMethodError'{0x00000007138f03f0}: 'int java.lang.invoke.DirectMethodHandle$Holder.invokeSpecial(java.lang.Object, java.lang.Object, java.lang.Object)'> (0x00000007138f03f0) 
thrown [s\open\src\hotspot\share\interpreter\linkResolver.cpp, line 773]
Event: 14.807 Thread 0x0000019ef4810d40 Exception <a 'java/lang/NullPointerException'{0x0000000713776c40}> (0x0000000713776c40) 
thrown [s\open\src\hotspot\share\interpreter\linkResolver.cpp, line 1372]
Event: 30.018 Thread 0x0000019ef4810d40 Exception <a 'sun/nio/fs/WindowsException'{0x000000071379f5e0}> (0x000000071379f5e0) 
thrown [s\open\src\hotspot\share\prims\jni.cpp, line 520]
Event: 31.212 Thread 0x0000019ef4810d40 Exception <a 'java/lang/NoSuchMethodError'{0x000000071347d628}: 'void java.lang.invoke.DirectMethodHandle$Holder.invokeStaticInit(java.lang.Object, java.lang.Object)'> (0x000000071347d628) 
thrown [s\open\src\hotspot\share\interpreter\linkResolver.cpp, line 773]
Event: 36.414 Thread 0x0000019ef4810d40 Exception <a 'java/lang/NoSuchMethodError'{0x0000000713262778}: 'java.lang.Object java.lang.invoke.DirectMethodHandle$Holder.invokeSpecialIFC(java.lang.Object, java.lang.Object, java.lang.Object, java.lang.Object)'> (0x0000000713262778) 
thrown [s\open\src\hotspot\share\interpreter\linkResolver.cpp, line 773]
Event: 42.113 Thread 0x0000019ef4810d40 Exception <a 'java/lang/NoSuchMethodError'{0x0000000712c155b8}: 'void java.lang.invoke.DirectMethodHandle$Holder.invokeSpecial(java.lang.Object, java.lang.Object, java.lang.Object)'> (0x0000000712c155b8) 
thrown [s\open\src\hotspot\share\interpreter\linkResolver.cpp, line 773]
Event: 44.458 Thread 0x0000019ef4810d40 Exception <a 'java/lang/NoSuchMethodError'{0x0000000712d688f8}: 'java.lang.Object java.lang.invoke.DirectMethodHandle$Holder.invokeInterface(java.lang.Object, java.lang.Object)'> (0x0000000712d688f8) 
thrown [s\open\src\hotspot\share\interpreter\linkResolver.cpp, line 773]
Event: 44.482 Thread 0x0000019ef4810d40 Exception <a 'java/lang/NoSuchMethodError'{0x0000000712a06ba0}: 'int java.lang.invoke.DirectMethodHandle$Holder.invokeStatic(java.lang.Object, java.lang.Object, java.lang.Object, java.lang.Object)'> (0x0000000712a06ba0) 
thrown [s\open\src\hotspot\share\interpreter\linkResolver.cpp, line 773]
Event: 44.483 Thread 0x0000019ef4810d40 Exception <a 'java/lang/NoSuchMethodError'{0x0000000712a0a230}: 'java.lang.Object java.lang.invoke.Invokers$Holder.invokeExact_MT(java.lang.Object, java.lang.Object, java.lang.Object, java.lang.Object, java.lang.Object, java.lang.Object)'> (0x0000000712a0a230) 
thrown [s\open\src\hotspot\share\interpreter\linkResolver.cpp, line 773]
Event: 44.486 Thread 0x0000019ef4810d40 Exception <a 'java/lang/NoSuchMethodError'{0x0000000712a18a18}: 'int java.lang.invoke.DirectMethodHandle$Holder.invokeSpecialIFC(java.lang.Object, java.lang.Object, java.lang.Object, java.lang.Object, java.lang.Object)'> (0x0000000712a18a18) 
thrown [s\open\src\hotspot\share\interpreter\linkResolver.cpp, line 773]
Event: 46.160 Thread 0x0000019ef4810d40 Exception <a 'java/lang/NoSuchMethodError'{0x0000000712babf78}: 'java.lang.Object java.lang.invoke.DirectMethodHandle$Holder.newInvokeSpecial(java.lang.Object, java.lang.Object, java.lang.Object, java.lang.Object, java.lang.Object)'> (0x0000000712babf78) 
thrown [s\open\src\hotspot\share\interpreter\linkResolver.cpp, line 773]
Event: 48.779 Thread 0x0000019ef4810d40 Exception <a 'java/lang/NoSuchMethodError'{0x00000007128b0038}: 'int java.lang.invoke.DirectMethodHandle$Holder.invokeStaticInit(java.lang.Object, java.lang.Object)'> (0x00000007128b0038) 
thrown [s\open\src\hotspot\share\interpreter\linkResolver.cpp, line 773]
Event: 48.789 Thread 0x0000019ef4810d40 Exception <a 'java/lang/NoClassDefFoundError'{0x00000007128e7410}: javax/enterprise/inject/Typed> (0x00000007128e7410) 
thrown [s\open\src\hotspot\share\classfile\systemDictionary.cpp, line 301]
Event: 104.124 Thread 0x0000019ef4810d40 Exception <a 'java/lang/NoSuchMethodError'{0x00000007132b2420}: 'void java.lang.invoke.DirectMethodHandle$Holder.invokeStaticInit(java.lang.Object, java.lang.Object, java.lang.Object)'> (0x00000007132b2420) 
thrown [s\open\src\hotspot\share\interpreter\linkResolver.cpp, line 773]
Event: 104.132 Thread 0x0000019ef4810d40 Exception <a 'java/lang/ExceptionInInitializerError'{0x00000007132dbb38}> (0x00000007132dbb38) 
thrown [s\open\src\hotspot\share\oops\instanceKlass.cpp, line 1192]
Event: 107.117 Thread 0x0000019ef4810d40 Exception <a 'java/lang/OutOfMemoryError'{0x00000007133b3600}: (class: com/google/inject/internal/asm/$MethodWriter, method: visitFieldInsn signature: (ILjava/lang/String;Ljava/lang/String;Ljava/lang/String;)V) > (0x00000007133b3600) 
thrown [s\open\src\hotspot\share\classfile\verifier.cpp, line 344]

ZGC Phase Switch (0 events):
No events

VM Operations (20 events):
Event: 93.650 Executing VM operation: Cleanup
Event: 93.667 Executing VM operation: Cleanup done
Event: 94.681 Executing VM operation: Cleanup
Event: 94.681 Executing VM operation: Cleanup done
Event: 97.695 Executing VM operation: Cleanup
Event: 97.995 Executing VM operation: Cleanup done
Event: 101.014 Executing VM operation: Cleanup
Event: 101.485 Executing VM operation: Cleanup done
Event: 102.498 Executing VM operation: Cleanup
Event: 102.499 Executing VM operation: Cleanup done
Event: 103.513 Executing VM operation: Cleanup
Event: 104.021 Executing VM operation: Cleanup done
Event: 105.035 Executing VM operation: Cleanup
Event: 105.053 Executing VM operation: Cleanup done
Event: 105.065 Executing VM operation: HandshakeAllThreads (Deoptimize)
Event: 105.065 Executing VM operation: HandshakeAllThreads (Deoptimize) done
Event: 106.074 Executing VM operation: Cleanup
Event: 106.074 Executing VM operation: Cleanup done
Event: 108.084 Executing VM operation: Cleanup
Event: 108.151 Executing VM operation: Cleanup done

Events (20 events):
Event: 0.642 Thread 0x0000019ef4810d40 Thread added: 0x0000019ef4810d40
Event: 2.018 Thread 0x0000019e95af2d70 Thread added: 0x0000019e95af2d70
Event: 2.019 Thread 0x0000019e95af7790 Thread added: 0x0000019e95af7790
Event: 2.019 Thread 0x0000019e95af7ff0 Thread added: 0x0000019e95af7ff0
Event: 2.019 Thread 0x0000019e95afa660 Thread added: 0x0000019e95afa660
Event: 2.019 Thread 0x0000019e95afecd0 Thread added: 0x0000019e95afecd0
Event: 2.019 Thread 0x0000019e95aff330 Thread added: 0x0000019e95aff330
Event: 2.019 Thread 0x0000019e95b01cd0 Thread added: 0x0000019e95b01cd0
Event: 2.175 Thread 0x0000019e95b071b0 Thread added: 0x0000019e95b071b0
Event: 2.448 Thread 0x0000019e95c2cbd0 Thread added: 0x0000019e95c2cbd0
Event: 4.442 Thread 0x0000019edb0156c0 Thread added: 0x0000019edb0156c0
Event: 4.442 Thread 0x0000019edb015d20 Thread added: 0x0000019edb015d20
Event: 14.811 Thread 0x0000019edb215c20 Thread added: 0x0000019edb215c20
Event: 29.997 Thread 0x0000019edb215c20 Thread exited: 0x0000019edb215c20
Event: 37.591 Thread 0x0000019e95d02790 Thread added: 0x0000019e95d02790
Event: 38.082 Thread 0x0000019e95d02790 Thread exited: 0x0000019e95d02790
Event: 39.839 Thread 0x0000019edb4bf760 Thread added: 0x0000019edb4bf760
Event: 40.382 Thread 0x0000019edb4bf760 Thread exited: 0x0000019edb4bf760
Event: 48.804 Thread 0x0000019edb3f6740 Thread added: 0x0000019edb3f6740
Event: 50.505 Thread 0x0000019edb3f6740 Thread exited: 0x0000019edb3f6740


Dynamic libraries:
0x00007ff7e26f0000 - 0x00007ff7e2700000 	C:\Program Files\Java\jdk-21.0.6\bin\java.exe
0x00007ffbc1e40000 - 0x00007ffbc20a0000 	C:\WINDOWS\SYSTEM32\ntdll.dll
0x00007ffbc0980000 - 0x00007ffbc0a47000 	C:\WINDOWS\System32\KERNEL32.DLL
0x00007ffbbf020000 - 0x00007ffbbf3ea000 	C:\WINDOWS\System32\KERNELBASE.dll
0x00007ffbbf810000 - 0x00007ffbbf95b000 	C:\WINDOWS\System32\ucrtbase.dll
0x00007ffb815c0000 - 0x00007ffb815d9000 	C:\Program Files\Java\jdk-21.0.6\bin\jli.dll
0x00007ffbc0450000 - 0x00007ffbc0502000 	C:\WINDOWS\System32\ADVAPI32.dll
0x00007ffbc02c0000 - 0x00007ffbc0369000 	C:\WINDOWS\System32\msvcrt.dll
0x00007ffbbff10000 - 0x00007ffbbffb6000 	C:\WINDOWS\System32\sechost.dll
0x00007ffba0ac0000 - 0x00007ffba0adb000 	C:\Program Files\Java\jdk-21.0.6\bin\VCRUNTIME140.dll
0x00007ffbc0860000 - 0x00007ffbc0976000 	C:\WINDOWS\System32\RPCRT4.dll
0x00007ffbbfc40000 - 0x00007ffbbfe0c000 	C:\WINDOWS\System32\USER32.dll
0x00007ffbbf3f0000 - 0x00007ffbbf417000 	C:\WINDOWS\System32\win32u.dll
0x00007ffbc18f0000 - 0x00007ffbc191a000 	C:\WINDOWS\System32\GDI32.dll
0x00007ffbbf620000 - 0x00007ffbbf751000 	C:\WINDOWS\System32\gdi32full.dll
0x00007ffbbf760000 - 0x00007ffbbf803000 	C:\WINDOWS\System32\msvcp_win.dll
0x00007ffba5240000 - 0x00007ffba54d7000 	C:\WINDOWS\WinSxS\amd64_microsoft.windows.common-controls_6595b64144ccf1df_6.0.26100.3624_none_3e086962e3345f24\COMCTL32.dll
0x00007ffbaee60000 - 0x00007ffbaee6b000 	C:\WINDOWS\SYSTEM32\VERSION.dll
0x00007ffbc0820000 - 0x00007ffbc084f000 	C:\WINDOWS\System32\IMM32.DLL
0x00007ffbb0a50000 - 0x00007ffbb0a5c000 	C:\Program Files\Java\jdk-21.0.6\bin\vcruntime140_1.dll
0x00007ffb77ad0000 - 0x00007ffb77b5e000 	C:\Program Files\Java\jdk-21.0.6\bin\msvcp140.dll
0x00007ffb58f30000 - 0x00007ffb59c4a000 	C:\Program Files\Java\jdk-21.0.6\bin\server\jvm.dll
0x00007ffbc0b30000 - 0x00007ffbc0ba4000 	C:\WINDOWS\System32\WS2_32.dll
0x00007ffbbe6d0000 - 0x00007ffbbe72e000 	C:\WINDOWS\SYSTEM32\POWRPROF.dll
0x00007ffbb7340000 - 0x00007ffbb7376000 	C:\WINDOWS\SYSTEM32\WINMM.dll
0x00007ffbbe6b0000 - 0x00007ffbbe6c4000 	C:\WINDOWS\SYSTEM32\UMPDC.dll
0x00007ffbbdd90000 - 0x00007ffbbddaa000 	C:\WINDOWS\SYSTEM32\kernel.appcore.dll
0x00007ffba0c80000 - 0x00007ffba0c8a000 	C:\Program Files\Java\jdk-21.0.6\bin\jimage.dll
0x000000005fc40000 - 0x000000005fdd6000 	C:\Program Files\Microsoft SQL Server\110\Shared\DBGHELP.DLL
0x00007ffbb9d50000 - 0x00007ffbb9d5f000 	C:\Program Files\Java\jdk-21.0.6\bin\instrument.dll
0x00007ffb815a0000 - 0x00007ffb815bf000 	C:\Program Files\Java\jdk-21.0.6\bin\java.dll
0x00007ffbc1080000 - 0x00007ffbc17a9000 	C:\WINDOWS\System32\SHELL32.dll
0x00007ffbbf4b0000 - 0x00007ffbbf618000 	C:\WINDOWS\System32\wintypes.dll
0x00007ffbc1920000 - 0x00007ffbc1ca2000 	C:\WINDOWS\System32\combase.dll
0x00007ffbbcc80000 - 0x00007ffbbd4d2000 	C:\WINDOWS\SYSTEM32\windows.storage.dll
0x00007ffbc1800000 - 0x00007ffbc18ed000 	C:\WINDOWS\System32\SHCORE.dll
0x00007ffbc1cb0000 - 0x00007ffbc1d14000 	C:\WINDOWS\System32\shlwapi.dll
0x00007ffbbef30000 - 0x00007ffbbef5f000 	C:\WINDOWS\SYSTEM32\profapi.dll
0x00007ffb6cb30000 - 0x00007ffb6cc07000 	C:\Program Files\Java\jdk-21.0.6\bin\jsvml.dll
0x00007ffb81440000 - 0x00007ffb81458000 	C:\Program Files\Java\jdk-21.0.6\bin\zip.dll
0x00007ffb96630000 - 0x00007ffb96640000 	C:\Program Files\Java\jdk-21.0.6\bin\net.dll
0x00007ffbb9120000 - 0x00007ffbb923d000 	C:\WINDOWS\SYSTEM32\WINHTTP.dll
0x00007ffbbe2f0000 - 0x00007ffbbe35a000 	C:\WINDOWS\system32\mswsock.dll
0x00007ffb81530000 - 0x00007ffb81546000 	C:\Program Files\Java\jdk-21.0.6\bin\nio.dll
0x00007ffbb9990000 - 0x00007ffbb99aa000 	C:\Program Files\JetBrains\IntelliJ IDEA 2023.3.4\bin\breakgen64.dll
0x00007ffb8f2e0000 - 0x00007ffb8f2e9000 	C:\Program Files\Java\jdk-21.0.6\bin\extnet.dll
0x00007ffb6c890000 - 0x00007ffb6c8b4000 	C:\Users\DELL\AppData\Local\Temp\jansi-2.4.1-230c82f059a8f5c-jansi.dll
0x00007ffb81fe0000 - 0x00007ffb81ff0000 	C:\Program Files\Java\jdk-21.0.6\bin\verify.dll

dbghelp: loaded successfully - version: 4.0.5 - missing functions: none
symbol engine: initialized successfully - sym options: 0x614 - pdb path: .;C:\Program Files\Java\jdk-21.0.6\bin;C:\WINDOWS\SYSTEM32;C:\WINDOWS\WinSxS\amd64_microsoft.windows.common-controls_6595b64144ccf1df_6.0.26100.3624_none_3e086962e3345f24;C:\Program Files\Java\jdk-21.0.6\bin\server;C:\Program Files\Microsoft SQL Server\110\Shared;C:\Program Files\JetBrains\IntelliJ IDEA 2023.3.4\bin;C:\Users\DELL\AppData\Local\Temp

VM Arguments:
jvm_args: -Dmaven.multiModuleProjectDirectory=C:\Users\DELL\Desktop\angular Project\backEnd\carsAgence -Djansi.passthrough=true -Dmaven.home=C:\Users\DELL\.m2\wrapper\dists\apache-maven-3.9.9-bin\4nf9hui3q3djbarqar9g711ggc\apache-maven-3.9.9 -Dclassworlds.conf=C:\Users\DELL\.m2\wrapper\dists\apache-maven-3.9.9-bin\4nf9hui3q3djbarqar9g711ggc\apache-maven-3.9.9\bin\m2.conf -Dmaven.ext.class.path=C:\Program Files\JetBrains\IntelliJ IDEA 2023.3.4\plugins\maven\lib\maven-event-listener.jar -javaagent:C:\Program Files\JetBrains\IntelliJ IDEA 2023.3.4\lib\idea_rt.jar=52337:C:\Program Files\JetBrains\IntelliJ IDEA 2023.3.4\bin -Dfile.encoding=UTF-8 -Dsun.stdout.encoding=UTF-8 -Dsun.stderr.encoding=UTF-8 
java_command: org.codehaus.classworlds.Launcher -Didea.version=2023.3.4 clean install
java_class_path (initial): C:\Users\DELL\.m2\wrapper\dists\apache-maven-3.9.9-bin\4nf9hui3q3djbarqar9g711ggc\apache-maven-3.9.9\boot\plexus-classworlds-2.8.0.jar;C:\Users\DELL\.m2\wrapper\dists\apache-maven-3.9.9-bin\4nf9hui3q3djbarqar9g711ggc\apache-maven-3.9.9\boot\plexus-classworlds.license
Launcher Type: SUN_STANDARD

[Global flags]
     intx CICompilerCount                          = 4                                         {product} {ergonomic}
     uint ConcGCThreads                            = 2                                         {product} {ergonomic}
     uint G1ConcRefinementThreads                  = 8                                         {product} {ergonomic}
   size_t G1HeapRegionSize                         = 2097152                                   {product} {ergonomic}
    uintx GCDrainStackTargetSize                   = 64                                        {product} {ergonomic}
   size_t InitialHeapSize                          = 264241152                                 {product} {ergonomic}
   size_t MarkStackSize                            = 4194304                                   {product} {ergonomic}
   size_t MaxHeapSize                              = 4227858432                                {product} {ergonomic}
   size_t MaxNewSize                               = 2535456768                                {product} {ergonomic}
   size_t MinHeapDeltaBytes                        = 2097152                                   {product} {ergonomic}
   size_t MinHeapSize                              = 8388608                                   {product} {ergonomic}
    uintx NonNMethodCodeHeapSize                   = 5839372                                {pd product} {ergonomic}
    uintx NonProfiledCodeHeapSize                  = 122909434                              {pd product} {ergonomic}
    uintx ProfiledCodeHeapSize                     = 122909434                              {pd product} {ergonomic}
    uintx ReservedCodeCacheSize                    = 251658240                              {pd product} {ergonomic}
     bool SegmentedCodeCache                       = true                                      {product} {ergonomic}
   size_t SoftMaxHeapSize                          = 4227858432                             {manageable} {ergonomic}
     bool UseCompressedOops                        = true                           {product lp64_product} {ergonomic}
     bool UseG1GC                                  = true                                      {product} {ergonomic}
     bool UseLargePagesIndividualAllocation        = false                                  {pd product} {ergonomic}

Logging:
Log output configuration:
 #0: stdout all=warning uptime,level,tags foldmultilines=false
 #1: stderr all=off uptime,level,tags foldmultilines=false

Environment Variables:
PATH=C:\PySchool\3.10-32-bit\Scripts;C:\PySchool\3.10-32-bit;C:\oraclexe\app\oracle\product\11.2.0\server\bin;C:\Program Files (x86)\VMware\VMware Workstation\bin\;C:\Program Files\Common Files\Siemens\Automation\Simatic OAM\bin;C:\WINDOWS\system32;C:\WINDOWS;C:\WINDOWS\System32\Wbem;C:\WINDOWS\System32\WindowsPowerShell\v1.0\;C:\WINDOWS\System32\OpenSSH\;C:\Program Files (x86)\Microchip\MPLAB C32 Suite\bin;c:\Program Files (x86)\Microsoft SQL Server\100\Tools\Binn\;c:\Program Files\Microsoft SQL Server\100\Tools\Binn\;c:\Program Files\Microsoft SQL Server\100\DTS\Binn\;C:\Users\DELL\AppData\Local\Programs\Python\Python311;C:\Users\DELL\AppData\Local\Programs\Python\Python311\Scripts;C:\wamp64\bin\php\php8.2.0;C:\wamp64\bin;C:\Program Files\Git\cmd;C:\Program Files\dotnet\;C:\Program Files\Docker\Docker\resources\bin;C:\Users\DELL\AppData\Local\nvm;C:\nvm4w\nodejs;C:\Program Files\Microsoft SQL Server\150\Tools\Binn\;C:\Program Files\Microsoft SQL Server\Client SDK\ODBC\170\Tools\Binn\;C:\Program Files (x86)\Windows Kits\10\Windows Performance Toolkit\;C:\Program Files\Microsoft SQL Server\110\DTS\Binn\;C:\Program Files (x86)\Microsoft SQL Server\110\Tools\Binn\;C:\Program Files\Microsoft SQL Server\110\Tools\Binn\;C:\Program Files (x86)\Microsoft SQL Server\110\Tools\Binn\ManagementStudio\;C:\Program Files (x86)\Microsoft Visual Studio 10.0\Common7\IDE\PrivateAssemblies\;C:\Program Files (x86)\Microsoft SQL Server\110\DTS\Binn\;C:\Program Files\Java\jdk-21.0.6\bin;C:\Users\DELL\scoop\shims;C:\Users\DELL\AppData\Local\Microsoft\WindowsApps;C:\phpm\php-8.2.3 (1);C:\Program Files\JetBrains\PhpStorm 2023.1\bin;;C:\wamp64\bin;C:\Users\DELL\AppData\Local\Programs\Microsoft VS Code\bin;C:\Users\DELL\AppData\Roaming\npm;C:\Users\DELL\AppData\Local\nvm;C:\nvm4w\nodejs;C:\Users\DELL\.dotnet\tools;C:\Users\DELL\AppData\Local\Programs\cursor\resources\app\bin
USERNAME=DELL
OS=Windows_NT
PROCESSOR_IDENTIFIER=Intel64 Family 6 Model 140 Stepping 1, GenuineIntel
TMP=C:\Users\DELL\AppData\Local\Temp
TEMP=C:\Users\DELL\AppData\Local\Temp




Periodic native trim disabled

---------------  S Y S T E M  ---------------

OS:
 Windows 11 , 64 bit Build 26100 (10.0.26100.3775)
OS uptime: 1 days 17:54 hours
Hyper-V role detected

CPU: total 8 (initial active 8) (4 cores per cpu, 2 threads per core) family 6 model 140 stepping 1 microcode 0xba, cx8, cmov, fxsr, ht, mmx, 3dnowpref, sse, sse2, sse3, ssse3, sse4.1, sse4.2, popcnt, lzcnt, tsc, tscinvbit, avx, avx2, aes, erms, clmul, bmi1, bmi2, adx, avx512f, avx512dq, avx512cd, avx512bw, avx512vl, sha, fma, vzeroupper, avx512_vpopcntdq, avx512_vpclmulqdq, avx512_vaes, avx512_vnni, clflush, clflushopt, clwb, avx512_vbmi2, avx512_vbmi, hv, rdtscp, rdpid, fsrm, gfni, avx512_bitalg, f16c, cet_ibt, cet_ss, avx512_ifma
Processor Information for all 8 processors :
  Max Mhz: 2419, Current Mhz: 2419, Mhz Limit: 2419

Memory: 4k page, system-wide physical 16126M (1553M free)
TotalPageFile size 65278M (AvailPageFile size 2063M)
current process WorkingSet (physical memory assigned to process): 73M, peak: 84M
current process commit charge ("private bytes"): 357M, peak: 359M

vm_info: Java HotSpot(TM) 64-Bit Server VM (21.0.6+8-LTS-188) for windows-amd64 JRE (21.0.6+8-LTS-188), built on 2024-12-03T10:50:54Z by "mach5one" with MS VC++ 17.6 (VS2022)

END.
