#
# There is insufficient memory for the Java Runtime Environment to continue.
# Native memory allocation (malloc) failed to allocate 32744 bytes for Chunk::new
# Possible reasons:
#   The system is out of physical RAM or swap space
#   The process is running with CompressedOops enabled, and the Java Heap may be blocking the growth of the native heap
# Possible solutions:
#   Reduce memory load on the system
#   Increase physical memory or swap space
#   Check if swap backing store is full
#   Decrease Java heap size (-Xmx/-Xms)
#   Decrease number of Java threads
#   Decrease Java thread stack sizes (-Xss)
#   Set larger code cache with -XX:ReservedCodeCacheSize=
#   JVM is running with Zero Based Compressed Oops mode in which the Java heap is
#     placed in the first 32GB address space. The Java Heap base address is the
#     maximum limit for the native heap growth. Please use -XX:HeapBaseMinAddress
#     to set the Java Heap base and to place the Java Heap above 32GB virtual address.
# This output file may be truncated or incomplete.
#
#  Out of Memory Error (arena.cpp:168), pid=21792, tid=12840
#
# JRE version: Java(TM) SE Runtime Environment (21.0.6+8) (build 21.0.6+8-LTS-188)
# Java VM: Java HotSpot(TM) 64-Bit Server VM (21.0.6+8-LTS-188, mixed mode, sharing, tiered, compressed oops, compressed class ptrs, g1 gc, windows-amd64)
# No core dump will be written. Minidumps are not enabled by default on client versions of Windows
#

---------------  S U M M A R Y ------------

Command Line: -Dmaven.multiModuleProjectDirectory=C:\Users\DELL\Desktop\angular Project\backEnd\carsAgence -Djansi.passthrough=true -Dmaven.home=C:\Users\DELL\.m2\wrapper\dists\apache-maven-3.9.9-bin\4nf9hui3q3djbarqar9g711ggc\apache-maven-3.9.9 -Dclassworlds.conf=C:\Users\DELL\.m2\wrapper\dists\apache-maven-3.9.9-bin\4nf9hui3q3djbarqar9g711ggc\apache-maven-3.9.9\bin\m2.conf -Dmaven.ext.class.path=C:\Program Files\JetBrains\IntelliJ IDEA 2023.3.4\plugins\maven\lib\maven-event-listener.jar -javaagent:C:\Program Files\JetBrains\IntelliJ IDEA 2023.3.4\lib\idea_rt.jar=52285:C:\Program Files\JetBrains\IntelliJ IDEA 2023.3.4\bin -Dfile.encoding=UTF-8 -Dsun.stdout.encoding=UTF-8 -Dsun.stderr.encoding=UTF-8 org.codehaus.classworlds.Launcher -Didea.version=2023.3.4 clean install

Host: 11th Gen Intel(R) Core(TM) i5-1135G7 @ 2.40GHz, 8 cores, 15G,  Windows 11 , 64 bit Build 26100 (10.0.26100.3775)
Time: Tue Apr 22 17:31:55 2025 Afr. centrale Ouest elapsed time: 125.271584 seconds (0d 0h 2m 5s)

---------------  T H R E A D  ---------------

Current thread (0x00000271f7a34310):  JavaThread "C2 CompilerThread0" daemon [_thread_in_native, id=12840, stack(0x000000d9aae00000,0x000000d9aaf00000) (1024K)]


Current CompileTask:
C2: 125271 3421       4       java.lang.AbstractStringBuilder::append (67 bytes)

Stack: [0x000000d9aae00000,0x000000d9aaf00000]
Native frames: (J=compiled Java code, j=interpreted, Vv=VM code, C=native code)
V  [jvm.dll+0x6ca6d9]
V  [jvm.dll+0x854f51]
V  [jvm.dll+0x85747e]
V  [jvm.dll+0x857b53]
V  [jvm.dll+0x27dcc6]
V  [jvm.dll+0xc4c2d]
V  [jvm.dll+0xc5163]
V  [jvm.dll+0x654e0b]
V  [jvm.dll+0x654faf]
V  [jvm.dll+0x654faf]
V  [jvm.dll+0x65aa19]
V  [jvm.dll+0x65ba16]
V  [jvm.dll+0x659d6d]
V  [jvm.dll+0x2467a5]
V  [jvm.dll+0x245eff]
V  [jvm.dll+0x1c6d2e]
V  [jvm.dll+0x2554f9]
V  [jvm.dll+0x253a8a]
V  [jvm.dll+0x3ee576]
V  [jvm.dll+0x7ff2fb]
V  [jvm.dll+0x6c8dbd]
C  [ucrtbase.dll+0x37b0]
C  [KERNEL32.DLL+0x2e8d7]
C  [ntdll.dll+0xb14fc]


---------------  P R O C E S S  ---------------

Threads class SMR info:
_java_thread_list=0x00000271fd108cd0, length=13, elements={
0x00000271d67d1130, 0x00000271f7a21e30, 0x00000271f7a26a90, 0x00000271f7a2f330,
0x00000271f7a2fd80, 0x00000271f7a30980, 0x00000271f7a313d0, 0x00000271f7a34310,
0x00000271f7a35b80, 0x00000271f7b782e0, 0x00000271fc1351c0, 0x00000271fc135820,
0x00000271fcb1d910
}

Java Threads: ( => current thread )
  0x00000271d67d1130 JavaThread "main"                              [_thread_in_native, id=1892, stack(0x000000d9aa000000,0x000000d9aa100000) (1024K)]
  0x00000271f7a21e30 JavaThread "Reference Handler"          daemon [_thread_blocked, id=19004, stack(0x000000d9aa800000,0x000000d9aa900000) (1024K)]
  0x00000271f7a26a90 JavaThread "Finalizer"                  daemon [_thread_blocked, id=12788, stack(0x000000d9aa900000,0x000000d9aaa00000) (1024K)]
  0x00000271f7a2f330 JavaThread "Signal Dispatcher"          daemon [_thread_blocked, id=21768, stack(0x000000d9aaa00000,0x000000d9aab00000) (1024K)]
  0x00000271f7a2fd80 JavaThread "Attach Listener"            daemon [_thread_blocked, id=21996, stack(0x000000d9aab00000,0x000000d9aac00000) (1024K)]
  0x00000271f7a30980 JavaThread "Service Thread"             daemon [_thread_blocked, id=10460, stack(0x000000d9aac00000,0x000000d9aad00000) (1024K)]
  0x00000271f7a313d0 JavaThread "Monitor Deflation Thread"   daemon [_thread_blocked, id=12592, stack(0x000000d9aad00000,0x000000d9aae00000) (1024K)]
=>0x00000271f7a34310 JavaThread "C2 CompilerThread0"         daemon [_thread_in_native, id=12840, stack(0x000000d9aae00000,0x000000d9aaf00000) (1024K)]
  0x00000271f7a35b80 JavaThread "C1 CompilerThread0"         daemon [_thread_in_vm, id=10168, stack(0x000000d9aaf00000,0x000000d9ab000000) (1024K)]
  0x00000271f7b782e0 JavaThread "Common-Cleaner"             daemon [_thread_blocked, id=22948, stack(0x000000d9ab000000,0x000000d9ab100000) (1024K)]
  0x00000271fc1351c0 JavaThread "Monitor Ctrl-Break"         daemon [_thread_in_native, id=12092, stack(0x000000d9ab100000,0x000000d9ab200000) (1024K)]
  0x00000271fc135820 JavaThread "Notification Thread"        daemon [_thread_blocked, id=4872, stack(0x000000d9ab200000,0x000000d9ab300000) (1024K)]
  0x00000271fcb1d910 JavaThread "Thread-1"                   daemon [_thread_blocked, id=38068, stack(0x000000d9a9e00000,0x000000d9a9f00000) (1024K)]
Total: 13

Other Threads:
  0x00000271f7a058a0 VMThread "VM Thread"                           [id=8588, stack(0x000000d9aa700000,0x000000d9aa800000) (1024K)]
  0x00000271f7b1b660 WatcherThread "VM Periodic Task Thread"        [id=1636, stack(0x000000d9aa600000,0x000000d9aa700000) (1024K)]
  0x00000271d683b880 WorkerThread "GC Thread#0"                     [id=10916, stack(0x000000d9aa100000,0x000000d9aa200000) (1024K)]
  0x00000271fc0cc610 WorkerThread "GC Thread#1"                     [id=23440, stack(0x000000d9ab500000,0x000000d9ab600000) (1024K)]
  0x00000271fc0cc9b0 WorkerThread "GC Thread#2"                     [id=12960, stack(0x000000d9ab600000,0x000000d9ab700000) (1024K)]
  0x00000271fc0ccd50 WorkerThread "GC Thread#3"                     [id=22584, stack(0x000000d9ab700000,0x000000d9ab800000) (1024K)]
  0x00000271fc0cd0f0 WorkerThread "GC Thread#4"                     [id=15552, stack(0x000000d9ab800000,0x000000d9ab900000) (1024K)]
  0x00000271fc8cda90 WorkerThread "GC Thread#5"                     [id=6256, stack(0x000000d9ab900000,0x000000d9aba00000) (1024K)]
  0x00000271fc43ae10 WorkerThread "GC Thread#6"                     [id=23596, stack(0x000000d9aba00000,0x000000d9abb00000) (1024K)]
  0x00000271fc43b1b0 WorkerThread "GC Thread#7"                     [id=23600, stack(0x000000d9abb00000,0x000000d9abc00000) (1024K)]
  0x00000271d684c370 ConcurrentGCThread "G1 Main Marker"            [id=21916, stack(0x000000d9aa200000,0x000000d9aa300000) (1024K)]
  0x00000271d684d090 WorkerThread "G1 Conc#0"                       [id=2228, stack(0x000000d9aa300000,0x000000d9aa400000) (1024K)]
  0x00000271f79a5610 ConcurrentGCThread "G1 Refine#0"               [id=2148, stack(0x000000d9aa400000,0x000000d9aa500000) (1024K)]
  0x00000271f79a6090 ConcurrentGCThread "G1 Service"                [id=17816, stack(0x000000d9aa500000,0x000000d9aa600000) (1024K)]
Total: 14

Threads with active compile tasks:
C2 CompilerThread0   125337 3421       4       java.lang.AbstractStringBuilder::append (67 bytes)
C1 CompilerThread0   125337 3423       3       java.util.regex.Pattern$BmpCharProperty::<init> (6 bytes)
Total: 2

VM state: not at safepoint (normal execution)

VM Mutex/Monitor currently owned by a thread: None

Heap address: 0x0000000704000000, size: 4032 MB, Compressed Oops mode: Zero based, Oop shift amount: 3

CDS archive(s) mapped at: [0x0000027180000000-0x0000027180c90000-0x0000027180c90000), size 13172736, SharedBaseAddress: 0x0000027180000000, ArchiveRelocationMode: 1.
Compressed class space mapped at: 0x0000027181000000-0x00000271c1000000, reserved size: 1073741824
Narrow klass base: 0x0000027180000000, Narrow klass shift: 0, Narrow klass range: 0x100000000

GC Precious Log:
 CardTable entry size: 512
 Card Set container configuration: InlinePtr #cards 4 size 8 Array Of Cards #cards 16 size 48 Howl #buckets 8 coarsen threshold 3686 Howl Bitmap #cards 512 size 80 coarsen threshold 460 Card regions per heap region 1 cards per card region 4096
 CPUs: 8 total, 8 available
 Memory: 16126M
 Large Page Support: Disabled
 NUMA Support: Disabled
 Compressed Oops: Enabled (Zero based)
 Heap Region Size: 2M
 Heap Min Capacity: 8M
 Heap Initial Capacity: 252M
 Heap Max Capacity: 4032M
 Pre-touch: Disabled
 Parallel Workers: 8
 Concurrent Workers: 2
 Concurrent Refinement Workers: 8
 Periodic GC: Disabled

Heap:
 garbage-first heap   total 258048K, used 51139K [0x0000000704000000, 0x0000000800000000)
  region size 2048K, 24 young (49152K), 1 survivors (2048K)
 Metaspace       used 16061K, committed 16320K, reserved 1114112K
  class space    used 1854K, committed 1984K, reserved 1048576K

Heap Regions: E=young(eden), S=young(survivor), O=old, HS=humongous(starts), HC=humongous(continues), CS=collection set, F=free, TAMS=top-at-mark-start, PB=parsable bottom
|   0|0x0000000704000000, 0x0000000704200000, 0x0000000704200000|100%| O|  |TAMS 0x0000000704000000| PB 0x0000000704000000| Untracked 
|   1|0x0000000704200000, 0x0000000704400000, 0x0000000704400000|100%| O|  |TAMS 0x0000000704200000| PB 0x0000000704200000| Untracked 
|   2|0x0000000704400000, 0x0000000704418590, 0x0000000704600000|  4%| O|  |TAMS 0x0000000704400000| PB 0x0000000704400000| Untracked 
|   3|0x0000000704600000, 0x0000000704600000, 0x0000000704800000|  0%| F|  |TAMS 0x0000000704600000| PB 0x0000000704600000| Untracked 
|   4|0x0000000704800000, 0x0000000704800000, 0x0000000704a00000|  0%| F|  |TAMS 0x0000000704800000| PB 0x0000000704800000| Untracked 
|   5|0x0000000704a00000, 0x0000000704a00000, 0x0000000704c00000|  0%| F|  |TAMS 0x0000000704a00000| PB 0x0000000704a00000| Untracked 
|   6|0x0000000704c00000, 0x0000000704c00000, 0x0000000704e00000|  0%| F|  |TAMS 0x0000000704c00000| PB 0x0000000704c00000| Untracked 
|   7|0x0000000704e00000, 0x0000000704e00000, 0x0000000705000000|  0%| F|  |TAMS 0x0000000704e00000| PB 0x0000000704e00000| Untracked 
|   8|0x0000000705000000, 0x0000000705000000, 0x0000000705200000|  0%| F|  |TAMS 0x0000000705000000| PB 0x0000000705000000| Untracked 
|   9|0x0000000705200000, 0x0000000705200000, 0x0000000705400000|  0%| F|  |TAMS 0x0000000705200000| PB 0x0000000705200000| Untracked 
|  10|0x0000000705400000, 0x0000000705400000, 0x0000000705600000|  0%| F|  |TAMS 0x0000000705400000| PB 0x0000000705400000| Untracked 
|  11|0x0000000705600000, 0x0000000705600000, 0x0000000705800000|  0%| F|  |TAMS 0x0000000705600000| PB 0x0000000705600000| Untracked 
|  12|0x0000000705800000, 0x0000000705800000, 0x0000000705a00000|  0%| F|  |TAMS 0x0000000705800000| PB 0x0000000705800000| Untracked 
|  13|0x0000000705a00000, 0x0000000705a00000, 0x0000000705c00000|  0%| F|  |TAMS 0x0000000705a00000| PB 0x0000000705a00000| Untracked 
|  14|0x0000000705c00000, 0x0000000705c00000, 0x0000000705e00000|  0%| F|  |TAMS 0x0000000705c00000| PB 0x0000000705c00000| Untracked 
|  15|0x0000000705e00000, 0x0000000705e00000, 0x0000000706000000|  0%| F|  |TAMS 0x0000000705e00000| PB 0x0000000705e00000| Untracked 
|  16|0x0000000706000000, 0x0000000706000000, 0x0000000706200000|  0%| F|  |TAMS 0x0000000706000000| PB 0x0000000706000000| Untracked 
|  17|0x0000000706200000, 0x0000000706200000, 0x0000000706400000|  0%| F|  |TAMS 0x0000000706200000| PB 0x0000000706200000| Untracked 
|  18|0x0000000706400000, 0x0000000706400000, 0x0000000706600000|  0%| F|  |TAMS 0x0000000706400000| PB 0x0000000706400000| Untracked 
|  19|0x0000000706600000, 0x0000000706600000, 0x0000000706800000|  0%| F|  |TAMS 0x0000000706600000| PB 0x0000000706600000| Untracked 
|  20|0x0000000706800000, 0x0000000706800000, 0x0000000706a00000|  0%| F|  |TAMS 0x0000000706800000| PB 0x0000000706800000| Untracked 
|  21|0x0000000706a00000, 0x0000000706a00000, 0x0000000706c00000|  0%| F|  |TAMS 0x0000000706a00000| PB 0x0000000706a00000| Untracked 
|  22|0x0000000706c00000, 0x0000000706c00000, 0x0000000706e00000|  0%| F|  |TAMS 0x0000000706c00000| PB 0x0000000706c00000| Untracked 
|  23|0x0000000706e00000, 0x0000000706e00000, 0x0000000707000000|  0%| F|  |TAMS 0x0000000706e00000| PB 0x0000000706e00000| Untracked 
|  24|0x0000000707000000, 0x0000000707000000, 0x0000000707200000|  0%| F|  |TAMS 0x0000000707000000| PB 0x0000000707000000| Untracked 
|  25|0x0000000707200000, 0x0000000707200000, 0x0000000707400000|  0%| F|  |TAMS 0x0000000707200000| PB 0x0000000707200000| Untracked 
|  26|0x0000000707400000, 0x0000000707400000, 0x0000000707600000|  0%| F|  |TAMS 0x0000000707400000| PB 0x0000000707400000| Untracked 
|  27|0x0000000707600000, 0x0000000707600000, 0x0000000707800000|  0%| F|  |TAMS 0x0000000707600000| PB 0x0000000707600000| Untracked 
|  28|0x0000000707800000, 0x0000000707800000, 0x0000000707a00000|  0%| F|  |TAMS 0x0000000707800000| PB 0x0000000707800000| Untracked 
|  29|0x0000000707a00000, 0x0000000707a00000, 0x0000000707c00000|  0%| F|  |TAMS 0x0000000707a00000| PB 0x0000000707a00000| Untracked 
|  30|0x0000000707c00000, 0x0000000707c00000, 0x0000000707e00000|  0%| F|  |TAMS 0x0000000707c00000| PB 0x0000000707c00000| Untracked 
|  31|0x0000000707e00000, 0x0000000707e00000, 0x0000000708000000|  0%| F|  |TAMS 0x0000000707e00000| PB 0x0000000707e00000| Untracked 
|  32|0x0000000708000000, 0x0000000708000000, 0x0000000708200000|  0%| F|  |TAMS 0x0000000708000000| PB 0x0000000708000000| Untracked 
|  33|0x0000000708200000, 0x0000000708200000, 0x0000000708400000|  0%| F|  |TAMS 0x0000000708200000| PB 0x0000000708200000| Untracked 
|  34|0x0000000708400000, 0x0000000708400000, 0x0000000708600000|  0%| F|  |TAMS 0x0000000708400000| PB 0x0000000708400000| Untracked 
|  35|0x0000000708600000, 0x0000000708600000, 0x0000000708800000|  0%| F|  |TAMS 0x0000000708600000| PB 0x0000000708600000| Untracked 
|  36|0x0000000708800000, 0x0000000708800000, 0x0000000708a00000|  0%| F|  |TAMS 0x0000000708800000| PB 0x0000000708800000| Untracked 
|  37|0x0000000708a00000, 0x0000000708a00000, 0x0000000708c00000|  0%| F|  |TAMS 0x0000000708a00000| PB 0x0000000708a00000| Untracked 
|  38|0x0000000708c00000, 0x0000000708c00000, 0x0000000708e00000|  0%| F|  |TAMS 0x0000000708c00000| PB 0x0000000708c00000| Untracked 
|  39|0x0000000708e00000, 0x0000000708e00000, 0x0000000709000000|  0%| F|  |TAMS 0x0000000708e00000| PB 0x0000000708e00000| Untracked 
|  40|0x0000000709000000, 0x0000000709000000, 0x0000000709200000|  0%| F|  |TAMS 0x0000000709000000| PB 0x0000000709000000| Untracked 
|  41|0x0000000709200000, 0x0000000709200000, 0x0000000709400000|  0%| F|  |TAMS 0x0000000709200000| PB 0x0000000709200000| Untracked 
|  42|0x0000000709400000, 0x0000000709400000, 0x0000000709600000|  0%| F|  |TAMS 0x0000000709400000| PB 0x0000000709400000| Untracked 
|  43|0x0000000709600000, 0x0000000709600000, 0x0000000709800000|  0%| F|  |TAMS 0x0000000709600000| PB 0x0000000709600000| Untracked 
|  44|0x0000000709800000, 0x0000000709800000, 0x0000000709a00000|  0%| F|  |TAMS 0x0000000709800000| PB 0x0000000709800000| Untracked 
|  45|0x0000000709a00000, 0x0000000709a00000, 0x0000000709c00000|  0%| F|  |TAMS 0x0000000709a00000| PB 0x0000000709a00000| Untracked 
|  46|0x0000000709c00000, 0x0000000709c00000, 0x0000000709e00000|  0%| F|  |TAMS 0x0000000709c00000| PB 0x0000000709c00000| Untracked 
|  47|0x0000000709e00000, 0x0000000709e00000, 0x000000070a000000|  0%| F|  |TAMS 0x0000000709e00000| PB 0x0000000709e00000| Untracked 
|  48|0x000000070a000000, 0x000000070a000000, 0x000000070a200000|  0%| F|  |TAMS 0x000000070a000000| PB 0x000000070a000000| Untracked 
|  49|0x000000070a200000, 0x000000070a200000, 0x000000070a400000|  0%| F|  |TAMS 0x000000070a200000| PB 0x000000070a200000| Untracked 
|  50|0x000000070a400000, 0x000000070a400000, 0x000000070a600000|  0%| F|  |TAMS 0x000000070a400000| PB 0x000000070a400000| Untracked 
|  51|0x000000070a600000, 0x000000070a600000, 0x000000070a800000|  0%| F|  |TAMS 0x000000070a600000| PB 0x000000070a600000| Untracked 
|  52|0x000000070a800000, 0x000000070a800000, 0x000000070aa00000|  0%| F|  |TAMS 0x000000070a800000| PB 0x000000070a800000| Untracked 
|  53|0x000000070aa00000, 0x000000070aa00000, 0x000000070ac00000|  0%| F|  |TAMS 0x000000070aa00000| PB 0x000000070aa00000| Untracked 
|  54|0x000000070ac00000, 0x000000070ac00000, 0x000000070ae00000|  0%| F|  |TAMS 0x000000070ac00000| PB 0x000000070ac00000| Untracked 
|  55|0x000000070ae00000, 0x000000070ae00000, 0x000000070b000000|  0%| F|  |TAMS 0x000000070ae00000| PB 0x000000070ae00000| Untracked 
|  56|0x000000070b000000, 0x000000070b000000, 0x000000070b200000|  0%| F|  |TAMS 0x000000070b000000| PB 0x000000070b000000| Untracked 
|  57|0x000000070b200000, 0x000000070b200000, 0x000000070b400000|  0%| F|  |TAMS 0x000000070b200000| PB 0x000000070b200000| Untracked 
|  58|0x000000070b400000, 0x000000070b400000, 0x000000070b600000|  0%| F|  |TAMS 0x000000070b400000| PB 0x000000070b400000| Untracked 
|  59|0x000000070b600000, 0x000000070b600000, 0x000000070b800000|  0%| F|  |TAMS 0x000000070b600000| PB 0x000000070b600000| Untracked 
|  60|0x000000070b800000, 0x000000070b800000, 0x000000070ba00000|  0%| F|  |TAMS 0x000000070b800000| PB 0x000000070b800000| Untracked 
|  61|0x000000070ba00000, 0x000000070ba00000, 0x000000070bc00000|  0%| F|  |TAMS 0x000000070ba00000| PB 0x000000070ba00000| Untracked 
|  62|0x000000070bc00000, 0x000000070bc00000, 0x000000070be00000|  0%| F|  |TAMS 0x000000070bc00000| PB 0x000000070bc00000| Untracked 
|  63|0x000000070be00000, 0x000000070be00000, 0x000000070c000000|  0%| F|  |TAMS 0x000000070be00000| PB 0x000000070be00000| Untracked 
|  64|0x000000070c000000, 0x000000070c000000, 0x000000070c200000|  0%| F|  |TAMS 0x000000070c000000| PB 0x000000070c000000| Untracked 
|  65|0x000000070c200000, 0x000000070c200000, 0x000000070c400000|  0%| F|  |TAMS 0x000000070c200000| PB 0x000000070c200000| Untracked 
|  66|0x000000070c400000, 0x000000070c400000, 0x000000070c600000|  0%| F|  |TAMS 0x000000070c400000| PB 0x000000070c400000| Untracked 
|  67|0x000000070c600000, 0x000000070c600000, 0x000000070c800000|  0%| F|  |TAMS 0x000000070c600000| PB 0x000000070c600000| Untracked 
|  68|0x000000070c800000, 0x000000070c800000, 0x000000070ca00000|  0%| F|  |TAMS 0x000000070c800000| PB 0x000000070c800000| Untracked 
|  69|0x000000070ca00000, 0x000000070ca00000, 0x000000070cc00000|  0%| F|  |TAMS 0x000000070ca00000| PB 0x000000070ca00000| Untracked 
|  70|0x000000070cc00000, 0x000000070cc00000, 0x000000070ce00000|  0%| F|  |TAMS 0x000000070cc00000| PB 0x000000070cc00000| Untracked 
|  71|0x000000070ce00000, 0x000000070ce00000, 0x000000070d000000|  0%| F|  |TAMS 0x000000070ce00000| PB 0x000000070ce00000| Untracked 
|  72|0x000000070d000000, 0x000000070d000000, 0x000000070d200000|  0%| F|  |TAMS 0x000000070d000000| PB 0x000000070d000000| Untracked 
|  73|0x000000070d200000, 0x000000070d200000, 0x000000070d400000|  0%| F|  |TAMS 0x000000070d200000| PB 0x000000070d200000| Untracked 
|  74|0x000000070d400000, 0x000000070d400000, 0x000000070d600000|  0%| F|  |TAMS 0x000000070d400000| PB 0x000000070d400000| Untracked 
|  75|0x000000070d600000, 0x000000070d600000, 0x000000070d800000|  0%| F|  |TAMS 0x000000070d600000| PB 0x000000070d600000| Untracked 
|  76|0x000000070d800000, 0x000000070d800000, 0x000000070da00000|  0%| F|  |TAMS 0x000000070d800000| PB 0x000000070d800000| Untracked 
|  77|0x000000070da00000, 0x000000070da00000, 0x000000070dc00000|  0%| F|  |TAMS 0x000000070da00000| PB 0x000000070da00000| Untracked 
|  78|0x000000070dc00000, 0x000000070dc00000, 0x000000070de00000|  0%| F|  |TAMS 0x000000070dc00000| PB 0x000000070dc00000| Untracked 
|  79|0x000000070de00000, 0x000000070de00000, 0x000000070e000000|  0%| F|  |TAMS 0x000000070de00000| PB 0x000000070de00000| Untracked 
|  80|0x000000070e000000, 0x000000070e000000, 0x000000070e200000|  0%| F|  |TAMS 0x000000070e000000| PB 0x000000070e000000| Untracked 
|  81|0x000000070e200000, 0x000000070e200000, 0x000000070e400000|  0%| F|  |TAMS 0x000000070e200000| PB 0x000000070e200000| Untracked 
|  82|0x000000070e400000, 0x000000070e400000, 0x000000070e600000|  0%| F|  |TAMS 0x000000070e400000| PB 0x000000070e400000| Untracked 
|  83|0x000000070e600000, 0x000000070e600000, 0x000000070e800000|  0%| F|  |TAMS 0x000000070e600000| PB 0x000000070e600000| Untracked 
|  84|0x000000070e800000, 0x000000070e800000, 0x000000070ea00000|  0%| F|  |TAMS 0x000000070e800000| PB 0x000000070e800000| Untracked 
|  85|0x000000070ea00000, 0x000000070ea00000, 0x000000070ec00000|  0%| F|  |TAMS 0x000000070ea00000| PB 0x000000070ea00000| Untracked 
|  86|0x000000070ec00000, 0x000000070ec00000, 0x000000070ee00000|  0%| F|  |TAMS 0x000000070ec00000| PB 0x000000070ec00000| Untracked 
|  87|0x000000070ee00000, 0x000000070ee00000, 0x000000070f000000|  0%| F|  |TAMS 0x000000070ee00000| PB 0x000000070ee00000| Untracked 
|  88|0x000000070f000000, 0x000000070f000000, 0x000000070f200000|  0%| F|  |TAMS 0x000000070f000000| PB 0x000000070f000000| Untracked 
|  89|0x000000070f200000, 0x000000070f200000, 0x000000070f400000|  0%| F|  |TAMS 0x000000070f200000| PB 0x000000070f200000| Untracked 
|  90|0x000000070f400000, 0x000000070f400000, 0x000000070f600000|  0%| F|  |TAMS 0x000000070f400000| PB 0x000000070f400000| Untracked 
|  91|0x000000070f600000, 0x000000070f600000, 0x000000070f800000|  0%| F|  |TAMS 0x000000070f600000| PB 0x000000070f600000| Untracked 
|  92|0x000000070f800000, 0x000000070f800000, 0x000000070fa00000|  0%| F|  |TAMS 0x000000070f800000| PB 0x000000070f800000| Untracked 
|  93|0x000000070fa00000, 0x000000070fa00000, 0x000000070fc00000|  0%| F|  |TAMS 0x000000070fa00000| PB 0x000000070fa00000| Untracked 
|  94|0x000000070fc00000, 0x000000070fc00000, 0x000000070fe00000|  0%| F|  |TAMS 0x000000070fc00000| PB 0x000000070fc00000| Untracked 
|  95|0x000000070fe00000, 0x000000070fe00000, 0x0000000710000000|  0%| F|  |TAMS 0x000000070fe00000| PB 0x000000070fe00000| Untracked 
|  96|0x0000000710000000, 0x0000000710000000, 0x0000000710200000|  0%| F|  |TAMS 0x0000000710000000| PB 0x0000000710000000| Untracked 
|  97|0x0000000710200000, 0x0000000710200000, 0x0000000710400000|  0%| F|  |TAMS 0x0000000710200000| PB 0x0000000710200000| Untracked 
|  98|0x0000000710400000, 0x0000000710400000, 0x0000000710600000|  0%| F|  |TAMS 0x0000000710400000| PB 0x0000000710400000| Untracked 
|  99|0x0000000710600000, 0x0000000710600000, 0x0000000710800000|  0%| F|  |TAMS 0x0000000710600000| PB 0x0000000710600000| Untracked 
| 100|0x0000000710800000, 0x0000000710800000, 0x0000000710a00000|  0%| F|  |TAMS 0x0000000710800000| PB 0x0000000710800000| Untracked 
| 101|0x0000000710a00000, 0x0000000710a00000, 0x0000000710c00000|  0%| F|  |TAMS 0x0000000710a00000| PB 0x0000000710a00000| Untracked 
| 102|0x0000000710c00000, 0x0000000710ca27f0, 0x0000000710e00000| 31%| E|  |TAMS 0x0000000710c00000| PB 0x0000000710c00000| Complete 
| 103|0x0000000710e00000, 0x0000000711000000, 0x0000000711000000|100%| E|CS|TAMS 0x0000000710e00000| PB 0x0000000710e00000| Complete 
| 104|0x0000000711000000, 0x0000000711200000, 0x0000000711200000|100%| E|CS|TAMS 0x0000000711000000| PB 0x0000000711000000| Complete 
| 105|0x0000000711200000, 0x0000000711400000, 0x0000000711400000|100%| E|CS|TAMS 0x0000000711200000| PB 0x0000000711200000| Complete 
| 106|0x0000000711400000, 0x0000000711600000, 0x0000000711600000|100%| E|CS|TAMS 0x0000000711400000| PB 0x0000000711400000| Complete 
| 107|0x0000000711600000, 0x00000007117d86a0, 0x0000000711800000| 92%| S|CS|TAMS 0x0000000711600000| PB 0x0000000711600000| Complete 
| 108|0x0000000711800000, 0x0000000711a00000, 0x0000000711a00000|100%| E|CS|TAMS 0x0000000711800000| PB 0x0000000711800000| Complete 
| 109|0x0000000711a00000, 0x0000000711c00000, 0x0000000711c00000|100%| E|CS|TAMS 0x0000000711a00000| PB 0x0000000711a00000| Complete 
| 110|0x0000000711c00000, 0x0000000711e00000, 0x0000000711e00000|100%| E|CS|TAMS 0x0000000711c00000| PB 0x0000000711c00000| Complete 
| 111|0x0000000711e00000, 0x0000000712000000, 0x0000000712000000|100%| E|CS|TAMS 0x0000000711e00000| PB 0x0000000711e00000| Complete 
| 112|0x0000000712000000, 0x0000000712200000, 0x0000000712200000|100%| E|CS|TAMS 0x0000000712000000| PB 0x0000000712000000| Complete 
| 113|0x0000000712200000, 0x0000000712400000, 0x0000000712400000|100%| E|CS|TAMS 0x0000000712200000| PB 0x0000000712200000| Complete 
| 114|0x0000000712400000, 0x0000000712600000, 0x0000000712600000|100%| E|CS|TAMS 0x0000000712400000| PB 0x0000000712400000| Complete 
| 115|0x0000000712600000, 0x0000000712800000, 0x0000000712800000|100%| E|CS|TAMS 0x0000000712600000| PB 0x0000000712600000| Complete 
| 116|0x0000000712800000, 0x0000000712a00000, 0x0000000712a00000|100%| E|CS|TAMS 0x0000000712800000| PB 0x0000000712800000| Complete 
| 117|0x0000000712a00000, 0x0000000712c00000, 0x0000000712c00000|100%| E|CS|TAMS 0x0000000712a00000| PB 0x0000000712a00000| Complete 
| 118|0x0000000712c00000, 0x0000000712e00000, 0x0000000712e00000|100%| E|CS|TAMS 0x0000000712c00000| PB 0x0000000712c00000| Complete 
| 119|0x0000000712e00000, 0x0000000713000000, 0x0000000713000000|100%| E|CS|TAMS 0x0000000712e00000| PB 0x0000000712e00000| Complete 
| 120|0x0000000713000000, 0x0000000713200000, 0x0000000713200000|100%| E|CS|TAMS 0x0000000713000000| PB 0x0000000713000000| Complete 
| 121|0x0000000713200000, 0x0000000713400000, 0x0000000713400000|100%| E|CS|TAMS 0x0000000713200000| PB 0x0000000713200000| Complete 
| 122|0x0000000713400000, 0x0000000713600000, 0x0000000713600000|100%| E|CS|TAMS 0x0000000713400000| PB 0x0000000713400000| Complete 
| 123|0x0000000713600000, 0x0000000713800000, 0x0000000713800000|100%| E|CS|TAMS 0x0000000713600000| PB 0x0000000713600000| Complete 
| 124|0x0000000713800000, 0x0000000713a00000, 0x0000000713a00000|100%| E|CS|TAMS 0x0000000713800000| PB 0x0000000713800000| Complete 
| 125|0x0000000713a00000, 0x0000000713c00000, 0x0000000713c00000|100%| E|CS|TAMS 0x0000000713a00000| PB 0x0000000713a00000| Complete 

Card table byte_map: [0x00000271f09d0000,0x00000271f11b0000] _byte_map_base: 0x00000271ed1b0000

Marking Bits: (CMBitMap*) 0x00000271d683be90
 Bits: [0x00000271f11b0000, 0x00000271f50b0000)

Polling page: 0x00000271d6770000

Metaspace:

Usage:
  Non-class:     13.88 MB used.
      Class:      1.81 MB used.
       Both:     15.69 MB used.

Virtual space:
  Non-class space:       64.00 MB reserved,      14.00 MB ( 22%) committed,  1 nodes.
      Class space:        1.00 GB reserved,       1.94 MB ( <1%) committed,  1 nodes.
             Both:        1.06 GB reserved,      15.94 MB (  1%) committed. 

Chunk freelists:
   Non-Class:  1.97 MB
       Class:  13.97 MB
        Both:  15.93 MB

MaxMetaspaceSize: unlimited
CompressedClassSpaceSize: 1.00 GB
Initial GC threshold: 21.00 MB
Current GC threshold: 21.00 MB
CDS: on
 - commit_granule_bytes: 65536.
 - commit_granule_words: 8192.
 - virtual_space_node_default_size: 8388608.
 - enlarge_chunks_in_place: 1.
 - use_allocation_guard: 0.


Internal statistics:

num_allocs_failed_limit: 0.
num_arena_births: 174.
num_arena_deaths: 0.
num_vsnodes_births: 2.
num_vsnodes_deaths: 0.
num_space_committed: 255.
num_space_uncommitted: 0.
num_chunks_returned_to_freelist: 0.
num_chunks_taken_from_freelist: 703.
num_chunk_merges: 0.
num_chunk_splits: 477.
num_chunks_enlarged: 384.
num_inconsistent_stats: 0.

CodeHeap 'non-profiled nmethods': size=120000Kb used=1464Kb max_used=1464Kb free=118536Kb
 bounds [0x00000271e8250000, 0x00000271e84c0000, 0x00000271ef780000]
CodeHeap 'profiled nmethods': size=120000Kb used=6892Kb max_used=6892Kb free=113107Kb
 bounds [0x00000271e0780000, 0x00000271e0e40000, 0x00000271e7cb0000]
CodeHeap 'non-nmethods': size=5760Kb used=1553Kb max_used=1597Kb free=4206Kb
 bounds [0x00000271e7cb0000, 0x00000271e7f20000, 0x00000271e8250000]
 total_blobs=3920 nmethods=3416 adapters=408
 compilation: enabled
              stopped_count=0, restarted_count=0
 full_count=0

Compilation events (20 events):
Event: 119.985 Thread 0x00000271f7a35b80 3412       1       org.apache.maven.model.RepositoryPolicy::getChecksumPolicy (5 bytes)
Event: 119.985 Thread 0x00000271f7a35b80 nmethod 3412 0x00000271e83bc810 code [0x00000271e83bc9a0, 0x00000271e83bca70]
Event: 119.985 Thread 0x00000271f7a34310 3413       4       org.fusesource.jansi.io.AnsiOutputStream::write (898 bytes)
Event: 119.988 Thread 0x00000271f7a34310 nmethod 3413 0x00000271e83bcb10 code [0x00000271e83bccc0, 0x00000271e83bceb8]
Event: 119.988 Thread 0x00000271f7a34310 3414       4       org.fusesource.jansi.io.FastBufferedOutputStream::write (35 bytes)
Event: 119.989 Thread 0x00000271f7a34310 nmethod 3414 0x00000271e83bd090 code [0x00000271e83bd220, 0x00000271e83bd328]
Event: 119.995 Thread 0x00000271f7a34310 3415       4       jdk.internal.ref.CleanerFactory::cleaner (4 bytes)
Event: 119.996 Thread 0x00000271f7a34310 nmethod 3415 0x00000271e83bd410 code [0x00000271e83bd5a0, 0x00000271e83bd610]
Event: 120.006 Thread 0x00000271f7a35b80 3416       1       org.apache.maven.model.profile.DefaultProfileActivationContext::getSystemProperties (5 bytes)
Event: 120.006 Thread 0x00000271f7a35b80 nmethod 3416 0x00000271e83bd710 code [0x00000271e83bd8a0, 0x00000271e83bd970]
Event: 120.008 Thread 0x00000271f7a35b80 3417       3       org.jetbrains.maven.server.EventInfoPrinter::appendReplacingNewLines (137 bytes)
Event: 120.009 Thread 0x00000271f7a35b80 nmethod 3417 0x00000271e0e39090 code [0x00000271e0e39340, 0x00000271e0e39ec8]
Event: 123.164 Thread 0x00000271f7a34310 3418       4       java.io.BufferedInputStream::getBufIfOpen (61 bytes)
Event: 123.165 Thread 0x00000271f7a35b80 3419       3       java.util.Collections$UnmodifiableCollection::<init> (22 bytes)
Event: 123.165 Thread 0x00000271f7a35b80 nmethod 3419 0x00000271e0e3a290 code [0x00000271e0e3a460, 0x00000271e0e3a730]
Event: 123.165 Thread 0x00000271f7a35b80 3420       3       org.codehaus.plexus.interpolation.StringSearchInterpolator::addValueSource (12 bytes)
Event: 123.165 Thread 0x00000271f7a35b80 nmethod 3420 0x00000271e0e3a810 code [0x00000271e0e3a9c0, 0x00000271e0e3aba0]
Event: 123.167 Thread 0x00000271f7a34310 nmethod 3418 0x00000271e83bda10 code [0x00000271e83bdbc0, 0x00000271e83bdec8]
Event: 123.167 Thread 0x00000271f7a34310 3421       4       java.lang.AbstractStringBuilder::append (67 bytes)
Event: 124.318 Thread 0x00000271f7a35b80 3423       3       java.util.regex.Pattern$BmpCharProperty::<init> (6 bytes)

GC Heap History (4 events):
Event: 16.059 GC heap before
{Heap before GC invocations=0 (full 0):
 garbage-first heap   total 258048K, used 22528K [0x0000000704000000, 0x0000000800000000)
  region size 2048K, 11 young (22528K), 0 survivors (0K)
 Metaspace       used 6258K, committed 6464K, reserved 1114112K
  class space    used 701K, committed 832K, reserved 1048576K
}
Event: 18.081 GC heap after
{Heap after GC invocations=1 (full 0):
 garbage-first heap   total 258048K, used 4189K [0x0000000704000000, 0x0000000800000000)
  region size 2048K, 2 young (4096K), 2 survivors (4096K)
 Metaspace       used 6258K, committed 6464K, reserved 1114112K
  class space    used 701K, committed 832K, reserved 1048576K
}
Event: 32.205 GC heap before
{Heap before GC invocations=1 (full 0):
 garbage-first heap   total 258048K, used 34909K [0x0000000704000000, 0x0000000800000000)
  region size 2048K, 18 young (36864K), 2 survivors (4096K)
 Metaspace       used 10016K, committed 10240K, reserved 1114112K
  class space    used 1156K, committed 1280K, reserved 1048576K
}
Event: 32.210 GC heap after
{Heap after GC invocations=2 (full 0):
 garbage-first heap   total 258048K, used 6083K [0x0000000704000000, 0x0000000800000000)
  region size 2048K, 1 young (2048K), 1 survivors (2048K)
 Metaspace       used 10016K, committed 10240K, reserved 1114112K
  class space    used 1156K, committed 1280K, reserved 1048576K
}

Dll operation events (12 events):
Event: 0.077 Loaded shared library C:\Program Files\Java\jdk-21.0.6\bin\java.dll
Event: 0.228 Loaded shared library C:\Program Files\Java\jdk-21.0.6\bin\jsvml.dll
Event: 0.275 Loaded shared library C:\Program Files\Java\jdk-21.0.6\bin\zip.dll
Event: 0.280 Loaded shared library C:\Program Files\Java\jdk-21.0.6\bin\instrument.dll
Event: 0.295 Loaded shared library C:\Program Files\Java\jdk-21.0.6\bin\net.dll
Event: 0.298 Loaded shared library C:\Program Files\Java\jdk-21.0.6\bin\nio.dll
Event: 0.304 Loaded shared library C:\Program Files\Java\jdk-21.0.6\bin\zip.dll
Event: 0.324 Loaded shared library C:\Program Files\JetBrains\IntelliJ IDEA 2023.3.4\bin\breakgen64.dll
Event: 0.345 Loaded shared library C:\Program Files\Java\jdk-21.0.6\bin\extnet.dll
Event: 1.147 Loaded shared library C:\Program Files\Java\jdk-21.0.6\bin\jimage.dll
Event: 11.817 Loaded shared library C:\Users\DELL\AppData\Local\Temp\jansi-2.4.1-61b5c5e453ba6a17-jansi.dll
Event: 11.907 Loaded shared library C:\Program Files\Java\jdk-21.0.6\bin\verify.dll

Deoptimization events (20 events):
Event: 85.758 Thread 0x00000271d67d1130 Uncommon trap: trap_request=0xffffff45 fr.pc=0x00000271e83995e4 relative=0x0000000000000a44
Event: 85.758 Thread 0x00000271d67d1130 Uncommon trap: reason=unstable_if action=reinterpret pc=0x00000271e83995e4 method=java.lang.StringUTF16.compress([CII)[B @ 13 c2
Event: 85.758 Thread 0x00000271d67d1130 DEOPT PACKING pc=0x00000271e83995e4 sp=0x000000d9aa0fe1b0
Event: 85.758 Thread 0x00000271d67d1130 DEOPT UNPACKING pc=0x00000271e7d07da2 sp=0x000000d9aa0fe018 mode 2
Event: 85.758 Thread 0x00000271d67d1130 Uncommon trap: trap_request=0xffffff45 fr.pc=0x00000271e8395040 relative=0x0000000000000660
Event: 85.758 Thread 0x00000271d67d1130 Uncommon trap: reason=unstable_if action=reinterpret pc=0x00000271e8395040 method=java.lang.String.trim()Ljava/lang/String; @ 4 c2
Event: 85.758 Thread 0x00000271d67d1130 DEOPT PACKING pc=0x00000271e8395040 sp=0x000000d9aa0fe230
Event: 85.758 Thread 0x00000271d67d1130 DEOPT UNPACKING pc=0x00000271e7d07da2 sp=0x000000d9aa0fe210 mode 2
Event: 85.762 Thread 0x00000271d67d1130 Uncommon trap: trap_request=0xffffff45 fr.pc=0x00000271e8397c58 relative=0x00000000000001f8
Event: 85.762 Thread 0x00000271d67d1130 Uncommon trap: reason=unstable_if action=reinterpret pc=0x00000271e8397c58 method=java.lang.String.indexOf(Ljava/lang/String;)I @ 10 c2
Event: 85.762 Thread 0x00000271d67d1130 DEOPT PACKING pc=0x00000271e8397c58 sp=0x000000d9aa0fe470
Event: 85.762 Thread 0x00000271d67d1130 DEOPT UNPACKING pc=0x00000271e7d07da2 sp=0x000000d9aa0fe320 mode 2
Event: 105.631 Thread 0x00000271d67d1130 Uncommon trap: trap_request=0xffffff45 fr.pc=0x00000271e826aee8 relative=0x00000000000001c8
Event: 105.631 Thread 0x00000271d67d1130 Uncommon trap: reason=unstable_if action=reinterpret pc=0x00000271e826aee8 method=java.lang.String.indexOf(II)I @ 4 c2
Event: 105.631 Thread 0x00000271d67d1130 DEOPT PACKING pc=0x00000271e826aee8 sp=0x000000d9aa0fe140
Event: 105.631 Thread 0x00000271d67d1130 DEOPT UNPACKING pc=0x00000271e7d07da2 sp=0x000000d9aa0fe070 mode 2
Event: 105.631 Thread 0x00000271d67d1130 Uncommon trap: trap_request=0xffffff45 fr.pc=0x00000271e8297bf0 relative=0x0000000000000690
Event: 105.631 Thread 0x00000271d67d1130 Uncommon trap: reason=unstable_if action=reinterpret pc=0x00000271e8297bf0 method=java.lang.String.substring(II)Ljava/lang/String; @ 31 c2
Event: 105.631 Thread 0x00000271d67d1130 DEOPT PACKING pc=0x00000271e8297bf0 sp=0x000000d9aa0fe0e0
Event: 105.632 Thread 0x00000271d67d1130 DEOPT UNPACKING pc=0x00000271e7d07da2 sp=0x000000d9aa0fe0b0 mode 2

Classes loaded (20 events):
Event: 56.924 Loading class sun/nio/ch/FileLockTable$FileLockReference
Event: 56.925 Loading class sun/nio/ch/FileLockTable$FileLockReference done
Event: 56.925 Loading class java/nio/channels/spi/AbstractInterruptibleChannel$1
Event: 56.925 Loading class sun/nio/ch/Interruptible
Event: 56.925 Loading class sun/nio/ch/Interruptible done
Event: 56.925 Loading class java/nio/channels/spi/AbstractInterruptibleChannel$1 done
Event: 56.925 Loading class java/util/AbstractMap$2
Event: 56.926 Loading class java/util/AbstractMap$2 done
Event: 56.926 Loading class java/util/AbstractMap$2$1
Event: 56.926 Loading class java/util/AbstractMap$2$1 done
Event: 60.940 Loading class sun/util/resources/LocaleData$CommonResourceBundleProvider
Event: 60.940 Loading class sun/util/resources/LocaleData$LocaleDataResourceBundleProvider
Event: 60.940 Loading class java/util/spi/ResourceBundleProvider
Event: 60.940 Loading class java/util/spi/ResourceBundleProvider done
Event: 60.941 Loading class sun/util/resources/LocaleData$LocaleDataResourceBundleProvider done
Event: 60.941 Loading class sun/util/resources/LocaleData$CommonResourceBundleProvider done
Event: 60.941 Loading class sun/util/resources/Bundles$2
Event: 60.941 Loading class sun/util/resources/Bundles$2 done
Event: 68.713 Loading class java/util/stream/Streams$RangeIntSpliterator
Event: 68.713 Loading class java/util/stream/Streams$RangeIntSpliterator done

Classes unloaded (0 events):
No events

Classes redefined (0 events):
No events

Internal exceptions (20 events):
Event: 34.697 Thread 0x00000271d67d1130 Exception <a 'java/lang/ExceptionInInitializerError'{0x00000007135d25d8}> (0x00000007135d25d8) 
thrown [s\open\src\hotspot\share\oops\instanceKlass.cpp, line 1192]
Event: 35.058 Thread 0x00000271d67d1130 Exception <a 'java/lang/NoSuchMethodError'{0x00000007132e4758}: 'long java.lang.invoke.DirectMethodHandle$Holder.invokeStatic(java.lang.Object, java.lang.Object, int)'> (0x00000007132e4758) 
thrown [s\open\src\hotspot\share\interpreter\linkResolver.cpp, line 773]
Event: 36.121 Thread 0x00000271d67d1130 Exception <a 'java/lang/NoSuchMethodError'{0x00000007132f7830}: 'java.lang.Object java.lang.invoke.DirectMethodHandle$Holder.invokeStatic(java.lang.Object, java.lang.Object, java.lang.Object, java.lang.Object, int)'> (0x00000007132f7830) 
thrown [s\open\src\hotspot\share\interpreter\linkResolver.cpp, line 773]
Event: 36.124 Thread 0x00000271d67d1130 Exception <a 'java/lang/NoSuchMethodError'{0x00000007132ff768}: 'java.lang.Object java.lang.invoke.DirectMethodHandle$Holder.invokeSpecial(java.lang.Object, java.lang.Object, java.lang.Object, java.lang.Object, long)'> (0x00000007132ff768) 
thrown [s\open\src\hotspot\share\interpreter\linkResolver.cpp, line 773]
Event: 36.130 Thread 0x00000271d67d1130 Exception <a 'java/lang/NoSuchMethodError'{0x000000071330b030}: 'java.lang.Object java.lang.invoke.DirectMethodHandle$Holder.invokeSpecial(java.lang.Object, java.lang.Object, java.lang.Object, int, java.lang.Object)'> (0x000000071330b030) 
thrown [s\open\src\hotspot\share\interpreter\linkResolver.cpp, line 773]
Event: 36.135 Thread 0x00000271d67d1130 Exception <a 'java/lang/NoSuchMethodError'{0x0000000713313170}: 'int java.lang.invoke.DirectMethodHandle$Holder.invokeSpecial(java.lang.Object, java.lang.Object, java.lang.Object, int)'> (0x0000000713313170) 
thrown [s\open\src\hotspot\share\interpreter\linkResolver.cpp, line 773]
Event: 36.507 Thread 0x00000271d67d1130 Implicit null exception at 0x00000271e82e26dd to 0x00000271e82e28e8
Event: 36.857 Thread 0x00000271d67d1130 Exception <a 'java/lang/NoSuchMethodError'{0x0000000713337ce0}: 'java.lang.Object java.lang.invoke.Invokers$Holder.invokeExact_MT(java.lang.Object, int, java.lang.Object)'> (0x0000000713337ce0) 
thrown [s\open\src\hotspot\share\interpreter\linkResolver.cpp, line 773]
Event: 44.030 Thread 0x00000271d67d1130 Exception <a 'java/lang/NoSuchMethodError'{0x0000000712b51db8}: 'void java.lang.invoke.Invokers$Holder.invokeExact_MT(java.lang.Object, java.lang.Object, java.lang.Object, java.lang.Object)'> (0x0000000712b51db8) 
thrown [s\open\src\hotspot\share\interpreter\linkResolver.cpp, line 773]
Event: 45.273 Thread 0x00000271d67d1130 Exception <a 'java/lang/NoClassDefFoundError'{0x0000000712be1110}: com/google/inject/servlet/ServletModuleTargetVisitor> (0x0000000712be1110) 
thrown [s\open\src\hotspot\share\classfile\systemDictionary.cpp, line 301]
Event: 47.766 Thread 0x00000271d67d1130 Exception <a 'java/lang/NoSuchMethodError'{0x0000000712699088}: 'void java.lang.invoke.DirectMethodHandle$Holder.invokeVirtual(java.lang.Object, java.lang.Object)'> (0x0000000712699088) 
thrown [s\open\src\hotspot\share\interpreter\linkResolver.cpp, line 773]
Event: 49.645 Thread 0x00000271d67d1130 Exception <a 'java/lang/NoSuchMethodError'{0x0000000712727e90}: 'java.lang.Object java.lang.invoke.DirectMethodHandle$Holder.invokeStaticInit(java.lang.Object, int, int, int, int)'> (0x0000000712727e90) 
thrown [s\open\src\hotspot\share\interpreter\linkResolver.cpp, line 773]
Event: 55.905 Thread 0x00000271d67d1130 Implicit null exception at 0x00000271e829aca4 to 0x00000271e829b384
Event: 55.905 Thread 0x00000271d67d1130 Implicit null exception at 0x00000271e829d0a0 to 0x00000271e829d774
Event: 56.937 Thread 0x00000271d67d1130 Exception <a 'java/lang/NoSuchMethodError'{0x000000071217cca0}: 'void java.lang.invoke.DirectMethodHandle$Holder.invokeSpecial(java.lang.Object, java.lang.Object, java.lang.Object, java.lang.Object, java.lang.Object)'> (0x000000071217cca0) 
thrown [s\open\src\hotspot\share\interpreter\linkResolver.cpp, line 773]
Event: 56.940 Thread 0x00000271d67d1130 Exception <a 'java/lang/NoSuchMethodError'{0x0000000712192bf0}: 'void java.lang.invoke.DirectMethodHandle$Holder.invokeSpecial(java.lang.Object, java.lang.Object, java.lang.Object, java.lang.Object, java.lang.Object, java.lang.Object)'> (0x0000000712192bf0) 
thrown [s\open\src\hotspot\share\interpreter\linkResolver.cpp, line 773]
Event: 60.919 Thread 0x00000271d67d1130 Exception <a 'java/lang/NoSuchMethodError'{0x0000000711e89940}: 'java.lang.Object java.lang.invoke.DirectMethodHandle$Holder.invokeVirtual(java.lang.Object, java.lang.Object, java.lang.Object)'> (0x0000000711e89940) 
thrown [s\open\src\hotspot\share\interpreter\linkResolver.cpp, line 773]
Event: 62.401 Thread 0x00000271d67d1130 Exception <a 'java/lang/NoSuchMethodError'{0x0000000711c66ec0}: 'void java.lang.invoke.DirectMethodHandle$Holder.invokeVirtual(java.lang.Object, java.lang.Object, int)'> (0x0000000711c66ec0) 
thrown [s\open\src\hotspot\share\interpreter\linkResolver.cpp, line 773]
Event: 62.402 Thread 0x00000271d67d1130 Exception <a 'java/lang/NoSuchMethodError'{0x0000000711c6ac70}: 'void java.lang.invoke.DirectMethodHandle$Holder.invokeSpecial(java.lang.Object, java.lang.Object, java.lang.Object, int)'> (0x0000000711c6ac70) 
thrown [s\open\src\hotspot\share\interpreter\linkResolver.cpp, line 773]
Event: 62.402 Thread 0x00000271d67d1130 Exception <a 'java/lang/NoSuchMethodError'{0x0000000711c6e340}: 'void java.lang.invoke.DelegatingMethodHandle$Holder.reinvoke_L(java.lang.Object, java.lang.Object, int)'> (0x0000000711c6e340) 
thrown [s\open\src\hotspot\share\interpreter\linkResolver.cpp, line 773]

ZGC Phase Switch (0 events):
No events

VM Operations (20 events):
Event: 69.186 Executing VM operation: Cleanup
Event: 69.187 Executing VM operation: Cleanup done
Event: 83.287 Executing VM operation: Cleanup
Event: 83.287 Executing VM operation: Cleanup done
Event: 86.324 Executing VM operation: Cleanup
Event: 86.324 Executing VM operation: Cleanup done
Event: 103.480 Executing VM operation: Cleanup
Event: 103.668 Executing VM operation: Cleanup done
Event: 104.678 Executing VM operation: Cleanup
Event: 105.342 Executing VM operation: Cleanup done
Event: 106.350 Executing VM operation: Cleanup
Event: 106.841 Executing VM operation: Cleanup done
Event: 107.855 Executing VM operation: Cleanup
Event: 107.856 Executing VM operation: Cleanup done
Event: 114.918 Executing VM operation: Cleanup
Event: 114.918 Executing VM operation: Cleanup done
Event: 118.940 Executing VM operation: Cleanup
Event: 118.940 Executing VM operation: Cleanup done
Event: 119.943 Executing VM operation: Cleanup
Event: 119.943 Executing VM operation: Cleanup done

Events (20 events):
Event: 0.220 Thread 0x00000271f7b782e0 Thread added: 0x00000271f7b782e0
Event: 0.325 Thread 0x00000271fc1351c0 Thread added: 0x00000271fc1351c0
Event: 0.325 Thread 0x00000271fc135820 Thread added: 0x00000271fc135820
Event: 1.166 Thread 0x00000271fc24e7c0 Thread added: 0x00000271fc24e7c0
Event: 1.167 Thread 0x00000271fc24f670 Thread added: 0x00000271fc24f670
Event: 1.420 Thread 0x00000271fc24f670 Thread exited: 0x00000271fc24f670
Event: 1.420 Thread 0x00000271fc24e7c0 Thread exited: 0x00000271fc24e7c0
Event: 2.056 Thread 0x00000271fc3ba050 Thread added: 0x00000271fc3ba050
Event: 15.840 Thread 0x00000271fc4affa0 Thread added: 0x00000271fc4affa0
Event: 18.086 Thread 0x00000271fc18c9d0 Thread added: 0x00000271fc18c9d0
Event: 19.036 Thread 0x00000271fc18c9d0 Thread exited: 0x00000271fc18c9d0
Event: 19.036 Thread 0x00000271fc4affa0 Thread exited: 0x00000271fc4affa0
Event: 27.138 Thread 0x00000271fc3ba050 Thread exited: 0x00000271fc3ba050
Event: 53.168 Thread 0x00000271fcb1d910 Thread added: 0x00000271fcb1d910
Event: 60.930 Thread 0x00000271fc9b4140 Thread added: 0x00000271fc9b4140
Event: 60.941 Thread 0x00000271fce5d7c0 Thread added: 0x00000271fce5d7c0
Event: 62.394 Thread 0x00000271fce5d7c0 Thread exited: 0x00000271fce5d7c0
Event: 62.398 Thread 0x00000271fc9b4140 Thread exited: 0x00000271fc9b4140
Event: 103.742 Thread 0x00000271fd489430 Thread added: 0x00000271fd489430
Event: 105.480 Thread 0x00000271fd489430 Thread exited: 0x00000271fd489430


Dynamic libraries:
0x00007ff7e26f0000 - 0x00007ff7e2700000 	C:\Program Files\Java\jdk-21.0.6\bin\java.exe
0x00007ffbc1e40000 - 0x00007ffbc20a0000 	C:\WINDOWS\SYSTEM32\ntdll.dll
0x00007ffbc0980000 - 0x00007ffbc0a47000 	C:\WINDOWS\System32\KERNEL32.DLL
0x00007ffbbf020000 - 0x00007ffbbf3ea000 	C:\WINDOWS\System32\KERNELBASE.dll
0x00007ffbbf810000 - 0x00007ffbbf95b000 	C:\WINDOWS\System32\ucrtbase.dll
0x00007ffba0ac0000 - 0x00007ffba0adb000 	C:\Program Files\Java\jdk-21.0.6\bin\VCRUNTIME140.dll
0x00007ffb815c0000 - 0x00007ffb815d9000 	C:\Program Files\Java\jdk-21.0.6\bin\jli.dll
0x00007ffbc0450000 - 0x00007ffbc0502000 	C:\WINDOWS\System32\ADVAPI32.dll
0x00007ffbc02c0000 - 0x00007ffbc0369000 	C:\WINDOWS\System32\msvcrt.dll
0x00007ffbbff10000 - 0x00007ffbbffb6000 	C:\WINDOWS\System32\sechost.dll
0x00007ffbc0860000 - 0x00007ffbc0976000 	C:\WINDOWS\System32\RPCRT4.dll
0x00007ffbbfc40000 - 0x00007ffbbfe0c000 	C:\WINDOWS\System32\USER32.dll
0x00007ffbbf3f0000 - 0x00007ffbbf417000 	C:\WINDOWS\System32\win32u.dll
0x00007ffbc18f0000 - 0x00007ffbc191a000 	C:\WINDOWS\System32\GDI32.dll
0x00007ffbbf620000 - 0x00007ffbbf751000 	C:\WINDOWS\System32\gdi32full.dll
0x00007ffbbf760000 - 0x00007ffbbf803000 	C:\WINDOWS\System32\msvcp_win.dll
0x00007ffba5240000 - 0x00007ffba54d7000 	C:\WINDOWS\WinSxS\amd64_microsoft.windows.common-controls_6595b64144ccf1df_6.0.26100.3624_none_3e086962e3345f24\COMCTL32.dll
0x00007ffbaee60000 - 0x00007ffbaee6b000 	C:\WINDOWS\SYSTEM32\VERSION.dll
0x00007ffbc0820000 - 0x00007ffbc084f000 	C:\WINDOWS\System32\IMM32.DLL
0x00007ffbb0a50000 - 0x00007ffbb0a5c000 	C:\Program Files\Java\jdk-21.0.6\bin\vcruntime140_1.dll
0x00007ffb77ad0000 - 0x00007ffb77b5e000 	C:\Program Files\Java\jdk-21.0.6\bin\msvcp140.dll
0x00007ffb58f30000 - 0x00007ffb59c4a000 	C:\Program Files\Java\jdk-21.0.6\bin\server\jvm.dll
0x00007ffbc0b30000 - 0x00007ffbc0ba4000 	C:\WINDOWS\System32\WS2_32.dll
0x00007ffbbe6d0000 - 0x00007ffbbe72e000 	C:\WINDOWS\SYSTEM32\POWRPROF.dll
0x00007ffbb7340000 - 0x00007ffbb7376000 	C:\WINDOWS\SYSTEM32\WINMM.dll
0x00007ffbbe6b0000 - 0x00007ffbbe6c4000 	C:\WINDOWS\SYSTEM32\UMPDC.dll
0x00007ffbbdd90000 - 0x00007ffbbddaa000 	C:\WINDOWS\SYSTEM32\kernel.appcore.dll
0x00007ffba0c80000 - 0x00007ffba0c8a000 	C:\Program Files\Java\jdk-21.0.6\bin\jimage.dll
0x000000005fc40000 - 0x000000005fdd6000 	C:\Program Files\Microsoft SQL Server\110\Shared\DBGHELP.DLL
0x00007ffbb9d50000 - 0x00007ffbb9d5f000 	C:\Program Files\Java\jdk-21.0.6\bin\instrument.dll
0x00007ffb815a0000 - 0x00007ffb815bf000 	C:\Program Files\Java\jdk-21.0.6\bin\java.dll
0x00007ffbc1080000 - 0x00007ffbc17a9000 	C:\WINDOWS\System32\SHELL32.dll
0x00007ffbbf4b0000 - 0x00007ffbbf618000 	C:\WINDOWS\System32\wintypes.dll
0x00007ffbc1920000 - 0x00007ffbc1ca2000 	C:\WINDOWS\System32\combase.dll
0x00007ffbbcc80000 - 0x00007ffbbd4d2000 	C:\WINDOWS\SYSTEM32\windows.storage.dll
0x00007ffbc1800000 - 0x00007ffbc18ed000 	C:\WINDOWS\System32\SHCORE.dll
0x00007ffbc1cb0000 - 0x00007ffbc1d14000 	C:\WINDOWS\System32\shlwapi.dll
0x00007ffbbef30000 - 0x00007ffbbef5f000 	C:\WINDOWS\SYSTEM32\profapi.dll
0x00007ffb6cb30000 - 0x00007ffb6cc07000 	C:\Program Files\Java\jdk-21.0.6\bin\jsvml.dll
0x00007ffb81440000 - 0x00007ffb81458000 	C:\Program Files\Java\jdk-21.0.6\bin\zip.dll
0x00007ffb96630000 - 0x00007ffb96640000 	C:\Program Files\Java\jdk-21.0.6\bin\net.dll
0x00007ffbb9120000 - 0x00007ffbb923d000 	C:\WINDOWS\SYSTEM32\WINHTTP.dll
0x00007ffbbe2f0000 - 0x00007ffbbe35a000 	C:\WINDOWS\system32\mswsock.dll
0x00007ffb81530000 - 0x00007ffb81546000 	C:\Program Files\Java\jdk-21.0.6\bin\nio.dll
0x00007ffbb9990000 - 0x00007ffbb99aa000 	C:\Program Files\JetBrains\IntelliJ IDEA 2023.3.4\bin\breakgen64.dll
0x00007ffb8f2e0000 - 0x00007ffb8f2e9000 	C:\Program Files\Java\jdk-21.0.6\bin\extnet.dll
0x00007ffb806f0000 - 0x00007ffb80714000 	C:\Users\DELL\AppData\Local\Temp\jansi-2.4.1-61b5c5e453ba6a17-jansi.dll
0x00007ffb81fe0000 - 0x00007ffb81ff0000 	C:\Program Files\Java\jdk-21.0.6\bin\verify.dll

dbghelp: loaded successfully - version: 4.0.5 - missing functions: none
symbol engine: initialized successfully - sym options: 0x614 - pdb path: .;C:\Program Files\Java\jdk-21.0.6\bin;C:\WINDOWS\SYSTEM32;C:\WINDOWS\WinSxS\amd64_microsoft.windows.common-controls_6595b64144ccf1df_6.0.26100.3624_none_3e086962e3345f24;C:\Program Files\Java\jdk-21.0.6\bin\server;C:\Program Files\Microsoft SQL Server\110\Shared;C:\Program Files\JetBrains\IntelliJ IDEA 2023.3.4\bin;C:\Users\DELL\AppData\Local\Temp

VM Arguments:
jvm_args: -Dmaven.multiModuleProjectDirectory=C:\Users\DELL\Desktop\angular Project\backEnd\carsAgence -Djansi.passthrough=true -Dmaven.home=C:\Users\DELL\.m2\wrapper\dists\apache-maven-3.9.9-bin\4nf9hui3q3djbarqar9g711ggc\apache-maven-3.9.9 -Dclassworlds.conf=C:\Users\DELL\.m2\wrapper\dists\apache-maven-3.9.9-bin\4nf9hui3q3djbarqar9g711ggc\apache-maven-3.9.9\bin\m2.conf -Dmaven.ext.class.path=C:\Program Files\JetBrains\IntelliJ IDEA 2023.3.4\plugins\maven\lib\maven-event-listener.jar -javaagent:C:\Program Files\JetBrains\IntelliJ IDEA 2023.3.4\lib\idea_rt.jar=52285:C:\Program Files\JetBrains\IntelliJ IDEA 2023.3.4\bin -Dfile.encoding=UTF-8 -Dsun.stdout.encoding=UTF-8 -Dsun.stderr.encoding=UTF-8 
java_command: org.codehaus.classworlds.Launcher -Didea.version=2023.3.4 clean install
java_class_path (initial): C:\Users\DELL\.m2\wrapper\dists\apache-maven-3.9.9-bin\4nf9hui3q3djbarqar9g711ggc\apache-maven-3.9.9\boot\plexus-classworlds-2.8.0.jar;C:\Users\DELL\.m2\wrapper\dists\apache-maven-3.9.9-bin\4nf9hui3q3djbarqar9g711ggc\apache-maven-3.9.9\boot\plexus-classworlds.license
Launcher Type: SUN_STANDARD

[Global flags]
     intx CICompilerCount                          = 4                                         {product} {ergonomic}
     uint ConcGCThreads                            = 2                                         {product} {ergonomic}
     uint G1ConcRefinementThreads                  = 8                                         {product} {ergonomic}
   size_t G1HeapRegionSize                         = 2097152                                   {product} {ergonomic}
    uintx GCDrainStackTargetSize                   = 64                                        {product} {ergonomic}
   size_t InitialHeapSize                          = 264241152                                 {product} {ergonomic}
   size_t MarkStackSize                            = 4194304                                   {product} {ergonomic}
   size_t MaxHeapSize                              = 4227858432                                {product} {ergonomic}
   size_t MaxNewSize                               = 2535456768                                {product} {ergonomic}
   size_t MinHeapDeltaBytes                        = 2097152                                   {product} {ergonomic}
   size_t MinHeapSize                              = 8388608                                   {product} {ergonomic}
    uintx NonNMethodCodeHeapSize                   = 5839372                                {pd product} {ergonomic}
    uintx NonProfiledCodeHeapSize                  = 122909434                              {pd product} {ergonomic}
    uintx ProfiledCodeHeapSize                     = 122909434                              {pd product} {ergonomic}
    uintx ReservedCodeCacheSize                    = 251658240                              {pd product} {ergonomic}
     bool SegmentedCodeCache                       = true                                      {product} {ergonomic}
   size_t SoftMaxHeapSize                          = 4227858432                             {manageable} {ergonomic}
     bool UseCompressedOops                        = true                           {product lp64_product} {ergonomic}
     bool UseG1GC                                  = true                                      {product} {ergonomic}
     bool UseLargePagesIndividualAllocation        = false                                  {pd product} {ergonomic}

Logging:
Log output configuration:
 #0: stdout all=warning uptime,level,tags foldmultilines=false
 #1: stderr all=off uptime,level,tags foldmultilines=false

Environment Variables:
PATH=C:\PySchool\3.10-32-bit\Scripts;C:\PySchool\3.10-32-bit;C:\oraclexe\app\oracle\product\11.2.0\server\bin;C:\Program Files (x86)\VMware\VMware Workstation\bin\;C:\Program Files\Common Files\Siemens\Automation\Simatic OAM\bin;C:\WINDOWS\system32;C:\WINDOWS;C:\WINDOWS\System32\Wbem;C:\WINDOWS\System32\WindowsPowerShell\v1.0\;C:\WINDOWS\System32\OpenSSH\;C:\Program Files (x86)\Microchip\MPLAB C32 Suite\bin;c:\Program Files (x86)\Microsoft SQL Server\100\Tools\Binn\;c:\Program Files\Microsoft SQL Server\100\Tools\Binn\;c:\Program Files\Microsoft SQL Server\100\DTS\Binn\;C:\Users\DELL\AppData\Local\Programs\Python\Python311;C:\Users\DELL\AppData\Local\Programs\Python\Python311\Scripts;C:\wamp64\bin\php\php8.2.0;C:\wamp64\bin;C:\Program Files\Git\cmd;C:\Program Files\dotnet\;C:\Program Files\Docker\Docker\resources\bin;C:\Users\DELL\AppData\Local\nvm;C:\nvm4w\nodejs;C:\Program Files\Microsoft SQL Server\150\Tools\Binn\;C:\Program Files\Microsoft SQL Server\Client SDK\ODBC\170\Tools\Binn\;C:\Program Files (x86)\Windows Kits\10\Windows Performance Toolkit\;C:\Program Files\Microsoft SQL Server\110\DTS\Binn\;C:\Program Files (x86)\Microsoft SQL Server\110\Tools\Binn\;C:\Program Files\Microsoft SQL Server\110\Tools\Binn\;C:\Program Files (x86)\Microsoft SQL Server\110\Tools\Binn\ManagementStudio\;C:\Program Files (x86)\Microsoft Visual Studio 10.0\Common7\IDE\PrivateAssemblies\;C:\Program Files (x86)\Microsoft SQL Server\110\DTS\Binn\;C:\Program Files\Java\jdk-21.0.6\bin;C:\Users\DELL\scoop\shims;C:\Users\DELL\AppData\Local\Microsoft\WindowsApps;C:\phpm\php-8.2.3 (1);C:\Program Files\JetBrains\PhpStorm 2023.1\bin;;C:\wamp64\bin;C:\Users\DELL\AppData\Local\Programs\Microsoft VS Code\bin;C:\Users\DELL\AppData\Roaming\npm;C:\Users\DELL\AppData\Local\nvm;C:\nvm4w\nodejs;C:\Users\DELL\.dotnet\tools;C:\Users\DELL\AppData\Local\Programs\cursor\resources\app\bin
USERNAME=DELL
OS=Windows_NT
PROCESSOR_IDENTIFIER=Intel64 Family 6 Model 140 Stepping 1, GenuineIntel
TMP=C:\Users\DELL\AppData\Local\Temp
TEMP=C:\Users\DELL\AppData\Local\Temp




Periodic native trim disabled

---------------  S Y S T E M  ---------------

OS:
 Windows 11 , 64 bit Build 26100 (10.0.26100.3775)
OS uptime: 1 days 17:54 hours
Hyper-V role detected

CPU: total 8 (initial active 8) (4 cores per cpu, 2 threads per core) family 6 model 140 stepping 1 microcode 0xba, cx8, cmov, fxsr, ht, mmx, 3dnowpref, sse, sse2, sse3, ssse3, sse4.1, sse4.2, popcnt, lzcnt, tsc, tscinvbit, avx, avx2, aes, erms, clmul, bmi1, bmi2, adx, avx512f, avx512dq, avx512cd, avx512bw, avx512vl, sha, fma, vzeroupper, avx512_vpopcntdq, avx512_vpclmulqdq, avx512_vaes, avx512_vnni, clflush, clflushopt, clwb, avx512_vbmi2, avx512_vbmi, hv, rdtscp, rdpid, fsrm, gfni, avx512_bitalg, f16c, cet_ibt, cet_ss, avx512_ifma
Processor Information for all 8 processors :
  Max Mhz: 2419, Current Mhz: 2419, Mhz Limit: 2419

Memory: 4k page, system-wide physical 16126M (1399M free)
TotalPageFile size 65278M (AvailPageFile size 1347M)
current process WorkingSet (physical memory assigned to process): 46M, peak: 120M
current process commit charge ("private bytes"): 365M, peak: 373M

vm_info: Java HotSpot(TM) 64-Bit Server VM (21.0.6+8-LTS-188) for windows-amd64 JRE (21.0.6+8-LTS-188), built on 2024-12-03T10:50:54Z by "mach5one" with MS VC++ 17.6 (VS2022)

END.
