#
# There is insufficient memory for the Java Runtime Environment to continue.
# Native memory allocation (mmap) failed to map 65536 bytes for Failed to commit metaspace.
# Possible reasons:
#   The system is out of physical RAM or swap space
#   The process is running with CompressedOops enabled, and the Java Heap may be blocking the growth of the native heap
# Possible solutions:
#   Reduce memory load on the system
#   Increase physical memory or swap space
#   Check if swap backing store is full
#   Decrease Java heap size (-Xmx/-Xms)
#
#  Out of Memory Error, pid=29384
---------------  S U M M A R Y ------------

Command Line: -Dmaven.multiModuleProjectDirectory=C:\Users\DELL\Desktop\angular Project\backEnd\carsAgence -Djansi.passthrough=true -Dmaven.home=C:\Users\DELL\.m2\wrapper\dists\apache-maven-3.9.9-bin\4nf9hui3q3djbarqar9g711ggc\apache-maven-3.9.9 -Dclassworlds.conf=C:\Users\DELL\.m2\wrapper\dists\apache-maven-3.9.9-bin\4nf9hui3q3djbarqar9g711ggc\apache-maven-3.9.9\bin\m2.conf -Dmaven.ext.class.path=C:\Program Files\JetBrains\IntelliJ IDEA 2023.3.4\plugins\maven\lib\maven-event-listener.jar -javaagent:C:\Program Files\JetBrains\IntelliJ IDEA 2023.3.4\lib\idea_rt.jar=52440:C:\Program Files\JetBrains\IntelliJ IDEA 2023.3.4\bin -Dfile.encoding=UTF-8 -Dsun.stdout.encoding=UTF-8 -Dsun.stderr.encoding=UTF-8 org.codehaus.classworlds.Launcher -Didea.version=2023.3.4 clean install

Host: 11th Gen Intel(R) Core(TM) i5-1135G7 @ 2.40GHz, 8 cores, 15G,  Windows 11 , 64 bit Build 26100 (10.0.26100.3775)
Time: Tue Apr 22 17:31:52 2025 Afr. centrale Ouest elapsed time: 86.552583 seconds (0d 0h 1m 26s)

---------------  T H R E A D  ---------------

Current thread (0x00000148c35a2510):  JavaThread "main"             [_thread_in_vm, id=31484, stack(0x00000033e0500000,0x00000033e0600000) (1024K)]

Stack: [0x00000033e0500000,0x00000033e0600000]
Native frames: (J=compiled Java code, j=interpreted, Vv=VM code, C=native code)
V  [jvm.dll+0x6ca6d9]
V  [jvm.dll+0x854f51]
V  [jvm.dll+0x85747e]
V  [jvm.dll+0x857b53]
V  [jvm.dll+0x27dcc6]
V  [jvm.dll+0x850b6e]
V  [jvm.dll+0x66e3e5]
V  [jvm.dll+0x1e3f1c]
V  [jvm.dll+0x1e3cee]
V  [jvm.dll+0x670d13]
V  [jvm.dll+0x670b32]
V  [jvm.dll+0x66edbe]
V  [jvm.dll+0x2681ef]
V  [jvm.dll+0x679135]
V  [jvm.dll+0x214cb1]
V  [jvm.dll+0x21513a]
V  [jvm.dll+0x215b61]
V  [jvm.dll+0x20affe]
V  [jvm.dll+0x5ad2ec]
V  [jvm.dll+0x7cf136]
V  [jvm.dll+0x470c46]
V  [jvm.dll+0x476ac8]
C  [java.dll+0x17ec]

Java frames: (J=compiled Java code, j=interpreted, Vv=VM code)
J 592  java.lang.ClassLoader.defineClass1(Ljava/lang/ClassLoader;Ljava/lang/String;[BIILjava/security/ProtectionDomain;Ljava/lang/String;)Ljava/lang/Class; java.base@21.0.6 (0 bytes) @ 0x00000148d5023991 [0x00000148d50238c0+0x00000000000000d1]
j  java.lang.ClassLoader.defineClass(Ljava/lang/String;[BIILjava/security/ProtectionDomain;)Ljava/lang/Class;+27 java.base@21.0.6
j  java.security.SecureClassLoader.defineClass(Ljava/lang/String;[BIILjava/security/CodeSource;)Ljava/lang/Class;+12 java.base@21.0.6
j  java.net.URLClassLoader.defineClass(Ljava/lang/String;Ljdk/internal/loader/Resource;)Ljava/lang/Class;+220 java.base@21.0.6
j  java.net.URLClassLoader$1.run()Ljava/lang/Class;+43 java.base@21.0.6
j  java.net.URLClassLoader$1.run()Ljava/lang/Object;+1 java.base@21.0.6
J 639 c1 java.security.AccessController.executePrivileged(Ljava/security/PrivilegedExceptionAction;Ljava/security/AccessControlContext;Ljava/lang/Class;)Ljava/lang/Object; java.base@21.0.6 (65 bytes) @ 0x00000148cd61464c [0x00000148cd6144e0+0x000000000000016c]
j  java.security.AccessController.doPrivileged(Ljava/security/PrivilegedExceptionAction;Ljava/security/AccessControlContext;)Ljava/lang/Object;+13 java.base@21.0.6
j  java.net.URLClassLoader.findClass(Ljava/lang/String;)Ljava/lang/Class;+13 java.base@21.0.6
j  org.codehaus.plexus.classworlds.realm.ClassRealm.findClassInternal(Ljava/lang/String;)Ljava/lang/Class;+2
j  org.codehaus.plexus.classworlds.realm.ClassRealm.loadClassFromSelf(Ljava/lang/String;)Ljava/lang/Class;+20
j  org.codehaus.plexus.classworlds.strategy.SelfFirstStrategy.loadClass(Ljava/lang/String;)Ljava/lang/Class;+18
J 638 c1 org.codehaus.plexus.classworlds.realm.ClassRealm.loadClass(Ljava/lang/String;Z)Ljava/lang/Class; (33 bytes) @ 0x00000148cd614064 [0x00000148cd613ee0+0x0000000000000184]
J 637 c1 org.codehaus.plexus.classworlds.realm.ClassRealm.loadClass(Ljava/lang/String;)Ljava/lang/Class; (7 bytes) @ 0x00000148cd613b44 [0x00000148cd613a40+0x0000000000000104]
v  ~StubRoutines::call_stub 0x00000148d4a510e7
j  org.apache.maven.cli.MavenCli.container(Lorg/apache/maven/cli/CliRequest;)Lorg/codehaus/plexus/PlexusContainer;+256
j  org.apache.maven.cli.MavenCli.doMain(Lorg/apache/maven/cli/CliRequest;)I+34
j  org.apache.maven.cli.MavenCli.main([Ljava/lang/String;Lorg/codehaus/plexus/classworlds/ClassWorld;)I+24
j  java.lang.invoke.DirectMethodHandle$Holder.invokeStatic(Ljava/lang/Object;Ljava/lang/Object;Ljava/lang/Object;)I+11 java.base@21.0.6
j  java.lang.invoke.LambdaForm$MH+0x000001488100b000.invoke(Ljava/lang/Object;Ljava/lang/Object;Ljava/lang/Object;Ljava/lang/Object;)Ljava/lang/Object;+54 java.base@21.0.6
j  java.lang.invoke.LambdaForm$MH+0x0000014881002800.invokeExact_MT(Ljava/lang/Object;Ljava/lang/Object;Ljava/lang/Object;Ljava/lang/Object;Ljava/lang/Object;)Ljava/lang/Object;+22 java.base@21.0.6
j  jdk.internal.reflect.DirectMethodHandleAccessor.invokeImpl(Ljava/lang/Object;[Ljava/lang/Object;)Ljava/lang/Object;+72 java.base@21.0.6
j  jdk.internal.reflect.DirectMethodHandleAccessor.invoke(Ljava/lang/Object;[Ljava/lang/Object;)Ljava/lang/Object;+23 java.base@21.0.6
j  java.lang.reflect.Method.invoke(Ljava/lang/Object;[Ljava/lang/Object;)Ljava/lang/Object;+102 java.base@21.0.6
j  org.codehaus.plexus.classworlds.launcher.Launcher.launchEnhanced([Ljava/lang/String;)V+45
j  org.codehaus.plexus.classworlds.launcher.Launcher.launch([Ljava/lang/String;)V+2
j  org.codehaus.plexus.classworlds.launcher.Launcher.mainWithExitCode([Ljava/lang/String;)I+108
j  org.codehaus.plexus.classworlds.launcher.Launcher.main([Ljava/lang/String;)V+1
j  org.codehaus.classworlds.Launcher.main([Ljava/lang/String;)V+1
v  ~StubRoutines::call_stub 0x00000148d4a510e7

Compiled method (n/a)   86578  592     n 0       java.lang.ClassLoader::defineClass1 (native)
 total in heap  [0x00000148d5023710,0x00000148d5023e70] = 1888
 relocation     [0x00000148d5023870,0x00000148d50238b0] = 64
 main code      [0x00000148d50238c0,0x00000148d5023e6f] = 1455
 stub code      [0x00000148d5023e6f,0x00000148d5023e70] = 1

[Constant Pool (empty)]

[MachCode]
[Entry Point]
  # {method} {0x000001488043ac80} 'defineClass1' '(Ljava/lang/ClassLoader;Ljava/lang/String;[BIILjava/security/ProtectionDomain;Ljava/lang/String;)Ljava/lang/Class;' in 'java/lang/ClassLoader'
  # parm0:    rdx:rdx   = 'java/lang/ClassLoader'
  # parm1:    r8:r8     = 'java/lang/String'
  # parm2:    r9:r9     = '[B'
  # parm3:    rdi       = int
  # parm4:    rsi       = int
  # parm5:    rcx:rcx   = 'java/security/ProtectionDomain'
  # parm6:    [sp+0xa0]   = 'java/lang/String'  (sp of caller)
  0x00000148d50238c0: 448b 5208 | 49bb 0000 | 0080 4801 | 0000 4d03 | d349 3bc2 | 0f84 0600 

  0x00000148d50238d8: ;   {runtime_call ic_miss_stub}
  0x00000148d50238d8: 0000 e9a1 | b0a7 ff90 
[Verified Entry Point]
  0x00000148d50238e0: 8984 2400 | 80ff ff55 | 488b ec48 | 81ec 9000 | 0000 6690 | 4181 7f20 | 0100 0000 

  0x00000148d50238fc: ;   {runtime_call StubRoutines (final stubs)}
  0x00000148d50238fc: 7405 e87d | 24a6 ff48 | 837d 1000 | 488d 4510 | 480f 4445 | 1048 8944 | 2440 4889 | 4c24 7048 
  0x00000148d502391c: 83f9 0048 | 8d44 2470 | 480f 4444 | 2470 4889 | 4424 3848 | 8974 2430 | 4889 7c24 | 284c 894c 
  0x00000148d502393c: 2458 4983 | f900 488d | 4424 5848 | 0f44 4424 | 5848 8944 | 2420 4c89 | 4424 5049 | 83f8 004c 
  0x00000148d502395c: 8d4c 2450 | 4c0f 444c | 2450 4889 | 5424 4848 | 83fa 004c | 8d44 2448 | 4c0f 4444 

  0x00000148d5023978: ;   {oop(a 'java/lang/Class'{0x0000000713a01450} = 'java/lang/ClassLoader')}
  0x00000148d5023978: 2448 49be | 5014 a013 | 0700 0000 | 4c89 7424 | 784c 8d74 | 2478 498b | d6c5 f877 

  0x00000148d5023994: ;   {internal_word}
  0x00000148d5023994: 49ba 9139 | 02d5 4801 | 0000 4d89 | 97a0 0300 | 0049 89a7 | 9803 0000 

  0x00000148d50239ac: ;   {external_word}
  0x00000148d50239ac: 49ba e057 | b559 fb7f | 0000 4180 | 3a00 0f84 | 4e00 0000 | 5241 5041 

  0x00000148d50239c4: ;   {metadata({method} {0x000001488043ac80} 'defineClass1' '(Ljava/lang/ClassLoader;Ljava/lang/String;[BIILjava/security/ProtectionDomain;Ljava/lang/String;)Ljava/lang/Class;' in 'java/lang/ClassLoader')}
  0x00000148d50239c4: 5148 ba78 | ac43 8048 | 0100 0049 | 8bcf 4883 | ec20 40f6 | c40f 0f84 | 1900 0000 | 4883 ec08 
  0x00000148d50239e4: ;   {runtime_call}
  0x00000148d50239e4: 48b8 8005 | 6659 fb7f | 0000 ffd0 | 4883 c408 | e90c 0000 

  0x00000148d50239f8: ;   {runtime_call}
  0x00000148d50239f8: 0048 b880 | 0566 59fb | 7f00 00ff | d048 83c4 | 2041 5941 | 585a 498d | 8fb8 0300 | 0041 c787 
  0x00000148d5023a18: 4404 0000 | 0400 0000 

  0x00000148d5023a20: ;   {runtime_call}
  0x00000148d5023a20: 48b8 ac16 | 5a81 fb7f | 0000 ffd0 | c5f8 7741 | c787 4404 | 0000 0500 | 0000 f083 | 4424 c000 
  0x00000148d5023a40: 493b af48 | 0400 000f | 870e 0000 | 0041 83bf | 4004 0000 | 000f 842b | 0000 00c5 | f877 4889 
  0x00000148d5023a60: 45f8 498b | cf4c 8be4 | 4883 ec20 | 4883 e4f0 

  0x00000148d5023a70: ;   {runtime_call}
  0x00000148d5023a70: 48b8 f0b2 | 3159 fb7f | 0000 ffd0 | 498b e44d | 33e4 488b | 45f8 41c7 | 8744 0400 | 0008 0000 
  0x00000148d5023a90: 0041 83bf | c004 0000 | 020f 84a3 

  0x00000148d5023a9c: ;   {external_word}
  0x00000148d5023a9c: 0300 0049 | bae0 57b5 | 59fb 7f00 | 0041 803a | 000f 844c | 0000 0048 

  0x00000148d5023ab4: ;   {metadata({method} {0x000001488043ac80} 'defineClass1' '(Ljava/lang/ClassLoader;Ljava/lang/String;[BIILjava/security/ProtectionDomain;Ljava/lang/String;)Ljava/lang/Class;' in 'java/lang/ClassLoader')}
  0x00000148d5023ab4: 8945 f848 | ba78 ac43 | 8048 0100 | 0049 8bcf | 4883 ec20 | 40f6 c40f | 0f84 1900 | 0000 4883 
  0x00000148d5023ad4: ;   {runtime_call}
  0x00000148d5023ad4: ec08 48b8 | 8005 6659 | fb7f 0000 | ffd0 4883 | c408 e90c 

  0x00000148d5023ae8: ;   {runtime_call}
  0x00000148d5023ae8: 0000 0048 | b880 0566 | 59fb 7f00 | 00ff d048 | 83c4 2048 | 8b45 f849 | c787 9803 | 0000 0000 
  0x00000148d5023b08: 0000 49c7 | 87a0 0300 | 0000 0000 | 00c5 f877 | 4885 c00f | 84fe 0200 | 00a8 030f | 8508 0000 
  0x00000148d5023b28: 0048 8b00 | e9ee 0200 | 00a8 010f | 8509 0000 | 0048 8b40 | fee9 dd02 | 0000 488b | 40ff 4180 
  0x00000148d5023b48: 7f40 000f | 84ce 0200 | 0048 83f8 | 000f 84c4 | 0200 0049 | 8b4f 2848 | 83f9 000f | 8414 0000 
  0x00000148d5023b68: 0048 83e9 | 0849 894f | 2849 034f | 3848 8901 | e9a2 0200 | 0048 81ec | 5001 0000 | 4889 0424 
  0x00000148d5023b88: 4889 4c24 | 0848 8954 | 2410 4889 | 7424 1848 | 897c 2420 | 4c89 4424 | 284c 894c | 2430 4c89 
  0x00000148d5023ba8: 5424 384c | 895c 2440 | c5fb 1144 | 2450 c5fb | 114c 2458 | c5fb 1154 | 2460 c5fb | 115c 2468 
  0x00000148d5023bc8: c5fb 1164 | 2470 c5fb | 116c 2478 | c5fb 11b4 | 2480 0000 | 00c5 fb11 | bc24 8800 | 0000 c57b 
  0x00000148d5023be8: ;   {no_reloc}
  0x00000148d5023be8: 1184 2490 | 0000 00c5 | 7b11 8c24 | 9800 0000 | c57b 1194 | 24a0 0000 | 00c5 7b11 | 9c24 a800 
  0x00000148d5023c08: 0000 c57b | 11a4 24b0 | 0000 00c5 | 7b11 ac24 | b800 0000 | c57b 11b4 | 24c0 0000 | 00c5 7b11 
  0x00000148d5023c28: bc24 c800 | 0000 62e1 | ff08 1144 | 241a 62e1 | ff08 114c | 241b 62e1 | ff08 1154 | 241c 62e1 
  0x00000148d5023c48: ff08 115c | 241d 62e1 | ff08 1164 | 241e 62e1 | ff08 116c | 241f 62e1 | ff08 1174 | 2420 62e1 
  0x00000148d5023c68: ff08 117c | 2421 6261 | ff08 1144 | 2422 6261 | ff08 114c | 2423 6261 | ff08 1154 | 2424 6261 
  0x00000148d5023c88: ff08 115c | 2425 6261 | ff08 1164 | 2426 6261 | ff08 116c | 2427 6261 | ff08 1174 | 2428 6261 
  0x00000148d5023ca8: ff08 117c | 2429 498b | d748 8bc8 | 4883 ec20 | 40f6 c40f | 0f84 1900 | 0000 4883 

  0x00000148d5023cc4: ;   {runtime_call}
  0x00000148d5023cc4: ec08 48b8 | 90f1 2459 | fb7f 0000 | ffd0 4883 | c408 e90c 

  0x00000148d5023cd8: ;   {runtime_call}
  0x00000148d5023cd8: 0000 0048 | b890 f124 | 59fb 7f00 | 00ff d048 | 83c4 2062 | 61ff 0810 | 7c24 2962 | 61ff 0810 
  0x00000148d5023cf8: 7424 2862 | 61ff 0810 | 6c24 2762 | 61ff 0810 | 6424 2662 | 61ff 0810 | 5c24 2562 | 61ff 0810 
  0x00000148d5023d18: 5424 2462 | 61ff 0810 | 4c24 2362 | 61ff 0810 | 4424 2262 | e1ff 0810 | 7c24 2162 | e1ff 0810 
  0x00000148d5023d38: 7424 2062 | e1ff 0810 | 6c24 1f62 | e1ff 0810 | 6424 1e62 | e1ff 0810 | 5c24 1d62 | e1ff 0810 
  0x00000148d5023d58: 5424 1c62 | e1ff 0810 | 4c24 1b62 | e1ff 0810 | 4424 1ac5 | 7b10 bc24 | c800 0000 | c57b 10b4 
  0x00000148d5023d78: 24c0 0000 | 00c5 7b10 | ac24 b800 | 0000 c57b | 10a4 24b0 | 0000 00c5 | 7b10 9c24 | a800 0000 
  0x00000148d5023d98: c57b 1094 | 24a0 0000 | 00c5 7b10 | 8c24 9800 | 0000 c57b | 1084 2490 | 0000 00c5 | fb10 bc24 
  0x00000148d5023db8: 8800 0000 | c5fb 10b4 | 2480 0000 | 00c5 fb10 | 6c24 78c5 | fb10 6424 | 70c5 fb10 | 5c24 68c5 
  0x00000148d5023dd8: ;   {no_reloc}
  0x00000148d5023dd8: fb10 5424 | 60c5 fb10 | 4c24 58c5 | fb10 4424 | 504c 8b5c | 2440 4c8b | 5424 384c | 8b4c 2430 
  0x00000148d5023df8: 4c8b 4424 | 2848 8b7c | 2420 488b | 7424 1848 | 8b54 2410 | 488b 4c24 | 0848 8b04 | 2448 81c4 
  0x00000148d5023e18: 5001 0000 | c5f8 7749 | 8b8f 2804 | 0000 c781 | 0001 0000 | 0000 0000 | c949 837f | 0800 0f85 
  0x00000148d5023e38: 0100 0000 

  0x00000148d5023e3c: ;   {runtime_call StubRoutines (initial stubs)}
  0x00000148d5023e3c: c3e9 bed0 | a2ff c5f8 | 7748 8945 | f84c 8be4 | 4883 ec20 | 4883 e4f0 

  0x00000148d5023e54: ;   {runtime_call}
  0x00000148d5023e54: 48b8 703d | 6659 fb7f | 0000 ffd0 | 498b e44d | 33e4 488b | 45f8 e930 | fcff fff4 
[/MachCode]


Compiled method (c1)   86593  639       3       java.security.AccessController::executePrivileged (65 bytes)
 total in heap  [0x00000148cd614310,0x00000148cd614908] = 1528
 relocation     [0x00000148cd614470,0x00000148cd6144d8] = 104
 main code      [0x00000148cd6144e0,0x00000148cd614790] = 688
 stub code      [0x00000148cd614790,0x00000148cd6147e8] = 88
 metadata       [0x00000148cd6147e8,0x00000148cd6147f8] = 16
 scopes data    [0x00000148cd6147f8,0x00000148cd614870] = 120
 scopes pcs     [0x00000148cd614870,0x00000148cd6148f0] = 128
 dependencies   [0x00000148cd6148f0,0x00000148cd6148f8] = 8
 nul chk table  [0x00000148cd6148f8,0x00000148cd614908] = 16

[Constant Pool (empty)]

[MachCode]
[Verified Entry Point]
  # {method} {0x0000014880476778} 'executePrivileged' '(Ljava/security/PrivilegedExceptionAction;Ljava/security/AccessControlContext;Ljava/lang/Class;)Ljava/lang/Object;' in 'java/security/AccessController'
  # parm0:    rdx:rdx   = 'java/security/PrivilegedExceptionAction'
  # parm1:    r8:r8     = 'java/security/AccessControlContext'
  # parm2:    r9:r9     = 'java/lang/Class'
  #           [sp+0x50]  (sp of caller)
  0x00000148cd6144e0: 8984 2400 | 80ff ff55 | 4883 ec40 | 4181 7f20 | 0100 0000 

  0x00000148cd6144f4: ;   {runtime_call StubRoutines (final stubs)}
  0x00000148cd6144f4: 7405 e885 | 1847 074c | 8944 2430 

  0x00000148cd614500: ;   {metadata(method data for {method} {0x0000014880476778} 'executePrivileged' '(Ljava/security/PrivilegedExceptionAction;Ljava/security/AccessControlContext;Ljava/lang/Class;)Ljava/lang/Object;' in 'java/security/AccessController')}
  0x00000148cd614500: 48be 0093 | 18e5 4801 | 0000 8bbe | cc00 0000 | 83c7 0289 | becc 0000 | 0081 e7fe | 0700 0085 
  0x00000148cd614520: ff0f 84c7 | 0100 004d 

  0x00000148cd614528: ;   {metadata(method data for {method} {0x0000014880476778} 'executePrivileged' '(Ljava/security/PrivilegedExceptionAction;Ljava/security/AccessControlContext;Ljava/lang/Class;)Ljava/lang/Object;' in 'java/security/AccessController')}
  0x00000148cd614528: 85c0 48be | 0093 18e5 | 4801 0000 | 48bf 1001 | 0000 0000 | 0000 740a | 48bf 2001 | 0000 0000 
  0x00000148cd614548: 0000 488b | 1c3e 488d | 5b01 4889 | 1c3e 4c89 | 4c24 2848 | 8954 2420 | 0f84 2600 

  0x00000148cd614564: ;   {metadata(method data for {method} {0x0000014880476778} 'executePrivileged' '(Ljava/security/PrivilegedExceptionAction;Ljava/security/AccessControlContext;Ljava/lang/Class;)Ljava/lang/Object;' in 'java/security/AccessController')}
  0x00000148cd614564: 0000 48be | 0093 18e5 | 4801 0000 | 4883 8630 | 0100 0001 | 498b d00f 

  0x00000148cd61457c: ;   {static_call}
  0x00000148cd61457c: 1f40 00e8 

  0x00000148cd614580: ; ImmutableOopMap {[32]=Oop [40]=Oop [48]=Oop }
                      ;*invokestatic ensureMaterializedForStackWalk {reexecute=0 rethrow=0 return_oop=0}
                      ; - java.security.AccessController::executePrivileged@5 (line 805)
  0x00000148cd614580: dc81 a007 

  0x00000148cd614584: ;   {other}
  0x00000148cd614584: 0f1f 8400 | 7402 0000 

  0x00000148cd61458c: ;   {metadata(method data for {method} {0x0000014880476778} 'executePrivileged' '(Ljava/security/PrivilegedExceptionAction;Ljava/security/AccessControlContext;Ljava/lang/Class;)Ljava/lang/Object;' in 'java/security/AccessController')}
  0x00000148cd61458c: 48ba 0093 | 18e5 4801 | 0000 ff82 | 4001 0000 | 488b 5424 | 2048 3b02 

  0x00000148cd6145a4: ;   {metadata(method data for {method} {0x0000014880476778} 'executePrivileged' '(Ljava/security/PrivilegedExceptionAction;Ljava/security/AccessControlContext;Ljava/lang/Class;)Ljava/lang/Object;' in 'java/security/AccessController')}
  0x00000148cd6145a4: 488b f248 | bf00 9318 | e548 0100 | 008b 7608 | 49ba 0000 | 0080 4801 | 0000 4903 | f248 3bb7 
  0x00000148cd6145c4: b001 0000 | 750d 4883 | 87b8 0100 | 0001 e960 | 0000 0048 | 3bb7 c001 | 0000 750d | 4883 87c8 
  0x00000148cd6145e4: 0100 0001 | e94a 0000 | 0048 83bf | b001 0000 | 0075 1748 | 89b7 b001 | 0000 48c7 | 87b8 0100 
  0x00000148cd614604: 0001 0000 | 00e9 2900 | 0000 4883 | bfc0 0100 | 0000 7517 | 4889 b7c0 | 0100 0048 | c787 c801 
  0x00000148cd614624: 0000 0100 | 0000 e908 | 0000 0048 | 8387 a001 | 0000 0166 | 0f1f 4400 | 0048 b8ff | ffff ffff 
  0x00000148cd614644: ;   {virtual_call}
  0x00000148cd614644: ffff ffe8 

  0x00000148cd614648: ; ImmutableOopMap {[40]=Oop [48]=Oop }
                      ;*invokeinterface run {reexecute=0 rethrow=0 return_oop=0}
                      ; - java.security.AccessController::executePrivileged@29 (line 809)
  0x00000148cd614648: 9470 4807 

  0x00000148cd61464c: ;   {other}
  0x00000148cd61464c: 0f1f 8400 | 3c03 0001 

  0x00000148cd614654: ;   {metadata(method data for {method} {0x0000014880476778} 'executePrivileged' '(Ljava/security/PrivilegedExceptionAction;Ljava/security/AccessControlContext;Ljava/lang/Class;)Ljava/lang/Object;' in 'java/security/AccessController')}
  0x00000148cd614654: 48be 0093 | 18e5 4801 | 0000 ff86 | d801 0000 | 4c8b 4c24 

  0x00000148cd614668: ;   {metadata(method data for {method} {0x0000014880476778} 'executePrivileged' '(Ljava/security/PrivilegedExceptionAction;Ljava/security/AccessControlContext;Ljava/lang/Class;)Ljava/lang/Object;' in 'java/security/AccessController')}
  0x00000148cd614668: 2848 be00 | 9318 e548 | 0100 0048 | 8386 3802 

  0x00000148cd614678: ;   {metadata(method data for {method} {0x000001488003d000} 'reachabilityFence' '(Ljava/lang/Object;)V' in 'java/lang/ref/Reference')}
  0x00000148cd614678: 0000 0148 | bee0 a60d | e548 0100 | 008b becc | 0000 0083 | c702 89be | cc00 0000 | 81e7 feff 
  0x00000148cd614698: 1f00 85ff | 0f84 7200 

  0x00000148cd6146a0: ;   {metadata(method data for {method} {0x0000014880476778} 'executePrivileged' '(Ljava/security/PrivilegedExceptionAction;Ljava/security/AccessControlContext;Ljava/lang/Class;)Ljava/lang/Object;' in 'java/security/AccessController')}
  0x00000148cd6146a0: 0000 48be | 0093 18e5 | 4801 0000 | 4883 8648 | 0200 0001 

  0x00000148cd6146b4: ;   {metadata(method data for {method} {0x000001488003d000} 'reachabilityFence' '(Ljava/lang/Object;)V' in 'java/lang/ref/Reference')}
  0x00000148cd6146b4: 48be e0a6 | 0de5 4801 | 0000 8bbe | cc00 0000 | 83c7 0289 | becc 0000 | 0081 e7fe | ff1f 0085 
  0x00000148cd6146d4: ff0f 845a | 0000 0048 | 83c4 405d 

  0x00000148cd6146e0: ;   {poll_return}
  0x00000148cd6146e0: 493b a748 | 0400 000f | 8766 0000 

  0x00000148cd6146ec: ;   {metadata({method} {0x0000014880476778} 'executePrivileged' '(Ljava/security/PrivilegedExceptionAction;Ljava/security/AccessControlContext;Ljava/lang/Class;)Ljava/lang/Object;' in 'java/security/AccessController')}
  0x00000148cd6146ec: 00c3 49ba | 7067 4780 | 4801 0000 | 4c89 5424 | 0848 c704 | 24ff ffff 

  0x00000148cd614704: ;   {runtime_call counter_overflow Runtime1 stub}
  0x00000148cd614704: ffe8 f68d 

  0x00000148cd614708: ; ImmutableOopMap {rdx=Oop r8=Oop r9=Oop [48]=Oop }
                      ;*synchronization entry
                      ; - java.security.AccessController::executePrivileged@-1 (line 804)
  0x00000148cd614708: 5807 e918 

  0x00000148cd61470c: ;   {runtime_call throw_null_pointer_exception Runtime1 stub}
  0x00000148cd61470c: feff ffe8 

  0x00000148cd614710: ; ImmutableOopMap {rdx=Oop [40]=Oop [48]=Oop }
                      ;*invokeinterface run {reexecute=0 rethrow=0 return_oop=0}
                      ; - java.security.AccessController::executePrivileged@29 (line 809)
  0x00000148cd614710: 8c30 4f07 

  0x00000148cd614714: ;   {metadata({method} {0x000001488003d000} 'reachabilityFence' '(Ljava/lang/Object;)V' in 'java/lang/ref/Reference')}
  0x00000148cd614714: 49ba f8cf | 0380 4801 | 0000 4c89 | 5424 0848 | c704 24ff 

  0x00000148cd614728: ;   {runtime_call counter_overflow Runtime1 stub}
  0x00000148cd614728: ffff ffe8 

  0x00000148cd61472c: ; ImmutableOopMap {rax=Oop r9=Oop }
                      ;*synchronization entry
                      ; - java.lang.ref.Reference::reachabilityFence@-1 (line 628)
                      ; - java.security.AccessController::executePrivileged@56 (line 814)
  0x00000148cd61472c: d08d 5807 | e96d ffff 

  0x00000148cd614734: ;   {metadata({method} {0x000001488003d000} 'reachabilityFence' '(Ljava/lang/Object;)V' in 'java/lang/ref/Reference')}
  0x00000148cd614734: ff49 baf8 | cf03 8048 | 0100 004c | 8954 2408 | 48c7 0424 | ffff ffff 

  0x00000148cd61474c: ;   {runtime_call counter_overflow Runtime1 stub}
  0x00000148cd61474c: e8af 8d58 

  0x00000148cd614750: ; ImmutableOopMap {rax=Oop }
                      ;*synchronization entry
                      ; - java.lang.ref.Reference::reachabilityFence@-1 (line 628)
                      ; - java.security.AccessController::executePrivileged@60 (line 815)
                      ;   {internal_word}
  0x00000148cd614750: 07eb 8849 | bae0 4661 | cd48 0100 | 004d 8997 | 6004 0000 

  0x00000148cd614764: ;   {runtime_call SafepointBlob}
  0x00000148cd614764: e917 2449 | 0749 8b87 | f804 0000 | 49c7 87f8 | 0400 0000 | 0000 0049 | c787 0005 | 0000 0000 
  0x00000148cd614784: 0000 4883 

  0x00000148cd614788: ;   {runtime_call unwind_exception Runtime1 stub}
  0x00000148cd614788: c440 5de9 | f03e 4f07 
[Stub Code]
  0x00000148cd614790: ;   {no_reloc}
  0x00000148cd614790: 0f1f 4400 

  0x00000148cd614794: ;   {static_stub}
  0x00000148cd614794: 0048 bb00 | 0000 0000 

  0x00000148cd61479c: ;   {runtime_call}
  0x00000148cd61479c: 0000 00e9 | fbff ffff 

  0x00000148cd6147a4: ;   {static_stub}
  0x00000148cd6147a4: 48bb 0000 | 0000 0000 

  0x00000148cd6147ac: ;   {runtime_call}
  0x00000148cd6147ac: 0000 e9fb 

  0x00000148cd6147b0: ;   {runtime_call handle_exception_from_callee Runtime1 stub}
  0x00000148cd6147b0: ffff ffe8 | c850 5807 

  0x00000148cd6147b8: ;   {external_word}
  0x00000148cd6147b8: 48b9 a046 | 8d59 fb7f | 0000 4883 

  0x00000148cd6147c4: ;   {runtime_call}
  0x00000148cd6147c4: e4f0 48b8 | b028 5559 | fb7f 0000 

  0x00000148cd6147d0: ;   {section_word}
  0x00000148cd6147d0: ffd0 f449 | bad3 4761 | cd48 0100 

  0x00000148cd6147dc: ;   {runtime_call DeoptimizationBlob}
  0x00000148cd6147dc: 0041 52e9 | 3c38 4907 | f4f4 f4f4 
[/MachCode]


Compiled method (c1)   86604  638   !   3       org.codehaus.plexus.classworlds.realm.ClassRealm::loadClass (33 bytes)
 total in heap  [0x00000148cd613d10,0x00000148cd6142d8] = 1480
 relocation     [0x00000148cd613e70,0x00000148cd613ed8] = 104
 main code      [0x00000148cd613ee0,0x00000148cd614130] = 592
 stub code      [0x00000148cd614130,0x00000148cd614188] = 88
 oops           [0x00000148cd614188,0x00000148cd614190] = 8
 metadata       [0x00000148cd614190,0x00000148cd6141c8] = 56
 scopes data    [0x00000148cd6141c8,0x00000148cd614220] = 88
 scopes pcs     [0x00000148cd614220,0x00000148cd6142a0] = 128
 dependencies   [0x00000148cd6142a0,0x00000148cd6142b0] = 16
 handler table  [0x00000148cd6142b0,0x00000148cd6142c8] = 24
 nul chk table  [0x00000148cd6142c8,0x00000148cd6142d8] = 16

[Constant Pool (empty)]

[MachCode]
[Entry Point]
  # {method} {0x00000148e540c1e0} 'loadClass' '(Ljava/lang/String;Z)Ljava/lang/Class;' in 'org/codehaus/plexus/classworlds/realm/ClassRealm'
  # this:     rdx:rdx   = 'org/codehaus/plexus/classworlds/realm/ClassRealm'
  # parm0:    r8:r8     = 'java/lang/String'
  # parm1:    r9        = boolean
  #           [sp+0x70]  (sp of caller)
  0x00000148cd613ee0: 448b 5208 | 49bb 0000 | 0080 4801 | 0000 4d03 | d34c 3bd0 

  0x00000148cd613ef4: ;   {runtime_call ic_miss_stub}
  0x00000148cd613ef4: 0f85 86aa | 4807 660f | 1f44 0000 
[Verified Entry Point]
  0x00000148cd613f00: 8984 2400 | 80ff ff55 | 4883 ec60 | 4181 7f20 | 0100 0000 

  0x00000148cd613f14: ;   {runtime_call StubRoutines (final stubs)}
  0x00000148cd613f14: 7405 e865 

  0x00000148cd613f18: ;   {metadata(method data for {method} {0x00000148e540c1e0} 'loadClass' '(Ljava/lang/String;Z)Ljava/lang/Class;' in 'org/codehaus/plexus/classworlds/realm/ClassRealm')}
  0x00000148cd613f18: 1e47 0748 | bee8 9941 | e548 0100 | 008b becc | 0000 0083 | c702 89be | cc00 0000 | 81e7 fe07 
  0x00000148cd613f38: 0000 85ff | 0f84 3d01 

  0x00000148cd613f40: ;   {metadata(method data for {method} {0x00000148e540c1e0} 'loadClass' '(Ljava/lang/String;Z)Ljava/lang/Class;' in 'org/codehaus/plexus/classworlds/realm/ClassRealm')}
  0x00000148cd613f40: 0000 48be | e899 41e5 | 4801 0000 | ff86 2001 | 0000 488b 

  0x00000148cd613f54: ;   {metadata(method data for {method} {0x00000148e540c1e0} 'loadClass' '(Ljava/lang/String;Z)Ljava/lang/Class;' in 'org/codehaus/plexus/classworlds/realm/ClassRealm')}
  0x00000148cd613f54: f248 bfe8 | 9941 e548 | 0100 0048 | 8387 3001 

  0x00000148cd613f64: ;   {metadata(method data for {method} {0x00000148e540c2f0} 'unsynchronizedLoadClass' '(Ljava/lang/String;Z)Ljava/lang/Class;' in 'org/codehaus/plexus/classworlds/realm/ClassRealm')}
  0x00000148cd613f64: 0000 0148 | be78 9b41 | e548 0100 | 008b becc | 0000 0083 | c702 89be | cc00 0000 | 81e7 feff 
  0x00000148cd613f84: 1f00 85ff | 0f84 1201 | 0000 488b 

  0x00000148cd613f90: ;   {metadata(method data for {method} {0x00000148e540c2f0} 'unsynchronizedLoadClass' '(Ljava/lang/String;Z)Ljava/lang/Class;' in 'org/codehaus/plexus/classworlds/realm/ClassRealm')}
  0x00000148cd613f90: f248 bf78 | 9b41 e548 | 0100 0048 | 8387 1001 | 0000 0149 | 8bf0 4c8b | c648 8bfa | 488b d748 
  0x00000148cd613fb0: 8974 2448 | 4889 7c24 | 4066 0f1f 

  0x00000148cd613fbc: ;   {optimized virtual_call}
  0x00000148cd613fbc: 4400 00e8 

  0x00000148cd613fc0: ; ImmutableOopMap {[64]=Oop [72]=Oop }
                      ;*invokespecial loadClass {reexecute=0 rethrow=0 return_oop=0}
                      ; - org.codehaus.plexus.classworlds.realm.ClassRealm::unsynchronizedLoadClass@3 (line 222)
                      ; - org.codehaus.plexus.classworlds.realm.ClassRealm::loadClass@9 (line 210)
  0x00000148cd613fc0: 7101 0000 

  0x00000148cd613fc4: ;   {other}
  0x00000148cd613fc4: 0f1f 8400 | b402 0000 | 4883 c460 

  0x00000148cd613fd0: ;   {poll_return}
  0x00000148cd613fd0: 5d49 3ba7 | 4804 0000 | 0f87 e300 | 0000 c349 | 8b87 f804 | 0000 4d33 | d24d 8997 | f804 0000 
  0x00000148cd613ff0: 4d33 d24d | 8997 0005 | 0000 8b52 | 7048 c1e2 | 0348 85d2 | 0f84 2900 

  0x00000148cd614008: ;   {metadata('org/codehaus/plexus/classworlds/strategy/SelfFirstStrategy')}
  0x00000148cd614008: 0000 48b8 | d875 0081 | 4801 0000 | 8b5a 0849 | ba00 0000 | 8048 0100 | 0049 03da | 483b 4340 
  0x00000148cd614028: 0f85 a900 | 0000 e900 | 0000 0048 | 8bf2 483b | 0248 8bf2 

  0x00000148cd61403c: ;   {metadata(method data for {method} {0x00000148e540c2f0} 'unsynchronizedLoadClass' '(Ljava/lang/String;Z)Ljava/lang/Class;' in 'org/codehaus/plexus/classworlds/realm/ClassRealm')}
  0x00000148cd61403c: 48bf 789b | 41e5 4801 

  0x00000148cd614044: ;   {metadata('org/codehaus/plexus/classworlds/strategy/SelfFirstStrategy')}
  0x00000148cd614044: 0000 49ba | d875 0081 | 4801 0000 | 4c89 9730 | 0100 0048 | 8387 3801 

  0x00000148cd61405c: ;   {optimized virtual_call}
  0x00000148cd61405c: 0000 01e8 

  0x00000148cd614060: ; ImmutableOopMap {}
                      ;*invokeinterface loadClass {reexecute=0 rethrow=0 return_oop=0}
                      ; - org.codehaus.plexus.classworlds.realm.ClassRealm::unsynchronizedLoadClass@13 (line 225)
                      ; - org.codehaus.plexus.classworlds.realm.ClassRealm::loadClass@9 (line 210)
  0x00000148cd614060: e100 0000 

  0x00000148cd614064: ;   {other}
  0x00000148cd614064: 0f1f 8400 | 5403 0001 | 4883 c460 

  0x00000148cd614070: ;   {poll_return}
  0x00000148cd614070: 5d49 3ba7 | 4804 0000 | 0f87 6300 

  0x00000148cd61407c: ;   {metadata({method} {0x00000148e540c1e0} 'loadClass' '(Ljava/lang/String;Z)Ljava/lang/Class;' in 'org/codehaus/plexus/classworlds/realm/ClassRealm')}
  0x00000148cd61407c: 0000 c349 | bad8 c140 | e548 0100 | 004c 8954 | 2408 48c7 | 0424 ffff 

  0x00000148cd614094: ;   {runtime_call counter_overflow Runtime1 stub}
  0x00000148cd614094: ffff e865 

  0x00000148cd614098: ; ImmutableOopMap {rdx=Oop r8=Oop }
                      ;*synchronization entry
                      ; - org.codehaus.plexus.classworlds.realm.ClassRealm::loadClass@-1 (line 209)
  0x00000148cd614098: 9458 07e9 | a2fe ffff 

  0x00000148cd6140a0: ;   {metadata({method} {0x00000148e540c2f0} 'unsynchronizedLoadClass' '(Ljava/lang/String;Z)Ljava/lang/Class;' in 'org/codehaus/plexus/classworlds/realm/ClassRealm')}
  0x00000148cd6140a0: 49ba e8c2 | 40e5 4801 | 0000 4c89 | 5424 0848 | c704 24ff 

  0x00000148cd6140b4: ;   {runtime_call counter_overflow Runtime1 stub}
  0x00000148cd6140b4: ffff ffe8 

  0x00000148cd6140b8: ; ImmutableOopMap {rdx=Oop r8=Oop }
                      ;*synchronization entry
                      ; - org.codehaus.plexus.classworlds.realm.ClassRealm::unsynchronizedLoadClass@-1 (line 222)
                      ; - org.codehaus.plexus.classworlds.realm.ClassRealm::loadClass@9 (line 210)
  0x00000148cd6140b8: 4494 5807 | e9cd feff 

  0x00000148cd6140c0: ;   {internal_word}
  0x00000148cd6140c0: ff49 bad1 | 3f61 cd48 | 0100 004d | 8997 6004 

  0x00000148cd6140d0: ;   {runtime_call SafepointBlob}
  0x00000148cd6140d0: 0000 e9a9 

  0x00000148cd6140d4: ;   {runtime_call throw_incompatible_class_change_error Runtime1 stub}
  0x00000148cd6140d4: 2a49 07e8 

  0x00000148cd6140d8: ; ImmutableOopMap {r8=Oop rdx=Oop }
                      ;*invokeinterface loadClass {reexecute=0 rethrow=0 return_oop=0}
                      ; - org.codehaus.plexus.classworlds.realm.ClassRealm::unsynchronizedLoadClass@13 (line 225)
                      ; - org.codehaus.plexus.classworlds.realm.ClassRealm::loadClass@9 (line 210)
  0x00000148cd6140d8: c460 5807 

  0x00000148cd6140dc: ;   {runtime_call throw_null_pointer_exception Runtime1 stub}
  0x00000148cd6140dc: e8bf 364f 

  0x00000148cd6140e0: ; ImmutableOopMap {r8=Oop rdx=Oop }
                      ;*invokeinterface loadClass {reexecute=0 rethrow=0 return_oop=0}
                      ; - org.codehaus.plexus.classworlds.realm.ClassRealm::unsynchronizedLoadClass@13 (line 225)
                      ; - org.codehaus.plexus.classworlds.realm.ClassRealm::loadClass@9 (line 210)
                      ;   {internal_word}
  0x00000148cd6140e0: 0749 ba71 | 4061 cd48 | 0100 004d | 8997 6004 

  0x00000148cd6140f0: ;   {runtime_call SafepointBlob}
  0x00000148cd6140f0: 0000 e989 | 2a49 074c | 8b44 2448 | 488b 5424 | 40e9 d9fe | ffff 498b | 87f8 0400 | 0049 c787 
  0x00000148cd614110: f804 0000 | 0000 0000 | 49c7 8700 | 0500 0000 | 0000 0048 | 83c4 605d 

  0x00000148cd614128: ;   {runtime_call unwind_exception Runtime1 stub}
  0x00000148cd614128: e953 454f | 07f4 f4f4 
[Stub Code]
  0x00000148cd614130: ;   {no_reloc}
  0x00000148cd614130: 0f1f 4400 

  0x00000148cd614134: ;   {static_stub}
  0x00000148cd614134: 0048 bb78 | 4001 8048 

  0x00000148cd61413c: ;   {runtime_call I2C/C2I adapters}
  0x00000148cd61413c: 0100 00e9 | 4739 4807 

  0x00000148cd614144: ;   {static_stub}
  0x00000148cd614144: 9048 bb60 | 0d41 e548 

  0x00000148cd61414c: ;   {runtime_call I2C/C2I adapters}
  0x00000148cd61414c: 0100 00e9 | b30d 4907 
[Exception Handler]
  0x00000148cd614154: ;   {runtime_call handle_exception_from_callee Runtime1 stub}
  0x00000148cd614154: e827 5758 

  0x00000148cd614158: ;   {external_word}
  0x00000148cd614158: 0748 b9a0 | 468d 59fb | 7f00 0048 

  0x00000148cd614164: ;   {runtime_call}
  0x00000148cd614164: 83e4 f048 | b8b0 2855 | 59fb 7f00 | 00ff d0f4 
[Deopt Handler Code]
  0x00000148cd614174: ;   {section_word}
  0x00000148cd614174: 49ba 7441 | 61cd 4801 | 0000 4152 

  0x00000148cd614180: ;   {runtime_call DeoptimizationBlob}
  0x00000148cd614180: e99b 3e49 | 07f4 f4f4 
[/MachCode]


---------------  P R O C E S S  ---------------

Threads class SMR info:
_java_thread_list=0x00000148e4a62d40, length=13, elements={
0x00000148c35a2510, 0x00000148e46c1e20, 0x00000148e46c6c30, 0x00000148e46c9790,
0x00000148e46cc1f0, 0x00000148e46ccc40, 0x00000148e46cd690, 0x00000148e46d0420,
0x00000148e46d6410, 0x00000148e469a340, 0x00000148e4a5b620, 0x00000148e4a5bc80,
0x00000148e4b2f990
}

Java Threads: ( => current thread )
=>0x00000148c35a2510 JavaThread "main"                              [_thread_in_vm, id=31484, stack(0x00000033e0500000,0x00000033e0600000) (1024K)]
  0x00000148e46c1e20 JavaThread "Reference Handler"          daemon [_thread_blocked, id=36492, stack(0x00000033e0d00000,0x00000033e0e00000) (1024K)]
  0x00000148e46c6c30 JavaThread "Finalizer"                  daemon [_thread_blocked, id=36496, stack(0x00000033e0e00000,0x00000033e0f00000) (1024K)]
  0x00000148e46c9790 JavaThread "Signal Dispatcher"          daemon [_thread_blocked, id=36500, stack(0x00000033e0f00000,0x00000033e1000000) (1024K)]
  0x00000148e46cc1f0 JavaThread "Attach Listener"            daemon [_thread_blocked, id=36504, stack(0x00000033e1000000,0x00000033e1100000) (1024K)]
  0x00000148e46ccc40 JavaThread "Service Thread"             daemon [_thread_blocked, id=36508, stack(0x00000033e1100000,0x00000033e1200000) (1024K)]
  0x00000148e46cd690 JavaThread "Monitor Deflation Thread"   daemon [_thread_blocked, id=36512, stack(0x00000033e1200000,0x00000033e1300000) (1024K)]
  0x00000148e46d0420 JavaThread "C2 CompilerThread0"         daemon [_thread_blocked, id=36516, stack(0x00000033e1300000,0x00000033e1400000) (1024K)]
  0x00000148e46d6410 JavaThread "C1 CompilerThread0"         daemon [_thread_blocked, id=36640, stack(0x00000033e1400000,0x00000033e1500000) (1024K)]
  0x00000148e469a340 JavaThread "Common-Cleaner"             daemon [_thread_blocked, id=37072, stack(0x00000033e1500000,0x00000033e1600000) (1024K)]
  0x00000148e4a5b620 JavaThread "Monitor Ctrl-Break"         daemon [_thread_in_native, id=39884, stack(0x00000033e1600000,0x00000033e1700000) (1024K)]
  0x00000148e4a5bc80 JavaThread "Notification Thread"        daemon [_thread_blocked, id=39888, stack(0x00000033e1700000,0x00000033e1800000) (1024K)]
  0x00000148e4b2f990 JavaThread "cleanup"                    daemon [_thread_blocked, id=24540, stack(0x00000033e0200000,0x00000033e0300000) (1024K)]
Total: 13

Other Threads:
  0x00000148e46a78c0 VMThread "VM Thread"                           [id=35652, stack(0x00000033e0c00000,0x00000033e0d00000) (1024K)] _threads_hazard_ptr=0x00000148e4a62d40
  0x00000148e46999b0 WatcherThread "VM Periodic Task Thread"        [id=35648, stack(0x00000033e0b00000,0x00000033e0c00000) (1024K)]
  0x00000148c360a770 WorkerThread "GC Thread#0"                     [id=34792, stack(0x00000033e0600000,0x00000033e0700000) (1024K)]
  0x00000148c361b260 ConcurrentGCThread "G1 Main Marker"            [id=34796, stack(0x00000033e0700000,0x00000033e0800000) (1024K)]
  0x00000148c361bc70 WorkerThread "G1 Conc#0"                       [id=34800, stack(0x00000033e0800000,0x00000033e0900000) (1024K)]
  0x00000148e4644600 ConcurrentGCThread "G1 Refine#0"               [id=34804, stack(0x00000033e0900000,0x00000033e0a00000) (1024K)]
  0x00000148e4644e20 ConcurrentGCThread "G1 Service"                [id=34808, stack(0x00000033e0a00000,0x00000033e0b00000) (1024K)]
Total: 7

Threads with active compile tasks:
C2 CompilerThread0    86614  635 %     4       java.util.jar.Manifest$FastInputStream::readLine @ 86 (296 bytes)
Total: 1

VM state: synchronizing (normal execution)

VM Mutex/Monitor currently owned by a thread:  ([mutex/lock_event])
[0x00007ffb59b6be18] Metaspace_lock - owner thread: 0x00000148c35a2510
[0x00007ffb59b6de98] Threads_lock - owner thread: 0x00000148e46a78c0

Heap address: 0x0000000704000000, size: 4032 MB, Compressed Oops mode: Zero based, Oop shift amount: 3

CDS archive(s) mapped at: [0x0000014880000000-0x0000014880c90000-0x0000014880c90000), size 13172736, SharedBaseAddress: 0x0000014880000000, ArchiveRelocationMode: 1.
Compressed class space mapped at: 0x0000014881000000-0x00000148c1000000, reserved size: 1073741824
Narrow klass base: 0x0000014880000000, Narrow klass shift: 0, Narrow klass range: 0x100000000

GC Precious Log:
 CardTable entry size: 512
 Card Set container configuration: InlinePtr #cards 4 size 8 Array Of Cards #cards 16 size 48 Howl #buckets 8 coarsen threshold 3686 Howl Bitmap #cards 512 size 80 coarsen threshold 460 Card regions per heap region 1 cards per card region 4096
 CPUs: 8 total, 8 available
 Memory: 16126M
 Large Page Support: Disabled
 NUMA Support: Disabled
 Compressed Oops: Enabled (Zero based)
 Heap Region Size: 2M
 Heap Min Capacity: 8M
 Heap Initial Capacity: 252M
 Heap Max Capacity: 4032M
 Pre-touch: Disabled
 Parallel Workers: 8
 Concurrent Workers: 2
 Concurrent Refinement Workers: 8
 Periodic GC: Disabled

Heap:
 garbage-first heap   total 258048K, used 6144K [0x0000000704000000, 0x0000000800000000)
  region size 2048K, 5 young (10240K), 0 survivors (0K)
 Metaspace       used 2769K, committed 2880K, reserved 1114112K
  class space    used 259K, committed 320K, reserved 1048576K

Heap Regions: E=young(eden), S=young(survivor), O=old, HS=humongous(starts), HC=humongous(continues), CS=collection set, F=free, TAMS=top-at-mark-start, PB=parsable bottom
|   0|0x0000000704000000, 0x0000000704000000, 0x0000000704200000|  0%| F|  |TAMS 0x0000000704000000| PB 0x0000000704000000| Untracked 
|   1|0x0000000704200000, 0x0000000704200000, 0x0000000704400000|  0%| F|  |TAMS 0x0000000704200000| PB 0x0000000704200000| Untracked 
|   2|0x0000000704400000, 0x0000000704400000, 0x0000000704600000|  0%| F|  |TAMS 0x0000000704400000| PB 0x0000000704400000| Untracked 
|   3|0x0000000704600000, 0x0000000704600000, 0x0000000704800000|  0%| F|  |TAMS 0x0000000704600000| PB 0x0000000704600000| Untracked 
|   4|0x0000000704800000, 0x0000000704800000, 0x0000000704a00000|  0%| F|  |TAMS 0x0000000704800000| PB 0x0000000704800000| Untracked 
|   5|0x0000000704a00000, 0x0000000704a00000, 0x0000000704c00000|  0%| F|  |TAMS 0x0000000704a00000| PB 0x0000000704a00000| Untracked 
|   6|0x0000000704c00000, 0x0000000704c00000, 0x0000000704e00000|  0%| F|  |TAMS 0x0000000704c00000| PB 0x0000000704c00000| Untracked 
|   7|0x0000000704e00000, 0x0000000704e00000, 0x0000000705000000|  0%| F|  |TAMS 0x0000000704e00000| PB 0x0000000704e00000| Untracked 
|   8|0x0000000705000000, 0x0000000705000000, 0x0000000705200000|  0%| F|  |TAMS 0x0000000705000000| PB 0x0000000705000000| Untracked 
|   9|0x0000000705200000, 0x0000000705200000, 0x0000000705400000|  0%| F|  |TAMS 0x0000000705200000| PB 0x0000000705200000| Untracked 
|  10|0x0000000705400000, 0x0000000705400000, 0x0000000705600000|  0%| F|  |TAMS 0x0000000705400000| PB 0x0000000705400000| Untracked 
|  11|0x0000000705600000, 0x0000000705600000, 0x0000000705800000|  0%| F|  |TAMS 0x0000000705600000| PB 0x0000000705600000| Untracked 
|  12|0x0000000705800000, 0x0000000705800000, 0x0000000705a00000|  0%| F|  |TAMS 0x0000000705800000| PB 0x0000000705800000| Untracked 
|  13|0x0000000705a00000, 0x0000000705a00000, 0x0000000705c00000|  0%| F|  |TAMS 0x0000000705a00000| PB 0x0000000705a00000| Untracked 
|  14|0x0000000705c00000, 0x0000000705c00000, 0x0000000705e00000|  0%| F|  |TAMS 0x0000000705c00000| PB 0x0000000705c00000| Untracked 
|  15|0x0000000705e00000, 0x0000000705e00000, 0x0000000706000000|  0%| F|  |TAMS 0x0000000705e00000| PB 0x0000000705e00000| Untracked 
|  16|0x0000000706000000, 0x0000000706000000, 0x0000000706200000|  0%| F|  |TAMS 0x0000000706000000| PB 0x0000000706000000| Untracked 
|  17|0x0000000706200000, 0x0000000706200000, 0x0000000706400000|  0%| F|  |TAMS 0x0000000706200000| PB 0x0000000706200000| Untracked 
|  18|0x0000000706400000, 0x0000000706400000, 0x0000000706600000|  0%| F|  |TAMS 0x0000000706400000| PB 0x0000000706400000| Untracked 
|  19|0x0000000706600000, 0x0000000706600000, 0x0000000706800000|  0%| F|  |TAMS 0x0000000706600000| PB 0x0000000706600000| Untracked 
|  20|0x0000000706800000, 0x0000000706800000, 0x0000000706a00000|  0%| F|  |TAMS 0x0000000706800000| PB 0x0000000706800000| Untracked 
|  21|0x0000000706a00000, 0x0000000706a00000, 0x0000000706c00000|  0%| F|  |TAMS 0x0000000706a00000| PB 0x0000000706a00000| Untracked 
|  22|0x0000000706c00000, 0x0000000706c00000, 0x0000000706e00000|  0%| F|  |TAMS 0x0000000706c00000| PB 0x0000000706c00000| Untracked 
|  23|0x0000000706e00000, 0x0000000706e00000, 0x0000000707000000|  0%| F|  |TAMS 0x0000000706e00000| PB 0x0000000706e00000| Untracked 
|  24|0x0000000707000000, 0x0000000707000000, 0x0000000707200000|  0%| F|  |TAMS 0x0000000707000000| PB 0x0000000707000000| Untracked 
|  25|0x0000000707200000, 0x0000000707200000, 0x0000000707400000|  0%| F|  |TAMS 0x0000000707200000| PB 0x0000000707200000| Untracked 
|  26|0x0000000707400000, 0x0000000707400000, 0x0000000707600000|  0%| F|  |TAMS 0x0000000707400000| PB 0x0000000707400000| Untracked 
|  27|0x0000000707600000, 0x0000000707600000, 0x0000000707800000|  0%| F|  |TAMS 0x0000000707600000| PB 0x0000000707600000| Untracked 
|  28|0x0000000707800000, 0x0000000707800000, 0x0000000707a00000|  0%| F|  |TAMS 0x0000000707800000| PB 0x0000000707800000| Untracked 
|  29|0x0000000707a00000, 0x0000000707a00000, 0x0000000707c00000|  0%| F|  |TAMS 0x0000000707a00000| PB 0x0000000707a00000| Untracked 
|  30|0x0000000707c00000, 0x0000000707c00000, 0x0000000707e00000|  0%| F|  |TAMS 0x0000000707c00000| PB 0x0000000707c00000| Untracked 
|  31|0x0000000707e00000, 0x0000000707e00000, 0x0000000708000000|  0%| F|  |TAMS 0x0000000707e00000| PB 0x0000000707e00000| Untracked 
|  32|0x0000000708000000, 0x0000000708000000, 0x0000000708200000|  0%| F|  |TAMS 0x0000000708000000| PB 0x0000000708000000| Untracked 
|  33|0x0000000708200000, 0x0000000708200000, 0x0000000708400000|  0%| F|  |TAMS 0x0000000708200000| PB 0x0000000708200000| Untracked 
|  34|0x0000000708400000, 0x0000000708400000, 0x0000000708600000|  0%| F|  |TAMS 0x0000000708400000| PB 0x0000000708400000| Untracked 
|  35|0x0000000708600000, 0x0000000708600000, 0x0000000708800000|  0%| F|  |TAMS 0x0000000708600000| PB 0x0000000708600000| Untracked 
|  36|0x0000000708800000, 0x0000000708800000, 0x0000000708a00000|  0%| F|  |TAMS 0x0000000708800000| PB 0x0000000708800000| Untracked 
|  37|0x0000000708a00000, 0x0000000708a00000, 0x0000000708c00000|  0%| F|  |TAMS 0x0000000708a00000| PB 0x0000000708a00000| Untracked 
|  38|0x0000000708c00000, 0x0000000708c00000, 0x0000000708e00000|  0%| F|  |TAMS 0x0000000708c00000| PB 0x0000000708c00000| Untracked 
|  39|0x0000000708e00000, 0x0000000708e00000, 0x0000000709000000|  0%| F|  |TAMS 0x0000000708e00000| PB 0x0000000708e00000| Untracked 
|  40|0x0000000709000000, 0x0000000709000000, 0x0000000709200000|  0%| F|  |TAMS 0x0000000709000000| PB 0x0000000709000000| Untracked 
|  41|0x0000000709200000, 0x0000000709200000, 0x0000000709400000|  0%| F|  |TAMS 0x0000000709200000| PB 0x0000000709200000| Untracked 
|  42|0x0000000709400000, 0x0000000709400000, 0x0000000709600000|  0%| F|  |TAMS 0x0000000709400000| PB 0x0000000709400000| Untracked 
|  43|0x0000000709600000, 0x0000000709600000, 0x0000000709800000|  0%| F|  |TAMS 0x0000000709600000| PB 0x0000000709600000| Untracked 
|  44|0x0000000709800000, 0x0000000709800000, 0x0000000709a00000|  0%| F|  |TAMS 0x0000000709800000| PB 0x0000000709800000| Untracked 
|  45|0x0000000709a00000, 0x0000000709a00000, 0x0000000709c00000|  0%| F|  |TAMS 0x0000000709a00000| PB 0x0000000709a00000| Untracked 
|  46|0x0000000709c00000, 0x0000000709c00000, 0x0000000709e00000|  0%| F|  |TAMS 0x0000000709c00000| PB 0x0000000709c00000| Untracked 
|  47|0x0000000709e00000, 0x0000000709e00000, 0x000000070a000000|  0%| F|  |TAMS 0x0000000709e00000| PB 0x0000000709e00000| Untracked 
|  48|0x000000070a000000, 0x000000070a000000, 0x000000070a200000|  0%| F|  |TAMS 0x000000070a000000| PB 0x000000070a000000| Untracked 
|  49|0x000000070a200000, 0x000000070a200000, 0x000000070a400000|  0%| F|  |TAMS 0x000000070a200000| PB 0x000000070a200000| Untracked 
|  50|0x000000070a400000, 0x000000070a400000, 0x000000070a600000|  0%| F|  |TAMS 0x000000070a400000| PB 0x000000070a400000| Untracked 
|  51|0x000000070a600000, 0x000000070a600000, 0x000000070a800000|  0%| F|  |TAMS 0x000000070a600000| PB 0x000000070a600000| Untracked 
|  52|0x000000070a800000, 0x000000070a800000, 0x000000070aa00000|  0%| F|  |TAMS 0x000000070a800000| PB 0x000000070a800000| Untracked 
|  53|0x000000070aa00000, 0x000000070aa00000, 0x000000070ac00000|  0%| F|  |TAMS 0x000000070aa00000| PB 0x000000070aa00000| Untracked 
|  54|0x000000070ac00000, 0x000000070ac00000, 0x000000070ae00000|  0%| F|  |TAMS 0x000000070ac00000| PB 0x000000070ac00000| Untracked 
|  55|0x000000070ae00000, 0x000000070ae00000, 0x000000070b000000|  0%| F|  |TAMS 0x000000070ae00000| PB 0x000000070ae00000| Untracked 
|  56|0x000000070b000000, 0x000000070b000000, 0x000000070b200000|  0%| F|  |TAMS 0x000000070b000000| PB 0x000000070b000000| Untracked 
|  57|0x000000070b200000, 0x000000070b200000, 0x000000070b400000|  0%| F|  |TAMS 0x000000070b200000| PB 0x000000070b200000| Untracked 
|  58|0x000000070b400000, 0x000000070b400000, 0x000000070b600000|  0%| F|  |TAMS 0x000000070b400000| PB 0x000000070b400000| Untracked 
|  59|0x000000070b600000, 0x000000070b600000, 0x000000070b800000|  0%| F|  |TAMS 0x000000070b600000| PB 0x000000070b600000| Untracked 
|  60|0x000000070b800000, 0x000000070b800000, 0x000000070ba00000|  0%| F|  |TAMS 0x000000070b800000| PB 0x000000070b800000| Untracked 
|  61|0x000000070ba00000, 0x000000070ba00000, 0x000000070bc00000|  0%| F|  |TAMS 0x000000070ba00000| PB 0x000000070ba00000| Untracked 
|  62|0x000000070bc00000, 0x000000070bc00000, 0x000000070be00000|  0%| F|  |TAMS 0x000000070bc00000| PB 0x000000070bc00000| Untracked 
|  63|0x000000070be00000, 0x000000070be00000, 0x000000070c000000|  0%| F|  |TAMS 0x000000070be00000| PB 0x000000070be00000| Untracked 
|  64|0x000000070c000000, 0x000000070c000000, 0x000000070c200000|  0%| F|  |TAMS 0x000000070c000000| PB 0x000000070c000000| Untracked 
|  65|0x000000070c200000, 0x000000070c200000, 0x000000070c400000|  0%| F|  |TAMS 0x000000070c200000| PB 0x000000070c200000| Untracked 
|  66|0x000000070c400000, 0x000000070c400000, 0x000000070c600000|  0%| F|  |TAMS 0x000000070c400000| PB 0x000000070c400000| Untracked 
|  67|0x000000070c600000, 0x000000070c600000, 0x000000070c800000|  0%| F|  |TAMS 0x000000070c600000| PB 0x000000070c600000| Untracked 
|  68|0x000000070c800000, 0x000000070c800000, 0x000000070ca00000|  0%| F|  |TAMS 0x000000070c800000| PB 0x000000070c800000| Untracked 
|  69|0x000000070ca00000, 0x000000070ca00000, 0x000000070cc00000|  0%| F|  |TAMS 0x000000070ca00000| PB 0x000000070ca00000| Untracked 
|  70|0x000000070cc00000, 0x000000070cc00000, 0x000000070ce00000|  0%| F|  |TAMS 0x000000070cc00000| PB 0x000000070cc00000| Untracked 
|  71|0x000000070ce00000, 0x000000070ce00000, 0x000000070d000000|  0%| F|  |TAMS 0x000000070ce00000| PB 0x000000070ce00000| Untracked 
|  72|0x000000070d000000, 0x000000070d000000, 0x000000070d200000|  0%| F|  |TAMS 0x000000070d000000| PB 0x000000070d000000| Untracked 
|  73|0x000000070d200000, 0x000000070d200000, 0x000000070d400000|  0%| F|  |TAMS 0x000000070d200000| PB 0x000000070d200000| Untracked 
|  74|0x000000070d400000, 0x000000070d400000, 0x000000070d600000|  0%| F|  |TAMS 0x000000070d400000| PB 0x000000070d400000| Untracked 
|  75|0x000000070d600000, 0x000000070d600000, 0x000000070d800000|  0%| F|  |TAMS 0x000000070d600000| PB 0x000000070d600000| Untracked 
|  76|0x000000070d800000, 0x000000070d800000, 0x000000070da00000|  0%| F|  |TAMS 0x000000070d800000| PB 0x000000070d800000| Untracked 
|  77|0x000000070da00000, 0x000000070da00000, 0x000000070dc00000|  0%| F|  |TAMS 0x000000070da00000| PB 0x000000070da00000| Untracked 
|  78|0x000000070dc00000, 0x000000070dc00000, 0x000000070de00000|  0%| F|  |TAMS 0x000000070dc00000| PB 0x000000070dc00000| Untracked 
|  79|0x000000070de00000, 0x000000070de00000, 0x000000070e000000|  0%| F|  |TAMS 0x000000070de00000| PB 0x000000070de00000| Untracked 
|  80|0x000000070e000000, 0x000000070e000000, 0x000000070e200000|  0%| F|  |TAMS 0x000000070e000000| PB 0x000000070e000000| Untracked 
|  81|0x000000070e200000, 0x000000070e200000, 0x000000070e400000|  0%| F|  |TAMS 0x000000070e200000| PB 0x000000070e200000| Untracked 
|  82|0x000000070e400000, 0x000000070e400000, 0x000000070e600000|  0%| F|  |TAMS 0x000000070e400000| PB 0x000000070e400000| Untracked 
|  83|0x000000070e600000, 0x000000070e600000, 0x000000070e800000|  0%| F|  |TAMS 0x000000070e600000| PB 0x000000070e600000| Untracked 
|  84|0x000000070e800000, 0x000000070e800000, 0x000000070ea00000|  0%| F|  |TAMS 0x000000070e800000| PB 0x000000070e800000| Untracked 
|  85|0x000000070ea00000, 0x000000070ea00000, 0x000000070ec00000|  0%| F|  |TAMS 0x000000070ea00000| PB 0x000000070ea00000| Untracked 
|  86|0x000000070ec00000, 0x000000070ec00000, 0x000000070ee00000|  0%| F|  |TAMS 0x000000070ec00000| PB 0x000000070ec00000| Untracked 
|  87|0x000000070ee00000, 0x000000070ee00000, 0x000000070f000000|  0%| F|  |TAMS 0x000000070ee00000| PB 0x000000070ee00000| Untracked 
|  88|0x000000070f000000, 0x000000070f000000, 0x000000070f200000|  0%| F|  |TAMS 0x000000070f000000| PB 0x000000070f000000| Untracked 
|  89|0x000000070f200000, 0x000000070f200000, 0x000000070f400000|  0%| F|  |TAMS 0x000000070f200000| PB 0x000000070f200000| Untracked 
|  90|0x000000070f400000, 0x000000070f400000, 0x000000070f600000|  0%| F|  |TAMS 0x000000070f400000| PB 0x000000070f400000| Untracked 
|  91|0x000000070f600000, 0x000000070f600000, 0x000000070f800000|  0%| F|  |TAMS 0x000000070f600000| PB 0x000000070f600000| Untracked 
|  92|0x000000070f800000, 0x000000070f800000, 0x000000070fa00000|  0%| F|  |TAMS 0x000000070f800000| PB 0x000000070f800000| Untracked 
|  93|0x000000070fa00000, 0x000000070fa00000, 0x000000070fc00000|  0%| F|  |TAMS 0x000000070fa00000| PB 0x000000070fa00000| Untracked 
|  94|0x000000070fc00000, 0x000000070fc00000, 0x000000070fe00000|  0%| F|  |TAMS 0x000000070fc00000| PB 0x000000070fc00000| Untracked 
|  95|0x000000070fe00000, 0x000000070fe00000, 0x0000000710000000|  0%| F|  |TAMS 0x000000070fe00000| PB 0x000000070fe00000| Untracked 
|  96|0x0000000710000000, 0x0000000710000000, 0x0000000710200000|  0%| F|  |TAMS 0x0000000710000000| PB 0x0000000710000000| Untracked 
|  97|0x0000000710200000, 0x0000000710200000, 0x0000000710400000|  0%| F|  |TAMS 0x0000000710200000| PB 0x0000000710200000| Untracked 
|  98|0x0000000710400000, 0x0000000710400000, 0x0000000710600000|  0%| F|  |TAMS 0x0000000710400000| PB 0x0000000710400000| Untracked 
|  99|0x0000000710600000, 0x0000000710600000, 0x0000000710800000|  0%| F|  |TAMS 0x0000000710600000| PB 0x0000000710600000| Untracked 
| 100|0x0000000710800000, 0x0000000710800000, 0x0000000710a00000|  0%| F|  |TAMS 0x0000000710800000| PB 0x0000000710800000| Untracked 
| 101|0x0000000710a00000, 0x0000000710a00000, 0x0000000710c00000|  0%| F|  |TAMS 0x0000000710a00000| PB 0x0000000710a00000| Untracked 
| 102|0x0000000710c00000, 0x0000000710c00000, 0x0000000710e00000|  0%| F|  |TAMS 0x0000000710c00000| PB 0x0000000710c00000| Untracked 
| 103|0x0000000710e00000, 0x0000000710e00000, 0x0000000711000000|  0%| F|  |TAMS 0x0000000710e00000| PB 0x0000000710e00000| Untracked 
| 104|0x0000000711000000, 0x0000000711000000, 0x0000000711200000|  0%| F|  |TAMS 0x0000000711000000| PB 0x0000000711000000| Untracked 
| 105|0x0000000711200000, 0x0000000711200000, 0x0000000711400000|  0%| F|  |TAMS 0x0000000711200000| PB 0x0000000711200000| Untracked 
| 106|0x0000000711400000, 0x0000000711400000, 0x0000000711600000|  0%| F|  |TAMS 0x0000000711400000| PB 0x0000000711400000| Untracked 
| 107|0x0000000711600000, 0x0000000711600000, 0x0000000711800000|  0%| F|  |TAMS 0x0000000711600000| PB 0x0000000711600000| Untracked 
| 108|0x0000000711800000, 0x0000000711800000, 0x0000000711a00000|  0%| F|  |TAMS 0x0000000711800000| PB 0x0000000711800000| Untracked 
| 109|0x0000000711a00000, 0x0000000711a00000, 0x0000000711c00000|  0%| F|  |TAMS 0x0000000711a00000| PB 0x0000000711a00000| Untracked 
| 110|0x0000000711c00000, 0x0000000711c00000, 0x0000000711e00000|  0%| F|  |TAMS 0x0000000711c00000| PB 0x0000000711c00000| Untracked 
| 111|0x0000000711e00000, 0x0000000711e00000, 0x0000000712000000|  0%| F|  |TAMS 0x0000000711e00000| PB 0x0000000711e00000| Untracked 
| 112|0x0000000712000000, 0x0000000712000000, 0x0000000712200000|  0%| F|  |TAMS 0x0000000712000000| PB 0x0000000712000000| Untracked 
| 113|0x0000000712200000, 0x0000000712200000, 0x0000000712400000|  0%| F|  |TAMS 0x0000000712200000| PB 0x0000000712200000| Untracked 
| 114|0x0000000712400000, 0x0000000712400000, 0x0000000712600000|  0%| F|  |TAMS 0x0000000712400000| PB 0x0000000712400000| Untracked 
| 115|0x0000000712600000, 0x0000000712600000, 0x0000000712800000|  0%| F|  |TAMS 0x0000000712600000| PB 0x0000000712600000| Untracked 
| 116|0x0000000712800000, 0x0000000712800000, 0x0000000712a00000|  0%| F|  |TAMS 0x0000000712800000| PB 0x0000000712800000| Untracked 
| 117|0x0000000712a00000, 0x0000000712a00000, 0x0000000712c00000|  0%| F|  |TAMS 0x0000000712a00000| PB 0x0000000712a00000| Untracked 
| 118|0x0000000712c00000, 0x0000000712c00000, 0x0000000712e00000|  0%| F|  |TAMS 0x0000000712c00000| PB 0x0000000712c00000| Untracked 
| 119|0x0000000712e00000, 0x0000000712e00000, 0x0000000713000000|  0%| F|  |TAMS 0x0000000712e00000| PB 0x0000000712e00000| Untracked 
| 120|0x0000000713000000, 0x0000000713000000, 0x0000000713200000|  0%| F|  |TAMS 0x0000000713000000| PB 0x0000000713000000| Untracked 
| 121|0x0000000713200000, 0x00000007133e4608, 0x0000000713400000| 94%| E|  |TAMS 0x0000000713200000| PB 0x0000000713200000| Complete 
| 122|0x0000000713400000, 0x0000000713600000, 0x0000000713600000|100%| E|CS|TAMS 0x0000000713400000| PB 0x0000000713400000| Complete 
| 123|0x0000000713600000, 0x0000000713800000, 0x0000000713800000|100%| E|CS|TAMS 0x0000000713600000| PB 0x0000000713600000| Complete 
| 124|0x0000000713800000, 0x0000000713a00000, 0x0000000713a00000|100%| E|  |TAMS 0x0000000713800000| PB 0x0000000713800000| Complete 
| 125|0x0000000713a00000, 0x0000000713c00000, 0x0000000713c00000|100%| E|CS|TAMS 0x0000000713a00000| PB 0x0000000713a00000| Complete 

Card table byte_map: [0x00000148dd680000,0x00000148dde60000] _byte_map_base: 0x00000148d9e60000

Marking Bits: (CMBitMap*) 0x00000148c360ad80
 Bits: [0x00000148dde60000, 0x00000148e1d60000)

Polling page: 0x00000148c36a0000

Metaspace:

Usage:
  Non-class:      2.45 MB used.
      Class:    259.01 KB used.
       Both:      2.70 MB used.

Virtual space:
  Non-class space:       64.00 MB reserved,       2.50 MB (  4%) committed,  1 nodes.
      Class space:        1.00 GB reserved,     320.00 KB ( <1%) committed,  1 nodes.
             Both:        1.06 GB reserved,       2.81 MB ( <1%) committed. 

Chunk freelists:
   Non-Class:  11.05 MB
       Class:  15.62 MB
        Both:  26.67 MB

MaxMetaspaceSize: unlimited
CompressedClassSpaceSize: 1.00 GB
Initial GC threshold: 21.00 MB
Current GC threshold: 21.00 MB
CDS: on
 - commit_granule_bytes: 65536.
 - commit_granule_words: 8192.
 - virtual_space_node_default_size: 8388608.
 - enlarge_chunks_in_place: 1.
 - use_allocation_guard: 0.


Internal statistics:

num_allocs_failed_limit: 0.
num_arena_births: 44.
num_arena_deaths: 0.
num_vsnodes_births: 2.
num_vsnodes_deaths: 0.
num_space_committed: 45.
num_space_uncommitted: 0.
num_chunks_returned_to_freelist: 0.
num_chunks_taken_from_freelist: 101.
num_chunk_merges: 0.
num_chunk_splits: 66.
num_chunks_enlarged: 49.
num_inconsistent_stats: 0.

CodeHeap 'non-profiled nmethods': size=120000Kb used=220Kb max_used=220Kb free=119779Kb
 bounds [0x00000148d4ff0000, 0x00000148d5260000, 0x00000148dc520000]
CodeHeap 'profiled nmethods': size=120000Kb used=978Kb max_used=978Kb free=119021Kb
 bounds [0x00000148cd520000, 0x00000148cd790000, 0x00000148d4a50000]
CodeHeap 'non-nmethods': size=5760Kb used=1458Kb max_used=1473Kb free=4301Kb
 bounds [0x00000148d4a50000, 0x00000148d4cc0000, 0x00000148d4ff0000]
 total_blobs=1078 nmethods=637 adapters=346
 compilation: enabled
              stopped_count=0, restarted_count=0
 full_count=0

Compilation events (20 events):
Event: 84.277 Thread 0x00000148e46d6410  630       1       java.lang.invoke.LambdaForm$Name::type (5 bytes)
Event: 84.277 Thread 0x00000148e46d6410 nmethod 630 0x00000148d5026690 code [0x00000148d5026820, 0x00000148d50268f0]
Event: 84.278 Thread 0x00000148e46d0420 nmethod 618 0x00000148d5026990 code [0x00000148d5026b40, 0x00000148d50270f8]
Event: 84.282 Thread 0x00000148e46d6410  631       3       java.lang.Exception::<init> (7 bytes)
Event: 84.282 Thread 0x00000148e46d6410 nmethod 631 0x00000148cd610d10 code [0x00000148cd610ec0, 0x00000148cd610ff8]
Event: 84.282 Thread 0x00000148e46d6410  632       3       java.lang.Throwable::<init> (39 bytes)
Event: 84.282 Thread 0x00000148e46d6410 nmethod 632 0x00000148cd611090 code [0x00000148cd611260, 0x00000148cd6116b8]
Event: 84.283 Thread 0x00000148e46d6410  633       3       java.lang.ReflectiveOperationException::<init> (7 bytes)
Event: 84.283 Thread 0x00000148e46d6410 nmethod 633 0x00000148cd611790 code [0x00000148cd611940, 0x00000148cd611ad8]
Event: 84.283 Thread 0x00000148e46d6410  634       3       java.security.AccessController::checkContext (49 bytes)
Event: 84.284 Thread 0x00000148e46d6410 nmethod 634 0x00000148cd611b90 code [0x00000148cd611d40, 0x00000148cd611f18]
Event: 84.284 Thread 0x00000148e46d0420  635 %     4       java.util.jar.Manifest$FastInputStream::readLine @ 86 (296 bytes)
Event: 84.285 Thread 0x00000148e46d6410  636       3       sun.net.util.URLUtil::urlNoFragString (143 bytes)
Event: 84.286 Thread 0x00000148e46d6410 nmethod 636 0x00000148cd612010 code [0x00000148cd612340, 0x00000148cd613328]
Event: 84.286 Thread 0x00000148e46d6410  637       3       org.codehaus.plexus.classworlds.realm.ClassRealm::loadClass (7 bytes)
Event: 84.286 Thread 0x00000148e46d6410 nmethod 637 0x00000148cd613890 code [0x00000148cd613a40, 0x00000148cd613c08]
Event: 84.286 Thread 0x00000148e46d6410  638   !   3       org.codehaus.plexus.classworlds.realm.ClassRealm::loadClass (33 bytes)
Event: 84.287 Thread 0x00000148e46d6410 nmethod 638 0x00000148cd613d10 code [0x00000148cd613ee0, 0x00000148cd614188]
Event: 84.287 Thread 0x00000148e46d6410  639       3       java.security.AccessController::executePrivileged (65 bytes)
Event: 84.288 Thread 0x00000148e46d6410 nmethod 639 0x00000148cd614310 code [0x00000148cd6144e0, 0x00000148cd6147e8]

GC Heap History (0 events):
No events

Dll operation events (12 events):
Event: 7.374 Loaded shared library C:\Program Files\Java\jdk-21.0.6\bin\java.dll
Event: 13.328 Loaded shared library C:\Program Files\Java\jdk-21.0.6\bin\jsvml.dll
Event: 18.606 Loaded shared library C:\Program Files\Java\jdk-21.0.6\bin\zip.dll
Event: 18.885 Loaded shared library C:\Program Files\Java\jdk-21.0.6\bin\instrument.dll
Event: 18.891 Loaded shared library C:\Program Files\Java\jdk-21.0.6\bin\net.dll
Event: 18.894 Loaded shared library C:\Program Files\Java\jdk-21.0.6\bin\nio.dll
Event: 19.079 Loaded shared library C:\Program Files\Java\jdk-21.0.6\bin\zip.dll
Event: 24.363 Loaded shared library C:\Program Files\JetBrains\IntelliJ IDEA 2023.3.4\bin\breakgen64.dll
Event: 25.334 Loaded shared library C:\Program Files\Java\jdk-21.0.6\bin\extnet.dll
Event: 65.809 Loaded shared library C:\Program Files\Java\jdk-21.0.6\bin\jimage.dll
Event: 77.811 Loaded shared library C:\Users\DELL\AppData\Local\Temp\jansi-2.4.1-8b636c21b025b263-jansi.dll
Event: 77.834 Loaded shared library C:\Program Files\Java\jdk-21.0.6\bin\verify.dll

Deoptimization events (20 events):
Event: 64.871 Thread 0x00000148c35a2510 DEOPT PACKING pc=0x00000148d500bdcc sp=0x00000033e05fa580
Event: 64.871 Thread 0x00000148c35a2510 DEOPT UNPACKING pc=0x00000148d4aa7da2 sp=0x00000033e05fa520 mode 2
Event: 65.789 Thread 0x00000148c35a2510 DEOPT PACKING pc=0x00000148cd582d55 sp=0x00000033e05fcbf0
Event: 65.789 Thread 0x00000148c35a2510 DEOPT UNPACKING pc=0x00000148d4aa88e2 sp=0x00000033e05fc060 mode 0
Event: 82.597 Thread 0x00000148c35a2510 DEOPT PACKING pc=0x00000148cd54f9c0 sp=0x00000033e05fa7b0
Event: 82.597 Thread 0x00000148c35a2510 DEOPT UNPACKING pc=0x00000148d4aa88e2 sp=0x00000033e05f9c70 mode 0
Event: 83.661 Thread 0x00000148c35a2510 DEOPT PACKING pc=0x00000148cd58e377 sp=0x00000033e05fd970
Event: 83.661 Thread 0x00000148c35a2510 DEOPT UNPACKING pc=0x00000148d4aa88e2 sp=0x00000033e05fcdc0 mode 0
Event: 83.680 Thread 0x00000148c35a2510 DEOPT PACKING pc=0x00000148cd582d55 sp=0x00000033e05fe770
Event: 83.680 Thread 0x00000148c35a2510 DEOPT UNPACKING pc=0x00000148d4aa88e2 sp=0x00000033e05fdbe0 mode 0
Event: 83.691 Thread 0x00000148c35a2510 DEOPT PACKING pc=0x00000148cd582d55 sp=0x00000033e05fe2e0
Event: 83.691 Thread 0x00000148c35a2510 DEOPT UNPACKING pc=0x00000148d4aa88e2 sp=0x00000033e05fd768 mode 0
Event: 84.260 Thread 0x00000148c35a2510 Uncommon trap: trap_request=0xffffff45 fr.pc=0x00000148d5006a78 relative=0x0000000000000058
Event: 84.260 Thread 0x00000148c35a2510 Uncommon trap: reason=unstable_if action=reinterpret pc=0x00000148d5006a78 method=java.net.URI.match(CJJ)Z @ 19 c2
Event: 84.260 Thread 0x00000148c35a2510 DEOPT PACKING pc=0x00000148d5006a78 sp=0x00000033e05fe9e0
Event: 84.260 Thread 0x00000148c35a2510 DEOPT UNPACKING pc=0x00000148d4aa7da2 sp=0x00000033e05fe970 mode 2
Event: 84.261 Thread 0x00000148c35a2510 DEOPT PACKING pc=0x00000148cd58e377 sp=0x00000033e05fbe10
Event: 84.261 Thread 0x00000148c35a2510 DEOPT UNPACKING pc=0x00000148d4aa88e2 sp=0x00000033e05fb260 mode 0
Event: 84.282 Thread 0x00000148c35a2510 DEOPT PACKING pc=0x00000148cd582d55 sp=0x00000033e05fa1b0
Event: 84.282 Thread 0x00000148c35a2510 DEOPT UNPACKING pc=0x00000148d4aa88e2 sp=0x00000033e05f9620 mode 0

Classes loaded (20 events):
Event: 80.562 Loading class java/lang/InstantiationException
Event: 80.562 Loading class java/lang/InstantiationException done
Event: 82.602 Loading class java/util/StringTokenizer
Event: 82.603 Loading class java/util/StringTokenizer done
Event: 83.676 Loading class java/io/StringReader
Event: 83.676 Loading class java/io/StringReader done
Event: 83.677 Loading class java/util/regex/Pattern$BnM
Event: 83.677 Loading class java/util/regex/Pattern$BnM done
Event: 83.677 Loading class java/util/regex/Pattern$SliceS
Event: 83.677 Loading class java/util/regex/Pattern$SliceS done
Event: 83.678 Loading class java/text/MessageFormat
Event: 83.679 Loading class java/text/MessageFormat done
Event: 83.680 Loading class java/io/FileReader
Event: 83.680 Loading class java/io/FileReader done
Event: 83.684 Loading class java/io/EOFException
Event: 83.684 Loading class java/io/EOFException done
Event: 83.693 Loading class java/io/StringWriter
Event: 83.693 Loading class java/io/StringWriter done
Event: 84.259 Loading class java/util/ArrayList$ListItr
Event: 84.259 Loading class java/util/ArrayList$ListItr done

Classes unloaded (0 events):
No events

Classes redefined (0 events):
No events

Internal exceptions (8 events):
Event: 24.352 Thread 0x00000148c35a2510 Exception <a 'java/lang/NoSuchMethodError'{0x0000000713bb05d0}: 'void java.lang.invoke.DirectMethodHandle$Holder.invokeStatic(java.lang.Object, java.lang.Object, java.lang.Object)'> (0x0000000713bb05d0) 
thrown [s\open\src\hotspot\share\interpreter\linkResolver.cpp, line 773]
Event: 24.358 Thread 0x00000148c35a2510 Exception <a 'java/lang/NoSuchMethodError'{0x0000000713876988}: 'java.lang.Object java.lang.invoke.Invokers$Holder.invokeExact_MT(java.lang.Object, java.lang.Object, java.lang.Object, java.lang.Object, java.lang.Object)'> (0x0000000713876988) 
thrown [s\open\src\hotspot\share\interpreter\linkResolver.cpp, line 773]
Event: 25.337 Thread 0x00000148e4a5b620 Exception <a 'java/lang/NoSuchMethodError'{0x00000007138eac48}: 'void java.lang.invoke.DirectMethodHandle$Holder.invokeStatic(java.lang.Object, java.lang.Object)'> (0x00000007138eac48) 
thrown [s\open\src\hotspot\share\interpreter\linkResolver.cpp, line 773]
Event: 27.566 Thread 0x00000148c35a2510 Exception <a 'java/lang/NoSuchMethodError'{0x0000000713960858}: 'int java.lang.invoke.DirectMethodHandle$Holder.invokeSpecial(java.lang.Object, java.lang.Object, java.lang.Object)'> (0x0000000713960858) 
thrown [s\open\src\hotspot\share\interpreter\linkResolver.cpp, line 773]
Event: 65.800 Thread 0x00000148c35a2510 Exception <a 'java/lang/NullPointerException'{0x00000007134561f8}> (0x00000007134561f8) 
thrown [s\open\src\hotspot\share\interpreter\linkResolver.cpp, line 1372]
Event: 73.012 Thread 0x00000148c35a2510 Exception <a 'sun/nio/fs/WindowsException'{0x0000000713483b30}> (0x0000000713483b30) 
thrown [s\open\src\hotspot\share\prims\jni.cpp, line 520]
Event: 78.584 Thread 0x00000148c35a2510 Exception <a 'java/lang/NoSuchMethodError'{0x000000071359b228}: 'void java.lang.invoke.DirectMethodHandle$Holder.invokeStaticInit(java.lang.Object, java.lang.Object)'> (0x000000071359b228) 
thrown [s\open\src\hotspot\share\interpreter\linkResolver.cpp, line 773]
Event: 84.276 Thread 0x00000148c35a2510 Exception <a 'java/lang/NoSuchMethodError'{0x000000071334fec8}: 'java.lang.Object java.lang.invoke.DirectMethodHandle$Holder.invokeSpecialIFC(java.lang.Object, java.lang.Object, java.lang.Object, java.lang.Object)'> (0x000000071334fec8) 
thrown [s\open\src\hotspot\share\interpreter\linkResolver.cpp, line 773]

ZGC Phase Switch (0 events):
No events

VM Operations (20 events):
Event: 48.112 Executing VM operation: Cleanup done
Event: 50.138 Executing VM operation: Cleanup
Event: 50.550 Executing VM operation: Cleanup done
Event: 65.679 Executing VM operation: Cleanup
Event: 65.775 Executing VM operation: Cleanup done
Event: 65.799 Executing VM operation: HandshakeAllThreads (Deoptimize)
Event: 65.799 Executing VM operation: HandshakeAllThreads (Deoptimize) done
Event: 66.365 Executing VM operation: HandshakeAllThreads (Deoptimize)
Event: 73.006 Executing VM operation: HandshakeAllThreads (Deoptimize) done
Event: 73.006 Executing VM operation: Cleanup
Event: 73.006 Executing VM operation: Cleanup done
Event: 74.020 Executing VM operation: Cleanup
Event: 74.020 Executing VM operation: Cleanup done
Event: 78.051 Executing VM operation: Cleanup
Event: 78.579 Executing VM operation: Cleanup done
Event: 79.584 Executing VM operation: Cleanup
Event: 79.584 Executing VM operation: Cleanup done
Event: 80.589 Executing VM operation: Cleanup
Event: 80.644 Executing VM operation: Cleanup done
Event: 84.688 Executing VM operation: Cleanup

Events (15 events):
Event: 9.964 Thread 0x00000148c35a2510 Thread added: 0x00000148c35a2510
Event: 12.405 Thread 0x00000148e46c1e20 Thread added: 0x00000148e46c1e20
Event: 12.406 Thread 0x00000148e46c6c30 Thread added: 0x00000148e46c6c30
Event: 12.406 Thread 0x00000148e46c9790 Thread added: 0x00000148e46c9790
Event: 12.406 Thread 0x00000148e46cc1f0 Thread added: 0x00000148e46cc1f0
Event: 12.406 Thread 0x00000148e46ccc40 Thread added: 0x00000148e46ccc40
Event: 12.406 Thread 0x00000148e46cd690 Thread added: 0x00000148e46cd690
Event: 12.406 Thread 0x00000148e46d0420 Thread added: 0x00000148e46d0420
Event: 12.855 Thread 0x00000148e46d6410 Thread added: 0x00000148e46d6410
Event: 13.758 Thread 0x00000148e469a340 Thread added: 0x00000148e469a340
Event: 24.364 Thread 0x00000148e4a5b620 Thread added: 0x00000148e4a5b620
Event: 24.364 Thread 0x00000148e4a5bc80 Thread added: 0x00000148e4a5bc80
Event: 27.565 Thread 0x00000148e4a9bc30 Thread added: 0x00000148e4a9bc30
Event: 28.896 Thread 0x00000148e4a9bc30 Thread exited: 0x00000148e4a9bc30
Event: 65.805 Thread 0x00000148e4b2f990 Thread added: 0x00000148e4b2f990


Dynamic libraries:
0x00007ff7e26f0000 - 0x00007ff7e2700000 	C:\Program Files\Java\jdk-21.0.6\bin\java.exe
0x00007ffbc1e40000 - 0x00007ffbc20a0000 	C:\WINDOWS\SYSTEM32\ntdll.dll
0x00007ffbc0980000 - 0x00007ffbc0a47000 	C:\WINDOWS\System32\KERNEL32.DLL
0x00007ffbbf020000 - 0x00007ffbbf3ea000 	C:\WINDOWS\System32\KERNELBASE.dll
0x00007ffbbf810000 - 0x00007ffbbf95b000 	C:\WINDOWS\System32\ucrtbase.dll
0x00007ffba0ac0000 - 0x00007ffba0adb000 	C:\Program Files\Java\jdk-21.0.6\bin\VCRUNTIME140.dll
0x00007ffb815c0000 - 0x00007ffb815d9000 	C:\Program Files\Java\jdk-21.0.6\bin\jli.dll
0x00007ffbc0450000 - 0x00007ffbc0502000 	C:\WINDOWS\System32\ADVAPI32.dll
0x00007ffbc02c0000 - 0x00007ffbc0369000 	C:\WINDOWS\System32\msvcrt.dll
0x00007ffbbff10000 - 0x00007ffbbffb6000 	C:\WINDOWS\System32\sechost.dll
0x00007ffbc0860000 - 0x00007ffbc0976000 	C:\WINDOWS\System32\RPCRT4.dll
0x00007ffbbfc40000 - 0x00007ffbbfe0c000 	C:\WINDOWS\System32\USER32.dll
0x00007ffbbf3f0000 - 0x00007ffbbf417000 	C:\WINDOWS\System32\win32u.dll
0x00007ffbc18f0000 - 0x00007ffbc191a000 	C:\WINDOWS\System32\GDI32.dll
0x00007ffbbf620000 - 0x00007ffbbf751000 	C:\WINDOWS\System32\gdi32full.dll
0x00007ffbbf760000 - 0x00007ffbbf803000 	C:\WINDOWS\System32\msvcp_win.dll
0x00007ffba5240000 - 0x00007ffba54d7000 	C:\WINDOWS\WinSxS\amd64_microsoft.windows.common-controls_6595b64144ccf1df_6.0.26100.3624_none_3e086962e3345f24\COMCTL32.dll
0x00007ffbaee60000 - 0x00007ffbaee6b000 	C:\WINDOWS\SYSTEM32\VERSION.dll
0x00007ffbc0820000 - 0x00007ffbc084f000 	C:\WINDOWS\System32\IMM32.DLL
0x00007ffbb0a50000 - 0x00007ffbb0a5c000 	C:\Program Files\Java\jdk-21.0.6\bin\vcruntime140_1.dll
0x00007ffb77ad0000 - 0x00007ffb77b5e000 	C:\Program Files\Java\jdk-21.0.6\bin\msvcp140.dll
0x00007ffb58f30000 - 0x00007ffb59c4a000 	C:\Program Files\Java\jdk-21.0.6\bin\server\jvm.dll
0x00007ffbc0b30000 - 0x00007ffbc0ba4000 	C:\WINDOWS\System32\WS2_32.dll
0x00007ffbbe6d0000 - 0x00007ffbbe72e000 	C:\WINDOWS\SYSTEM32\POWRPROF.dll
0x00007ffbb7340000 - 0x00007ffbb7376000 	C:\WINDOWS\SYSTEM32\WINMM.dll
0x00007ffbbe6b0000 - 0x00007ffbbe6c4000 	C:\WINDOWS\SYSTEM32\UMPDC.dll
0x00007ffbbdd90000 - 0x00007ffbbddaa000 	C:\WINDOWS\SYSTEM32\kernel.appcore.dll
0x00007ffba0c80000 - 0x00007ffba0c8a000 	C:\Program Files\Java\jdk-21.0.6\bin\jimage.dll
0x000000005fc40000 - 0x000000005fdd6000 	C:\Program Files\Microsoft SQL Server\110\Shared\DBGHELP.DLL
0x00007ffbb9d50000 - 0x00007ffbb9d5f000 	C:\Program Files\Java\jdk-21.0.6\bin\instrument.dll
0x00007ffb815a0000 - 0x00007ffb815bf000 	C:\Program Files\Java\jdk-21.0.6\bin\java.dll
0x00007ffbc1080000 - 0x00007ffbc17a9000 	C:\WINDOWS\System32\SHELL32.dll
0x00007ffbbf4b0000 - 0x00007ffbbf618000 	C:\WINDOWS\System32\wintypes.dll
0x00007ffbc1920000 - 0x00007ffbc1ca2000 	C:\WINDOWS\System32\combase.dll
0x00007ffbbcc80000 - 0x00007ffbbd4d2000 	C:\WINDOWS\SYSTEM32\windows.storage.dll
0x00007ffbc1800000 - 0x00007ffbc18ed000 	C:\WINDOWS\System32\SHCORE.dll
0x00007ffbc1cb0000 - 0x00007ffbc1d14000 	C:\WINDOWS\System32\shlwapi.dll
0x00007ffbbef30000 - 0x00007ffbbef5f000 	C:\WINDOWS\SYSTEM32\profapi.dll
0x00007ffb6cb30000 - 0x00007ffb6cc07000 	C:\Program Files\Java\jdk-21.0.6\bin\jsvml.dll
0x00007ffb81440000 - 0x00007ffb81458000 	C:\Program Files\Java\jdk-21.0.6\bin\zip.dll
0x00007ffb96630000 - 0x00007ffb96640000 	C:\Program Files\Java\jdk-21.0.6\bin\net.dll
0x00007ffbb9120000 - 0x00007ffbb923d000 	C:\WINDOWS\SYSTEM32\WINHTTP.dll
0x00007ffbbe2f0000 - 0x00007ffbbe35a000 	C:\WINDOWS\system32\mswsock.dll
0x00007ffb81530000 - 0x00007ffb81546000 	C:\Program Files\Java\jdk-21.0.6\bin\nio.dll
0x00007ffbb9990000 - 0x00007ffbb99aa000 	C:\Program Files\JetBrains\IntelliJ IDEA 2023.3.4\bin\breakgen64.dll
0x00007ffb8f2e0000 - 0x00007ffb8f2e9000 	C:\Program Files\Java\jdk-21.0.6\bin\extnet.dll
0x00007ffba0f30000 - 0x00007ffba0f54000 	C:\Users\DELL\AppData\Local\Temp\jansi-2.4.1-8b636c21b025b263-jansi.dll
0x00007ffb81fe0000 - 0x00007ffb81ff0000 	C:\Program Files\Java\jdk-21.0.6\bin\verify.dll

dbghelp: loaded successfully - version: 4.0.5 - missing functions: none
symbol engine: initialized successfully - sym options: 0x614 - pdb path: .;C:\Program Files\Java\jdk-21.0.6\bin;C:\WINDOWS\SYSTEM32;C:\WINDOWS\WinSxS\amd64_microsoft.windows.common-controls_6595b64144ccf1df_6.0.26100.3624_none_3e086962e3345f24;C:\Program Files\Java\jdk-21.0.6\bin\server;C:\Program Files\Microsoft SQL Server\110\Shared;C:\Program Files\JetBrains\IntelliJ IDEA 2023.3.4\bin;C:\Users\DELL\AppData\Local\Temp

VM Arguments:
jvm_args: -Dmaven.multiModuleProjectDirectory=C:\Users\DELL\Desktop\angular Project\backEnd\carsAgence -Djansi.passthrough=true -Dmaven.home=C:\Users\DELL\.m2\wrapper\dists\apache-maven-3.9.9-bin\4nf9hui3q3djbarqar9g711ggc\apache-maven-3.9.9 -Dclassworlds.conf=C:\Users\DELL\.m2\wrapper\dists\apache-maven-3.9.9-bin\4nf9hui3q3djbarqar9g711ggc\apache-maven-3.9.9\bin\m2.conf -Dmaven.ext.class.path=C:\Program Files\JetBrains\IntelliJ IDEA 2023.3.4\plugins\maven\lib\maven-event-listener.jar -javaagent:C:\Program Files\JetBrains\IntelliJ IDEA 2023.3.4\lib\idea_rt.jar=52440:C:\Program Files\JetBrains\IntelliJ IDEA 2023.3.4\bin -Dfile.encoding=UTF-8 -Dsun.stdout.encoding=UTF-8 -Dsun.stderr.encoding=UTF-8 
java_command: org.codehaus.classworlds.Launcher -Didea.version=2023.3.4 clean install
java_class_path (initial): C:\Users\DELL\.m2\wrapper\dists\apache-maven-3.9.9-bin\4nf9hui3q3djbarqar9g711ggc\apache-maven-3.9.9\boot\plexus-classworlds-2.8.0.jar;C:\Users\DELL\.m2\wrapper\dists\apache-maven-3.9.9-bin\4nf9hui3q3djbarqar9g711ggc\apache-maven-3.9.9\boot\plexus-classworlds.license
Launcher Type: SUN_STANDARD

[Global flags]
     intx CICompilerCount                          = 4                                         {product} {ergonomic}
     uint ConcGCThreads                            = 2                                         {product} {ergonomic}
     uint G1ConcRefinementThreads                  = 8                                         {product} {ergonomic}
   size_t G1HeapRegionSize                         = 2097152                                   {product} {ergonomic}
    uintx GCDrainStackTargetSize                   = 64                                        {product} {ergonomic}
   size_t InitialHeapSize                          = 264241152                                 {product} {ergonomic}
   size_t MarkStackSize                            = 4194304                                   {product} {ergonomic}
   size_t MaxHeapSize                              = 4227858432                                {product} {ergonomic}
   size_t MaxNewSize                               = 2535456768                                {product} {ergonomic}
   size_t MinHeapDeltaBytes                        = 2097152                                   {product} {ergonomic}
   size_t MinHeapSize                              = 8388608                                   {product} {ergonomic}
    uintx NonNMethodCodeHeapSize                   = 5839372                                {pd product} {ergonomic}
    uintx NonProfiledCodeHeapSize                  = 122909434                              {pd product} {ergonomic}
    uintx ProfiledCodeHeapSize                     = 122909434                              {pd product} {ergonomic}
    uintx ReservedCodeCacheSize                    = 251658240                              {pd product} {ergonomic}
     bool SegmentedCodeCache                       = true                                      {product} {ergonomic}
   size_t SoftMaxHeapSize                          = 4227858432                             {manageable} {ergonomic}
     bool UseCompressedOops                        = true                           {product lp64_product} {ergonomic}
     bool UseG1GC                                  = true                                      {product} {ergonomic}
     bool UseLargePagesIndividualAllocation        = false                                  {pd product} {ergonomic}

Logging:
Log output configuration:
 #0: stdout all=warning uptime,level,tags foldmultilines=false
 #1: stderr all=off uptime,level,tags foldmultilines=false

Environment Variables:
PATH=C:\PySchool\3.10-32-bit\Scripts;C:\PySchool\3.10-32-bit;C:\oraclexe\app\oracle\product\11.2.0\server\bin;C:\Program Files (x86)\VMware\VMware Workstation\bin\;C:\Program Files\Common Files\Siemens\Automation\Simatic OAM\bin;C:\WINDOWS\system32;C:\WINDOWS;C:\WINDOWS\System32\Wbem;C:\WINDOWS\System32\WindowsPowerShell\v1.0\;C:\WINDOWS\System32\OpenSSH\;C:\Program Files (x86)\Microchip\MPLAB C32 Suite\bin;c:\Program Files (x86)\Microsoft SQL Server\100\Tools\Binn\;c:\Program Files\Microsoft SQL Server\100\Tools\Binn\;c:\Program Files\Microsoft SQL Server\100\DTS\Binn\;C:\Users\DELL\AppData\Local\Programs\Python\Python311;C:\Users\DELL\AppData\Local\Programs\Python\Python311\Scripts;C:\wamp64\bin\php\php8.2.0;C:\wamp64\bin;C:\Program Files\Git\cmd;C:\Program Files\dotnet\;C:\Program Files\Docker\Docker\resources\bin;C:\Users\DELL\AppData\Local\nvm;C:\nvm4w\nodejs;C:\Program Files\Microsoft SQL Server\150\Tools\Binn\;C:\Program Files\Microsoft SQL Server\Client SDK\ODBC\170\Tools\Binn\;C:\Program Files (x86)\Windows Kits\10\Windows Performance Toolkit\;C:\Program Files\Microsoft SQL Server\110\DTS\Binn\;C:\Program Files (x86)\Microsoft SQL Server\110\Tools\Binn\;C:\Program Files\Microsoft SQL Server\110\Tools\Binn\;C:\Program Files (x86)\Microsoft SQL Server\110\Tools\Binn\ManagementStudio\;C:\Program Files (x86)\Microsoft Visual Studio 10.0\Common7\IDE\PrivateAssemblies\;C:\Program Files (x86)\Microsoft SQL Server\110\DTS\Binn\;C:\Program Files\Java\jdk-21.0.6\bin;C:\Users\DELL\scoop\shims;C:\Users\DELL\AppData\Local\Microsoft\WindowsApps;C:\phpm\php-8.2.3 (1);C:\Program Files\JetBrains\PhpStorm 2023.1\bin;;C:\wamp64\bin;C:\Users\DELL\AppData\Local\Programs\Microsoft VS Code\bin;C:\Users\DELL\AppData\Roaming\npm;C:\Users\DELL\AppData\Local\nvm;C:\nvm4w\nodejs;C:\Users\DELL\.dotnet\tools;C:\Users\DELL\AppData\Local\Programs\cursor\resources\app\bin
USERNAME=DELL
OS=Windows_NT
PROCESSOR_IDENTIFIER=Intel64 Family 6 Model 140 Stepping 1, GenuineIntel
TMP=C:\Users\DELL\AppData\Local\Temp
TEMP=C:\Users\DELL\AppData\Local\Temp




Periodic native trim disabled

---------------  S Y S T E M  ---------------

OS:
 Windows 11 , 64 bit Build 26100 (10.0.26100.3775)
OS uptime: 1 days 17:54 hours
Hyper-V role detected

CPU: total 8 (initial active 8) (4 cores per cpu, 2 threads per core) family 6 model 140 stepping 1 microcode 0xba, cx8, cmov, fxsr, ht, mmx, 3dnowpref, sse, sse2, sse3, ssse3, sse4.1, sse4.2, popcnt, lzcnt, tsc, tscinvbit, avx, avx2, aes, erms, clmul, bmi1, bmi2, adx, avx512f, avx512dq, avx512cd, avx512bw, avx512vl, sha, fma, vzeroupper, avx512_vpopcntdq, avx512_vpclmulqdq, avx512_vaes, avx512_vnni, clflush, clflushopt, clwb, avx512_vbmi2, avx512_vbmi, hv, rdtscp, rdpid, fsrm, gfni, avx512_bitalg, f16c, cet_ibt, cet_ss, avx512_ifma
Processor Information for all 8 processors :
  Max Mhz: 2419, Current Mhz: 2419, Mhz Limit: 2419

Memory: 4k page, system-wide physical 16126M (1019M free)
TotalPageFile size 65278M (AvailPageFile size 0M)
current process WorkingSet (physical memory assigned to process): 35M, peak: 44M
current process commit charge ("private bytes"): 342M, peak: 342M

vm_info: Java HotSpot(TM) 64-Bit Server VM (21.0.6+8-LTS-188) for windows-amd64 JRE (21.0.6+8-LTS-188), built on 2024-12-03T10:50:54Z by "mach5one" with MS VC++ 17.6 (VS2022)

END.
