#
# There is insufficient memory for the Java Runtime Environment to continue.
# Native memory allocation (malloc) failed to allocate 185344 bytes for Chunk::new
# Possible reasons:
#   The system is out of physical RAM or swap space
#   The process is running with CompressedOops enabled, and the Java Heap may be blocking the growth of the native heap
# Possible solutions:
#   Reduce memory load on the system
#   Increase physical memory or swap space
#   Check if swap backing store is full
#   Decrease Java heap size (-Xmx/-Xms)
#   Decrease number of Java threads
#
#  

V  [jvm.dll+0x854f51]
V  [jvm.dll+0x85747e]
V  [jvm.dll+0x857b53]
V  [jvm.dll+0x27dcc6]
V  [jvm.dll+0xc4c2d]
V  [jvm.dll+0xc5163]
V  [jvm.dll+0x3b515c]
V  [jvm.dll+0x381855]
V  [jvm.dll+0x380cca]
V  [jvm.dll+0x246920]
V  [jvm.dll+0x245eff]
V  [jvm.dll+0x1c6d2e]
V  [jvm.dll+0x2554f9]
V  [jvm.dll+0x253a8a]
V  [jvm.dll+0x3ee576]
V  [jvm.dll+0x7ff2fb]
V  [jvm.dll+0x6c8dbd]
C  [ucrtbase.dll+0x37b0]
C  [KERNEL32.DLL+0x2e8d7]
C  [ntdll.dll+0xb14fc]


---------------  P R O C E S S  ---------------

Threads class SMR info:
_java_thread_list=0x000002416318bad0, length=13, elements={
0x000002417c094420, 0x000002411d3a1e60, 0x000002411d3a6c70, 0x000002411d3aa350,
0x000002411d3ad010, 0x000002411d3afa70, 0x000002411d3b04c0, 0x000002411d3b1240,
0x000002411d4c1000, 0x000002411d49bd00, 0x000002411d72cc10, 0x000002411d72d270,
0x000002416313b6f0
}

Java Threads: ( => current thread )
  0x000002417c094420 JavaThread "main"                              [_thread_blocked, id=27256, stack(0x0000004c43200000,0x0000004c43300000) (1024K)]
  0x000002411d3a1e60 JavaThread "Reference Handler"          daemon [_thread_blocked, id=29288, stack(0x0000004c43a00000,0x0000004c43b00000) (1024K)]
  0x000002411d3a6c70 JavaThread "Finalizer"                  daemon [_thread_blocked, id=29292, stack(0x0000004c43b00000,0x0000004c43c00000) (1024K)]
  0x000002411d3aa350 JavaThread "Signal Dispatcher"          daemon [_thread_blocked, id=29420, stack(0x0000004c43c00000,0x0000004c43d00000) (1024K)]
  0x000002411d3ad010 JavaThread "Attach Listener"            daemon [_thread_blocked, id=29424, stack(0x0000004c43d00000,0x0000004c43e00000) (1024K)]
  0x000002411d3afa70 JavaThread "Service Thread"             daemon [_thread_blocked, id=29428, stack(0x0000004c43e00000,0x0000004c43f00000) (1024K)]
  0x000002411d3b04c0 JavaThread "Monitor Deflation Thread"   daemon [_thread_blocked, id=29432, stack(0x0000004c43f00000,0x0000004c44000000) (1024K)]
=>0x000002411d3b1240 JavaThread "C2 CompilerThread0"         daemon [_thread_in_native, id=29436, stack(0x0000004c44000000,0x0000004c44100000) (1024K)]
  0x000002411d4c1000 JavaThread "C1 CompilerThread0"         daemon [_thread_blocked, id=29536, stack(0x0000004c44100000,0x0000004c44200000) (1024K)]
  0x000002411d49bd00 JavaThread "Common-Cleaner"             daemon [_thread_blocked, id=29544, stack(0x0000004c44200000,0x0000004c44300000) (1024K)]
  0x000002411d72cc10 JavaThread "Monitor Ctrl-Break"         daemon [_thread_in_native, id=22564, stack(0x0000004c44300000,0x0000004c44400000) (1024K)]
  0x000002411d72d270 JavaThread "Notification Thread"        daemon [_thread_blocked, id=19436, stack(0x0000004c44400000,0x0000004c44500000) (1024K)]
  0x000002416313b6f0 JavaThread "C2 CompilerThread1"         daemon [_thread_new, id=20232, stack(0x0000000000000000,0x0000000000000000) (0B)]
Total: 13

Other Threads:
  0x000002411d387160 VMThread "VM Thread"                           [id=28120, stack(0x0000004c43900000,0x0000004c43a00000) (1024K)] _threads_hazard_ptr=0x000002416318bad0
  0x000002411d49b0a0 WatcherThread "VM Periodic Task Thread"        [id=28272, stack(0x0000004c43800000,0x0000004c43900000) (1024K)]
  0x000002417c0fafe0 WorkerThread "GC Thread#0"                     [id=28372, stack(0x0000004c43300000,0x0000004c43400000) (1024K)]
  0x000002417c10c2e0 ConcurrentGCThread "G1 Main Marker"            [id=28376, stack(0x0000004c43400000,0x0000004c43500000) (1024K)]
  0x000002417c10ccf0 WorkerThread "G1 Conc#0"                       [id=28380, stack(0x0000004c43500000,0x0000004c43600000) (1024K)]
  0x000002417c13e9d0 ConcurrentGCThread "G1 Refine#0"               [id=28384, stack(0x0000004c43600000,0x0000004c43700000) (1024K)]
  0x000002411d326170 ConcurrentGCThread "G1 Service"                [id=28388, stack(0x0000004c43700000,0x0000004c43800000) (1024K)]
Total: 7

Threads with active compile tasks:
C2 CompilerThread0    99352 1125       4       java.util.HashMap::putVal (300 bytes)
C1 CompilerThread0    99352 1140       3       org.codehaus.plexus.util.InterpolationFilterReader::read (477 bytes)
Total: 2

VM state: synchronizing (normal execution)

VM Mutex/Monitor currently owned by a thread:  ([mutex/lock_event])
[0x00007ffb59b6cf18] CompileThread_lock - owner thread: 0x000002411d4c1000
[0x00007ffb59b6de98] Threads_lock - owner thread: 0x000002411d387160

Heap address: 0x0000000704000000, size: 4032 MB, Compressed Oops mode: Zero based, Oop shift amount: 3

CDS archive(s) mapped at: [0x000002411e000000-0x000002411ec90000-0x000002411ec90000), size 13172736, SharedBaseAddress: 0x000002411e000000, ArchiveRelocationMode: 1.
Compressed class space mapped at: 0x000002411f000000-0x000002415f000000, reserved size: 1073741824
Narrow klass base: 0x000002411e000000, Narrow klass shift: 0, Narrow klass range: 0x100000000

GC Precious Log:
 CardTable entry size: 512
 Card Set container configuration: InlinePtr #cards 4 size 8 Array Of Cards #cards 16 size 48 Howl #buckets 8 coarsen threshold 3686 Howl Bitmap #cards 512 size 80 coarsen threshold 460 Card regions per heap region 1 cards per card region 4096
 CPUs: 8 total, 8 available
 Memory: 16126M
 Large Page Support: Disabled
 NUMA Support: Disabled
 Compressed Oops: Enabled (Zero based)
 Heap Region Size: 2M
 Heap Min Capacity: 8M
 Heap Initial Capacity: 252M
 Heap Max Capacity: 4032M
 Pre-touch: Disabled
 Parallel Workers: 8
 Concurrent Workers: 2
 Concurrent Refinement Workers: 8
 Periodic GC: Disabled

Heap:
 garbage-first heap   total 258048K, used 20480K [0x0000000704000000, 0x0000000800000000)
  region size 2048K, 11 young (22528K), 0 survivors (0K)
 Metaspace       used 5918K, committed 6016K, reserved 1114112K
  class space    used 669K, committed 704K, reserved 1048576K

Heap Regions: E=young(eden), S=young(survivor), O=old, HS=humongous(starts), HC=humongous(continues), CS=collection set, F=free, TAMS=top-at-mark-start, PB=parsable bottom
|   0|0x0000000704000000, 0x0000000704000000, 0x0000000704200000|  0%| F|  |TAMS 0x0000000704000000| PB 0x0000000704000000| Untracked 
|   1|0x0000000704200000, 0x0000000704200000, 0x0000000704400000|  0%| F|  |TAMS 0x0000000704200000| PB 0x0000000704200000| Untracked 
|   2|0x0000000704400000, 0x0000000704400000, 0x0000000704600000|  0%| F|  |TAMS 0x0000000704400000| PB 0x0000000704400000| Untracked 
|   3|0x0000000704600000, 0x0000000704600000, 0x0000000704800000|  0%| F|  |TAMS 0x0000000704600000| PB 0x0000000704600000| Untracked 
|   4|0x0000000704800000, 0x0000000704800000, 0x0000000704a00000|  0%| F|  |TAMS 0x0000000704800000| PB 0x0000000704800000| Untracked 
|   5|0x0000000704a00000, 0x0000000704a00000, 0x0000000704c00000|  0%| F|  |TAMS 0x0000000704a00000| PB 0x0000000704a00000| Untracked 
|   6|0x0000000704c00000, 0x0000000704c00000, 0x0000000704e00000|  0%| F|  |TAMS 0x0000000704c00000| PB 0x0000000704c00000| Untracked 
|   7|0x0000000704e00000, 0x0000000704e00000, 0x0000000705000000|  0%| F|  |TAMS 0x0000000704e00000| PB 0x0000000704e00000| Untracked 
|   8|0x0000000705000000, 0x0000000705000000, 0x0000000705200000|  0%| F|  |TAMS 0x0000000705000000| PB 0x0000000705000000| Untracked 
|   9|0x0000000705200000, 0x0000000705200000, 0x0000000705400000|  0%| F|  |TAMS 0x0000000705200000| PB 0x0000000705200000| Untracked 
|  10|0x0000000705400000, 0x0000000705400000, 0x0000000705600000|  0%| F|  |TAMS 0x0000000705400000| PB 0x0000000705400000| Untracked 
|  11|0x0000000705600000, 0x0000000705600000, 0x0000000705800000|  0%| F|  |TAMS 0x0000000705600000| PB 0x0000000705600000| Untracked 
|  12|0x0000000705800000, 0x0000000705800000, 0x0000000705a00000|  0%| F|  |TAMS 0x0000000705800000| PB 0x0000000705800000| Untracked 
|  13|0x0000000705a00000, 0x0000000705a00000, 0x0000000705c00000|  0%| F|  |TAMS 0x0000000705a00000| PB 0x0000000705a00000| Untracked 
|  14|0x0000000705c00000, 0x0000000705c00000, 0x0000000705e00000|  0%| F|  |TAMS 0x0000000705c00000| PB 0x0000000705c00000| Untracked 
|  15|0x0000000705e00000, 0x0000000705e00000, 0x0000000706000000|  0%| F|  |TAMS 0x0000000705e00000| PB 0x0000000705e00000| Untracked 
|  16|0x0000000706000000, 0x0000000706000000, 0x0000000706200000|  0%| F|  |TAMS 0x0000000706000000| PB 0x0000000706000000| Untracked 
|  17|0x0000000706200000, 0x0000000706200000, 0x0000000706400000|  0%| F|  |TAMS 0x0000000706200000| PB 0x0000000706200000| Untracked 
|  18|0x0000000706400000, 0x0000000706400000, 0x0000000706600000|  0%| F|  |TAMS 0x0000000706400000| PB 0x0000000706400000| Untracked 
|  19|0x0000000706600000, 0x0000000706600000, 0x0000000706800000|  0%| F|  |TAMS 0x0000000706600000| PB 0x0000000706600000| Untracked 
|  20|0x0000000706800000, 0x0000000706800000, 0x0000000706a00000|  0%| F|  |TAMS 0x0000000706800000| PB 0x0000000706800000| Untracked 
|  21|0x0000000706a00000, 0x0000000706a00000, 0x0000000706c00000|  0%| F|  |TAMS 0x0000000706a00000| PB 0x0000000706a00000| Untracked 
|  22|0x0000000706c00000, 0x0000000706c00000, 0x0000000706e00000|  0%| F|  |TAMS 0x0000000706c00000| PB 0x0000000706c00000| Untracked 
|  23|0x0000000706e00000, 0x0000000706e00000, 0x0000000707000000|  0%| F|  |TAMS 0x0000000706e00000| PB 0x0000000706e00000| Untracked 
|  24|0x0000000707000000, 0x0000000707000000, 0x0000000707200000|  0%| F|  |TAMS 0x0000000707000000| PB 0x0000000707000000| Untracked 
|  25|0x0000000707200000, 0x0000000707200000, 0x0000000707400000|  0%| F|  |TAMS 0x0000000707200000| PB 0x0000000707200000| Untracked 
|  26|0x0000000707400000, 0x0000000707400000, 0x0000000707600000|  0%| F|  |TAMS 0x0000000707400000| PB 0x0000000707400000| Untracked 
|  27|0x0000000707600000, 0x0000000707600000, 0x0000000707800000|  0%| F|  |TAMS 0x0000000707600000| PB 0x0000000707600000| Untracked 
|  28|0x0000000707800000, 0x0000000707800000, 0x0000000707a00000|  0%| F|  |TAMS 0x0000000707800000| PB 0x0000000707800000| Untracked 
|  29|0x0000000707a00000, 0x0000000707a00000, 0x0000000707c00000|  0%| F|  |TAMS 0x0000000707a00000| PB 0x0000000707a00000| Untracked 
|  30|0x0000000707c00000, 0x0000000707c00000, 0x0000000707e00000|  0%| F|  |TAMS 0x0000000707c00000| PB 0x0000000707c00000| Untracked 
|  31|0x0000000707e00000, 0x0000000707e00000, 0x0000000708000000|  0%| F|  |TAMS 0x0000000707e00000| PB 0x0000000707e00000| Untracked 
|  32|0x0000000708000000, 0x0000000708000000, 0x0000000708200000|  0%| F|  |TAMS 0x0000000708000000| PB 0x0000000708000000| Untracked 
|  33|0x0000000708200000, 0x0000000708200000, 0x0000000708400000|  0%| F|  |TAMS 0x0000000708200000| PB 0x0000000708200000| Untracked 
|  34|0x0000000708400000, 0x0000000708400000, 0x0000000708600000|  0%| F|  |TAMS 0x0000000708400000| PB 0x0000000708400000| Untracked 
|  35|0x0000000708600000, 0x0000000708600000, 0x0000000708800000|  0%| F|  |TAMS 0x0000000708600000| PB 0x0000000708600000| Untracked 
|  36|0x0000000708800000, 0x0000000708800000, 0x0000000708a00000|  0%| F|  |TAMS 0x0000000708800000| PB 0x0000000708800000| Untracked 
|  37|0x0000000708a00000, 0x0000000708a00000, 0x0000000708c00000|  0%| F|  |TAMS 0x0000000708a00000| PB 0x0000000708a00000| Untracked 
|  38|0x0000000708c00000, 0x0000000708c00000, 0x0000000708e00000|  0%| F|  |TAMS 0x0000000708c00000| PB 0x0000000708c00000| Untracked 
|  39|0x0000000708e00000, 0x0000000708e00000, 0x0000000709000000|  0%| F|  |TAMS 0x0000000708e00000| PB 0x0000000708e00000| Untracked 
|  40|0x0000000709000000, 0x0000000709000000, 0x0000000709200000|  0%| F|  |TAMS 0x0000000709000000| PB 0x0000000709000000| Untracked 
|  41|0x0000000709200000, 0x0000000709200000, 0x0000000709400000|  0%| F|  |TAMS 0x0000000709200000| PB 0x0000000709200000| Untracked 
|  42|0x0000000709400000, 0x0000000709400000, 0x0000000709600000|  0%| F|  |TAMS 0x0000000709400000| PB 0x0000000709400000| Untracked 
|  43|0x0000000709600000, 0x0000000709600000, 0x0000000709800000|  0%| F|  |TAMS 0x0000000709600000| PB 0x0000000709600000| Untracked 
|  44|0x0000000709800000, 0x0000000709800000, 0x0000000709a00000|  0%| F|  |TAMS 0x0000000709800000| PB 0x0000000709800000| Untracked 
|  45|0x0000000709a00000, 0x0000000709a00000, 0x0000000709c00000|  0%| F|  |TAMS 0x0000000709a00000| PB 0x0000000709a00000| Untracked 
|  46|0x0000000709c00000, 0x0000000709c00000, 0x0000000709e00000|  0%| F|  |TAMS 0x0000000709c00000| PB 0x0000000709c00000| Untracked 
|  47|0x0000000709e00000, 0x0000000709e00000, 0x000000070a000000|  0%| F|  |TAMS 0x0000000709e00000| PB 0x0000000709e00000| Untracked 
|  48|0x000000070a000000, 0x000000070a000000, 0x000000070a200000|  0%| F|  |TAMS 0x000000070a000000| PB 0x000000070a000000| Untracked 
|  49|0x000000070a200000, 0x000000070a200000, 0x000000070a400000|  0%| F|  |TAMS 0x000000070a200000| PB 0x000000070a200000| Untracked 
|  50|0x000000070a400000, 0x000000070a400000, 0x000000070a600000|  0%| F|  |TAMS 0x000000070a400000| PB 0x000000070a400000| Untracked 
|  51|0x000000070a600000, 0x000000070a600000, 0x000000070a800000|  0%| F|  |TAMS 0x000000070a600000| PB 0x000000070a600000| Untracked 
|  52|0x000000070a800000, 0x000000070a800000, 0x000000070aa00000|  0%| F|  |TAMS 0x000000070a800000| PB 0x000000070a800000| Untracked 
|  53|0x000000070aa00000, 0x000000070aa00000, 0x000000070ac00000|  0%| F|  |TAMS 0x000000070aa00000| PB 0x000000070aa00000| Untracked 
|  54|0x000000070ac00000, 0x000000070ac00000, 0x000000070ae00000|  0%| F|  |TAMS 0x000000070ac00000| PB 0x000000070ac00000| Untracked 
|  55|0x000000070ae00000, 0x000000070ae00000, 0x000000070b000000|  0%| F|  |TAMS 0x000000070ae00000| PB 0x000000070ae00000| Untracked 
|  56|0x000000070b000000, 0x000000070b000000, 0x000000070b200000|  0%| F|  |TAMS 0x000000070b000000| PB 0x000000070b000000| Untracked 
|  57|0x000000070b200000, 0x000000070b200000, 0x000000070b400000|  0%| F|  |TAMS 0x000000070b200000| PB 0x000000070b200000| Untracked 
|  58|0x000000070b400000, 0x000000070b400000, 0x000000070b600000|  0%| F|  |TAMS 0x000000070b400000| PB 0x000000070b400000| Untracked 
|  59|0x000000070b600000, 0x000000070b600000, 0x000000070b800000|  0%| F|  |TAMS 0x000000070b600000| PB 0x000000070b600000| Untracked 
|  60|0x000000070b800000, 0x000000070b800000, 0x000000070ba00000|  0%| F|  |TAMS 0x000000070b800000| PB 0x000000070b800000| Untracked 
|  61|0x000000070ba00000, 0x000000070ba00000, 0x000000070bc00000|  0%| F|  |TAMS 0x000000070ba00000| PB 0x000000070ba00000| Untracked 
|  62|0x000000070bc00000, 0x000000070bc00000, 0x000000070be00000|  0%| F|  |TAMS 0x000000070bc00000| PB 0x000000070bc00000| Untracked 
|  63|0x000000070be00000, 0x000000070be00000, 0x000000070c000000|  0%| F|  |TAMS 0x000000070be00000| PB 0x000000070be00000| Untracked 
|  64|0x000000070c000000, 0x000000070c000000, 0x000000070c200000|  0%| F|  |TAMS 0x000000070c000000| PB 0x000000070c000000| Untracked 
|  65|0x000000070c200000, 0x000000070c200000, 0x000000070c400000|  0%| F|  |TAMS 0x000000070c200000| PB 0x000000070c200000| Untracked 
|  66|0x000000070c400000, 0x000000070c400000, 0x000000070c600000|  0%| F|  |TAMS 0x000000070c400000| PB 0x000000070c400000| Untracked 
|  67|0x000000070c600000, 0x000000070c600000, 0x000000070c800000|  0%| F|  |TAMS 0x000000070c600000| PB 0x000000070c600000| Untracked 
|  68|0x000000070c800000, 0x000000070c800000, 0x000000070ca00000|  0%| F|  |TAMS 0x000000070c800000| PB 0x000000070c800000| Untracked 
|  69|0x000000070ca00000, 0x000000070ca00000, 0x000000070cc00000|  0%| F|  |TAMS 0x000000070ca00000| PB 0x000000070ca00000| Untracked 
|  70|0x000000070cc00000, 0x000000070cc00000, 0x000000070ce00000|  0%| F|  |TAMS 0x000000070cc00000| PB 0x000000070cc00000| Untracked 
|  71|0x000000070ce00000, 0x000000070ce00000, 0x000000070d000000|  0%| F|  |TAMS 0x000000070ce00000| PB 0x000000070ce00000| Untracked 
|  72|0x000000070d000000, 0x000000070d000000, 0x000000070d200000|  0%| F|  |TAMS 0x000000070d000000| PB 0x000000070d000000| Untracked 
|  73|0x000000070d200000, 0x000000070d200000, 0x000000070d400000|  0%| F|  |TAMS 0x000000070d200000| PB 0x000000070d200000| Untracked 
|  74|0x000000070d400000, 0x000000070d400000, 0x000000070d600000|  0%| F|  |TAMS 0x000000070d400000| PB 0x000000070d400000| Untracked 
|  75|0x000000070d600000, 0x000000070d600000, 0x000000070d800000|  0%| F|  |TAMS 0x000000070d600000| PB 0x000000070d600000| Untracked 
|  76|0x000000070d800000, 0x000000070d800000, 0x000000070da00000|  0%| F|  |TAMS 0x000000070d800000| PB 0x000000070d800000| Untracked 
|  77|0x000000070da00000, 0x000000070da00000, 0x000000070dc00000|  0%| F|  |TAMS 0x000000070da00000| PB 0x000000070da00000| Untracked 
|  78|0x000000070dc00000, 0x000000070dc00000, 0x000000070de00000|  0%| F|  |TAMS 0x000000070dc00000| PB 0x000000070dc00000| Untracked 
|  79|0x000000070de00000, 0x000000070de00000, 0x000000070e000000|  0%| F|  |TAMS 0x000000070de00000| PB 0x000000070de00000| Untracked 
|  80|0x000000070e000000, 0x000000070e000000, 0x000000070e200000|  0%| F|  |TAMS 0x000000070e000000| PB 0x000000070e000000| Untracked 
|  81|0x000000070e200000, 0x000000070e200000, 0x000000070e400000|  0%| F|  |TAMS 0x000000070e200000| PB 0x000000070e200000| Untracked 
|  82|0x000000070e400000, 0x000000070e400000, 0x000000070e600000|  0%| F|  |TAMS 0x000000070e400000| PB 0x000000070e400000| Untracked 
|  83|0x000000070e600000, 0x000000070e600000, 0x000000070e800000|  0%| F|  |TAMS 0x000000070e600000| PB 0x000000070e600000| Untracked 
|  84|0x000000070e800000, 0x000000070e800000, 0x000000070ea00000|  0%| F|  |TAMS 0x000000070e800000| PB 0x000000070e800000| Untracked 
|  85|0x000000070ea00000, 0x000000070ea00000, 0x000000070ec00000|  0%| F|  |TAMS 0x000000070ea00000| PB 0x000000070ea00000| Untracked 
|  86|0x000000070ec00000, 0x000000070ec00000, 0x000000070ee00000|  0%| F|  |TAMS 0x000000070ec00000| PB 0x000000070ec00000| Untracked 
|  87|0x000000070ee00000, 0x000000070ee00000, 0x000000070f000000|  0%| F|  |TAMS 0x000000070ee00000| PB 0x000000070ee00000| Untracked 
|  88|0x000000070f000000, 0x000000070f000000, 0x000000070f200000|  0%| F|  |TAMS 0x000000070f000000| PB 0x000000070f000000| Untracked 
|  89|0x000000070f200000, 0x000000070f200000, 0x000000070f400000|  0%| F|  |TAMS 0x000000070f200000| PB 0x000000070f200000| Untracked 
|  90|0x000000070f400000, 0x000000070f400000, 0x000000070f600000|  0%| F|  |TAMS 0x000000070f400000| PB 0x000000070f400000| Untracked 
|  91|0x000000070f600000, 0x000000070f600000, 0x000000070f800000|  0%| F|  |TAMS 0x000000070f600000| PB 0x000000070f600000| Untracked 
|  92|0x000000070f800000, 0x000000070f800000, 0x000000070fa00000|  0%| F|  |TAMS 0x000000070f800000| PB 0x000000070f800000| Untracked 
|  93|0x000000070fa00000, 0x000000070fa00000, 0x000000070fc00000|  0%| F|  |TAMS 0x000000070fa00000| PB 0x000000070fa00000| Untracked 
|  94|0x000000070fc00000, 0x000000070fc00000, 0x000000070fe00000|  0%| F|  |TAMS 0x000000070fc00000| PB 0x000000070fc00000| Untracked 
|  95|0x000000070fe00000, 0x000000070fe00000, 0x0000000710000000|  0%| F|  |TAMS 0x000000070fe00000| PB 0x000000070fe00000| Untracked 
|  96|0x0000000710000000, 0x0000000710000000, 0x0000000710200000|  0%| F|  |TAMS 0x0000000710000000| PB 0x0000000710000000| Untracked 
|  97|0x0000000710200000, 0x0000000710200000, 0x0000000710400000|  0%| F|  |TAMS 0x0000000710200000| PB 0x0000000710200000| Untracked 
|  98|0x0000000710400000, 0x0000000710400000, 0x0000000710600000|  0%| F|  |TAMS 0x0000000710400000| PB 0x0000000710400000| Untracked 
|  99|0x0000000710600000, 0x0000000710600000, 0x0000000710800000|  0%| F|  |TAMS 0x0000000710600000| PB 0x0000000710600000| Untracked 
| 100|0x0000000710800000, 0x0000000710800000, 0x0000000710a00000|  0%| F|  |TAMS 0x0000000710800000| PB 0x0000000710800000| Untracked 
| 101|0x0000000710a00000, 0x0000000710a00000, 0x0000000710c00000|  0%| F|  |TAMS 0x0000000710a00000| PB 0x0000000710a00000| Untracked 
| 102|0x0000000710c00000, 0x0000000710c00000, 0x0000000710e00000|  0%| F|  |TAMS 0x0000000710c00000| PB 0x0000000710c00000| Untracked 
| 103|0x0000000710e00000, 0x0000000710e00000, 0x0000000711000000|  0%| F|  |TAMS 0x0000000710e00000| PB 0x0000000710e00000| Untracked 
| 104|0x0000000711000000, 0x0000000711000000, 0x0000000711200000|  0%| F|  |TAMS 0x0000000711000000| PB 0x0000000711000000| Untracked 
| 105|0x0000000711200000, 0x0000000711200000, 0x0000000711400000|  0%| F|  |TAMS 0x0000000711200000| PB 0x0000000711200000| Untracked 
| 106|0x0000000711400000, 0x0000000711400000, 0x0000000711600000|  0%| F|  |TAMS 0x0000000711400000| PB 0x0000000711400000| Untracked 
| 107|0x0000000711600000, 0x0000000711600000, 0x0000000711800000|  0%| F|  |TAMS 0x0000000711600000| PB 0x0000000711600000| Untracked 
| 108|0x0000000711800000, 0x0000000711800000, 0x0000000711a00000|  0%| F|  |TAMS 0x0000000711800000| PB 0x0000000711800000| Untracked 
| 109|0x0000000711a00000, 0x0000000711a00000, 0x0000000711c00000|  0%| F|  |TAMS 0x0000000711a00000| PB 0x0000000711a00000| Untracked 
| 110|0x0000000711c00000, 0x0000000711c00000, 0x0000000711e00000|  0%| F|  |TAMS 0x0000000711c00000| PB 0x0000000711c00000| Untracked 
| 111|0x0000000711e00000, 0x0000000711e00000, 0x0000000712000000|  0%| F|  |TAMS 0x0000000711e00000| PB 0x0000000711e00000| Untracked 
| 112|0x0000000712000000, 0x0000000712000000, 0x0000000712200000|  0%| F|  |TAMS 0x0000000712000000| PB 0x0000000712000000| Untracked 
| 113|0x0000000712200000, 0x0000000712200000, 0x0000000712400000|  0%| F|  |TAMS 0x0000000712200000| PB 0x0000000712200000| Untracked 
| 114|0x0000000712400000, 0x0000000712400000, 0x0000000712600000|  0%| F|  |TAMS 0x0000000712400000| PB 0x0000000712400000| Untracked 
| 115|0x0000000712600000, 0x00000007126e1cc0, 0x0000000712800000| 44%| E|  |TAMS 0x0000000712600000| PB 0x0000000712600000| Complete 
| 116|0x0000000712800000, 0x0000000712a00000, 0x0000000712a00000|100%| E|CS|TAMS 0x0000000712800000| PB 0x0000000712800000| Complete 
| 117|0x0000000712a00000, 0x0000000712c00000, 0x0000000712c00000|100%| E|CS|TAMS 0x0000000712a00000| PB 0x0000000712a00000| Complete 
| 118|0x0000000712c00000, 0x0000000712e00000, 0x0000000712e00000|100%| E|CS|TAMS 0x0000000712c00000| PB 0x0000000712c00000| Complete 
| 119|0x0000000712e00000, 0x0000000713000000, 0x0000000713000000|100%| E|CS|TAMS 0x0000000712e00000| PB 0x0000000712e00000| Complete 
| 120|0x0000000713000000, 0x0000000713200000, 0x0000000713200000|100%| E|CS|TAMS 0x0000000713000000| PB 0x0000000713000000| Complete 
| 121|0x0000000713200000, 0x0000000713400000, 0x0000000713400000|100%| E|CS|TAMS 0x0000000713200000| PB 0x0000000713200000| Complete 
| 122|0x0000000713400000, 0x0000000713600000, 0x0000000713600000|100%| E|CS|TAMS 0x0000000713400000| PB 0x0000000713400000| Complete 
| 123|0x0000000713600000, 0x0000000713800000, 0x0000000713800000|100%| E|CS|TAMS 0x0000000713600000| PB 0x0000000713600000| Complete 
| 124|0x0000000713800000, 0x0000000713a00000, 0x0000000713a00000|100%| E|CS|TAMS 0x0000000713800000| PB 0x0000000713800000| Complete 
| 125|0x0000000713a00000, 0x0000000713c00000, 0x0000000713c00000|100%| E|CS|TAMS 0x0000000713a00000| PB 0x0000000713a00000| Complete 

Card table byte_map: [0x000002417ee30000,0x000002417f610000] _byte_map_base: 0x000002417b610000

Marking Bits: (CMBitMap*) 0x000002417c0fbe00
 Bits: [0x00000241173c0000, 0x000002411b2c0000)

Polling page: 0x000002417c220000

Metaspace:

Usage:
  Non-class:      5.13 MB used.
      Class:    669.00 KB used.
       Both:      5.78 MB used.

Virtual space:
  Non-class space:       64.00 MB reserved,       5.19 MB (  8%) committed,  1 nodes.
      Class space:        1.00 GB reserved,     704.00 KB ( <1%) committed,  1 nodes.
             Both:        1.06 GB reserved,       5.88 MB ( <1%) committed. 

Chunk freelists:
   Non-Class:  9.27 MB
       Class:  15.31 MB
        Both:  24.58 MB

MaxMetaspaceSize: unlimited
CompressedClassSpaceSize: 1.00 GB
Initial GC threshold: 21.00 MB
Current GC threshold: 21.00 MB
CDS: on
 - commit_granule_bytes: 65536.
 - commit_granule_words: 8192.
 - virtual_space_node_default_size: 8388608.
 - enlarge_chunks_in_place: 1.
 - use_allocation_guard: 0.


Internal statistics:

num_allocs_failed_limit: 0.
num_arena_births: 66.
num_arena_deaths: 0.
num_vsnodes_births: 2.
num_vsnodes_deaths: 0.
num_space_committed: 94.
num_space_uncommitted: 0.
num_chunks_returned_to_freelist: 0.
num_chunks_taken_from_freelist: 227.
num_chunk_merges: 0.
num_chunk_splits: 146.
num_chunks_enlarged: 113.
num_inconsistent_stats: 0.

CodeHeap 'non-profiled nmethods': size=120000Kb used=371Kb max_used=371Kb free=119628Kb
 bounds [0x000002410fe90000, 0x0000024110100000, 0x00000241173c0000]
CodeHeap 'profiled nmethods': size=120000Kb used=2117Kb max_used=2117Kb free=117882Kb
 bounds [0x00000241083c0000, 0x0000024108630000, 0x000002410f8f0000]
CodeHeap 'non-nmethods': size=5760Kb used=1504Kb max_used=1523Kb free=4255Kb
 bounds [0x000002410f8f0000, 0x000002410fb60000, 0x000002410fe90000]
 total_blobs=1602 nmethods=1130 adapters=377
 compilation: enabled
              stopped_count=0, restarted_count=0
 full_count=0

Compilation events (20 events):
Event: 95.914 Thread 0x000002411d4c1000 1117       3       java.util.Comparator$$Lambda/0x000002411f071040::compare (10 bytes)
Event: 95.914 Thread 0x000002411d4c1000 nmethod 1117 0x00000241085c4190 code [0x00000241085c4380, 0x00000241085c4878]
Event: 95.914 Thread 0x000002411d3b1240 nmethod 1101 0x000002410feebb10 code [0x000002410feebce0, 0x000002410feec058]
Event: 95.918 Thread 0x000002411d4c1000 1118       3       jdk.internal.jimage.BasicImageReader::getLocationIndex (52 bytes)
Event: 95.918 Thread 0x000002411d4c1000 nmethod 1118 0x00000241085c4a10 code [0x00000241085c4c20, 0x00000241085c50b8]
Event: 95.918 Thread 0x000002411d4c1000 1119       3       jdk.internal.jimage.ImageStringsReader::hashCode (8 bytes)
Event: 95.918 Thread 0x000002411d4c1000 nmethod 1119 0x00000241085c5310 code [0x00000241085c54c0, 0x00000241085c5680]
Event: 95.918 Thread 0x000002411d4c1000 1120       1       java.nio.Buffer::position (5 bytes)
Event: 95.918 Thread 0x000002411d4c1000 nmethod 1120 0x000002410feec310 code [0x000002410feec4a0, 0x000002410feec568]
Event: 96.075 Thread 0x000002411d4c1000 1121       3       jdk.internal.jimage.ImageLocation::verify (218 bytes)
Event: 96.076 Thread 0x000002411d4c1000 nmethod 1121 0x00000241085c5790 code [0x00000241085c5a40, 0x00000241085c6708]
Event: 96.076 Thread 0x000002411d3b1240 1122       4       java.lang.StringLatin1::indexOf (121 bytes)
Event: 96.081 Thread 0x000002411d3b1240 nmethod 1122 0x000002410feec610 code [0x000002410feec7a0, 0x000002410feecae8]
Event: 96.082 Thread 0x000002411d4c1000 1123       3       java.lang.Character::isLetterOrDigit (5 bytes)
Event: 96.082 Thread 0x000002411d4c1000 nmethod 1123 0x00000241085c6c90 code [0x00000241085c6e60, 0x00000241085c7178]
Event: 96.082 Thread 0x000002411d4c1000 1124       3       java.lang.Character::isLetterOrDigit (19 bytes)
Event: 96.082 Thread 0x000002411d3b1240 1125       4       java.util.HashMap::putVal (300 bytes)
Event: 96.082 Thread 0x000002411d4c1000 nmethod 1124 0x00000241085c7290 code [0x00000241085c7460, 0x00000241085c7710]
Event: 96.086 Thread 0x000002411d4c1000 1126       3       java.lang.StringLatin1::canEncode (13 bytes)
Event: 96.095 Thread 0x000002411d4c1000 nmethod 1126 0x00000241085c7810 code [0x00000241085c79a0, 0x00000241085c7ae8]

GC Heap History (0 events):
No events

Dll operation events (12 events):
Event: 0.934 Loaded shared library C:\Program Files\Java\jdk-21.0.6\bin\java.dll
Event: 5.037 Loaded shared library C:\Program Files\Java\jdk-21.0.6\bin\jsvml.dll
Event: 5.322 Loaded shared library C:\Program Files\Java\jdk-21.0.6\bin\zip.dll
Event: 6.758 Loaded shared library C:\Program Files\Java\jdk-21.0.6\bin\instrument.dll
Event: 6.764 Loaded shared library C:\Program Files\Java\jdk-21.0.6\bin\net.dll
Event: 6.767 Loaded shared library C:\Program Files\Java\jdk-21.0.6\bin\nio.dll
Event: 6.772 Loaded shared library C:\Program Files\Java\jdk-21.0.6\bin\zip.dll
Event: 7.680 Loaded shared library C:\Program Files\JetBrains\IntelliJ IDEA 2023.3.4\bin\breakgen64.dll
Event: 8.228 Loaded shared library C:\Program Files\Java\jdk-21.0.6\bin\extnet.dll
Event: 58.015 Loaded shared library C:\Program Files\Java\jdk-21.0.6\bin\jimage.dll
Event: 72.207 Loaded shared library C:\Users\DELL\AppData\Local\Temp\jansi-2.4.1-5b00c24f24b90c93-jansi.dll
Event: 72.232 Loaded shared library C:\Program Files\Java\jdk-21.0.6\bin\verify.dll

Deoptimization events (20 events):
Event: 96.082 Thread 0x000002417c094420 DEOPT UNPACKING pc=0x000002410f947da2 sp=0x0000004c432fddf0 mode 2
Event: 96.082 Thread 0x000002417c094420 Uncommon trap: trap_request=0xffffffde fr.pc=0x000002410fecee34 relative=0x0000000000000554
Event: 96.082 Thread 0x000002417c094420 Uncommon trap: reason=class_check action=maybe_recompile pc=0x000002410fecee34 method=java.util.HashMap.putVal(ILjava/lang/Object;Ljava/lang/Object;ZZ)Ljava/lang/Object; @ 253 c2
Event: 96.082 Thread 0x000002417c094420 DEOPT PACKING pc=0x000002410fecee34 sp=0x0000004c432fde40
Event: 96.082 Thread 0x000002417c094420 DEOPT UNPACKING pc=0x000002410f947da2 sp=0x0000004c432fddf0 mode 2
Event: 96.082 Thread 0x000002417c094420 Uncommon trap: trap_request=0xffffffde fr.pc=0x000002410fecee34 relative=0x0000000000000554
Event: 96.082 Thread 0x000002417c094420 Uncommon trap: reason=class_check action=maybe_recompile pc=0x000002410fecee34 method=java.util.HashMap.putVal(ILjava/lang/Object;Ljava/lang/Object;ZZ)Ljava/lang/Object; @ 253 c2
Event: 96.082 Thread 0x000002417c094420 DEOPT PACKING pc=0x000002410fecee34 sp=0x0000004c432fde40
Event: 96.082 Thread 0x000002417c094420 DEOPT UNPACKING pc=0x000002410f947da2 sp=0x0000004c432fddf0 mode 2
Event: 96.082 Thread 0x000002417c094420 Uncommon trap: trap_request=0xffffffde fr.pc=0x000002410fecee34 relative=0x0000000000000554
Event: 96.082 Thread 0x000002417c094420 Uncommon trap: reason=class_check action=maybe_recompile pc=0x000002410fecee34 method=java.util.HashMap.putVal(ILjava/lang/Object;Ljava/lang/Object;ZZ)Ljava/lang/Object; @ 253 c2
Event: 96.082 Thread 0x000002417c094420 DEOPT PACKING pc=0x000002410fecee34 sp=0x0000004c432fde40
Event: 96.082 Thread 0x000002417c094420 DEOPT UNPACKING pc=0x000002410f947da2 sp=0x0000004c432fddf0 mode 2
Event: 96.086 Thread 0x000002417c094420 Uncommon trap: trap_request=0xffffffde fr.pc=0x000002410fed38d4 relative=0x00000000000005b4
Event: 96.095 Thread 0x000002417c094420 Uncommon trap: reason=class_check action=maybe_recompile pc=0x000002410fed38d4 method=java.util.regex.Matcher.search(I)Z @ 121 c2
Event: 96.095 Thread 0x000002417c094420 DEOPT PACKING pc=0x000002410fed38d4 sp=0x0000004c432fdda0
Event: 96.095 Thread 0x000002417c094420 DEOPT UNPACKING pc=0x000002410f947da2 sp=0x0000004c432fdd80 mode 2
Event: 96.101 Thread 0x000002417c094420 Uncommon trap: trap_request=0xffffff76 fr.pc=0x000002410fed0d00 relative=0x0000000000000320
Event: 96.101 Thread 0x000002417c094420 Uncommon trap: reason=predicate action=maybe_recompile pc=0x000002410fed0d00 method=java.util.regex.Pattern$BmpCharPropertyGreedy.match(Ljava/util/regex/Matcher;ILjava/lang/CharSequence;)Z @ 12 c2
Event: 96.101 Thread 0x000002417c094420 DEOPT PACKING pc=0x000002410fed0d00 sp=0x0000004c432fdb80

Classes loaded (20 events):
Event: 93.755 Loading class java/lang/annotation/ElementType
Event: 93.755 Loading class java/lang/annotation/ElementType done
Event: 93.756 Loading class java/lang/annotation/Documented
Event: 93.756 Loading class java/lang/annotation/Documented done
Event: 94.823 Loading class java/util/concurrent/TimeoutException
Event: 94.823 Loading class java/util/concurrent/TimeoutException done
Event: 94.823 Loading class java/util/concurrent/CancellationException
Event: 94.823 Loading class java/util/concurrent/CancellationException done
Event: 94.824 Loading class sun/misc/Unsafe
Event: 94.825 Loading class sun/misc/Unsafe done
Event: 94.833 Loading class java/lang/invoke/DirectMethodHandle$StaticAccessor
Event: 94.833 Loading class java/lang/invoke/DirectMethodHandle$StaticAccessor done
Event: 94.869 Loading class java/lang/reflect/ParameterizedType
Event: 94.869 Loading class java/lang/reflect/ParameterizedType done
Event: 95.896 Loading class java/lang/reflect/WildcardType
Event: 95.896 Loading class java/lang/reflect/WildcardType done
Event: 95.899 Loading class sun/reflect/generics/tree/TypeVariableSignature
Event: 95.899 Loading class sun/reflect/generics/tree/TypeVariableSignature done
Event: 95.915 Loading class java/lang/annotation/IncompleteAnnotationException
Event: 95.915 Loading class java/lang/annotation/IncompleteAnnotationException done

Classes unloaded (0 events):
No events

Classes redefined (0 events):
No events

Internal exceptions (16 events):
Event: 7.347 Thread 0x000002417c094420 Exception <a 'java/lang/NoSuchMethodError'{0x00000007138215c8}: 'void java.lang.invoke.DirectMethodHandle$Holder.invokeStatic(java.lang.Object, java.lang.Object, java.lang.Object)'> (0x00000007138215c8) 
thrown [s\open\src\hotspot\share\interpreter\linkResolver.cpp, line 773]
Event: 7.355 Thread 0x000002417c094420 Exception <a 'java/lang/NoSuchMethodError'{0x0000000713838de8}: 'java.lang.Object java.lang.invoke.Invokers$Holder.invokeExact_MT(java.lang.Object, java.lang.Object, java.lang.Object, java.lang.Object, java.lang.Object)'> (0x0000000713838de8) 
thrown [s\open\src\hotspot\share\interpreter\linkResolver.cpp, line 773]
Event: 8.233 Thread 0x000002411d72cc10 Exception <a 'java/lang/NoSuchMethodError'{0x000000071395b690}: 'void java.lang.invoke.DirectMethodHandle$Holder.invokeStatic(java.lang.Object, java.lang.Object)'> (0x000000071395b690) 
thrown [s\open\src\hotspot\share\interpreter\linkResolver.cpp, line 773]
Event: 13.076 Thread 0x000002417c094420 Exception <a 'java/lang/NoSuchMethodError'{0x0000000713604cb8}: 'int java.lang.invoke.DirectMethodHandle$Holder.invokeSpecial(java.lang.Object, java.lang.Object, java.lang.Object)'> (0x0000000713604cb8) 
thrown [s\open\src\hotspot\share\interpreter\linkResolver.cpp, line 773]
Event: 58.002 Thread 0x000002417c094420 Exception <a 'java/lang/NullPointerException'{0x0000000713489418}> (0x0000000713489418) 
thrown [s\open\src\hotspot\share\interpreter\linkResolver.cpp, line 1372]
Event: 66.239 Thread 0x000002417c094420 Exception <a 'sun/nio/fs/WindowsException'{0x00000007134b6360}> (0x00000007134b6360) 
thrown [s\open\src\hotspot\share\prims\jni.cpp, line 520]
Event: 73.378 Thread 0x000002417c094420 Exception <a 'java/lang/NoSuchMethodError'{0x00000007135ce120}: 'void java.lang.invoke.DirectMethodHandle$Holder.invokeStaticInit(java.lang.Object, java.lang.Object)'> (0x00000007135ce120) 
thrown [s\open\src\hotspot\share\interpreter\linkResolver.cpp, line 773]
Event: 78.307 Thread 0x000002417c094420 Exception <a 'java/lang/NoSuchMethodError'{0x0000000713384a68}: 'java.lang.Object java.lang.invoke.DirectMethodHandle$Holder.invokeSpecialIFC(java.lang.Object, java.lang.Object, java.lang.Object, java.lang.Object)'> (0x0000000713384a68) 
thrown [s\open\src\hotspot\share\interpreter\linkResolver.cpp, line 773]
Event: 88.964 Thread 0x000002417c094420 Exception <a 'java/lang/NoSuchMethodError'{0x0000000712d36688}: 'void java.lang.invoke.DirectMethodHandle$Holder.invokeSpecial(java.lang.Object, java.lang.Object, java.lang.Object)'> (0x0000000712d36688) 
thrown [s\open\src\hotspot\share\interpreter\linkResolver.cpp, line 773]
Event: 90.688 Thread 0x000002417c094420 Exception <a 'java/lang/NoSuchMethodError'{0x0000000712a8b888}: 'java.lang.Object java.lang.invoke.DirectMethodHandle$Holder.invokeInterface(java.lang.Object, java.lang.Object)'> (0x0000000712a8b888) 
thrown [s\open\src\hotspot\share\interpreter\linkResolver.cpp, line 773]
Event: 90.709 Thread 0x000002417c094420 Exception <a 'java/lang/NoSuchMethodError'{0x0000000712b29ec8}: 'int java.lang.invoke.DirectMethodHandle$Holder.invokeStatic(java.lang.Object, java.lang.Object, java.lang.Object, java.lang.Object)'> (0x0000000712b29ec8) 
thrown [s\open\src\hotspot\share\interpreter\linkResolver.cpp, line 773]
Event: 90.710 Thread 0x000002417c094420 Exception <a 'java/lang/NoSuchMethodError'{0x0000000712b2d558}: 'java.lang.Object java.lang.invoke.Invokers$Holder.invokeExact_MT(java.lang.Object, java.lang.Object, java.lang.Object, java.lang.Object, java.lang.Object, java.lang.Object)'> (0x0000000712b2d558) 
thrown [s\open\src\hotspot\share\interpreter\linkResolver.cpp, line 773]
Event: 90.714 Thread 0x000002417c094420 Exception <a 'java/lang/NoSuchMethodError'{0x0000000712b3bd20}: 'int java.lang.invoke.DirectMethodHandle$Holder.invokeSpecialIFC(java.lang.Object, java.lang.Object, java.lang.Object, java.lang.Object, java.lang.Object)'> (0x0000000712b3bd20) 
thrown [s\open\src\hotspot\share\interpreter\linkResolver.cpp, line 773]
Event: 93.760 Thread 0x000002417c094420 Exception <a 'java/lang/NoSuchMethodError'{0x00000007128d1698}: 'java.lang.Object java.lang.invoke.DirectMethodHandle$Holder.newInvokeSpecial(java.lang.Object, java.lang.Object, java.lang.Object, java.lang.Object, java.lang.Object)'> (0x00000007128d1698) 
thrown [s\open\src\hotspot\share\interpreter\linkResolver.cpp, line 773]
Event: 95.904 Thread 0x000002417c094420 Exception <a 'java/lang/NoSuchMethodError'{0x00000007129d54f8}: 'int java.lang.invoke.DirectMethodHandle$Holder.invokeStaticInit(java.lang.Object, java.lang.Object)'> (0x00000007129d54f8) 
thrown [s\open\src\hotspot\share\interpreter\linkResolver.cpp, line 773]
Event: 95.915 Thread 0x000002417c094420 Exception <a 'java/lang/NoClassDefFoundError'{0x000000071260c348}: javax/enterprise/inject/Typed> (0x000000071260c348) 
thrown [s\open\src\hotspot\share\classfile\systemDictionary.cpp, line 301]

ZGC Phase Switch (0 events):
No events

VM Operations (20 events):
Event: 82.398 Executing VM operation: Cleanup done
Event: 83.412 Executing VM operation: Cleanup
Event: 83.412 Executing VM operation: Cleanup done
Event: 84.430 Executing VM operation: Cleanup
Event: 84.430 Executing VM operation: Cleanup done
Event: 87.455 Executing VM operation: Cleanup
Event: 87.765 Executing VM operation: Cleanup done
Event: 88.773 Executing VM operation: Cleanup
Event: 88.928 Executing VM operation: Cleanup done
Event: 89.957 Executing VM operation: Cleanup
Event: 90.683 Executing VM operation: Cleanup done
Event: 91.695 Executing VM operation: Cleanup
Event: 91.695 Executing VM operation: Cleanup done
Event: 92.701 Executing VM operation: Cleanup
Event: 92.701 Executing VM operation: Cleanup done
Event: 93.704 Executing VM operation: Cleanup
Event: 93.753 Executing VM operation: Cleanup done
Event: 95.763 Executing VM operation: Cleanup
Event: 95.893 Executing VM operation: Cleanup done
Event: 96.893 Executing VM operation: Cleanup

Events (16 events):
Event: 1.944 Thread 0x000002417c094420 Thread added: 0x000002417c094420
Event: 3.358 Thread 0x000002411d3a1e60 Thread added: 0x000002411d3a1e60
Event: 3.358 Thread 0x000002411d3a6c70 Thread added: 0x000002411d3a6c70
Event: 3.629 Thread 0x000002411d3aa350 Thread added: 0x000002411d3aa350
Event: 3.629 Thread 0x000002411d3ad010 Thread added: 0x000002411d3ad010
Event: 3.629 Thread 0x000002411d3afa70 Thread added: 0x000002411d3afa70
Event: 3.629 Thread 0x000002411d3b04c0 Thread added: 0x000002411d3b04c0
Event: 3.630 Thread 0x000002411d3b1240 Thread added: 0x000002411d3b1240
Event: 3.808 Thread 0x000002411d4c1000 Thread added: 0x000002411d4c1000
Event: 3.848 Thread 0x000002411d49bd00 Thread added: 0x000002411d49bd00
Event: 7.683 Thread 0x000002411d72cc10 Thread added: 0x000002411d72cc10
Event: 7.683 Thread 0x000002411d72d270 Thread added: 0x000002411d72d270
Event: 13.073 Thread 0x000002411d79a4d0 Thread added: 0x000002411d79a4d0
Event: 16.541 Thread 0x000002411d79a4d0 Thread exited: 0x000002411d79a4d0
Event: 58.007 Thread 0x000002411d779980 Thread added: 0x000002411d779980
Event: 95.893 Thread 0x000002411d779980 Thread exited: 0x000002411d779980


Dynamic libraries:
0x00007ff7e26f0000 - 0x00007ff7e2700000 	C:\Program Files\Java\jdk-21.0.6\bin\java.exe
0x00007ffbc1e40000 - 0x00007ffbc20a0000 	C:\WINDOWS\SYSTEM32\ntdll.dll
0x00007ffbc0980000 - 0x00007ffbc0a47000 	C:\WINDOWS\System32\KERNEL32.DLL
0x00007ffbbf020000 - 0x00007ffbbf3ea000 	C:\WINDOWS\System32\KERNELBASE.dll
0x00007ffbbf810000 - 0x00007ffbbf95b000 	C:\WINDOWS\System32\ucrtbase.dll
0x00007ffba0ac0000 - 0x00007ffba0adb000 	C:\Program Files\Java\jdk-21.0.6\bin\VCRUNTIME140.dll
0x00007ffb815c0000 - 0x00007ffb815d9000 	C:\Program Files\Java\jdk-21.0.6\bin\jli.dll
0x00007ffbc0450000 - 0x00007ffbc0502000 	C:\WINDOWS\System32\ADVAPI32.dll
0x00007ffbc02c0000 - 0x00007ffbc0369000 	C:\WINDOWS\System32\msvcrt.dll
0x00007ffbbff10000 - 0x00007ffbbffb6000 	C:\WINDOWS\System32\sechost.dll
0x00007ffbc0860000 - 0x00007ffbc0976000 	C:\WINDOWS\System32\RPCRT4.dll
0x00007ffbbfc40000 - 0x00007ffbbfe0c000 	C:\WINDOWS\System32\USER32.dll
0x00007ffbbf3f0000 - 0x00007ffbbf417000 	C:\WINDOWS\System32\win32u.dll
0x00007ffbc18f0000 - 0x00007ffbc191a000 	C:\WINDOWS\System32\GDI32.dll
0x00007ffbbf620000 - 0x00007ffbbf751000 	C:\WINDOWS\System32\gdi32full.dll
0x00007ffbbf760000 - 0x00007ffbbf803000 	C:\WINDOWS\System32\msvcp_win.dll
0x00007ffba5240000 - 0x00007ffba54d7000 	C:\WINDOWS\WinSxS\amd64_microsoft.windows.common-controls_6595b64144ccf1df_6.0.26100.3624_none_3e086962e3345f24\COMCTL32.dll
0x00007ffbaee60000 - 0x00007ffbaee6b000 	C:\WINDOWS\SYSTEM32\VERSION.dll
0x00007ffbc0820000 - 0x00007ffbc084f000 	C:\WINDOWS\System32\IMM32.DLL
0x00007ffbb0a50000 - 0x00007ffbb0a5c000 	C:\Program Files\Java\jdk-21.0.6\bin\vcruntime140_1.dll
0x00007ffb77ad0000 - 0x00007ffb77b5e000 	C:\Program Files\Java\jdk-21.0.6\bin\msvcp140.dll
0x00007ffb58f30000 - 0x00007ffb59c4a000 	C:\Program Files\Java\jdk-21.0.6\bin\server\jvm.dll
0x00007ffbc0b30000 - 0x00007ffbc0ba4000 	C:\WINDOWS\System32\WS2_32.dll
0x00007ffbbe6d0000 - 0x00007ffbbe72e000 	C:\WINDOWS\SYSTEM32\POWRPROF.dll
0x00007ffbb7340000 - 0x00007ffbb7376000 	C:\WINDOWS\SYSTEM32\WINMM.dll
0x00007ffbbe6b0000 - 0x00007ffbbe6c4000 	C:\WINDOWS\SYSTEM32\UMPDC.dll
0x00007ffbbdd90000 - 0x00007ffbbddaa000 	C:\WINDOWS\SYSTEM32\kernel.appcore.dll
0x00007ffba0c80000 - 0x00007ffba0c8a000 	C:\Program Files\Java\jdk-21.0.6\bin\jimage.dll
0x000000005fc40000 - 0x000000005fdd6000 	C:\Program Files\Microsoft SQL Server\110\Shared\DBGHELP.DLL
0x00007ffbb9d50000 - 0x00007ffbb9d5f000 	C:\Program Files\Java\jdk-21.0.6\bin\instrument.dll
0x00007ffb815a0000 - 0x00007ffb815bf000 	C:\Program Files\Java\jdk-21.0.6\bin\java.dll
0x00007ffbc1080000 - 0x00007ffbc17a9000 	C:\WINDOWS\System32\SHELL32.dll
0x00007ffbbf4b0000 - 0x00007ffbbf618000 	C:\WINDOWS\System32\wintypes.dll
0x00007ffbc1920000 - 0x00007ffbc1ca2000 	C:\WINDOWS\System32\combase.dll
0x00007ffbbcc80000 - 0x00007ffbbd4d2000 	C:\WINDOWS\SYSTEM32\windows.storage.dll
0x00007ffbc1800000 - 0x00007ffbc18ed000 	C:\WINDOWS\System32\SHCORE.dll
0x00007ffbc1cb0000 - 0x00007ffbc1d14000 	C:\WINDOWS\System32\shlwapi.dll
0x00007ffbbef30000 - 0x00007ffbbef5f000 	C:\WINDOWS\SYSTEM32\profapi.dll
0x00007ffb6cb30000 - 0x00007ffb6cc07000 	C:\Program Files\Java\jdk-21.0.6\bin\jsvml.dll
0x00007ffb81440000 - 0x00007ffb81458000 	C:\Program Files\Java\jdk-21.0.6\bin\zip.dll
0x00007ffb96630000 - 0x00007ffb96640000 	C:\Program Files\Java\jdk-21.0.6\bin\net.dll
0x00007ffbb9120000 - 0x00007ffbb923d000 	C:\WINDOWS\SYSTEM32\WINHTTP.dll
0x00007ffbbe2f0000 - 0x00007ffbbe35a000 	C:\WINDOWS\system32\mswsock.dll
0x00007ffb81530000 - 0x00007ffb81546000 	C:\Program Files\Java\jdk-21.0.6\bin\nio.dll
0x00007ffbb9990000 - 0x00007ffbb99aa000 	C:\Program Files\JetBrains\IntelliJ IDEA 2023.3.4\bin\breakgen64.dll
0x00007ffb8f2e0000 - 0x00007ffb8f2e9000 	C:\Program Files\Java\jdk-21.0.6\bin\extnet.dll
0x00007ffb90d00000 - 0x00007ffb90d24000 	C:\Users\DELL\AppData\Local\Temp\jansi-2.4.1-5b00c24f24b90c93-jansi.dll
0x00007ffb81fe0000 - 0x00007ffb81ff0000 	C:\Program Files\Java\jdk-21.0.6\bin\verify.dll

dbghelp: loaded successfully - version: 4.0.5 - missing functions: none
symbol engine: initialized successfully - sym options: 0x614 - pdb path: .;C:\Program Files\Java\jdk-21.0.6\bin;C:\WINDOWS\SYSTEM32;C:\WINDOWS\WinSxS\amd64_microsoft.windows.common-controls_6595b64144ccf1df_6.0.26100.3624_none_3e086962e3345f24;C:\Program Files\Java\jdk-21.0.6\bin\server;C:\Program Files\Microsoft SQL Server\110\Shared;C:\Program Files\JetBrains\IntelliJ IDEA 2023.3.4\bin;C:\Users\DELL\AppData\Local\Temp

VM Arguments:
jvm_args: -Dmaven.multiModuleProjectDirectory=C:\Users\DELL\Desktop\angular Project\backEnd\carsAgence -Djansi.passthrough=true -Dmaven.home=C:\Users\DELL\.m2\wrapper\dists\apache-maven-3.9.9-bin\4nf9hui3q3djbarqar9g711ggc\apache-maven-3.9.9 -Dclassworlds.conf=C:\Users\DELL\.m2\wrapper\dists\apache-maven-3.9.9-bin\4nf9hui3q3djbarqar9g711ggc\apache-maven-3.9.9\bin\m2.conf -Dmaven.ext.class.path=C:\Program Files\JetBrains\IntelliJ IDEA 2023.3.4\plugins\maven\lib\maven-event-listener.jar -javaagent:C:\Program Files\JetBrains\IntelliJ IDEA 2023.3.4\lib\idea_rt.jar=52389:C:\Program Files\JetBrains\IntelliJ IDEA 2023.3.4\bin -Dfile.encoding=UTF-8 -Dsun.stdout.encoding=UTF-8 -Dsun.stderr.encoding=UTF-8 
java_command: org.codehaus.classworlds.Launcher -Didea.version=2023.3.4 clean install
java_class_path (initial): C:\Users\DELL\.m2\wrapper\dists\apache-maven-3.9.9-bin\4nf9hui3q3djbarqar9g711ggc\apache-maven-3.9.9\boot\plexus-classworlds-2.8.0.jar;C:\Users\DELL\.m2\wrapper\dists\apache-maven-3.9.9-bin\4nf9hui3q3djbarqar9g711ggc\apache-maven-3.9.9\boot\plexus-classworlds.license
Launcher Type: SUN_STANDARD

[Global flags]
     intx CICompilerCount                          = 4                                         {product} {ergonomic}
     uint ConcGCThreads                            = 2                                         {product} {ergonomic}
     uint G1ConcRefinementThreads                  = 8                                         {product} {ergonomic}
   size_t G1HeapRegionSize                         = 2097152                                   {product} {ergonomic}
    uintx GCDrainStackTargetSize                   = 64                                        {product} {ergonomic}
   size_t InitialHeapSize                          = 264241152                                 {product} {ergonomic}
   size_t MarkStackSize                            = 4194304                                   {product} {ergonomic}
   size_t MaxHeapSize                              = 4227858432                                {product} {ergonomic}
   size_t MaxNewSize                               = 2535456768                                {product} {ergonomic}
   size_t MinHeapDeltaBytes                        = 2097152                                   {product} {ergonomic}
   size_t MinHeapSize                              = 8388608                                   {product} {ergonomic}
    uintx NonNMethodCodeHeapSize                   = 5839372                                {pd product} {ergonomic}
    uintx NonProfiledCodeHeapSize                  = 122909434                              {pd product} {ergonomic}
    uintx ProfiledCodeHeapSize                     = 122909434                              {pd product} {ergonomic}
    uintx ReservedCodeCacheSize                    = 251658240                              {pd product} {ergonomic}
     bool SegmentedCodeCache                       = true                                      {product} {ergonomic}
   size_t SoftMaxHeapSize                          = 4227858432                             {manageable} {ergonomic}
     bool UseCompressedOops                        = true                           {product lp64_product} {ergonomic}
     bool UseG1GC                                  = true                                      {product} {ergonomic}
     bool UseLargePagesIndividualAllocation        = false                                  {pd product} {ergonomic}

Logging:
Log output configuration:
 #0: stdout all=warning uptime,level,tags foldmultilines=false
 #1: stderr all=off uptime,level,tags foldmultilines=false

Environment Variables:
PATH=C:\PySchool\3.10-32-bit\Scripts;C:\PySchool\3.10-32-bit;C:\oraclexe\app\oracle\product\11.2.0\server\bin;C:\Program Files (x86)\VMware\VMware Workstation\bin\;C:\Program Files\Common Files\Siemens\Automation\Simatic OAM\bin;C:\WINDOWS\system32;C:\WINDOWS;C:\WINDOWS\System32\Wbem;C:\WINDOWS\System32\WindowsPowerShell\v1.0\;C:\WINDOWS\System32\OpenSSH\;C:\Program Files (x86)\Microchip\MPLAB C32 Suite\bin;c:\Program Files (x86)\Microsoft SQL Server\100\Tools\Binn\;c:\Program Files\Microsoft SQL Server\100\Tools\Binn\;c:\Program Files\Microsoft SQL Server\100\DTS\Binn\;C:\Users\DELL\AppData\Local\Programs\Python\Python311;C:\Users\DELL\AppData\Local\Programs\Python\Python311\Scripts;C:\wamp64\bin\php\php8.2.0;C:\wamp64\bin;C:\Program Files\Git\cmd;C:\Program Files\dotnet\;C:\Program Files\Docker\Docker\resources\bin;C:\Users\DELL\AppData\Local\nvm;C:\nvm4w\nodejs;C:\Program Files\Microsoft SQL Server\150\Tools\Binn\;C:\Program Files\Microsoft SQL Server\Client SDK\ODBC\170\Tools\Binn\;C:\Program Files (x86)\Windows Kits\10\Windows Performance Toolkit\;C:\Program Files\Microsoft SQL Server\110\DTS\Binn\;C:\Program Files (x86)\Microsoft SQL Server\110\Tools\Binn\;C:\Program Files\Microsoft SQL Server\110\Tools\Binn\;C:\Program Files (x86)\Microsoft SQL Server\110\Tools\Binn\ManagementStudio\;C:\Program Files (x86)\Microsoft Visual Studio 10.0\Common7\IDE\PrivateAssemblies\;C:\Program Files (x86)\Microsoft SQL Server\110\DTS\Binn\;C:\Program Files\Java\jdk-21.0.6\bin;C:\Users\DELL\scoop\shims;C:\Users\DELL\AppData\Local\Microsoft\WindowsApps;C:\phpm\php-8.2.3 (1);C:\Program Files\JetBrains\PhpStorm 2023.1\bin;;C:\wamp64\bin;C:\Users\DELL\AppData\Local\Programs\Microsoft VS Code\bin;C:\Users\DELL\AppData\Roaming\npm;C:\Users\DELL\AppData\Local\nvm;C:\nvm4w\nodejs;C:\Users\DELL\.dotnet\tools;C:\Users\DELL\AppData\Local\Programs\cursor\resources\app\bin
USERNAME=DELL
OS=Windows_NT
PROCESSOR_IDENTIFIER=Intel64 Family 6 Model 140 Stepping 1, GenuineIntel
TMP=C:\Users\DELL\AppData\Local\Temp
TEMP=C:\Users\DELL\AppData\Local\Temp




Periodic native trim disabled

---------------  S Y S T E M  ---------------

OS:
 Windows 11 , 64 bit Build 26100 (10.0.26100.3775)
OS uptime: 1 days 17:54 hours
Hyper-V role detected

CPU: total 8 (initial active 8) (4 cores per cpu, 2 threads per core) family 6 model 140 stepping 1 microcode 0xba, cx8, cmov, fxsr, ht, mmx, 3dnowpref, sse, sse2, sse3, ssse3, sse4.1, sse4.2, popcnt, lzcnt, tsc, tscinvbit, avx, avx2, aes, erms, clmul, bmi1, bmi2, adx, avx512f, avx512dq, avx512cd, avx512bw, avx512vl, sha, fma, vzeroupper, avx512_vpopcntdq, avx512_vpclmulqdq, avx512_vaes, avx512_vnni, clflush, clflushopt, clwb, avx512_vbmi2, avx512_vbmi, hv, rdtscp, rdpid, fsrm, gfni, avx512_bitalg, f16c, cet_ibt, cet_ss, avx512_ifma
Processor Information for all 8 processors :
  Max Mhz: 2419, Current Mhz: 2419, Mhz Limit: 2419

Memory: 4k page, system-wide physical 16126M (1619M free)
TotalPageFile size 65278M (AvailPageFile size 2772M)
current process WorkingSet (physical memory assigned to process): 54M, peak: 54M
current process commit charge ("private bytes"): 348M, peak: 349M

vm_info: Java HotSpot(TM) 64-Bit Server VM (21.0.6+8-LTS-188) for windows-amd64 JRE (21.0.6+8-LTS-188), built on 2024-12-03T10:50:54Z by "mach5one" with MS VC++ 17.6 (VS2022)

END.
