#
# There is insufficient memory for the Java Runtime Environment to continue.
# Native memory allocation (malloc) failed to allocate 34256 bytes for Chunk::new
# Possible reasons:
#   The system is out of physical RAM or swap space
#   The process is running with CompressedOops enabled, and the Java Heap may be blocking the growth of the native heap
# Possible solutions:
#   Reduce memory load on the system
#   Increase physical memory or swap space
#   Check if swap backing store is full
#   Decrease Java heap size (-Xmx/-Xms)
#   Decrease number of Java threads
#   Decrease Java thread stack sizes (-Xss)
#   Set larger code cache with -XX:ReservedCodeCacheSize=
#   JVM is running with Zero Based Compressed Oops mode in which the Java heap is
#     placed in the first 32GB address space. The Java Heap base address is the
#     maximum limit for the native heap growth. Please use -XX:HeapBaseMinAddress
#     to set the Java Heap base and to place the Java Heap above 32GB virtual address.
# This output file may be truncated or incomplete.
#
#  Out of Memory Error (arena.cpp:168), pid=27320, tid=33380
#
# JRE version: Java(TM) SE Runtime Environment (21.0.6+8) (build 21.0.6+8-LTS-188)
# Java VM: Java HotSpot(TM) 64-Bit Server VM (21.0.6+8-LTS-188, mixed mode, sharing, tiered, compressed oops, compressed class ptrs, g1 gc, windows-amd64)
# No core dump will be written. Minidumps are not enabled by default on client versions of Windows
#

---------------  S U M M A R Y ------------

Command Line: -Dmaven.multiModuleProjectDirectory=C:\Users\DELL\Desktop\angular Project\backEnd\carsAgence -Djansi.passthrough=true -Dmaven.home=C:\Users\DELL\.m2\wrapper\dists\apache-maven-3.9.9-bin\4nf9hui3q3djbarqar9g711ggc\apache-maven-3.9.9 -Dclassworlds.conf=C:\Users\DELL\.m2\wrapper\dists\apache-maven-3.9.9-bin\4nf9hui3q3djbarqar9g711ggc\apache-maven-3.9.9\bin\m2.conf -Dmaven.ext.class.path=C:\Program Files\JetBrains\IntelliJ IDEA 2023.3.4\plugins\maven\lib\maven-event-listener.jar -javaagent:C:\Program Files\JetBrains\IntelliJ IDEA 2023.3.4\lib\idea_rt.jar=52412:C:\Program Files\JetBrains\IntelliJ IDEA 2023.3.4\bin -Dfile.encoding=UTF-8 -Dsun.stdout.encoding=UTF-8 -Dsun.stderr.encoding=UTF-8 org.codehaus.classworlds.Launcher -Didea.version=2023.3.4 clean install

Host: 11th Gen Intel(R) Core(TM) i5-1135G7 @ 2.40GHz, 8 cores, 15G,  Windows 11 , 64 bit Build 26100 (10.0.26100.3775)
Time: Tue Apr 22 17:31:55 2025 Afr. centrale Ouest elapsed time: 94.380403 seconds (0d 0h 1m 34s)

---------------  T H R E A D  ---------------

Current thread (0x000001f1fcad0c90):  JavaThread "C2 CompilerThread0" daemon [_thread_in_native, id=33380, stack(0x00000037b4600000,0x00000037b4700000) (1024K)]


Current CompileTask:
C2:  94380  647       4       java.lang.AbstractStringBuilder::append (45 bytes)

Stack: [0x00000037b4600000,0x00000037b4700000]
Native frames: (J=compiled Java code, j=interpreted, Vv=VM code, C=native code)
V  [jvm.dll+0x6ca6d9]
V  [jvm.dll+0x854f51]
V  [jvm.dll+0x85747e]
V  [jvm.dll+0x857b53]
V  [jvm.dll+0x27dcc6]
V  [jvm.dll+0xc4c2d]
V  [jvm.dll+0xc5163]
V  [jvm.dll+0x13ebef]
V  [jvm.dll+0x65b855]
V  [jvm.dll+0x659d6d]
V  [jvm.dll+0x2467a5]
V  [jvm.dll+0x245eff]
V  [jvm.dll+0x1c6d2e]
V  [jvm.dll+0x2554f9]
V  [jvm.dll+0x253a8a]
V  [jvm.dll+0x3ee576]
V  [jvm.dll+0x7ff2fb]
V  [jvm.dll+0x6c8dbd]
C  [ucrtbase.dll+0x37b0]
C  [KERNEL32.DLL+0x2e8d7]
C  [ntdll.dll+0xb14fc]


---------------  P R O C E S S  ---------------

Threads class SMR info:
_java_thread_list=0x000001f1fce38b40, length=13, elements={
0x000001f1ea752420, 0x000001f1fcac2840, 0x000001f1fcac74a0, 0x000001f1fcacc010,
0x000001f1fcacca60, 0x000001f1fcacd4b0, 0x000001f1fcacdf00, 0x000001f1fcad0c90,
0x000001f1fcad2730, 0x000001f1fca982e0, 0x000001f1fce342b0, 0x000001f1fce36920,
0x000001f1fcfadec0
}

Java Threads: ( => current thread )
  0x000001f1ea752420 JavaThread "main"                              [_thread_blocked, id=29556, stack(0x00000037b3800000,0x00000037b3900000) (1024K)]
  0x000001f1fcac2840 JavaThread "Reference Handler"          daemon [_thread_blocked, id=33356, stack(0x00000037b4000000,0x00000037b4100000) (1024K)]
  0x000001f1fcac74a0 JavaThread "Finalizer"                  daemon [_thread_blocked, id=33360, stack(0x00000037b4100000,0x00000037b4200000) (1024K)]
  0x000001f1fcacc010 JavaThread "Signal Dispatcher"          daemon [_thread_blocked, id=33364, stack(0x00000037b4200000,0x00000037b4300000) (1024K)]
  0x000001f1fcacca60 JavaThread "Attach Listener"            daemon [_thread_blocked, id=33368, stack(0x00000037b4300000,0x00000037b4400000) (1024K)]
  0x000001f1fcacd4b0 JavaThread "Service Thread"             daemon [_thread_blocked, id=33372, stack(0x00000037b4400000,0x00000037b4500000) (1024K)]
  0x000001f1fcacdf00 JavaThread "Monitor Deflation Thread"   daemon [_thread_blocked, id=33376, stack(0x00000037b4500000,0x00000037b4600000) (1024K)]
=>0x000001f1fcad0c90 JavaThread "C2 CompilerThread0"         daemon [_thread_in_native, id=33380, stack(0x00000037b4600000,0x00000037b4700000) (1024K)]
  0x000001f1fcad2730 JavaThread "C1 CompilerThread0"         daemon [_thread_blocked, id=33384, stack(0x00000037b4700000,0x00000037b4800000) (1024K)]
  0x000001f1fca982e0 JavaThread "Common-Cleaner"             daemon [_thread_blocked, id=33396, stack(0x00000037b4800000,0x00000037b4900000) (1024K)]
  0x000001f1fce342b0 JavaThread "Monitor Ctrl-Break"         daemon [_thread_in_native, id=34640, stack(0x00000037b4900000,0x00000037b4a00000) (1024K)]
  0x000001f1fce36920 JavaThread "Notification Thread"        daemon [_thread_blocked, id=34644, stack(0x00000037b4a00000,0x00000037b4b00000) (1024K)]
  0x000001f1fcfadec0 JavaThread "cleanup"                    daemon [_thread_in_native, id=18960, stack(0x00000037b3500000,0x00000037b3600000) (1024K)]
Total: 13

Other Threads:
  0x000001f1fcaa67a0 VMThread "VM Thread"                           [id=32312, stack(0x00000037b3f00000,0x00000037b4000000) (1024K)]
  0x000001f1fca967f0 WatcherThread "VM Periodic Task Thread"        [id=32300, stack(0x00000037b3e00000,0x00000037b3f00000) (1024K)]
  0x000001f1ea7b9f50 WorkerThread "GC Thread#0"                     [id=32280, stack(0x00000037b3900000,0x00000037b3a00000) (1024K)]
  0x000001f1ea7cb250 ConcurrentGCThread "G1 Main Marker"            [id=32284, stack(0x00000037b3a00000,0x00000037b3b00000) (1024K)]
  0x000001f1ea7cbc60 WorkerThread "G1 Conc#0"                       [id=32288, stack(0x00000037b3b00000,0x00000037b3c00000) (1024K)]
  0x000001f1fca44600 ConcurrentGCThread "G1 Refine#0"               [id=32292, stack(0x00000037b3c00000,0x00000037b3d00000) (1024K)]
  0x000001f1fca45390 ConcurrentGCThread "G1 Service"                [id=32296, stack(0x00000037b3d00000,0x00000037b3e00000) (1024K)]
Total: 7

Threads with active compile tasks:
C2 CompilerThread0    94509  647       4       java.lang.AbstractStringBuilder::append (45 bytes)
Total: 1

VM state: not at safepoint (normal execution)

VM Mutex/Monitor currently owned by a thread: None

Heap address: 0x0000000704000000, size: 4032 MB, Compressed Oops mode: Zero based, Oop shift amount: 3

CDS archive(s) mapped at: [0x000001f18f000000-0x000001f18fc90000-0x000001f18fc90000), size 13172736, SharedBaseAddress: 0x000001f18f000000, ArchiveRelocationMode: 1.
Compressed class space mapped at: 0x000001f190000000-0x000001f1d0000000, reserved size: 1073741824
Narrow klass base: 0x000001f18f000000, Narrow klass shift: 0, Narrow klass range: 0x100000000

GC Precious Log:
 CardTable entry size: 512
 Card Set container configuration: InlinePtr #cards 4 size 8 Array Of Cards #cards 16 size 48 Howl #buckets 8 coarsen threshold 3686 Howl Bitmap #cards 512 size 80 coarsen threshold 460 Card regions per heap region 1 cards per card region 4096
 CPUs: 8 total, 8 available
 Memory: 16126M
 Large Page Support: Disabled
 NUMA Support: Disabled
 Compressed Oops: Enabled (Zero based)
 Heap Region Size: 2M
 Heap Min Capacity: 8M
 Heap Initial Capacity: 252M
 Heap Max Capacity: 4032M
 Pre-touch: Disabled
 Parallel Workers: 8
 Concurrent Workers: 2
 Concurrent Refinement Workers: 8
 Periodic GC: Disabled

Heap:
 garbage-first heap   total 258048K, used 8192K [0x0000000704000000, 0x0000000800000000)
  region size 2048K, 5 young (10240K), 0 survivors (0K)
 Metaspace       used 2799K, committed 3008K, reserved 1114112K
  class space    used 264K, committed 384K, reserved 1048576K

Heap Regions: E=young(eden), S=young(survivor), O=old, HS=humongous(starts), HC=humongous(continues), CS=collection set, F=free, TAMS=top-at-mark-start, PB=parsable bottom
|   0|0x0000000704000000, 0x0000000704000000, 0x0000000704200000|  0%| F|  |TAMS 0x0000000704000000| PB 0x0000000704000000| Untracked 
|   1|0x0000000704200000, 0x0000000704200000, 0x0000000704400000|  0%| F|  |TAMS 0x0000000704200000| PB 0x0000000704200000| Untracked 
|   2|0x0000000704400000, 0x0000000704400000, 0x0000000704600000|  0%| F|  |TAMS 0x0000000704400000| PB 0x0000000704400000| Untracked 
|   3|0x0000000704600000, 0x0000000704600000, 0x0000000704800000|  0%| F|  |TAMS 0x0000000704600000| PB 0x0000000704600000| Untracked 
|   4|0x0000000704800000, 0x0000000704800000, 0x0000000704a00000|  0%| F|  |TAMS 0x0000000704800000| PB 0x0000000704800000| Untracked 
|   5|0x0000000704a00000, 0x0000000704a00000, 0x0000000704c00000|  0%| F|  |TAMS 0x0000000704a00000| PB 0x0000000704a00000| Untracked 
|   6|0x0000000704c00000, 0x0000000704c00000, 0x0000000704e00000|  0%| F|  |TAMS 0x0000000704c00000| PB 0x0000000704c00000| Untracked 
|   7|0x0000000704e00000, 0x0000000704e00000, 0x0000000705000000|  0%| F|  |TAMS 0x0000000704e00000| PB 0x0000000704e00000| Untracked 
|   8|0x0000000705000000, 0x0000000705000000, 0x0000000705200000|  0%| F|  |TAMS 0x0000000705000000| PB 0x0000000705000000| Untracked 
|   9|0x0000000705200000, 0x0000000705200000, 0x0000000705400000|  0%| F|  |TAMS 0x0000000705200000| PB 0x0000000705200000| Untracked 
|  10|0x0000000705400000, 0x0000000705400000, 0x0000000705600000|  0%| F|  |TAMS 0x0000000705400000| PB 0x0000000705400000| Untracked 
|  11|0x0000000705600000, 0x0000000705600000, 0x0000000705800000|  0%| F|  |TAMS 0x0000000705600000| PB 0x0000000705600000| Untracked 
|  12|0x0000000705800000, 0x0000000705800000, 0x0000000705a00000|  0%| F|  |TAMS 0x0000000705800000| PB 0x0000000705800000| Untracked 
|  13|0x0000000705a00000, 0x0000000705a00000, 0x0000000705c00000|  0%| F|  |TAMS 0x0000000705a00000| PB 0x0000000705a00000| Untracked 
|  14|0x0000000705c00000, 0x0000000705c00000, 0x0000000705e00000|  0%| F|  |TAMS 0x0000000705c00000| PB 0x0000000705c00000| Untracked 
|  15|0x0000000705e00000, 0x0000000705e00000, 0x0000000706000000|  0%| F|  |TAMS 0x0000000705e00000| PB 0x0000000705e00000| Untracked 
|  16|0x0000000706000000, 0x0000000706000000, 0x0000000706200000|  0%| F|  |TAMS 0x0000000706000000| PB 0x0000000706000000| Untracked 
|  17|0x0000000706200000, 0x0000000706200000, 0x0000000706400000|  0%| F|  |TAMS 0x0000000706200000| PB 0x0000000706200000| Untracked 
|  18|0x0000000706400000, 0x0000000706400000, 0x0000000706600000|  0%| F|  |TAMS 0x0000000706400000| PB 0x0000000706400000| Untracked 
|  19|0x0000000706600000, 0x0000000706600000, 0x0000000706800000|  0%| F|  |TAMS 0x0000000706600000| PB 0x0000000706600000| Untracked 
|  20|0x0000000706800000, 0x0000000706800000, 0x0000000706a00000|  0%| F|  |TAMS 0x0000000706800000| PB 0x0000000706800000| Untracked 
|  21|0x0000000706a00000, 0x0000000706a00000, 0x0000000706c00000|  0%| F|  |TAMS 0x0000000706a00000| PB 0x0000000706a00000| Untracked 
|  22|0x0000000706c00000, 0x0000000706c00000, 0x0000000706e00000|  0%| F|  |TAMS 0x0000000706c00000| PB 0x0000000706c00000| Untracked 
|  23|0x0000000706e00000, 0x0000000706e00000, 0x0000000707000000|  0%| F|  |TAMS 0x0000000706e00000| PB 0x0000000706e00000| Untracked 
|  24|0x0000000707000000, 0x0000000707000000, 0x0000000707200000|  0%| F|  |TAMS 0x0000000707000000| PB 0x0000000707000000| Untracked 
|  25|0x0000000707200000, 0x0000000707200000, 0x0000000707400000|  0%| F|  |TAMS 0x0000000707200000| PB 0x0000000707200000| Untracked 
|  26|0x0000000707400000, 0x0000000707400000, 0x0000000707600000|  0%| F|  |TAMS 0x0000000707400000| PB 0x0000000707400000| Untracked 
|  27|0x0000000707600000, 0x0000000707600000, 0x0000000707800000|  0%| F|  |TAMS 0x0000000707600000| PB 0x0000000707600000| Untracked 
|  28|0x0000000707800000, 0x0000000707800000, 0x0000000707a00000|  0%| F|  |TAMS 0x0000000707800000| PB 0x0000000707800000| Untracked 
|  29|0x0000000707a00000, 0x0000000707a00000, 0x0000000707c00000|  0%| F|  |TAMS 0x0000000707a00000| PB 0x0000000707a00000| Untracked 
|  30|0x0000000707c00000, 0x0000000707c00000, 0x0000000707e00000|  0%| F|  |TAMS 0x0000000707c00000| PB 0x0000000707c00000| Untracked 
|  31|0x0000000707e00000, 0x0000000707e00000, 0x0000000708000000|  0%| F|  |TAMS 0x0000000707e00000| PB 0x0000000707e00000| Untracked 
|  32|0x0000000708000000, 0x0000000708000000, 0x0000000708200000|  0%| F|  |TAMS 0x0000000708000000| PB 0x0000000708000000| Untracked 
|  33|0x0000000708200000, 0x0000000708200000, 0x0000000708400000|  0%| F|  |TAMS 0x0000000708200000| PB 0x0000000708200000| Untracked 
|  34|0x0000000708400000, 0x0000000708400000, 0x0000000708600000|  0%| F|  |TAMS 0x0000000708400000| PB 0x0000000708400000| Untracked 
|  35|0x0000000708600000, 0x0000000708600000, 0x0000000708800000|  0%| F|  |TAMS 0x0000000708600000| PB 0x0000000708600000| Untracked 
|  36|0x0000000708800000, 0x0000000708800000, 0x0000000708a00000|  0%| F|  |TAMS 0x0000000708800000| PB 0x0000000708800000| Untracked 
|  37|0x0000000708a00000, 0x0000000708a00000, 0x0000000708c00000|  0%| F|  |TAMS 0x0000000708a00000| PB 0x0000000708a00000| Untracked 
|  38|0x0000000708c00000, 0x0000000708c00000, 0x0000000708e00000|  0%| F|  |TAMS 0x0000000708c00000| PB 0x0000000708c00000| Untracked 
|  39|0x0000000708e00000, 0x0000000708e00000, 0x0000000709000000|  0%| F|  |TAMS 0x0000000708e00000| PB 0x0000000708e00000| Untracked 
|  40|0x0000000709000000, 0x0000000709000000, 0x0000000709200000|  0%| F|  |TAMS 0x0000000709000000| PB 0x0000000709000000| Untracked 
|  41|0x0000000709200000, 0x0000000709200000, 0x0000000709400000|  0%| F|  |TAMS 0x0000000709200000| PB 0x0000000709200000| Untracked 
|  42|0x0000000709400000, 0x0000000709400000, 0x0000000709600000|  0%| F|  |TAMS 0x0000000709400000| PB 0x0000000709400000| Untracked 
|  43|0x0000000709600000, 0x0000000709600000, 0x0000000709800000|  0%| F|  |TAMS 0x0000000709600000| PB 0x0000000709600000| Untracked 
|  44|0x0000000709800000, 0x0000000709800000, 0x0000000709a00000|  0%| F|  |TAMS 0x0000000709800000| PB 0x0000000709800000| Untracked 
|  45|0x0000000709a00000, 0x0000000709a00000, 0x0000000709c00000|  0%| F|  |TAMS 0x0000000709a00000| PB 0x0000000709a00000| Untracked 
|  46|0x0000000709c00000, 0x0000000709c00000, 0x0000000709e00000|  0%| F|  |TAMS 0x0000000709c00000| PB 0x0000000709c00000| Untracked 
|  47|0x0000000709e00000, 0x0000000709e00000, 0x000000070a000000|  0%| F|  |TAMS 0x0000000709e00000| PB 0x0000000709e00000| Untracked 
|  48|0x000000070a000000, 0x000000070a000000, 0x000000070a200000|  0%| F|  |TAMS 0x000000070a000000| PB 0x000000070a000000| Untracked 
|  49|0x000000070a200000, 0x000000070a200000, 0x000000070a400000|  0%| F|  |TAMS 0x000000070a200000| PB 0x000000070a200000| Untracked 
|  50|0x000000070a400000, 0x000000070a400000, 0x000000070a600000|  0%| F|  |TAMS 0x000000070a400000| PB 0x000000070a400000| Untracked 
|  51|0x000000070a600000, 0x000000070a600000, 0x000000070a800000|  0%| F|  |TAMS 0x000000070a600000| PB 0x000000070a600000| Untracked 
|  52|0x000000070a800000, 0x000000070a800000, 0x000000070aa00000|  0%| F|  |TAMS 0x000000070a800000| PB 0x000000070a800000| Untracked 
|  53|0x000000070aa00000, 0x000000070aa00000, 0x000000070ac00000|  0%| F|  |TAMS 0x000000070aa00000| PB 0x000000070aa00000| Untracked 
|  54|0x000000070ac00000, 0x000000070ac00000, 0x000000070ae00000|  0%| F|  |TAMS 0x000000070ac00000| PB 0x000000070ac00000| Untracked 
|  55|0x000000070ae00000, 0x000000070ae00000, 0x000000070b000000|  0%| F|  |TAMS 0x000000070ae00000| PB 0x000000070ae00000| Untracked 
|  56|0x000000070b000000, 0x000000070b000000, 0x000000070b200000|  0%| F|  |TAMS 0x000000070b000000| PB 0x000000070b000000| Untracked 
|  57|0x000000070b200000, 0x000000070b200000, 0x000000070b400000|  0%| F|  |TAMS 0x000000070b200000| PB 0x000000070b200000| Untracked 
|  58|0x000000070b400000, 0x000000070b400000, 0x000000070b600000|  0%| F|  |TAMS 0x000000070b400000| PB 0x000000070b400000| Untracked 
|  59|0x000000070b600000, 0x000000070b600000, 0x000000070b800000|  0%| F|  |TAMS 0x000000070b600000| PB 0x000000070b600000| Untracked 
|  60|0x000000070b800000, 0x000000070b800000, 0x000000070ba00000|  0%| F|  |TAMS 0x000000070b800000| PB 0x000000070b800000| Untracked 
|  61|0x000000070ba00000, 0x000000070ba00000, 0x000000070bc00000|  0%| F|  |TAMS 0x000000070ba00000| PB 0x000000070ba00000| Untracked 
|  62|0x000000070bc00000, 0x000000070bc00000, 0x000000070be00000|  0%| F|  |TAMS 0x000000070bc00000| PB 0x000000070bc00000| Untracked 
|  63|0x000000070be00000, 0x000000070be00000, 0x000000070c000000|  0%| F|  |TAMS 0x000000070be00000| PB 0x000000070be00000| Untracked 
|  64|0x000000070c000000, 0x000000070c000000, 0x000000070c200000|  0%| F|  |TAMS 0x000000070c000000| PB 0x000000070c000000| Untracked 
|  65|0x000000070c200000, 0x000000070c200000, 0x000000070c400000|  0%| F|  |TAMS 0x000000070c200000| PB 0x000000070c200000| Untracked 
|  66|0x000000070c400000, 0x000000070c400000, 0x000000070c600000|  0%| F|  |TAMS 0x000000070c400000| PB 0x000000070c400000| Untracked 
|  67|0x000000070c600000, 0x000000070c600000, 0x000000070c800000|  0%| F|  |TAMS 0x000000070c600000| PB 0x000000070c600000| Untracked 
|  68|0x000000070c800000, 0x000000070c800000, 0x000000070ca00000|  0%| F|  |TAMS 0x000000070c800000| PB 0x000000070c800000| Untracked 
|  69|0x000000070ca00000, 0x000000070ca00000, 0x000000070cc00000|  0%| F|  |TAMS 0x000000070ca00000| PB 0x000000070ca00000| Untracked 
|  70|0x000000070cc00000, 0x000000070cc00000, 0x000000070ce00000|  0%| F|  |TAMS 0x000000070cc00000| PB 0x000000070cc00000| Untracked 
|  71|0x000000070ce00000, 0x000000070ce00000, 0x000000070d000000|  0%| F|  |TAMS 0x000000070ce00000| PB 0x000000070ce00000| Untracked 
|  72|0x000000070d000000, 0x000000070d000000, 0x000000070d200000|  0%| F|  |TAMS 0x000000070d000000| PB 0x000000070d000000| Untracked 
|  73|0x000000070d200000, 0x000000070d200000, 0x000000070d400000|  0%| F|  |TAMS 0x000000070d200000| PB 0x000000070d200000| Untracked 
|  74|0x000000070d400000, 0x000000070d400000, 0x000000070d600000|  0%| F|  |TAMS 0x000000070d400000| PB 0x000000070d400000| Untracked 
|  75|0x000000070d600000, 0x000000070d600000, 0x000000070d800000|  0%| F|  |TAMS 0x000000070d600000| PB 0x000000070d600000| Untracked 
|  76|0x000000070d800000, 0x000000070d800000, 0x000000070da00000|  0%| F|  |TAMS 0x000000070d800000| PB 0x000000070d800000| Untracked 
|  77|0x000000070da00000, 0x000000070da00000, 0x000000070dc00000|  0%| F|  |TAMS 0x000000070da00000| PB 0x000000070da00000| Untracked 
|  78|0x000000070dc00000, 0x000000070dc00000, 0x000000070de00000|  0%| F|  |TAMS 0x000000070dc00000| PB 0x000000070dc00000| Untracked 
|  79|0x000000070de00000, 0x000000070de00000, 0x000000070e000000|  0%| F|  |TAMS 0x000000070de00000| PB 0x000000070de00000| Untracked 
|  80|0x000000070e000000, 0x000000070e000000, 0x000000070e200000|  0%| F|  |TAMS 0x000000070e000000| PB 0x000000070e000000| Untracked 
|  81|0x000000070e200000, 0x000000070e200000, 0x000000070e400000|  0%| F|  |TAMS 0x000000070e200000| PB 0x000000070e200000| Untracked 
|  82|0x000000070e400000, 0x000000070e400000, 0x000000070e600000|  0%| F|  |TAMS 0x000000070e400000| PB 0x000000070e400000| Untracked 
|  83|0x000000070e600000, 0x000000070e600000, 0x000000070e800000|  0%| F|  |TAMS 0x000000070e600000| PB 0x000000070e600000| Untracked 
|  84|0x000000070e800000, 0x000000070e800000, 0x000000070ea00000|  0%| F|  |TAMS 0x000000070e800000| PB 0x000000070e800000| Untracked 
|  85|0x000000070ea00000, 0x000000070ea00000, 0x000000070ec00000|  0%| F|  |TAMS 0x000000070ea00000| PB 0x000000070ea00000| Untracked 
|  86|0x000000070ec00000, 0x000000070ec00000, 0x000000070ee00000|  0%| F|  |TAMS 0x000000070ec00000| PB 0x000000070ec00000| Untracked 
|  87|0x000000070ee00000, 0x000000070ee00000, 0x000000070f000000|  0%| F|  |TAMS 0x000000070ee00000| PB 0x000000070ee00000| Untracked 
|  88|0x000000070f000000, 0x000000070f000000, 0x000000070f200000|  0%| F|  |TAMS 0x000000070f000000| PB 0x000000070f000000| Untracked 
|  89|0x000000070f200000, 0x000000070f200000, 0x000000070f400000|  0%| F|  |TAMS 0x000000070f200000| PB 0x000000070f200000| Untracked 
|  90|0x000000070f400000, 0x000000070f400000, 0x000000070f600000|  0%| F|  |TAMS 0x000000070f400000| PB 0x000000070f400000| Untracked 
|  91|0x000000070f600000, 0x000000070f600000, 0x000000070f800000|  0%| F|  |TAMS 0x000000070f600000| PB 0x000000070f600000| Untracked 
|  92|0x000000070f800000, 0x000000070f800000, 0x000000070fa00000|  0%| F|  |TAMS 0x000000070f800000| PB 0x000000070f800000| Untracked 
|  93|0x000000070fa00000, 0x000000070fa00000, 0x000000070fc00000|  0%| F|  |TAMS 0x000000070fa00000| PB 0x000000070fa00000| Untracked 
|  94|0x000000070fc00000, 0x000000070fc00000, 0x000000070fe00000|  0%| F|  |TAMS 0x000000070fc00000| PB 0x000000070fc00000| Untracked 
|  95|0x000000070fe00000, 0x000000070fe00000, 0x0000000710000000|  0%| F|  |TAMS 0x000000070fe00000| PB 0x000000070fe00000| Untracked 
|  96|0x0000000710000000, 0x0000000710000000, 0x0000000710200000|  0%| F|  |TAMS 0x0000000710000000| PB 0x0000000710000000| Untracked 
|  97|0x0000000710200000, 0x0000000710200000, 0x0000000710400000|  0%| F|  |TAMS 0x0000000710200000| PB 0x0000000710200000| Untracked 
|  98|0x0000000710400000, 0x0000000710400000, 0x0000000710600000|  0%| F|  |TAMS 0x0000000710400000| PB 0x0000000710400000| Untracked 
|  99|0x0000000710600000, 0x0000000710600000, 0x0000000710800000|  0%| F|  |TAMS 0x0000000710600000| PB 0x0000000710600000| Untracked 
| 100|0x0000000710800000, 0x0000000710800000, 0x0000000710a00000|  0%| F|  |TAMS 0x0000000710800000| PB 0x0000000710800000| Untracked 
| 101|0x0000000710a00000, 0x0000000710a00000, 0x0000000710c00000|  0%| F|  |TAMS 0x0000000710a00000| PB 0x0000000710a00000| Untracked 
| 102|0x0000000710c00000, 0x0000000710c00000, 0x0000000710e00000|  0%| F|  |TAMS 0x0000000710c00000| PB 0x0000000710c00000| Untracked 
| 103|0x0000000710e00000, 0x0000000710e00000, 0x0000000711000000|  0%| F|  |TAMS 0x0000000710e00000| PB 0x0000000710e00000| Untracked 
| 104|0x0000000711000000, 0x0000000711000000, 0x0000000711200000|  0%| F|  |TAMS 0x0000000711000000| PB 0x0000000711000000| Untracked 
| 105|0x0000000711200000, 0x0000000711200000, 0x0000000711400000|  0%| F|  |TAMS 0x0000000711200000| PB 0x0000000711200000| Untracked 
| 106|0x0000000711400000, 0x0000000711400000, 0x0000000711600000|  0%| F|  |TAMS 0x0000000711400000| PB 0x0000000711400000| Untracked 
| 107|0x0000000711600000, 0x0000000711600000, 0x0000000711800000|  0%| F|  |TAMS 0x0000000711600000| PB 0x0000000711600000| Untracked 
| 108|0x0000000711800000, 0x0000000711800000, 0x0000000711a00000|  0%| F|  |TAMS 0x0000000711800000| PB 0x0000000711800000| Untracked 
| 109|0x0000000711a00000, 0x0000000711a00000, 0x0000000711c00000|  0%| F|  |TAMS 0x0000000711a00000| PB 0x0000000711a00000| Untracked 
| 110|0x0000000711c00000, 0x0000000711c00000, 0x0000000711e00000|  0%| F|  |TAMS 0x0000000711c00000| PB 0x0000000711c00000| Untracked 
| 111|0x0000000711e00000, 0x0000000711e00000, 0x0000000712000000|  0%| F|  |TAMS 0x0000000711e00000| PB 0x0000000711e00000| Untracked 
| 112|0x0000000712000000, 0x0000000712000000, 0x0000000712200000|  0%| F|  |TAMS 0x0000000712000000| PB 0x0000000712000000| Untracked 
| 113|0x0000000712200000, 0x0000000712200000, 0x0000000712400000|  0%| F|  |TAMS 0x0000000712200000| PB 0x0000000712200000| Untracked 
| 114|0x0000000712400000, 0x0000000712400000, 0x0000000712600000|  0%| F|  |TAMS 0x0000000712400000| PB 0x0000000712400000| Untracked 
| 115|0x0000000712600000, 0x0000000712600000, 0x0000000712800000|  0%| F|  |TAMS 0x0000000712600000| PB 0x0000000712600000| Untracked 
| 116|0x0000000712800000, 0x0000000712800000, 0x0000000712a00000|  0%| F|  |TAMS 0x0000000712800000| PB 0x0000000712800000| Untracked 
| 117|0x0000000712a00000, 0x0000000712a00000, 0x0000000712c00000|  0%| F|  |TAMS 0x0000000712a00000| PB 0x0000000712a00000| Untracked 
| 118|0x0000000712c00000, 0x0000000712c00000, 0x0000000712e00000|  0%| F|  |TAMS 0x0000000712c00000| PB 0x0000000712c00000| Untracked 
| 119|0x0000000712e00000, 0x0000000712e00000, 0x0000000713000000|  0%| F|  |TAMS 0x0000000712e00000| PB 0x0000000712e00000| Untracked 
| 120|0x0000000713000000, 0x0000000713000000, 0x0000000713200000|  0%| F|  |TAMS 0x0000000713000000| PB 0x0000000713000000| Untracked 
| 121|0x0000000713200000, 0x00000007133d5218, 0x0000000713400000| 91%| E|  |TAMS 0x0000000713200000| PB 0x0000000713200000| Complete 
| 122|0x0000000713400000, 0x0000000713600000, 0x0000000713600000|100%| E|CS|TAMS 0x0000000713400000| PB 0x0000000713400000| Complete 
| 123|0x0000000713600000, 0x0000000713800000, 0x0000000713800000|100%| E|CS|TAMS 0x0000000713600000| PB 0x0000000713600000| Complete 
| 124|0x0000000713800000, 0x0000000713a00000, 0x0000000713a00000|100%| E|CS|TAMS 0x0000000713800000| PB 0x0000000713800000| Complete 
| 125|0x0000000713a00000, 0x0000000713c00000, 0x0000000713c00000|100%| E|CS|TAMS 0x0000000713a00000| PB 0x0000000713a00000| Complete 

Card table byte_map: [0x000001f1f59e0000,0x000001f1f61c0000] _byte_map_base: 0x000001f1f21c0000

Marking Bits: (CMBitMap*) 0x000001f1ea7bad70
 Bits: [0x000001f1f61c0000, 0x000001f1fa0c0000)

Polling page: 0x000001f1ea9c0000

Metaspace:

Usage:
  Non-class:      2.48 MB used.
      Class:    264.48 KB used.
       Both:      2.73 MB used.

Virtual space:
  Non-class space:       64.00 MB reserved,       2.56 MB (  4%) committed,  1 nodes.
      Class space:        1.00 GB reserved,     384.00 KB ( <1%) committed,  1 nodes.
             Both:        1.06 GB reserved,       2.94 MB ( <1%) committed. 

Chunk freelists:
   Non-Class:  11.03 MB
       Class:  15.61 MB
        Both:  26.64 MB

MaxMetaspaceSize: unlimited
CompressedClassSpaceSize: 1.00 GB
Initial GC threshold: 21.00 MB
Current GC threshold: 21.00 MB
CDS: on
 - commit_granule_bytes: 65536.
 - commit_granule_words: 8192.
 - virtual_space_node_default_size: 8388608.
 - enlarge_chunks_in_place: 1.
 - use_allocation_guard: 0.


Internal statistics:

num_allocs_failed_limit: 0.
num_arena_births: 44.
num_arena_deaths: 0.
num_vsnodes_births: 2.
num_vsnodes_deaths: 0.
num_space_committed: 47.
num_space_uncommitted: 0.
num_chunks_returned_to_freelist: 0.
num_chunks_taken_from_freelist: 103.
num_chunk_merges: 0.
num_chunk_splits: 67.
num_chunks_enlarged: 50.
num_inconsistent_stats: 0.

CodeHeap 'non-profiled nmethods': size=120000Kb used=221Kb max_used=221Kb free=119778Kb
 bounds [0x000001f187ad0000, 0x000001f187d40000, 0x000001f18f000000]
CodeHeap 'profiled nmethods': size=120000Kb used=1028Kb max_used=1028Kb free=118971Kb
 bounds [0x000001f180000000, 0x000001f180270000, 0x000001f187530000]
CodeHeap 'non-nmethods': size=5760Kb used=1457Kb max_used=1473Kb free=4302Kb
 bounds [0x000001f187530000, 0x000001f1877a0000, 0x000001f187ad0000]
 total_blobs=1087 nmethods=646 adapters=346
 compilation: enabled
              stopped_count=0, restarted_count=0
 full_count=0

Compilation events (20 events):
Event: 91.237 Thread 0x000001f1fcad2730  638       3       sun.net.util.IPAddressUtil::checkHostString (64 bytes)
Event: 91.237 Thread 0x000001f1fcad2730 nmethod 638 0x000001f1800f7f10 code [0x000001f1800f80e0, 0x000001f1800f82f0]
Event: 91.241 Thread 0x000001f1fcad2730  639       3       org.codehaus.plexus.classworlds.realm.ClassRealm::loadClass (7 bytes)
Event: 91.242 Thread 0x000001f1fcad2730 nmethod 639 0x000001f1800f8390 code [0x000001f1800f8540, 0x000001f1800f8708]
Event: 91.242 Thread 0x000001f1fcad2730  640   !   3       org.codehaus.plexus.classworlds.realm.ClassRealm::loadClass (33 bytes)
Event: 91.242 Thread 0x000001f1fcad2730 nmethod 640 0x000001f1800f8810 code [0x000001f1800f89e0, 0x000001f1800f8c88]
Event: 91.242 Thread 0x000001f1fcad2730  641   !   3       org.codehaus.plexus.classworlds.realm.ClassRealm::unsynchronizedLoadClass (19 bytes)
Event: 91.242 Thread 0x000001f1fcad2730 nmethod 641 0x000001f1800f8e10 code [0x000001f1800f8fe0, 0x000001f1800f9218]
Event: 91.242 Thread 0x000001f1fcad2730  642       3       java.security.AccessController::executePrivileged (65 bytes)
Event: 91.243 Thread 0x000001f1fcad2730 nmethod 642 0x000001f1800f9390 code [0x000001f1800f9560, 0x000001f1800f9868]
Event: 91.251 Thread 0x000001f1fcad2730  643       3       sun.net.util.URLUtil::urlNoFragString (143 bytes)
Event: 91.252 Thread 0x000001f1fcad2730 nmethod 643 0x000001f1800f9a10 code [0x000001f1800f9d40, 0x000001f1800fad28]
Event: 91.254 Thread 0x000001f1fcad2730  644       3       java.net.URL::toExternalForm (9 bytes)
Event: 91.254 Thread 0x000001f1fcad2730 nmethod 644 0x000001f1800fb290 code [0x000001f1800fb440, 0x000001f1800fb620]
Event: 91.254 Thread 0x000001f1fcad2730  645       3       java.net.URLStreamHandler::toExternalForm (156 bytes)
Event: 91.256 Thread 0x000001f1fcad2730 nmethod 645 0x000001f1800fb710 code [0x000001f1800fbb00, 0x000001f1800fd088]
Event: 91.257 Thread 0x000001f1fcad0c90  646       4       java.util.zip.ZipFile::ensureOpen (40 bytes)
Event: 91.258 Thread 0x000001f1fcad0c90 nmethod 646 0x000001f187b07190 code [0x000001f187b07320, 0x000001f187b07400]
Event: 91.258 Thread 0x000001f1fcad0c90  647       4       java.lang.AbstractStringBuilder::append (45 bytes)
Event: 91.260 Thread 0x000001f1fcad2730  648   !   3       java.util.concurrent.ConcurrentHashMap::computeIfAbsent (576 bytes)

GC Heap History (0 events):
No events

Dll operation events (12 events):
Event: 6.081 Loaded shared library C:\Program Files\Java\jdk-21.0.6\bin\java.dll
Event: 10.033 Loaded shared library C:\Program Files\Java\jdk-21.0.6\bin\jsvml.dll
Event: 10.828 Loaded shared library C:\Program Files\Java\jdk-21.0.6\bin\zip.dll
Event: 10.841 Loaded shared library C:\Program Files\Java\jdk-21.0.6\bin\instrument.dll
Event: 10.852 Loaded shared library C:\Program Files\Java\jdk-21.0.6\bin\net.dll
Event: 10.855 Loaded shared library C:\Program Files\Java\jdk-21.0.6\bin\nio.dll
Event: 10.861 Loaded shared library C:\Program Files\Java\jdk-21.0.6\bin\zip.dll
Event: 11.853 Loaded shared library C:\Program Files\JetBrains\IntelliJ IDEA 2023.3.4\bin\breakgen64.dll
Event: 12.457 Loaded shared library C:\Program Files\Java\jdk-21.0.6\bin\extnet.dll
Event: 72.474 Loaded shared library C:\Program Files\Java\jdk-21.0.6\bin\jimage.dll
Event: 86.844 Loaded shared library C:\Users\DELL\AppData\Local\Temp\jansi-2.4.1-d05b70c96cfe7498-jansi.dll
Event: 86.861 Loaded shared library C:\Program Files\Java\jdk-21.0.6\bin\verify.dll

Deoptimization events (20 events):
Event: 68.308 Thread 0x000001f1ea752420 Uncommon trap: trap_request=0xffffff45 fr.pc=0x000001f187aec04c relative=0x000000000000012c
Event: 68.308 Thread 0x000001f1ea752420 Uncommon trap: reason=unstable_if action=reinterpret pc=0x000001f187aec04c method=java.lang.StringCoding.countPositives([BII)I @ 17 c2
Event: 68.308 Thread 0x000001f1ea752420 DEOPT PACKING pc=0x000001f187aec04c sp=0x00000037b38fa5f0
Event: 68.308 Thread 0x000001f1ea752420 DEOPT UNPACKING pc=0x000001f187587da2 sp=0x00000037b38fa590 mode 2
Event: 86.837 Thread 0x000001f1ea752420 DEOPT PACKING pc=0x000001f180063a55 sp=0x00000037b38fd960
Event: 86.837 Thread 0x000001f1ea752420 DEOPT UNPACKING pc=0x000001f1875888e2 sp=0x00000037b38fcde8 mode 0
Event: 87.231 Thread 0x000001f1ea752420 DEOPT PACKING pc=0x000001f180032740 sp=0x00000037b38fa820
Event: 87.231 Thread 0x000001f1ea752420 DEOPT UNPACKING pc=0x000001f1875888e2 sp=0x00000037b38f9ce0 mode 0
Event: 88.372 Thread 0x000001f1ea752420 DEOPT PACKING pc=0x000001f180063a55 sp=0x00000037b38fe7e0
Event: 88.372 Thread 0x000001f1ea752420 DEOPT UNPACKING pc=0x000001f1875888e2 sp=0x00000037b38fdc50 mode 0
Event: 88.389 Thread 0x000001f1ea752420 DEOPT PACKING pc=0x000001f180063a55 sp=0x00000037b38fe350
Event: 88.389 Thread 0x000001f1ea752420 DEOPT UNPACKING pc=0x000001f1875888e2 sp=0x00000037b38fd7d8 mode 0
Event: 88.399 Thread 0x000001f1ea752420 DEOPT PACKING pc=0x000001f1800699f7 sp=0x00000037b38fd480
Event: 88.399 Thread 0x000001f1ea752420 DEOPT UNPACKING pc=0x000001f1875888e2 sp=0x00000037b38fc8f8 mode 0
Event: 88.403 Thread 0x000001f1ea752420 Uncommon trap: trap_request=0xffffff45 fr.pc=0x000001f187ae7078 relative=0x0000000000000058
Event: 88.403 Thread 0x000001f1ea752420 Uncommon trap: reason=unstable_if action=reinterpret pc=0x000001f187ae7078 method=java.net.URI.match(CJJ)Z @ 19 c2
Event: 88.403 Thread 0x000001f1ea752420 DEOPT PACKING pc=0x000001f187ae7078 sp=0x00000037b38fea50
Event: 88.403 Thread 0x000001f1ea752420 DEOPT UNPACKING pc=0x000001f187587da2 sp=0x00000037b38fe9e0 mode 2
Event: 91.240 Thread 0x000001f1ea752420 DEOPT PACKING pc=0x000001f180063a55 sp=0x00000037b38fa290
Event: 91.240 Thread 0x000001f1ea752420 DEOPT UNPACKING pc=0x000001f1875888e2 sp=0x00000037b38f9700 mode 0

Classes loaded (20 events):
Event: 87.232 Loading class java/util/StringTokenizer
Event: 87.232 Loading class java/util/StringTokenizer done
Event: 88.368 Loading class java/io/StringReader
Event: 88.368 Loading class java/io/StringReader done
Event: 88.369 Loading class java/util/regex/Pattern$BnM
Event: 88.369 Loading class java/util/regex/Pattern$BnM done
Event: 88.369 Loading class java/util/regex/Pattern$SliceS
Event: 88.369 Loading class java/util/regex/Pattern$SliceS done
Event: 88.370 Loading class java/text/MessageFormat
Event: 88.371 Loading class java/text/MessageFormat done
Event: 88.372 Loading class java/io/FileReader
Event: 88.372 Loading class java/io/FileReader done
Event: 88.381 Loading class java/io/EOFException
Event: 88.381 Loading class java/io/EOFException done
Event: 88.391 Loading class java/io/StringWriter
Event: 88.391 Loading class java/io/StringWriter done
Event: 88.402 Loading class java/util/ArrayList$ListItr
Event: 88.402 Loading class java/util/ArrayList$ListItr done
Event: 91.255 Loading class java/lang/TypeNotPresentException
Event: 91.255 Loading class java/lang/TypeNotPresentException done

Classes unloaded (0 events):
No events

Classes redefined (0 events):
No events

Internal exceptions (8 events):
Event: 10.889 Thread 0x000001f1ea752420 Exception <a 'java/lang/NoSuchMethodError'{0x0000000713b3fc38}: 'void java.lang.invoke.DirectMethodHandle$Holder.invokeStatic(java.lang.Object, java.lang.Object, java.lang.Object)'> (0x0000000713b3fc38) 
thrown [s\open\src\hotspot\share\interpreter\linkResolver.cpp, line 773]
Event: 11.844 Thread 0x000001f1ea752420 Exception <a 'java/lang/NoSuchMethodError'{0x00000007138e74b0}: 'java.lang.Object java.lang.invoke.Invokers$Holder.invokeExact_MT(java.lang.Object, java.lang.Object, java.lang.Object, java.lang.Object, java.lang.Object)'> (0x00000007138e74b0) 
thrown [s\open\src\hotspot\share\interpreter\linkResolver.cpp, line 773]
Event: 12.461 Thread 0x000001f1fce342b0 Exception <a 'java/lang/NoSuchMethodError'{0x000000071395b650}: 'void java.lang.invoke.DirectMethodHandle$Holder.invokeStatic(java.lang.Object, java.lang.Object)'> (0x000000071395b650) 
thrown [s\open\src\hotspot\share\interpreter\linkResolver.cpp, line 773]
Event: 13.028 Thread 0x000001f1ea752420 Exception <a 'java/lang/NoSuchMethodError'{0x00000007139d1198}: 'int java.lang.invoke.DirectMethodHandle$Holder.invokeSpecial(java.lang.Object, java.lang.Object, java.lang.Object)'> (0x00000007139d1198) 
thrown [s\open\src\hotspot\share\interpreter\linkResolver.cpp, line 773]
Event: 72.465 Thread 0x000001f1ea752420 Exception <a 'java/lang/NullPointerException'{0x00000007134587b8}> (0x00000007134587b8) 
thrown [s\open\src\hotspot\share\interpreter\linkResolver.cpp, line 1372]
Event: 83.425 Thread 0x000001f1ea752420 Exception <a 'sun/nio/fs/WindowsException'{0x00000007134860f8}> (0x00000007134860f8) 
thrown [s\open\src\hotspot\share\prims\jni.cpp, line 520]
Event: 86.875 Thread 0x000001f1ea752420 Exception <a 'java/lang/NoSuchMethodError'{0x000000071359cf38}: 'void java.lang.invoke.DirectMethodHandle$Holder.invokeStaticInit(java.lang.Object, java.lang.Object)'> (0x000000071359cf38) 
thrown [s\open\src\hotspot\share\interpreter\linkResolver.cpp, line 773]
Event: 91.204 Thread 0x000001f1ea752420 Exception <a 'java/lang/NoSuchMethodError'{0x0000000713352278}: 'java.lang.Object java.lang.invoke.DirectMethodHandle$Holder.invokeSpecialIFC(java.lang.Object, java.lang.Object, java.lang.Object, java.lang.Object)'> (0x0000000713352278) 
thrown [s\open\src\hotspot\share\interpreter\linkResolver.cpp, line 773]

ZGC Phase Switch (0 events):
No events

VM Operations (20 events):
Event: 12.955 Executing VM operation: Cleanup done
Event: 13.969 Executing VM operation: Cleanup
Event: 14.517 Executing VM operation: Cleanup done
Event: 27.602 Executing VM operation: Cleanup
Event: 27.602 Executing VM operation: Cleanup done
Event: 68.996 Executing VM operation: Cleanup
Event: 68.996 Executing VM operation: Cleanup done
Event: 72.463 Executing VM operation: HandshakeAllThreads (Deoptimize)
Event: 72.463 Executing VM operation: HandshakeAllThreads (Deoptimize) done
Event: 72.482 Executing VM operation: HandshakeAllThreads (Deoptimize)
Event: 80.769 Executing VM operation: HandshakeAllThreads (Deoptimize) done
Event: 81.781 Executing VM operation: Cleanup
Event: 81.781 Executing VM operation: Cleanup done
Event: 83.785 Executing VM operation: Cleanup
Event: 83.785 Executing VM operation: Cleanup done
Event: 87.823 Executing VM operation: Cleanup
Event: 88.360 Executing VM operation: Cleanup done
Event: 89.372 Executing VM operation: Cleanup
Event: 89.372 Executing VM operation: Cleanup done
Event: 91.391 Executing VM operation: Cleanup

Events (15 events):
Event: 6.148 Thread 0x000001f1ea752420 Thread added: 0x000001f1ea752420
Event: 8.747 Thread 0x000001f1fcac2840 Thread added: 0x000001f1fcac2840
Event: 8.747 Thread 0x000001f1fcac74a0 Thread added: 0x000001f1fcac74a0
Event: 8.748 Thread 0x000001f1fcacc010 Thread added: 0x000001f1fcacc010
Event: 8.748 Thread 0x000001f1fcacca60 Thread added: 0x000001f1fcacca60
Event: 8.748 Thread 0x000001f1fcacd4b0 Thread added: 0x000001f1fcacd4b0
Event: 8.748 Thread 0x000001f1fcacdf00 Thread added: 0x000001f1fcacdf00
Event: 8.748 Thread 0x000001f1fcad0c90 Thread added: 0x000001f1fcad0c90
Event: 8.751 Thread 0x000001f1fcad2730 Thread added: 0x000001f1fcad2730
Event: 8.805 Thread 0x000001f1fca982e0 Thread added: 0x000001f1fca982e0
Event: 11.857 Thread 0x000001f1fce342b0 Thread added: 0x000001f1fce342b0
Event: 11.857 Thread 0x000001f1fce36920 Thread added: 0x000001f1fce36920
Event: 13.027 Thread 0x000001f1fce95d00 Thread added: 0x000001f1fce95d00
Event: 13.804 Thread 0x000001f1fce95d00 Thread exited: 0x000001f1fce95d00
Event: 72.469 Thread 0x000001f1fcfadec0 Thread added: 0x000001f1fcfadec0


Dynamic libraries:
0x00007ff7e26f0000 - 0x00007ff7e2700000 	C:\Program Files\Java\jdk-21.0.6\bin\java.exe
0x00007ffbc1e40000 - 0x00007ffbc20a0000 	C:\WINDOWS\SYSTEM32\ntdll.dll
0x00007ffbc0980000 - 0x00007ffbc0a47000 	C:\WINDOWS\System32\KERNEL32.DLL
0x00007ffbbf020000 - 0x00007ffbbf3ea000 	C:\WINDOWS\System32\KERNELBASE.dll
0x00007ffbbf810000 - 0x00007ffbbf95b000 	C:\WINDOWS\System32\ucrtbase.dll
0x00007ffb815c0000 - 0x00007ffb815d9000 	C:\Program Files\Java\jdk-21.0.6\bin\jli.dll
0x00007ffbc0450000 - 0x00007ffbc0502000 	C:\WINDOWS\System32\ADVAPI32.dll
0x00007ffbc02c0000 - 0x00007ffbc0369000 	C:\WINDOWS\System32\msvcrt.dll
0x00007ffbbff10000 - 0x00007ffbbffb6000 	C:\WINDOWS\System32\sechost.dll
0x00007ffbc0860000 - 0x00007ffbc0976000 	C:\WINDOWS\System32\RPCRT4.dll
0x00007ffbbfc40000 - 0x00007ffbbfe0c000 	C:\WINDOWS\System32\USER32.dll
0x00007ffbbf3f0000 - 0x00007ffbbf417000 	C:\WINDOWS\System32\win32u.dll
0x00007ffbc18f0000 - 0x00007ffbc191a000 	C:\WINDOWS\System32\GDI32.dll
0x00007ffbbf620000 - 0x00007ffbbf751000 	C:\WINDOWS\System32\gdi32full.dll
0x00007ffbbf760000 - 0x00007ffbbf803000 	C:\WINDOWS\System32\msvcp_win.dll
0x00007ffba5240000 - 0x00007ffba54d7000 	C:\WINDOWS\WinSxS\amd64_microsoft.windows.common-controls_6595b64144ccf1df_6.0.26100.3624_none_3e086962e3345f24\COMCTL32.dll
0x00007ffbaee60000 - 0x00007ffbaee6b000 	C:\WINDOWS\SYSTEM32\VERSION.dll
0x00007ffba0ac0000 - 0x00007ffba0adb000 	C:\Program Files\Java\jdk-21.0.6\bin\VCRUNTIME140.dll
0x00007ffbc0820000 - 0x00007ffbc084f000 	C:\WINDOWS\System32\IMM32.DLL
0x00007ffbb0a50000 - 0x00007ffbb0a5c000 	C:\Program Files\Java\jdk-21.0.6\bin\vcruntime140_1.dll
0x00007ffb77ad0000 - 0x00007ffb77b5e000 	C:\Program Files\Java\jdk-21.0.6\bin\msvcp140.dll
0x00007ffb58f30000 - 0x00007ffb59c4a000 	C:\Program Files\Java\jdk-21.0.6\bin\server\jvm.dll
0x00007ffbc0b30000 - 0x00007ffbc0ba4000 	C:\WINDOWS\System32\WS2_32.dll
0x00007ffbbe6d0000 - 0x00007ffbbe72e000 	C:\WINDOWS\SYSTEM32\POWRPROF.dll
0x00007ffbb7340000 - 0x00007ffbb7376000 	C:\WINDOWS\SYSTEM32\WINMM.dll
0x00007ffbbe6b0000 - 0x00007ffbbe6c4000 	C:\WINDOWS\SYSTEM32\UMPDC.dll
0x00007ffbbdd90000 - 0x00007ffbbddaa000 	C:\WINDOWS\SYSTEM32\kernel.appcore.dll
0x00007ffba0c80000 - 0x00007ffba0c8a000 	C:\Program Files\Java\jdk-21.0.6\bin\jimage.dll
0x000000005fc40000 - 0x000000005fdd6000 	C:\Program Files\Microsoft SQL Server\110\Shared\DBGHELP.DLL
0x00007ffbb9d50000 - 0x00007ffbb9d5f000 	C:\Program Files\Java\jdk-21.0.6\bin\instrument.dll
0x00007ffb815a0000 - 0x00007ffb815bf000 	C:\Program Files\Java\jdk-21.0.6\bin\java.dll
0x00007ffbc1080000 - 0x00007ffbc17a9000 	C:\WINDOWS\System32\SHELL32.dll
0x00007ffbbf4b0000 - 0x00007ffbbf618000 	C:\WINDOWS\System32\wintypes.dll
0x00007ffbc1920000 - 0x00007ffbc1ca2000 	C:\WINDOWS\System32\combase.dll
0x00007ffbbcc80000 - 0x00007ffbbd4d2000 	C:\WINDOWS\SYSTEM32\windows.storage.dll
0x00007ffbc1800000 - 0x00007ffbc18ed000 	C:\WINDOWS\System32\SHCORE.dll
0x00007ffbc1cb0000 - 0x00007ffbc1d14000 	C:\WINDOWS\System32\shlwapi.dll
0x00007ffbbef30000 - 0x00007ffbbef5f000 	C:\WINDOWS\SYSTEM32\profapi.dll
0x00007ffb6cb30000 - 0x00007ffb6cc07000 	C:\Program Files\Java\jdk-21.0.6\bin\jsvml.dll
0x00007ffb81440000 - 0x00007ffb81458000 	C:\Program Files\Java\jdk-21.0.6\bin\zip.dll
0x00007ffb96630000 - 0x00007ffb96640000 	C:\Program Files\Java\jdk-21.0.6\bin\net.dll
0x00007ffbb9120000 - 0x00007ffbb923d000 	C:\WINDOWS\SYSTEM32\WINHTTP.dll
0x00007ffbbe2f0000 - 0x00007ffbbe35a000 	C:\WINDOWS\system32\mswsock.dll
0x00007ffb81530000 - 0x00007ffb81546000 	C:\Program Files\Java\jdk-21.0.6\bin\nio.dll
0x00007ffbb9990000 - 0x00007ffbb99aa000 	C:\Program Files\JetBrains\IntelliJ IDEA 2023.3.4\bin\breakgen64.dll
0x00007ffb8f2e0000 - 0x00007ffb8f2e9000 	C:\Program Files\Java\jdk-21.0.6\bin\extnet.dll
0x00007ffb7b150000 - 0x00007ffb7b174000 	C:\Users\DELL\AppData\Local\Temp\jansi-2.4.1-d05b70c96cfe7498-jansi.dll
0x00007ffb81fe0000 - 0x00007ffb81ff0000 	C:\Program Files\Java\jdk-21.0.6\bin\verify.dll

dbghelp: loaded successfully - version: 4.0.5 - missing functions: none
symbol engine: initialized successfully - sym options: 0x614 - pdb path: .;C:\Program Files\Java\jdk-21.0.6\bin;C:\WINDOWS\SYSTEM32;C:\WINDOWS\WinSxS\amd64_microsoft.windows.common-controls_6595b64144ccf1df_6.0.26100.3624_none_3e086962e3345f24;C:\Program Files\Java\jdk-21.0.6\bin\server;C:\Program Files\Microsoft SQL Server\110\Shared;C:\Program Files\JetBrains\IntelliJ IDEA 2023.3.4\bin;C:\Users\DELL\AppData\Local\Temp

VM Arguments:
jvm_args: -Dmaven.multiModuleProjectDirectory=C:\Users\DELL\Desktop\angular Project\backEnd\carsAgence -Djansi.passthrough=true -Dmaven.home=C:\Users\DELL\.m2\wrapper\dists\apache-maven-3.9.9-bin\4nf9hui3q3djbarqar9g711ggc\apache-maven-3.9.9 -Dclassworlds.conf=C:\Users\DELL\.m2\wrapper\dists\apache-maven-3.9.9-bin\4nf9hui3q3djbarqar9g711ggc\apache-maven-3.9.9\bin\m2.conf -Dmaven.ext.class.path=C:\Program Files\JetBrains\IntelliJ IDEA 2023.3.4\plugins\maven\lib\maven-event-listener.jar -javaagent:C:\Program Files\JetBrains\IntelliJ IDEA 2023.3.4\lib\idea_rt.jar=52412:C:\Program Files\JetBrains\IntelliJ IDEA 2023.3.4\bin -Dfile.encoding=UTF-8 -Dsun.stdout.encoding=UTF-8 -Dsun.stderr.encoding=UTF-8 
java_command: org.codehaus.classworlds.Launcher -Didea.version=2023.3.4 clean install
java_class_path (initial): C:\Users\DELL\.m2\wrapper\dists\apache-maven-3.9.9-bin\4nf9hui3q3djbarqar9g711ggc\apache-maven-3.9.9\boot\plexus-classworlds-2.8.0.jar;C:\Users\DELL\.m2\wrapper\dists\apache-maven-3.9.9-bin\4nf9hui3q3djbarqar9g711ggc\apache-maven-3.9.9\boot\plexus-classworlds.license
Launcher Type: SUN_STANDARD

[Global flags]
     intx CICompilerCount                          = 4                                         {product} {ergonomic}
     uint ConcGCThreads                            = 2                                         {product} {ergonomic}
     uint G1ConcRefinementThreads                  = 8                                         {product} {ergonomic}
   size_t G1HeapRegionSize                         = 2097152                                   {product} {ergonomic}
    uintx GCDrainStackTargetSize                   = 64                                        {product} {ergonomic}
   size_t InitialHeapSize                          = 264241152                                 {product} {ergonomic}
   size_t MarkStackSize                            = 4194304                                   {product} {ergonomic}
   size_t MaxHeapSize                              = 4227858432                                {product} {ergonomic}
   size_t MaxNewSize                               = 2535456768                                {product} {ergonomic}
   size_t MinHeapDeltaBytes                        = 2097152                                   {product} {ergonomic}
   size_t MinHeapSize                              = 8388608                                   {product} {ergonomic}
    uintx NonNMethodCodeHeapSize                   = 5839372                                {pd product} {ergonomic}
    uintx NonProfiledCodeHeapSize                  = 122909434                              {pd product} {ergonomic}
    uintx ProfiledCodeHeapSize                     = 122909434                              {pd product} {ergonomic}
    uintx ReservedCodeCacheSize                    = 251658240                              {pd product} {ergonomic}
     bool SegmentedCodeCache                       = true                                      {product} {ergonomic}
   size_t SoftMaxHeapSize                          = 4227858432                             {manageable} {ergonomic}
     bool UseCompressedOops                        = true                           {product lp64_product} {ergonomic}
     bool UseG1GC                                  = true                                      {product} {ergonomic}
     bool UseLargePagesIndividualAllocation        = false                                  {pd product} {ergonomic}

Logging:
Log output configuration:
 #0: stdout all=warning uptime,level,tags foldmultilines=false
 #1: stderr all=off uptime,level,tags foldmultilines=false

Environment Variables:
PATH=C:\PySchool\3.10-32-bit\Scripts;C:\PySchool\3.10-32-bit;C:\oraclexe\app\oracle\product\11.2.0\server\bin;C:\Program Files (x86)\VMware\VMware Workstation\bin\;C:\Program Files\Common Files\Siemens\Automation\Simatic OAM\bin;C:\WINDOWS\system32;C:\WINDOWS;C:\WINDOWS\System32\Wbem;C:\WINDOWS\System32\WindowsPowerShell\v1.0\;C:\WINDOWS\System32\OpenSSH\;C:\Program Files (x86)\Microchip\MPLAB C32 Suite\bin;c:\Program Files (x86)\Microsoft SQL Server\100\Tools\Binn\;c:\Program Files\Microsoft SQL Server\100\Tools\Binn\;c:\Program Files\Microsoft SQL Server\100\DTS\Binn\;C:\Users\DELL\AppData\Local\Programs\Python\Python311;C:\Users\DELL\AppData\Local\Programs\Python\Python311\Scripts;C:\wamp64\bin\php\php8.2.0;C:\wamp64\bin;C:\Program Files\Git\cmd;C:\Program Files\dotnet\;C:\Program Files\Docker\Docker\resources\bin;C:\Users\DELL\AppData\Local\nvm;C:\nvm4w\nodejs;C:\Program Files\Microsoft SQL Server\150\Tools\Binn\;C:\Program Files\Microsoft SQL Server\Client SDK\ODBC\170\Tools\Binn\;C:\Program Files (x86)\Windows Kits\10\Windows Performance Toolkit\;C:\Program Files\Microsoft SQL Server\110\DTS\Binn\;C:\Program Files (x86)\Microsoft SQL Server\110\Tools\Binn\;C:\Program Files\Microsoft SQL Server\110\Tools\Binn\;C:\Program Files (x86)\Microsoft SQL Server\110\Tools\Binn\ManagementStudio\;C:\Program Files (x86)\Microsoft Visual Studio 10.0\Common7\IDE\PrivateAssemblies\;C:\Program Files (x86)\Microsoft SQL Server\110\DTS\Binn\;C:\Program Files\Java\jdk-21.0.6\bin;C:\Users\DELL\scoop\shims;C:\Users\DELL\AppData\Local\Microsoft\WindowsApps;C:\phpm\php-8.2.3 (1);C:\Program Files\JetBrains\PhpStorm 2023.1\bin;;C:\wamp64\bin;C:\Users\DELL\AppData\Local\Programs\Microsoft VS Code\bin;C:\Users\DELL\AppData\Roaming\npm;C:\Users\DELL\AppData\Local\nvm;C:\nvm4w\nodejs;C:\Users\DELL\.dotnet\tools;C:\Users\DELL\AppData\Local\Programs\cursor\resources\app\bin
USERNAME=DELL
OS=Windows_NT
PROCESSOR_IDENTIFIER=Intel64 Family 6 Model 140 Stepping 1, GenuineIntel
TMP=C:\Users\DELL\AppData\Local\Temp
TEMP=C:\Users\DELL\AppData\Local\Temp




Periodic native trim disabled

---------------  S Y S T E M  ---------------

OS:
 Windows 11 , 64 bit Build 26100 (10.0.26100.3775)
OS uptime: 1 days 17:54 hours
Hyper-V role detected

CPU: total 8 (initial active 8) (4 cores per cpu, 2 threads per core) family 6 model 140 stepping 1 microcode 0xba, cx8, cmov, fxsr, ht, mmx, 3dnowpref, sse, sse2, sse3, ssse3, sse4.1, sse4.2, popcnt, lzcnt, tsc, tscinvbit, avx, avx2, aes, erms, clmul, bmi1, bmi2, adx, avx512f, avx512dq, avx512cd, avx512bw, avx512vl, sha, fma, vzeroupper, avx512_vpopcntdq, avx512_vpclmulqdq, avx512_vaes, avx512_vnni, clflush, clflushopt, clwb, avx512_vbmi2, avx512_vbmi, hv, rdtscp, rdpid, fsrm, gfni, avx512_bitalg, f16c, cet_ibt, cet_ss, avx512_ifma
Processor Information for all 8 processors :
  Max Mhz: 2419, Current Mhz: 2419, Mhz Limit: 2419

Memory: 4k page, system-wide physical 16126M (1638M free)
TotalPageFile size 65278M (AvailPageFile size 2772M)
current process WorkingSet (physical memory assigned to process): 34M, peak: 41M
current process commit charge ("private bytes"): 341M, peak: 342M

vm_info: Java HotSpot(TM) 64-Bit Server VM (21.0.6+8-LTS-188) for windows-amd64 JRE (21.0.6+8-LTS-188), built on 2024-12-03T10:50:54Z by "mach5one" with MS VC++ 17.6 (VS2022)

END.
