#
# There is insufficient memory for the Java Runtime Environment to continue.
# Native memory allocation (mmap) failed to map 65536 bytes for Failed to commit metaspace.
# Possible reasons:
#   The system is out of physical RAM or swap space
#   The process is running with CompressedOops enabled, and the Java Heap may be blocking the growth of the native heap
# Possible solutions:
#   Reduce memory load on the system
#   Increase physical memory or swap space
#   Check if swap backing store is full
#   Decrease Java heap size (-Xmx/-Xms)
#   Decrease number of Java threads
#   Decrease Java thread stack sizes (-Xss)
#   Set larger code cache with -XX:ReservedCodeCacheSize=
#   JVM is running with Zero Based Compressed Oops mode in which the Java heap is
#     placed in the first 32GB address space. The Java Heap base address is the
#     maximum limit for the native heap growth. Please use -XX:HeapBaseMinAddress
#     to set the Java Heap base and to place the Java Heap above 32GB virtual address.
# This output file may be truncated or incomplete.
#
#  Out of Memory Error (virtualSpaceNode.cpp:112), pid=27980, tid=31324
#
# JRE version: Java(TM) SE Runtime Environment (21.0.6+8) (build 21.0.6+8-LTS-188)
# Java VM: Java HotSpot(TM) 64-Bit Server VM (21.0.6+8-LTS-188, mixed mode, tiered, compressed oops, compressed class ptrs, g1 gc, windows-amd64)
# No core dump will be written. Minidumps are not enabled by default on client versions of Windows
#

---------------  S U M M A R Y ------------

Command Line: -Dmaven.multiModuleProjectDirectory=C:\Users\DELL\Desktop\angular Project\backEnd\carsAgence -Djansi.passthrough=true -Dmaven.home=C:\Users\DELL\.m2\wrapper\dists\apache-maven-3.9.9-bin\4nf9hui3q3djbarqar9g711ggc\apache-maven-3.9.9 -Dclassworlds.conf=C:\Users\DELL\.m2\wrapper\dists\apache-maven-3.9.9-bin\4nf9hui3q3djbarqar9g711ggc\apache-maven-3.9.9\bin\m2.conf -Dmaven.ext.class.path=C:\Program Files\JetBrains\IntelliJ IDEA 2023.3.4\plugins\maven\lib\maven-event-listener.jar -javaagent:C:\Program Files\JetBrains\IntelliJ IDEA 2023.3.4\lib\idea_rt.jar=52444:C:\Program Files\JetBrains\IntelliJ IDEA 2023.3.4\bin -Dfile.encoding=UTF-8 -Dsun.stdout.encoding=UTF-8 -Dsun.stderr.encoding=UTF-8 org.codehaus.classworlds.Launcher -Didea.version=2023.3.4 clean install

Host: 11th Gen Intel(R) Core(TM) i5-1135G7 @ 2.40GHz, 8 cores, 15G,  Windows 11 , 64 bit Build 26100 (10.0.26100.3775)
Time: Tue Apr 22 17:31:54 2025 Afr. centrale Ouest elapsed time: 89.483299 seconds (0d 0h 1m 29s)

---------------  T H R E A D  ---------------

Current thread (0x00000214830a2530):  JavaThread "main"             [_thread_in_vm, id=31324, stack(0x0000001525900000,0x0000001525a00000) (1024K)]

Stack: [0x0000001525900000,0x0000001525a00000]
Native frames: (J=compiled Java code, j=interpreted, Vv=VM code, C=native code)
V  [jvm.dll+0x6ca6d9]
V  [jvm.dll+0x854f51]
V  [jvm.dll+0x85747e]
V  [jvm.dll+0x857b53]
V  [jvm.dll+0x27dcc6]
V  [jvm.dll+0x850b6e]
V  [jvm.dll+0x66e3e5]
V  [jvm.dll+0x66e44a]
V  [jvm.dll+0x670c65]
V  [jvm.dll+0x670b32]
V  [jvm.dll+0x66edbe]
V  [jvm.dll+0x269510]
V  [jvm.dll+0x2156a7]
V  [jvm.dll+0x20affe]
V  [jvm.dll+0x5ad2ec]
V  [jvm.dll+0x21c79a]
V  [jvm.dll+0x7ce79c]
V  [jvm.dll+0x7cf7c4]
V  [jvm.dll+0x7cfd92]
V  [jvm.dll+0x7cfa18]
V  [jvm.dll+0x26bb6b]
V  [jvm.dll+0x26bd9a]
V  [jvm.dll+0x5d0387]
V  [jvm.dll+0x5d3376]
V  [jvm.dll+0x3d68e5]
V  [jvm.dll+0x3d5f5d]
C  0x000002149446a0b5

The last pc belongs to invokestatic (printed below).
Java frames: (J=compiled Java code, j=interpreted, Vv=VM code)
j  sun.nio.fs.WindowsChannelFactory.newFileChannel(Ljava/lang/String;Ljava/lang/String;Ljava/util/Set;J)Ljava/nio/channels/FileChannel;+126 java.base@21.0.6
j  sun.nio.fs.WindowsFileSystemProvider.newByteChannel(Ljava/nio/file/Path;Ljava/util/Set;[Ljava/nio/file/attribute/FileAttribute;)Ljava/nio/channels/SeekableByteChannel;+28 java.base@21.0.6
j  java.nio.file.Files.newByteChannel(Ljava/nio/file/Path;Ljava/util/Set;[Ljava/nio/file/attribute/FileAttribute;)Ljava/nio/channels/SeekableByteChannel;+7 java.base@21.0.6
j  java.nio.file.Files.newByteChannel(Ljava/nio/file/Path;[Ljava/nio/file/OpenOption;)Ljava/nio/channels/SeekableByteChannel;+32 java.base@21.0.6
j  java.nio.file.spi.FileSystemProvider.newInputStream(Ljava/nio/file/Path;[Ljava/nio/file/OpenOption;)Ljava/io/InputStream;+79 java.base@21.0.6
j  java.nio.file.Files.newInputStream(Ljava/nio/file/Path;[Ljava/nio/file/OpenOption;)Ljava/io/InputStream;+6 java.base@21.0.6
j  org.codehaus.plexus.classworlds.launcher.Launcher.mainWithExitCode([Ljava/lang/String;)I+44
j  org.codehaus.plexus.classworlds.launcher.Launcher.main([Ljava/lang/String;)V+1
j  org.codehaus.classworlds.Launcher.main([Ljava/lang/String;)V+1
v  ~StubRoutines::call_stub 0x00000214944510e7
invokestatic  184 invokestatic  [0x000002149446a000, 0x000002149446a2c8]  712 bytes
[MachCode]
  0x000002149446a000: 4883 ec08 | c5fa 1104 | 24eb 1f48 | 83ec 10c5 | fb11 0424 | eb14 4883 | ec10 4889 | 0424 48c7 
  0x000002149446a020: 4424 0800 | 0000 00eb | 0150 4c89 | 6dc0 410f | b755 0148 | 8b4d d0c1 | e202 8b5c | d138 c1eb 
  0x000002149446a040: 1081 e3ff | 0000 0081 | fbb8 0000 | 000f 84b4 | 0000 00bb | b800 0000 | e805 0000 | 00e9 9900 
  0x000002149446a060: 0000 488b | d348 8d44 | 2408 4c89 | 6dc0 498b | cfc5 f877 | 4989 afa8 | 0300 0049 | 8987 9803 
  0x000002149446a080: 0000 4883 | ec20 40f6 | c40f 0f84 | 1900 0000 | 4883 ec08 | 48b8 f05e | 3059 fb7f | 0000 ffd0 
  0x000002149446a0a0: 4883 c408 | e90c 0000 | 0048 b8f0 | 5e30 59fb | 7f00 00ff | d048 83c4 | 2049 c787 | 9803 0000 
  0x000002149446a0c0: 0000 0000 | 49c7 87a8 | 0300 0000 | 0000 0049 | c787 a003 | 0000 0000 | 0000 c5f8 | 7749 837f 
  0x000002149446a0e0: 0800 0f84 | 0500 0000 | e913 6efe | ff4c 8b6d | c04c 8b75 | c84e 8d74 | f500 c341 | 0fb7 5501 
  0x000002149446a100: 488b 4dd0 | c1e2 0248 | 8b5c d140 | 488b 5b08 | 488b 5b08 | 488b 5b18 | 80bb 2101 | 0000 040f 
  0x000002149446a120: 840d 0000 | 004c 3bbb | 2801 0000 | 0f85 21ff | ffff 488b | 5cd1 408b | 54d1 50c1 | ea1c 49ba 
  0x000002149446a140: 20db b759 | fb7f 0000 | 498b 14d2 | 5248 8b45 | d848 85c0 | 0f84 1200 | 0000 4883 | 4008 0148 
  0x000002149446a160: 8358 0800 | 4883 c010 | 4889 45d8 | 488b 45d8 | 4885 c00f | 843d 0100 | 0080 78f0 | 0a0f 8533 
  0x000002149446a180: 0100 0048 | 83c0 084c | 8b68 f841 | 83ed 0041 | 83fd 020f | 8c12 0100 | 004c 8b6b | 0845 0fb7 
  0x000002149446a1a0: 6d2e 4c2b | 2841 83ed | 014e 8b6c | ec08 4d85 | ed75 0ef6 | 4008 0175 | 58f0 4883 | 4808 01eb 
  0x000002149446a1c0: 5045 8b6d | 0849 ba00 | 0000 0008 | 0000 004d | 03ea 4d8b | d54c 3368 | 0849 f7c5 | fcff ffff 
  0x000002149446a1e0: 742f 41f6 | c502 7529 | 4883 7808 | 0074 1e48 | 8378 0801 | 7417 4d8b | ea4c 3368 | 0849 f7c5 
  0x000002149446a200: fcff ffff | 740b 4883 | 4808 02eb | 044c 8968 | 0848 83c0 | 104c 8b68 | e841 83ed | 0241 83fd 
  0x000002149446a220: 020f 8c84 | 0000 004c | 8b6b 0845 | 0fb7 6d2e | 4c2b 2841 | 83ed 014e | 8b6c ec08 | 4d85 ed75 
  0x000002149446a240: 0ef6 4008 | 0175 58f0 | 4883 4808 | 01eb 5045 | 8b6d 0849 | ba00 0000 | 0008 0000 | 004d 03ea 
  0x000002149446a260: 4d8b d54c | 3368 0849 | f7c5 fcff | ffff 742f | 41f6 c502 | 7529 4883 | 7808 0074 | 1e48 8378 
  0x000002149446a280: 0801 7417 | 4d8b ea4c | 3368 0849 | f7c5 fcff | ffff 740b | 4883 4808 | 02eb 044c | 8968 0848 
  0x000002149446a2a0: 83c0 104c | 8b68 d841 | 83ed 0441 | c1e5 0349 | 03c5 4889 | 45d8 4c8d | 6c24 084c | 896d f0ff 
  0x000002149446a2c0: 6350 660f | 1f44 0000 
[/MachCode]

---------------  P R O C E S S  ---------------

Threads class SMR info:
_java_thread_list=0x00000214a4701ad0, length=12, elements={
0x00000214830a2530, 0x00000214a43751b0, 0x00000214a4375810, 0x00000214a4376260,
0x00000214a435d140, 0x00000214a435db90, 0x00000214a435e5e0, 0x00000214a435f360,
0x00000214a4363ae0, 0x00000214a455e850, 0x00000214a47089c0, 0x00000214a4709020
}

Java Threads: ( => current thread )
=>0x00000214830a2530 JavaThread "main"                              [_thread_in_vm, id=31324, stack(0x0000001525900000,0x0000001525a00000) (1024K)]
  0x00000214a43751b0 JavaThread "Reference Handler"          daemon [_thread_blocked, id=34884, stack(0x0000001526100000,0x0000001526200000) (1024K)]
  0x00000214a4375810 JavaThread "Finalizer"                  daemon [_thread_blocked, id=35196, stack(0x0000001526200000,0x0000001526300000) (1024K)]
  0x00000214a4376260 JavaThread "Signal Dispatcher"          daemon [_thread_blocked, id=37388, stack(0x0000001526300000,0x0000001526400000) (1024K)]
  0x00000214a435d140 JavaThread "Attach Listener"            daemon [_thread_blocked, id=30948, stack(0x0000001526400000,0x0000001526500000) (1024K)]
  0x00000214a435db90 JavaThread "Service Thread"             daemon [_thread_blocked, id=36448, stack(0x0000001526500000,0x0000001526600000) (1024K)]
  0x00000214a435e5e0 JavaThread "Monitor Deflation Thread"   daemon [_thread_blocked, id=33624, stack(0x0000001526600000,0x0000001526700000) (1024K)]
  0x00000214a435f360 JavaThread "C2 CompilerThread0"         daemon [_thread_blocked, id=16508, stack(0x0000001526700000,0x0000001526800000) (1024K)]
  0x00000214a4363ae0 JavaThread "C1 CompilerThread0"         daemon [_thread_blocked, id=29552, stack(0x0000001526800000,0x0000001526900000) (1024K)]
  0x00000214a455e850 JavaThread "Common-Cleaner"             daemon [_thread_blocked, id=9736, stack(0x0000001526900000,0x0000001526a00000) (1024K)]
  0x00000214a47089c0 JavaThread "Monitor Ctrl-Break"         daemon [_thread_in_native, id=29416, stack(0x0000001525600000,0x0000001525700000) (1024K)]
  0x00000214a4709020 JavaThread "Notification Thread"        daemon [_thread_blocked, id=29412, stack(0x0000001526a00000,0x0000001526b00000) (1024K)]
Total: 12

Other Threads:
  0x00000214a42fbf20 VMThread "VM Thread"                           [id=39964, stack(0x0000001526000000,0x0000001526100000) (1024K)] _threads_hazard_ptr=0x00000214a4701ad0
  0x00000214a42baeb0 WatcherThread "VM Periodic Task Thread"        [id=34624, stack(0x0000001525f00000,0x0000001526000000) (1024K)]
  0x000002148310a060 WorkerThread "GC Thread#0"                     [id=39864, stack(0x0000001525a00000,0x0000001525b00000) (1024K)]
  0x000002148311b670 ConcurrentGCThread "G1 Main Marker"            [id=39868, stack(0x0000001525b00000,0x0000001525c00000) (1024K)]
  0x000002148311cf30 WorkerThread "G1 Conc#0"                       [id=39872, stack(0x0000001525c00000,0x0000001525d00000) (1024K)]
  0x000002148314ea90 ConcurrentGCThread "G1 Refine#0"               [id=39876, stack(0x0000001525d00000,0x0000001525e00000) (1024K)]
  0x00000214a41c6a20 ConcurrentGCThread "G1 Service"                [id=39880, stack(0x0000001525e00000,0x0000001525f00000) (1024K)]
Total: 7

Threads with active compile tasks:
Total: 0

VM state: synchronizing (normal execution)

VM Mutex/Monitor currently owned by a thread:  ([mutex/lock_event])
[0x00007ffb59b6be18] Metaspace_lock - owner thread: 0x00000214830a2530
[0x00007ffb59b6de98] Threads_lock - owner thread: 0x00000214a42fbf20

Heap address: 0x0000000704000000, size: 4032 MB, Compressed Oops mode: Zero based, Oop shift amount: 3

CDS archive(s) not mapped
Compressed class space mapped at: 0x0000000800000000-0x0000000840000000, reserved size: 1073741824
Narrow klass base: 0x0000000800000000, Narrow klass shift: 0, Narrow klass range: 0x40000000

GC Precious Log:
 CardTable entry size: 512
 Card Set container configuration: InlinePtr #cards 4 size 8 Array Of Cards #cards 16 size 48 Howl #buckets 8 coarsen threshold 3686 Howl Bitmap #cards 512 size 80 coarsen threshold 460 Card regions per heap region 1 cards per card region 4096
 CPUs: 8 total, 8 available
 Memory: 16126M
 Large Page Support: Disabled
 NUMA Support: Disabled
 Compressed Oops: Enabled (Zero based)
 Heap Region Size: 2M
 Heap Min Capacity: 8M
 Heap Initial Capacity: 252M
 Heap Max Capacity: 4032M
 Pre-touch: Disabled
 Parallel Workers: 8
 Concurrent Workers: 2
 Concurrent Refinement Workers: 8
 Periodic GC: Disabled

Heap:
 garbage-first heap   total 258048K, used 2048K [0x0000000704000000, 0x0000000800000000)
  region size 2048K, 2 young (4096K), 0 survivors (0K)
 Metaspace       used 7713K, committed 7808K, reserved 1114112K
  class space    used 629K, committed 704K, reserved 1048576K

Heap Regions: E=young(eden), S=young(survivor), O=old, HS=humongous(starts), HC=humongous(continues), CS=collection set, F=free, TAMS=top-at-mark-start, PB=parsable bottom
|   0|0x0000000704000000, 0x0000000704000000, 0x0000000704200000|  0%| F|  |TAMS 0x0000000704000000| PB 0x0000000704000000| Untracked 
|   1|0x0000000704200000, 0x0000000704200000, 0x0000000704400000|  0%| F|  |TAMS 0x0000000704200000| PB 0x0000000704200000| Untracked 
|   2|0x0000000704400000, 0x0000000704400000, 0x0000000704600000|  0%| F|  |TAMS 0x0000000704400000| PB 0x0000000704400000| Untracked 
|   3|0x0000000704600000, 0x0000000704600000, 0x0000000704800000|  0%| F|  |TAMS 0x0000000704600000| PB 0x0000000704600000| Untracked 
|   4|0x0000000704800000, 0x0000000704800000, 0x0000000704a00000|  0%| F|  |TAMS 0x0000000704800000| PB 0x0000000704800000| Untracked 
|   5|0x0000000704a00000, 0x0000000704a00000, 0x0000000704c00000|  0%| F|  |TAMS 0x0000000704a00000| PB 0x0000000704a00000| Untracked 
|   6|0x0000000704c00000, 0x0000000704c00000, 0x0000000704e00000|  0%| F|  |TAMS 0x0000000704c00000| PB 0x0000000704c00000| Untracked 
|   7|0x0000000704e00000, 0x0000000704e00000, 0x0000000705000000|  0%| F|  |TAMS 0x0000000704e00000| PB 0x0000000704e00000| Untracked 
|   8|0x0000000705000000, 0x0000000705000000, 0x0000000705200000|  0%| F|  |TAMS 0x0000000705000000| PB 0x0000000705000000| Untracked 
|   9|0x0000000705200000, 0x0000000705200000, 0x0000000705400000|  0%| F|  |TAMS 0x0000000705200000| PB 0x0000000705200000| Untracked 
|  10|0x0000000705400000, 0x0000000705400000, 0x0000000705600000|  0%| F|  |TAMS 0x0000000705400000| PB 0x0000000705400000| Untracked 
|  11|0x0000000705600000, 0x0000000705600000, 0x0000000705800000|  0%| F|  |TAMS 0x0000000705600000| PB 0x0000000705600000| Untracked 
|  12|0x0000000705800000, 0x0000000705800000, 0x0000000705a00000|  0%| F|  |TAMS 0x0000000705800000| PB 0x0000000705800000| Untracked 
|  13|0x0000000705a00000, 0x0000000705a00000, 0x0000000705c00000|  0%| F|  |TAMS 0x0000000705a00000| PB 0x0000000705a00000| Untracked 
|  14|0x0000000705c00000, 0x0000000705c00000, 0x0000000705e00000|  0%| F|  |TAMS 0x0000000705c00000| PB 0x0000000705c00000| Untracked 
|  15|0x0000000705e00000, 0x0000000705e00000, 0x0000000706000000|  0%| F|  |TAMS 0x0000000705e00000| PB 0x0000000705e00000| Untracked 
|  16|0x0000000706000000, 0x0000000706000000, 0x0000000706200000|  0%| F|  |TAMS 0x0000000706000000| PB 0x0000000706000000| Untracked 
|  17|0x0000000706200000, 0x0000000706200000, 0x0000000706400000|  0%| F|  |TAMS 0x0000000706200000| PB 0x0000000706200000| Untracked 
|  18|0x0000000706400000, 0x0000000706400000, 0x0000000706600000|  0%| F|  |TAMS 0x0000000706400000| PB 0x0000000706400000| Untracked 
|  19|0x0000000706600000, 0x0000000706600000, 0x0000000706800000|  0%| F|  |TAMS 0x0000000706600000| PB 0x0000000706600000| Untracked 
|  20|0x0000000706800000, 0x0000000706800000, 0x0000000706a00000|  0%| F|  |TAMS 0x0000000706800000| PB 0x0000000706800000| Untracked 
|  21|0x0000000706a00000, 0x0000000706a00000, 0x0000000706c00000|  0%| F|  |TAMS 0x0000000706a00000| PB 0x0000000706a00000| Untracked 
|  22|0x0000000706c00000, 0x0000000706c00000, 0x0000000706e00000|  0%| F|  |TAMS 0x0000000706c00000| PB 0x0000000706c00000| Untracked 
|  23|0x0000000706e00000, 0x0000000706e00000, 0x0000000707000000|  0%| F|  |TAMS 0x0000000706e00000| PB 0x0000000706e00000| Untracked 
|  24|0x0000000707000000, 0x0000000707000000, 0x0000000707200000|  0%| F|  |TAMS 0x0000000707000000| PB 0x0000000707000000| Untracked 
|  25|0x0000000707200000, 0x0000000707200000, 0x0000000707400000|  0%| F|  |TAMS 0x0000000707200000| PB 0x0000000707200000| Untracked 
|  26|0x0000000707400000, 0x0000000707400000, 0x0000000707600000|  0%| F|  |TAMS 0x0000000707400000| PB 0x0000000707400000| Untracked 
|  27|0x0000000707600000, 0x0000000707600000, 0x0000000707800000|  0%| F|  |TAMS 0x0000000707600000| PB 0x0000000707600000| Untracked 
|  28|0x0000000707800000, 0x0000000707800000, 0x0000000707a00000|  0%| F|  |TAMS 0x0000000707800000| PB 0x0000000707800000| Untracked 
|  29|0x0000000707a00000, 0x0000000707a00000, 0x0000000707c00000|  0%| F|  |TAMS 0x0000000707a00000| PB 0x0000000707a00000| Untracked 
|  30|0x0000000707c00000, 0x0000000707c00000, 0x0000000707e00000|  0%| F|  |TAMS 0x0000000707c00000| PB 0x0000000707c00000| Untracked 
|  31|0x0000000707e00000, 0x0000000707e00000, 0x0000000708000000|  0%| F|  |TAMS 0x0000000707e00000| PB 0x0000000707e00000| Untracked 
|  32|0x0000000708000000, 0x0000000708000000, 0x0000000708200000|  0%| F|  |TAMS 0x0000000708000000| PB 0x0000000708000000| Untracked 
|  33|0x0000000708200000, 0x0000000708200000, 0x0000000708400000|  0%| F|  |TAMS 0x0000000708200000| PB 0x0000000708200000| Untracked 
|  34|0x0000000708400000, 0x0000000708400000, 0x0000000708600000|  0%| F|  |TAMS 0x0000000708400000| PB 0x0000000708400000| Untracked 
|  35|0x0000000708600000, 0x0000000708600000, 0x0000000708800000|  0%| F|  |TAMS 0x0000000708600000| PB 0x0000000708600000| Untracked 
|  36|0x0000000708800000, 0x0000000708800000, 0x0000000708a00000|  0%| F|  |TAMS 0x0000000708800000| PB 0x0000000708800000| Untracked 
|  37|0x0000000708a00000, 0x0000000708a00000, 0x0000000708c00000|  0%| F|  |TAMS 0x0000000708a00000| PB 0x0000000708a00000| Untracked 
|  38|0x0000000708c00000, 0x0000000708c00000, 0x0000000708e00000|  0%| F|  |TAMS 0x0000000708c00000| PB 0x0000000708c00000| Untracked 
|  39|0x0000000708e00000, 0x0000000708e00000, 0x0000000709000000|  0%| F|  |TAMS 0x0000000708e00000| PB 0x0000000708e00000| Untracked 
|  40|0x0000000709000000, 0x0000000709000000, 0x0000000709200000|  0%| F|  |TAMS 0x0000000709000000| PB 0x0000000709000000| Untracked 
|  41|0x0000000709200000, 0x0000000709200000, 0x0000000709400000|  0%| F|  |TAMS 0x0000000709200000| PB 0x0000000709200000| Untracked 
|  42|0x0000000709400000, 0x0000000709400000, 0x0000000709600000|  0%| F|  |TAMS 0x0000000709400000| PB 0x0000000709400000| Untracked 
|  43|0x0000000709600000, 0x0000000709600000, 0x0000000709800000|  0%| F|  |TAMS 0x0000000709600000| PB 0x0000000709600000| Untracked 
|  44|0x0000000709800000, 0x0000000709800000, 0x0000000709a00000|  0%| F|  |TAMS 0x0000000709800000| PB 0x0000000709800000| Untracked 
|  45|0x0000000709a00000, 0x0000000709a00000, 0x0000000709c00000|  0%| F|  |TAMS 0x0000000709a00000| PB 0x0000000709a00000| Untracked 
|  46|0x0000000709c00000, 0x0000000709c00000, 0x0000000709e00000|  0%| F|  |TAMS 0x0000000709c00000| PB 0x0000000709c00000| Untracked 
|  47|0x0000000709e00000, 0x0000000709e00000, 0x000000070a000000|  0%| F|  |TAMS 0x0000000709e00000| PB 0x0000000709e00000| Untracked 
|  48|0x000000070a000000, 0x000000070a000000, 0x000000070a200000|  0%| F|  |TAMS 0x000000070a000000| PB 0x000000070a000000| Untracked 
|  49|0x000000070a200000, 0x000000070a200000, 0x000000070a400000|  0%| F|  |TAMS 0x000000070a200000| PB 0x000000070a200000| Untracked 
|  50|0x000000070a400000, 0x000000070a400000, 0x000000070a600000|  0%| F|  |TAMS 0x000000070a400000| PB 0x000000070a400000| Untracked 
|  51|0x000000070a600000, 0x000000070a600000, 0x000000070a800000|  0%| F|  |TAMS 0x000000070a600000| PB 0x000000070a600000| Untracked 
|  52|0x000000070a800000, 0x000000070a800000, 0x000000070aa00000|  0%| F|  |TAMS 0x000000070a800000| PB 0x000000070a800000| Untracked 
|  53|0x000000070aa00000, 0x000000070aa00000, 0x000000070ac00000|  0%| F|  |TAMS 0x000000070aa00000| PB 0x000000070aa00000| Untracked 
|  54|0x000000070ac00000, 0x000000070ac00000, 0x000000070ae00000|  0%| F|  |TAMS 0x000000070ac00000| PB 0x000000070ac00000| Untracked 
|  55|0x000000070ae00000, 0x000000070ae00000, 0x000000070b000000|  0%| F|  |TAMS 0x000000070ae00000| PB 0x000000070ae00000| Untracked 
|  56|0x000000070b000000, 0x000000070b000000, 0x000000070b200000|  0%| F|  |TAMS 0x000000070b000000| PB 0x000000070b000000| Untracked 
|  57|0x000000070b200000, 0x000000070b200000, 0x000000070b400000|  0%| F|  |TAMS 0x000000070b200000| PB 0x000000070b200000| Untracked 
|  58|0x000000070b400000, 0x000000070b400000, 0x000000070b600000|  0%| F|  |TAMS 0x000000070b400000| PB 0x000000070b400000| Untracked 
|  59|0x000000070b600000, 0x000000070b600000, 0x000000070b800000|  0%| F|  |TAMS 0x000000070b600000| PB 0x000000070b600000| Untracked 
|  60|0x000000070b800000, 0x000000070b800000, 0x000000070ba00000|  0%| F|  |TAMS 0x000000070b800000| PB 0x000000070b800000| Untracked 
|  61|0x000000070ba00000, 0x000000070ba00000, 0x000000070bc00000|  0%| F|  |TAMS 0x000000070ba00000| PB 0x000000070ba00000| Untracked 
|  62|0x000000070bc00000, 0x000000070bc00000, 0x000000070be00000|  0%| F|  |TAMS 0x000000070bc00000| PB 0x000000070bc00000| Untracked 
|  63|0x000000070be00000, 0x000000070be00000, 0x000000070c000000|  0%| F|  |TAMS 0x000000070be00000| PB 0x000000070be00000| Untracked 
|  64|0x000000070c000000, 0x000000070c000000, 0x000000070c200000|  0%| F|  |TAMS 0x000000070c000000| PB 0x000000070c000000| Untracked 
|  65|0x000000070c200000, 0x000000070c200000, 0x000000070c400000|  0%| F|  |TAMS 0x000000070c200000| PB 0x000000070c200000| Untracked 
|  66|0x000000070c400000, 0x000000070c400000, 0x000000070c600000|  0%| F|  |TAMS 0x000000070c400000| PB 0x000000070c400000| Untracked 
|  67|0x000000070c600000, 0x000000070c600000, 0x000000070c800000|  0%| F|  |TAMS 0x000000070c600000| PB 0x000000070c600000| Untracked 
|  68|0x000000070c800000, 0x000000070c800000, 0x000000070ca00000|  0%| F|  |TAMS 0x000000070c800000| PB 0x000000070c800000| Untracked 
|  69|0x000000070ca00000, 0x000000070ca00000, 0x000000070cc00000|  0%| F|  |TAMS 0x000000070ca00000| PB 0x000000070ca00000| Untracked 
|  70|0x000000070cc00000, 0x000000070cc00000, 0x000000070ce00000|  0%| F|  |TAMS 0x000000070cc00000| PB 0x000000070cc00000| Untracked 
|  71|0x000000070ce00000, 0x000000070ce00000, 0x000000070d000000|  0%| F|  |TAMS 0x000000070ce00000| PB 0x000000070ce00000| Untracked 
|  72|0x000000070d000000, 0x000000070d000000, 0x000000070d200000|  0%| F|  |TAMS 0x000000070d000000| PB 0x000000070d000000| Untracked 
|  73|0x000000070d200000, 0x000000070d200000, 0x000000070d400000|  0%| F|  |TAMS 0x000000070d200000| PB 0x000000070d200000| Untracked 
|  74|0x000000070d400000, 0x000000070d400000, 0x000000070d600000|  0%| F|  |TAMS 0x000000070d400000| PB 0x000000070d400000| Untracked 
|  75|0x000000070d600000, 0x000000070d600000, 0x000000070d800000|  0%| F|  |TAMS 0x000000070d600000| PB 0x000000070d600000| Untracked 
|  76|0x000000070d800000, 0x000000070d800000, 0x000000070da00000|  0%| F|  |TAMS 0x000000070d800000| PB 0x000000070d800000| Untracked 
|  77|0x000000070da00000, 0x000000070da00000, 0x000000070dc00000|  0%| F|  |TAMS 0x000000070da00000| PB 0x000000070da00000| Untracked 
|  78|0x000000070dc00000, 0x000000070dc00000, 0x000000070de00000|  0%| F|  |TAMS 0x000000070dc00000| PB 0x000000070dc00000| Untracked 
|  79|0x000000070de00000, 0x000000070de00000, 0x000000070e000000|  0%| F|  |TAMS 0x000000070de00000| PB 0x000000070de00000| Untracked 
|  80|0x000000070e000000, 0x000000070e000000, 0x000000070e200000|  0%| F|  |TAMS 0x000000070e000000| PB 0x000000070e000000| Untracked 
|  81|0x000000070e200000, 0x000000070e200000, 0x000000070e400000|  0%| F|  |TAMS 0x000000070e200000| PB 0x000000070e200000| Untracked 
|  82|0x000000070e400000, 0x000000070e400000, 0x000000070e600000|  0%| F|  |TAMS 0x000000070e400000| PB 0x000000070e400000| Untracked 
|  83|0x000000070e600000, 0x000000070e600000, 0x000000070e800000|  0%| F|  |TAMS 0x000000070e600000| PB 0x000000070e600000| Untracked 
|  84|0x000000070e800000, 0x000000070e800000, 0x000000070ea00000|  0%| F|  |TAMS 0x000000070e800000| PB 0x000000070e800000| Untracked 
|  85|0x000000070ea00000, 0x000000070ea00000, 0x000000070ec00000|  0%| F|  |TAMS 0x000000070ea00000| PB 0x000000070ea00000| Untracked 
|  86|0x000000070ec00000, 0x000000070ec00000, 0x000000070ee00000|  0%| F|  |TAMS 0x000000070ec00000| PB 0x000000070ec00000| Untracked 
|  87|0x000000070ee00000, 0x000000070ee00000, 0x000000070f000000|  0%| F|  |TAMS 0x000000070ee00000| PB 0x000000070ee00000| Untracked 
|  88|0x000000070f000000, 0x000000070f000000, 0x000000070f200000|  0%| F|  |TAMS 0x000000070f000000| PB 0x000000070f000000| Untracked 
|  89|0x000000070f200000, 0x000000070f200000, 0x000000070f400000|  0%| F|  |TAMS 0x000000070f200000| PB 0x000000070f200000| Untracked 
|  90|0x000000070f400000, 0x000000070f400000, 0x000000070f600000|  0%| F|  |TAMS 0x000000070f400000| PB 0x000000070f400000| Untracked 
|  91|0x000000070f600000, 0x000000070f600000, 0x000000070f800000|  0%| F|  |TAMS 0x000000070f600000| PB 0x000000070f600000| Untracked 
|  92|0x000000070f800000, 0x000000070f800000, 0x000000070fa00000|  0%| F|  |TAMS 0x000000070f800000| PB 0x000000070f800000| Untracked 
|  93|0x000000070fa00000, 0x000000070fa00000, 0x000000070fc00000|  0%| F|  |TAMS 0x000000070fa00000| PB 0x000000070fa00000| Untracked 
|  94|0x000000070fc00000, 0x000000070fc00000, 0x000000070fe00000|  0%| F|  |TAMS 0x000000070fc00000| PB 0x000000070fc00000| Untracked 
|  95|0x000000070fe00000, 0x000000070fe00000, 0x0000000710000000|  0%| F|  |TAMS 0x000000070fe00000| PB 0x000000070fe00000| Untracked 
|  96|0x0000000710000000, 0x0000000710000000, 0x0000000710200000|  0%| F|  |TAMS 0x0000000710000000| PB 0x0000000710000000| Untracked 
|  97|0x0000000710200000, 0x0000000710200000, 0x0000000710400000|  0%| F|  |TAMS 0x0000000710200000| PB 0x0000000710200000| Untracked 
|  98|0x0000000710400000, 0x0000000710400000, 0x0000000710600000|  0%| F|  |TAMS 0x0000000710400000| PB 0x0000000710400000| Untracked 
|  99|0x0000000710600000, 0x0000000710600000, 0x0000000710800000|  0%| F|  |TAMS 0x0000000710600000| PB 0x0000000710600000| Untracked 
| 100|0x0000000710800000, 0x0000000710800000, 0x0000000710a00000|  0%| F|  |TAMS 0x0000000710800000| PB 0x0000000710800000| Untracked 
| 101|0x0000000710a00000, 0x0000000710a00000, 0x0000000710c00000|  0%| F|  |TAMS 0x0000000710a00000| PB 0x0000000710a00000| Untracked 
| 102|0x0000000710c00000, 0x0000000710c00000, 0x0000000710e00000|  0%| F|  |TAMS 0x0000000710c00000| PB 0x0000000710c00000| Untracked 
| 103|0x0000000710e00000, 0x0000000710e00000, 0x0000000711000000|  0%| F|  |TAMS 0x0000000710e00000| PB 0x0000000710e00000| Untracked 
| 104|0x0000000711000000, 0x0000000711000000, 0x0000000711200000|  0%| F|  |TAMS 0x0000000711000000| PB 0x0000000711000000| Untracked 
| 105|0x0000000711200000, 0x0000000711200000, 0x0000000711400000|  0%| F|  |TAMS 0x0000000711200000| PB 0x0000000711200000| Untracked 
| 106|0x0000000711400000, 0x0000000711400000, 0x0000000711600000|  0%| F|  |TAMS 0x0000000711400000| PB 0x0000000711400000| Untracked 
| 107|0x0000000711600000, 0x0000000711600000, 0x0000000711800000|  0%| F|  |TAMS 0x0000000711600000| PB 0x0000000711600000| Untracked 
| 108|0x0000000711800000, 0x0000000711800000, 0x0000000711a00000|  0%| F|  |TAMS 0x0000000711800000| PB 0x0000000711800000| Untracked 
| 109|0x0000000711a00000, 0x0000000711a00000, 0x0000000711c00000|  0%| F|  |TAMS 0x0000000711a00000| PB 0x0000000711a00000| Untracked 
| 110|0x0000000711c00000, 0x0000000711c00000, 0x0000000711e00000|  0%| F|  |TAMS 0x0000000711c00000| PB 0x0000000711c00000| Untracked 
| 111|0x0000000711e00000, 0x0000000711e00000, 0x0000000712000000|  0%| F|  |TAMS 0x0000000711e00000| PB 0x0000000711e00000| Untracked 
| 112|0x0000000712000000, 0x0000000712000000, 0x0000000712200000|  0%| F|  |TAMS 0x0000000712000000| PB 0x0000000712000000| Untracked 
| 113|0x0000000712200000, 0x0000000712200000, 0x0000000712400000|  0%| F|  |TAMS 0x0000000712200000| PB 0x0000000712200000| Untracked 
| 114|0x0000000712400000, 0x0000000712400000, 0x0000000712600000|  0%| F|  |TAMS 0x0000000712400000| PB 0x0000000712400000| Untracked 
| 115|0x0000000712600000, 0x0000000712600000, 0x0000000712800000|  0%| F|  |TAMS 0x0000000712600000| PB 0x0000000712600000| Untracked 
| 116|0x0000000712800000, 0x0000000712800000, 0x0000000712a00000|  0%| F|  |TAMS 0x0000000712800000| PB 0x0000000712800000| Untracked 
| 117|0x0000000712a00000, 0x0000000712a00000, 0x0000000712c00000|  0%| F|  |TAMS 0x0000000712a00000| PB 0x0000000712a00000| Untracked 
| 118|0x0000000712c00000, 0x0000000712c00000, 0x0000000712e00000|  0%| F|  |TAMS 0x0000000712c00000| PB 0x0000000712c00000| Untracked 
| 119|0x0000000712e00000, 0x0000000712e00000, 0x0000000713000000|  0%| F|  |TAMS 0x0000000712e00000| PB 0x0000000712e00000| Untracked 
| 120|0x0000000713000000, 0x0000000713000000, 0x0000000713200000|  0%| F|  |TAMS 0x0000000713000000| PB 0x0000000713000000| Untracked 
| 121|0x0000000713200000, 0x0000000713200000, 0x0000000713400000|  0%| F|  |TAMS 0x0000000713200000| PB 0x0000000713200000| Untracked 
| 122|0x0000000713400000, 0x0000000713400000, 0x0000000713600000|  0%| F|  |TAMS 0x0000000713400000| PB 0x0000000713400000| Untracked 
| 123|0x0000000713600000, 0x0000000713600000, 0x0000000713800000|  0%| F|  |TAMS 0x0000000713600000| PB 0x0000000713600000| Untracked 
| 124|0x0000000713800000, 0x00000007139c35a8, 0x0000000713a00000| 88%| E|  |TAMS 0x0000000713800000| PB 0x0000000713800000| Complete 
| 125|0x0000000713a00000, 0x0000000713c00000, 0x0000000713c00000|100%| E|CS|TAMS 0x0000000713a00000| PB 0x0000000713a00000| Complete 

Card table byte_map: [0x000002149d170000,0x000002149d950000] _byte_map_base: 0x0000021499950000

Marking Bits: (CMBitMap*) 0x000002148310ae80
 Bits: [0x000002149d950000, 0x00000214a1850000)

Polling page: 0x0000021484990000

Metaspace:

Usage:
  Non-class:      6.92 MB used.
      Class:    629.82 KB used.
       Both:      7.53 MB used.

Virtual space:
  Non-class space:       64.00 MB reserved,       6.94 MB ( 11%) committed,  1 nodes.
      Class space:        1.00 GB reserved,     704.00 KB ( <1%) committed,  1 nodes.
             Both:        1.06 GB reserved,       7.62 MB ( <1%) committed. 

Chunk freelists:
   Non-Class:  8.94 MB
       Class:  15.23 MB
        Both:  24.18 MB

MaxMetaspaceSize: unlimited
CompressedClassSpaceSize: 1.00 GB
Initial GC threshold: 21.00 MB
Current GC threshold: 21.00 MB
CDS: off
 - commit_granule_bytes: 65536.
 - commit_granule_words: 8192.
 - virtual_space_node_default_size: 8388608.
 - enlarge_chunks_in_place: 1.
 - use_allocation_guard: 0.


Internal statistics:

num_allocs_failed_limit: 0.
num_arena_births: 24.
num_arena_deaths: 0.
num_vsnodes_births: 2.
num_vsnodes_deaths: 0.
num_space_committed: 122.
num_space_uncommitted: 0.
num_chunks_returned_to_freelist: 0.
num_chunks_taken_from_freelist: 50.
num_chunk_merges: 0.
num_chunk_splits: 22.
num_chunks_enlarged: 10.
num_inconsistent_stats: 0.

CodeHeap 'non-profiled nmethods': size=120000Kb used=92Kb max_used=92Kb free=119907Kb
 bounds [0x00000214949f0000, 0x0000021494c60000, 0x000002149bf20000]
CodeHeap 'profiled nmethods': size=120000Kb used=282Kb max_used=282Kb free=119717Kb
 bounds [0x000002148cf20000, 0x000002148d190000, 0x0000021494450000]
CodeHeap 'non-nmethods': size=5760Kb used=1422Kb max_used=1422Kb free=4338Kb
 bounds [0x0000021494450000, 0x00000214946c0000, 0x00000214949f0000]
 total_blobs=673 nmethods=256 adapters=322
 compilation: enabled
              stopped_count=0, restarted_count=0
 full_count=0

Compilation events (20 events):
Event: 84.703 Thread 0x00000214a435f360  244       4       java.util.Objects::requireNonNull (14 bytes)
Event: 84.703 Thread 0x00000214a435f360 nmethod 244 0x0000021494a06490 code [0x0000021494a06620, 0x0000021494a066a8]
Event: 84.720 Thread 0x00000214a4363ae0  246       3       java.lang.AbstractStringBuilder::<init> (39 bytes)
Event: 84.721 Thread 0x00000214a4363ae0 nmethod 246 0x000002148cf61d10 code [0x000002148cf61ec0, 0x000002148cf62150]
Event: 84.721 Thread 0x00000214a4363ae0  247       3       java.lang.StringBuilder::toString (9 bytes)
Event: 84.721 Thread 0x00000214a4363ae0 nmethod 247 0x000002148cf62210 code [0x000002148cf623c0, 0x000002148cf625d0]
Event: 84.721 Thread 0x00000214a4363ae0  248       3       java.lang.String::<init> (7 bytes)
Event: 84.721 Thread 0x00000214a4363ae0 nmethod 248 0x000002148cf62710 code [0x000002148cf628c0, 0x000002148cf62a08]
Event: 84.721 Thread 0x00000214a4363ae0  249       3       java.lang.String::<init> (99 bytes)
Event: 84.723 Thread 0x00000214a4363ae0 nmethod 249 0x000002148cf62a90 code [0x000002148cf62e80, 0x000002148cf64970]
Event: 84.723 Thread 0x00000214a4363ae0  250       3       jdk.internal.org.objectweb.asm.ByteVector::put12 (64 bytes)
Event: 84.723 Thread 0x00000214a4363ae0 nmethod 250 0x000002148cf65210 code [0x000002148cf653c0, 0x000002148cf655f8]
Event: 84.723 Thread 0x00000214a4363ae0  251       3       java.lang.Enum::<init> (15 bytes)
Event: 84.723 Thread 0x00000214a4363ae0 nmethod 251 0x000002148cf65790 code [0x000002148cf65940, 0x000002148cf65b10]
Event: 84.731 Thread 0x00000214a4363ae0  252       3       java.lang.ref.Reference::<init> (25 bytes)
Event: 84.732 Thread 0x00000214a4363ae0 nmethod 252 0x000002148cf65c10 code [0x000002148cf65dc0, 0x000002148cf66048]
Event: 85.196 Thread 0x00000214a4363ae0  255       3       jdk.internal.misc.Unsafe::pickPos (14 bytes)
Event: 85.196 Thread 0x00000214a4363ae0 nmethod 255 0x000002148cf66110 code [0x000002148cf662a0, 0x000002148cf663a0]
Event: 85.196 Thread 0x00000214a4363ae0  256       3       java.lang.StringLatin1::lastIndexOf (40 bytes)
Event: 85.196 Thread 0x00000214a4363ae0 nmethod 256 0x000002148cf66410 code [0x000002148cf665e0, 0x000002148cf669d0]

GC Heap History (0 events):
No events

Dll operation events (9 events):
Event: 25.236 Loaded shared library C:\Program Files\Java\jdk-21.0.6\bin\java.dll
Event: 54.206 Loaded shared library C:\Program Files\Java\jdk-21.0.6\bin\jsvml.dll
Event: 62.086 Loaded shared library C:\Program Files\Java\jdk-21.0.6\bin\zip.dll
Event: 79.670 Loaded shared library C:\Program Files\Java\jdk-21.0.6\bin\instrument.dll
Event: 80.174 Loaded shared library C:\Program Files\Java\jdk-21.0.6\bin\net.dll
Event: 80.756 Loaded shared library C:\Program Files\Java\jdk-21.0.6\bin\nio.dll
Event: 81.890 Loaded shared library C:\Program Files\Java\jdk-21.0.6\bin\zip.dll
Event: 84.615 Loaded shared library C:\Program Files\JetBrains\IntelliJ IDEA 2023.3.4\bin\breakgen64.dll
Event: 84.718 Loaded shared library C:\Program Files\Java\jdk-21.0.6\bin\extnet.dll

Deoptimization events (4 events):
Event: 84.620 Thread 0x00000214830a2530 Uncommon trap: trap_request=0xffffff45 fr.pc=0x0000021494a01364 relative=0x00000000000000c4
Event: 84.620 Thread 0x00000214830a2530 Uncommon trap: reason=unstable_if action=reinterpret pc=0x0000021494a01364 method=java.lang.String.isLatin1()Z @ 10 c2
Event: 84.620 Thread 0x00000214830a2530 DEOPT PACKING pc=0x0000021494a01364 sp=0x00000015259ff240
Event: 84.620 Thread 0x00000214830a2530 DEOPT UNPACKING pc=0x00000214944a7da2 sp=0x00000015259ff180 mode 2

Classes loaded (20 events):
Event: 85.199 Loading class java/nio/file/Paths done
Event: 85.199 Loading class java/nio/file/FileSystems
Event: 85.200 Loading class java/nio/file/FileSystems done
Event: 85.200 Loading class java/nio/file/FileSystems$DefaultFileSystemHolder
Event: 85.200 Loading class java/nio/file/FileSystems$DefaultFileSystemHolder done
Event: 85.200 Loading class java/nio/file/FileSystems$DefaultFileSystemHolder$1
Event: 85.200 Loading class java/nio/file/FileSystems$DefaultFileSystemHolder$1 done
Event: 85.200 Loading class java/nio/file/attribute/FileAttribute
Event: 85.200 Loading class java/nio/file/attribute/FileAttribute done
Event: 85.200 Loading class sun/nio/fs/WindowsSecurityDescriptor
Event: 85.200 Loading class sun/nio/fs/WindowsSecurityDescriptor done
Event: 85.200 Loading class sun/nio/fs/WindowsChannelFactory
Event: 85.201 Loading class sun/nio/fs/WindowsChannelFactory done
Event: 85.201 Loading class sun/nio/fs/WindowsChannelFactory$1
Event: 85.201 Loading class sun/nio/fs/WindowsChannelFactory$1 done
Event: 85.201 Loading class sun/nio/fs/WindowsChannelFactory$Flags
Event: 85.201 Loading class sun/nio/fs/WindowsChannelFactory$Flags done
Event: 85.201 Loading class java/util/Collections$EmptyIterator
Event: 85.201 Loading class java/util/Collections$EmptyIterator done
Event: 85.202 Loading class sun/nio/ch/FileChannelImpl

Classes unloaded (0 events):
No events

Classes redefined (0 events):
No events

Internal exceptions (3 events):
Event: 84.079 Thread 0x00000214830a2530 Exception <a 'java/lang/NoSuchMethodError'{0x000000071390fb40}: 'void java.lang.invoke.DirectMethodHandle$Holder.invokeStatic(java.lang.Object, java.lang.Object, java.lang.Object)'> (0x000000071390fb40) 
thrown [s\open\src\hotspot\share\interpreter\linkResolver.cpp, line 773]
Event: 84.086 Thread 0x00000214830a2530 Exception <a 'java/lang/NoSuchMethodError'{0x0000000713926fb0}: 'java.lang.Object java.lang.invoke.Invokers$Holder.invokeExact_MT(java.lang.Object, java.lang.Object, java.lang.Object, java.lang.Object, java.lang.Object)'> (0x0000000713926fb0) 
thrown [s\open\src\hotspot\share\interpreter\linkResolver.cpp, line 773]
Event: 84.720 Thread 0x00000214a47089c0 Exception <a 'java/lang/NoSuchMethodError'{0x000000071395baf8}: 'void java.lang.invoke.DirectMethodHandle$Holder.invokeStatic(java.lang.Object, java.lang.Object)'> (0x000000071395baf8) 
thrown [s\open\src\hotspot\share\interpreter\linkResolver.cpp, line 773]

ZGC Phase Switch (0 events):
No events

VM Operations (17 events):
Event: 55.460 Executing VM operation: Cleanup
Event: 56.040 Executing VM operation: Cleanup done
Event: 57.042 Executing VM operation: Cleanup
Event: 57.244 Executing VM operation: Cleanup done
Event: 58.257 Executing VM operation: Cleanup
Event: 58.867 Executing VM operation: Cleanup done
Event: 58.903 Executing VM operation: HandshakeAllThreads (Deoptimize)
Event: 58.903 Executing VM operation: HandshakeAllThreads (Deoptimize) done
Event: 59.913 Executing VM operation: Cleanup
Event: 62.082 Executing VM operation: Cleanup done
Event: 80.271 Executing VM operation: Cleanup
Event: 80.271 Executing VM operation: Cleanup done
Event: 82.292 Executing VM operation: Cleanup
Event: 82.292 Executing VM operation: Cleanup done
Event: 84.311 Executing VM operation: Cleanup
Event: 84.612 Executing VM operation: Cleanup done
Event: 85.624 Executing VM operation: Cleanup

Events (12 events):
Event: 44.233 Thread 0x00000214830a2530 Thread added: 0x00000214830a2530
Event: 53.087 Thread 0x00000214a43751b0 Thread added: 0x00000214a43751b0
Event: 53.088 Thread 0x00000214a4375810 Thread added: 0x00000214a4375810
Event: 53.093 Thread 0x00000214a4376260 Thread added: 0x00000214a4376260
Event: 53.093 Thread 0x00000214a435d140 Thread added: 0x00000214a435d140
Event: 53.093 Thread 0x00000214a435db90 Thread added: 0x00000214a435db90
Event: 53.093 Thread 0x00000214a435e5e0 Thread added: 0x00000214a435e5e0
Event: 53.094 Thread 0x00000214a435f360 Thread added: 0x00000214a435f360
Event: 53.783 Thread 0x00000214a4363ae0 Thread added: 0x00000214a4363ae0
Event: 57.536 Thread 0x00000214a455e850 Thread added: 0x00000214a455e850
Event: 84.616 Thread 0x00000214a47089c0 Thread added: 0x00000214a47089c0
Event: 84.616 Thread 0x00000214a4709020 Thread added: 0x00000214a4709020


Dynamic libraries:
0x00007ff7e26f0000 - 0x00007ff7e2700000 	C:\Program Files\Java\jdk-21.0.6\bin\java.exe
0x00007ffbc1e40000 - 0x00007ffbc20a0000 	C:\WINDOWS\SYSTEM32\ntdll.dll
0x00007ffbc0980000 - 0x00007ffbc0a47000 	C:\WINDOWS\System32\KERNEL32.DLL
0x00007ffbbf020000 - 0x00007ffbbf3ea000 	C:\WINDOWS\System32\KERNELBASE.dll
0x00007ffbbf810000 - 0x00007ffbbf95b000 	C:\WINDOWS\System32\ucrtbase.dll
0x00007ffb815c0000 - 0x00007ffb815d9000 	C:\Program Files\Java\jdk-21.0.6\bin\jli.dll
0x00007ffbc0450000 - 0x00007ffbc0502000 	C:\WINDOWS\System32\ADVAPI32.dll
0x00007ffbc02c0000 - 0x00007ffbc0369000 	C:\WINDOWS\System32\msvcrt.dll
0x00007ffbbff10000 - 0x00007ffbbffb6000 	C:\WINDOWS\System32\sechost.dll
0x00007ffbc0860000 - 0x00007ffbc0976000 	C:\WINDOWS\System32\RPCRT4.dll
0x00007ffbbfc40000 - 0x00007ffbbfe0c000 	C:\WINDOWS\System32\USER32.dll
0x00007ffbbf3f0000 - 0x00007ffbbf417000 	C:\WINDOWS\System32\win32u.dll
0x00007ffbc18f0000 - 0x00007ffbc191a000 	C:\WINDOWS\System32\GDI32.dll
0x00007ffbbf620000 - 0x00007ffbbf751000 	C:\WINDOWS\System32\gdi32full.dll
0x00007ffbbf760000 - 0x00007ffbbf803000 	C:\WINDOWS\System32\msvcp_win.dll
0x00007ffba5240000 - 0x00007ffba54d7000 	C:\WINDOWS\WinSxS\amd64_microsoft.windows.common-controls_6595b64144ccf1df_6.0.26100.3624_none_3e086962e3345f24\COMCTL32.dll
0x00007ffbaee60000 - 0x00007ffbaee6b000 	C:\WINDOWS\SYSTEM32\VERSION.dll
0x00007ffba0ac0000 - 0x00007ffba0adb000 	C:\Program Files\Java\jdk-21.0.6\bin\VCRUNTIME140.dll
0x00007ffbc0820000 - 0x00007ffbc084f000 	C:\WINDOWS\System32\IMM32.DLL
0x00007ffbb0a50000 - 0x00007ffbb0a5c000 	C:\Program Files\Java\jdk-21.0.6\bin\vcruntime140_1.dll
0x00007ffb77ad0000 - 0x00007ffb77b5e000 	C:\Program Files\Java\jdk-21.0.6\bin\msvcp140.dll
0x00007ffb58f30000 - 0x00007ffb59c4a000 	C:\Program Files\Java\jdk-21.0.6\bin\server\jvm.dll
0x00007ffbc0b30000 - 0x00007ffbc0ba4000 	C:\WINDOWS\System32\WS2_32.dll
0x00007ffbbe6d0000 - 0x00007ffbbe72e000 	C:\WINDOWS\SYSTEM32\POWRPROF.dll
0x00007ffbb7340000 - 0x00007ffbb7376000 	C:\WINDOWS\SYSTEM32\WINMM.dll
0x00007ffbbe6b0000 - 0x00007ffbbe6c4000 	C:\WINDOWS\SYSTEM32\UMPDC.dll
0x00007ffbbdd90000 - 0x00007ffbbddaa000 	C:\WINDOWS\SYSTEM32\kernel.appcore.dll
0x00007ffba0c80000 - 0x00007ffba0c8a000 	C:\Program Files\Java\jdk-21.0.6\bin\jimage.dll
0x000000005fc40000 - 0x000000005fdd6000 	C:\Program Files\Microsoft SQL Server\110\Shared\DBGHELP.DLL
0x00007ffbb9d50000 - 0x00007ffbb9d5f000 	C:\Program Files\Java\jdk-21.0.6\bin\instrument.dll
0x00007ffb815a0000 - 0x00007ffb815bf000 	C:\Program Files\Java\jdk-21.0.6\bin\java.dll
0x00007ffbc1080000 - 0x00007ffbc17a9000 	C:\WINDOWS\System32\SHELL32.dll
0x00007ffbbf4b0000 - 0x00007ffbbf618000 	C:\WINDOWS\System32\wintypes.dll
0x00007ffbc1920000 - 0x00007ffbc1ca2000 	C:\WINDOWS\System32\combase.dll
0x00007ffbbcc80000 - 0x00007ffbbd4d2000 	C:\WINDOWS\SYSTEM32\windows.storage.dll
0x00007ffbc1800000 - 0x00007ffbc18ed000 	C:\WINDOWS\System32\SHCORE.dll
0x00007ffbc1cb0000 - 0x00007ffbc1d14000 	C:\WINDOWS\System32\shlwapi.dll
0x00007ffbbef30000 - 0x00007ffbbef5f000 	C:\WINDOWS\SYSTEM32\profapi.dll
0x00007ffb6cb30000 - 0x00007ffb6cc07000 	C:\Program Files\Java\jdk-21.0.6\bin\jsvml.dll
0x00007ffb81440000 - 0x00007ffb81458000 	C:\Program Files\Java\jdk-21.0.6\bin\zip.dll
0x00007ffb96630000 - 0x00007ffb96640000 	C:\Program Files\Java\jdk-21.0.6\bin\net.dll
0x00007ffbb9120000 - 0x00007ffbb923d000 	C:\WINDOWS\SYSTEM32\WINHTTP.dll
0x00007ffbbe2f0000 - 0x00007ffbbe35a000 	C:\WINDOWS\system32\mswsock.dll
0x00007ffb81530000 - 0x00007ffb81546000 	C:\Program Files\Java\jdk-21.0.6\bin\nio.dll
0x00007ffbb9990000 - 0x00007ffbb99aa000 	C:\Program Files\JetBrains\IntelliJ IDEA 2023.3.4\bin\breakgen64.dll
0x00007ffb8f2e0000 - 0x00007ffb8f2e9000 	C:\Program Files\Java\jdk-21.0.6\bin\extnet.dll

dbghelp: loaded successfully - version: 4.0.5 - missing functions: none
symbol engine: initialized successfully - sym options: 0x614 - pdb path: .;C:\Program Files\Java\jdk-21.0.6\bin;C:\WINDOWS\SYSTEM32;C:\WINDOWS\WinSxS\amd64_microsoft.windows.common-controls_6595b64144ccf1df_6.0.26100.3624_none_3e086962e3345f24;C:\Program Files\Java\jdk-21.0.6\bin\server;C:\Program Files\Microsoft SQL Server\110\Shared;C:\Program Files\JetBrains\IntelliJ IDEA 2023.3.4\bin

VM Arguments:
jvm_args: -Dmaven.multiModuleProjectDirectory=C:\Users\DELL\Desktop\angular Project\backEnd\carsAgence -Djansi.passthrough=true -Dmaven.home=C:\Users\DELL\.m2\wrapper\dists\apache-maven-3.9.9-bin\4nf9hui3q3djbarqar9g711ggc\apache-maven-3.9.9 -Dclassworlds.conf=C:\Users\DELL\.m2\wrapper\dists\apache-maven-3.9.9-bin\4nf9hui3q3djbarqar9g711ggc\apache-maven-3.9.9\bin\m2.conf -Dmaven.ext.class.path=C:\Program Files\JetBrains\IntelliJ IDEA 2023.3.4\plugins\maven\lib\maven-event-listener.jar -javaagent:C:\Program Files\JetBrains\IntelliJ IDEA 2023.3.4\lib\idea_rt.jar=52444:C:\Program Files\JetBrains\IntelliJ IDEA 2023.3.4\bin -Dfile.encoding=UTF-8 -Dsun.stdout.encoding=UTF-8 -Dsun.stderr.encoding=UTF-8 
java_command: org.codehaus.classworlds.Launcher -Didea.version=2023.3.4 clean install
java_class_path (initial): C:\Users\DELL\.m2\wrapper\dists\apache-maven-3.9.9-bin\4nf9hui3q3djbarqar9g711ggc\apache-maven-3.9.9\boot\plexus-classworlds-2.8.0.jar;C:\Users\DELL\.m2\wrapper\dists\apache-maven-3.9.9-bin\4nf9hui3q3djbarqar9g711ggc\apache-maven-3.9.9\boot\plexus-classworlds.license
Launcher Type: SUN_STANDARD

[Global flags]
     intx CICompilerCount                          = 4                                         {product} {ergonomic}
     uint ConcGCThreads                            = 2                                         {product} {ergonomic}
     uint G1ConcRefinementThreads                  = 8                                         {product} {ergonomic}
   size_t G1HeapRegionSize                         = 2097152                                   {product} {ergonomic}
    uintx GCDrainStackTargetSize                   = 64                                        {product} {ergonomic}
   size_t InitialHeapSize                          = 264241152                                 {product} {ergonomic}
   size_t MarkStackSize                            = 4194304                                   {product} {ergonomic}
   size_t MaxHeapSize                              = 4227858432                                {product} {ergonomic}
   size_t MaxNewSize                               = 2535456768                                {product} {ergonomic}
   size_t MinHeapDeltaBytes                        = 2097152                                   {product} {ergonomic}
   size_t MinHeapSize                              = 8388608                                   {product} {ergonomic}
    uintx NonNMethodCodeHeapSize                   = 5839372                                {pd product} {ergonomic}
    uintx NonProfiledCodeHeapSize                  = 122909434                              {pd product} {ergonomic}
    uintx ProfiledCodeHeapSize                     = 122909434                              {pd product} {ergonomic}
    uintx ReservedCodeCacheSize                    = 251658240                              {pd product} {ergonomic}
     bool SegmentedCodeCache                       = true                                      {product} {ergonomic}
   size_t SoftMaxHeapSize                          = 4227858432                             {manageable} {ergonomic}
     bool UseCompressedOops                        = true                           {product lp64_product} {ergonomic}
     bool UseG1GC                                  = true                                      {product} {ergonomic}
     bool UseLargePagesIndividualAllocation        = false                                  {pd product} {ergonomic}

Logging:
Log output configuration:
 #0: stdout all=warning uptime,level,tags foldmultilines=false
 #1: stderr all=off uptime,level,tags foldmultilines=false

Environment Variables:
PATH=C:\PySchool\3.10-32-bit\Scripts;C:\PySchool\3.10-32-bit;C:\oraclexe\app\oracle\product\11.2.0\server\bin;C:\Program Files (x86)\VMware\VMware Workstation\bin\;C:\Program Files\Common Files\Siemens\Automation\Simatic OAM\bin;C:\WINDOWS\system32;C:\WINDOWS;C:\WINDOWS\System32\Wbem;C:\WINDOWS\System32\WindowsPowerShell\v1.0\;C:\WINDOWS\System32\OpenSSH\;C:\Program Files (x86)\Microchip\MPLAB C32 Suite\bin;c:\Program Files (x86)\Microsoft SQL Server\100\Tools\Binn\;c:\Program Files\Microsoft SQL Server\100\Tools\Binn\;c:\Program Files\Microsoft SQL Server\100\DTS\Binn\;C:\Users\DELL\AppData\Local\Programs\Python\Python311;C:\Users\DELL\AppData\Local\Programs\Python\Python311\Scripts;C:\wamp64\bin\php\php8.2.0;C:\wamp64\bin;C:\Program Files\Git\cmd;C:\Program Files\dotnet\;C:\Program Files\Docker\Docker\resources\bin;C:\Users\DELL\AppData\Local\nvm;C:\nvm4w\nodejs;C:\Program Files\Microsoft SQL Server\150\Tools\Binn\;C:\Program Files\Microsoft SQL Server\Client SDK\ODBC\170\Tools\Binn\;C:\Program Files (x86)\Windows Kits\10\Windows Performance Toolkit\;C:\Program Files\Microsoft SQL Server\110\DTS\Binn\;C:\Program Files (x86)\Microsoft SQL Server\110\Tools\Binn\;C:\Program Files\Microsoft SQL Server\110\Tools\Binn\;C:\Program Files (x86)\Microsoft SQL Server\110\Tools\Binn\ManagementStudio\;C:\Program Files (x86)\Microsoft Visual Studio 10.0\Common7\IDE\PrivateAssemblies\;C:\Program Files (x86)\Microsoft SQL Server\110\DTS\Binn\;C:\Program Files\Java\jdk-21.0.6\bin;C:\Users\DELL\scoop\shims;C:\Users\DELL\AppData\Local\Microsoft\WindowsApps;C:\phpm\php-8.2.3 (1);C:\Program Files\JetBrains\PhpStorm 2023.1\bin;;C:\wamp64\bin;C:\Users\DELL\AppData\Local\Programs\Microsoft VS Code\bin;C:\Users\DELL\AppData\Roaming\npm;C:\Users\DELL\AppData\Local\nvm;C:\nvm4w\nodejs;C:\Users\DELL\.dotnet\tools;C:\Users\DELL\AppData\Local\Programs\cursor\resources\app\bin
USERNAME=DELL
OS=Windows_NT
PROCESSOR_IDENTIFIER=Intel64 Family 6 Model 140 Stepping 1, GenuineIntel
TMP=C:\Users\DELL\AppData\Local\Temp
TEMP=C:\Users\DELL\AppData\Local\Temp




Periodic native trim disabled

---------------  S Y S T E M  ---------------

OS:
 Windows 11 , 64 bit Build 26100 (10.0.26100.3775)
OS uptime: 1 days 17:54 hours
Hyper-V role detected

CPU: total 8 (initial active 8) (4 cores per cpu, 2 threads per core) family 6 model 140 stepping 1 microcode 0xba, cx8, cmov, fxsr, ht, mmx, 3dnowpref, sse, sse2, sse3, ssse3, sse4.1, sse4.2, popcnt, lzcnt, tsc, tscinvbit, avx, avx2, aes, erms, clmul, bmi1, bmi2, adx, avx512f, avx512dq, avx512cd, avx512bw, avx512vl, sha, fma, vzeroupper, avx512_vpopcntdq, avx512_vpclmulqdq, avx512_vaes, avx512_vnni, clflush, clflushopt, clwb, avx512_vbmi2, avx512_vbmi, hv, rdtscp, rdpid, fsrm, gfni, avx512_bitalg, f16c, cet_ibt, cet_ss, avx512_ifma
Processor Information for all 8 processors :
  Max Mhz: 2419, Current Mhz: 2419, Mhz Limit: 2419

Memory: 4k page, system-wide physical 16126M (3197M free)
TotalPageFile size 60843M (AvailPageFile size 12433M)
current process WorkingSet (physical memory assigned to process): 27M, peak: 30M
current process commit charge ("private bytes"): 332M, peak: 332M

vm_info: Java HotSpot(TM) 64-Bit Server VM (21.0.6+8-LTS-188) for windows-amd64 JRE (21.0.6+8-LTS-188), built on 2024-12-03T10:50:54Z by "mach5one" with MS VC++ 17.6 (VS2022)

END.
