#
# There is insufficient memory for the Java Runtime Environment to continue.
# Native memory allocation (malloc) failed to allocate 249776 bytes for Chunk::new
# Possible reasons:
#   The system is out of physical RAM or swap space
#   The process is running with CompressedOops enabled, and the Java Heap may be blocking the growth of the native heap
# Possible solutions:
#   Reduce memory load on the system
#   Increase physical memory or swap space
#   Check if swap backing store is full
#   Decrease Java heap size (-Xmx/-Xms)
#   Decrease number of Java threads
#
#  
 Windows 11 , 64 bit Build 26100 (10.0.26100.3775)
Time: Tue Apr 22 17:31:55 2025 Afr. centrale Ouest elapsed time: 111.298681 seconds (0d 0h 1m 51s)

---------------  T H R E A D  ---------------

Current thread (0x0000024fc59b1ee0):  JavaThread "C2 CompilerThread0" daemon [_thread_in_native, id=9076, stack(0x0000009d66300000,0x0000009d66400000) (1024K)]


Current CompileTask:
C2: 111298 2224       4       java.util.jar.JarFile::getVersionedEntry (133 bytes)

Stack: [0x0000009d66300000,0x0000009d66400000]
Native frames: (J=compiled Java code, j=interpreted, Vv=VM code, C=native code)
V  [jvm.dll+0x6ca6d9]
V  [jvm.dll+0x854f51]
V  [jvm.dll+0x85747e]
V  [jvm.dll+0x857b53]
V  [jvm.dll+0x27dcc6]
V  [jvm.dll+0xc4c2d]
V  [jvm.dll+0xc5163]
V  [jvm.dll+0x2f0fbd]
V  [jvm.dll+0x5f546a]
V  [jvm.dll+0x24f8a2]
V  [jvm.dll+0x247fbe]
V  [jvm.dll+0x245df4]
V  [jvm.dll+0x1c6d2e]
V  [jvm.dll+0x2554f9]
V  [jvm.dll+0x253a8a]
V  [jvm.dll+0x3ee576]
V  [jvm.dll+0x7ff2fb]
V  [jvm.dll+0x6c8dbd]
C  [ucrtbase.dll+0x37b0]
C  [KERNEL32.DLL+0x2e8d7]
C  [ntdll.dll+0xb14fc]


---------------  P R O C E S S  ---------------

Threads class SMR info:
_java_thread_list=0x000002500bc43d50, length=12, elements={
0x0000024fa46e8080, 0x0000024fc59a6a60, 0x0000024fc59a7860, 0x0000024fc59ad0b0,
0x0000024fc59adb00, 0x0000024fc59ae700, 0x0000024fc59af150, 0x0000024fc59b1ee0,
0x0000024fc59b2cd0, 0x0000024fc5a9b9b0, 0x000002500b252fb0, 0x000002500b253610
}

Java Threads: ( => current thread )
  0x0000024fa46e8080 JavaThread "main"                              [_thread_in_vm, id=23320, stack(0x0000009d65500000,0x0000009d65600000) (1024K)]
  0x0000024fc59a6a60 JavaThread "Reference Handler"          daemon [_thread_blocked, id=22384, stack(0x0000009d65d00000,0x0000009d65e00000) (1024K)]
  0x0000024fc59a7860 JavaThread "Finalizer"                  daemon [_thread_blocked, id=21944, stack(0x0000009d65e00000,0x0000009d65f00000) (1024K)]
  0x0000024fc59ad0b0 JavaThread "Signal Dispatcher"          daemon [_thread_blocked, id=23312, stack(0x0000009d65f00000,0x0000009d66000000) (1024K)]
  0x0000024fc59adb00 JavaThread "Attach Listener"            daemon [_thread_blocked, id=5056, stack(0x0000009d66000000,0x0000009d66100000) (1024K)]
  0x0000024fc59ae700 JavaThread "Service Thread"             daemon [_thread_blocked, id=18092, stack(0x0000009d66100000,0x0000009d66200000) (1024K)]
  0x0000024fc59af150 JavaThread "Monitor Deflation Thread"   daemon [_thread_blocked, id=18464, stack(0x0000009d66200000,0x0000009d66300000) (1024K)]
=>0x0000024fc59b1ee0 JavaThread "C2 CompilerThread0"         daemon [_thread_in_native, id=9076, stack(0x0000009d66300000,0x0000009d66400000) (1024K)]
  0x0000024fc59b2cd0 JavaThread "C1 CompilerThread0"         daemon [_thread_blocked, id=20104, stack(0x0000009d66400000,0x0000009d66500000) (1024K)]
  0x0000024fc5a9b9b0 JavaThread "Common-Cleaner"             daemon [_thread_blocked, id=19876, stack(0x0000009d66500000,0x0000009d66600000) (1024K)]
  0x000002500b252fb0 JavaThread "Monitor Ctrl-Break"         daemon [_thread_in_native, id=24948, stack(0x0000009d66600000,0x0000009d66700000) (1024K)]
  0x000002500b253610 JavaThread "Notification Thread"        daemon [_thread_blocked, id=24952, stack(0x0000009d66700000,0x0000009d66800000) (1024K)]
Total: 12

Other Threads:
  0x0000024fc5987c80 VMThread "VM Thread"                           [id=13532, stack(0x0000009d65c00000,0x0000009d65d00000) (1024K)]
  0x0000024fc5a9ad50 WatcherThread "VM Periodic Task Thread"        [id=15880, stack(0x0000009d65b00000,0x0000009d65c00000) (1024K)]
  0x0000024fa476a570 WorkerThread "GC Thread#0"                     [id=7172, stack(0x0000009d65600000,0x0000009d65700000) (1024K)]
  0x000002500b91fe40 WorkerThread "GC Thread#1"                     [id=30744, stack(0x0000009d65300000,0x0000009d65400000) (1024K)]
  0x000002500b892c10 WorkerThread "GC Thread#2"                     [id=5360, stack(0x0000009d66800000,0x0000009d66900000) (1024K)]
  0x000002500b892fb0 WorkerThread "GC Thread#3"                     [id=1340, stack(0x0000009d66900000,0x0000009d66a00000) (1024K)]
  0x000002500bae5420 WorkerThread "GC Thread#4"                     [id=13032, stack(0x0000009d66a00000,0x0000009d66b00000) (1024K)]
  0x000002500bae57c0 WorkerThread "GC Thread#5"                     [id=21448, stack(0x0000009d66b00000,0x0000009d66c00000) (1024K)]
  0x000002500bae5b60 WorkerThread "GC Thread#6"                     [id=23208, stack(0x0000009d66c00000,0x0000009d66d00000) (1024K)]
  0x000002500b9e47a0 WorkerThread "GC Thread#7"                     [id=11364, stack(0x0000009d66d00000,0x0000009d66e00000) (1024K)]
  0x0000024fa477b060 ConcurrentGCThread "G1 Main Marker"            [id=19720, stack(0x0000009d65700000,0x0000009d65800000) (1024K)]
  0x0000024fa477ba70 WorkerThread "G1 Conc#0"                       [id=14852, stack(0x0000009d65800000,0x0000009d65900000) (1024K)]
  0x0000024fc5924200 ConcurrentGCThread "G1 Refine#0"               [id=20044, stack(0x0000009d65900000,0x0000009d65a00000) (1024K)]
  0x0000024fc5924c80 ConcurrentGCThread "G1 Service"                [id=15808, stack(0x0000009d65a00000,0x0000009d65b00000) (1024K)]
Total: 14

Threads with active compile tasks:
C2 CompilerThread0   111316 2224       4       java.util.jar.JarFile::getVersionedEntry (133 bytes)
Total: 1

VM state: not at safepoint (normal execution)

VM Mutex/Monitor currently owned by a thread:  ([mutex/lock_event])
[0x00007ffb59b6cf98] PeriodicTask_lock - owner thread: 0x0000024fc5a9ad50

Heap address: 0x0000000704000000, size: 4032 MB, Compressed Oops mode: Zero based, Oop shift amount: 3

CDS archive(s) mapped at: [0x0000024fc6000000-0x0000024fc6c90000-0x0000024fc6c90000), size 13172736, SharedBaseAddress: 0x0000024fc6000000, ArchiveRelocationMode: 1.
Compressed class space mapped at: 0x0000024fc7000000-0x0000025007000000, reserved size: 1073741824
Narrow klass base: 0x0000024fc6000000, Narrow klass shift: 0, Narrow klass range: 0x100000000

GC Precious Log:
 CardTable entry size: 512
 Card Set container configuration: InlinePtr #cards 4 size 8 Array Of Cards #cards 16 size 48 Howl #buckets 8 coarsen threshold 3686 Howl Bitmap #cards 512 size 80 coarsen threshold 460 Card regions per heap region 1 cards per card region 4096
 CPUs: 8 total, 8 available
 Memory: 16126M
 Large Page Support: Disabled
 NUMA Support: Disabled
 Compressed Oops: Enabled (Zero based)
 Heap Region Size: 2M
 Heap Min Capacity: 8M
 Heap Initial Capacity: 252M
 Heap Max Capacity: 4032M
 Pre-touch: Disabled
 Parallel Workers: 8
 Concurrent Workers: 2
 Concurrent Refinement Workers: 8
 Periodic GC: Disabled

Heap:
 garbage-first heap   total 258048K, used 20202K [0x0000000704000000, 0x0000000800000000)
  region size 2048K, 9 young (18432K), 1 survivors (2048K)
 Metaspace       used 12253K, committed 12416K, reserved 1114112K
  class space    used 1432K, committed 1536K, reserved 1048576K

Heap Regions: E=young(eden), S=young(survivor), O=old, HS=humongous(starts), HC=humongous(continues), CS=collection set, F=free, TAMS=top-at-mark-start, PB=parsable bottom
|   0|0x0000000704000000, 0x0000000704200000, 0x0000000704200000|100%| O|  |TAMS 0x0000000704000000| PB 0x0000000704000000| Untracked 
|   1|0x0000000704200000, 0x0000000704400000, 0x0000000704400000|100%| O|  |TAMS 0x0000000704200000| PB 0x0000000704200000| Untracked 
|   2|0x0000000704400000, 0x0000000704420400, 0x0000000704600000|  6%| O|  |TAMS 0x0000000704400000| PB 0x0000000704400000| Untracked 
|   3|0x0000000704600000, 0x0000000704600000, 0x0000000704800000|  0%| F|  |TAMS 0x0000000704600000| PB 0x0000000704600000| Untracked 
|   4|0x0000000704800000, 0x0000000704800000, 0x0000000704a00000|  0%| F|  |TAMS 0x0000000704800000| PB 0x0000000704800000| Untracked 
|   5|0x0000000704a00000, 0x0000000704a00000, 0x0000000704c00000|  0%| F|  |TAMS 0x0000000704a00000| PB 0x0000000704a00000| Untracked 
|   6|0x0000000704c00000, 0x0000000704c00000, 0x0000000704e00000|  0%| F|  |TAMS 0x0000000704c00000| PB 0x0000000704c00000| Untracked 
|   7|0x0000000704e00000, 0x0000000704e00000, 0x0000000705000000|  0%| F|  |TAMS 0x0000000704e00000| PB 0x0000000704e00000| Untracked 
|   8|0x0000000705000000, 0x0000000705000000, 0x0000000705200000|  0%| F|  |TAMS 0x0000000705000000| PB 0x0000000705000000| Untracked 
|   9|0x0000000705200000, 0x0000000705200000, 0x0000000705400000|  0%| F|  |TAMS 0x0000000705200000| PB 0x0000000705200000| Untracked 
|  10|0x0000000705400000, 0x0000000705400000, 0x0000000705600000|  0%| F|  |TAMS 0x0000000705400000| PB 0x0000000705400000| Untracked 
|  11|0x0000000705600000, 0x0000000705600000, 0x0000000705800000|  0%| F|  |TAMS 0x0000000705600000| PB 0x0000000705600000| Untracked 
|  12|0x0000000705800000, 0x0000000705800000, 0x0000000705a00000|  0%| F|  |TAMS 0x0000000705800000| PB 0x0000000705800000| Untracked 
|  13|0x0000000705a00000, 0x0000000705a00000, 0x0000000705c00000|  0%| F|  |TAMS 0x0000000705a00000| PB 0x0000000705a00000| Untracked 
|  14|0x0000000705c00000, 0x0000000705c00000, 0x0000000705e00000|  0%| F|  |TAMS 0x0000000705c00000| PB 0x0000000705c00000| Untracked 
|  15|0x0000000705e00000, 0x0000000705e00000, 0x0000000706000000|  0%| F|  |TAMS 0x0000000705e00000| PB 0x0000000705e00000| Untracked 
|  16|0x0000000706000000, 0x0000000706000000, 0x0000000706200000|  0%| F|  |TAMS 0x0000000706000000| PB 0x0000000706000000| Untracked 
|  17|0x0000000706200000, 0x0000000706200000, 0x0000000706400000|  0%| F|  |TAMS 0x0000000706200000| PB 0x0000000706200000| Untracked 
|  18|0x0000000706400000, 0x0000000706400000, 0x0000000706600000|  0%| F|  |TAMS 0x0000000706400000| PB 0x0000000706400000| Untracked 
|  19|0x0000000706600000, 0x0000000706600000, 0x0000000706800000|  0%| F|  |TAMS 0x0000000706600000| PB 0x0000000706600000| Untracked 
|  20|0x0000000706800000, 0x0000000706800000, 0x0000000706a00000|  0%| F|  |TAMS 0x0000000706800000| PB 0x0000000706800000| Untracked 
|  21|0x0000000706a00000, 0x0000000706a00000, 0x0000000706c00000|  0%| F|  |TAMS 0x0000000706a00000| PB 0x0000000706a00000| Untracked 
|  22|0x0000000706c00000, 0x0000000706c00000, 0x0000000706e00000|  0%| F|  |TAMS 0x0000000706c00000| PB 0x0000000706c00000| Untracked 
|  23|0x0000000706e00000, 0x0000000706e00000, 0x0000000707000000|  0%| F|  |TAMS 0x0000000706e00000| PB 0x0000000706e00000| Untracked 
|  24|0x0000000707000000, 0x0000000707000000, 0x0000000707200000|  0%| F|  |TAMS 0x0000000707000000| PB 0x0000000707000000| Untracked 
|  25|0x0000000707200000, 0x0000000707200000, 0x0000000707400000|  0%| F|  |TAMS 0x0000000707200000| PB 0x0000000707200000| Untracked 
|  26|0x0000000707400000, 0x0000000707400000, 0x0000000707600000|  0%| F|  |TAMS 0x0000000707400000| PB 0x0000000707400000| Untracked 
|  27|0x0000000707600000, 0x0000000707600000, 0x0000000707800000|  0%| F|  |TAMS 0x0000000707600000| PB 0x0000000707600000| Untracked 
|  28|0x0000000707800000, 0x0000000707800000, 0x0000000707a00000|  0%| F|  |TAMS 0x0000000707800000| PB 0x0000000707800000| Untracked 
|  29|0x0000000707a00000, 0x0000000707a00000, 0x0000000707c00000|  0%| F|  |TAMS 0x0000000707a00000| PB 0x0000000707a00000| Untracked 
|  30|0x0000000707c00000, 0x0000000707c00000, 0x0000000707e00000|  0%| F|  |TAMS 0x0000000707c00000| PB 0x0000000707c00000| Untracked 
|  31|0x0000000707e00000, 0x0000000707e00000, 0x0000000708000000|  0%| F|  |TAMS 0x0000000707e00000| PB 0x0000000707e00000| Untracked 
|  32|0x0000000708000000, 0x0000000708000000, 0x0000000708200000|  0%| F|  |TAMS 0x0000000708000000| PB 0x0000000708000000| Untracked 
|  33|0x0000000708200000, 0x0000000708200000, 0x0000000708400000|  0%| F|  |TAMS 0x0000000708200000| PB 0x0000000708200000| Untracked 
|  34|0x0000000708400000, 0x0000000708400000, 0x0000000708600000|  0%| F|  |TAMS 0x0000000708400000| PB 0x0000000708400000| Untracked 
|  35|0x0000000708600000, 0x0000000708600000, 0x0000000708800000|  0%| F|  |TAMS 0x0000000708600000| PB 0x0000000708600000| Untracked 
|  36|0x0000000708800000, 0x0000000708800000, 0x0000000708a00000|  0%| F|  |TAMS 0x0000000708800000| PB 0x0000000708800000| Untracked 
|  37|0x0000000708a00000, 0x0000000708a00000, 0x0000000708c00000|  0%| F|  |TAMS 0x0000000708a00000| PB 0x0000000708a00000| Untracked 
|  38|0x0000000708c00000, 0x0000000708c00000, 0x0000000708e00000|  0%| F|  |TAMS 0x0000000708c00000| PB 0x0000000708c00000| Untracked 
|  39|0x0000000708e00000, 0x0000000708e00000, 0x0000000709000000|  0%| F|  |TAMS 0x0000000708e00000| PB 0x0000000708e00000| Untracked 
|  40|0x0000000709000000, 0x0000000709000000, 0x0000000709200000|  0%| F|  |TAMS 0x0000000709000000| PB 0x0000000709000000| Untracked 
|  41|0x0000000709200000, 0x0000000709200000, 0x0000000709400000|  0%| F|  |TAMS 0x0000000709200000| PB 0x0000000709200000| Untracked 
|  42|0x0000000709400000, 0x0000000709400000, 0x0000000709600000|  0%| F|  |TAMS 0x0000000709400000| PB 0x0000000709400000| Untracked 
|  43|0x0000000709600000, 0x0000000709600000, 0x0000000709800000|  0%| F|  |TAMS 0x0000000709600000| PB 0x0000000709600000| Untracked 
|  44|0x0000000709800000, 0x0000000709800000, 0x0000000709a00000|  0%| F|  |TAMS 0x0000000709800000| PB 0x0000000709800000| Untracked 
|  45|0x0000000709a00000, 0x0000000709a00000, 0x0000000709c00000|  0%| F|  |TAMS 0x0000000709a00000| PB 0x0000000709a00000| Untracked 
|  46|0x0000000709c00000, 0x0000000709c00000, 0x0000000709e00000|  0%| F|  |TAMS 0x0000000709c00000| PB 0x0000000709c00000| Untracked 
|  47|0x0000000709e00000, 0x0000000709e00000, 0x000000070a000000|  0%| F|  |TAMS 0x0000000709e00000| PB 0x0000000709e00000| Untracked 
|  48|0x000000070a000000, 0x000000070a000000, 0x000000070a200000|  0%| F|  |TAMS 0x000000070a000000| PB 0x000000070a000000| Untracked 
|  49|0x000000070a200000, 0x000000070a200000, 0x000000070a400000|  0%| F|  |TAMS 0x000000070a200000| PB 0x000000070a200000| Untracked 
|  50|0x000000070a400000, 0x000000070a400000, 0x000000070a600000|  0%| F|  |TAMS 0x000000070a400000| PB 0x000000070a400000| Untracked 
|  51|0x000000070a600000, 0x000000070a600000, 0x000000070a800000|  0%| F|  |TAMS 0x000000070a600000| PB 0x000000070a600000| Untracked 
|  52|0x000000070a800000, 0x000000070a800000, 0x000000070aa00000|  0%| F|  |TAMS 0x000000070a800000| PB 0x000000070a800000| Untracked 
|  53|0x000000070aa00000, 0x000000070aa00000, 0x000000070ac00000|  0%| F|  |TAMS 0x000000070aa00000| PB 0x000000070aa00000| Untracked 
|  54|0x000000070ac00000, 0x000000070ac00000, 0x000000070ae00000|  0%| F|  |TAMS 0x000000070ac00000| PB 0x000000070ac00000| Untracked 
|  55|0x000000070ae00000, 0x000000070ae00000, 0x000000070b000000|  0%| F|  |TAMS 0x000000070ae00000| PB 0x000000070ae00000| Untracked 
|  56|0x000000070b000000, 0x000000070b000000, 0x000000070b200000|  0%| F|  |TAMS 0x000000070b000000| PB 0x000000070b000000| Untracked 
|  57|0x000000070b200000, 0x000000070b200000, 0x000000070b400000|  0%| F|  |TAMS 0x000000070b200000| PB 0x000000070b200000| Untracked 
|  58|0x000000070b400000, 0x000000070b400000, 0x000000070b600000|  0%| F|  |TAMS 0x000000070b400000| PB 0x000000070b400000| Untracked 
|  59|0x000000070b600000, 0x000000070b600000, 0x000000070b800000|  0%| F|  |TAMS 0x000000070b600000| PB 0x000000070b600000| Untracked 
|  60|0x000000070b800000, 0x000000070b800000, 0x000000070ba00000|  0%| F|  |TAMS 0x000000070b800000| PB 0x000000070b800000| Untracked 
|  61|0x000000070ba00000, 0x000000070ba00000, 0x000000070bc00000|  0%| F|  |TAMS 0x000000070ba00000| PB 0x000000070ba00000| Untracked 
|  62|0x000000070bc00000, 0x000000070bc00000, 0x000000070be00000|  0%| F|  |TAMS 0x000000070bc00000| PB 0x000000070bc00000| Untracked 
|  63|0x000000070be00000, 0x000000070be00000, 0x000000070c000000|  0%| F|  |TAMS 0x000000070be00000| PB 0x000000070be00000| Untracked 
|  64|0x000000070c000000, 0x000000070c000000, 0x000000070c200000|  0%| F|  |TAMS 0x000000070c000000| PB 0x000000070c000000| Untracked 
|  65|0x000000070c200000, 0x000000070c200000, 0x000000070c400000|  0%| F|  |TAMS 0x000000070c200000| PB 0x000000070c200000| Untracked 
|  66|0x000000070c400000, 0x000000070c400000, 0x000000070c600000|  0%| F|  |TAMS 0x000000070c400000| PB 0x000000070c400000| Untracked 
|  67|0x000000070c600000, 0x000000070c600000, 0x000000070c800000|  0%| F|  |TAMS 0x000000070c600000| PB 0x000000070c600000| Untracked 
|  68|0x000000070c800000, 0x000000070c800000, 0x000000070ca00000|  0%| F|  |TAMS 0x000000070c800000| PB 0x000000070c800000| Untracked 
|  69|0x000000070ca00000, 0x000000070ca00000, 0x000000070cc00000|  0%| F|  |TAMS 0x000000070ca00000| PB 0x000000070ca00000| Untracked 
|  70|0x000000070cc00000, 0x000000070cc00000, 0x000000070ce00000|  0%| F|  |TAMS 0x000000070cc00000| PB 0x000000070cc00000| Untracked 
|  71|0x000000070ce00000, 0x000000070ce00000, 0x000000070d000000|  0%| F|  |TAMS 0x000000070ce00000| PB 0x000000070ce00000| Untracked 
|  72|0x000000070d000000, 0x000000070d000000, 0x000000070d200000|  0%| F|  |TAMS 0x000000070d000000| PB 0x000000070d000000| Untracked 
|  73|0x000000070d200000, 0x000000070d200000, 0x000000070d400000|  0%| F|  |TAMS 0x000000070d200000| PB 0x000000070d200000| Untracked 
|  74|0x000000070d400000, 0x000000070d400000, 0x000000070d600000|  0%| F|  |TAMS 0x000000070d400000| PB 0x000000070d400000| Untracked 
|  75|0x000000070d600000, 0x000000070d600000, 0x000000070d800000|  0%| F|  |TAMS 0x000000070d600000| PB 0x000000070d600000| Untracked 
|  76|0x000000070d800000, 0x000000070d800000, 0x000000070da00000|  0%| F|  |TAMS 0x000000070d800000| PB 0x000000070d800000| Untracked 
|  77|0x000000070da00000, 0x000000070da00000, 0x000000070dc00000|  0%| F|  |TAMS 0x000000070da00000| PB 0x000000070da00000| Untracked 
|  78|0x000000070dc00000, 0x000000070dc00000, 0x000000070de00000|  0%| F|  |TAMS 0x000000070dc00000| PB 0x000000070dc00000| Untracked 
|  79|0x000000070de00000, 0x000000070de00000, 0x000000070e000000|  0%| F|  |TAMS 0x000000070de00000| PB 0x000000070de00000| Untracked 
|  80|0x000000070e000000, 0x000000070e000000, 0x000000070e200000|  0%| F|  |TAMS 0x000000070e000000| PB 0x000000070e000000| Untracked 
|  81|0x000000070e200000, 0x000000070e200000, 0x000000070e400000|  0%| F|  |TAMS 0x000000070e200000| PB 0x000000070e200000| Untracked 
|  82|0x000000070e400000, 0x000000070e400000, 0x000000070e600000|  0%| F|  |TAMS 0x000000070e400000| PB 0x000000070e400000| Untracked 
|  83|0x000000070e600000, 0x000000070e600000, 0x000000070e800000|  0%| F|  |TAMS 0x000000070e600000| PB 0x000000070e600000| Untracked 
|  84|0x000000070e800000, 0x000000070e800000, 0x000000070ea00000|  0%| F|  |TAMS 0x000000070e800000| PB 0x000000070e800000| Untracked 
|  85|0x000000070ea00000, 0x000000070ea00000, 0x000000070ec00000|  0%| F|  |TAMS 0x000000070ea00000| PB 0x000000070ea00000| Untracked 
|  86|0x000000070ec00000, 0x000000070ec00000, 0x000000070ee00000|  0%| F|  |TAMS 0x000000070ec00000| PB 0x000000070ec00000| Untracked 
|  87|0x000000070ee00000, 0x000000070ee00000, 0x000000070f000000|  0%| F|  |TAMS 0x000000070ee00000| PB 0x000000070ee00000| Untracked 
|  88|0x000000070f000000, 0x000000070f000000, 0x000000070f200000|  0%| F|  |TAMS 0x000000070f000000| PB 0x000000070f000000| Untracked 
|  89|0x000000070f200000, 0x000000070f200000, 0x000000070f400000|  0%| F|  |TAMS 0x000000070f200000| PB 0x000000070f200000| Untracked 
|  90|0x000000070f400000, 0x000000070f400000, 0x000000070f600000|  0%| F|  |TAMS 0x000000070f400000| PB 0x000000070f400000| Untracked 
|  91|0x000000070f600000, 0x000000070f600000, 0x000000070f800000|  0%| F|  |TAMS 0x000000070f600000| PB 0x000000070f600000| Untracked 
|  92|0x000000070f800000, 0x000000070f800000, 0x000000070fa00000|  0%| F|  |TAMS 0x000000070f800000| PB 0x000000070f800000| Untracked 
|  93|0x000000070fa00000, 0x000000070fa00000, 0x000000070fc00000|  0%| F|  |TAMS 0x000000070fa00000| PB 0x000000070fa00000| Untracked 
|  94|0x000000070fc00000, 0x000000070fc00000, 0x000000070fe00000|  0%| F|  |TAMS 0x000000070fc00000| PB 0x000000070fc00000| Untracked 
|  95|0x000000070fe00000, 0x000000070fe00000, 0x0000000710000000|  0%| F|  |TAMS 0x000000070fe00000| PB 0x000000070fe00000| Untracked 
|  96|0x0000000710000000, 0x0000000710000000, 0x0000000710200000|  0%| F|  |TAMS 0x0000000710000000| PB 0x0000000710000000| Untracked 
|  97|0x0000000710200000, 0x0000000710200000, 0x0000000710400000|  0%| F|  |TAMS 0x0000000710200000| PB 0x0000000710200000| Untracked 
|  98|0x0000000710400000, 0x0000000710400000, 0x0000000710600000|  0%| F|  |TAMS 0x0000000710400000| PB 0x0000000710400000| Untracked 
|  99|0x0000000710600000, 0x0000000710600000, 0x0000000710800000|  0%| F|  |TAMS 0x0000000710600000| PB 0x0000000710600000| Untracked 
| 100|0x0000000710800000, 0x0000000710800000, 0x0000000710a00000|  0%| F|  |TAMS 0x0000000710800000| PB 0x0000000710800000| Untracked 
| 101|0x0000000710a00000, 0x0000000710a00000, 0x0000000710c00000|  0%| F|  |TAMS 0x0000000710a00000| PB 0x0000000710a00000| Untracked 
| 102|0x0000000710c00000, 0x0000000710c00000, 0x0000000710e00000|  0%| F|  |TAMS 0x0000000710c00000| PB 0x0000000710c00000| Untracked 
| 103|0x0000000710e00000, 0x0000000710e00000, 0x0000000711000000|  0%| F|  |TAMS 0x0000000710e00000| PB 0x0000000710e00000| Untracked 
| 104|0x0000000711000000, 0x0000000711000000, 0x0000000711200000|  0%| F|  |TAMS 0x0000000711000000| PB 0x0000000711000000| Untracked 
| 105|0x0000000711200000, 0x0000000711200000, 0x0000000711400000|  0%| F|  |TAMS 0x0000000711200000| PB 0x0000000711200000| Untracked 
| 106|0x0000000711400000, 0x0000000711400000, 0x0000000711600000|  0%| F|  |TAMS 0x0000000711400000| PB 0x0000000711400000| Untracked 
| 107|0x0000000711600000, 0x0000000711600000, 0x0000000711800000|  0%| F|  |TAMS 0x0000000711600000| PB 0x0000000711600000| Untracked 
| 108|0x0000000711800000, 0x0000000711800000, 0x0000000711a00000|  0%| F|  |TAMS 0x0000000711800000| PB 0x0000000711800000| Untracked 
| 109|0x0000000711a00000, 0x0000000711b9a420, 0x0000000711c00000| 80%| S|CS|TAMS 0x0000000711a00000| PB 0x0000000711a00000| Complete 
| 110|0x0000000711c00000, 0x0000000711c00000, 0x0000000711e00000|  0%| F|  |TAMS 0x0000000711c00000| PB 0x0000000711c00000| Untracked 
| 111|0x0000000711e00000, 0x0000000711e00000, 0x0000000712000000|  0%| F|  |TAMS 0x0000000711e00000| PB 0x0000000711e00000| Untracked 
| 112|0x0000000712000000, 0x0000000712000000, 0x0000000712200000|  0%| F|  |TAMS 0x0000000712000000| PB 0x0000000712000000| Untracked 
| 113|0x0000000712200000, 0x0000000712200000, 0x0000000712400000|  0%| F|  |TAMS 0x0000000712200000| PB 0x0000000712200000| Untracked 
| 114|0x0000000712400000, 0x0000000712400000, 0x0000000712600000|  0%| F|  |TAMS 0x0000000712400000| PB 0x0000000712400000| Untracked 
| 115|0x0000000712600000, 0x0000000712600000, 0x0000000712800000|  0%| F|  |TAMS 0x0000000712600000| PB 0x0000000712600000| Untracked 
| 116|0x0000000712800000, 0x0000000712800000, 0x0000000712a00000|  0%| F|  |TAMS 0x0000000712800000| PB 0x0000000712800000| Untracked 
| 117|0x0000000712a00000, 0x0000000712a00000, 0x0000000712c00000|  0%| F|  |TAMS 0x0000000712a00000| PB 0x0000000712a00000| Untracked 
| 118|0x0000000712c00000, 0x0000000712dae0a8, 0x0000000712e00000| 83%| E|  |TAMS 0x0000000712c00000| PB 0x0000000712c00000| Complete 
| 119|0x0000000712e00000, 0x0000000713000000, 0x0000000713000000|100%| E|CS|TAMS 0x0000000712e00000| PB 0x0000000712e00000| Complete 
| 120|0x0000000713000000, 0x0000000713200000, 0x0000000713200000|100%| E|CS|TAMS 0x0000000713000000| PB 0x0000000713000000| Complete 
| 121|0x0000000713200000, 0x0000000713400000, 0x0000000713400000|100%| E|CS|TAMS 0x0000000713200000| PB 0x0000000713200000| Complete 
| 122|0x0000000713400000, 0x0000000713600000, 0x0000000713600000|100%| E|CS|TAMS 0x0000000713400000| PB 0x0000000713400000| Complete 
| 123|0x0000000713600000, 0x0000000713800000, 0x0000000713800000|100%| E|CS|TAMS 0x0000000713600000| PB 0x0000000713600000| Complete 
| 124|0x0000000713800000, 0x0000000713a00000, 0x0000000713a00000|100%| E|CS|TAMS 0x0000000713800000| PB 0x0000000713800000| Complete 
| 125|0x0000000713a00000, 0x0000000713c00000, 0x0000000713c00000|100%| E|CS|TAMS 0x0000000713a00000| PB 0x0000000713a00000| Complete 

Card table byte_map: [0x0000024fbe8b0000,0x0000024fbf090000] _byte_map_base: 0x0000024fbb090000

Marking Bits: (CMBitMap*) 0x0000024fa476ab80
 Bits: [0x0000024fbf090000, 0x0000024fc2f90000)

Polling page: 0x0000024fa4920000

Metaspace:

Usage:
  Non-class:     10.57 MB used.
      Class:      1.40 MB used.
       Both:     11.97 MB used.

Virtual space:
  Non-class space:       64.00 MB reserved,      10.62 MB ( 17%) committed,  1 nodes.
      Class space:        1.00 GB reserved,       1.50 MB ( <1%) committed,  1 nodes.
             Both:        1.06 GB reserved,      12.12 MB (  1%) committed. 

Chunk freelists:
   Non-Class:  4.62 MB
       Class:  14.33 MB
        Both:  18.95 MB

MaxMetaspaceSize: unlimited
CompressedClassSpaceSize: 1.00 GB
Initial GC threshold: 21.00 MB
Current GC threshold: 21.00 MB
CDS: on
 - commit_granule_bytes: 65536.
 - commit_granule_words: 8192.
 - virtual_space_node_default_size: 8388608.
 - enlarge_chunks_in_place: 1.
 - use_allocation_guard: 0.


Internal statistics:

num_allocs_failed_limit: 0.
num_arena_births: 118.
num_arena_deaths: 0.
num_vsnodes_births: 2.
num_vsnodes_deaths: 0.
num_space_committed: 194.
num_space_uncommitted: 0.
num_chunks_returned_to_freelist: 0.
num_chunks_taken_from_freelist: 502.
num_chunk_merges: 0.
num_chunk_splits: 350.
num_chunks_enlarged: 289.
num_inconsistent_stats: 0.

CodeHeap 'non-profiled nmethods': size=120000Kb used=989Kb max_used=989Kb free=119011Kb
 bounds [0x0000024fb6140000, 0x0000024fb63b0000, 0x0000024fbd670000]
CodeHeap 'profiled nmethods': size=120000Kb used=4312Kb max_used=4312Kb free=115687Kb
 bounds [0x0000024fae670000, 0x0000024faeab0000, 0x0000024fb5ba0000]
CodeHeap 'non-nmethods': size=5760Kb used=1535Kb max_used=1575Kb free=4224Kb
 bounds [0x0000024fb5ba0000, 0x0000024fb5e10000, 0x0000024fb6140000]
 total_blobs=2713 nmethods=2223 adapters=394
 compilation: enabled
              stopped_count=0, restarted_count=0
 full_count=0

Compilation events (20 events):
Event: 108.273 Thread 0x0000024fc59b2cd0 2216       3       java.util.stream.ReduceOps$ReduceOp::<init> (10 bytes)
Event: 108.273 Thread 0x0000024fc59b2cd0 nmethod 2216 0x0000024faeaa0710 code [0x0000024faeaa08c0, 0x0000024faeaa0a80]
Event: 108.273 Thread 0x0000024fc59b2cd0 2222       3       sun.reflect.annotation.TypeAnnotationParser::buildAnnotatedTypes (314 bytes)
Event: 108.275 Thread 0x0000024fc59b2cd0 nmethod 2222 0x0000024faeaa0b10 code [0x0000024faeaa0ea0, 0x0000024faeaa28c0]
Event: 108.288 Thread 0x0000024fc59b2cd0 2217       3       java.util.stream.ReduceOps$3::getOpFlags (28 bytes)
Event: 108.288 Thread 0x0000024fc59b2cd0 nmethod 2217 0x0000024faeaa3210 code [0x0000024faeaa33e0, 0x0000024faeaa36b0]
Event: 108.288 Thread 0x0000024fc59b2cd0 2218       3       java.util.stream.ReduceOps$ReduceOp::evaluateSequential (18 bytes)
Event: 108.289 Thread 0x0000024fc59b2cd0 nmethod 2218 0x0000024faeaa3810 code [0x0000024faeaa39e0, 0x0000024faeaa3e68]
Event: 108.289 Thread 0x0000024fc59b2cd0 2219       3       java.util.stream.ReduceOps$3::makeSink (5 bytes)
Event: 108.289 Thread 0x0000024fc59b2cd0 nmethod 2219 0x0000024faeaa4010 code [0x0000024faeaa41c0, 0x0000024faeaa4318]
Event: 108.289 Thread 0x0000024fc59b2cd0 2223       3       java.lang.reflect.Executable::getDeclaredAnnotations (8 bytes)
Event: 108.289 Thread 0x0000024fc59b2cd0 nmethod 2223 0x0000024faeaa4410 code [0x0000024faeaa4600, 0x0000024faeaa4a48]
Event: 108.289 Thread 0x0000024fc59b2cd0 2221       1       com.google.inject.internal.KotlinSupport$KotlinUnsupported::isLocalClass (2 bytes)
Event: 108.289 Thread 0x0000024fc59b2cd0 nmethod 2221 0x0000024fb6236410 code [0x0000024fb62365a0, 0x0000024fb6236668]
Event: 108.291 Thread 0x0000024fc59b1ee0 nmethod 2209 0x0000024fb6236710 code [0x0000024fb6236900, 0x0000024fb6236d70]
Event: 108.291 Thread 0x0000024fc59b1ee0 2220       4       com.google.inject.internal.KotlinSupport::getInstance (4 bytes)
Event: 108.291 Thread 0x0000024fc59b1ee0 nmethod 2220 0x0000024fb6237110 code [0x0000024fb62372a0, 0x0000024fb6237310]
Event: 108.300 Thread 0x0000024fc59b1ee0 2224       4       java.util.jar.JarFile::getVersionedEntry (133 bytes)
Event: 108.301 Thread 0x0000024fc59b2cd0 2225       3       java.util.WeakHashMap::put (160 bytes)
Event: 108.302 Thread 0x0000024fc59b2cd0 nmethod 2225 0x0000024faeaa4b90 code [0x0000024faeaa4e20, 0x0000024faeaa5e80]

GC Heap History (4 events):
Event: 50.581 GC heap before
{Heap before GC invocations=0 (full 0):
 garbage-first heap   total 258048K, used 20480K [0x0000000704000000, 0x0000000800000000)
  region size 2048K, 11 young (22528K), 0 survivors (0K)
 Metaspace       used 6216K, committed 6464K, reserved 1114112K
  class space    used 696K, committed 832K, reserved 1048576K
}
Event: 52.032 GC heap after
{Heap after GC invocations=1 (full 0):
 garbage-first heap   total 258048K, used 4183K [0x0000000704000000, 0x0000000800000000)
  region size 2048K, 2 young (4096K), 2 survivors (4096K)
 Metaspace       used 6216K, committed 6464K, reserved 1114112K
  class space    used 696K, committed 832K, reserved 1048576K
}
Event: 87.751 GC heap before
{Heap before GC invocations=1 (full 0):
 garbage-first heap   total 258048K, used 30807K [0x0000000704000000, 0x0000000800000000)
  region size 2048K, 16 young (32768K), 2 survivors (4096K)
 Metaspace       used 9211K, committed 9408K, reserved 1114112K
  class space    used 1057K, committed 1152K, reserved 1048576K
}
Event: 87.756 GC heap after
{Heap after GC invocations=2 (full 0):
 garbage-first heap   total 258048K, used 5866K [0x0000000704000000, 0x0000000800000000)
  region size 2048K, 1 young (2048K), 1 survivors (2048K)
 Metaspace       used 9211K, committed 9408K, reserved 1114112K
  class space    used 1057K, committed 1152K, reserved 1048576K
}

Dll operation events (12 events):
Event: 0.511 Loaded shared library C:\Program Files\Java\jdk-21.0.6\bin\java.dll
Event: 2.370 Loaded shared library C:\Program Files\Java\jdk-21.0.6\bin\jsvml.dll
Event: 3.683 Loaded shared library C:\Program Files\Java\jdk-21.0.6\bin\zip.dll
Event: 3.690 Loaded shared library C:\Program Files\Java\jdk-21.0.6\bin\jimage.dll
Event: 3.724 Loaded shared library C:\Program Files\Java\jdk-21.0.6\bin\net.dll
Event: 3.726 Loaded shared library C:\Program Files\Java\jdk-21.0.6\bin\nio.dll
Event: 3.726 Loaded shared library C:\Program Files\Java\jdk-21.0.6\bin\zip.dll
Event: 4.995 Loaded shared library C:\Program Files\Java\jdk-21.0.6\bin\instrument.dll
Event: 7.418 Loaded shared library C:\Program Files\JetBrains\IntelliJ IDEA 2023.3.4\bin\breakgen64.dll
Event: 7.433 Loaded shared library C:\Program Files\Java\jdk-21.0.6\bin\extnet.dll
Event: 31.028 Loaded shared library C:\Users\DELL\AppData\Local\Temp\jansi-2.4.1-d36f800f5a37f524-jansi.dll
Event: 31.045 Loaded shared library C:\Program Files\Java\jdk-21.0.6\bin\verify.dll

Deoptimization events (20 events):
Event: 94.062 Thread 0x0000024fa46e8080 DEOPT PACKING pc=0x0000024fb621a998 sp=0x0000009d655fdfe0
Event: 94.062 Thread 0x0000024fa46e8080 DEOPT UNPACKING pc=0x0000024fb5bf7da2 sp=0x0000009d655fdf80 mode 2
Event: 101.833 Thread 0x0000024fa46e8080 Uncommon trap: trap_request=0xffffff45 fr.pc=0x0000024fb61e8384 relative=0x00000000000002c4
Event: 101.833 Thread 0x0000024fa46e8080 Uncommon trap: reason=unstable_if action=reinterpret pc=0x0000024fb61e8384 method=java.util.concurrent.ConcurrentHashMap.get(Ljava/lang/Object;)Ljava/lang/Object; @ 76 c2
Event: 101.833 Thread 0x0000024fa46e8080 DEOPT PACKING pc=0x0000024fb61e8384 sp=0x0000009d655fb4a0
Event: 101.833 Thread 0x0000024fa46e8080 DEOPT UNPACKING pc=0x0000024fb5bf7da2 sp=0x0000009d655fb418 mode 2
Event: 101.845 Thread 0x0000024fa46e8080 Uncommon trap: trap_request=0xffffff45 fr.pc=0x0000024fb621f648 relative=0x0000000000000648
Event: 101.845 Thread 0x0000024fa46e8080 Uncommon trap: reason=unstable_if action=reinterpret pc=0x0000024fb621f648 method=java.lang.Integer.getChars(II[B)I @ 25 c2
Event: 101.845 Thread 0x0000024fa46e8080 DEOPT PACKING pc=0x0000024fb621f648 sp=0x0000009d655fde90
Event: 101.845 Thread 0x0000024fa46e8080 DEOPT UNPACKING pc=0x0000024fb5bf7da2 sp=0x0000009d655fddd8 mode 2
Event: 103.592 Thread 0x0000024fa46e8080 Uncommon trap: trap_request=0xffffff45 fr.pc=0x0000024fb61efd68 relative=0x0000000000000228
Event: 103.592 Thread 0x0000024fa46e8080 Uncommon trap: reason=unstable_if action=reinterpret pc=0x0000024fb61efd68 method=java.lang.ClassLoader.checkName(Ljava/lang/String;)Z @ 1 c2
Event: 103.592 Thread 0x0000024fa46e8080 DEOPT PACKING pc=0x0000024fb61efd68 sp=0x0000009d655fdc00
Event: 103.592 Thread 0x0000024fa46e8080 DEOPT UNPACKING pc=0x0000024fb5bf7da2 sp=0x0000009d655fdb98 mode 2
Event: 104.576 Thread 0x0000024fa46e8080 Uncommon trap: trap_request=0xffffff45 fr.pc=0x0000024fb6225f40 relative=0x0000000000000a80
Event: 104.576 Thread 0x0000024fa46e8080 Uncommon trap: reason=unstable_if action=reinterpret pc=0x0000024fb6225f40 method=jdk.internal.org.objectweb.asm.SymbolTable.put(Ljdk/internal/org/objectweb/asm/SymbolTable$Entry;)Ljdk/internal/org/objectweb/asm/SymbolTable$Entry; @ 13 c2
Event: 104.576 Thread 0x0000024fa46e8080 DEOPT PACKING pc=0x0000024fb6225f40 sp=0x0000009d655fd930
Event: 104.576 Thread 0x0000024fa46e8080 DEOPT UNPACKING pc=0x0000024fb5bf7da2 sp=0x0000009d655fd868 mode 2
Event: 105.967 Thread 0x0000024fa46e8080 DEOPT PACKING pc=0x0000024faea37234 sp=0x0000009d655fe0e0
Event: 105.967 Thread 0x0000024fa46e8080 DEOPT UNPACKING pc=0x0000024fb5bf88e2 sp=0x0000009d655fd640 mode 0

Classes loaded (20 events):
Event: 99.317 Loading class java/util/concurrent/atomic/AtomicBoolean
Event: 99.317 Loading class java/util/concurrent/atomic/AtomicBoolean done
Event: 99.331 Loading class java/nio/channels/OverlappingFileLockException
Event: 99.331 Loading class java/nio/channels/OverlappingFileLockException done
Event: 99.331 Loading class java/nio/channels/FileLock
Event: 99.331 Loading class java/nio/channels/FileLock done
Event: 100.097 Loading class java/nio/file/AccessDeniedException
Event: 100.097 Loading class java/nio/file/FileSystemException
Event: 100.097 Loading class java/nio/file/FileSystemException done
Event: 100.097 Loading class java/nio/file/AccessDeniedException done
Event: 101.227 Loading class java/lang/ExceptionInInitializerError
Event: 101.227 Loading class java/lang/ExceptionInInitializerError done
Event: 101.832 Loading class jdk/internal/vm/annotation/ForceInline
Event: 101.833 Loading class jdk/internal/vm/annotation/ForceInline done
Event: 103.571 Loading class sun/invoke/util/ValueConversions$1
Event: 103.571 Loading class sun/invoke/util/ValueConversions$1 done
Event: 103.572 Loading class java/lang/invoke/BoundMethodHandle$Species_LI
Event: 103.572 Loading class java/lang/invoke/BoundMethodHandle$Species_LI done
Event: 103.590 Loading class jdk/internal/org/objectweb/asm/ClassReader
Event: 103.591 Loading class jdk/internal/org/objectweb/asm/ClassReader done

Classes unloaded (0 events):
No events

Classes redefined (0 events):
No events

Internal exceptions (20 events):
Event: 18.085 Thread 0x0000024fa46e8080 Exception <a 'java/lang/NullPointerException'{0x0000000713203288}> (0x0000000713203288) 
thrown [s\open\src\hotspot\share\interpreter\linkResolver.cpp, line 1372]
Event: 31.019 Thread 0x0000024fa46e8080 Exception <a 'sun/nio/fs/WindowsException'{0x000000071322cd08}> (0x000000071322cd08) 
thrown [s\open\src\hotspot\share\prims\jni.cpp, line 520]
Event: 31.058 Thread 0x0000024fa46e8080 Exception <a 'java/lang/NoSuchMethodError'{0x00000007133434b8}: 'void java.lang.invoke.DirectMethodHandle$Holder.invokeStaticInit(java.lang.Object, java.lang.Object)'> (0x00000007133434b8) 
thrown [s\open\src\hotspot\share\interpreter\linkResolver.cpp, line 773]
Event: 34.559 Thread 0x0000024fa46e8080 Exception <a 'java/lang/NoSuchMethodError'{0x00000007130f65a0}: 'java.lang.Object java.lang.invoke.DirectMethodHandle$Holder.invokeSpecialIFC(java.lang.Object, java.lang.Object, java.lang.Object, java.lang.Object)'> (0x00000007130f65a0) 
thrown [s\open\src\hotspot\share\interpreter\linkResolver.cpp, line 773]
Event: 40.340 Thread 0x0000024fa46e8080 Exception <a 'java/lang/NoSuchMethodError'{0x0000000712a5d538}: 'void java.lang.invoke.DirectMethodHandle$Holder.invokeSpecial(java.lang.Object, java.lang.Object, java.lang.Object)'> (0x0000000712a5d538) 
thrown [s\open\src\hotspot\share\interpreter\linkResolver.cpp, line 773]
Event: 42.075 Thread 0x0000024fa46e8080 Exception <a 'java/lang/NoSuchMethodError'{0x0000000712bb2b10}: 'java.lang.Object java.lang.invoke.DirectMethodHandle$Holder.invokeInterface(java.lang.Object, java.lang.Object)'> (0x0000000712bb2b10) 
thrown [s\open\src\hotspot\share\interpreter\linkResolver.cpp, line 773]
Event: 42.628 Thread 0x0000024fa46e8080 Exception <a 'java/lang/NoSuchMethodError'{0x0000000712851b08}: 'int java.lang.invoke.DirectMethodHandle$Holder.invokeStatic(java.lang.Object, java.lang.Object, java.lang.Object, java.lang.Object)'> (0x0000000712851b08) 
thrown [s\open\src\hotspot\share\interpreter\linkResolver.cpp, line 773]
Event: 42.632 Thread 0x0000024fa46e8080 Exception <a 'java/lang/NoSuchMethodError'{0x000000071285fd70}: 'int java.lang.invoke.DirectMethodHandle$Holder.invokeSpecialIFC(java.lang.Object, java.lang.Object, java.lang.Object, java.lang.Object, java.lang.Object)'> (0x000000071285fd70) 
thrown [s\open\src\hotspot\share\interpreter\linkResolver.cpp, line 773]
Event: 46.057 Thread 0x0000024fa46e8080 Exception <a 'java/lang/NoSuchMethodError'{0x00000007129f4328}: 'java.lang.Object java.lang.invoke.DirectMethodHandle$Holder.newInvokeSpecial(java.lang.Object, java.lang.Object, java.lang.Object, java.lang.Object, java.lang.Object)'> (0x00000007129f4328) 
thrown [s\open\src\hotspot\share\interpreter\linkResolver.cpp, line 773]
Event: 46.502 Thread 0x0000024fa46e8080 Exception <a 'java/lang/NoSuchMethodError'{0x00000007126f82e8}: 'int java.lang.invoke.DirectMethodHandle$Holder.invokeStaticInit(java.lang.Object, java.lang.Object)'> (0x00000007126f82e8) 
thrown [s\open\src\hotspot\share\interpreter\linkResolver.cpp, line 773]
Event: 49.052 Thread 0x0000024fa46e8080 Exception <a 'java/lang/NoClassDefFoundError'{0x000000071272ed30}: javax/enterprise/inject/Typed> (0x000000071272ed30) 
thrown [s\open\src\hotspot\share\classfile\systemDictionary.cpp, line 301]
Event: 100.820 Thread 0x0000024fa46e8080 Exception <a 'java/lang/NoSuchMethodError'{0x0000000713152010}: 'void java.lang.invoke.DirectMethodHandle$Holder.invokeStaticInit(java.lang.Object, java.lang.Object, java.lang.Object)'> (0x0000000713152010) 
thrown [s\open\src\hotspot\share\interpreter\linkResolver.cpp, line 773]
Event: 101.831 Thread 0x0000024fa46e8080 Exception <a 'java/lang/ExceptionInInitializerError'{0x000000071317b6d8}> (0x000000071317b6d8) 
thrown [s\open\src\hotspot\share\oops\instanceKlass.cpp, line 1192]
Event: 103.571 Thread 0x0000024fa46e8080 Exception <a 'java/lang/NoSuchMethodError'{0x0000000712e8d700}: 'long java.lang.invoke.DirectMethodHandle$Holder.invokeStatic(java.lang.Object, java.lang.Object, int)'> (0x0000000712e8d700) 
thrown [s\open\src\hotspot\share\interpreter\linkResolver.cpp, line 773]
Event: 103.574 Thread 0x0000024fa46e8080 Exception <a 'java/lang/NoSuchMethodError'{0x0000000712ea0a20}: 'java.lang.Object java.lang.invoke.DirectMethodHandle$Holder.invokeStatic(java.lang.Object, java.lang.Object, java.lang.Object, java.lang.Object, int)'> (0x0000000712ea0a20) 
thrown [s\open\src\hotspot\share\interpreter\linkResolver.cpp, line 773]
Event: 103.576 Thread 0x0000024fa46e8080 Exception <a 'java/lang/NoSuchMethodError'{0x0000000712ea8958}: 'java.lang.Object java.lang.invoke.DirectMethodHandle$Holder.invokeSpecial(java.lang.Object, java.lang.Object, java.lang.Object, java.lang.Object, long)'> (0x0000000712ea8958) 
thrown [s\open\src\hotspot\share\interpreter\linkResolver.cpp, line 773]
Event: 103.581 Thread 0x0000024fa46e8080 Exception <a 'java/lang/NoSuchMethodError'{0x0000000712eb4478}: 'java.lang.Object java.lang.invoke.DirectMethodHandle$Holder.invokeSpecial(java.lang.Object, java.lang.Object, java.lang.Object, int, java.lang.Object)'> (0x0000000712eb4478) 
thrown [s\open\src\hotspot\share\interpreter\linkResolver.cpp, line 773]
Event: 103.583 Thread 0x0000024fa46e8080 Exception <a 'java/lang/NoSuchMethodError'{0x0000000712ebc5b8}: 'int java.lang.invoke.DirectMethodHandle$Holder.invokeSpecial(java.lang.Object, java.lang.Object, java.lang.Object, int)'> (0x0000000712ebc5b8) 
thrown [s\open\src\hotspot\share\interpreter\linkResolver.cpp, line 773]
Event: 103.592 Thread 0x0000024fa46e8080 Implicit null exception at 0x0000024fb61efb5a to 0x0000024fb61efd54
Event: 103.594 Thread 0x0000024fa46e8080 Exception <a 'java/lang/NoSuchMethodError'{0x0000000712ee11a0}: 'java.lang.Object java.lang.invoke.Invokers$Holder.invokeExact_MT(java.lang.Object, int, java.lang.Object)'> (0x0000000712ee11a0) 
thrown [s\open\src\hotspot\share\interpreter\linkResolver.cpp, line 773]

ZGC Phase Switch (0 events):
No events

VM Operations (20 events):
Event: 100.314 Executing VM operation: Cleanup
Event: 100.315 Executing VM operation: Cleanup done
Event: 101.330 Executing VM operation: Cleanup
Event: 101.829 Executing VM operation: Cleanup done
Event: 101.841 Executing VM operation: HandshakeAllThreads (Deoptimize)
Event: 101.841 Executing VM operation: HandshakeAllThreads (Deoptimize) done
Event: 102.850 Executing VM operation: Cleanup
Event: 103.528 Executing VM operation: Cleanup done
Event: 104.535 Executing VM operation: Cleanup
Event: 104.574 Executing VM operation: Cleanup done
Event: 105.575 Executing VM operation: Cleanup
Event: 105.945 Executing VM operation: Cleanup done
Event: 105.961 Executing VM operation: HandshakeAllThreads (Deoptimize)
Event: 105.961 Executing VM operation: HandshakeAllThreads (Deoptimize) done
Event: 105.965 Executing VM operation: HandshakeAllThreads (Deoptimize)
Event: 105.965 Executing VM operation: HandshakeAllThreads (Deoptimize) done
Event: 106.971 Executing VM operation: Cleanup
Event: 108.185 Executing VM operation: Cleanup done
Event: 109.200 Executing VM operation: Cleanup
Event: 109.200 Executing VM operation: Cleanup done

Events (20 events):
Event: 1.870 Thread 0x0000024fc59af150 Thread added: 0x0000024fc59af150
Event: 1.870 Thread 0x0000024fc59b1ee0 Thread added: 0x0000024fc59b1ee0
Event: 1.871 Thread 0x0000024fc59b2cd0 Thread added: 0x0000024fc59b2cd0
Event: 2.278 Thread 0x0000024fc5a9b9b0 Thread added: 0x0000024fc5a9b9b0
Event: 3.715 Thread 0x000002500b0928a0 Thread added: 0x000002500b0928a0
Event: 4.738 Thread 0x000002500b0928a0 Thread exited: 0x000002500b0928a0
Event: 7.419 Thread 0x000002500b252fb0 Thread added: 0x000002500b252fb0
Event: 7.419 Thread 0x000002500b253610 Thread added: 0x000002500b253610
Event: 18.088 Thread 0x000002500b4160d0 Thread added: 0x000002500b4160d0
Event: 34.639 Thread 0x000002500b1124a0 Thread added: 0x000002500b1124a0
Event: 35.026 Thread 0x000002500b1124a0 Thread exited: 0x000002500b1124a0
Event: 35.558 Thread 0x000002500b1124a0 Thread added: 0x000002500b1124a0
Event: 36.626 Thread 0x000002500b4160d0 Thread exited: 0x000002500b4160d0
Event: 38.205 Thread 0x000002500b1124a0 Thread exited: 0x000002500b1124a0
Event: 49.062 Thread 0x000002500bae5420 Thread added: 0x000002500bae5420
Event: 49.665 Thread 0x000002500bae5420 Thread exited: 0x000002500bae5420
Event: 52.068 Thread 0x000002500bc50ba0 Thread added: 0x000002500bc50ba0
Event: 52.084 Thread 0x000002500bc51240 Thread added: 0x000002500bc51240
Event: 52.956 Thread 0x000002500bc51240 Thread exited: 0x000002500bc51240
Event: 52.956 Thread 0x000002500bc50ba0 Thread exited: 0x000002500bc50ba0


Dynamic libraries:
0x00007ff7e26f0000 - 0x00007ff7e2700000 	C:\Program Files\Java\jdk-21.0.6\bin\java.exe
0x00007ffbc1e40000 - 0x00007ffbc20a0000 	C:\WINDOWS\SYSTEM32\ntdll.dll
0x00007ffbc0980000 - 0x00007ffbc0a47000 	C:\WINDOWS\System32\KERNEL32.DLL
0x00007ffbbf020000 - 0x00007ffbbf3ea000 	C:\WINDOWS\System32\KERNELBASE.dll
0x00007ffbbf810000 - 0x00007ffbbf95b000 	C:\WINDOWS\System32\ucrtbase.dll
0x00007ffba0ac0000 - 0x00007ffba0adb000 	C:\Program Files\Java\jdk-21.0.6\bin\VCRUNTIME140.dll
0x00007ffb815c0000 - 0x00007ffb815d9000 	C:\Program Files\Java\jdk-21.0.6\bin\jli.dll
0x00007ffbc0450000 - 0x00007ffbc0502000 	C:\WINDOWS\System32\ADVAPI32.dll
0x00007ffbc02c0000 - 0x00007ffbc0369000 	C:\WINDOWS\System32\msvcrt.dll
0x00007ffbbff10000 - 0x00007ffbbffb6000 	C:\WINDOWS\System32\sechost.dll
0x00007ffbc0860000 - 0x00007ffbc0976000 	C:\WINDOWS\System32\RPCRT4.dll
0x00007ffbbfc40000 - 0x00007ffbbfe0c000 	C:\WINDOWS\System32\USER32.dll
0x00007ffbbf3f0000 - 0x00007ffbbf417000 	C:\WINDOWS\System32\win32u.dll
0x00007ffba5240000 - 0x00007ffba54d7000 	C:\WINDOWS\WinSxS\amd64_microsoft.windows.common-controls_6595b64144ccf1df_6.0.26100.3624_none_3e086962e3345f24\COMCTL32.dll
0x00007ffbc18f0000 - 0x00007ffbc191a000 	C:\WINDOWS\System32\GDI32.dll
0x00007ffbbf620000 - 0x00007ffbbf751000 	C:\WINDOWS\System32\gdi32full.dll
0x00007ffbbf760000 - 0x00007ffbbf803000 	C:\WINDOWS\System32\msvcp_win.dll
0x00007ffbaee60000 - 0x00007ffbaee6b000 	C:\WINDOWS\SYSTEM32\VERSION.dll
0x00007ffbc0820000 - 0x00007ffbc084f000 	C:\WINDOWS\System32\IMM32.DLL
0x00007ffbb0a50000 - 0x00007ffbb0a5c000 	C:\Program Files\Java\jdk-21.0.6\bin\vcruntime140_1.dll
0x00007ffb77ad0000 - 0x00007ffb77b5e000 	C:\Program Files\Java\jdk-21.0.6\bin\msvcp140.dll
0x00007ffb58f30000 - 0x00007ffb59c4a000 	C:\Program Files\Java\jdk-21.0.6\bin\server\jvm.dll
0x00007ffbbe6d0000 - 0x00007ffbbe72e000 	C:\WINDOWS\SYSTEM32\POWRPROF.dll
0x00007ffbc0b30000 - 0x00007ffbc0ba4000 	C:\WINDOWS\System32\WS2_32.dll
0x00007ffbb7340000 - 0x00007ffbb7376000 	C:\WINDOWS\SYSTEM32\WINMM.dll
0x00007ffbbe6b0000 - 0x00007ffbbe6c4000 	C:\WINDOWS\SYSTEM32\UMPDC.dll
0x00007ffbbdd90000 - 0x00007ffbbddaa000 	C:\WINDOWS\SYSTEM32\kernel.appcore.dll
0x00007ffba0c80000 - 0x00007ffba0c8a000 	C:\Program Files\Java\jdk-21.0.6\bin\jimage.dll
0x000000005fc40000 - 0x000000005fdd6000 	C:\Program Files\Microsoft SQL Server\110\Shared\DBGHELP.DLL
0x00007ffbb9d50000 - 0x00007ffbb9d5f000 	C:\Program Files\Java\jdk-21.0.6\bin\instrument.dll
0x00007ffb815a0000 - 0x00007ffb815bf000 	C:\Program Files\Java\jdk-21.0.6\bin\java.dll
0x00007ffbc1080000 - 0x00007ffbc17a9000 	C:\WINDOWS\System32\SHELL32.dll
0x00007ffbbf4b0000 - 0x00007ffbbf618000 	C:\WINDOWS\System32\wintypes.dll
0x00007ffbc1920000 - 0x00007ffbc1ca2000 	C:\WINDOWS\System32\combase.dll
0x00007ffbbcc80000 - 0x00007ffbbd4d2000 	C:\WINDOWS\SYSTEM32\windows.storage.dll
0x00007ffbc1800000 - 0x00007ffbc18ed000 	C:\WINDOWS\System32\SHCORE.dll
0x00007ffbc1cb0000 - 0x00007ffbc1d14000 	C:\WINDOWS\System32\shlwapi.dll
0x00007ffbbef30000 - 0x00007ffbbef5f000 	C:\WINDOWS\SYSTEM32\profapi.dll
0x00007ffb6cb30000 - 0x00007ffb6cc07000 	C:\Program Files\Java\jdk-21.0.6\bin\jsvml.dll
0x00007ffb81440000 - 0x00007ffb81458000 	C:\Program Files\Java\jdk-21.0.6\bin\zip.dll
0x00007ffb96630000 - 0x00007ffb96640000 	C:\Program Files\Java\jdk-21.0.6\bin\net.dll
0x00007ffbb9120000 - 0x00007ffbb923d000 	C:\WINDOWS\SYSTEM32\WINHTTP.dll
0x00007ffbbe2f0000 - 0x00007ffbbe35a000 	C:\WINDOWS\system32\mswsock.dll
0x00007ffb81530000 - 0x00007ffb81546000 	C:\Program Files\Java\jdk-21.0.6\bin\nio.dll
0x00007ffbb9990000 - 0x00007ffbb99aa000 	C:\Program Files\JetBrains\IntelliJ IDEA 2023.3.4\bin\breakgen64.dll
0x00007ffb8f2e0000 - 0x00007ffb8f2e9000 	C:\Program Files\Java\jdk-21.0.6\bin\extnet.dll
0x00007ffb6c8c0000 - 0x00007ffb6c8e4000 	C:\Users\DELL\AppData\Local\Temp\jansi-2.4.1-d36f800f5a37f524-jansi.dll
0x00007ffb81fe0000 - 0x00007ffb81ff0000 	C:\Program Files\Java\jdk-21.0.6\bin\verify.dll

dbghelp: loaded successfully - version: 4.0.5 - missing functions: none
symbol engine: initialized successfully - sym options: 0x614 - pdb path: .;C:\Program Files\Java\jdk-21.0.6\bin;C:\WINDOWS\SYSTEM32;C:\WINDOWS\WinSxS\amd64_microsoft.windows.common-controls_6595b64144ccf1df_6.0.26100.3624_none_3e086962e3345f24;C:\Program Files\Java\jdk-21.0.6\bin\server;C:\Program Files\Microsoft SQL Server\110\Shared;C:\Program Files\JetBrains\IntelliJ IDEA 2023.3.4\bin;C:\Users\DELL\AppData\Local\Temp

VM Arguments:
jvm_args: -Dmaven.multiModuleProjectDirectory=C:\Users\DELL\Desktop\angular Project\backEnd\carsAgence -Djansi.passthrough=true -Dmaven.home=C:\Users\DELL\.m2\wrapper\dists\apache-maven-3.9.9-bin\4nf9hui3q3djbarqar9g711ggc\apache-maven-3.9.9 -Dclassworlds.conf=C:\Users\DELL\.m2\wrapper\dists\apache-maven-3.9.9-bin\4nf9hui3q3djbarqar9g711ggc\apache-maven-3.9.9\bin\m2.conf -Dmaven.ext.class.path=C:\Program Files\JetBrains\IntelliJ IDEA 2023.3.4\plugins\maven\lib\maven-event-listener.jar -javaagent:C:\Program Files\JetBrains\IntelliJ IDEA 2023.3.4\lib\idea_rt.jar=52336:C:\Program Files\JetBrains\IntelliJ IDEA 2023.3.4\bin -Dfile.encoding=UTF-8 -Dsun.stdout.encoding=UTF-8 -Dsun.stderr.encoding=UTF-8 
java_command: org.codehaus.classworlds.Launcher -Didea.version=2023.3.4 clean install
java_class_path (initial): C:\Users\DELL\.m2\wrapper\dists\apache-maven-3.9.9-bin\4nf9hui3q3djbarqar9g711ggc\apache-maven-3.9.9\boot\plexus-classworlds-2.8.0.jar;C:\Users\DELL\.m2\wrapper\dists\apache-maven-3.9.9-bin\4nf9hui3q3djbarqar9g711ggc\apache-maven-3.9.9\boot\plexus-classworlds.license
Launcher Type: SUN_STANDARD

[Global flags]
     intx CICompilerCount                          = 4                                         {product} {ergonomic}
     uint ConcGCThreads                            = 2                                         {product} {ergonomic}
     uint G1ConcRefinementThreads                  = 8                                         {product} {ergonomic}
   size_t G1HeapRegionSize                         = 2097152                                   {product} {ergonomic}
    uintx GCDrainStackTargetSize                   = 64                                        {product} {ergonomic}
   size_t InitialHeapSize                          = 264241152                                 {product} {ergonomic}
   size_t MarkStackSize                            = 4194304                                   {product} {ergonomic}
   size_t MaxHeapSize                              = 4227858432                                {product} {ergonomic}
   size_t MaxNewSize                               = 2535456768                                {product} {ergonomic}
   size_t MinHeapDeltaBytes                        = 2097152                                   {product} {ergonomic}
   size_t MinHeapSize                              = 8388608                                   {product} {ergonomic}
    uintx NonNMethodCodeHeapSize                   = 5839372                                {pd product} {ergonomic}
    uintx NonProfiledCodeHeapSize                  = 122909434                              {pd product} {ergonomic}
    uintx ProfiledCodeHeapSize                     = 122909434                              {pd product} {ergonomic}
    uintx ReservedCodeCacheSize                    = 251658240                              {pd product} {ergonomic}
     bool SegmentedCodeCache                       = true                                      {product} {ergonomic}
   size_t SoftMaxHeapSize                          = 4227858432                             {manageable} {ergonomic}
     bool UseCompressedOops                        = true                           {product lp64_product} {ergonomic}
     bool UseG1GC                                  = true                                      {product} {ergonomic}
     bool UseLargePagesIndividualAllocation        = false                                  {pd product} {ergonomic}

Logging:
Log output configuration:
 #0: stdout all=warning uptime,level,tags foldmultilines=false
 #1: stderr all=off uptime,level,tags foldmultilines=false

Environment Variables:
PATH=C:\PySchool\3.10-32-bit\Scripts;C:\PySchool\3.10-32-bit;C:\oraclexe\app\oracle\product\11.2.0\server\bin;C:\Program Files (x86)\VMware\VMware Workstation\bin\;C:\Program Files\Common Files\Siemens\Automation\Simatic OAM\bin;C:\WINDOWS\system32;C:\WINDOWS;C:\WINDOWS\System32\Wbem;C:\WINDOWS\System32\WindowsPowerShell\v1.0\;C:\WINDOWS\System32\OpenSSH\;C:\Program Files (x86)\Microchip\MPLAB C32 Suite\bin;c:\Program Files (x86)\Microsoft SQL Server\100\Tools\Binn\;c:\Program Files\Microsoft SQL Server\100\Tools\Binn\;c:\Program Files\Microsoft SQL Server\100\DTS\Binn\;C:\Users\DELL\AppData\Local\Programs\Python\Python311;C:\Users\DELL\AppData\Local\Programs\Python\Python311\Scripts;C:\wamp64\bin\php\php8.2.0;C:\wamp64\bin;C:\Program Files\Git\cmd;C:\Program Files\dotnet\;C:\Program Files\Docker\Docker\resources\bin;C:\Users\DELL\AppData\Local\nvm;C:\nvm4w\nodejs;C:\Program Files\Microsoft SQL Server\150\Tools\Binn\;C:\Program Files\Microsoft SQL Server\Client SDK\ODBC\170\Tools\Binn\;C:\Program Files (x86)\Windows Kits\10\Windows Performance Toolkit\;C:\Program Files\Microsoft SQL Server\110\DTS\Binn\;C:\Program Files (x86)\Microsoft SQL Server\110\Tools\Binn\;C:\Program Files\Microsoft SQL Server\110\Tools\Binn\;C:\Program Files (x86)\Microsoft SQL Server\110\Tools\Binn\ManagementStudio\;C:\Program Files (x86)\Microsoft Visual Studio 10.0\Common7\IDE\PrivateAssemblies\;C:\Program Files (x86)\Microsoft SQL Server\110\DTS\Binn\;C:\Program Files\Java\jdk-21.0.6\bin;C:\Users\DELL\scoop\shims;C:\Users\DELL\AppData\Local\Microsoft\WindowsApps;C:\phpm\php-8.2.3 (1);C:\Program Files\JetBrains\PhpStorm 2023.1\bin;;C:\wamp64\bin;C:\Users\DELL\AppData\Local\Programs\Microsoft VS Code\bin;C:\Users\DELL\AppData\Roaming\npm;C:\Users\DELL\AppData\Local\nvm;C:\nvm4w\nodejs;C:\Users\DELL\.dotnet\tools;C:\Users\DELL\AppData\Local\Programs\cursor\resources\app\bin
USERNAME=DELL
OS=Windows_NT
PROCESSOR_IDENTIFIER=Intel64 Family 6 Model 140 Stepping 1, GenuineIntel
TMP=C:\Users\DELL\AppData\Local\Temp
TEMP=C:\Users\DELL\AppData\Local\Temp




Periodic native trim disabled

---------------  S Y S T E M  ---------------

OS:
 Windows 11 , 64 bit Build 26100 (10.0.26100.3775)
OS uptime: 1 days 17:54 hours
Hyper-V role detected

CPU: total 8 (initial active 8) (4 cores per cpu, 2 threads per core) family 6 model 140 stepping 1 microcode 0xba, cx8, cmov, fxsr, ht, mmx, 3dnowpref, sse, sse2, sse3, ssse3, sse4.1, sse4.2, popcnt, lzcnt, tsc, tscinvbit, avx, avx2, aes, erms, clmul, bmi1, bmi2, adx, avx512f, avx512dq, avx512cd, avx512bw, avx512vl, sha, fma, vzeroupper, avx512_vpopcntdq, avx512_vpclmulqdq, avx512_vaes, avx512_vnni, clflush, clflushopt, clwb, avx512_vbmi2, avx512_vbmi, hv, rdtscp, rdpid, fsrm, gfni, avx512_bitalg, f16c, cet_ibt, cet_ss, avx512_ifma
Processor Information for all 8 processors :
  Max Mhz: 2419, Current Mhz: 2419, Mhz Limit: 2419

Memory: 4k page, system-wide physical 16126M (1333M free)
TotalPageFile size 65278M (AvailPageFile size 652M)
current process WorkingSet (physical memory assigned to process): 70M, peak: 92M
current process commit charge ("private bytes"): 362M, peak: 370M

vm_info: Java HotSpot(TM) 64-Bit Server VM (21.0.6+8-LTS-188) for windows-amd64 JRE (21.0.6+8-LTS-188), built on 2024-12-03T10:50:54Z by "mach5one" with MS VC++ 17.6 (VS2022)

END.
