#
# There is insufficient memory for the Java Runtime Environment to continue.
# Native memory allocation (mmap) failed to map 65536 bytes for Failed to commit metaspace.
# Possible reasons:
#   The system is out of physical RAM or swap space
#   The process is running with CompressedOops enabled, and the Java Heap may be blocking the growth of the native heap
# Possible solutions:
#   Reduce memory load on the system
#   Increase physical memory or swap space
#   Check if swap backing store is full
#   Decrease Java heap size (-Xmx/-Xms)
#   Decrease number of Java threads
#   Decrease Java thread stack sizes (-Xss)
#   Set larger code cache with -XX:ReservedCodeCacheSize=
#   JVM is running with Zero Based Compressed Oops mode in which the Java heap is
#     placed in the first 32GB address space. The Java Heap base address is the
#     maximum limit for the native heap growth. Please use -XX:HeapBaseMinAddress
#     to set the Java Heap base and to place the Java Heap above 32GB virtual address.
# This output file may be truncated or incomplete.
#
#  Out of Memory Error (virtualSpaceNode.cpp:112), pid=25708, tid=28072
#
# JRE version: Java(TM) SE Runtime Environment (21.0.6+8) (build 21.0.6+8-LTS-188)
# Java VM: Java HotSpot(TM) 64-Bit Server VM (21.0.6+8-LTS-188, mixed mode, sharing, tiered, compressed oops, compressed class ptrs, g1 gc, windows-amd64)
# No core dump will be written. Minidumps are not enabled by default on client versions of Windows
#

---------------  S U M M A R Y ------------

Command Line: -Dmaven.multiModuleProjectDirectory=C:\Users\DELL\Desktop\angular Project\backEnd\carsAgence -Djansi.passthrough=true -Dmaven.home=C:\Users\DELL\.m2\wrapper\dists\apache-maven-3.9.9-bin\4nf9hui3q3djbarqar9g711ggc\apache-maven-3.9.9 -Dclassworlds.conf=C:\Users\DELL\.m2\wrapper\dists\apache-maven-3.9.9-bin\4nf9hui3q3djbarqar9g711ggc\apache-maven-3.9.9\bin\m2.conf -Dmaven.ext.class.path=C:\Program Files\JetBrains\IntelliJ IDEA 2023.3.4\plugins\maven\lib\maven-event-listener.jar -javaagent:C:\Program Files\JetBrains\IntelliJ IDEA 2023.3.4\lib\idea_rt.jar=52392:C:\Program Files\JetBrains\IntelliJ IDEA 2023.3.4\bin -Dfile.encoding=UTF-8 -Dsun.stdout.encoding=UTF-8 -Dsun.stderr.encoding=UTF-8 org.codehaus.classworlds.Launcher -Didea.version=2023.3.4 clean install

Host: 11th Gen Intel(R) Core(TM) i5-1135G7 @ 2.40GHz, 8 cores, 15G,  Windows 11 , 64 bit Build 26100 (10.0.26100.3775)
Time: Tue Apr 22 17:31:54 2025 Afr. centrale Ouest elapsed time: 96.937098 seconds (0d 0h 1m 36s)

---------------  T H R E A D  ---------------

Current thread (0x0000021a1fbb1480):  JavaThread "main"             [_thread_in_vm, id=28072, stack(0x000000e5bc300000,0x000000e5bc400000) (1024K)]

Stack: [0x000000e5bc300000,0x000000e5bc400000]
Native frames: (J=compiled Java code, j=interpreted, Vv=VM code, C=native code)
V  [jvm.dll+0x6ca6d9]
V  [jvm.dll+0x854f51]
V  [jvm.dll+0x85747e]
V  [jvm.dll+0x857b53]
V  [jvm.dll+0x27dcc6]
V  [jvm.dll+0x850b6e]
V  [jvm.dll+0x66e3e5]
V  [jvm.dll+0x1e3f1c]
V  [jvm.dll+0x1e3cee]
V  [jvm.dll+0x670d13]
V  [jvm.dll+0x670b32]
V  [jvm.dll+0x66edbe]
V  [jvm.dll+0x2681ef]
V  [jvm.dll+0x679135]
V  [jvm.dll+0x214cb1]
V  [jvm.dll+0x21513a]
V  [jvm.dll+0x215b61]
V  [jvm.dll+0x20affe]
V  [jvm.dll+0x5ad2ec]
V  [jvm.dll+0x7cf136]
V  [jvm.dll+0x470c46]
V  [jvm.dll+0x476ac8]
C  [java.dll+0x17ec]

Java frames: (J=compiled Java code, j=interpreted, Vv=VM code)
J 606  java.lang.ClassLoader.defineClass1(Ljava/lang/ClassLoader;Ljava/lang/String;[BIILjava/security/ProtectionDomain;Ljava/lang/String;)Ljava/lang/Class; java.base@21.0.6 (0 bytes) @ 0x0000021a31704e11 [0x0000021a31704d40+0x00000000000000d1]
J 1192 c1 java.lang.ClassLoader.defineClass(Ljava/lang/String;[BIILjava/security/ProtectionDomain;)Ljava/lang/Class; java.base@21.0.6 (43 bytes) @ 0x0000021a29e36e8c [0x0000021a29e36b20+0x000000000000036c]
J 1016 c1 java.security.SecureClassLoader.defineClass(Ljava/lang/String;[BIILjava/security/CodeSource;)Ljava/lang/Class; java.base@21.0.6 (16 bytes) @ 0x0000021a29de2e9c [0x0000021a29de2dc0+0x00000000000000dc]
J 969 c1 java.net.URLClassLoader.defineClass(Ljava/lang/String;Ljdk/internal/loader/Resource;)Ljava/lang/Class; java.base@21.0.6 (224 bytes) @ 0x0000021a29dc7504 [0x0000021a29dc61c0+0x0000000000001344]
J 968 c1 java.net.URLClassLoader$1.run()Ljava/lang/Class; java.base@21.0.6 (81 bytes) @ 0x0000021a29dcb66c [0x0000021a29dca9e0+0x0000000000000c8c]
J 967 c1 java.net.URLClassLoader$1.run()Ljava/lang/Object; java.base@21.0.6 (5 bytes) @ 0x0000021a29dca454 [0x0000021a29dca3c0+0x0000000000000094]
J 627 c1 java.security.AccessController.doPrivileged(Ljava/security/PrivilegedExceptionAction;Ljava/security/AccessControlContext;)Ljava/lang/Object; java.base@21.0.6 (26 bytes) @ 0x0000021a29cfb394 [0x0000021a29cfb1a0+0x00000000000001f4]
J 965 c1 java.net.URLClassLoader.findClass(Ljava/lang/String;)Ljava/lang/Class; java.base@21.0.6 (47 bytes) @ 0x0000021a29dc4ed4 [0x0000021a29dc4d20+0x00000000000001b4]
J 892 c1 org.codehaus.plexus.classworlds.realm.ClassRealm.loadClassFromSelf(Ljava/lang/String;)Ljava/lang/Class; (40 bytes) @ 0x0000021a29d9923c [0x0000021a29d98ea0+0x000000000000039c]
J 897 c1 org.codehaus.plexus.classworlds.strategy.SelfFirstStrategy.loadClass(Ljava/lang/String;)Ljava/lang/Class; (50 bytes) @ 0x0000021a29d9bd2c [0x0000021a29d9b940+0x00000000000003ec]
J 660 c1 org.codehaus.plexus.classworlds.realm.ClassRealm.loadClass(Ljava/lang/String;Z)Ljava/lang/Class; (33 bytes) @ 0x0000021a29d0b264 [0x0000021a29d0b0e0+0x0000000000000184]
J 659 c1 org.codehaus.plexus.classworlds.realm.ClassRealm.loadClass(Ljava/lang/String;)Ljava/lang/Class; (7 bytes) @ 0x0000021a29d0ad44 [0x0000021a29d0ac40+0x0000000000000104]
J 897 c1 org.codehaus.plexus.classworlds.strategy.SelfFirstStrategy.loadClass(Ljava/lang/String;)Ljava/lang/Class; (50 bytes) @ 0x0000021a29d9c0ac [0x0000021a29d9b940+0x000000000000076c]
J 660 c1 org.codehaus.plexus.classworlds.realm.ClassRealm.loadClass(Ljava/lang/String;Z)Ljava/lang/Class; (33 bytes) @ 0x0000021a29d0b264 [0x0000021a29d0b0e0+0x0000000000000184]
J 659 c1 org.codehaus.plexus.classworlds.realm.ClassRealm.loadClass(Ljava/lang/String;)Ljava/lang/Class; (7 bytes) @ 0x0000021a29d0ad44 [0x0000021a29d0ac40+0x0000000000000104]
j  org.eclipse.sisu.space.URLClassSpace.loadClass(Ljava/lang/String;)Ljava/lang/Class;+5
j  org.eclipse.sisu.space.QualifiedTypeVisitor.leaveClass()V+26
j  org.eclipse.sisu.plexus.PlexusTypeVisitor.leaveClass()V+79
j  org.eclipse.sisu.space.SpaceScanner$1.visitEnd()V+4
j  org.eclipse.sisu.space.asm.ClassReader.accept(Lorg/eclipse/sisu/space/asm/ClassVisitor;[Lorg/eclipse/sisu/space/asm/Attribute;I)V+1397
j  org.eclipse.sisu.space.asm.ClassReader.accept(Lorg/eclipse/sisu/space/asm/ClassVisitor;I)V+7
j  org.eclipse.sisu.space.SpaceScanner.accept(Lorg/eclipse/sisu/space/ClassVisitor;Ljava/net/URL;Z)V+25
j  org.eclipse.sisu.space.SpaceScanner.accept(Lorg/eclipse/sisu/space/SpaceVisitor;)V+65
j  org.eclipse.sisu.space.SpaceModule.scanForElements(Lcom/google/inject/Binder;)V+29
j  org.eclipse.sisu.space.SpaceModule.configure(Lcom/google/inject/Binder;)V+42
j  org.eclipse.sisu.plexus.PlexusAnnotatedBeanModule.configure(Lcom/google/inject/Binder;)Lorg/eclipse/sisu/plexus/PlexusBeanSource;+13
j  org.eclipse.sisu.plexus.PlexusBindingModule.configure(Lcom/google/inject/Binder;)V+41
j  com.google.inject.spi.Elements$RecordingBinder.install(Lcom/google/inject/Module;)V+209
j  com.google.inject.spi.Elements.getElements(Lcom/google/inject/Stage;Ljava/lang/Iterable;)Ljava/util/List;+40
j  com.google.inject.spi.Elements.getElements(Ljava/lang/Iterable;)Ljava/util/List;+4
j  org.eclipse.sisu.wire.WireModule.configure(Lcom/google/inject/Binder;)V+13
j  com.google.inject.spi.Elements$RecordingBinder.install(Lcom/google/inject/Module;)V+209
j  com.google.inject.spi.Elements.getElements(Lcom/google/inject/Stage;Ljava/lang/Iterable;)Ljava/util/List;+40
j  com.google.inject.internal.InjectorShell$Builder.build(Lcom/google/inject/internal/Initializer;Lcom/google/inject/internal/ProcessedBindingData;Lcom/google/inject/internal/util/ContinuousStopwatch;Lcom/google/inject/internal/Errors;)Ljava/util/List;+163
j  com.google.inject.internal.InternalInjectorCreator.build()Lcom/google/inject/Injector;+48
j  com.google.inject.Guice.createInjector(Lcom/google/inject/Stage;Ljava/lang/Iterable;)Lcom/google/inject/Injector;+15
j  com.google.inject.Guice.createInjector(Ljava/lang/Iterable;)Lcom/google/inject/Injector;+4
j  com.google.inject.Guice.createInjector([Lcom/google/inject/Module;)Lcom/google/inject/Injector;+4
j  org.codehaus.plexus.DefaultPlexusContainer.addPlexusInjector(Ljava/util/List;[Lcom/google/inject/Module;)Lcom/google/inject/Injector;+88
j  org.codehaus.plexus.DefaultPlexusContainer.<init>(Lorg/codehaus/plexus/ContainerConfiguration;[Lcom/google/inject/Module;)V+406
j  org.apache.maven.cli.MavenCli.container(Lorg/apache/maven/cli/CliRequest;)Lorg/codehaus/plexus/PlexusContainer;+279
j  org.apache.maven.cli.MavenCli.doMain(Lorg/apache/maven/cli/CliRequest;)I+34
j  org.apache.maven.cli.MavenCli.main([Ljava/lang/String;Lorg/codehaus/plexus/classworlds/ClassWorld;)I+24
j  java.lang.invoke.DirectMethodHandle$Holder.invokeStatic(Ljava/lang/Object;Ljava/lang/Object;Ljava/lang/Object;)I+11 java.base@21.0.6
j  java.lang.invoke.LambdaForm$MH+0x0000021a4200b000.invoke(Ljava/lang/Object;Ljava/lang/Object;Ljava/lang/Object;Ljava/lang/Object;)Ljava/lang/Object;+54 java.base@21.0.6
j  java.lang.invoke.LambdaForm$MH+0x0000021a42002800.invokeExact_MT(Ljava/lang/Object;Ljava/lang/Object;Ljava/lang/Object;Ljava/lang/Object;Ljava/lang/Object;)Ljava/lang/Object;+22 java.base@21.0.6
j  jdk.internal.reflect.DirectMethodHandleAccessor.invokeImpl(Ljava/lang/Object;[Ljava/lang/Object;)Ljava/lang/Object;+72 java.base@21.0.6
j  jdk.internal.reflect.DirectMethodHandleAccessor.invoke(Ljava/lang/Object;[Ljava/lang/Object;)Ljava/lang/Object;+23 java.base@21.0.6
j  java.lang.reflect.Method.invoke(Ljava/lang/Object;[Ljava/lang/Object;)Ljava/lang/Object;+102 java.base@21.0.6
j  org.codehaus.plexus.classworlds.launcher.Launcher.launchEnhanced([Ljava/lang/String;)V+45
j  org.codehaus.plexus.classworlds.launcher.Launcher.launch([Ljava/lang/String;)V+2
j  org.codehaus.plexus.classworlds.launcher.Launcher.mainWithExitCode([Ljava/lang/String;)I+108
j  org.codehaus.plexus.classworlds.launcher.Launcher.main([Ljava/lang/String;)V+1
j  org.codehaus.classworlds.Launcher.main([Ljava/lang/String;)V+1
v  ~StubRoutines::call_stub 0x0000021a311310e7

Compiled method (n/a)   98882  606     n 0       java.lang.ClassLoader::defineClass1 (native)
 total in heap  [0x0000021a31704b90,0x0000021a317052f0] = 1888
 relocation     [0x0000021a31704cf0,0x0000021a31704d30] = 64
 main code      [0x0000021a31704d40,0x0000021a317052ef] = 1455
 stub code      [0x0000021a317052ef,0x0000021a317052f0] = 1

[Constant Pool (empty)]

[MachCode]
[Entry Point]
  # {method} {0x0000021a4143ac80} 'defineClass1' '(Ljava/lang/ClassLoader;Ljava/lang/String;[BIILjava/security/ProtectionDomain;Ljava/lang/String;)Ljava/lang/Class;' in 'java/lang/ClassLoader'
  # parm0:    rdx:rdx   = 'java/lang/ClassLoader'
  # parm1:    r8:r8     = 'java/lang/String'
  # parm2:    r9:r9     = '[B'
  # parm3:    rdi       = int
  # parm4:    rsi       = int
  # parm5:    rcx:rcx   = 'java/security/ProtectionDomain'
  # parm6:    [sp+0xa0]   = 'java/lang/String'  (sp of caller)
  0x0000021a31704d40: 448b 5208 | 49bb 0000 | 0041 1a02 | 0000 4d03 | d349 3bc2 | 0f84 0600 

  0x0000021a31704d58: ;   {runtime_call ic_miss_stub}
  0x0000021a31704d58: 0000 e921 | 9ca7 ff90 
[Verified Entry Point]
  0x0000021a31704d60: 8984 2400 | 80ff ff55 | 488b ec48 | 81ec 9000 | 0000 6690 | 4181 7f20 | 0100 0000 

  0x0000021a31704d7c: ;   {runtime_call StubRoutines (final stubs)}
  0x0000021a31704d7c: 7405 e8fd | 0fa6 ff48 | 837d 1000 | 488d 4510 | 480f 4445 | 1048 8944 | 2440 4889 | 4c24 7048 
  0x0000021a31704d9c: 83f9 0048 | 8d44 2470 | 480f 4444 | 2470 4889 | 4424 3848 | 8974 2430 | 4889 7c24 | 284c 894c 
  0x0000021a31704dbc: 2458 4983 | f900 488d | 4424 5848 | 0f44 4424 | 5848 8944 | 2420 4c89 | 4424 5049 | 83f8 004c 
  0x0000021a31704ddc: 8d4c 2450 | 4c0f 444c | 2450 4889 | 5424 4848 | 83fa 004c | 8d44 2448 | 4c0f 4444 

  0x0000021a31704df8: ;   {oop(a 'java/lang/Class'{0x0000000712555b98} = 'java/lang/ClassLoader')}
  0x0000021a31704df8: 2448 49be | 985b 5512 | 0700 0000 | 4c89 7424 | 784c 8d74 | 2478 498b | d6c5 f877 

  0x0000021a31704e14: ;   {internal_word}
  0x0000021a31704e14: 49ba 114e | 7031 1a02 | 0000 4d89 | 97a0 0300 | 0049 89a7 | 9803 0000 

  0x0000021a31704e2c: ;   {external_word}
  0x0000021a31704e2c: 49ba e057 | b559 fb7f | 0000 4180 | 3a00 0f84 | 4e00 0000 | 5241 5041 

  0x0000021a31704e44: ;   {metadata({method} {0x0000021a4143ac80} 'defineClass1' '(Ljava/lang/ClassLoader;Ljava/lang/String;[BIILjava/security/ProtectionDomain;Ljava/lang/String;)Ljava/lang/Class;' in 'java/lang/ClassLoader')}
  0x0000021a31704e44: 5148 ba78 | ac43 411a | 0200 0049 | 8bcf 4883 | ec20 40f6 | c40f 0f84 | 1900 0000 | 4883 ec08 
  0x0000021a31704e64: ;   {runtime_call}
  0x0000021a31704e64: 48b8 8005 | 6659 fb7f | 0000 ffd0 | 4883 c408 | e90c 0000 

  0x0000021a31704e78: ;   {runtime_call}
  0x0000021a31704e78: 0048 b880 | 0566 59fb | 7f00 00ff | d048 83c4 | 2041 5941 | 585a 498d | 8fb8 0300 | 0041 c787 
  0x0000021a31704e98: 4404 0000 | 0400 0000 

  0x0000021a31704ea0: ;   {runtime_call}
  0x0000021a31704ea0: 48b8 ac16 | 5a81 fb7f | 0000 ffd0 | c5f8 7741 | c787 4404 | 0000 0500 | 0000 f083 | 4424 c000 
  0x0000021a31704ec0: 493b af48 | 0400 000f | 870e 0000 | 0041 83bf | 4004 0000 | 000f 842b | 0000 00c5 | f877 4889 
  0x0000021a31704ee0: 45f8 498b | cf4c 8be4 | 4883 ec20 | 4883 e4f0 

  0x0000021a31704ef0: ;   {runtime_call}
  0x0000021a31704ef0: 48b8 f0b2 | 3159 fb7f | 0000 ffd0 | 498b e44d | 33e4 488b | 45f8 41c7 | 8744 0400 | 0008 0000 
  0x0000021a31704f10: 0041 83bf | c004 0000 | 020f 84a3 

  0x0000021a31704f1c: ;   {external_word}
  0x0000021a31704f1c: 0300 0049 | bae0 57b5 | 59fb 7f00 | 0041 803a | 000f 844c | 0000 0048 

  0x0000021a31704f34: ;   {metadata({method} {0x0000021a4143ac80} 'defineClass1' '(Ljava/lang/ClassLoader;Ljava/lang/String;[BIILjava/security/ProtectionDomain;Ljava/lang/String;)Ljava/lang/Class;' in 'java/lang/ClassLoader')}
  0x0000021a31704f34: 8945 f848 | ba78 ac43 | 411a 0200 | 0049 8bcf | 4883 ec20 | 40f6 c40f | 0f84 1900 | 0000 4883 
  0x0000021a31704f54: ;   {runtime_call}
  0x0000021a31704f54: ec08 48b8 | 8005 6659 | fb7f 0000 | ffd0 4883 | c408 e90c 

  0x0000021a31704f68: ;   {runtime_call}
  0x0000021a31704f68: 0000 0048 | b880 0566 | 59fb 7f00 | 00ff d048 | 83c4 2048 | 8b45 f849 | c787 9803 | 0000 0000 
  0x0000021a31704f88: 0000 49c7 | 87a0 0300 | 0000 0000 | 00c5 f877 | 4885 c00f | 84fe 0200 | 00a8 030f | 8508 0000 
  0x0000021a31704fa8: 0048 8b00 | e9ee 0200 | 00a8 010f | 8509 0000 | 0048 8b40 | fee9 dd02 | 0000 488b | 40ff 4180 
  0x0000021a31704fc8: 7f40 000f | 84ce 0200 | 0048 83f8 | 000f 84c4 | 0200 0049 | 8b4f 2848 | 83f9 000f | 8414 0000 
  0x0000021a31704fe8: 0048 83e9 | 0849 894f | 2849 034f | 3848 8901 | e9a2 0200 | 0048 81ec | 5001 0000 | 4889 0424 
  0x0000021a31705008: 4889 4c24 | 0848 8954 | 2410 4889 | 7424 1848 | 897c 2420 | 4c89 4424 | 284c 894c | 2430 4c89 
  0x0000021a31705028: 5424 384c | 895c 2440 | c5fb 1144 | 2450 c5fb | 114c 2458 | c5fb 1154 | 2460 c5fb | 115c 2468 
  0x0000021a31705048: c5fb 1164 | 2470 c5fb | 116c 2478 | c5fb 11b4 | 2480 0000 | 00c5 fb11 | bc24 8800 | 0000 c57b 
  0x0000021a31705068: ;   {no_reloc}
  0x0000021a31705068: 1184 2490 | 0000 00c5 | 7b11 8c24 | 9800 0000 | c57b 1194 | 24a0 0000 | 00c5 7b11 | 9c24 a800 
  0x0000021a31705088: 0000 c57b | 11a4 24b0 | 0000 00c5 | 7b11 ac24 | b800 0000 | c57b 11b4 | 24c0 0000 | 00c5 7b11 
  0x0000021a317050a8: bc24 c800 | 0000 62e1 | ff08 1144 | 241a 62e1 | ff08 114c | 241b 62e1 | ff08 1154 | 241c 62e1 
  0x0000021a317050c8: ff08 115c | 241d 62e1 | ff08 1164 | 241e 62e1 | ff08 116c | 241f 62e1 | ff08 1174 | 2420 62e1 
  0x0000021a317050e8: ff08 117c | 2421 6261 | ff08 1144 | 2422 6261 | ff08 114c | 2423 6261 | ff08 1154 | 2424 6261 
  0x0000021a31705108: ff08 115c | 2425 6261 | ff08 1164 | 2426 6261 | ff08 116c | 2427 6261 | ff08 1174 | 2428 6261 
  0x0000021a31705128: ff08 117c | 2429 498b | d748 8bc8 | 4883 ec20 | 40f6 c40f | 0f84 1900 | 0000 4883 

  0x0000021a31705144: ;   {runtime_call}
  0x0000021a31705144: ec08 48b8 | 90f1 2459 | fb7f 0000 | ffd0 4883 | c408 e90c 

  0x0000021a31705158: ;   {runtime_call}
  0x0000021a31705158: 0000 0048 | b890 f124 | 59fb 7f00 | 00ff d048 | 83c4 2062 | 61ff 0810 | 7c24 2962 | 61ff 0810 
  0x0000021a31705178: 7424 2862 | 61ff 0810 | 6c24 2762 | 61ff 0810 | 6424 2662 | 61ff 0810 | 5c24 2562 | 61ff 0810 
  0x0000021a31705198: 5424 2462 | 61ff 0810 | 4c24 2362 | 61ff 0810 | 4424 2262 | e1ff 0810 | 7c24 2162 | e1ff 0810 
  0x0000021a317051b8: 7424 2062 | e1ff 0810 | 6c24 1f62 | e1ff 0810 | 6424 1e62 | e1ff 0810 | 5c24 1d62 | e1ff 0810 
  0x0000021a317051d8: 5424 1c62 | e1ff 0810 | 4c24 1b62 | e1ff 0810 | 4424 1ac5 | 7b10 bc24 | c800 0000 | c57b 10b4 
  0x0000021a317051f8: 24c0 0000 | 00c5 7b10 | ac24 b800 | 0000 c57b | 10a4 24b0 | 0000 00c5 | 7b10 9c24 | a800 0000 
  0x0000021a31705218: c57b 1094 | 24a0 0000 | 00c5 7b10 | 8c24 9800 | 0000 c57b | 1084 2490 | 0000 00c5 | fb10 bc24 
  0x0000021a31705238: 8800 0000 | c5fb 10b4 | 2480 0000 | 00c5 fb10 | 6c24 78c5 | fb10 6424 | 70c5 fb10 | 5c24 68c5 
  0x0000021a31705258: ;   {no_reloc}
  0x0000021a31705258: fb10 5424 | 60c5 fb10 | 4c24 58c5 | fb10 4424 | 504c 8b5c | 2440 4c8b | 5424 384c | 8b4c 2430 
  0x0000021a31705278: 4c8b 4424 | 2848 8b7c | 2420 488b | 7424 1848 | 8b54 2410 | 488b 4c24 | 0848 8b04 | 2448 81c4 
  0x0000021a31705298: 5001 0000 | c5f8 7749 | 8b8f 2804 | 0000 c781 | 0001 0000 | 0000 0000 | c949 837f | 0800 0f85 
  0x0000021a317052b8: 0100 0000 

  0x0000021a317052bc: ;   {runtime_call StubRoutines (initial stubs)}
  0x0000021a317052bc: c3e9 3ebc | a2ff c5f8 | 7748 8945 | f84c 8be4 | 4883 ec20 | 4883 e4f0 

  0x0000021a317052d4: ;   {runtime_call}
  0x0000021a317052d4: 48b8 703d | 6659 fb7f | 0000 ffd0 | 498b e44d | 33e4 488b | 45f8 e930 | fcff fff4 
[/MachCode]


Compiled method (c1)   98917 1192       3       java.lang.ClassLoader::defineClass (43 bytes)
 total in heap  [0x0000021a29e36910,0x0000021a29e37278] = 2408
 relocation     [0x0000021a29e36a70,0x0000021a29e36b10] = 160
 main code      [0x0000021a29e36b20,0x0000021a29e36fd0] = 1200
 stub code      [0x0000021a29e36fd0,0x0000021a29e37048] = 120
 metadata       [0x0000021a29e37048,0x0000021a29e37078] = 48
 scopes data    [0x0000021a29e37078,0x0000021a29e37168] = 240
 scopes pcs     [0x0000021a29e37168,0x0000021a29e37248] = 224
 dependencies   [0x0000021a29e37248,0x0000021a29e37250] = 8
 nul chk table  [0x0000021a29e37250,0x0000021a29e37278] = 40

[Constant Pool (empty)]

[MachCode]
[Entry Point]
  # {method} {0x0000021a4143b000} 'defineClass' '(Ljava/lang/String;[BIILjava/security/ProtectionDomain;)Ljava/lang/Class;' in 'java/lang/ClassLoader'
  # this:     rdx:rdx   = 'java/lang/ClassLoader'
  # parm0:    r8:r8     = 'java/lang/String'
  # parm1:    r9:r9     = '[B'
  # parm2:    rdi       = int
  # parm3:    rsi       = int
  # parm4:    rcx:rcx   = 'java/security/ProtectionDomain'
  #           [sp+0xc0]  (sp of caller)
  0x0000021a29e36b20: 448b 5208 | 49bb 0000 | 0041 1a02 | 0000 4d03 | d34c 3bd0 

  0x0000021a29e36b34: ;   {runtime_call ic_miss_stub}
  0x0000021a29e36b34: 0f85 467e | 3407 660f | 1f44 0000 
[Verified Entry Point]
  0x0000021a29e36b40: 8984 2400 | 80ff ff55 | 4881 ecb0 | 0000 0090 | 4181 7f20 | 0100 0000 

  0x0000021a29e36b58: ;   {runtime_call StubRoutines (final stubs)}
  0x0000021a29e36b58: 7405 e821 | f232 0748 | 8954 2478 

  0x0000021a29e36b64: ;   {metadata(method data for {method} {0x0000021a4143b000} 'defineClass' '(Ljava/lang/String;[BIILjava/security/ProtectionDomain;)Ljava/lang/Class;' in 'java/lang/ClassLoader')}
  0x0000021a29e36b64: 48bb 1094 | 2182 1a02 | 0000 8b83 | cc00 0000 | 83c0 0289 | 83cc 0000 | 0025 fe07 | 0000 85c0 
  0x0000021a29e36b84: 0f84 6803 | 0000 89b4 | 2494 0000 | 0089 bc24 | 9000 0000 | 4c89 8c24 | 8800 0000 

  0x0000021a29e36ba0: ;   {metadata(method data for {method} {0x0000021a4143b000} 'defineClass' '(Ljava/lang/String;[BIILjava/security/ProtectionDomain;)Ljava/lang/Class;' in 'java/lang/ClassLoader')}
  0x0000021a29e36ba0: 488b da48 | b810 9421 | 821a 0200 | 0048 8380 | 1001 0000 | 0149 8bd8 | 4c8b c34c | 8bc9 488b 
  0x0000021a29e36bc0: ca48 8bd1 | 4889 9c24 | 8000 0000 

  0x0000021a29e36bcc: ;   {optimized virtual_call}
  0x0000021a29e36bcc: 6666 90e8 

  0x0000021a29e36bd0: ; ImmutableOopMap {[120]=Oop [128]=Oop [136]=Oop }
                      ;*invokevirtual preDefineClass {reexecute=0 rethrow=0 return_oop=0}
                      ; - java.lang.ClassLoader::defineClass@4 (line 1025)
  0x0000021a29e36bd0: 4c82 f8ff 

  0x0000021a29e36bd4: ;   {other}
  0x0000021a29e36bd4: 0f1f 8400 | c402 0000 | 4889 8424 | 9800 0000 | 488b 5424 

  0x0000021a29e36be8: ;   {metadata(method data for {method} {0x0000021a4143b000} 'defineClass' '(Ljava/lang/String;[BIILjava/security/ProtectionDomain;)Ljava/lang/Class;' in 'java/lang/ClassLoader')}
  0x0000021a29e36be8: 7849 b810 | 9421 821a | 0200 0049 | 8380 4801 

  0x0000021a29e36bf8: ;   {metadata(method data for {method} {0x0000021a4143ace8} 'defineClassSourceLocation' '(Ljava/security/ProtectionDomain;)Ljava/lang/String;' in 'java/lang/ClassLoader')}
  0x0000021a29e36bf8: 0000 0149 | b858 8021 | 821a 0200 | 0041 8b90 | cc00 0000 | 83c2 0241 | 8990 cc00 | 0000 81e2 
  0x0000021a29e36c18: feff 1f00 | 85d2 0f84 | ef02 0000 

  0x0000021a29e36c24: ; implicit exception: dispatches to 0x0000021a29e36f34
  0x0000021a29e36c24: 483b 004c 

  0x0000021a29e36c28: ;   {metadata(method data for {method} {0x0000021a4143ace8} 'defineClassSourceLocation' '(Ljava/security/ProtectionDomain;)Ljava/lang/String;' in 'java/lang/ClassLoader')}
  0x0000021a29e36c28: 8bc0 48ba | 5880 2182 | 1a02 0000 | 4883 8210 | 0100 0001 | 448b 4010 | 49c1 e003 

  0x0000021a29e36c44: ;   {metadata(method data for {method} {0x0000021a4143ace8} 'defineClassSourceLocation' '(Ljava/security/ProtectionDomain;)Ljava/lang/String;' in 'java/lang/ClassLoader')}
  0x0000021a29e36c44: 4d85 c048 | ba58 8021 | 821a 0200 | 0048 be58 | 0100 0000 | 0000 0075 | 0a48 be48 | 0100 0000 
  0x0000021a29e36c64: 0000 0048 | 8b3c 3248 | 8d7f 0148 | 893c 320f | 850f 0000 

  0x0000021a29e36c78: ;   {oop(nullptr)}
  0x0000021a29e36c78: 0048 bb00 | 0000 0000 | 0000 00e9 | af01 0000 

  0x0000021a29e36c88: ; implicit exception: dispatches to 0x0000021a29e36f39
  0x0000021a29e36c88: 493b 0049 

  0x0000021a29e36c8c: ;   {metadata(method data for {method} {0x0000021a4143ace8} 'defineClassSourceLocation' '(Ljava/security/ProtectionDomain;)Ljava/lang/String;' in 'java/lang/ClassLoader')}
  0x0000021a29e36c8c: 8bd0 48be | 5880 2182 | 1a02 0000 | 4883 8668 | 0100 0001 | 418b 500c | 48c1 e203 

  0x0000021a29e36ca8: ;   {metadata(method data for {method} {0x0000021a4143ace8} 'defineClassSourceLocation' '(Ljava/security/ProtectionDomain;)Ljava/lang/String;' in 'java/lang/ClassLoader')}
  0x0000021a29e36ca8: 4885 d248 | be58 8021 | 821a 0200 | 0048 bfb0 | 0100 0000 | 0000 0075 | 0a48 bfa0 | 0100 0000 
  0x0000021a29e36cc8: 0000 0048 | 8b1c 3e48 | 8d5b 0148 | 891c 3e0f | 850f 0000 

  0x0000021a29e36cdc: ;   {oop(nullptr)}
  0x0000021a29e36cdc: 0048 bb00 | 0000 0000 | 0000 00e9 | 4b01 0000 

  0x0000021a29e36cec: ;   {metadata(method data for {method} {0x0000021a4143ace8} 'defineClassSourceLocation' '(Ljava/security/ProtectionDomain;)Ljava/lang/String;' in 'java/lang/ClassLoader')}
  0x0000021a29e36cec: 48be 5880 | 2182 1a02 | 0000 4883 | 86c0 0100 | 0001 483b | 024c 8bc2 

  0x0000021a29e36d04: ;   {metadata(method data for {method} {0x0000021a4143ace8} 'defineClassSourceLocation' '(Ljava/security/ProtectionDomain;)Ljava/lang/String;' in 'java/lang/ClassLoader')}
  0x0000021a29e36d04: 48be 5880 | 2182 1a02 | 0000 4883 | 86f8 0100 

  0x0000021a29e36d14: ;   {metadata(method data for {method} {0x0000021a4101a7c0} 'toString' '()Ljava/lang/String;' in 'java/net/URL')}
  0x0000021a29e36d14: 0001 49b8 | 38fd 1c82 | 1a02 0000 | 418b b0cc | 0000 0083 | c602 4189 | b0cc 0000 | 0081 e6fe 
  0x0000021a29e36d34: ff1f 0085 | f60f 8404 | 0200 004c 

  0x0000021a29e36d40: ;   {metadata(method data for {method} {0x0000021a4101a7c0} 'toString' '()Ljava/lang/String;' in 'java/net/URL')}
  0x0000021a29e36d40: 8bc2 48be | 38fd 1c82 | 1a02 0000 | 4883 8610 | 0100 0001 

  0x0000021a29e36d54: ;   {metadata(method data for {method} {0x0000021a4142e900} 'toExternalForm' '()Ljava/lang/String;' in 'java/net/URL')}
  0x0000021a29e36d54: 49b8 68d4 | 1882 1a02 | 0000 418b | b0cc 0000 | 0083 c602 | 4189 b0cc | 0000 0081 | e6fe ff1f 
  0x0000021a29e36d74: 0085 f60f | 84e7 0100 | 008b 7238 | 48c1 e603 

  0x0000021a29e36d84: ; implicit exception: dispatches to 0x0000021a29e36f85
  0x0000021a29e36d84: 483b 064c 

  0x0000021a29e36d88: ;   {metadata(method data for {method} {0x0000021a4142e900} 'toExternalForm' '()Ljava/lang/String;' in 'java/net/URL')}
  0x0000021a29e36d88: 8bc6 48bf | 68d4 1882 | 1a02 0000 | 458b 4008 | 49ba 0000 | 0041 1a02 | 0000 4d03 | c24c 3b87 
  0x0000021a29e36da8: 2001 0000 | 750d 4883 | 8728 0100 | 0001 e960 | 0000 004c | 3b87 3001 | 0000 750d | 4883 8738 
  0x0000021a29e36dc8: 0100 0001 | e94a 0000 | 0048 83bf | 2001 0000 | 0075 174c | 8987 2001 | 0000 48c7 | 8728 0100 
  0x0000021a29e36de8: 0001 0000 | 00e9 2900 | 0000 4883 | bf30 0100 | 0000 7517 | 4c89 8730 | 0100 0048 | c787 3801 
  0x0000021a29e36e08: 0000 0100 | 0000 e908 | 0000 0048 | 8387 1001 | 0000 014c | 8bc2 488b | d666 0f1f 

  0x0000021a29e36e24: ;   {optimized virtual_call}
  0x0000021a29e36e24: 4400 00e8 

  0x0000021a29e36e28: ; ImmutableOopMap {[120]=Oop [128]=Oop [136]=Oop [152]=Oop }
                      ;*invokevirtual toExternalForm {reexecute=0 rethrow=0 return_oop=0}
                      ; - java.net.URL::toExternalForm@5 (line 1203)
                      ; - java.net.URL::toString@1 (line 1189)
                      ; - java.lang.ClassLoader::defineClassSourceLocation@22 (line 927)
                      ; - java.lang.ClassLoader::defineClass@12 (line 1026)
  0x0000021a29e36e28: f454 edff 

  0x0000021a29e36e2c: ;   {other}
  0x0000021a29e36e2c: 0f1f 8400 | 1c05 0001 | 488b d848 | 8b84 2498 | 0000 008b | b424 9400 | 0000 8bbc | 2490 0000 
  0x0000021a29e36e4c: 004c 8b8c | 2488 0000 | 004c 8b84 | 2480 0000 | 0048 8b54 

  0x0000021a29e36e60: ;   {metadata(method data for {method} {0x0000021a4143b000} 'defineClass' '(Ljava/lang/String;[BIILjava/security/ProtectionDomain;)Ljava/lang/Class;' in 'java/lang/ClassLoader')}
  0x0000021a29e36e60: 2478 48b9 | 1094 2182 | 1a02 0000 | 4883 8180 | 0100 0001 | 4c8b da49 | 8bd3 488b | c848 891c 
  0x0000021a29e36e80: 2466 0f1f 

  0x0000021a29e36e84: ;   {static_call}
  0x0000021a29e36e84: 4400 00e8 

  0x0000021a29e36e88: ; ImmutableOopMap {[120]=Oop [152]=Oop }
                      ;*invokestatic defineClass1 {reexecute=0 rethrow=0 return_oop=0}
                      ; - java.lang.ClassLoader::defineClass@27 (line 1027)
  0x0000021a29e36e88: d4de 8c07 

  0x0000021a29e36e8c: ;   {other}
  0x0000021a29e36e8c: 0f1f 8400 | 7c05 0002 | 488b 5424 

  0x0000021a29e36e98: ;   {metadata(method data for {method} {0x0000021a4143b000} 'defineClass' '(Ljava/lang/String;[BIILjava/security/ProtectionDomain;)Ljava/lang/Class;' in 'java/lang/ClassLoader')}
  0x0000021a29e36e98: 7849 b810 | 9421 821a | 0200 0049 | 8380 9001 | 0000 014c | 8bc0 4c8b | 8c24 9800 | 0000 488b 
  0x0000021a29e36eb8: 5424 7848 | 8984 24a0 | 0000 000f 

  0x0000021a29e36ec4: ;   {optimized virtual_call}
  0x0000021a29e36ec4: 1f40 00e8 

  0x0000021a29e36ec8: ; ImmutableOopMap {[160]=Oop }
                      ;*invokevirtual postDefineClass {reexecute=0 rethrow=0 return_oop=0}
                      ; - java.lang.ClassLoader::defineClass@37 (line 1028)
  0x0000021a29e36ec8: 54c9 ffff 

  0x0000021a29e36ecc: ;   {other}
  0x0000021a29e36ecc: 0f1f 8400 | bc05 0003 | 488b 8424 | a000 0000 | 4881 c4b0 | 0000 005d 

  0x0000021a29e36ee4: ;   {poll_return}
  0x0000021a29e36ee4: 493b a748 | 0400 000f | 8799 0000 

  0x0000021a29e36ef0: ;   {metadata({method} {0x0000021a4143b000} 'defineClass' '(Ljava/lang/String;[BIILjava/security/ProtectionDomain;)Ljava/lang/Class;' in 'java/lang/ClassLoader')}
  0x0000021a29e36ef0: 00c3 49ba | f8af 4341 | 1a02 0000 | 4c89 5424 | 0848 c704 | 24ff ffff 

  0x0000021a29e36f08: ;   {runtime_call counter_overflow Runtime1 stub}
  0x0000021a29e36f08: ffe8 f229 

  0x0000021a29e36f0c: ; ImmutableOopMap {rdx=Oop r8=Oop r9=Oop rcx=Oop [120]=Oop }
                      ;*synchronization entry
                      ; - java.lang.ClassLoader::defineClass@-1 (line 1025)
  0x0000021a29e36f0c: 4407 e977 

  0x0000021a29e36f10: ;   {metadata({method} {0x0000021a4143ace8} 'defineClassSourceLocation' '(Ljava/security/ProtectionDomain;)Ljava/lang/String;' in 'java/lang/ClassLoader')}
  0x0000021a29e36f10: fcff ff49 | bae0 ac43 | 411a 0200 | 004c 8954 | 2408 48c7 | 0424 ffff 

  0x0000021a29e36f28: ;   {runtime_call counter_overflow Runtime1 stub}
  0x0000021a29e36f28: ffff e8d1 

  0x0000021a29e36f2c: ; ImmutableOopMap {rax=Oop [120]=Oop [128]=Oop [136]=Oop [152]=Oop }
                      ;*synchronization entry
                      ; - java.lang.ClassLoader::defineClassSourceLocation@-1 (line 924)
                      ; - java.lang.ClassLoader::defineClass@12 (line 1026)
  0x0000021a29e36f2c: 2944 07e9 | f0fc ffff 

  0x0000021a29e36f34: ;   {runtime_call throw_null_pointer_exception Runtime1 stub}
  0x0000021a29e36f34: e867 c743 

  0x0000021a29e36f38: ; ImmutableOopMap {rax=Oop [120]=Oop [128]=Oop [136]=Oop [152]=Oop }
                      ;*invokevirtual getCodeSource {reexecute=0 rethrow=0 return_oop=0}
                      ; - java.lang.ClassLoader::defineClassSourceLocation@1 (line 924)
                      ; - java.lang.ClassLoader::defineClass@12 (line 1026)
                      ;   {runtime_call throw_null_pointer_exception Runtime1 stub}
  0x0000021a29e36f38: 07e8 62c7 

  0x0000021a29e36f3c: ; ImmutableOopMap {rax=Oop r8=Oop [120]=Oop [128]=Oop [136]=Oop [152]=Oop }
                      ;*invokevirtual getLocation {reexecute=0 rethrow=0 return_oop=0}
                      ; - java.lang.ClassLoader::defineClassSourceLocation@12 (line 926)
                      ; - java.lang.ClassLoader::defineClass@12 (line 1026)
                      ;   {runtime_call throw_null_pointer_exception Runtime1 stub}
  0x0000021a29e36f3c: 4307 e85d 

  0x0000021a29e36f40: ; ImmutableOopMap {rdx=Oop [120]=Oop [128]=Oop [136]=Oop [152]=Oop }
                      ;*invokevirtual toString {reexecute=0 rethrow=0 return_oop=0}
                      ; - java.lang.ClassLoader::defineClassSourceLocation@22 (line 927)
                      ; - java.lang.ClassLoader::defineClass@12 (line 1026)
                      ;   {metadata({method} {0x0000021a4101a7c0} 'toString' '()Ljava/lang/String;' in 'java/net/URL')}
  0x0000021a29e36f40: c743 0749 | bab8 a701 | 411a 0200 | 004c 8954 | 2408 48c7 | 0424 ffff 

  0x0000021a29e36f58: ;   {runtime_call counter_overflow Runtime1 stub}
  0x0000021a29e36f58: ffff e8a1 

  0x0000021a29e36f5c: ; ImmutableOopMap {rdx=Oop [120]=Oop [128]=Oop [136]=Oop [152]=Oop }
                      ;*synchronization entry
                      ; - java.net.URL::toString@-1 (line 1189)
                      ; - java.lang.ClassLoader::defineClassSourceLocation@22 (line 927)
                      ; - java.lang.ClassLoader::defineClass@12 (line 1026)
  0x0000021a29e36f5c: 2944 07e9 | dbfd ffff 

  0x0000021a29e36f64: ;   {metadata({method} {0x0000021a4142e900} 'toExternalForm' '()Ljava/lang/String;' in 'java/net/URL')}
  0x0000021a29e36f64: 49ba f8e8 | 4241 1a02 | 0000 4c89 | 5424 0848 | c704 24ff 

  0x0000021a29e36f78: ;   {runtime_call counter_overflow Runtime1 stub}
  0x0000021a29e36f78: ffff ffe8 

  0x0000021a29e36f7c: ; ImmutableOopMap {rdx=Oop [120]=Oop [128]=Oop [136]=Oop [152]=Oop }
                      ;*synchronization entry
                      ; - java.net.URL::toExternalForm@-1 (line 1203)
                      ; - java.net.URL::toString@1 (line 1189)
                      ; - java.lang.ClassLoader::defineClassSourceLocation@22 (line 927)
                      ; - java.lang.ClassLoader::defineClass@12 (line 1026)
  0x0000021a29e36f7c: 8029 4407 | e9f8 fdff 

  0x0000021a29e36f84: ;   {runtime_call throw_null_pointer_exception Runtime1 stub}
  0x0000021a29e36f84: ffe8 16c7 

  0x0000021a29e36f88: ; ImmutableOopMap {rdx=Oop rsi=Oop [120]=Oop [128]=Oop [136]=Oop [152]=Oop }
                      ;*invokevirtual toExternalForm {reexecute=0 rethrow=0 return_oop=0}
                      ; - java.net.URL::toExternalForm@5 (line 1203)
                      ; - java.net.URL::toString@1 (line 1189)
                      ; - java.lang.ClassLoader::defineClassSourceLocation@22 (line 927)
                      ; - java.lang.ClassLoader::defineClass@12 (line 1026)
                      ;   {internal_word}
  0x0000021a29e36f88: 4307 49ba | e46e e329 | 1a02 0000 | 4d89 9760 

  0x0000021a29e36f98: ;   {runtime_call SafepointBlob}
  0x0000021a29e36f98: 0400 00e9 | e0fb 3407 | 498b 87f8 | 0400 0049 | c787 f804 | 0000 0000 | 0000 49c7 | 8700 0500 
  0x0000021a29e36fb8: 0000 0000 | 0048 81c4 | b000 0000 

  0x0000021a29e36fc4: ;   {runtime_call unwind_exception Runtime1 stub}
  0x0000021a29e36fc4: 5de9 b6b7 | 4307 f4f4 | f4f4 f4f4 
[Stub Code]
  0x0000021a29e36fd0: ;   {no_reloc}
  0x0000021a29e36fd0: 0f1f 4400 

  0x0000021a29e36fd4: ;   {static_stub}
  0x0000021a29e36fd4: 0048 bb00 | 0000 0000 

  0x0000021a29e36fdc: ;   {runtime_call}
  0x0000021a29e36fdc: 0000 00e9 | fbff ffff 

  0x0000021a29e36fe4: ;   {static_stub}
  0x0000021a29e36fe4: 48bb 0000 | 0000 0000 

  0x0000021a29e36fec: ;   {runtime_call}
  0x0000021a29e36fec: 0000 e9fb 

  0x0000021a29e36ff0: ;   {static_stub}
  0x0000021a29e36ff0: ffff ff48 | bb00 0000 | 0000 0000 

  0x0000021a29e36ffc: ;   {runtime_call}
  0x0000021a29e36ffc: 00e9 fbff 

  0x0000021a29e37000: ;   {static_stub}
  0x0000021a29e37000: ffff 48bb | 0000 0000 | 0000 0000 

  0x0000021a29e3700c: ;   {runtime_call}
  0x0000021a29e3700c: e9fb ffff 

  0x0000021a29e37010: ;   {runtime_call handle_exception_from_callee Runtime1 stub}
  0x0000021a29e37010: ffe8 6aec 

  0x0000021a29e37014: ;   {external_word}
  0x0000021a29e37014: 4307 48b9 | a046 8d59 | fb7f 0000 | 4883 e4f0 

  0x0000021a29e37024: ;   {runtime_call}
  0x0000021a29e37024: 48b8 b028 | 5559 fb7f | 0000 ffd0 

  0x0000021a29e37030: ;   {section_word}
  0x0000021a29e37030: f449 ba31 | 70e3 291a | 0200 0041 

  0x0000021a29e3703c: ;   {runtime_call DeoptimizationBlob}
  0x0000021a29e3703c: 52e9 de0f | 3507 f4f4 | f4f4 f4f4 
[/MachCode]


Compiled method (c1)   99412 1016       3       java.security.SecureClassLoader::defineClass (16 bytes)
 total in heap  [0x0000021a29de2c10,0x0000021a29de3010] = 1024
 relocation     [0x0000021a29de2d70,0x0000021a29de2dc0] = 80
 main code      [0x0000021a29de2dc0,0x0000021a29de2f18] = 344
 stub code      [0x0000021a29de2f18,0x0000021a29de2f68] = 80
 metadata       [0x0000021a29de2f68,0x0000021a29de2f70] = 8
 scopes data    [0x0000021a29de2f70,0x0000021a29de2fb8] = 72
 scopes pcs     [0x0000021a29de2fb8,0x0000021a29de3008] = 80
 dependencies   [0x0000021a29de3008,0x0000021a29de3010] = 8

[Constant Pool (empty)]

[MachCode]
[Entry Point]
  # {method} {0x0000021a4104d398} 'defineClass' '(Ljava/lang/String;[BIILjava/security/CodeSource;)Ljava/lang/Class;' in 'java/security/SecureClassLoader'
  # this:     rdx:rdx   = 'java/security/SecureClassLoader'
  # parm0:    r8:r8     = 'java/lang/String'
  # parm1:    r9:r9     = '[B'
  # parm2:    rdi       = int
  # parm3:    rsi       = int
  # parm4:    rcx:rcx   = 'java/security/CodeSource'
  #           [sp+0x80]  (sp of caller)
  0x0000021a29de2dc0: 448b 5208 | 49bb 0000 | 0041 1a02 | 0000 4d03 | d34c 3bd0 

  0x0000021a29de2dd4: ;   {runtime_call ic_miss_stub}
  0x0000021a29de2dd4: 0f85 a6bb | 3907 660f | 1f44 0000 
[Verified Entry Point]
  0x0000021a29de2de0: 8984 2400 | 80ff ff55 | 4883 ec70 | 4181 7f20 | 0100 0000 

  0x0000021a29de2df4: ;   {runtime_call StubRoutines (final stubs)}
  0x0000021a29de2df4: 7405 e885 

  0x0000021a29de2df8: ;   {metadata(method data for {method} {0x0000021a4104d398} 'defineClass' '(Ljava/lang/String;[BIILjava/security/CodeSource;)Ljava/lang/Class;' in 'java/security/SecureClassLoader')}
  0x0000021a29de2df8: 2f38 0748 | bbc8 a01e | 821a 0200 | 008b 83cc | 0000 0083 | c002 8983 | cc00 0000 | 25fe 0700 
  0x0000021a29de2e18: 0085 c00f | 8496 0000 | 0089 7424 | 5c89 7c24 | 584c 894c | 2450 4c89 | 4424 4848 

  0x0000021a29de2e34: ;   {metadata(method data for {method} {0x0000021a4104d398} 'defineClass' '(Ljava/lang/String;[BIILjava/security/CodeSource;)Ljava/lang/Class;' in 'java/security/SecureClassLoader')}
  0x0000021a29de2e34: 8bda 48b8 | c8a0 1e82 | 1a02 0000 | 4883 8010 | 0100 0001 | 4c8b c148 | 8bc2 488b | d048 8944 
  0x0000021a29de2e54: ;   {optimized virtual_call}
  0x0000021a29de2e54: 2440 90e8 

  0x0000021a29de2e58: ; ImmutableOopMap {[64]=Oop [72]=Oop [80]=Oop }
                      ;*invokevirtual getProtectionDomain {reexecute=0 rethrow=0 return_oop=0}
                      ; - java.security.SecureClassLoader::defineClass@9 (line 150)
  0x0000021a29de2e58: c4a5 fdff 

  0x0000021a29de2e5c: ;   {other}
  0x0000021a29de2e5c: 0f1f 8400 | 4c02 0000 | 488b 5424 

  0x0000021a29de2e68: ;   {metadata(method data for {method} {0x0000021a4104d398} 'defineClass' '(Ljava/lang/String;[BIILjava/security/CodeSource;)Ljava/lang/Class;' in 'java/security/SecureClassLoader')}
  0x0000021a29de2e68: 4049 b8c8 | a01e 821a | 0200 0049 | 8380 4801 | 0000 014c | 8b44 2448 | 4c8b 4c24 | 508b 7c24 
  0x0000021a29de2e88: 588b 7424 | 5c48 8bc8 | 488b 5424 

  0x0000021a29de2e94: ;   {optimized virtual_call}
  0x0000021a29de2e94: 4066 90e8 

  0x0000021a29de2e98: ; ImmutableOopMap {}
                      ;*invokevirtual defineClass {reexecute=0 rethrow=0 return_oop=0}
                      ; - java.security.SecureClassLoader::defineClass@12 (line 150)
  0x0000021a29de2e98: a43c 0500 

  0x0000021a29de2e9c: ;   {other}
  0x0000021a29de2e9c: 0f1f 8400 | 8c02 0001 | 4883 c470 

  0x0000021a29de2ea8: ;   {poll_return}
  0x0000021a29de2ea8: 5d49 3ba7 | 4804 0000 | 0f87 2200 

  0x0000021a29de2eb4: ;   {metadata({method} {0x0000021a4104d398} 'defineClass' '(Ljava/lang/String;[BIILjava/security/CodeSource;)Ljava/lang/Class;' in 'java/security/SecureClassLoader')}
  0x0000021a29de2eb4: 0000 c349 | ba90 d304 | 411a 0200 | 004c 8954 | 2408 48c7 | 0424 ffff 

  0x0000021a29de2ecc: ;   {runtime_call counter_overflow Runtime1 stub}
  0x0000021a29de2ecc: ffff e82d 

  0x0000021a29de2ed0: ; ImmutableOopMap {rdx=Oop r8=Oop r9=Oop rcx=Oop }
                      ;*synchronization entry
                      ; - java.security.SecureClassLoader::defineClass@-1 (line 150)
  0x0000021a29de2ed0: 6a49 07e9 | 49ff ffff 

  0x0000021a29de2ed8: ;   {internal_word}
  0x0000021a29de2ed8: 49ba a92e | de29 1a02 | 0000 4d89 | 9760 0400 

  0x0000021a29de2ee8: ;   {runtime_call SafepointBlob}
  0x0000021a29de2ee8: 00e9 923c | 3a07 498b | 87f8 0400 | 0049 c787 | f804 0000 | 0000 0000 | 49c7 8700 | 0500 0000 
  0x0000021a29de2f08: 0000 0048 | 83c4 705d 

  0x0000021a29de2f10: ;   {runtime_call unwind_exception Runtime1 stub}
  0x0000021a29de2f10: e96b f848 | 07f4 f4f4 
[Stub Code]
  0x0000021a29de2f18: ;   {no_reloc}
  0x0000021a29de2f18: 48bb 0000 | 0000 0000 

  0x0000021a29de2f20: ;   {runtime_call}
  0x0000021a29de2f20: 0000 e9fb 

  0x0000021a29de2f24: ;   {static_stub}
  0x0000021a29de2f24: ffff ff48 | bbf8 af43 | 411a 0200 

  0x0000021a29de2f30: ;   {runtime_call I2C/C2I adapters}
  0x0000021a29de2f30: 00e9 5fb6 

  0x0000021a29de2f34: ;   {runtime_call handle_exception_from_callee Runtime1 stub}
  0x0000021a29de2f34: 3807 e845 

  0x0000021a29de2f38: ;   {external_word}
  0x0000021a29de2f38: 2d49 0748 | b9a0 468d | 59fb 7f00 | 0048 83e4 

  0x0000021a29de2f48: ;   {runtime_call}
  0x0000021a29de2f48: f048 b8b0 | 2855 59fb | 7f00 00ff 

  0x0000021a29de2f54: ;   {section_word}
  0x0000021a29de2f54: d0f4 49ba | 562f de29 | 1a02 0000 

  0x0000021a29de2f60: ;   {runtime_call DeoptimizationBlob}
  0x0000021a29de2f60: 4152 e9b9 | 503a 07f4 
[/MachCode]


---------------  P R O C E S S  ---------------

Threads class SMR info:
_java_thread_list=0x0000021a87399e80, length=12, elements={
0x0000021a1fbb1480, 0x0000021a40d41ec0, 0x0000021a40d46b20, 0x0000021a40d4a2b0,
0x0000021a40d4d070, 0x0000021a40d512e0, 0x0000021a40d51d30, 0x0000021a40d54ac0,
0x0000021a40d57560, 0x0000021a40d19d60, 0x0000021a86170a60, 0x0000021a861710c0
}

Java Threads: ( => current thread )
=>0x0000021a1fbb1480 JavaThread "main"                              [_thread_in_vm, id=28072, stack(0x000000e5bc300000,0x000000e5bc400000) (1024K)]
  0x0000021a40d41ec0 JavaThread "Reference Handler"          daemon [_thread_blocked, id=32260, stack(0x000000e5bcb00000,0x000000e5bcc00000) (1024K)]
  0x0000021a40d46b20 JavaThread "Finalizer"                  daemon [_thread_blocked, id=32264, stack(0x000000e5bcc00000,0x000000e5bcd00000) (1024K)]
  0x0000021a40d4a2b0 JavaThread "Signal Dispatcher"          daemon [_thread_blocked, id=32456, stack(0x000000e5bcd00000,0x000000e5bce00000) (1024K)]
  0x0000021a40d4d070 JavaThread "Attach Listener"            daemon [_thread_blocked, id=32460, stack(0x000000e5bce00000,0x000000e5bcf00000) (1024K)]
  0x0000021a40d512e0 JavaThread "Service Thread"             daemon [_thread_blocked, id=32540, stack(0x000000e5bcf00000,0x000000e5bd000000) (1024K)]
  0x0000021a40d51d30 JavaThread "Monitor Deflation Thread"   daemon [_thread_blocked, id=32544, stack(0x000000e5bd000000,0x000000e5bd100000) (1024K)]
  0x0000021a40d54ac0 JavaThread "C2 CompilerThread0"         daemon [_thread_blocked, id=32548, stack(0x000000e5bd100000,0x000000e5bd200000) (1024K)]
  0x0000021a40d57560 JavaThread "C1 CompilerThread0"         daemon [_thread_blocked, id=32712, stack(0x000000e5bd200000,0x000000e5bd300000) (1024K)]
  0x0000021a40d19d60 JavaThread "Common-Cleaner"             daemon [_thread_blocked, id=31620, stack(0x000000e5bd300000,0x000000e5bd400000) (1024K)]
  0x0000021a86170a60 JavaThread "Monitor Ctrl-Break"         daemon [_thread_in_native, id=34632, stack(0x000000e5bd400000,0x000000e5bd500000) (1024K)]
  0x0000021a861710c0 JavaThread "Notification Thread"        daemon [_thread_blocked, id=34636, stack(0x000000e5bd500000,0x000000e5bd600000) (1024K)]
Total: 12

Other Threads:
  0x0000021a40d27460 VMThread "VM Thread"                           [id=31656, stack(0x000000e5bca00000,0x000000e5bcb00000) (1024K)] _threads_hazard_ptr=0x0000021a87399e80
  0x0000021a40d194d0 WatcherThread "VM Periodic Task Thread"        [id=31648, stack(0x000000e5bc900000,0x000000e5bca00000) (1024K)]
  0x0000021a1fc1a050 WorkerThread "GC Thread#0"                     [id=30892, stack(0x000000e5bc400000,0x000000e5bc500000) (1024K)]
  0x0000021a86b851f0 WorkerThread "GC Thread#1"                     [id=29176, stack(0x000000e5bc200000,0x000000e5bc300000) (1024K)]
  0x0000021a86b85590 WorkerThread "GC Thread#2"                     [id=29180, stack(0x000000e5bd600000,0x000000e5bd700000) (1024K)]
  0x0000021a86b85930 WorkerThread "GC Thread#3"                     [id=29184, stack(0x000000e5bd700000,0x000000e5bd800000) (1024K)]
  0x0000021a86b85cd0 WorkerThread "GC Thread#4"                     [id=29188, stack(0x000000e5bd800000,0x000000e5bd900000) (1024K)]
  0x0000021a86b86070 WorkerThread "GC Thread#5"                     [id=29208, stack(0x000000e5bd900000,0x000000e5bda00000) (1024K)]
  0x0000021a86cd53a0 WorkerThread "GC Thread#6"                     [id=2028, stack(0x000000e5bda00000,0x000000e5bdb00000) (1024K)]
  0x0000021a86aac040 WorkerThread "GC Thread#7"                     [id=4356, stack(0x000000e5bdb00000,0x000000e5bdc00000) (1024K)]
  0x0000021a1fc2b660 ConcurrentGCThread "G1 Main Marker"            [id=30896, stack(0x000000e5bc500000,0x000000e5bc600000) (1024K)]
  0x0000021a1fc2c070 WorkerThread "G1 Conc#0"                       [id=30900, stack(0x000000e5bc600000,0x000000e5bc700000) (1024K)]
  0x0000021a1fc5e4f0 ConcurrentGCThread "G1 Refine#0"               [id=30904, stack(0x000000e5bc700000,0x000000e5bc800000) (1024K)]
  0x0000021a40cc5210 ConcurrentGCThread "G1 Service"                [id=30908, stack(0x000000e5bc800000,0x000000e5bc900000) (1024K)]
Total: 14

Threads with active compile tasks:
Total: 0

VM state: synchronizing (normal execution)

VM Mutex/Monitor currently owned by a thread:  ([mutex/lock_event])
[0x00007ffb59b6be18] Metaspace_lock - owner thread: 0x0000021a1fbb1480
[0x00007ffb59b6de98] Threads_lock - owner thread: 0x0000021a40d27460

Heap address: 0x0000000704000000, size: 4032 MB, Compressed Oops mode: Zero based, Oop shift amount: 3

CDS archive(s) mapped at: [0x0000021a41000000-0x0000021a41c90000-0x0000021a41c90000), size 13172736, SharedBaseAddress: 0x0000021a41000000, ArchiveRelocationMode: 1.
Compressed class space mapped at: 0x0000021a42000000-0x0000021a82000000, reserved size: 1073741824
Narrow klass base: 0x0000021a41000000, Narrow klass shift: 0, Narrow klass range: 0x100000000

GC Precious Log:
 CardTable entry size: 512
 Card Set container configuration: InlinePtr #cards 4 size 8 Array Of Cards #cards 16 size 48 Howl #buckets 8 coarsen threshold 3686 Howl Bitmap #cards 512 size 80 coarsen threshold 460 Card regions per heap region 1 cards per card region 4096
 CPUs: 8 total, 8 available
 Memory: 16126M
 Large Page Support: Disabled
 NUMA Support: Disabled
 Compressed Oops: Enabled (Zero based)
 Heap Region Size: 2M
 Heap Min Capacity: 8M
 Heap Initial Capacity: 252M
 Heap Max Capacity: 4032M
 Pre-touch: Disabled
 Parallel Workers: 8
 Concurrent Workers: 2
 Concurrent Refinement Workers: 8
 Periodic GC: Disabled

Heap:
 garbage-first heap   total 258048K, used 18261K [0x0000000704000000, 0x0000000800000000)
  region size 2048K, 10 young (20480K), 2 survivors (4096K)
 Metaspace       used 7159K, committed 7296K, reserved 1114112K
  class space    used 816K, committed 896K, reserved 1048576K

Heap Regions: E=young(eden), S=young(survivor), O=old, HS=humongous(starts), HC=humongous(continues), CS=collection set, F=free, TAMS=top-at-mark-start, PB=parsable bottom
|   0|0x0000000704000000, 0x0000000704000000, 0x0000000704200000|  0%| F|  |TAMS 0x0000000704000000| PB 0x0000000704000000| Untracked 
|   1|0x0000000704200000, 0x0000000704200000, 0x0000000704400000|  0%| F|  |TAMS 0x0000000704200000| PB 0x0000000704200000| Untracked 
|   2|0x0000000704400000, 0x0000000704400000, 0x0000000704600000|  0%| F|  |TAMS 0x0000000704400000| PB 0x0000000704400000| Untracked 
|   3|0x0000000704600000, 0x0000000704600000, 0x0000000704800000|  0%| F|  |TAMS 0x0000000704600000| PB 0x0000000704600000| Untracked 
|   4|0x0000000704800000, 0x0000000704800000, 0x0000000704a00000|  0%| F|  |TAMS 0x0000000704800000| PB 0x0000000704800000| Untracked 
|   5|0x0000000704a00000, 0x0000000704a00000, 0x0000000704c00000|  0%| F|  |TAMS 0x0000000704a00000| PB 0x0000000704a00000| Untracked 
|   6|0x0000000704c00000, 0x0000000704c00000, 0x0000000704e00000|  0%| F|  |TAMS 0x0000000704c00000| PB 0x0000000704c00000| Untracked 
|   7|0x0000000704e00000, 0x0000000704e00000, 0x0000000705000000|  0%| F|  |TAMS 0x0000000704e00000| PB 0x0000000704e00000| Untracked 
|   8|0x0000000705000000, 0x0000000705000000, 0x0000000705200000|  0%| F|  |TAMS 0x0000000705000000| PB 0x0000000705000000| Untracked 
|   9|0x0000000705200000, 0x0000000705200000, 0x0000000705400000|  0%| F|  |TAMS 0x0000000705200000| PB 0x0000000705200000| Untracked 
|  10|0x0000000705400000, 0x0000000705400000, 0x0000000705600000|  0%| F|  |TAMS 0x0000000705400000| PB 0x0000000705400000| Untracked 
|  11|0x0000000705600000, 0x0000000705600000, 0x0000000705800000|  0%| F|  |TAMS 0x0000000705600000| PB 0x0000000705600000| Untracked 
|  12|0x0000000705800000, 0x0000000705800000, 0x0000000705a00000|  0%| F|  |TAMS 0x0000000705800000| PB 0x0000000705800000| Untracked 
|  13|0x0000000705a00000, 0x0000000705a00000, 0x0000000705c00000|  0%| F|  |TAMS 0x0000000705a00000| PB 0x0000000705a00000| Untracked 
|  14|0x0000000705c00000, 0x0000000705c00000, 0x0000000705e00000|  0%| F|  |TAMS 0x0000000705c00000| PB 0x0000000705c00000| Untracked 
|  15|0x0000000705e00000, 0x0000000705e00000, 0x0000000706000000|  0%| F|  |TAMS 0x0000000705e00000| PB 0x0000000705e00000| Untracked 
|  16|0x0000000706000000, 0x0000000706000000, 0x0000000706200000|  0%| F|  |TAMS 0x0000000706000000| PB 0x0000000706000000| Untracked 
|  17|0x0000000706200000, 0x0000000706200000, 0x0000000706400000|  0%| F|  |TAMS 0x0000000706200000| PB 0x0000000706200000| Untracked 
|  18|0x0000000706400000, 0x0000000706400000, 0x0000000706600000|  0%| F|  |TAMS 0x0000000706400000| PB 0x0000000706400000| Untracked 
|  19|0x0000000706600000, 0x0000000706600000, 0x0000000706800000|  0%| F|  |TAMS 0x0000000706600000| PB 0x0000000706600000| Untracked 
|  20|0x0000000706800000, 0x0000000706800000, 0x0000000706a00000|  0%| F|  |TAMS 0x0000000706800000| PB 0x0000000706800000| Untracked 
|  21|0x0000000706a00000, 0x0000000706a00000, 0x0000000706c00000|  0%| F|  |TAMS 0x0000000706a00000| PB 0x0000000706a00000| Untracked 
|  22|0x0000000706c00000, 0x0000000706c00000, 0x0000000706e00000|  0%| F|  |TAMS 0x0000000706c00000| PB 0x0000000706c00000| Untracked 
|  23|0x0000000706e00000, 0x0000000706e00000, 0x0000000707000000|  0%| F|  |TAMS 0x0000000706e00000| PB 0x0000000706e00000| Untracked 
|  24|0x0000000707000000, 0x0000000707000000, 0x0000000707200000|  0%| F|  |TAMS 0x0000000707000000| PB 0x0000000707000000| Untracked 
|  25|0x0000000707200000, 0x0000000707200000, 0x0000000707400000|  0%| F|  |TAMS 0x0000000707200000| PB 0x0000000707200000| Untracked 
|  26|0x0000000707400000, 0x0000000707400000, 0x0000000707600000|  0%| F|  |TAMS 0x0000000707400000| PB 0x0000000707400000| Untracked 
|  27|0x0000000707600000, 0x0000000707600000, 0x0000000707800000|  0%| F|  |TAMS 0x0000000707600000| PB 0x0000000707600000| Untracked 
|  28|0x0000000707800000, 0x0000000707800000, 0x0000000707a00000|  0%| F|  |TAMS 0x0000000707800000| PB 0x0000000707800000| Untracked 
|  29|0x0000000707a00000, 0x0000000707a00000, 0x0000000707c00000|  0%| F|  |TAMS 0x0000000707a00000| PB 0x0000000707a00000| Untracked 
|  30|0x0000000707c00000, 0x0000000707c00000, 0x0000000707e00000|  0%| F|  |TAMS 0x0000000707c00000| PB 0x0000000707c00000| Untracked 
|  31|0x0000000707e00000, 0x0000000707e00000, 0x0000000708000000|  0%| F|  |TAMS 0x0000000707e00000| PB 0x0000000707e00000| Untracked 
|  32|0x0000000708000000, 0x0000000708000000, 0x0000000708200000|  0%| F|  |TAMS 0x0000000708000000| PB 0x0000000708000000| Untracked 
|  33|0x0000000708200000, 0x0000000708200000, 0x0000000708400000|  0%| F|  |TAMS 0x0000000708200000| PB 0x0000000708200000| Untracked 
|  34|0x0000000708400000, 0x0000000708400000, 0x0000000708600000|  0%| F|  |TAMS 0x0000000708400000| PB 0x0000000708400000| Untracked 
|  35|0x0000000708600000, 0x0000000708600000, 0x0000000708800000|  0%| F|  |TAMS 0x0000000708600000| PB 0x0000000708600000| Untracked 
|  36|0x0000000708800000, 0x0000000708800000, 0x0000000708a00000|  0%| F|  |TAMS 0x0000000708800000| PB 0x0000000708800000| Untracked 
|  37|0x0000000708a00000, 0x0000000708a00000, 0x0000000708c00000|  0%| F|  |TAMS 0x0000000708a00000| PB 0x0000000708a00000| Untracked 
|  38|0x0000000708c00000, 0x0000000708c00000, 0x0000000708e00000|  0%| F|  |TAMS 0x0000000708c00000| PB 0x0000000708c00000| Untracked 
|  39|0x0000000708e00000, 0x0000000708e00000, 0x0000000709000000|  0%| F|  |TAMS 0x0000000708e00000| PB 0x0000000708e00000| Untracked 
|  40|0x0000000709000000, 0x0000000709000000, 0x0000000709200000|  0%| F|  |TAMS 0x0000000709000000| PB 0x0000000709000000| Untracked 
|  41|0x0000000709200000, 0x0000000709200000, 0x0000000709400000|  0%| F|  |TAMS 0x0000000709200000| PB 0x0000000709200000| Untracked 
|  42|0x0000000709400000, 0x0000000709400000, 0x0000000709600000|  0%| F|  |TAMS 0x0000000709400000| PB 0x0000000709400000| Untracked 
|  43|0x0000000709600000, 0x0000000709600000, 0x0000000709800000|  0%| F|  |TAMS 0x0000000709600000| PB 0x0000000709600000| Untracked 
|  44|0x0000000709800000, 0x0000000709800000, 0x0000000709a00000|  0%| F|  |TAMS 0x0000000709800000| PB 0x0000000709800000| Untracked 
|  45|0x0000000709a00000, 0x0000000709a00000, 0x0000000709c00000|  0%| F|  |TAMS 0x0000000709a00000| PB 0x0000000709a00000| Untracked 
|  46|0x0000000709c00000, 0x0000000709c00000, 0x0000000709e00000|  0%| F|  |TAMS 0x0000000709c00000| PB 0x0000000709c00000| Untracked 
|  47|0x0000000709e00000, 0x0000000709e00000, 0x000000070a000000|  0%| F|  |TAMS 0x0000000709e00000| PB 0x0000000709e00000| Untracked 
|  48|0x000000070a000000, 0x000000070a000000, 0x000000070a200000|  0%| F|  |TAMS 0x000000070a000000| PB 0x000000070a000000| Untracked 
|  49|0x000000070a200000, 0x000000070a200000, 0x000000070a400000|  0%| F|  |TAMS 0x000000070a200000| PB 0x000000070a200000| Untracked 
|  50|0x000000070a400000, 0x000000070a400000, 0x000000070a600000|  0%| F|  |TAMS 0x000000070a400000| PB 0x000000070a400000| Untracked 
|  51|0x000000070a600000, 0x000000070a600000, 0x000000070a800000|  0%| F|  |TAMS 0x000000070a600000| PB 0x000000070a600000| Untracked 
|  52|0x000000070a800000, 0x000000070a800000, 0x000000070aa00000|  0%| F|  |TAMS 0x000000070a800000| PB 0x000000070a800000| Untracked 
|  53|0x000000070aa00000, 0x000000070aa00000, 0x000000070ac00000|  0%| F|  |TAMS 0x000000070aa00000| PB 0x000000070aa00000| Untracked 
|  54|0x000000070ac00000, 0x000000070ac00000, 0x000000070ae00000|  0%| F|  |TAMS 0x000000070ac00000| PB 0x000000070ac00000| Untracked 
|  55|0x000000070ae00000, 0x000000070ae00000, 0x000000070b000000|  0%| F|  |TAMS 0x000000070ae00000| PB 0x000000070ae00000| Untracked 
|  56|0x000000070b000000, 0x000000070b000000, 0x000000070b200000|  0%| F|  |TAMS 0x000000070b000000| PB 0x000000070b000000| Untracked 
|  57|0x000000070b200000, 0x000000070b200000, 0x000000070b400000|  0%| F|  |TAMS 0x000000070b200000| PB 0x000000070b200000| Untracked 
|  58|0x000000070b400000, 0x000000070b400000, 0x000000070b600000|  0%| F|  |TAMS 0x000000070b400000| PB 0x000000070b400000| Untracked 
|  59|0x000000070b600000, 0x000000070b600000, 0x000000070b800000|  0%| F|  |TAMS 0x000000070b600000| PB 0x000000070b600000| Untracked 
|  60|0x000000070b800000, 0x000000070b800000, 0x000000070ba00000|  0%| F|  |TAMS 0x000000070b800000| PB 0x000000070b800000| Untracked 
|  61|0x000000070ba00000, 0x000000070ba00000, 0x000000070bc00000|  0%| F|  |TAMS 0x000000070ba00000| PB 0x000000070ba00000| Untracked 
|  62|0x000000070bc00000, 0x000000070bc00000, 0x000000070be00000|  0%| F|  |TAMS 0x000000070bc00000| PB 0x000000070bc00000| Untracked 
|  63|0x000000070be00000, 0x000000070be00000, 0x000000070c000000|  0%| F|  |TAMS 0x000000070be00000| PB 0x000000070be00000| Untracked 
|  64|0x000000070c000000, 0x000000070c000000, 0x000000070c200000|  0%| F|  |TAMS 0x000000070c000000| PB 0x000000070c000000| Untracked 
|  65|0x000000070c200000, 0x000000070c200000, 0x000000070c400000|  0%| F|  |TAMS 0x000000070c200000| PB 0x000000070c200000| Untracked 
|  66|0x000000070c400000, 0x000000070c400000, 0x000000070c600000|  0%| F|  |TAMS 0x000000070c400000| PB 0x000000070c400000| Untracked 
|  67|0x000000070c600000, 0x000000070c600000, 0x000000070c800000|  0%| F|  |TAMS 0x000000070c600000| PB 0x000000070c600000| Untracked 
|  68|0x000000070c800000, 0x000000070c800000, 0x000000070ca00000|  0%| F|  |TAMS 0x000000070c800000| PB 0x000000070c800000| Untracked 
|  69|0x000000070ca00000, 0x000000070ca00000, 0x000000070cc00000|  0%| F|  |TAMS 0x000000070ca00000| PB 0x000000070ca00000| Untracked 
|  70|0x000000070cc00000, 0x000000070cc00000, 0x000000070ce00000|  0%| F|  |TAMS 0x000000070cc00000| PB 0x000000070cc00000| Untracked 
|  71|0x000000070ce00000, 0x000000070ce00000, 0x000000070d000000|  0%| F|  |TAMS 0x000000070ce00000| PB 0x000000070ce00000| Untracked 
|  72|0x000000070d000000, 0x000000070d000000, 0x000000070d200000|  0%| F|  |TAMS 0x000000070d000000| PB 0x000000070d000000| Untracked 
|  73|0x000000070d200000, 0x000000070d200000, 0x000000070d400000|  0%| F|  |TAMS 0x000000070d200000| PB 0x000000070d200000| Untracked 
|  74|0x000000070d400000, 0x000000070d400000, 0x000000070d600000|  0%| F|  |TAMS 0x000000070d400000| PB 0x000000070d400000| Untracked 
|  75|0x000000070d600000, 0x000000070d600000, 0x000000070d800000|  0%| F|  |TAMS 0x000000070d600000| PB 0x000000070d600000| Untracked 
|  76|0x000000070d800000, 0x000000070d800000, 0x000000070da00000|  0%| F|  |TAMS 0x000000070d800000| PB 0x000000070d800000| Untracked 
|  77|0x000000070da00000, 0x000000070da00000, 0x000000070dc00000|  0%| F|  |TAMS 0x000000070da00000| PB 0x000000070da00000| Untracked 
|  78|0x000000070dc00000, 0x000000070dc00000, 0x000000070de00000|  0%| F|  |TAMS 0x000000070dc00000| PB 0x000000070dc00000| Untracked 
|  79|0x000000070de00000, 0x000000070de00000, 0x000000070e000000|  0%| F|  |TAMS 0x000000070de00000| PB 0x000000070de00000| Untracked 
|  80|0x000000070e000000, 0x000000070e000000, 0x000000070e200000|  0%| F|  |TAMS 0x000000070e000000| PB 0x000000070e000000| Untracked 
|  81|0x000000070e200000, 0x000000070e200000, 0x000000070e400000|  0%| F|  |TAMS 0x000000070e200000| PB 0x000000070e200000| Untracked 
|  82|0x000000070e400000, 0x000000070e400000, 0x000000070e600000|  0%| F|  |TAMS 0x000000070e400000| PB 0x000000070e400000| Untracked 
|  83|0x000000070e600000, 0x000000070e600000, 0x000000070e800000|  0%| F|  |TAMS 0x000000070e600000| PB 0x000000070e600000| Untracked 
|  84|0x000000070e800000, 0x000000070e800000, 0x000000070ea00000|  0%| F|  |TAMS 0x000000070e800000| PB 0x000000070e800000| Untracked 
|  85|0x000000070ea00000, 0x000000070ea00000, 0x000000070ec00000|  0%| F|  |TAMS 0x000000070ea00000| PB 0x000000070ea00000| Untracked 
|  86|0x000000070ec00000, 0x000000070ec00000, 0x000000070ee00000|  0%| F|  |TAMS 0x000000070ec00000| PB 0x000000070ec00000| Untracked 
|  87|0x000000070ee00000, 0x000000070ee00000, 0x000000070f000000|  0%| F|  |TAMS 0x000000070ee00000| PB 0x000000070ee00000| Untracked 
|  88|0x000000070f000000, 0x000000070f000000, 0x000000070f200000|  0%| F|  |TAMS 0x000000070f000000| PB 0x000000070f000000| Untracked 
|  89|0x000000070f200000, 0x000000070f200000, 0x000000070f400000|  0%| F|  |TAMS 0x000000070f200000| PB 0x000000070f200000| Untracked 
|  90|0x000000070f400000, 0x000000070f400000, 0x000000070f600000|  0%| F|  |TAMS 0x000000070f400000| PB 0x000000070f400000| Untracked 
|  91|0x000000070f600000, 0x000000070f600000, 0x000000070f800000|  0%| F|  |TAMS 0x000000070f600000| PB 0x000000070f600000| Untracked 
|  92|0x000000070f800000, 0x000000070f800000, 0x000000070fa00000|  0%| F|  |TAMS 0x000000070f800000| PB 0x000000070f800000| Untracked 
|  93|0x000000070fa00000, 0x000000070fa00000, 0x000000070fc00000|  0%| F|  |TAMS 0x000000070fa00000| PB 0x000000070fa00000| Untracked 
|  94|0x000000070fc00000, 0x000000070fc00000, 0x000000070fe00000|  0%| F|  |TAMS 0x000000070fc00000| PB 0x000000070fc00000| Untracked 
|  95|0x000000070fe00000, 0x000000070fe00000, 0x0000000710000000|  0%| F|  |TAMS 0x000000070fe00000| PB 0x000000070fe00000| Untracked 
|  96|0x0000000710000000, 0x0000000710000000, 0x0000000710200000|  0%| F|  |TAMS 0x0000000710000000| PB 0x0000000710000000| Untracked 
|  97|0x0000000710200000, 0x0000000710200000, 0x0000000710400000|  0%| F|  |TAMS 0x0000000710200000| PB 0x0000000710200000| Untracked 
|  98|0x0000000710400000, 0x0000000710400000, 0x0000000710600000|  0%| F|  |TAMS 0x0000000710400000| PB 0x0000000710400000| Untracked 
|  99|0x0000000710600000, 0x0000000710600000, 0x0000000710800000|  0%| F|  |TAMS 0x0000000710600000| PB 0x0000000710600000| Untracked 
| 100|0x0000000710800000, 0x0000000710800000, 0x0000000710a00000|  0%| F|  |TAMS 0x0000000710800000| PB 0x0000000710800000| Untracked 
| 101|0x0000000710a00000, 0x0000000710a00000, 0x0000000710c00000|  0%| F|  |TAMS 0x0000000710a00000| PB 0x0000000710a00000| Untracked 
| 102|0x0000000710c00000, 0x0000000710c00000, 0x0000000710e00000|  0%| F|  |TAMS 0x0000000710c00000| PB 0x0000000710c00000| Untracked 
| 103|0x0000000710e00000, 0x0000000710e00000, 0x0000000711000000|  0%| F|  |TAMS 0x0000000710e00000| PB 0x0000000710e00000| Untracked 
| 104|0x0000000711000000, 0x0000000711000000, 0x0000000711200000|  0%| F|  |TAMS 0x0000000711000000| PB 0x0000000711000000| Untracked 
| 105|0x0000000711200000, 0x0000000711200000, 0x0000000711400000|  0%| F|  |TAMS 0x0000000711200000| PB 0x0000000711200000| Untracked 
| 106|0x0000000711400000, 0x0000000711400000, 0x0000000711600000|  0%| F|  |TAMS 0x0000000711400000| PB 0x0000000711400000| Untracked 
| 107|0x0000000711600000, 0x0000000711600000, 0x0000000711800000|  0%| F|  |TAMS 0x0000000711600000| PB 0x0000000711600000| Untracked 
| 108|0x0000000711800000, 0x0000000711800000, 0x0000000711a00000|  0%| F|  |TAMS 0x0000000711800000| PB 0x0000000711800000| Untracked 
| 109|0x0000000711a00000, 0x0000000711a00000, 0x0000000711c00000|  0%| F|  |TAMS 0x0000000711a00000| PB 0x0000000711a00000| Untracked 
| 110|0x0000000711c00000, 0x0000000711c00000, 0x0000000711e00000|  0%| F|  |TAMS 0x0000000711c00000| PB 0x0000000711c00000| Untracked 
| 111|0x0000000711e00000, 0x0000000711e00000, 0x0000000712000000|  0%| F|  |TAMS 0x0000000711e00000| PB 0x0000000711e00000| Untracked 
| 112|0x0000000712000000, 0x0000000712000000, 0x0000000712200000|  0%| F|  |TAMS 0x0000000712000000| PB 0x0000000712000000| Untracked 
| 113|0x0000000712200000, 0x00000007123d54e0, 0x0000000712400000| 91%| S|CS|TAMS 0x0000000712200000| PB 0x0000000712200000| Complete 
| 114|0x0000000712400000, 0x0000000712600000, 0x0000000712600000|100%| S|CS|TAMS 0x0000000712400000| PB 0x0000000712400000| Complete 
| 115|0x0000000712600000, 0x0000000712600000, 0x0000000712800000|  0%| F|  |TAMS 0x0000000712600000| PB 0x0000000712600000| Untracked 
| 116|0x0000000712800000, 0x0000000712800000, 0x0000000712a00000|  0%| F|  |TAMS 0x0000000712800000| PB 0x0000000712800000| Untracked 
| 117|0x0000000712a00000, 0x0000000712a00000, 0x0000000712c00000|  0%| F|  |TAMS 0x0000000712a00000| PB 0x0000000712a00000| Untracked 
| 118|0x0000000712c00000, 0x0000000712c603d8, 0x0000000712e00000| 18%| E|  |TAMS 0x0000000712c00000| PB 0x0000000712c00000| Complete 
| 119|0x0000000712e00000, 0x0000000713000000, 0x0000000713000000|100%| E|CS|TAMS 0x0000000712e00000| PB 0x0000000712e00000| Complete 
| 120|0x0000000713000000, 0x0000000713200000, 0x0000000713200000|100%| E|CS|TAMS 0x0000000713000000| PB 0x0000000713000000| Complete 
| 121|0x0000000713200000, 0x0000000713400000, 0x0000000713400000|100%| E|CS|TAMS 0x0000000713200000| PB 0x0000000713200000| Complete 
| 122|0x0000000713400000, 0x0000000713600000, 0x0000000713600000|100%| E|CS|TAMS 0x0000000713400000| PB 0x0000000713400000| Complete 
| 123|0x0000000713600000, 0x0000000713800000, 0x0000000713800000|100%| E|CS|TAMS 0x0000000713600000| PB 0x0000000713600000| Complete 
| 124|0x0000000713800000, 0x0000000713a00000, 0x0000000713a00000|100%| E|CS|TAMS 0x0000000713800000| PB 0x0000000713800000| Complete 
| 125|0x0000000713a00000, 0x0000000713c00000, 0x0000000713c00000|100%| E|CS|TAMS 0x0000000713a00000| PB 0x0000000713a00000| Complete 

Card table byte_map: [0x0000021a39c60000,0x0000021a3a440000] _byte_map_base: 0x0000021a36440000

Marking Bits: (CMBitMap*) 0x0000021a1fc1ae70
 Bits: [0x0000021a3a440000, 0x0000021a3e340000)

Polling page: 0x0000021a215c0000

Metaspace:

Usage:
  Non-class:      6.19 MB used.
      Class:    816.61 KB used.
       Both:      6.99 MB used.

Virtual space:
  Non-class space:       64.00 MB reserved,       6.25 MB ( 10%) committed,  1 nodes.
      Class space:        1.00 GB reserved,     896.00 KB ( <1%) committed,  1 nodes.
             Both:        1.06 GB reserved,       7.12 MB ( <1%) committed. 

Chunk freelists:
   Non-Class:  8.36 MB
       Class:  15.16 MB
        Both:  23.52 MB

MaxMetaspaceSize: unlimited
CompressedClassSpaceSize: 1.00 GB
Initial GC threshold: 21.00 MB
Current GC threshold: 21.00 MB
CDS: on
 - commit_granule_bytes: 65536.
 - commit_granule_words: 8192.
 - virtual_space_node_default_size: 8388608.
 - enlarge_chunks_in_place: 1.
 - use_allocation_guard: 0.


Internal statistics:

num_allocs_failed_limit: 0.
num_arena_births: 68.
num_arena_deaths: 0.
num_vsnodes_births: 2.
num_vsnodes_deaths: 0.
num_space_committed: 114.
num_space_uncommitted: 0.
num_chunks_returned_to_freelist: 0.
num_chunks_taken_from_freelist: 266.
num_chunk_merges: 0.
num_chunk_splits: 182.
num_chunks_enlarged: 146.
num_inconsistent_stats: 0.

CodeHeap 'non-profiled nmethods': size=120000Kb used=617Kb max_used=617Kb free=119382Kb
 bounds [0x0000021a316d0000, 0x0000021a31940000, 0x0000021a38c00000]
CodeHeap 'profiled nmethods': size=120000Kb used=2834Kb max_used=2834Kb free=117165Kb
 bounds [0x0000021a29c00000, 0x0000021a29ed0000, 0x0000021a31130000]
CodeHeap 'non-nmethods': size=5760Kb used=1506Kb max_used=1559Kb free=4254Kb
 bounds [0x0000021a31130000, 0x0000021a313a0000, 0x0000021a316d0000]
 total_blobs=1986 nmethods=1513 adapters=378
 compilation: enabled
              stopped_count=0, restarted_count=0
 full_count=0

Compilation events (20 events):
Event: 91.891 Thread 0x0000021a40d57560 nmethod 1505 0x0000021a29ebf810 code [0x0000021a29ebf9c0, 0x0000021a29ebfba0]
Event: 91.891 Thread 0x0000021a40d57560 1506   !   3       jdk.internal.loader.URLClassPath::check (123 bytes)
Event: 91.891 Thread 0x0000021a40d57560 nmethod 1506 0x0000021a29ebfc90 code [0x0000021a29ebfe40, 0x0000021a29ec0010]
Event: 92.892 Thread 0x0000021a40d57560 1507       3       com.google.inject.Key::<init> (29 bytes)
Event: 92.893 Thread 0x0000021a40d57560 nmethod 1507 0x0000021a29ec0110 code [0x0000021a29ec0300, 0x0000021a29ec07d0]
Event: 92.893 Thread 0x0000021a40d57560 1508       3       com.google.inject.spi.Elements$RecordingBinder::getElementSource (136 bytes)
Event: 94.906 Thread 0x0000021a40d57560 nmethod 1508 0x0000021a29ec0990 code [0x0000021a29ec0c00, 0x0000021a29ec1610]
Event: 94.909 Thread 0x0000021a40d57560 1511       3       jdk.internal.loader.URLClassPath::findResource (38 bytes)
Event: 94.909 Thread 0x0000021a40d57560 nmethod 1511 0x0000021a29ec1910 code [0x0000021a29ec1ae0, 0x0000021a29ec1e28]
Event: 94.910 Thread 0x0000021a40d54ac0 nmethod 1497% 0x0000021a31769410 code [0x0000021a31769600, 0x0000021a31769f10]
Event: 94.910 Thread 0x0000021a40d54ac0 1510       4       sun.reflect.generics.parser.SignatureParser::advance (53 bytes)
Event: 94.911 Thread 0x0000021a40d57560 1512       3       java.util.ArrayList::add (65 bytes)
Event: 94.911 Thread 0x0000021a40d57560 nmethod 1512 0x0000021a29ec1f90 code [0x0000021a29ec21a0, 0x0000021a29ec2858]
Event: 94.911 Thread 0x0000021a40d57560 1513       3       com.google.inject.spi.Elements$RecordingBinder::bind (23 bytes)
Event: 94.911 Thread 0x0000021a40d54ac0 nmethod 1510 0x0000021a3176a390 code [0x0000021a3176a520, 0x0000021a3176a610]
Event: 94.912 Thread 0x0000021a40d57560 nmethod 1513 0x0000021a29ec2b10 code [0x0000021a29ec2d40, 0x0000021a29ec3490]
Event: 94.912 Thread 0x0000021a40d57560 1514       3       com.google.inject.internal.MoreTypes::canonicalizeKey (20 bytes)
Event: 94.912 Thread 0x0000021a40d57560 nmethod 1514 0x0000021a29ec3790 code [0x0000021a29ec39a0, 0x0000021a29ec3f68]
Event: 94.912 Thread 0x0000021a40d57560 1515       3       java.security.AccessController::doPrivileged (17 bytes)
Event: 94.912 Thread 0x0000021a40d57560 nmethod 1515 0x0000021a29ec4190 code [0x0000021a29ec4380, 0x0000021a29ec4758]

GC Heap History (2 events):
Event: 79.885 GC heap before
{Heap before GC invocations=0 (full 0):
 garbage-first heap   total 258048K, used 22528K [0x0000000704000000, 0x0000000800000000)
  region size 2048K, 11 young (22528K), 0 survivors (0K)
 Metaspace       used 5997K, committed 6144K, reserved 1114112K
  class space    used 683K, committed 768K, reserved 1048576K
}
Event: 84.921 GC heap after
{Heap after GC invocations=1 (full 0):
 garbage-first heap   total 258048K, used 3925K [0x0000000704000000, 0x0000000800000000)
  region size 2048K, 2 young (4096K), 2 survivors (4096K)
 Metaspace       used 5997K, committed 6144K, reserved 1114112K
  class space    used 683K, committed 768K, reserved 1048576K
}

Dll operation events (12 events):
Event: 6.775 Loaded shared library C:\Program Files\Java\jdk-21.0.6\bin\java.dll
Event: 14.443 Loaded shared library C:\Program Files\Java\jdk-21.0.6\bin\zip.dll
Event: 14.444 Loaded shared library C:\Program Files\Java\jdk-21.0.6\bin\jsvml.dll
Event: 14.449 Loaded shared library C:\Program Files\Java\jdk-21.0.6\bin\instrument.dll
Event: 14.456 Loaded shared library C:\Program Files\Java\jdk-21.0.6\bin\net.dll
Event: 14.460 Loaded shared library C:\Program Files\Java\jdk-21.0.6\bin\nio.dll
Event: 14.475 Loaded shared library C:\Program Files\Java\jdk-21.0.6\bin\zip.dll
Event: 15.504 Loaded shared library C:\Program Files\JetBrains\IntelliJ IDEA 2023.3.4\bin\breakgen64.dll
Event: 16.115 Loaded shared library C:\Program Files\Java\jdk-21.0.6\bin\extnet.dll
Event: 41.636 Loaded shared library C:\Program Files\Java\jdk-21.0.6\bin\jimage.dll
Event: 44.425 Loaded shared library C:\Users\DELL\AppData\Local\Temp\jansi-2.4.1-194ce50bc656374c-jansi.dll
Event: 44.444 Loaded shared library C:\Program Files\Java\jdk-21.0.6\bin\verify.dll

Deoptimization events (20 events):
Event: 87.848 Thread 0x0000021a1fbb1480 Uncommon trap: trap_request=0xffffffc6 fr.pc=0x0000021a3171d128 relative=0x0000000000000348
Event: 87.848 Thread 0x0000021a1fbb1480 Uncommon trap: reason=bimorphic_or_optimized_type_check action=maybe_recompile pc=0x0000021a3171d128 method=java.util.concurrent.ConcurrentHashMap.get(Ljava/lang/Object;)Ljava/lang/Object; @ 149 c2
Event: 87.848 Thread 0x0000021a1fbb1480 DEOPT PACKING pc=0x0000021a3171d128 sp=0x000000e5bc3fd740
Event: 87.848 Thread 0x0000021a1fbb1480 DEOPT UNPACKING pc=0x0000021a31187da2 sp=0x000000e5bc3fd6b0 mode 2
Event: 87.859 Thread 0x0000021a1fbb1480 Uncommon trap: trap_request=0xffffffc6 fr.pc=0x0000021a3171d128 relative=0x0000000000000348
Event: 87.859 Thread 0x0000021a1fbb1480 Uncommon trap: reason=bimorphic_or_optimized_type_check action=maybe_recompile pc=0x0000021a3171d128 method=java.util.concurrent.ConcurrentHashMap.get(Ljava/lang/Object;)Ljava/lang/Object; @ 149 c2
Event: 87.859 Thread 0x0000021a1fbb1480 DEOPT PACKING pc=0x0000021a3171d128 sp=0x000000e5bc3fd740
Event: 87.859 Thread 0x0000021a1fbb1480 DEOPT UNPACKING pc=0x0000021a31187da2 sp=0x000000e5bc3fd6b0 mode 2
Event: 87.896 Thread 0x0000021a1fbb1480 Uncommon trap: trap_request=0xffffffc6 fr.pc=0x0000021a3171d128 relative=0x0000000000000348
Event: 87.896 Thread 0x0000021a1fbb1480 Uncommon trap: reason=bimorphic_or_optimized_type_check action=maybe_recompile pc=0x0000021a3171d128 method=java.util.concurrent.ConcurrentHashMap.get(Ljava/lang/Object;)Ljava/lang/Object; @ 149 c2
Event: 87.896 Thread 0x0000021a1fbb1480 DEOPT PACKING pc=0x0000021a3171d128 sp=0x000000e5bc3fd7f0
Event: 87.896 Thread 0x0000021a1fbb1480 DEOPT UNPACKING pc=0x0000021a31187da2 sp=0x000000e5bc3fd760 mode 2
Event: 88.497 Thread 0x0000021a1fbb1480 Uncommon trap: trap_request=0xffffffc6 fr.pc=0x0000021a3171d128 relative=0x0000000000000348
Event: 88.497 Thread 0x0000021a1fbb1480 Uncommon trap: reason=bimorphic_or_optimized_type_check action=maybe_recompile pc=0x0000021a3171d128 method=java.util.concurrent.ConcurrentHashMap.get(Ljava/lang/Object;)Ljava/lang/Object; @ 149 c2
Event: 88.497 Thread 0x0000021a1fbb1480 DEOPT PACKING pc=0x0000021a3171d128 sp=0x000000e5bc3fd740
Event: 88.497 Thread 0x0000021a1fbb1480 DEOPT UNPACKING pc=0x0000021a31187da2 sp=0x000000e5bc3fd6b0 mode 2
Event: 91.878 Thread 0x0000021a1fbb1480 Uncommon trap: trap_request=0xffffff45 fr.pc=0x0000021a31763a08 relative=0x0000000000000748
Event: 91.878 Thread 0x0000021a1fbb1480 Uncommon trap: reason=unstable_if action=reinterpret pc=0x0000021a31763a08 method=java.lang.String.<init>([CIILjava/lang/Void;)V @ 5 c2
Event: 91.878 Thread 0x0000021a1fbb1480 DEOPT PACKING pc=0x0000021a31763a08 sp=0x000000e5bc3fdf90
Event: 91.878 Thread 0x0000021a1fbb1480 DEOPT UNPACKING pc=0x0000021a31187da2 sp=0x000000e5bc3fde30 mode 2

Classes loaded (20 events):
Event: 75.839 Loading class java/lang/invoke/DirectMethodHandle$StaticAccessor
Event: 75.840 Loading class java/lang/invoke/DirectMethodHandle$StaticAccessor done
Event: 75.867 Loading class java/lang/reflect/ParameterizedType
Event: 75.867 Loading class java/lang/reflect/ParameterizedType done
Event: 75.873 Loading class java/lang/reflect/WildcardType
Event: 75.874 Loading class java/lang/reflect/WildcardType done
Event: 75.890 Loading class sun/reflect/generics/tree/TypeVariableSignature
Event: 75.890 Loading class sun/reflect/generics/tree/TypeVariableSignature done
Event: 77.606 Loading class java/lang/annotation/IncompleteAnnotationException
Event: 77.606 Loading class java/lang/annotation/IncompleteAnnotationException done
Event: 84.923 Loading class java/lang/foreign/MemorySegment
Event: 84.924 Loading class java/lang/foreign/MemorySegment done
Event: 86.730 Loading class sun/reflect/generics/reflectiveObjects/TypeVariableImpl
Event: 86.730 Loading class sun/reflect/generics/reflectiveObjects/LazyReflectiveObjectGenerator
Event: 86.730 Loading class sun/reflect/generics/reflectiveObjects/LazyReflectiveObjectGenerator done
Event: 86.730 Loading class sun/reflect/generics/reflectiveObjects/TypeVariableImpl done
Event: 86.731 Loading class sun/reflect/generics/reflectiveObjects/ParameterizedTypeImpl
Event: 86.732 Loading class sun/reflect/generics/reflectiveObjects/ParameterizedTypeImpl done
Event: 87.395 Loading class java/lang/ArrayIndexOutOfBoundsException
Event: 87.395 Loading class java/lang/ArrayIndexOutOfBoundsException done

Classes unloaded (0 events):
No events

Classes redefined (0 events):
No events

Internal exceptions (16 events):
Event: 14.488 Thread 0x0000021a1fbb1480 Exception <a 'java/lang/NoSuchMethodError'{0x00000007138215f0}: 'void java.lang.invoke.DirectMethodHandle$Holder.invokeStatic(java.lang.Object, java.lang.Object, java.lang.Object)'> (0x00000007138215f0) 
thrown [s\open\src\hotspot\share\interpreter\linkResolver.cpp, line 773]
Event: 15.498 Thread 0x0000021a1fbb1480 Exception <a 'java/lang/NoSuchMethodError'{0x0000000713838e10}: 'java.lang.Object java.lang.invoke.Invokers$Holder.invokeExact_MT(java.lang.Object, java.lang.Object, java.lang.Object, java.lang.Object, java.lang.Object)'> (0x0000000713838e10) 
thrown [s\open\src\hotspot\share\interpreter\linkResolver.cpp, line 773]
Event: 16.117 Thread 0x0000021a86170a60 Exception <a 'java/lang/NoSuchMethodError'{0x000000071395b6a8}: 'void java.lang.invoke.DirectMethodHandle$Holder.invokeStatic(java.lang.Object, java.lang.Object)'> (0x000000071395b6a8) 
thrown [s\open\src\hotspot\share\interpreter\linkResolver.cpp, line 773]
Event: 16.609 Thread 0x0000021a1fbb1480 Exception <a 'java/lang/NoSuchMethodError'{0x0000000713604cb8}: 'int java.lang.invoke.DirectMethodHandle$Holder.invokeSpecial(java.lang.Object, java.lang.Object, java.lang.Object)'> (0x0000000713604cb8) 
thrown [s\open\src\hotspot\share\interpreter\linkResolver.cpp, line 773]
Event: 41.615 Thread 0x0000021a1fbb1480 Exception <a 'java/lang/NullPointerException'{0x000000071348b098}> (0x000000071348b098) 
thrown [s\open\src\hotspot\share\interpreter\linkResolver.cpp, line 1372]
Event: 44.054 Thread 0x0000021a1fbb1480 Exception <a 'sun/nio/fs/WindowsException'{0x00000007134b8790}> (0x00000007134b8790) 
thrown [s\open\src\hotspot\share\prims\jni.cpp, line 520]
Event: 55.916 Thread 0x0000021a1fbb1480 Exception <a 'java/lang/NoSuchMethodError'{0x00000007135d0810}: 'void java.lang.invoke.DirectMethodHandle$Holder.invokeStaticInit(java.lang.Object, java.lang.Object)'> (0x00000007135d0810) 
thrown [s\open\src\hotspot\share\interpreter\linkResolver.cpp, line 773]
Event: 60.714 Thread 0x0000021a1fbb1480 Exception <a 'java/lang/NoSuchMethodError'{0x0000000713386668}: 'java.lang.Object java.lang.invoke.DirectMethodHandle$Holder.invokeSpecialIFC(java.lang.Object, java.lang.Object, java.lang.Object, java.lang.Object)'> (0x0000000713386668) 
thrown [s\open\src\hotspot\share\interpreter\linkResolver.cpp, line 773]
Event: 71.924 Thread 0x0000021a1fbb1480 Exception <a 'java/lang/NoSuchMethodError'{0x0000000712d3a758}: 'void java.lang.invoke.DirectMethodHandle$Holder.invokeSpecial(java.lang.Object, java.lang.Object, java.lang.Object)'> (0x0000000712d3a758) 
thrown [s\open\src\hotspot\share\interpreter\linkResolver.cpp, line 773]
Event: 73.695 Thread 0x0000021a1fbb1480 Exception <a 'java/lang/NoSuchMethodError'{0x0000000712a8f8d8}: 'java.lang.Object java.lang.invoke.DirectMethodHandle$Holder.invokeInterface(java.lang.Object, java.lang.Object)'> (0x0000000712a8f8d8) 
thrown [s\open\src\hotspot\share\interpreter\linkResolver.cpp, line 773]
Event: 74.265 Thread 0x0000021a1fbb1480 Exception <a 'java/lang/NoSuchMethodError'{0x0000000712b2ec50}: 'int java.lang.invoke.DirectMethodHandle$Holder.invokeStatic(java.lang.Object, java.lang.Object, java.lang.Object, java.lang.Object)'> (0x0000000712b2ec50) 
thrown [s\open\src\hotspot\share\interpreter\linkResolver.cpp, line 773]
Event: 74.266 Thread 0x0000021a1fbb1480 Exception <a 'java/lang/NoSuchMethodError'{0x0000000712b322e0}: 'java.lang.Object java.lang.invoke.Invokers$Holder.invokeExact_MT(java.lang.Object, java.lang.Object, java.lang.Object, java.lang.Object, java.lang.Object, java.lang.Object)'> (0x0000000712b322e0) 
thrown [s\open\src\hotspot\share\interpreter\linkResolver.cpp, line 773]
Event: 74.271 Thread 0x0000021a1fbb1480 Exception <a 'java/lang/NoSuchMethodError'{0x0000000712b40ae8}: 'int java.lang.invoke.DirectMethodHandle$Holder.invokeSpecialIFC(java.lang.Object, java.lang.Object, java.lang.Object, java.lang.Object, java.lang.Object)'> (0x0000000712b40ae8) 
thrown [s\open\src\hotspot\share\interpreter\linkResolver.cpp, line 773]
Event: 75.566 Thread 0x0000021a1fbb1480 Exception <a 'java/lang/NoSuchMethodError'{0x00000007128d5238}: 'java.lang.Object java.lang.invoke.DirectMethodHandle$Holder.newInvokeSpecial(java.lang.Object, java.lang.Object, java.lang.Object, java.lang.Object, java.lang.Object)'> (0x00000007128d5238) 
thrown [s\open\src\hotspot\share\interpreter\linkResolver.cpp, line 773]
Event: 77.596 Thread 0x0000021a1fbb1480 Exception <a 'java/lang/NoSuchMethodError'{0x00000007129d9900}: 'int java.lang.invoke.DirectMethodHandle$Holder.invokeStaticInit(java.lang.Object, java.lang.Object)'> (0x00000007129d9900) 
thrown [s\open\src\hotspot\share\interpreter\linkResolver.cpp, line 773]
Event: 77.607 Thread 0x0000021a1fbb1480 Exception <a 'java/lang/NoClassDefFoundError'{0x0000000712610820}: javax/enterprise/inject/Typed> (0x0000000712610820) 
thrown [s\open\src\hotspot\share\classfile\systemDictionary.cpp, line 301]

ZGC Phase Switch (0 events):
No events

VM Operations (20 events):
Event: 75.686 Executing VM operation: Cleanup done
Event: 76.693 Executing VM operation: Cleanup
Event: 77.606 Executing VM operation: Cleanup done
Event: 78.611 Executing VM operation: Cleanup
Event: 79.079 Executing VM operation: Cleanup done
Event: 79.177 Executing VM operation: G1CollectForAllocation (G1 Evacuation Pause)
Event: 84.921 Executing VM operation: G1CollectForAllocation (G1 Evacuation Pause) done
Event: 85.924 Executing VM operation: Cleanup
Event: 85.971 Executing VM operation: Cleanup done
Event: 86.975 Executing VM operation: Cleanup
Event: 87.368 Executing VM operation: Cleanup done
Event: 88.386 Executing VM operation: Cleanup
Event: 88.492 Executing VM operation: Cleanup done
Event: 89.496 Executing VM operation: Cleanup
Event: 90.119 Executing VM operation: Cleanup done
Event: 91.119 Executing VM operation: Cleanup
Event: 91.279 Executing VM operation: Cleanup done
Event: 92.284 Executing VM operation: Cleanup
Event: 92.284 Executing VM operation: Cleanup done
Event: 95.314 Executing VM operation: Cleanup

Events (20 events):
Event: 10.241 Thread 0x0000021a40d4d070 Thread added: 0x0000021a40d4d070
Event: 10.654 Thread 0x0000021a40d512e0 Thread added: 0x0000021a40d512e0
Event: 10.655 Thread 0x0000021a40d51d30 Thread added: 0x0000021a40d51d30
Event: 10.655 Thread 0x0000021a40d54ac0 Thread added: 0x0000021a40d54ac0
Event: 11.118 Thread 0x0000021a40d57560 Thread added: 0x0000021a40d57560
Event: 11.214 Thread 0x0000021a40d19d60 Thread added: 0x0000021a40d19d60
Event: 15.505 Thread 0x0000021a86170a60 Thread added: 0x0000021a86170a60
Event: 15.505 Thread 0x0000021a861710c0 Thread added: 0x0000021a861710c0
Event: 16.609 Thread 0x0000021a8619a3c0 Thread added: 0x0000021a8619a3c0
Event: 18.423 Thread 0x0000021a8619a3c0 Thread exited: 0x0000021a8619a3c0
Event: 41.625 Thread 0x0000021a40f40890 Thread added: 0x0000021a40f40890
Event: 44.064 Thread 0x0000021a40f40890 Thread exited: 0x0000021a40f40890
Event: 65.027 Thread 0x0000021a86a8f7c0 Thread added: 0x0000021a86a8f7c0
Event: 67.630 Thread 0x0000021a86a8f7c0 Thread exited: 0x0000021a86a8f7c0
Event: 77.682 Thread 0x0000021a86418810 Thread added: 0x0000021a86418810
Event: 79.100 Thread 0x0000021a865f8d90 Thread added: 0x0000021a865f8d90
Event: 85.472 Thread 0x0000021a865f8d90 Thread exited: 0x0000021a865f8d90
Event: 85.972 Thread 0x0000021a86418810 Thread exited: 0x0000021a86418810
Event: 86.048 Thread 0x0000021a862c4990 Thread added: 0x0000021a862c4990
Event: 86.724 Thread 0x0000021a862c4990 Thread exited: 0x0000021a862c4990


Dynamic libraries:
0x00007ff7e26f0000 - 0x00007ff7e2700000 	C:\Program Files\Java\jdk-21.0.6\bin\java.exe
0x00007ffbc1e40000 - 0x00007ffbc20a0000 	C:\WINDOWS\SYSTEM32\ntdll.dll
0x00007ffbc0980000 - 0x00007ffbc0a47000 	C:\WINDOWS\System32\KERNEL32.DLL
0x00007ffbbf020000 - 0x00007ffbbf3ea000 	C:\WINDOWS\System32\KERNELBASE.dll
0x00007ffbbf810000 - 0x00007ffbbf95b000 	C:\WINDOWS\System32\ucrtbase.dll
0x00007ffb815c0000 - 0x00007ffb815d9000 	C:\Program Files\Java\jdk-21.0.6\bin\jli.dll
0x00007ffbc0450000 - 0x00007ffbc0502000 	C:\WINDOWS\System32\ADVAPI32.dll
0x00007ffbc02c0000 - 0x00007ffbc0369000 	C:\WINDOWS\System32\msvcrt.dll
0x00007ffbbff10000 - 0x00007ffbbffb6000 	C:\WINDOWS\System32\sechost.dll
0x00007ffbc0860000 - 0x00007ffbc0976000 	C:\WINDOWS\System32\RPCRT4.dll
0x00007ffba5240000 - 0x00007ffba54d7000 	C:\WINDOWS\WinSxS\amd64_microsoft.windows.common-controls_6595b64144ccf1df_6.0.26100.3624_none_3e086962e3345f24\COMCTL32.dll
0x00007ffbbfc40000 - 0x00007ffbbfe0c000 	C:\WINDOWS\System32\USER32.dll
0x00007ffbbf3f0000 - 0x00007ffbbf417000 	C:\WINDOWS\System32\win32u.dll
0x00007ffbc18f0000 - 0x00007ffbc191a000 	C:\WINDOWS\System32\GDI32.dll
0x00007ffbbf620000 - 0x00007ffbbf751000 	C:\WINDOWS\System32\gdi32full.dll
0x00007ffbaee60000 - 0x00007ffbaee6b000 	C:\WINDOWS\SYSTEM32\VERSION.dll
0x00007ffbbf760000 - 0x00007ffbbf803000 	C:\WINDOWS\System32\msvcp_win.dll
0x00007ffba0ac0000 - 0x00007ffba0adb000 	C:\Program Files\Java\jdk-21.0.6\bin\VCRUNTIME140.dll
0x00007ffbc0820000 - 0x00007ffbc084f000 	C:\WINDOWS\System32\IMM32.DLL
0x00007ffbb0a50000 - 0x00007ffbb0a5c000 	C:\Program Files\Java\jdk-21.0.6\bin\vcruntime140_1.dll
0x00007ffb77ad0000 - 0x00007ffb77b5e000 	C:\Program Files\Java\jdk-21.0.6\bin\msvcp140.dll
0x00007ffb58f30000 - 0x00007ffb59c4a000 	C:\Program Files\Java\jdk-21.0.6\bin\server\jvm.dll
0x00007ffbc0b30000 - 0x00007ffbc0ba4000 	C:\WINDOWS\System32\WS2_32.dll
0x00007ffbbe6d0000 - 0x00007ffbbe72e000 	C:\WINDOWS\SYSTEM32\POWRPROF.dll
0x00007ffbb7340000 - 0x00007ffbb7376000 	C:\WINDOWS\SYSTEM32\WINMM.dll
0x00007ffbbe6b0000 - 0x00007ffbbe6c4000 	C:\WINDOWS\SYSTEM32\UMPDC.dll
0x00007ffbbdd90000 - 0x00007ffbbddaa000 	C:\WINDOWS\SYSTEM32\kernel.appcore.dll
0x00007ffba0c80000 - 0x00007ffba0c8a000 	C:\Program Files\Java\jdk-21.0.6\bin\jimage.dll
0x000000005fc40000 - 0x000000005fdd6000 	C:\Program Files\Microsoft SQL Server\110\Shared\DBGHELP.DLL
0x00007ffbb9d50000 - 0x00007ffbb9d5f000 	C:\Program Files\Java\jdk-21.0.6\bin\instrument.dll
0x00007ffb815a0000 - 0x00007ffb815bf000 	C:\Program Files\Java\jdk-21.0.6\bin\java.dll
0x00007ffbc1080000 - 0x00007ffbc17a9000 	C:\WINDOWS\System32\SHELL32.dll
0x00007ffbbf4b0000 - 0x00007ffbbf618000 	C:\WINDOWS\System32\wintypes.dll
0x00007ffbc1920000 - 0x00007ffbc1ca2000 	C:\WINDOWS\System32\combase.dll
0x00007ffbbcc80000 - 0x00007ffbbd4d2000 	C:\WINDOWS\SYSTEM32\windows.storage.dll
0x00007ffbc1800000 - 0x00007ffbc18ed000 	C:\WINDOWS\System32\SHCORE.dll
0x00007ffbc1cb0000 - 0x00007ffbc1d14000 	C:\WINDOWS\System32\shlwapi.dll
0x00007ffbbef30000 - 0x00007ffbbef5f000 	C:\WINDOWS\SYSTEM32\profapi.dll
0x00007ffb81440000 - 0x00007ffb81458000 	C:\Program Files\Java\jdk-21.0.6\bin\zip.dll
0x00007ffb6cb30000 - 0x00007ffb6cc07000 	C:\Program Files\Java\jdk-21.0.6\bin\jsvml.dll
0x00007ffb96630000 - 0x00007ffb96640000 	C:\Program Files\Java\jdk-21.0.6\bin\net.dll
0x00007ffbb9120000 - 0x00007ffbb923d000 	C:\WINDOWS\SYSTEM32\WINHTTP.dll
0x00007ffbbe2f0000 - 0x00007ffbbe35a000 	C:\WINDOWS\system32\mswsock.dll
0x00007ffb81530000 - 0x00007ffb81546000 	C:\Program Files\Java\jdk-21.0.6\bin\nio.dll
0x00007ffbb9990000 - 0x00007ffbb99aa000 	C:\Program Files\JetBrains\IntelliJ IDEA 2023.3.4\bin\breakgen64.dll
0x00007ffb8f2e0000 - 0x00007ffb8f2e9000 	C:\Program Files\Java\jdk-21.0.6\bin\extnet.dll
0x00007ffb79ce0000 - 0x00007ffb79d04000 	C:\Users\DELL\AppData\Local\Temp\jansi-2.4.1-194ce50bc656374c-jansi.dll
0x00007ffb81fe0000 - 0x00007ffb81ff0000 	C:\Program Files\Java\jdk-21.0.6\bin\verify.dll

dbghelp: loaded successfully - version: 4.0.5 - missing functions: none
symbol engine: initialized successfully - sym options: 0x614 - pdb path: .;C:\Program Files\Java\jdk-21.0.6\bin;C:\WINDOWS\SYSTEM32;C:\WINDOWS\WinSxS\amd64_microsoft.windows.common-controls_6595b64144ccf1df_6.0.26100.3624_none_3e086962e3345f24;C:\Program Files\Java\jdk-21.0.6\bin\server;C:\Program Files\Microsoft SQL Server\110\Shared;C:\Program Files\JetBrains\IntelliJ IDEA 2023.3.4\bin;C:\Users\DELL\AppData\Local\Temp

VM Arguments:
jvm_args: -Dmaven.multiModuleProjectDirectory=C:\Users\DELL\Desktop\angular Project\backEnd\carsAgence -Djansi.passthrough=true -Dmaven.home=C:\Users\DELL\.m2\wrapper\dists\apache-maven-3.9.9-bin\4nf9hui3q3djbarqar9g711ggc\apache-maven-3.9.9 -Dclassworlds.conf=C:\Users\DELL\.m2\wrapper\dists\apache-maven-3.9.9-bin\4nf9hui3q3djbarqar9g711ggc\apache-maven-3.9.9\bin\m2.conf -Dmaven.ext.class.path=C:\Program Files\JetBrains\IntelliJ IDEA 2023.3.4\plugins\maven\lib\maven-event-listener.jar -javaagent:C:\Program Files\JetBrains\IntelliJ IDEA 2023.3.4\lib\idea_rt.jar=52392:C:\Program Files\JetBrains\IntelliJ IDEA 2023.3.4\bin -Dfile.encoding=UTF-8 -Dsun.stdout.encoding=UTF-8 -Dsun.stderr.encoding=UTF-8 
java_command: org.codehaus.classworlds.Launcher -Didea.version=2023.3.4 clean install
java_class_path (initial): C:\Users\DELL\.m2\wrapper\dists\apache-maven-3.9.9-bin\4nf9hui3q3djbarqar9g711ggc\apache-maven-3.9.9\boot\plexus-classworlds-2.8.0.jar;C:\Users\DELL\.m2\wrapper\dists\apache-maven-3.9.9-bin\4nf9hui3q3djbarqar9g711ggc\apache-maven-3.9.9\boot\plexus-classworlds.license
Launcher Type: SUN_STANDARD

[Global flags]
     intx CICompilerCount                          = 4                                         {product} {ergonomic}
     uint ConcGCThreads                            = 2                                         {product} {ergonomic}
     uint G1ConcRefinementThreads                  = 8                                         {product} {ergonomic}
   size_t G1HeapRegionSize                         = 2097152                                   {product} {ergonomic}
    uintx GCDrainStackTargetSize                   = 64                                        {product} {ergonomic}
   size_t InitialHeapSize                          = 264241152                                 {product} {ergonomic}
   size_t MarkStackSize                            = 4194304                                   {product} {ergonomic}
   size_t MaxHeapSize                              = 4227858432                                {product} {ergonomic}
   size_t MaxNewSize                               = 2535456768                                {product} {ergonomic}
   size_t MinHeapDeltaBytes                        = 2097152                                   {product} {ergonomic}
   size_t MinHeapSize                              = 8388608                                   {product} {ergonomic}
    uintx NonNMethodCodeHeapSize                   = 5839372                                {pd product} {ergonomic}
    uintx NonProfiledCodeHeapSize                  = 122909434                              {pd product} {ergonomic}
    uintx ProfiledCodeHeapSize                     = 122909434                              {pd product} {ergonomic}
    uintx ReservedCodeCacheSize                    = 251658240                              {pd product} {ergonomic}
     bool SegmentedCodeCache                       = true                                      {product} {ergonomic}
   size_t SoftMaxHeapSize                          = 4227858432                             {manageable} {ergonomic}
     bool UseCompressedOops                        = true                           {product lp64_product} {ergonomic}
     bool UseG1GC                                  = true                                      {product} {ergonomic}
     bool UseLargePagesIndividualAllocation        = false                                  {pd product} {ergonomic}

Logging:
Log output configuration:
 #0: stdout all=warning uptime,level,tags foldmultilines=false
 #1: stderr all=off uptime,level,tags foldmultilines=false

Environment Variables:
PATH=C:\PySchool\3.10-32-bit\Scripts;C:\PySchool\3.10-32-bit;C:\oraclexe\app\oracle\product\11.2.0\server\bin;C:\Program Files (x86)\VMware\VMware Workstation\bin\;C:\Program Files\Common Files\Siemens\Automation\Simatic OAM\bin;C:\WINDOWS\system32;C:\WINDOWS;C:\WINDOWS\System32\Wbem;C:\WINDOWS\System32\WindowsPowerShell\v1.0\;C:\WINDOWS\System32\OpenSSH\;C:\Program Files (x86)\Microchip\MPLAB C32 Suite\bin;c:\Program Files (x86)\Microsoft SQL Server\100\Tools\Binn\;c:\Program Files\Microsoft SQL Server\100\Tools\Binn\;c:\Program Files\Microsoft SQL Server\100\DTS\Binn\;C:\Users\DELL\AppData\Local\Programs\Python\Python311;C:\Users\DELL\AppData\Local\Programs\Python\Python311\Scripts;C:\wamp64\bin\php\php8.2.0;C:\wamp64\bin;C:\Program Files\Git\cmd;C:\Program Files\dotnet\;C:\Program Files\Docker\Docker\resources\bin;C:\Users\DELL\AppData\Local\nvm;C:\nvm4w\nodejs;C:\Program Files\Microsoft SQL Server\150\Tools\Binn\;C:\Program Files\Microsoft SQL Server\Client SDK\ODBC\170\Tools\Binn\;C:\Program Files (x86)\Windows Kits\10\Windows Performance Toolkit\;C:\Program Files\Microsoft SQL Server\110\DTS\Binn\;C:\Program Files (x86)\Microsoft SQL Server\110\Tools\Binn\;C:\Program Files\Microsoft SQL Server\110\Tools\Binn\;C:\Program Files (x86)\Microsoft SQL Server\110\Tools\Binn\ManagementStudio\;C:\Program Files (x86)\Microsoft Visual Studio 10.0\Common7\IDE\PrivateAssemblies\;C:\Program Files (x86)\Microsoft SQL Server\110\DTS\Binn\;C:\Program Files\Java\jdk-21.0.6\bin;C:\Users\DELL\scoop\shims;C:\Users\DELL\AppData\Local\Microsoft\WindowsApps;C:\phpm\php-8.2.3 (1);C:\Program Files\JetBrains\PhpStorm 2023.1\bin;;C:\wamp64\bin;C:\Users\DELL\AppData\Local\Programs\Microsoft VS Code\bin;C:\Users\DELL\AppData\Roaming\npm;C:\Users\DELL\AppData\Local\nvm;C:\nvm4w\nodejs;C:\Users\DELL\.dotnet\tools;C:\Users\DELL\AppData\Local\Programs\cursor\resources\app\bin
USERNAME=DELL
OS=Windows_NT
PROCESSOR_IDENTIFIER=Intel64 Family 6 Model 140 Stepping 1, GenuineIntel
TMP=C:\Users\DELL\AppData\Local\Temp
TEMP=C:\Users\DELL\AppData\Local\Temp




Periodic native trim disabled

---------------  S Y S T E M  ---------------

OS:
 Windows 11 , 64 bit Build 26100 (10.0.26100.3775)
OS uptime: 1 days 17:54 hours
Hyper-V role detected

CPU: total 8 (initial active 8) (4 cores per cpu, 2 threads per core) family 6 model 140 stepping 1 microcode 0xba, cx8, cmov, fxsr, ht, mmx, 3dnowpref, sse, sse2, sse3, ssse3, sse4.1, sse4.2, popcnt, lzcnt, tsc, tscinvbit, avx, avx2, aes, erms, clmul, bmi1, bmi2, adx, avx512f, avx512dq, avx512cd, avx512bw, avx512vl, sha, fma, vzeroupper, avx512_vpopcntdq, avx512_vpclmulqdq, avx512_vaes, avx512_vnni, clflush, clflushopt, clwb, avx512_vbmi2, avx512_vbmi, hv, rdtscp, rdpid, fsrm, gfni, avx512_bitalg, f16c, cet_ibt, cet_ss, avx512_ifma
Processor Information for all 8 processors :
  Max Mhz: 2419, Current Mhz: 2419, Mhz Limit: 2419

Memory: 4k page, system-wide physical 16126M (3380M free)
TotalPageFile size 60432M (AvailPageFile size 13106M)
current process WorkingSet (physical memory assigned to process): 64M, peak: 78M
current process commit charge ("private bytes"): 349M, peak: 361M

vm_info: Java HotSpot(TM) 64-Bit Server VM (21.0.6+8-LTS-188) for windows-amd64 JRE (21.0.6+8-LTS-188), built on 2024-12-03T10:50:54Z by "mach5one" with MS VC++ 17.6 (VS2022)

END.
