#
# There is insufficient memory for the Java Runtime Environment to continue.
# Native memory allocation (mmap) failed to map 65536 bytes for Failed to commit metaspace.
# Possible reasons:
#   The system is out of physical RAM or swap space
#   The process is running with CompressedOops enabled, and the Java Heap may be blocking the growth of the native heap
# Possible solutions:
#   Reduce memory load on the system
#   Increase physical memory or swap space
#   Check if swap backing store is full
#   Decrease Java heap size (-Xmx/-Xms)
#
#  Out of Memory Error, pid=2300811th Gen Intel(R) Core(TM) i5-1135G7 @ 2.40GHz, 8 cores, 15G,  Windows 11 , 64 bit Build 26100 (10.0.26100.3775)
Time: Tue Apr 22 17:31:52 2025 Afr. centrale Ouest elapsed time: 112.061107 seconds (0d 0h 1m 52s)

---------------  T H R E A D  ---------------

Current thread (0x0000019efe224420):  JavaThread "main"             [_thread_in_vm, id=14596, stack(0x0000005e05000000,0x0000005e05100000) (1024K)]

Stack: [0x0000005e05000000,0x0000005e05100000]
Native frames: (J=compiled Java code, j=interpreted, Vv=VM code, C=native code)
V  [jvm.dll+0x6ca6d9]
V  [jvm.dll+0x854f51]
V  [jvm.dll+0x85747e]
V  [jvm.dll+0x857b53]
V  [jvm.dll+0x27dcc6]
V  [jvm.dll+0x850b6e]
V  [jvm.dll+0x66e3e5]
V  [jvm.dll+0x1e3f1c]
V  [jvm.dll+0x1e3cee]
V  [jvm.dll+0x670d13]
V  [jvm.dll+0x670b32]
V  [jvm.dll+0x66edbe]
V  [jvm.dll+0x3bd36f]
V  [jvm.dll+0x20ce5b]
V  [jvm.dll+0x5ad316]
V  [jvm.dll+0x7cf136]
V  [jvm.dll+0x470c46]
V  [jvm.dll+0x476ac8]
C  [java.dll+0x17ec]

Java frames: (J=compiled Java code, j=interpreted, Vv=VM code)
J 705  java.lang.ClassLoader.defineClass1(Ljava/lang/ClassLoader;Ljava/lang/String;[BIILjava/security/ProtectionDomain;Ljava/lang/String;)Ljava/lang/Class; java.base@21.0.6 (0 bytes) @ 0x0000019e8fecc291 [0x0000019e8fecc1c0+0x00000000000000d1]
J 971 c1 java.lang.ClassLoader.defineClass(Ljava/lang/String;[BIILjava/security/ProtectionDomain;)Ljava/lang/Class; java.base@21.0.6 (43 bytes) @ 0x0000019e8857a38c [0x0000019e8857a020+0x000000000000036c]
J 988 c1 java.security.SecureClassLoader.defineClass(Ljava/lang/String;[BIILjava/security/CodeSource;)Ljava/lang/Class; java.base@21.0.6 (16 bytes) @ 0x0000019e88581e9c [0x0000019e88581dc0+0x00000000000000dc]
J 916 c1 java.net.URLClassLoader.defineClass(Ljava/lang/String;Ljdk/internal/loader/Resource;)Ljava/lang/Class; java.base@21.0.6 (224 bytes) @ 0x0000019e88545b04 [0x0000019e885447c0+0x0000000000001344]
J 985 c1 java.net.URLClassLoader$1.run()Ljava/lang/Class; java.base@21.0.6 (81 bytes) @ 0x0000019e8858006c [0x0000019e8857f3e0+0x0000000000000c8c]
J 984 c1 java.net.URLClassLoader$1.run()Ljava/lang/Object; java.base@21.0.6 (5 bytes) @ 0x0000019e8857ee54 [0x0000019e8857edc0+0x0000000000000094]
J 732 c1 java.security.AccessController.doPrivileged(Ljava/security/PrivilegedExceptionAction;Ljava/security/AccessControlContext;)Ljava/lang/Object; java.base@21.0.6 (26 bytes) @ 0x0000019e884d9594 [0x0000019e884d93a0+0x00000000000001f4]
J 982 c1 java.net.URLClassLoader.findClass(Ljava/lang/String;)Ljava/lang/Class; java.base@21.0.6 (47 bytes) @ 0x0000019e8857d4d4 [0x0000019e8857d320+0x00000000000001b4]
J 915 c1 org.codehaus.plexus.classworlds.realm.ClassRealm.loadClassFromSelf(Ljava/lang/String;)Ljava/lang/Class; (40 bytes) @ 0x0000019e88543e3c [0x0000019e88543aa0+0x000000000000039c]
J 1038 c1 org.codehaus.plexus.classworlds.strategy.SelfFirstStrategy.loadClass(Ljava/lang/String;)Ljava/lang/Class; (50 bytes) @ 0x0000019e8859c72c [0x0000019e8859c340+0x00000000000003ec]
J 748 c1 org.codehaus.plexus.classworlds.realm.ClassRealm.loadClass(Ljava/lang/String;Z)Ljava/lang/Class; (33 bytes) @ 0x0000019e884e15e4 [0x0000019e884e1460+0x0000000000000184]
J 747 c1 org.codehaus.plexus.classworlds.realm.ClassRealm.loadClass(Ljava/lang/String;)Ljava/lang/Class; (7 bytes) @ 0x0000019e884e10c4 [0x0000019e884e0fc0+0x0000000000000104]
v  ~StubRoutines::call_stub 0x0000019e8f8f10e7
J 705  java.lang.ClassLoader.defineClass1(Ljava/lang/ClassLoader;Ljava/lang/String;[BIILjava/security/ProtectionDomain;Ljava/lang/String;)Ljava/lang/Class; java.base@21.0.6 (0 bytes) @ 0x0000019e8fecc291 [0x0000019e8fecc1c0+0x00000000000000d1]
J 971 c1 java.lang.ClassLoader.defineClass(Ljava/lang/String;[BIILjava/security/ProtectionDomain;)Ljava/lang/Class; java.base@21.0.6 (43 bytes) @ 0x0000019e8857a38c [0x0000019e8857a020+0x000000000000036c]
J 988 c1 java.security.SecureClassLoader.defineClass(Ljava/lang/String;[BIILjava/security/CodeSource;)Ljava/lang/Class; java.base@21.0.6 (16 bytes) @ 0x0000019e88581e9c [0x0000019e88581dc0+0x00000000000000dc]
J 916 c1 java.net.URLClassLoader.defineClass(Ljava/lang/String;Ljdk/internal/loader/Resource;)Ljava/lang/Class; java.base@21.0.6 (224 bytes) @ 0x0000019e88545b04 [0x0000019e885447c0+0x0000000000001344]
J 985 c1 java.net.URLClassLoader$1.run()Ljava/lang/Class; java.base@21.0.6 (81 bytes) @ 0x0000019e8858006c [0x0000019e8857f3e0+0x0000000000000c8c]
J 984 c1 java.net.URLClassLoader$1.run()Ljava/lang/Object; java.base@21.0.6 (5 bytes) @ 0x0000019e8857ee54 [0x0000019e8857edc0+0x0000000000000094]
J 732 c1 java.security.AccessController.doPrivileged(Ljava/security/PrivilegedExceptionAction;Ljava/security/AccessControlContext;)Ljava/lang/Object; java.base@21.0.6 (26 bytes) @ 0x0000019e884d9594 [0x0000019e884d93a0+0x00000000000001f4]
J 982 c1 java.net.URLClassLoader.findClass(Ljava/lang/String;)Ljava/lang/Class; java.base@21.0.6 (47 bytes) @ 0x0000019e8857d4d4 [0x0000019e8857d320+0x00000000000001b4]
J 915 c1 org.codehaus.plexus.classworlds.realm.ClassRealm.loadClassFromSelf(Ljava/lang/String;)Ljava/lang/Class; (40 bytes) @ 0x0000019e88543e3c [0x0000019e88543aa0+0x000000000000039c]
J 1038 c1 org.codehaus.plexus.classworlds.strategy.SelfFirstStrategy.loadClass(Ljava/lang/String;)Ljava/lang/Class; (50 bytes) @ 0x0000019e8859c72c [0x0000019e8859c340+0x00000000000003ec]
J 748 c1 org.codehaus.plexus.classworlds.realm.ClassRealm.loadClass(Ljava/lang/String;Z)Ljava/lang/Class; (33 bytes) @ 0x0000019e884e15e4 [0x0000019e884e1460+0x0000000000000184]
J 747 c1 org.codehaus.plexus.classworlds.realm.ClassRealm.loadClass(Ljava/lang/String;)Ljava/lang/Class; (7 bytes) @ 0x0000019e884e10c4 [0x0000019e884e0fc0+0x0000000000000104]
v  ~StubRoutines::call_stub 0x0000019e8f8f10e7
j  com.google.common.collect.AbstractMapBasedMultimap.wrapList(Ljava/lang/Object;Ljava/util/List;Lcom/google/common/collect/AbstractMapBasedMultimap$WrappedCollection;)Ljava/util/List;+7
j  com.google.common.collect.AbstractListMultimap.wrapCollection(Ljava/lang/Object;Ljava/util/Collection;)Ljava/util/Collection;+7
j  com.google.common.collect.AbstractMapBasedMultimap.get(Ljava/lang/Object;)Ljava/util/Collection;+27
j  com.google.common.collect.AbstractListMultimap.get(Ljava/lang/Object;)Ljava/util/List;+2
j  com.google.common.collect.ArrayListMultimap.get(Ljava/lang/Object;)Ljava/util/List;+2
j  com.google.inject.internal.InjectorImpl.findBindingsByType(Lcom/google/inject/TypeLiteral;)Ljava/util/List;+16
j  org.eclipse.sisu.inject.InjectorBindings.publishExactMatches(Lcom/google/inject/TypeLiteral;Lorg/eclipse/sisu/inject/BindingSubscriber;)V+5
j  org.eclipse.sisu.inject.InjectorBindings.subscribe(Lorg/eclipse/sisu/inject/BindingSubscriber;)V+21
j  org.eclipse.sisu.inject.RankedBindings$Itr.hasNext()Z+58
j  org.eclipse.sisu.inject.LocatedBeans$Itr.hasNext()Z+14
j  org.eclipse.sisu.plexus.RealmFilteredBeans$FilteredItr.hasNext()Z+14
j  org.eclipse.sisu.plexus.RealmFilteredBeans$FilteredItr.next()Lorg/eclipse/sisu/BeanEntry;+1
j  org.eclipse.sisu.plexus.RealmFilteredBeans$FilteredItr.next()Ljava/lang/Object;+1
j  org.eclipse.sisu.plexus.DefaultPlexusBeans$Itr.next()Lorg/eclipse/sisu/plexus/PlexusBean;+8
j  org.eclipse.sisu.plexus.DefaultPlexusBeans$Itr.next()Ljava/lang/Object;+1
j  org.codehaus.plexus.DefaultPlexusContainer.lookup(Ljava/lang/Class;Ljava/lang/String;Ljava/lang/String;)Ljava/lang/Object;+19
j  org.codehaus.plexus.DefaultPlexusContainer.lookup(Ljava/lang/Class;Ljava/lang/String;)Ljava/lang/Object;+4
j  org.codehaus.plexus.DefaultPlexusContainer.lookup(Ljava/lang/Class;)Ljava/lang/Object;+4
j  org.apache.maven.cli.MavenCli.container(Lorg/apache/maven/cli/CliRequest;)Lorg/codehaus/plexus/PlexusContainer;+415
j  org.apache.maven.cli.MavenCli.doMain(Lorg/apache/maven/cli/CliRequest;)I+34
j  org.apache.maven.cli.MavenCli.main([Ljava/lang/String;Lorg/codehaus/plexus/classworlds/ClassWorld;)I+24
j  java.lang.invoke.DirectMethodHandle$Holder.invokeStatic(Ljava/lang/Object;Ljava/lang/Object;Ljava/lang/Object;)I+11 java.base@21.0.6
j  java.lang.invoke.LambdaForm$MH+0x0000019ea100c000.invoke(Ljava/lang/Object;Ljava/lang/Object;Ljava/lang/Object;Ljava/lang/Object;)Ljava/lang/Object;+54 java.base@21.0.6
j  java.lang.invoke.LambdaForm$MH+0x0000019ea1002800.invokeExact_MT(Ljava/lang/Object;Ljava/lang/Object;Ljava/lang/Object;Ljava/lang/Object;Ljava/lang/Object;)Ljava/lang/Object;+22 java.base@21.0.6
j  jdk.internal.reflect.DirectMethodHandleAccessor.invokeImpl(Ljava/lang/Object;[Ljava/lang/Object;)Ljava/lang/Object;+72 java.base@21.0.6
j  jdk.internal.reflect.DirectMethodHandleAccessor.invoke(Ljava/lang/Object;[Ljava/lang/Object;)Ljava/lang/Object;+23 java.base@21.0.6
j  java.lang.reflect.Method.invoke(Ljava/lang/Object;[Ljava/lang/Object;)Ljava/lang/Object;+102 java.base@21.0.6
j  org.codehaus.plexus.classworlds.launcher.Launcher.launchEnhanced([Ljava/lang/String;)V+45
j  org.codehaus.plexus.classworlds.launcher.Launcher.launch([Ljava/lang/String;)V+2
j  org.codehaus.plexus.classworlds.launcher.Launcher.mainWithExitCode([Ljava/lang/String;)I+108
j  org.codehaus.plexus.classworlds.launcher.Launcher.main([Ljava/lang/String;)V+1
j  org.codehaus.classworlds.Launcher.main([Ljava/lang/String;)V+1
v  ~StubRoutines::call_stub 0x0000019e8f8f10e7

Compiled method (n/a)  112081  705     n 0       java.lang.ClassLoader::defineClass1 (native)
 total in heap  [0x0000019e8fecc010,0x0000019e8fecc770] = 1888
 relocation     [0x0000019e8fecc170,0x0000019e8fecc1b0] = 64
 main code      [0x0000019e8fecc1c0,0x0000019e8fecc76f] = 1455
 stub code      [0x0000019e8fecc76f,0x0000019e8fecc770] = 1

[Constant Pool (empty)]

[MachCode]
[Entry Point]
  # {method} {0x0000019ea043ac80} 'defineClass1' '(Ljava/lang/ClassLoader;Ljava/lang/String;[BIILjava/security/ProtectionDomain;Ljava/lang/String;)Ljava/lang/Class;' in 'java/lang/ClassLoader'
  # parm0:    rdx:rdx   = 'java/lang/ClassLoader'
  # parm1:    r8:r8     = 'java/lang/String'
  # parm2:    r9:r9     = '[B'
  # parm3:    rdi       = int
  # parm4:    rsi       = int
  # parm5:    rcx:rcx   = 'java/security/ProtectionDomain'
  # parm6:    [sp+0xa0]   = 'java/lang/String'  (sp of caller)
  0x0000019e8fecc1c0: 448b 5208 | 49bb 0000 | 00a0 9e01 | 0000 4d03 | d349 3bc2 | 0f84 0600 

  0x0000019e8fecc1d8: ;   {runtime_call ic_miss_stub}
  0x0000019e8fecc1d8: 0000 e9a1 | 27a7 ff90 
[Verified Entry Point]
  0x0000019e8fecc1e0: 8984 2400 | 80ff ff55 | 488b ec48 | 81ec 9000 | 0000 6690 | 4181 7f20 | 0100 0000 

  0x0000019e8fecc1fc: ;   {runtime_call StubRoutines (final stubs)}
  0x0000019e8fecc1fc: 7405 e87d | 9ba5 ff48 | 837d 1000 | 488d 4510 | 480f 4445 | 1048 8944 | 2440 4889 | 4c24 7048 
  0x0000019e8fecc21c: 83f9 0048 | 8d44 2470 | 480f 4444 | 2470 4889 | 4424 3848 | 8974 2430 | 4889 7c24 | 284c 894c 
  0x0000019e8fecc23c: 2458 4983 | f900 488d | 4424 5848 | 0f44 4424 | 5848 8944 | 2420 4c89 | 4424 5049 | 83f8 004c 
  0x0000019e8fecc25c: 8d4c 2450 | 4c0f 444c | 2450 4889 | 5424 4848 | 83fa 004c | 8d44 2448 | 4c0f 4444 

  0x0000019e8fecc278: ;   {oop(a 'java/lang/Class'{0x0000000704055eb0} = 'java/lang/ClassLoader')}
  0x0000019e8fecc278: 2448 49be | b05e 0504 | 0700 0000 | 4c89 7424 | 784c 8d74 | 2478 498b | d6c5 f877 

  0x0000019e8fecc294: ;   {internal_word}
  0x0000019e8fecc294: 49ba 91c2 | ec8f 9e01 | 0000 4d89 | 97a0 0300 | 0049 89a7 | 9803 0000 

  0x0000019e8fecc2ac: ;   {external_word}
  0x0000019e8fecc2ac: 49ba e057 | b559 fb7f | 0000 4180 | 3a00 0f84 | 4e00 0000 | 5241 5041 

  0x0000019e8fecc2c4: ;   {metadata({method} {0x0000019ea043ac80} 'defineClass1' '(Ljava/lang/ClassLoader;Ljava/lang/String;[BIILjava/security/ProtectionDomain;Ljava/lang/String;)Ljava/lang/Class;' in 'java/lang/ClassLoader')}
  0x0000019e8fecc2c4: 5148 ba78 | ac43 a09e | 0100 0049 | 8bcf 4883 | ec20 40f6 | c40f 0f84 | 1900 0000 | 4883 ec08 
  0x0000019e8fecc2e4: ;   {runtime_call}
  0x0000019e8fecc2e4: 48b8 8005 | 6659 fb7f | 0000 ffd0 | 4883 c408 | e90c 0000 

  0x0000019e8fecc2f8: ;   {runtime_call}
  0x0000019e8fecc2f8: 0048 b880 | 0566 59fb | 7f00 00ff | d048 83c4 | 2041 5941 | 585a 498d | 8fb8 0300 | 0041 c787 
  0x0000019e8fecc318: 4404 0000 | 0400 0000 

  0x0000019e8fecc320: ;   {runtime_call}
  0x0000019e8fecc320: 48b8 ac16 | 5a81 fb7f | 0000 ffd0 | c5f8 7741 | c787 4404 | 0000 0500 | 0000 f083 | 4424 c000 
  0x0000019e8fecc340: 493b af48 | 0400 000f | 870e 0000 | 0041 83bf | 4004 0000 | 000f 842b | 0000 00c5 | f877 4889 
  0x0000019e8fecc360: 45f8 498b | cf4c 8be4 | 4883 ec20 | 4883 e4f0 

  0x0000019e8fecc370: ;   {runtime_call}
  0x0000019e8fecc370: 48b8 f0b2 | 3159 fb7f | 0000 ffd0 | 498b e44d | 33e4 488b | 45f8 41c7 | 8744 0400 | 0008 0000 
  0x0000019e8fecc390: 0041 83bf | c004 0000 | 020f 84a3 

  0x0000019e8fecc39c: ;   {external_word}
  0x0000019e8fecc39c: 0300 0049 | bae0 57b5 | 59fb 7f00 | 0041 803a | 000f 844c | 0000 0048 

  0x0000019e8fecc3b4: ;   {metadata({method} {0x0000019ea043ac80} 'defineClass1' '(Ljava/lang/ClassLoader;Ljava/lang/String;[BIILjava/security/ProtectionDomain;Ljava/lang/String;)Ljava/lang/Class;' in 'java/lang/ClassLoader')}
  0x0000019e8fecc3b4: 8945 f848 | ba78 ac43 | a09e 0100 | 0049 8bcf | 4883 ec20 | 40f6 c40f | 0f84 1900 | 0000 4883 
  0x0000019e8fecc3d4: ;   {runtime_call}
  0x0000019e8fecc3d4: ec08 48b8 | 8005 6659 | fb7f 0000 | ffd0 4883 | c408 e90c 

  0x0000019e8fecc3e8: ;   {runtime_call}
  0x0000019e8fecc3e8: 0000 0048 | b880 0566 | 59fb 7f00 | 00ff d048 | 83c4 2048 | 8b45 f849 | c787 9803 | 0000 0000 
  0x0000019e8fecc408: 0000 49c7 | 87a0 0300 | 0000 0000 | 00c5 f877 | 4885 c00f | 84fe 0200 | 00a8 030f | 8508 0000 
  0x0000019e8fecc428: 0048 8b00 | e9ee 0200 | 00a8 010f | 8509 0000 | 0048 8b40 | fee9 dd02 | 0000 488b | 40ff 4180 
  0x0000019e8fecc448: 7f40 000f | 84ce 0200 | 0048 83f8 | 000f 84c4 | 0200 0049 | 8b4f 2848 | 83f9 000f | 8414 0000 
  0x0000019e8fecc468: 0048 83e9 | 0849 894f | 2849 034f | 3848 8901 | e9a2 0200 | 0048 81ec | 5001 0000 | 4889 0424 
  0x0000019e8fecc488: 4889 4c24 | 0848 8954 | 2410 4889 | 7424 1848 | 897c 2420 | 4c89 4424 | 284c 894c | 2430 4c89 
  0x0000019e8fecc4a8: 5424 384c | 895c 2440 | c5fb 1144 | 2450 c5fb | 114c 2458 | c5fb 1154 | 2460 c5fb | 115c 2468 
  0x0000019e8fecc4c8: c5fb 1164 | 2470 c5fb | 116c 2478 | c5fb 11b4 | 2480 0000 | 00c5 fb11 | bc24 8800 | 0000 c57b 
  0x0000019e8fecc4e8: ;   {no_reloc}
  0x0000019e8fecc4e8: 1184 2490 | 0000 00c5 | 7b11 8c24 | 9800 0000 | c57b 1194 | 24a0 0000 | 00c5 7b11 | 9c24 a800 
  0x0000019e8fecc508: 0000 c57b | 11a4 24b0 | 0000 00c5 | 7b11 ac24 | b800 0000 | c57b 11b4 | 24c0 0000 | 00c5 7b11 
  0x0000019e8fecc528: bc24 c800 | 0000 62e1 | ff08 1144 | 241a 62e1 | ff08 114c | 241b 62e1 | ff08 1154 | 241c 62e1 
  0x0000019e8fecc548: ff08 115c | 241d 62e1 | ff08 1164 | 241e 62e1 | ff08 116c | 241f 62e1 | ff08 1174 | 2420 62e1 
  0x0000019e8fecc568: ff08 117c | 2421 6261 | ff08 1144 | 2422 6261 | ff08 114c | 2423 6261 | ff08 1154 | 2424 6261 
  0x0000019e8fecc588: ff08 115c | 2425 6261 | ff08 1164 | 2426 6261 | ff08 116c | 2427 6261 | ff08 1174 | 2428 6261 
  0x0000019e8fecc5a8: ff08 117c | 2429 498b | d748 8bc8 | 4883 ec20 | 40f6 c40f | 0f84 1900 | 0000 4883 

  0x0000019e8fecc5c4: ;   {runtime_call}
  0x0000019e8fecc5c4: ec08 48b8 | 90f1 2459 | fb7f 0000 | ffd0 4883 | c408 e90c 

  0x0000019e8fecc5d8: ;   {runtime_call}
  0x0000019e8fecc5d8: 0000 0048 | b890 f124 | 59fb 7f00 | 00ff d048 | 83c4 2062 | 61ff 0810 | 7c24 2962 | 61ff 0810 
  0x0000019e8fecc5f8: 7424 2862 | 61ff 0810 | 6c24 2762 | 61ff 0810 | 6424 2662 | 61ff 0810 | 5c24 2562 | 61ff 0810 
  0x0000019e8fecc618: 5424 2462 | 61ff 0810 | 4c24 2362 | 61ff 0810 | 4424 2262 | e1ff 0810 | 7c24 2162 | e1ff 0810 
  0x0000019e8fecc638: 7424 2062 | e1ff 0810 | 6c24 1f62 | e1ff 0810 | 6424 1e62 | e1ff 0810 | 5c24 1d62 | e1ff 0810 
  0x0000019e8fecc658: 5424 1c62 | e1ff 0810 | 4c24 1b62 | e1ff 0810 | 4424 1ac5 | 7b10 bc24 | c800 0000 | c57b 10b4 
  0x0000019e8fecc678: 24c0 0000 | 00c5 7b10 | ac24 b800 | 0000 c57b | 10a4 24b0 | 0000 00c5 | 7b10 9c24 | a800 0000 
  0x0000019e8fecc698: c57b 1094 | 24a0 0000 | 00c5 7b10 | 8c24 9800 | 0000 c57b | 1084 2490 | 0000 00c5 | fb10 bc24 
  0x0000019e8fecc6b8: 8800 0000 | c5fb 10b4 | 2480 0000 | 00c5 fb10 | 6c24 78c5 | fb10 6424 | 70c5 fb10 | 5c24 68c5 
  0x0000019e8fecc6d8: ;   {no_reloc}
  0x0000019e8fecc6d8: fb10 5424 | 60c5 fb10 | 4c24 58c5 | fb10 4424 | 504c 8b5c | 2440 4c8b | 5424 384c | 8b4c 2430 
  0x0000019e8fecc6f8: 4c8b 4424 | 2848 8b7c | 2420 488b | 7424 1848 | 8b54 2410 | 488b 4c24 | 0848 8b04 | 2448 81c4 
  0x0000019e8fecc718: 5001 0000 | c5f8 7749 | 8b8f 2804 | 0000 c781 | 0001 0000 | 0000 0000 | c949 837f | 0800 0f85 
  0x0000019e8fecc738: 0100 0000 

  0x0000019e8fecc73c: ;   {runtime_call StubRoutines (initial stubs)}
  0x0000019e8fecc73c: c3e9 be47 | a2ff c5f8 | 7748 8945 | f84c 8be4 | 4883 ec20 | 4883 e4f0 

  0x0000019e8fecc754: ;   {runtime_call}
  0x0000019e8fecc754: 48b8 703d | 6659 fb7f | 0000 ffd0 | 498b e44d | 33e4 488b | 45f8 e930 | fcff fff4 
[/MachCode]


Compiled method (c1)  112104  971       3       java.lang.ClassLoader::defineClass (43 bytes)
 total in heap  [0x0000019e88579e10,0x0000019e8857a778] = 2408
 relocation     [0x0000019e88579f70,0x0000019e8857a010] = 160
 main code      [0x0000019e8857a020,0x0000019e8857a4d0] = 1200
 stub code      [0x0000019e8857a4d0,0x0000019e8857a548] = 120
 metadata       [0x0000019e8857a548,0x0000019e8857a578] = 48
 scopes data    [0x0000019e8857a578,0x0000019e8857a668] = 240
 scopes pcs     [0x0000019e8857a668,0x0000019e8857a748] = 224
 dependencies   [0x0000019e8857a748,0x0000019e8857a750] = 8
 nul chk table  [0x0000019e8857a750,0x0000019e8857a778] = 40

[Constant Pool (empty)]

[MachCode]
[Entry Point]
  # {method} {0x0000019ea043b000} 'defineClass' '(Ljava/lang/String;[BIILjava/security/ProtectionDomain;)Ljava/lang/Class;' in 'java/lang/ClassLoader'
  # this:     rdx:rdx   = 'java/lang/ClassLoader'
  # parm0:    r8:r8     = 'java/lang/String'
  # parm1:    r9:r9     = '[B'
  # parm2:    rdi       = int
  # parm3:    rsi       = int
  # parm4:    rcx:rcx   = 'java/security/ProtectionDomain'
  #           [sp+0xc0]  (sp of caller)
  0x0000019e8857a020: 448b 5208 | 49bb 0000 | 00a0 9e01 | 0000 4d03 | d34c 3bd0 

  0x0000019e8857a034: ;   {runtime_call ic_miss_stub}
  0x0000019e8857a034: 0f85 4649 | 3c07 660f | 1f44 0000 
[Verified Entry Point]
  0x0000019e8857a040: 8984 2400 | 80ff ff55 | 4881 ecb0 | 0000 0090 | 4181 7f20 | 0100 0000 

  0x0000019e8857a058: ;   {runtime_call StubRoutines (final stubs)}
  0x0000019e8857a058: 7405 e821 | bd3a 0748 | 8954 2478 

  0x0000019e8857a064: ;   {metadata(method data for {method} {0x0000019ea043b000} 'defineClass' '(Ljava/lang/String;[BIILjava/security/ProtectionDomain;)Ljava/lang/Class;' in 'java/lang/ClassLoader')}
  0x0000019e8857a064: 48bb e052 | 22e1 9e01 | 0000 8b83 | cc00 0000 | 83c0 0289 | 83cc 0000 | 0025 fe07 | 0000 85c0 
  0x0000019e8857a084: 0f84 6803 | 0000 89b4 | 2494 0000 | 0089 bc24 | 9000 0000 | 4c89 8c24 | 8800 0000 

  0x0000019e8857a0a0: ;   {metadata(method data for {method} {0x0000019ea043b000} 'defineClass' '(Ljava/lang/String;[BIILjava/security/ProtectionDomain;)Ljava/lang/Class;' in 'java/lang/ClassLoader')}
  0x0000019e8857a0a0: 488b da48 | b8e0 5222 | e19e 0100 | 0048 8380 | 1001 0000 | 0149 8bd8 | 4c8b c34c | 8bc9 488b 
  0x0000019e8857a0c0: ca48 8bd1 | 4889 9c24 | 8000 0000 

  0x0000019e8857a0cc: ;   {optimized virtual_call}
  0x0000019e8857a0cc: 6666 90e8 

  0x0000019e8857a0d0: ; ImmutableOopMap {[120]=Oop [128]=Oop [136]=Oop }
                      ;*invokevirtual preDefineClass {reexecute=0 rethrow=0 return_oop=0}
                      ; - java.lang.ClassLoader::defineClass@4 (line 1025)
  0x0000019e8857a0d0: ccb7 ffff 

  0x0000019e8857a0d4: ;   {other}
  0x0000019e8857a0d4: 0f1f 8400 | c402 0000 | 4889 8424 | 9800 0000 | 488b 5424 

  0x0000019e8857a0e8: ;   {metadata(method data for {method} {0x0000019ea043b000} 'defineClass' '(Ljava/lang/String;[BIILjava/security/ProtectionDomain;)Ljava/lang/Class;' in 'java/lang/ClassLoader')}
  0x0000019e8857a0e8: 7849 b8e0 | 5222 e19e | 0100 0049 | 8380 4801 

  0x0000019e8857a0f8: ;   {metadata(method data for {method} {0x0000019ea043ace8} 'defineClassSourceLocation' '(Ljava/security/ProtectionDomain;)Ljava/lang/String;' in 'java/lang/ClassLoader')}
  0x0000019e8857a0f8: 0000 0149 | b810 5522 | e19e 0100 | 0041 8b90 | cc00 0000 | 83c2 0241 | 8990 cc00 | 0000 81e2 
  0x0000019e8857a118: feff 1f00 | 85d2 0f84 | ef02 0000 

  0x0000019e8857a124: ; implicit exception: dispatches to 0x0000019e8857a434
  0x0000019e8857a124: 483b 004c 

  0x0000019e8857a128: ;   {metadata(method data for {method} {0x0000019ea043ace8} 'defineClassSourceLocation' '(Ljava/security/ProtectionDomain;)Ljava/lang/String;' in 'java/lang/ClassLoader')}
  0x0000019e8857a128: 8bc0 48ba | 1055 22e1 | 9e01 0000 | 4883 8210 | 0100 0001 | 448b 4010 | 49c1 e003 

  0x0000019e8857a144: ;   {metadata(method data for {method} {0x0000019ea043ace8} 'defineClassSourceLocation' '(Ljava/security/ProtectionDomain;)Ljava/lang/String;' in 'java/lang/ClassLoader')}
  0x0000019e8857a144: 4d85 c048 | ba10 5522 | e19e 0100 | 0048 be58 | 0100 0000 | 0000 0075 | 0a48 be48 | 0100 0000 
  0x0000019e8857a164: 0000 0048 | 8b3c 3248 | 8d7f 0148 | 893c 320f | 850f 0000 

  0x0000019e8857a178: ;   {oop(nullptr)}
  0x0000019e8857a178: 0048 bb00 | 0000 0000 | 0000 00e9 | af01 0000 

  0x0000019e8857a188: ; implicit exception: dispatches to 0x0000019e8857a439
  0x0000019e8857a188: 493b 0049 

  0x0000019e8857a18c: ;   {metadata(method data for {method} {0x0000019ea043ace8} 'defineClassSourceLocation' '(Ljava/security/ProtectionDomain;)Ljava/lang/String;' in 'java/lang/ClassLoader')}
  0x0000019e8857a18c: 8bd0 48be | 1055 22e1 | 9e01 0000 | 4883 8668 | 0100 0001 | 418b 500c | 48c1 e203 

  0x0000019e8857a1a8: ;   {metadata(method data for {method} {0x0000019ea043ace8} 'defineClassSourceLocation' '(Ljava/security/ProtectionDomain;)Ljava/lang/String;' in 'java/lang/ClassLoader')}
  0x0000019e8857a1a8: 4885 d248 | be10 5522 | e19e 0100 | 0048 bfb0 | 0100 0000 | 0000 0075 | 0a48 bfa0 | 0100 0000 
  0x0000019e8857a1c8: 0000 0048 | 8b1c 3e48 | 8d5b 0148 | 891c 3e0f | 850f 0000 

  0x0000019e8857a1dc: ;   {oop(nullptr)}
  0x0000019e8857a1dc: 0048 bb00 | 0000 0000 | 0000 00e9 | 4b01 0000 

  0x0000019e8857a1ec: ;   {metadata(method data for {method} {0x0000019ea043ace8} 'defineClassSourceLocation' '(Ljava/security/ProtectionDomain;)Ljava/lang/String;' in 'java/lang/ClassLoader')}
  0x0000019e8857a1ec: 48be 1055 | 22e1 9e01 | 0000 4883 | 86c0 0100 | 0001 483b | 024c 8bc2 

  0x0000019e8857a204: ;   {metadata(method data for {method} {0x0000019ea043ace8} 'defineClassSourceLocation' '(Ljava/security/ProtectionDomain;)Ljava/lang/String;' in 'java/lang/ClassLoader')}
  0x0000019e8857a204: 48be 1055 | 22e1 9e01 | 0000 4883 | 86f8 0100 

  0x0000019e8857a214: ;   {metadata(method data for {method} {0x0000019ea001a7c0} 'toString' '()Ljava/lang/String;' in 'java/net/URL')}
  0x0000019e8857a214: 0001 49b8 | e0a1 20e1 | 9e01 0000 | 418b b0cc | 0000 0083 | c602 4189 | b0cc 0000 | 0081 e6fe 
  0x0000019e8857a234: ff1f 0085 | f60f 8404 | 0200 004c 

  0x0000019e8857a240: ;   {metadata(method data for {method} {0x0000019ea001a7c0} 'toString' '()Ljava/lang/String;' in 'java/net/URL')}
  0x0000019e8857a240: 8bc2 48be | e0a1 20e1 | 9e01 0000 | 4883 8610 | 0100 0001 

  0x0000019e8857a254: ;   {metadata(method data for {method} {0x0000019ea042e900} 'toExternalForm' '()Ljava/lang/String;' in 'java/net/URL')}
  0x0000019e8857a254: 49b8 0093 | 1de1 9e01 | 0000 418b | b0cc 0000 | 0083 c602 | 4189 b0cc | 0000 0081 | e6fe ff1f 
  0x0000019e8857a274: 0085 f60f | 84e7 0100 | 008b 7238 | 48c1 e603 

  0x0000019e8857a284: ; implicit exception: dispatches to 0x0000019e8857a485
  0x0000019e8857a284: 483b 064c 

  0x0000019e8857a288: ;   {metadata(method data for {method} {0x0000019ea042e900} 'toExternalForm' '()Ljava/lang/String;' in 'java/net/URL')}
  0x0000019e8857a288: 8bc6 48bf | 0093 1de1 | 9e01 0000 | 458b 4008 | 49ba 0000 | 00a0 9e01 | 0000 4d03 | c24c 3b87 
  0x0000019e8857a2a8: 2001 0000 | 750d 4883 | 8728 0100 | 0001 e960 | 0000 004c | 3b87 3001 | 0000 750d | 4883 8738 
  0x0000019e8857a2c8: 0100 0001 | e94a 0000 | 0048 83bf | 2001 0000 | 0075 174c | 8987 2001 | 0000 48c7 | 8728 0100 
  0x0000019e8857a2e8: 0001 0000 | 00e9 2900 | 0000 4883 | bf30 0100 | 0000 7517 | 4c89 8730 | 0100 0048 | c787 3801 
  0x0000019e8857a308: 0000 0100 | 0000 e908 | 0000 0048 | 8387 1001 | 0000 014c | 8bc2 488b | d666 0f1f 

  0x0000019e8857a324: ;   {optimized virtual_call}
  0x0000019e8857a324: 4400 00e8 

  0x0000019e8857a328: ; ImmutableOopMap {[120]=Oop [128]=Oop [136]=Oop [152]=Oop }
                      ;*invokevirtual toExternalForm {reexecute=0 rethrow=0 return_oop=0}
                      ; - java.net.URL::toExternalForm@5 (line 1203)
                      ; - java.net.URL::toString@1 (line 1189)
                      ; - java.lang.ClassLoader::defineClassSourceLocation@22 (line 927)
                      ; - java.lang.ClassLoader::defineClass@12 (line 1026)
  0x0000019e8857a328: 748e f6ff 

  0x0000019e8857a32c: ;   {other}
  0x0000019e8857a32c: 0f1f 8400 | 1c05 0001 | 488b d848 | 8b84 2498 | 0000 008b | b424 9400 | 0000 8bbc | 2490 0000 
  0x0000019e8857a34c: 004c 8b8c | 2488 0000 | 004c 8b84 | 2480 0000 | 0048 8b54 

  0x0000019e8857a360: ;   {metadata(method data for {method} {0x0000019ea043b000} 'defineClass' '(Ljava/lang/String;[BIILjava/security/ProtectionDomain;)Ljava/lang/Class;' in 'java/lang/ClassLoader')}
  0x0000019e8857a360: 2478 48b9 | e052 22e1 | 9e01 0000 | 4883 8180 | 0100 0001 | 4c8b da49 | 8bd3 488b | c848 891c 
  0x0000019e8857a380: 2466 0f1f 

  0x0000019e8857a384: ;   {static_call}
  0x0000019e8857a384: 4400 00e8 

  0x0000019e8857a388: ; ImmutableOopMap {[120]=Oop [152]=Oop }
                      ;*invokestatic defineClass1 {reexecute=0 rethrow=0 return_oop=0}
                      ; - java.lang.ClassLoader::defineClass@27 (line 1027)
  0x0000019e8857a388: 541e 9507 

  0x0000019e8857a38c: ;   {other}
  0x0000019e8857a38c: 0f1f 8400 | 7c05 0002 | 488b 5424 

  0x0000019e8857a398: ;   {metadata(method data for {method} {0x0000019ea043b000} 'defineClass' '(Ljava/lang/String;[BIILjava/security/ProtectionDomain;)Ljava/lang/Class;' in 'java/lang/ClassLoader')}
  0x0000019e8857a398: 7849 b8e0 | 5222 e19e | 0100 0049 | 8380 9001 | 0000 014c | 8bc0 4c8b | 8c24 9800 | 0000 488b 
  0x0000019e8857a3b8: 5424 7848 | 8984 24a0 | 0000 000f 

  0x0000019e8857a3c4: ;   {optimized virtual_call}
  0x0000019e8857a3c4: 1f40 00e8 

  0x0000019e8857a3c8: ; ImmutableOopMap {[160]=Oop }
                      ;*invokevirtual postDefineClass {reexecute=0 rethrow=0 return_oop=0}
                      ; - java.lang.ClassLoader::defineClass@37 (line 1028)
  0x0000019e8857a3c8: d4e7 0100 

  0x0000019e8857a3cc: ;   {other}
  0x0000019e8857a3cc: 0f1f 8400 | bc05 0003 | 488b 8424 | a000 0000 | 4881 c4b0 | 0000 005d 

  0x0000019e8857a3e4: ;   {poll_return}
  0x0000019e8857a3e4: 493b a748 | 0400 000f | 8799 0000 

  0x0000019e8857a3f0: ;   {metadata({method} {0x0000019ea043b000} 'defineClass' '(Ljava/lang/String;[BIILjava/security/ProtectionDomain;)Ljava/lang/Class;' in 'java/lang/ClassLoader')}
  0x0000019e8857a3f0: 00c3 49ba | f8af 43a0 | 9e01 0000 | 4c89 5424 | 0848 c704 | 24ff ffff 

  0x0000019e8857a408: ;   {runtime_call counter_overflow Runtime1 stub}
  0x0000019e8857a408: ffe8 f2ee 

  0x0000019e8857a40c: ; ImmutableOopMap {rdx=Oop r8=Oop r9=Oop rcx=Oop [120]=Oop }
                      ;*synchronization entry
                      ; - java.lang.ClassLoader::defineClass@-1 (line 1025)
  0x0000019e8857a40c: 4b07 e977 

  0x0000019e8857a410: ;   {metadata({method} {0x0000019ea043ace8} 'defineClassSourceLocation' '(Ljava/security/ProtectionDomain;)Ljava/lang/String;' in 'java/lang/ClassLoader')}
  0x0000019e8857a410: fcff ff49 | bae0 ac43 | a09e 0100 | 004c 8954 | 2408 48c7 | 0424 ffff 

  0x0000019e8857a428: ;   {runtime_call counter_overflow Runtime1 stub}
  0x0000019e8857a428: ffff e8d1 

  0x0000019e8857a42c: ; ImmutableOopMap {rax=Oop [120]=Oop [128]=Oop [136]=Oop [152]=Oop }
                      ;*synchronization entry
                      ; - java.lang.ClassLoader::defineClassSourceLocation@-1 (line 924)
                      ; - java.lang.ClassLoader::defineClass@12 (line 1026)
  0x0000019e8857a42c: ee4b 07e9 | f0fc ffff 

  0x0000019e8857a434: ;   {runtime_call throw_null_pointer_exception Runtime1 stub}
  0x0000019e8857a434: e867 8c4b 

  0x0000019e8857a438: ; ImmutableOopMap {rax=Oop [120]=Oop [128]=Oop [136]=Oop [152]=Oop }
                      ;*invokevirtual getCodeSource {reexecute=0 rethrow=0 return_oop=0}
                      ; - java.lang.ClassLoader::defineClassSourceLocation@1 (line 924)
                      ; - java.lang.ClassLoader::defineClass@12 (line 1026)
                      ;   {runtime_call throw_null_pointer_exception Runtime1 stub}
  0x0000019e8857a438: 07e8 628c 

  0x0000019e8857a43c: ; ImmutableOopMap {rax=Oop r8=Oop [120]=Oop [128]=Oop [136]=Oop [152]=Oop }
                      ;*invokevirtual getLocation {reexecute=0 rethrow=0 return_oop=0}
                      ; - java.lang.ClassLoader::defineClassSourceLocation@12 (line 926)
                      ; - java.lang.ClassLoader::defineClass@12 (line 1026)
                      ;   {runtime_call throw_null_pointer_exception Runtime1 stub}
  0x0000019e8857a43c: 4b07 e85d 

  0x0000019e8857a440: ; ImmutableOopMap {rdx=Oop [120]=Oop [128]=Oop [136]=Oop [152]=Oop }
                      ;*invokevirtual toString {reexecute=0 rethrow=0 return_oop=0}
                      ; - java.lang.ClassLoader::defineClassSourceLocation@22 (line 927)
                      ; - java.lang.ClassLoader::defineClass@12 (line 1026)
                      ;   {metadata({method} {0x0000019ea001a7c0} 'toString' '()Ljava/lang/String;' in 'java/net/URL')}
  0x0000019e8857a440: 8c4b 0749 | bab8 a701 | a09e 0100 | 004c 8954 | 2408 48c7 | 0424 ffff 

  0x0000019e8857a458: ;   {runtime_call counter_overflow Runtime1 stub}
  0x0000019e8857a458: ffff e8a1 

  0x0000019e8857a45c: ; ImmutableOopMap {rdx=Oop [120]=Oop [128]=Oop [136]=Oop [152]=Oop }
                      ;*synchronization entry
                      ; - java.net.URL::toString@-1 (line 1189)
                      ; - java.lang.ClassLoader::defineClassSourceLocation@22 (line 927)
                      ; - java.lang.ClassLoader::defineClass@12 (line 1026)
  0x0000019e8857a45c: ee4b 07e9 | dbfd ffff 

  0x0000019e8857a464: ;   {metadata({method} {0x0000019ea042e900} 'toExternalForm' '()Ljava/lang/String;' in 'java/net/URL')}
  0x0000019e8857a464: 49ba f8e8 | 42a0 9e01 | 0000 4c89 | 5424 0848 | c704 24ff 

  0x0000019e8857a478: ;   {runtime_call counter_overflow Runtime1 stub}
  0x0000019e8857a478: ffff ffe8 

  0x0000019e8857a47c: ; ImmutableOopMap {rdx=Oop [120]=Oop [128]=Oop [136]=Oop [152]=Oop }
                      ;*synchronization entry
                      ; - java.net.URL::toExternalForm@-1 (line 1203)
                      ; - java.net.URL::toString@1 (line 1189)
                      ; - java.lang.ClassLoader::defineClassSourceLocation@22 (line 927)
                      ; - java.lang.ClassLoader::defineClass@12 (line 1026)
  0x0000019e8857a47c: 80ee 4b07 | e9f8 fdff 

  0x0000019e8857a484: ;   {runtime_call throw_null_pointer_exception Runtime1 stub}
  0x0000019e8857a484: ffe8 168c 

  0x0000019e8857a488: ; ImmutableOopMap {rdx=Oop rsi=Oop [120]=Oop [128]=Oop [136]=Oop [152]=Oop }
                      ;*invokevirtual toExternalForm {reexecute=0 rethrow=0 return_oop=0}
                      ; - java.net.URL::toExternalForm@5 (line 1203)
                      ; - java.net.URL::toString@1 (line 1189)
                      ; - java.lang.ClassLoader::defineClassSourceLocation@22 (line 927)
                      ; - java.lang.ClassLoader::defineClass@12 (line 1026)
                      ;   {internal_word}
  0x0000019e8857a488: 4b07 49ba | e4a3 5788 | 9e01 0000 | 4d89 9760 

  0x0000019e8857a498: ;   {runtime_call SafepointBlob}
  0x0000019e8857a498: 0400 00e9 | e0c6 3c07 | 498b 87f8 | 0400 0049 | c787 f804 | 0000 0000 | 0000 49c7 | 8700 0500 
  0x0000019e8857a4b8: 0000 0000 | 0048 81c4 | b000 0000 

  0x0000019e8857a4c4: ;   {runtime_call unwind_exception Runtime1 stub}
  0x0000019e8857a4c4: 5de9 b67c | 4b07 f4f4 | f4f4 f4f4 
[Stub Code]
  0x0000019e8857a4d0: ;   {no_reloc}
  0x0000019e8857a4d0: 0f1f 4400 

  0x0000019e8857a4d4: ;   {static_stub}
  0x0000019e8857a4d4: 0048 bb00 | 0000 0000 

  0x0000019e8857a4dc: ;   {runtime_call}
  0x0000019e8857a4dc: 0000 00e9 | fbff ffff 

  0x0000019e8857a4e4: ;   {static_stub}
  0x0000019e8857a4e4: 48bb 0000 | 0000 0000 

  0x0000019e8857a4ec: ;   {runtime_call}
  0x0000019e8857a4ec: 0000 e9fb 

  0x0000019e8857a4f0: ;   {static_stub}
  0x0000019e8857a4f0: ffff ff48 | bb00 0000 | 0000 0000 

  0x0000019e8857a4fc: ;   {runtime_call}
  0x0000019e8857a4fc: 00e9 fbff 

  0x0000019e8857a500: ;   {static_stub}
  0x0000019e8857a500: ffff 48bb | 20ac 43a0 | 9e01 0000 

  0x0000019e8857a50c: ;   {runtime_call I2C/C2I adapters}
  0x0000019e8857a50c: e97a 0b3c 

  0x0000019e8857a510: ;   {runtime_call handle_exception_from_callee Runtime1 stub}
  0x0000019e8857a510: 07e8 6ab1 

  0x0000019e8857a514: ;   {external_word}
  0x0000019e8857a514: 4b07 48b9 | a046 8d59 | fb7f 0000 | 4883 e4f0 

  0x0000019e8857a524: ;   {runtime_call}
  0x0000019e8857a524: 48b8 b028 | 5559 fb7f | 0000 ffd0 

  0x0000019e8857a530: ;   {section_word}
  0x0000019e8857a530: f449 ba31 | a557 889e | 0100 0041 

  0x0000019e8857a53c: ;   {runtime_call DeoptimizationBlob}
  0x0000019e8857a53c: 52e9 deda | 3c07 f4f4 | f4f4 f4f4 
[/MachCode]


Compiled method (c1)  112130  988       3       java.security.SecureClassLoader::defineClass (16 bytes)
 total in heap  [0x0000019e88581c10,0x0000019e88582010] = 1024
 relocation     [0x0000019e88581d70,0x0000019e88581dc0] = 80
 main code      [0x0000019e88581dc0,0x0000019e88581f18] = 344
 stub code      [0x0000019e88581f18,0x0000019e88581f68] = 80
 metadata       [0x0000019e88581f68,0x0000019e88581f70] = 8
 scopes data    [0x0000019e88581f70,0x0000019e88581fb8] = 72
 scopes pcs     [0x0000019e88581fb8,0x0000019e88582008] = 80
 dependencies   [0x0000019e88582008,0x0000019e88582010] = 8

[Constant Pool (empty)]

[MachCode]
[Entry Point]
  # {method} {0x0000019ea004d398} 'defineClass' '(Ljava/lang/String;[BIILjava/security/CodeSource;)Ljava/lang/Class;' in 'java/security/SecureClassLoader'
  # this:     rdx:rdx   = 'java/security/SecureClassLoader'
  # parm0:    r8:r8     = 'java/lang/String'
  # parm1:    r9:r9     = '[B'
  # parm2:    rdi       = int
  # parm3:    rsi       = int
  # parm4:    rcx:rcx   = 'java/security/CodeSource'
  #           [sp+0x80]  (sp of caller)
  0x0000019e88581dc0: 448b 5208 | 49bb 0000 | 00a0 9e01 | 0000 4d03 | d34c 3bd0 

  0x0000019e88581dd4: ;   {runtime_call ic_miss_stub}
  0x0000019e88581dd4: 0f85 a6cb | 3b07 660f | 1f44 0000 
[Verified Entry Point]
  0x0000019e88581de0: 8984 2400 | 80ff ff55 | 4883 ec70 | 4181 7f20 | 0100 0000 

  0x0000019e88581df4: ;   {runtime_call StubRoutines (final stubs)}
  0x0000019e88581df4: 7405 e885 

  0x0000019e88581df8: ;   {metadata(method data for {method} {0x0000019ea004d398} 'defineClass' '(Ljava/lang/String;[BIILjava/security/CodeSource;)Ljava/lang/Class;' in 'java/security/SecureClassLoader')}
  0x0000019e88581df8: 3f3a 0748 | bb68 5b21 | e19e 0100 | 008b 83cc | 0000 0083 | c002 8983 | cc00 0000 | 25fe 0700 
  0x0000019e88581e18: 0085 c00f | 8496 0000 | 0089 7424 | 5c89 7c24 | 584c 894c | 2450 4c89 | 4424 4848 

  0x0000019e88581e34: ;   {metadata(method data for {method} {0x0000019ea004d398} 'defineClass' '(Ljava/lang/String;[BIILjava/security/CodeSource;)Ljava/lang/Class;' in 'java/security/SecureClassLoader')}
  0x0000019e88581e34: 8bda 48b8 | 685b 21e1 | 9e01 0000 | 4883 8010 | 0100 0001 | 4c8b c148 | 8bc2 488b | d048 8944 
  0x0000019e88581e54: ;   {optimized virtual_call}
  0x0000019e88581e54: 2440 90e8 

  0x0000019e88581e58: ; ImmutableOopMap {[64]=Oop [72]=Oop [80]=Oop }
                      ;*invokevirtual getProtectionDomain {reexecute=0 rethrow=0 return_oop=0}
                      ; - java.security.SecureClassLoader::defineClass@9 (line 150)
  0x0000019e88581e58: 4420 ffff 

  0x0000019e88581e5c: ;   {other}
  0x0000019e88581e5c: 0f1f 8400 | 4c02 0000 | 488b 5424 

  0x0000019e88581e68: ;   {metadata(method data for {method} {0x0000019ea004d398} 'defineClass' '(Ljava/lang/String;[BIILjava/security/CodeSource;)Ljava/lang/Class;' in 'java/security/SecureClassLoader')}
  0x0000019e88581e68: 4049 b868 | 5b21 e19e | 0100 0049 | 8380 4801 | 0000 014c | 8b44 2448 | 4c8b 4c24 | 508b 7c24 
  0x0000019e88581e88: 588b 7424 | 5c48 8bc8 | 488b 5424 

  0x0000019e88581e94: ;   {optimized virtual_call}
  0x0000019e88581e94: 4066 90e8 

  0x0000019e88581e98: ; ImmutableOopMap {}
                      ;*invokevirtual defineClass {reexecute=0 rethrow=0 return_oop=0}
                      ; - java.security.SecureClassLoader::defineClass@12 (line 150)
  0x0000019e88581e98: a481 ffff 

  0x0000019e88581e9c: ;   {other}
  0x0000019e88581e9c: 0f1f 8400 | 8c02 0001 | 4883 c470 

  0x0000019e88581ea8: ;   {poll_return}
  0x0000019e88581ea8: 5d49 3ba7 | 4804 0000 | 0f87 2200 

  0x0000019e88581eb4: ;   {metadata({method} {0x0000019ea004d398} 'defineClass' '(Ljava/lang/String;[BIILjava/security/CodeSource;)Ljava/lang/Class;' in 'java/security/SecureClassLoader')}
  0x0000019e88581eb4: 0000 c349 | ba90 d304 | a09e 0100 | 004c 8954 | 2408 48c7 | 0424 ffff 

  0x0000019e88581ecc: ;   {runtime_call counter_overflow Runtime1 stub}
  0x0000019e88581ecc: ffff e82d 

  0x0000019e88581ed0: ; ImmutableOopMap {rdx=Oop r8=Oop r9=Oop rcx=Oop }
                      ;*synchronization entry
                      ; - java.security.SecureClassLoader::defineClass@-1 (line 150)
  0x0000019e88581ed0: 744b 07e9 | 49ff ffff 

  0x0000019e88581ed8: ;   {internal_word}
  0x0000019e88581ed8: 49ba a91e | 5888 9e01 | 0000 4d89 | 9760 0400 

  0x0000019e88581ee8: ;   {runtime_call SafepointBlob}
  0x0000019e88581ee8: 00e9 924c | 3c07 498b | 87f8 0400 | 0049 c787 | f804 0000 | 0000 0000 | 49c7 8700 | 0500 0000 
  0x0000019e88581f08: 0000 0048 | 83c4 705d 

  0x0000019e88581f10: ;   {runtime_call unwind_exception Runtime1 stub}
  0x0000019e88581f10: e96b 024b | 07f4 f4f4 
[Stub Code]
  0x0000019e88581f18: ;   {no_reloc}
  0x0000019e88581f18: 48bb 0000 | 0000 0000 

  0x0000019e88581f20: ;   {runtime_call}
  0x0000019e88581f20: 0000 e9fb 

  0x0000019e88581f24: ;   {static_stub}
  0x0000019e88581f24: ffff ff48 | bb00 0000 | 0000 0000 

  0x0000019e88581f30: ;   {runtime_call}
  0x0000019e88581f30: 00e9 fbff 

  0x0000019e88581f34: ;   {runtime_call handle_exception_from_callee Runtime1 stub}
  0x0000019e88581f34: ffff e845 

  0x0000019e88581f38: ;   {external_word}
  0x0000019e88581f38: 374b 0748 | b9a0 468d | 59fb 7f00 | 0048 83e4 

  0x0000019e88581f48: ;   {runtime_call}
  0x0000019e88581f48: f048 b8b0 | 2855 59fb | 7f00 00ff 

  0x0000019e88581f54: ;   {section_word}
  0x0000019e88581f54: d0f4 49ba | 561f 5888 | 9e01 0000 

  0x0000019e88581f60: ;   {runtime_call DeoptimizationBlob}
  0x0000019e88581f60: 4152 e9b9 | 603c 07f4 
[/MachCode]


---------------  P R O C E S S  ---------------

Threads class SMR info:
_java_thread_list=0x0000019ee55a6030, length=12, elements={
0x0000019efe224420, 0x0000019e9f561df0, 0x0000019e9f566c00, 0x0000019e9f567850,
0x0000019e9f56c2c0, 0x0000019e9f56cd10, 0x0000019e9f56d760, 0x0000019e9f5704f0,
0x0000019e9f571640, 0x0000019e9f69cca0, 0x0000019e9f8da1d0, 0x0000019e9f8e15f0
}

Java Threads: ( => current thread )
=>0x0000019efe224420 JavaThread "main"                              [_thread_in_vm, id=14596, stack(0x0000005e05000000,0x0000005e05100000) (1024K)]
  0x0000019e9f561df0 JavaThread "Reference Handler"          daemon [_thread_blocked, id=11956, stack(0x0000005e05800000,0x0000005e05900000) (1024K)]
  0x0000019e9f566c00 JavaThread "Finalizer"                  daemon [_thread_blocked, id=12252, stack(0x0000005e05900000,0x0000005e05a00000) (1024K)]
  0x0000019e9f567850 JavaThread "Signal Dispatcher"          daemon [_thread_blocked, id=21584, stack(0x0000005e05a00000,0x0000005e05b00000) (1024K)]
  0x0000019e9f56c2c0 JavaThread "Attach Listener"            daemon [_thread_blocked, id=20148, stack(0x0000005e05b00000,0x0000005e05c00000) (1024K)]
  0x0000019e9f56cd10 JavaThread "Service Thread"             daemon [_thread_blocked, id=20476, stack(0x0000005e05c00000,0x0000005e05d00000) (1024K)]
  0x0000019e9f56d760 JavaThread "Monitor Deflation Thread"   daemon [_thread_blocked, id=13544, stack(0x0000005e05d00000,0x0000005e05e00000) (1024K)]
  0x0000019e9f5704f0 JavaThread "C2 CompilerThread0"         daemon [_thread_blocked, id=4036, stack(0x0000005e05e00000,0x0000005e05f00000) (1024K)]
  0x0000019e9f571640 JavaThread "C1 CompilerThread0"         daemon [_thread_blocked, id=21372, stack(0x0000005e05f00000,0x0000005e06000000) (1024K)]
  0x0000019e9f69cca0 JavaThread "Common-Cleaner"             daemon [_thread_blocked, id=17696, stack(0x0000005e06000000,0x0000005e06100000) (1024K)]
  0x0000019e9f8da1d0 JavaThread "Monitor Ctrl-Break"         daemon [_thread_in_native, id=14008, stack(0x0000005e06100000,0x0000005e06200000) (1024K)]
  0x0000019e9f8e15f0 JavaThread "Notification Thread"        daemon [_thread_blocked, id=15692, stack(0x0000005e06200000,0x0000005e06300000) (1024K)]
Total: 12

Other Threads:
  0x0000019e9f546950 VMThread "VM Thread"                           [id=10784, stack(0x0000005e05700000,0x0000005e05800000) (1024K)] _threads_hazard_ptr=0x0000019ee55a6030
  0x0000019e9f538190 WatcherThread "VM Periodic Task Thread"        [id=14876, stack(0x0000005e05600000,0x0000005e05700000) (1024K)]
  0x0000019efe28afe0 WorkerThread "GC Thread#0"                     [id=10844, stack(0x0000005e05100000,0x0000005e05200000) (1024K)]
  0x0000019ee5462880 WorkerThread "GC Thread#1"                     [id=34668, stack(0x0000005e06400000,0x0000005e06500000) (1024K)]
  0x0000019ee5462c20 WorkerThread "GC Thread#2"                     [id=34672, stack(0x0000005e06500000,0x0000005e06600000) (1024K)]
  0x0000019ee5462fc0 WorkerThread "GC Thread#3"                     [id=34676, stack(0x0000005e06600000,0x0000005e06700000) (1024K)]
  0x0000019ee5463360 WorkerThread "GC Thread#4"                     [id=34680, stack(0x0000005e06700000,0x0000005e06800000) (1024K)]
  0x0000019ee5463700 WorkerThread "GC Thread#5"                     [id=34684, stack(0x0000005e06800000,0x0000005e06900000) (1024K)]
  0x0000019ee55aabe0 WorkerThread "GC Thread#6"                     [id=35184, stack(0x0000005e06900000,0x0000005e06a00000) (1024K)]
  0x0000019ee555f8a0 WorkerThread "GC Thread#7"                     [id=35188, stack(0x0000005e06a00000,0x0000005e06b00000) (1024K)]
  0x0000019efe29c2e0 ConcurrentGCThread "G1 Main Marker"            [id=16788, stack(0x0000005e05200000,0x0000005e05300000) (1024K)]
  0x0000019efe29d000 WorkerThread "G1 Conc#0"                       [id=14104, stack(0x0000005e05300000,0x0000005e05400000) (1024K)]
  0x0000019efe2ce9d0 ConcurrentGCThread "G1 Refine#0"               [id=15396, stack(0x0000005e05400000,0x0000005e05500000) (1024K)]
  0x0000019e9f4e6170 ConcurrentGCThread "G1 Service"                [id=19288, stack(0x0000005e05500000,0x0000005e05600000) (1024K)]
Total: 14

Threads with active compile tasks:
Total: 0

VM state: synchronizing (normal execution)

VM Mutex/Monitor currently owned by a thread:  ([mutex/lock_event])
[0x00007ffb59b6be18] Metaspace_lock - owner thread: 0x0000019efe224420
[0x00007ffb59b6de98] Threads_lock - owner thread: 0x0000019e9f546950

Heap address: 0x0000000704000000, size: 4032 MB, Compressed Oops mode: Zero based, Oop shift amount: 3

CDS archive(s) mapped at: [0x0000019ea0000000-0x0000019ea0c90000-0x0000019ea0c90000), size 13172736, SharedBaseAddress: 0x0000019ea0000000, ArchiveRelocationMode: 1.
Compressed class space mapped at: 0x0000019ea1000000-0x0000019ee1000000, reserved size: 1073741824
Narrow klass base: 0x0000019ea0000000, Narrow klass shift: 0, Narrow klass range: 0x100000000

GC Precious Log:
 CardTable entry size: 512
 Card Set container configuration: InlinePtr #cards 4 size 8 Array Of Cards #cards 16 size 48 Howl #buckets 8 coarsen threshold 3686 Howl Bitmap #cards 512 size 80 coarsen threshold 460 Card regions per heap region 1 cards per card region 4096
 CPUs: 8 total, 8 available
 Memory: 16126M
 Large Page Support: Disabled
 NUMA Support: Disabled
 Compressed Oops: Enabled (Zero based)
 Heap Region Size: 2M
 Heap Min Capacity: 8M
 Heap Initial Capacity: 252M
 Heap Max Capacity: 4032M
 Pre-touch: Disabled
 Parallel Workers: 8
 Concurrent Workers: 2
 Concurrent Refinement Workers: 8
 Periodic GC: Disabled

Heap:
 garbage-first heap   total 258048K, used 24151K [0x0000000704000000, 0x0000000800000000)
  region size 2048K, 11 young (22528K), 1 survivors (2048K)
 Metaspace       used 13244K, committed 13440K, reserved 1114112K
  class space    used 1575K, committed 1664K, reserved 1048576K

Heap Regions: E=young(eden), S=young(survivor), O=old, HS=humongous(starts), HC=humongous(continues), CS=collection set, F=free, TAMS=top-at-mark-start, PB=parsable bottom
|   0|0x0000000704000000, 0x0000000704200000, 0x0000000704200000|100%| O|  |TAMS 0x0000000704000000| PB 0x0000000704000000| Untracked 
|   1|0x0000000704200000, 0x0000000704400000, 0x0000000704400000|100%| O|  |TAMS 0x0000000704200000| PB 0x0000000704200000| Untracked 
|   2|0x0000000704400000, 0x000000070442a600, 0x0000000704600000|  8%| O|  |TAMS 0x0000000704400000| PB 0x0000000704400000| Untracked 
|   3|0x0000000704600000, 0x0000000704600000, 0x0000000704800000|  0%| F|  |TAMS 0x0000000704600000| PB 0x0000000704600000| Untracked 
|   4|0x0000000704800000, 0x0000000704800000, 0x0000000704a00000|  0%| F|  |TAMS 0x0000000704800000| PB 0x0000000704800000| Untracked 
|   5|0x0000000704a00000, 0x0000000704a00000, 0x0000000704c00000|  0%| F|  |TAMS 0x0000000704a00000| PB 0x0000000704a00000| Untracked 
|   6|0x0000000704c00000, 0x0000000704c00000, 0x0000000704e00000|  0%| F|  |TAMS 0x0000000704c00000| PB 0x0000000704c00000| Untracked 
|   7|0x0000000704e00000, 0x0000000704e00000, 0x0000000705000000|  0%| F|  |TAMS 0x0000000704e00000| PB 0x0000000704e00000| Untracked 
|   8|0x0000000705000000, 0x0000000705000000, 0x0000000705200000|  0%| F|  |TAMS 0x0000000705000000| PB 0x0000000705000000| Untracked 
|   9|0x0000000705200000, 0x0000000705200000, 0x0000000705400000|  0%| F|  |TAMS 0x0000000705200000| PB 0x0000000705200000| Untracked 
|  10|0x0000000705400000, 0x0000000705400000, 0x0000000705600000|  0%| F|  |TAMS 0x0000000705400000| PB 0x0000000705400000| Untracked 
|  11|0x0000000705600000, 0x0000000705600000, 0x0000000705800000|  0%| F|  |TAMS 0x0000000705600000| PB 0x0000000705600000| Untracked 
|  12|0x0000000705800000, 0x0000000705800000, 0x0000000705a00000|  0%| F|  |TAMS 0x0000000705800000| PB 0x0000000705800000| Untracked 
|  13|0x0000000705a00000, 0x0000000705a00000, 0x0000000705c00000|  0%| F|  |TAMS 0x0000000705a00000| PB 0x0000000705a00000| Untracked 
|  14|0x0000000705c00000, 0x0000000705c00000, 0x0000000705e00000|  0%| F|  |TAMS 0x0000000705c00000| PB 0x0000000705c00000| Untracked 
|  15|0x0000000705e00000, 0x0000000705e00000, 0x0000000706000000|  0%| F|  |TAMS 0x0000000705e00000| PB 0x0000000705e00000| Untracked 
|  16|0x0000000706000000, 0x0000000706000000, 0x0000000706200000|  0%| F|  |TAMS 0x0000000706000000| PB 0x0000000706000000| Untracked 
|  17|0x0000000706200000, 0x0000000706200000, 0x0000000706400000|  0%| F|  |TAMS 0x0000000706200000| PB 0x0000000706200000| Untracked 
|  18|0x0000000706400000, 0x0000000706400000, 0x0000000706600000|  0%| F|  |TAMS 0x0000000706400000| PB 0x0000000706400000| Untracked 
|  19|0x0000000706600000, 0x0000000706600000, 0x0000000706800000|  0%| F|  |TAMS 0x0000000706600000| PB 0x0000000706600000| Untracked 
|  20|0x0000000706800000, 0x0000000706800000, 0x0000000706a00000|  0%| F|  |TAMS 0x0000000706800000| PB 0x0000000706800000| Untracked 
|  21|0x0000000706a00000, 0x0000000706a00000, 0x0000000706c00000|  0%| F|  |TAMS 0x0000000706a00000| PB 0x0000000706a00000| Untracked 
|  22|0x0000000706c00000, 0x0000000706c00000, 0x0000000706e00000|  0%| F|  |TAMS 0x0000000706c00000| PB 0x0000000706c00000| Untracked 
|  23|0x0000000706e00000, 0x0000000706e00000, 0x0000000707000000|  0%| F|  |TAMS 0x0000000706e00000| PB 0x0000000706e00000| Untracked 
|  24|0x0000000707000000, 0x0000000707000000, 0x0000000707200000|  0%| F|  |TAMS 0x0000000707000000| PB 0x0000000707000000| Untracked 
|  25|0x0000000707200000, 0x0000000707200000, 0x0000000707400000|  0%| F|  |TAMS 0x0000000707200000| PB 0x0000000707200000| Untracked 
|  26|0x0000000707400000, 0x0000000707400000, 0x0000000707600000|  0%| F|  |TAMS 0x0000000707400000| PB 0x0000000707400000| Untracked 
|  27|0x0000000707600000, 0x0000000707600000, 0x0000000707800000|  0%| F|  |TAMS 0x0000000707600000| PB 0x0000000707600000| Untracked 
|  28|0x0000000707800000, 0x0000000707800000, 0x0000000707a00000|  0%| F|  |TAMS 0x0000000707800000| PB 0x0000000707800000| Untracked 
|  29|0x0000000707a00000, 0x0000000707a00000, 0x0000000707c00000|  0%| F|  |TAMS 0x0000000707a00000| PB 0x0000000707a00000| Untracked 
|  30|0x0000000707c00000, 0x0000000707c00000, 0x0000000707e00000|  0%| F|  |TAMS 0x0000000707c00000| PB 0x0000000707c00000| Untracked 
|  31|0x0000000707e00000, 0x0000000707e00000, 0x0000000708000000|  0%| F|  |TAMS 0x0000000707e00000| PB 0x0000000707e00000| Untracked 
|  32|0x0000000708000000, 0x0000000708000000, 0x0000000708200000|  0%| F|  |TAMS 0x0000000708000000| PB 0x0000000708000000| Untracked 
|  33|0x0000000708200000, 0x0000000708200000, 0x0000000708400000|  0%| F|  |TAMS 0x0000000708200000| PB 0x0000000708200000| Untracked 
|  34|0x0000000708400000, 0x0000000708400000, 0x0000000708600000|  0%| F|  |TAMS 0x0000000708400000| PB 0x0000000708400000| Untracked 
|  35|0x0000000708600000, 0x0000000708600000, 0x0000000708800000|  0%| F|  |TAMS 0x0000000708600000| PB 0x0000000708600000| Untracked 
|  36|0x0000000708800000, 0x0000000708800000, 0x0000000708a00000|  0%| F|  |TAMS 0x0000000708800000| PB 0x0000000708800000| Untracked 
|  37|0x0000000708a00000, 0x0000000708a00000, 0x0000000708c00000|  0%| F|  |TAMS 0x0000000708a00000| PB 0x0000000708a00000| Untracked 
|  38|0x0000000708c00000, 0x0000000708c00000, 0x0000000708e00000|  0%| F|  |TAMS 0x0000000708c00000| PB 0x0000000708c00000| Untracked 
|  39|0x0000000708e00000, 0x0000000708e00000, 0x0000000709000000|  0%| F|  |TAMS 0x0000000708e00000| PB 0x0000000708e00000| Untracked 
|  40|0x0000000709000000, 0x0000000709000000, 0x0000000709200000|  0%| F|  |TAMS 0x0000000709000000| PB 0x0000000709000000| Untracked 
|  41|0x0000000709200000, 0x0000000709200000, 0x0000000709400000|  0%| F|  |TAMS 0x0000000709200000| PB 0x0000000709200000| Untracked 
|  42|0x0000000709400000, 0x0000000709400000, 0x0000000709600000|  0%| F|  |TAMS 0x0000000709400000| PB 0x0000000709400000| Untracked 
|  43|0x0000000709600000, 0x0000000709600000, 0x0000000709800000|  0%| F|  |TAMS 0x0000000709600000| PB 0x0000000709600000| Untracked 
|  44|0x0000000709800000, 0x0000000709800000, 0x0000000709a00000|  0%| F|  |TAMS 0x0000000709800000| PB 0x0000000709800000| Untracked 
|  45|0x0000000709a00000, 0x0000000709a00000, 0x0000000709c00000|  0%| F|  |TAMS 0x0000000709a00000| PB 0x0000000709a00000| Untracked 
|  46|0x0000000709c00000, 0x0000000709c00000, 0x0000000709e00000|  0%| F|  |TAMS 0x0000000709c00000| PB 0x0000000709c00000| Untracked 
|  47|0x0000000709e00000, 0x0000000709e00000, 0x000000070a000000|  0%| F|  |TAMS 0x0000000709e00000| PB 0x0000000709e00000| Untracked 
|  48|0x000000070a000000, 0x000000070a000000, 0x000000070a200000|  0%| F|  |TAMS 0x000000070a000000| PB 0x000000070a000000| Untracked 
|  49|0x000000070a200000, 0x000000070a200000, 0x000000070a400000|  0%| F|  |TAMS 0x000000070a200000| PB 0x000000070a200000| Untracked 
|  50|0x000000070a400000, 0x000000070a400000, 0x000000070a600000|  0%| F|  |TAMS 0x000000070a400000| PB 0x000000070a400000| Untracked 
|  51|0x000000070a600000, 0x000000070a600000, 0x000000070a800000|  0%| F|  |TAMS 0x000000070a600000| PB 0x000000070a600000| Untracked 
|  52|0x000000070a800000, 0x000000070a800000, 0x000000070aa00000|  0%| F|  |TAMS 0x000000070a800000| PB 0x000000070a800000| Untracked 
|  53|0x000000070aa00000, 0x000000070aa00000, 0x000000070ac00000|  0%| F|  |TAMS 0x000000070aa00000| PB 0x000000070aa00000| Untracked 
|  54|0x000000070ac00000, 0x000000070ac00000, 0x000000070ae00000|  0%| F|  |TAMS 0x000000070ac00000| PB 0x000000070ac00000| Untracked 
|  55|0x000000070ae00000, 0x000000070ae00000, 0x000000070b000000|  0%| F|  |TAMS 0x000000070ae00000| PB 0x000000070ae00000| Untracked 
|  56|0x000000070b000000, 0x000000070b000000, 0x000000070b200000|  0%| F|  |TAMS 0x000000070b000000| PB 0x000000070b000000| Untracked 
|  57|0x000000070b200000, 0x000000070b200000, 0x000000070b400000|  0%| F|  |TAMS 0x000000070b200000| PB 0x000000070b200000| Untracked 
|  58|0x000000070b400000, 0x000000070b400000, 0x000000070b600000|  0%| F|  |TAMS 0x000000070b400000| PB 0x000000070b400000| Untracked 
|  59|0x000000070b600000, 0x000000070b600000, 0x000000070b800000|  0%| F|  |TAMS 0x000000070b600000| PB 0x000000070b600000| Untracked 
|  60|0x000000070b800000, 0x000000070b800000, 0x000000070ba00000|  0%| F|  |TAMS 0x000000070b800000| PB 0x000000070b800000| Untracked 
|  61|0x000000070ba00000, 0x000000070ba00000, 0x000000070bc00000|  0%| F|  |TAMS 0x000000070ba00000| PB 0x000000070ba00000| Untracked 
|  62|0x000000070bc00000, 0x000000070bc00000, 0x000000070be00000|  0%| F|  |TAMS 0x000000070bc00000| PB 0x000000070bc00000| Untracked 
|  63|0x000000070be00000, 0x000000070be00000, 0x000000070c000000|  0%| F|  |TAMS 0x000000070be00000| PB 0x000000070be00000| Untracked 
|  64|0x000000070c000000, 0x000000070c000000, 0x000000070c200000|  0%| F|  |TAMS 0x000000070c000000| PB 0x000000070c000000| Untracked 
|  65|0x000000070c200000, 0x000000070c200000, 0x000000070c400000|  0%| F|  |TAMS 0x000000070c200000| PB 0x000000070c200000| Untracked 
|  66|0x000000070c400000, 0x000000070c400000, 0x000000070c600000|  0%| F|  |TAMS 0x000000070c400000| PB 0x000000070c400000| Untracked 
|  67|0x000000070c600000, 0x000000070c600000, 0x000000070c800000|  0%| F|  |TAMS 0x000000070c600000| PB 0x000000070c600000| Untracked 
|  68|0x000000070c800000, 0x000000070c800000, 0x000000070ca00000|  0%| F|  |TAMS 0x000000070c800000| PB 0x000000070c800000| Untracked 
|  69|0x000000070ca00000, 0x000000070ca00000, 0x000000070cc00000|  0%| F|  |TAMS 0x000000070ca00000| PB 0x000000070ca00000| Untracked 
|  70|0x000000070cc00000, 0x000000070cc00000, 0x000000070ce00000|  0%| F|  |TAMS 0x000000070cc00000| PB 0x000000070cc00000| Untracked 
|  71|0x000000070ce00000, 0x000000070ce00000, 0x000000070d000000|  0%| F|  |TAMS 0x000000070ce00000| PB 0x000000070ce00000| Untracked 
|  72|0x000000070d000000, 0x000000070d000000, 0x000000070d200000|  0%| F|  |TAMS 0x000000070d000000| PB 0x000000070d000000| Untracked 
|  73|0x000000070d200000, 0x000000070d200000, 0x000000070d400000|  0%| F|  |TAMS 0x000000070d200000| PB 0x000000070d200000| Untracked 
|  74|0x000000070d400000, 0x000000070d400000, 0x000000070d600000|  0%| F|  |TAMS 0x000000070d400000| PB 0x000000070d400000| Untracked 
|  75|0x000000070d600000, 0x000000070d600000, 0x000000070d800000|  0%| F|  |TAMS 0x000000070d600000| PB 0x000000070d600000| Untracked 
|  76|0x000000070d800000, 0x000000070d800000, 0x000000070da00000|  0%| F|  |TAMS 0x000000070d800000| PB 0x000000070d800000| Untracked 
|  77|0x000000070da00000, 0x000000070da00000, 0x000000070dc00000|  0%| F|  |TAMS 0x000000070da00000| PB 0x000000070da00000| Untracked 
|  78|0x000000070dc00000, 0x000000070dc00000, 0x000000070de00000|  0%| F|  |TAMS 0x000000070dc00000| PB 0x000000070dc00000| Untracked 
|  79|0x000000070de00000, 0x000000070de00000, 0x000000070e000000|  0%| F|  |TAMS 0x000000070de00000| PB 0x000000070de00000| Untracked 
|  80|0x000000070e000000, 0x000000070e000000, 0x000000070e200000|  0%| F|  |TAMS 0x000000070e000000| PB 0x000000070e000000| Untracked 
|  81|0x000000070e200000, 0x000000070e200000, 0x000000070e400000|  0%| F|  |TAMS 0x000000070e200000| PB 0x000000070e200000| Untracked 
|  82|0x000000070e400000, 0x000000070e400000, 0x000000070e600000|  0%| F|  |TAMS 0x000000070e400000| PB 0x000000070e400000| Untracked 
|  83|0x000000070e600000, 0x000000070e600000, 0x000000070e800000|  0%| F|  |TAMS 0x000000070e600000| PB 0x000000070e600000| Untracked 
|  84|0x000000070e800000, 0x000000070e800000, 0x000000070ea00000|  0%| F|  |TAMS 0x000000070e800000| PB 0x000000070e800000| Untracked 
|  85|0x000000070ea00000, 0x000000070ea00000, 0x000000070ec00000|  0%| F|  |TAMS 0x000000070ea00000| PB 0x000000070ea00000| Untracked 
|  86|0x000000070ec00000, 0x000000070ec00000, 0x000000070ee00000|  0%| F|  |TAMS 0x000000070ec00000| PB 0x000000070ec00000| Untracked 
|  87|0x000000070ee00000, 0x000000070ee00000, 0x000000070f000000|  0%| F|  |TAMS 0x000000070ee00000| PB 0x000000070ee00000| Untracked 
|  88|0x000000070f000000, 0x000000070f000000, 0x000000070f200000|  0%| F|  |TAMS 0x000000070f000000| PB 0x000000070f000000| Untracked 
|  89|0x000000070f200000, 0x000000070f200000, 0x000000070f400000|  0%| F|  |TAMS 0x000000070f200000| PB 0x000000070f200000| Untracked 
|  90|0x000000070f400000, 0x000000070f400000, 0x000000070f600000|  0%| F|  |TAMS 0x000000070f400000| PB 0x000000070f400000| Untracked 
|  91|0x000000070f600000, 0x000000070f600000, 0x000000070f800000|  0%| F|  |TAMS 0x000000070f600000| PB 0x000000070f600000| Untracked 
|  92|0x000000070f800000, 0x000000070f800000, 0x000000070fa00000|  0%| F|  |TAMS 0x000000070f800000| PB 0x000000070f800000| Untracked 
|  93|0x000000070fa00000, 0x000000070fa00000, 0x000000070fc00000|  0%| F|  |TAMS 0x000000070fa00000| PB 0x000000070fa00000| Untracked 
|  94|0x000000070fc00000, 0x000000070fc00000, 0x000000070fe00000|  0%| F|  |TAMS 0x000000070fc00000| PB 0x000000070fc00000| Untracked 
|  95|0x000000070fe00000, 0x000000070fe00000, 0x0000000710000000|  0%| F|  |TAMS 0x000000070fe00000| PB 0x000000070fe00000| Untracked 
|  96|0x0000000710000000, 0x0000000710000000, 0x0000000710200000|  0%| F|  |TAMS 0x0000000710000000| PB 0x0000000710000000| Untracked 
|  97|0x0000000710200000, 0x0000000710200000, 0x0000000710400000|  0%| F|  |TAMS 0x0000000710200000| PB 0x0000000710200000| Untracked 
|  98|0x0000000710400000, 0x0000000710400000, 0x0000000710600000|  0%| F|  |TAMS 0x0000000710400000| PB 0x0000000710400000| Untracked 
|  99|0x0000000710600000, 0x0000000710600000, 0x0000000710800000|  0%| F|  |TAMS 0x0000000710600000| PB 0x0000000710600000| Untracked 
| 100|0x0000000710800000, 0x0000000710800000, 0x0000000710a00000|  0%| F|  |TAMS 0x0000000710800000| PB 0x0000000710800000| Untracked 
| 101|0x0000000710a00000, 0x0000000710a00000, 0x0000000710c00000|  0%| F|  |TAMS 0x0000000710a00000| PB 0x0000000710a00000| Untracked 
| 102|0x0000000710c00000, 0x0000000710c00000, 0x0000000710e00000|  0%| F|  |TAMS 0x0000000710c00000| PB 0x0000000710c00000| Untracked 
| 103|0x0000000710e00000, 0x0000000710e00000, 0x0000000711000000|  0%| F|  |TAMS 0x0000000710e00000| PB 0x0000000710e00000| Untracked 
| 104|0x0000000711000000, 0x0000000711000000, 0x0000000711200000|  0%| F|  |TAMS 0x0000000711000000| PB 0x0000000711000000| Untracked 
| 105|0x0000000711200000, 0x0000000711200000, 0x0000000711400000|  0%| F|  |TAMS 0x0000000711200000| PB 0x0000000711200000| Untracked 
| 106|0x0000000711400000, 0x0000000711400000, 0x0000000711600000|  0%| F|  |TAMS 0x0000000711400000| PB 0x0000000711400000| Untracked 
| 107|0x0000000711600000, 0x0000000711600000, 0x0000000711800000|  0%| F|  |TAMS 0x0000000711600000| PB 0x0000000711600000| Untracked 
| 108|0x0000000711800000, 0x000000071196b830, 0x0000000711a00000| 70%| S|CS|TAMS 0x0000000711800000| PB 0x0000000711800000| Complete 
| 109|0x0000000711a00000, 0x0000000711a00000, 0x0000000711c00000|  0%| F|  |TAMS 0x0000000711a00000| PB 0x0000000711a00000| Untracked 
| 110|0x0000000711c00000, 0x0000000711c00000, 0x0000000711e00000|  0%| F|  |TAMS 0x0000000711c00000| PB 0x0000000711c00000| Untracked 
| 111|0x0000000711e00000, 0x0000000711e00000, 0x0000000712000000|  0%| F|  |TAMS 0x0000000711e00000| PB 0x0000000711e00000| Untracked 
| 112|0x0000000712000000, 0x0000000712000000, 0x0000000712200000|  0%| F|  |TAMS 0x0000000712000000| PB 0x0000000712000000| Untracked 
| 113|0x0000000712200000, 0x0000000712200000, 0x0000000712400000|  0%| F|  |TAMS 0x0000000712200000| PB 0x0000000712200000| Untracked 
| 114|0x0000000712400000, 0x0000000712400000, 0x0000000712600000|  0%| F|  |TAMS 0x0000000712400000| PB 0x0000000712400000| Untracked 
| 115|0x0000000712600000, 0x0000000712600000, 0x0000000712800000|  0%| F|  |TAMS 0x0000000712600000| PB 0x0000000712600000| Untracked 
| 116|0x0000000712800000, 0x00000007129cf760, 0x0000000712a00000| 90%| E|  |TAMS 0x0000000712800000| PB 0x0000000712800000| Complete 
| 117|0x0000000712a00000, 0x0000000712c00000, 0x0000000712c00000|100%| E|CS|TAMS 0x0000000712a00000| PB 0x0000000712a00000| Complete 
| 118|0x0000000712c00000, 0x0000000712e00000, 0x0000000712e00000|100%| E|CS|TAMS 0x0000000712c00000| PB 0x0000000712c00000| Complete 
| 119|0x0000000712e00000, 0x0000000713000000, 0x0000000713000000|100%| E|CS|TAMS 0x0000000712e00000| PB 0x0000000712e00000| Complete 
| 120|0x0000000713000000, 0x0000000713200000, 0x0000000713200000|100%| E|CS|TAMS 0x0000000713000000| PB 0x0000000713000000| Complete 
| 121|0x0000000713200000, 0x0000000713400000, 0x0000000713400000|100%| E|CS|TAMS 0x0000000713200000| PB 0x0000000713200000| Complete 
| 122|0x0000000713400000, 0x0000000713600000, 0x0000000713600000|100%| E|CS|TAMS 0x0000000713400000| PB 0x0000000713400000| Complete 
| 123|0x0000000713600000, 0x0000000713800000, 0x0000000713800000|100%| E|CS|TAMS 0x0000000713600000| PB 0x0000000713600000| Complete 
| 124|0x0000000713800000, 0x0000000713a00000, 0x0000000713a00000|100%| E|CS|TAMS 0x0000000713800000| PB 0x0000000713800000| Complete 
| 125|0x0000000713a00000, 0x0000000713c00000, 0x0000000713c00000|100%| E|CS|TAMS 0x0000000713a00000| PB 0x0000000713a00000| Complete 

Card table byte_map: [0x0000019e98510000,0x0000019e98cf0000] _byte_map_base: 0x0000019e94cf0000

Marking Bits: (CMBitMap*) 0x0000019efe28be00
 Bits: [0x0000019e98cf0000, 0x0000019e9cbf0000)

Polling page: 0x0000019effcc0000

Metaspace:

Usage:
  Non-class:     11.40 MB used.
      Class:      1.54 MB used.
       Both:     12.93 MB used.

Virtual space:
  Non-class space:       64.00 MB reserved,      11.50 MB ( 18%) committed,  1 nodes.
      Class space:        1.00 GB reserved,       1.62 MB ( <1%) committed,  1 nodes.
             Both:        1.06 GB reserved,      13.12 MB (  1%) committed. 

Chunk freelists:
   Non-Class:  3.89 MB
       Class:  14.17 MB
        Both:  18.06 MB

MaxMetaspaceSize: unlimited
CompressedClassSpaceSize: 1.00 GB
Initial GC threshold: 21.00 MB
Current GC threshold: 21.00 MB
CDS: on
 - commit_granule_bytes: 65536.
 - commit_granule_words: 8192.
 - virtual_space_node_default_size: 8388608.
 - enlarge_chunks_in_place: 1.
 - use_allocation_guard: 0.


Internal statistics:

num_allocs_failed_limit: 0.
num_arena_births: 128.
num_arena_deaths: 0.
num_vsnodes_births: 2.
num_vsnodes_deaths: 0.
num_space_committed: 210.
num_space_uncommitted: 0.
num_chunks_returned_to_freelist: 0.
num_chunks_taken_from_freelist: 549.
num_chunk_merges: 0.
num_chunk_splits: 388.
num_chunks_enlarged: 319.
num_inconsistent_stats: 0.

CodeHeap 'non-profiled nmethods': size=120000Kb used=1070Kb max_used=1070Kb free=118929Kb
 bounds [0x0000019e8fe90000, 0x0000019e90100000, 0x0000019e973c0000]
CodeHeap 'profiled nmethods': size=120000Kb used=4902Kb max_used=4902Kb free=115097Kb
 bounds [0x0000019e883c0000, 0x0000019e88890000, 0x0000019e8f8f0000]
CodeHeap 'non-nmethods': size=5760Kb used=1533Kb max_used=1575Kb free=4226Kb
 bounds [0x0000019e8f8f0000, 0x0000019e8fb60000, 0x0000019e8fe90000]
 total_blobs=3018 nmethods=2528 adapters=394
 compilation: enabled
              stopped_count=0, restarted_count=0
 full_count=0

Compilation events (20 events):
Event: 109.725 Thread 0x0000019e9f571640 2523       3       com.google.common.collect.AbstractSetMultimap::asMap (5 bytes)
Event: 109.725 Thread 0x0000019e9f571640 nmethod 2523 0x0000019e88885510 code [0x0000019e88885700, 0x0000019e88885cd8]
Event: 109.725 Thread 0x0000019e9f571640 2524       3       com.google.common.collect.AbstractMultimap::asMap (23 bytes)
Event: 109.725 Thread 0x0000019e9f571640 nmethod 2524 0x0000019e88885e90 code [0x0000019e88886040, 0x0000019e888862f0]
Event: 109.725 Thread 0x0000019e9f571640 2525       3       com.google.common.collect.LinkedHashMultimap::succeedsInValueSet (15 bytes)
Event: 109.726 Thread 0x0000019e9f571640 nmethod 2525 0x0000019e88886390 code [0x0000019e88886560, 0x0000019e888867f8]
Event: 109.726 Thread 0x0000019e9f571640 2527       3       com.google.common.collect.AbstractMapBasedMultimap$AsMap$AsMapIterator::hasNext (10 bytes)
Event: 109.726 Thread 0x0000019e9f571640 nmethod 2527 0x0000019e88886910 code [0x0000019e88886ac0, 0x0000019e88886ca0]
Event: 109.726 Thread 0x0000019e9f571640 2528       3       java.lang.ThreadLocal::get (8 bytes)
Event: 109.726 Thread 0x0000019e9f571640 nmethod 2528 0x0000019e88886d90 code [0x0000019e88886f40, 0x0000019e88887098]
Event: 109.726 Thread 0x0000019e9f571640 2530       3       com.google.inject.internal.InternalInjectorCreator::isEagerSingleton (62 bytes)
Event: 109.726 Thread 0x0000019e9f571640 nmethod 2530 0x0000019e88887110 code [0x0000019e88887340, 0x0000019e88887c70]
Event: 109.726 Thread 0x0000019e9f571640 2531       3       com.google.inject.internal.Scoping::isEagerSingleton (38 bytes)
Event: 109.726 Thread 0x0000019e9f571640 nmethod 2531 0x0000019e88887e90 code [0x0000019e88888040, 0x0000019e888882c8]
Event: 109.727 Thread 0x0000019e9f571640 2529       3       com.google.inject.internal.Scoping$1::getScopeInstance (4 bytes)
Event: 109.727 Thread 0x0000019e9f571640 nmethod 2529 0x0000019e88888390 code [0x0000019e88888520, 0x0000019e88888638]
Event: 109.729 Thread 0x0000019e9f571640 2532       3       java.security.CodeSource::getCertificates (95 bytes)
Event: 109.731 Thread 0x0000019e9f571640 nmethod 2532 0x0000019e88888710 code [0x0000019e88888980, 0x0000019e888895d8]
Event: 109.835 Thread 0x0000019e9f5704f0 2533       4       java.util.ArrayDeque::pollFirst (36 bytes)
Event: 109.837 Thread 0x0000019e9f5704f0 nmethod 2533 0x0000019e8ff9b710 code [0x0000019e8ff9b8a0, 0x0000019e8ff9b9f0]

GC Heap History (4 events):
Event: 32.643 GC heap before
{Heap before GC invocations=0 (full 0):
 garbage-first heap   total 258048K, used 22528K [0x0000000704000000, 0x0000000800000000)
  region size 2048K, 11 young (22528K), 0 survivors (0K)
 Metaspace       used 6215K, committed 6464K, reserved 1114112K
  class space    used 700K, committed 832K, reserved 1048576K
}
Event: 34.376 GC heap after
{Heap after GC invocations=1 (full 0):
 garbage-first heap   total 258048K, used 4270K [0x0000000704000000, 0x0000000800000000)
  region size 2048K, 2 young (4096K), 2 survivors (4096K)
 Metaspace       used 6215K, committed 6464K, reserved 1114112K
  class space    used 700K, committed 832K, reserved 1048576K
}
Event: 79.076 GC heap before
{Heap before GC invocations=1 (full 0):
 garbage-first heap   total 258048K, used 34990K [0x0000000704000000, 0x0000000800000000)
  region size 2048K, 17 young (34816K), 2 survivors (4096K)
 Metaspace       used 9635K, committed 9856K, reserved 1114112K
  class space    used 1109K, committed 1216K, reserved 1048576K
}
Event: 79.091 GC heap after
{Heap after GC invocations=2 (full 0):
 garbage-first heap   total 258048K, used 5719K [0x0000000704000000, 0x0000000800000000)
  region size 2048K, 1 young (2048K), 1 survivors (2048K)
 Metaspace       used 9635K, committed 9856K, reserved 1114112K
  class space    used 1109K, committed 1216K, reserved 1048576K
}

Dll operation events (12 events):
Event: 0.056 Loaded shared library C:\Program Files\Java\jdk-21.0.6\bin\java.dll
Event: 0.349 Loaded shared library C:\Program Files\Java\jdk-21.0.6\bin\jsvml.dll
Event: 0.351 Loaded shared library C:\Program Files\Java\jdk-21.0.6\bin\zip.dll
Event: 0.359 Loaded shared library C:\Program Files\Java\jdk-21.0.6\bin\instrument.dll
Event: 0.389 Loaded shared library C:\Program Files\Java\jdk-21.0.6\bin\net.dll
Event: 0.392 Loaded shared library C:\Program Files\Java\jdk-21.0.6\bin\nio.dll
Event: 0.398 Loaded shared library C:\Program Files\Java\jdk-21.0.6\bin\zip.dll
Event: 0.485 Loaded shared library C:\Program Files\JetBrains\IntelliJ IDEA 2023.3.4\bin\breakgen64.dll
Event: 0.533 Loaded shared library C:\Program Files\Java\jdk-21.0.6\bin\extnet.dll
Event: 1.040 Loaded shared library C:\Program Files\Java\jdk-21.0.6\bin\jimage.dll
Event: 17.206 Loaded shared library C:\Users\DELL\AppData\Local\Temp\jansi-2.4.1-1b9a78b4f2563159-jansi.dll
Event: 17.235 Loaded shared library C:\Program Files\Java\jdk-21.0.6\bin\verify.dll

Deoptimization events (20 events):
Event: 98.095 Thread 0x0000019efe224420 DEOPT PACKING pc=0x0000019e8877ec24 sp=0x0000005e050fe100
Event: 98.095 Thread 0x0000019efe224420 DEOPT UNPACKING pc=0x0000019e8f9488e2 sp=0x0000005e050fd660 mode 0
Event: 101.401 Thread 0x0000019efe224420 DEOPT PACKING pc=0x0000019e8877461c sp=0x0000005e050fd560
Event: 101.401 Thread 0x0000019efe224420 DEOPT UNPACKING pc=0x0000019e8f9488e2 sp=0x0000005e050fca18 mode 0
Event: 107.370 Thread 0x0000019efe224420 Uncommon trap: trap_request=0xffffffbe fr.pc=0x0000019e8ff927e0 relative=0x0000000000000380
Event: 107.370 Thread 0x0000019efe224420 Uncommon trap: reason=profile_predicate action=maybe_recompile pc=0x0000019e8ff927e0 method=com.google.inject.internal.aop.ImmutableStringTrie.nextPivotColumn([Ljava/lang/String;III)I @ 21 c2
Event: 107.370 Thread 0x0000019efe224420 DEOPT PACKING pc=0x0000019e8ff927e0 sp=0x0000005e050fd6d0
Event: 107.370 Thread 0x0000019efe224420 DEOPT UNPACKING pc=0x0000019e8f947da2 sp=0x0000005e050fd660 mode 2
Event: 107.373 Thread 0x0000019efe224420 Uncommon trap: trap_request=0xffffffbe fr.pc=0x0000019e8ff927e0 relative=0x0000000000000380
Event: 107.373 Thread 0x0000019efe224420 Uncommon trap: reason=profile_predicate action=maybe_recompile pc=0x0000019e8ff927e0 method=com.google.inject.internal.aop.ImmutableStringTrie.nextPivotColumn([Ljava/lang/String;III)I @ 21 c2
Event: 107.373 Thread 0x0000019efe224420 DEOPT PACKING pc=0x0000019e8ff927e0 sp=0x0000005e050fd720
Event: 107.373 Thread 0x0000019efe224420 DEOPT UNPACKING pc=0x0000019e8f947da2 sp=0x0000005e050fd6b0 mode 2
Event: 107.374 Thread 0x0000019efe224420 Uncommon trap: trap_request=0xffffffbe fr.pc=0x0000019e8ff927e0 relative=0x0000000000000380
Event: 107.374 Thread 0x0000019efe224420 Uncommon trap: reason=profile_predicate action=maybe_recompile pc=0x0000019e8ff927e0 method=com.google.inject.internal.aop.ImmutableStringTrie.nextPivotColumn([Ljava/lang/String;III)I @ 21 c2
Event: 107.374 Thread 0x0000019efe224420 DEOPT PACKING pc=0x0000019e8ff927e0 sp=0x0000005e050fd720
Event: 107.374 Thread 0x0000019efe224420 DEOPT UNPACKING pc=0x0000019e8f947da2 sp=0x0000005e050fd6b0 mode 2
Event: 107.374 Thread 0x0000019efe224420 Uncommon trap: trap_request=0xffffffbe fr.pc=0x0000019e8ff927e0 relative=0x0000000000000380
Event: 107.374 Thread 0x0000019efe224420 Uncommon trap: reason=profile_predicate action=maybe_recompile pc=0x0000019e8ff927e0 method=com.google.inject.internal.aop.ImmutableStringTrie.nextPivotColumn([Ljava/lang/String;III)I @ 21 c2
Event: 107.374 Thread 0x0000019efe224420 DEOPT PACKING pc=0x0000019e8ff927e0 sp=0x0000005e050fd720
Event: 107.374 Thread 0x0000019efe224420 DEOPT UNPACKING pc=0x0000019e8f947da2 sp=0x0000005e050fd6b0 mode 2

Classes loaded (20 events):
Event: 91.656 Loading class java/nio/file/AccessDeniedException
Event: 91.656 Loading class java/nio/file/FileSystemException
Event: 91.656 Loading class java/nio/file/FileSystemException done
Event: 91.656 Loading class java/nio/file/AccessDeniedException done
Event: 93.186 Loading class java/lang/ExceptionInInitializerError
Event: 93.187 Loading class java/lang/ExceptionInInitializerError done
Event: 93.193 Loading class jdk/internal/vm/annotation/ForceInline
Event: 93.193 Loading class jdk/internal/vm/annotation/ForceInline done
Event: 95.441 Loading class sun/invoke/util/ValueConversions$1
Event: 95.441 Loading class sun/invoke/util/ValueConversions$1 done
Event: 95.442 Loading class java/lang/invoke/BoundMethodHandle$Species_LI
Event: 95.442 Loading class java/lang/invoke/BoundMethodHandle$Species_LI done
Event: 95.451 Loading class jdk/internal/org/objectweb/asm/ClassReader
Event: 95.451 Loading class jdk/internal/org/objectweb/asm/ClassReader done
Event: 101.397 Loading class sun/reflect/generics/scope/MethodScope
Event: 101.397 Loading class sun/reflect/generics/scope/MethodScope done
Event: 101.397 Loading class sun/reflect/generics/repository/MethodRepository
Event: 101.397 Loading class sun/reflect/generics/repository/MethodRepository done
Event: 109.709 Loading class java/util/ConcurrentModificationException
Event: 109.709 Loading class java/util/ConcurrentModificationException done

Classes unloaded (0 events):
No events

Classes redefined (0 events):
No events

Internal exceptions (20 events):
Event: 17.191 Thread 0x0000019efe224420 Exception <a 'sun/nio/fs/WindowsException'{0x0000000713271738}> (0x0000000713271738) 
thrown [s\open\src\hotspot\share\prims\jni.cpp, line 520]
Event: 17.588 Thread 0x0000019efe224420 Exception <a 'java/lang/NoSuchMethodError'{0x0000000713318130}: 'void java.lang.invoke.DirectMethodHandle$Holder.invokeStaticInit(java.lang.Object, java.lang.Object)'> (0x0000000713318130) 
thrown [s\open\src\hotspot\share\interpreter\linkResolver.cpp, line 773]
Event: 21.135 Thread 0x0000019efe224420 Exception <a 'java/lang/NoSuchMethodError'{0x00000007130cbe00}: 'java.lang.Object java.lang.invoke.DirectMethodHandle$Holder.invokeSpecialIFC(java.lang.Object, java.lang.Object, java.lang.Object, java.lang.Object)'> (0x00000007130cbe00) 
thrown [s\open\src\hotspot\share\interpreter\linkResolver.cpp, line 773]
Event: 23.419 Thread 0x0000019efe224420 Exception <a 'java/lang/NoSuchMethodError'{0x0000000712a32218}: 'void java.lang.invoke.DirectMethodHandle$Holder.invokeSpecial(java.lang.Object, java.lang.Object, java.lang.Object)'> (0x0000000712a32218) 
thrown [s\open\src\hotspot\share\interpreter\linkResolver.cpp, line 773]
Event: 23.811 Thread 0x0000019efe224420 Exception <a 'java/lang/NoSuchMethodError'{0x0000000712b85e60}: 'java.lang.Object java.lang.invoke.DirectMethodHandle$Holder.invokeInterface(java.lang.Object, java.lang.Object)'> (0x0000000712b85e60) 
thrown [s\open\src\hotspot\share\interpreter\linkResolver.cpp, line 773]
Event: 24.943 Thread 0x0000019efe224420 Exception <a 'java/lang/NoSuchMethodError'{0x0000000712823860}: 'int java.lang.invoke.DirectMethodHandle$Holder.invokeStatic(java.lang.Object, java.lang.Object, java.lang.Object, java.lang.Object)'> (0x0000000712823860) 
thrown [s\open\src\hotspot\share\interpreter\linkResolver.cpp, line 773]
Event: 24.945 Thread 0x0000019efe224420 Exception <a 'java/lang/NoSuchMethodError'{0x00000007128319b0}: 'int java.lang.invoke.DirectMethodHandle$Holder.invokeSpecialIFC(java.lang.Object, java.lang.Object, java.lang.Object, java.lang.Object, java.lang.Object)'> (0x00000007128319b0) 
thrown [s\open\src\hotspot\share\interpreter\linkResolver.cpp, line 773]
Event: 29.473 Thread 0x0000019efe224420 Exception <a 'java/lang/NoSuchMethodError'{0x00000007129c61b0}: 'java.lang.Object java.lang.invoke.DirectMethodHandle$Holder.newInvokeSpecial(java.lang.Object, java.lang.Object, java.lang.Object, java.lang.Object, java.lang.Object)'> (0x00000007129c61b0) 
thrown [s\open\src\hotspot\share\interpreter\linkResolver.cpp, line 773]
Event: 31.213 Thread 0x0000019efe224420 Exception <a 'java/lang/NoSuchMethodError'{0x00000007126cbf50}: 'int java.lang.invoke.DirectMethodHandle$Holder.invokeStaticInit(java.lang.Object, java.lang.Object)'> (0x00000007126cbf50) 
thrown [s\open\src\hotspot\share\interpreter\linkResolver.cpp, line 773]
Event: 31.235 Thread 0x0000019efe224420 Exception <a 'java/lang/NoClassDefFoundError'{0x0000000712702c18}: javax/enterprise/inject/Typed> (0x0000000712702c18) 
thrown [s\open\src\hotspot\share\classfile\systemDictionary.cpp, line 301]
Event: 92.524 Thread 0x0000019efe224420 Exception <a 'java/lang/NoSuchMethodError'{0x0000000713360140}: 'void java.lang.invoke.DirectMethodHandle$Holder.invokeStaticInit(java.lang.Object, java.lang.Object, java.lang.Object)'> (0x0000000713360140) 
thrown [s\open\src\hotspot\share\interpreter\linkResolver.cpp, line 773]
Event: 93.191 Thread 0x0000019efe224420 Exception <a 'java/lang/ExceptionInInitializerError'{0x0000000713389808}> (0x0000000713389808) 
thrown [s\open\src\hotspot\share\oops\instanceKlass.cpp, line 1192]
Event: 95.442 Thread 0x0000019efe224420 Exception <a 'java/lang/NoSuchMethodError'{0x000000071309cd00}: 'long java.lang.invoke.DirectMethodHandle$Holder.invokeStatic(java.lang.Object, java.lang.Object, int)'> (0x000000071309cd00) 
thrown [s\open\src\hotspot\share\interpreter\linkResolver.cpp, line 773]
Event: 95.444 Thread 0x0000019efe224420 Exception <a 'java/lang/NoSuchMethodError'{0x00000007130afdd8}: 'java.lang.Object java.lang.invoke.DirectMethodHandle$Holder.invokeStatic(java.lang.Object, java.lang.Object, java.lang.Object, java.lang.Object, int)'> (0x00000007130afdd8) 
thrown [s\open\src\hotspot\share\interpreter\linkResolver.cpp, line 773]
Event: 95.445 Thread 0x0000019efe224420 Exception <a 'java/lang/NoSuchMethodError'{0x00000007130b7d10}: 'java.lang.Object java.lang.invoke.DirectMethodHandle$Holder.invokeSpecial(java.lang.Object, java.lang.Object, java.lang.Object, java.lang.Object, long)'> (0x00000007130b7d10) 
thrown [s\open\src\hotspot\share\interpreter\linkResolver.cpp, line 773]
Event: 95.447 Thread 0x0000019efe224420 Exception <a 'java/lang/NoSuchMethodError'{0x00000007130c35d8}: 'java.lang.Object java.lang.invoke.DirectMethodHandle$Holder.invokeSpecial(java.lang.Object, java.lang.Object, java.lang.Object, int, java.lang.Object)'> (0x00000007130c35d8) 
thrown [s\open\src\hotspot\share\interpreter\linkResolver.cpp, line 773]
Event: 95.448 Thread 0x0000019efe224420 Exception <a 'java/lang/NoSuchMethodError'{0x00000007130cb718}: 'int java.lang.invoke.DirectMethodHandle$Holder.invokeSpecial(java.lang.Object, java.lang.Object, java.lang.Object, int)'> (0x00000007130cb718) 
thrown [s\open\src\hotspot\share\interpreter\linkResolver.cpp, line 773]
Event: 95.453 Thread 0x0000019efe224420 Implicit null exception at 0x0000019e8ff2d85a to 0x0000019e8ff2da54
Event: 95.455 Thread 0x0000019efe224420 Exception <a 'java/lang/NoSuchMethodError'{0x00000007130f0300}: 'java.lang.Object java.lang.invoke.Invokers$Holder.invokeExact_MT(java.lang.Object, int, java.lang.Object)'> (0x00000007130f0300) 
thrown [s\open\src\hotspot\share\interpreter\linkResolver.cpp, line 773]
Event: 109.715 Thread 0x0000019efe224420 Exception <a 'java/lang/NoSuchMethodError'{0x000000071290def8}: 'void java.lang.invoke.Invokers$Holder.invokeExact_MT(java.lang.Object, java.lang.Object, java.lang.Object, java.lang.Object)'> (0x000000071290def8) 
thrown [s\open\src\hotspot\share\interpreter\linkResolver.cpp, line 773]

ZGC Phase Switch (0 events):
No events

VM Operations (20 events):
Event: 98.093 Executing VM operation: HandshakeAllThreads (Deoptimize) done
Event: 99.093 Executing VM operation: Cleanup
Event: 99.564 Executing VM operation: Cleanup done
Event: 100.566 Executing VM operation: Cleanup
Event: 101.321 Executing VM operation: Cleanup done
Event: 101.400 Executing VM operation: HandshakeAllThreads (Deoptimize)
Event: 101.400 Executing VM operation: HandshakeAllThreads (Deoptimize) done
Event: 102.406 Executing VM operation: Cleanup
Event: 102.610 Executing VM operation: Cleanup done
Event: 104.614 Executing VM operation: Cleanup
Event: 105.083 Executing VM operation: Cleanup done
Event: 106.108 Executing VM operation: Cleanup
Event: 107.344 Executing VM operation: Cleanup done
Event: 108.351 Executing VM operation: Cleanup
Event: 108.369 Executing VM operation: Cleanup done
Event: 109.375 Executing VM operation: Cleanup
Event: 109.375 Executing VM operation: Cleanup done
Event: 109.707 Executing VM operation: HandshakeAllThreads (Deoptimize)
Event: 109.708 Executing VM operation: HandshakeAllThreads (Deoptimize) done
Event: 110.722 Executing VM operation: Cleanup

Events (20 events):
Event: 0.202 Thread 0x0000019e9f56d760 Thread added: 0x0000019e9f56d760
Event: 0.202 Thread 0x0000019e9f5704f0 Thread added: 0x0000019e9f5704f0
Event: 0.205 Thread 0x0000019e9f571640 Thread added: 0x0000019e9f571640
Event: 0.281 Thread 0x0000019e9f69cca0 Thread added: 0x0000019e9f69cca0
Event: 0.486 Thread 0x0000019e9f8da1d0 Thread added: 0x0000019e9f8da1d0
Event: 0.486 Thread 0x0000019e9f8e15f0 Thread added: 0x0000019e9f8e15f0
Event: 1.060 Thread 0x0000019e9fa53a80 Thread added: 0x0000019e9fa53a80
Event: 1.062 Thread 0x0000019e9fa58130 Thread added: 0x0000019e9fa58130
Event: 1.306 Thread 0x0000019e9fa58130 Thread exited: 0x0000019e9fa58130
Event: 1.315 Thread 0x0000019e9fa53a80 Thread exited: 0x0000019e9fa53a80
Event: 3.417 Thread 0x0000019ee50635d0 Thread added: 0x0000019ee50635d0
Event: 21.130 Thread 0x0000019e9fadb340 Thread added: 0x0000019e9fadb340
Event: 21.784 Thread 0x0000019e9fadb340 Thread exited: 0x0000019e9fadb340
Event: 32.301 Thread 0x0000019ee51bf930 Thread added: 0x0000019ee51bf930
Event: 34.386 Thread 0x0000019ee5177470 Thread added: 0x0000019ee5177470
Event: 34.899 Thread 0x0000019ee5177470 Thread exited: 0x0000019ee5177470
Event: 34.899 Thread 0x0000019ee51bf930 Thread exited: 0x0000019ee51bf930
Event: 34.905 Thread 0x0000019ee545f970 Thread added: 0x0000019ee545f970
Event: 36.003 Thread 0x0000019ee545f970 Thread exited: 0x0000019ee545f970
Event: 45.393 Thread 0x0000019ee50635d0 Thread exited: 0x0000019ee50635d0


Dynamic libraries:
0x00007ff7e26f0000 - 0x00007ff7e2700000 	C:\Program Files\Java\jdk-21.0.6\bin\java.exe
0x00007ffbc1e40000 - 0x00007ffbc20a0000 	C:\WINDOWS\SYSTEM32\ntdll.dll
0x00007ffbc0980000 - 0x00007ffbc0a47000 	C:\WINDOWS\System32\KERNEL32.DLL
0x00007ffbbf020000 - 0x00007ffbbf3ea000 	C:\WINDOWS\System32\KERNELBASE.dll
0x00007ffbbf810000 - 0x00007ffbbf95b000 	C:\WINDOWS\System32\ucrtbase.dll
0x00007ffba0ac0000 - 0x00007ffba0adb000 	C:\Program Files\Java\jdk-21.0.6\bin\VCRUNTIME140.dll
0x00007ffb815c0000 - 0x00007ffb815d9000 	C:\Program Files\Java\jdk-21.0.6\bin\jli.dll
0x00007ffbc0450000 - 0x00007ffbc0502000 	C:\WINDOWS\System32\ADVAPI32.dll
0x00007ffbc02c0000 - 0x00007ffbc0369000 	C:\WINDOWS\System32\msvcrt.dll
0x00007ffbbff10000 - 0x00007ffbbffb6000 	C:\WINDOWS\System32\sechost.dll
0x00007ffbc0860000 - 0x00007ffbc0976000 	C:\WINDOWS\System32\RPCRT4.dll
0x00007ffbbfc40000 - 0x00007ffbbfe0c000 	C:\WINDOWS\System32\USER32.dll
0x00007ffbbf3f0000 - 0x00007ffbbf417000 	C:\WINDOWS\System32\win32u.dll
0x00007ffbc18f0000 - 0x00007ffbc191a000 	C:\WINDOWS\System32\GDI32.dll
0x00007ffbbf620000 - 0x00007ffbbf751000 	C:\WINDOWS\System32\gdi32full.dll
0x00007ffbbf760000 - 0x00007ffbbf803000 	C:\WINDOWS\System32\msvcp_win.dll
0x00007ffba5240000 - 0x00007ffba54d7000 	C:\WINDOWS\WinSxS\amd64_microsoft.windows.common-controls_6595b64144ccf1df_6.0.26100.3624_none_3e086962e3345f24\COMCTL32.dll
0x00007ffbaee60000 - 0x00007ffbaee6b000 	C:\WINDOWS\SYSTEM32\VERSION.dll
0x00007ffbc0820000 - 0x00007ffbc084f000 	C:\WINDOWS\System32\IMM32.DLL
0x00007ffbb0a50000 - 0x00007ffbb0a5c000 	C:\Program Files\Java\jdk-21.0.6\bin\vcruntime140_1.dll
0x00007ffb77ad0000 - 0x00007ffb77b5e000 	C:\Program Files\Java\jdk-21.0.6\bin\msvcp140.dll
0x00007ffb58f30000 - 0x00007ffb59c4a000 	C:\Program Files\Java\jdk-21.0.6\bin\server\jvm.dll
0x00007ffbc0b30000 - 0x00007ffbc0ba4000 	C:\WINDOWS\System32\WS2_32.dll
0x00007ffbbe6d0000 - 0x00007ffbbe72e000 	C:\WINDOWS\SYSTEM32\POWRPROF.dll
0x00007ffbb7340000 - 0x00007ffbb7376000 	C:\WINDOWS\SYSTEM32\WINMM.dll
0x00007ffbbe6b0000 - 0x00007ffbbe6c4000 	C:\WINDOWS\SYSTEM32\UMPDC.dll
0x00007ffbbdd90000 - 0x00007ffbbddaa000 	C:\WINDOWS\SYSTEM32\kernel.appcore.dll
0x00007ffba0c80000 - 0x00007ffba0c8a000 	C:\Program Files\Java\jdk-21.0.6\bin\jimage.dll
0x000000005fc40000 - 0x000000005fdd6000 	C:\Program Files\Microsoft SQL Server\110\Shared\DBGHELP.DLL
0x00007ffbb9d50000 - 0x00007ffbb9d5f000 	C:\Program Files\Java\jdk-21.0.6\bin\instrument.dll
0x00007ffb815a0000 - 0x00007ffb815bf000 	C:\Program Files\Java\jdk-21.0.6\bin\java.dll
0x00007ffbc1080000 - 0x00007ffbc17a9000 	C:\WINDOWS\System32\SHELL32.dll
0x00007ffbbf4b0000 - 0x00007ffbbf618000 	C:\WINDOWS\System32\wintypes.dll
0x00007ffbc1920000 - 0x00007ffbc1ca2000 	C:\WINDOWS\System32\combase.dll
0x00007ffbbcc80000 - 0x00007ffbbd4d2000 	C:\WINDOWS\SYSTEM32\windows.storage.dll
0x00007ffbc1800000 - 0x00007ffbc18ed000 	C:\WINDOWS\System32\SHCORE.dll
0x00007ffbc1cb0000 - 0x00007ffbc1d14000 	C:\WINDOWS\System32\shlwapi.dll
0x00007ffbbef30000 - 0x00007ffbbef5f000 	C:\WINDOWS\SYSTEM32\profapi.dll
0x00007ffb6cb30000 - 0x00007ffb6cc07000 	C:\Program Files\Java\jdk-21.0.6\bin\jsvml.dll
0x00007ffb81440000 - 0x00007ffb81458000 	C:\Program Files\Java\jdk-21.0.6\bin\zip.dll
0x00007ffb96630000 - 0x00007ffb96640000 	C:\Program Files\Java\jdk-21.0.6\bin\net.dll
0x00007ffbb9120000 - 0x00007ffbb923d000 	C:\WINDOWS\SYSTEM32\WINHTTP.dll
0x00007ffbbe2f0000 - 0x00007ffbbe35a000 	C:\WINDOWS\system32\mswsock.dll
0x00007ffb81530000 - 0x00007ffb81546000 	C:\Program Files\Java\jdk-21.0.6\bin\nio.dll
0x00007ffbb9990000 - 0x00007ffbb99aa000 	C:\Program Files\JetBrains\IntelliJ IDEA 2023.3.4\bin\breakgen64.dll
0x00007ffb8f2e0000 - 0x00007ffb8f2e9000 	C:\Program Files\Java\jdk-21.0.6\bin\extnet.dll
0x00007ffb6ef70000 - 0x00007ffb6ef94000 	C:\Users\DELL\AppData\Local\Temp\jansi-2.4.1-1b9a78b4f2563159-jansi.dll
0x00007ffb81fe0000 - 0x00007ffb81ff0000 	C:\Program Files\Java\jdk-21.0.6\bin\verify.dll

dbghelp: loaded successfully - version: 4.0.5 - missing functions: none
symbol engine: initialized successfully - sym options: 0x614 - pdb path: .;C:\Program Files\Java\jdk-21.0.6\bin;C:\WINDOWS\SYSTEM32;C:\WINDOWS\WinSxS\amd64_microsoft.windows.common-controls_6595b64144ccf1df_6.0.26100.3624_none_3e086962e3345f24;C:\Program Files\Java\jdk-21.0.6\bin\server;C:\Program Files\Microsoft SQL Server\110\Shared;C:\Program Files\JetBrains\IntelliJ IDEA 2023.3.4\bin;C:\Users\DELL\AppData\Local\Temp

VM Arguments:
jvm_args: -Dmaven.multiModuleProjectDirectory=C:\Users\DELL\Desktop\angular Project\backEnd\carsAgence -Djansi.passthrough=true -Dmaven.home=C:\Users\DELL\.m2\wrapper\dists\apache-maven-3.9.9-bin\4nf9hui3q3djbarqar9g711ggc\apache-maven-3.9.9 -Dclassworlds.conf=C:\Users\DELL\.m2\wrapper\dists\apache-maven-3.9.9-bin\4nf9hui3q3djbarqar9g711ggc\apache-maven-3.9.9\bin\m2.conf -Dmaven.ext.class.path=C:\Program Files\JetBrains\IntelliJ IDEA 2023.3.4\plugins\maven\lib\maven-event-listener.jar -javaagent:C:\Program Files\JetBrains\IntelliJ IDEA 2023.3.4\lib\idea_rt.jar=52316:C:\Program Files\JetBrains\IntelliJ IDEA 2023.3.4\bin -Dfile.encoding=UTF-8 -Dsun.stdout.encoding=UTF-8 -Dsun.stderr.encoding=UTF-8 
java_command: org.codehaus.classworlds.Launcher -Didea.version=2023.3.4 clean install
java_class_path (initial): C:\Users\DELL\.m2\wrapper\dists\apache-maven-3.9.9-bin\4nf9hui3q3djbarqar9g711ggc\apache-maven-3.9.9\boot\plexus-classworlds-2.8.0.jar;C:\Users\DELL\.m2\wrapper\dists\apache-maven-3.9.9-bin\4nf9hui3q3djbarqar9g711ggc\apache-maven-3.9.9\boot\plexus-classworlds.license
Launcher Type: SUN_STANDARD

[Global flags]
     intx CICompilerCount                          = 4                                         {product} {ergonomic}
     uint ConcGCThreads                            = 2                                         {product} {ergonomic}
     uint G1ConcRefinementThreads                  = 8                                         {product} {ergonomic}
   size_t G1HeapRegionSize                         = 2097152                                   {product} {ergonomic}
    uintx GCDrainStackTargetSize                   = 64                                        {product} {ergonomic}
   size_t InitialHeapSize                          = 264241152                                 {product} {ergonomic}
   size_t MarkStackSize                            = 4194304                                   {product} {ergonomic}
   size_t MaxHeapSize                              = 4227858432                                {product} {ergonomic}
   size_t MaxNewSize                               = 2535456768                                {product} {ergonomic}
   size_t MinHeapDeltaBytes                        = 2097152                                   {product} {ergonomic}
   size_t MinHeapSize                              = 8388608                                   {product} {ergonomic}
    uintx NonNMethodCodeHeapSize                   = 5839372                                {pd product} {ergonomic}
    uintx NonProfiledCodeHeapSize                  = 122909434                              {pd product} {ergonomic}
    uintx ProfiledCodeHeapSize                     = 122909434                              {pd product} {ergonomic}
    uintx ReservedCodeCacheSize                    = 251658240                              {pd product} {ergonomic}
     bool SegmentedCodeCache                       = true                                      {product} {ergonomic}
   size_t SoftMaxHeapSize                          = 4227858432                             {manageable} {ergonomic}
     bool UseCompressedOops                        = true                           {product lp64_product} {ergonomic}
     bool UseG1GC                                  = true                                      {product} {ergonomic}
     bool UseLargePagesIndividualAllocation        = false                                  {pd product} {ergonomic}

Logging:
Log output configuration:
 #0: stdout all=warning uptime,level,tags foldmultilines=false
 #1: stderr all=off uptime,level,tags foldmultilines=false

Environment Variables:
PATH=C:\PySchool\3.10-32-bit\Scripts;C:\PySchool\3.10-32-bit;C:\oraclexe\app\oracle\product\11.2.0\server\bin;C:\Program Files (x86)\VMware\VMware Workstation\bin\;C:\Program Files\Common Files\Siemens\Automation\Simatic OAM\bin;C:\WINDOWS\system32;C:\WINDOWS;C:\WINDOWS\System32\Wbem;C:\WINDOWS\System32\WindowsPowerShell\v1.0\;C:\WINDOWS\System32\OpenSSH\;C:\Program Files (x86)\Microchip\MPLAB C32 Suite\bin;c:\Program Files (x86)\Microsoft SQL Server\100\Tools\Binn\;c:\Program Files\Microsoft SQL Server\100\Tools\Binn\;c:\Program Files\Microsoft SQL Server\100\DTS\Binn\;C:\Users\DELL\AppData\Local\Programs\Python\Python311;C:\Users\DELL\AppData\Local\Programs\Python\Python311\Scripts;C:\wamp64\bin\php\php8.2.0;C:\wamp64\bin;C:\Program Files\Git\cmd;C:\Program Files\dotnet\;C:\Program Files\Docker\Docker\resources\bin;C:\Users\DELL\AppData\Local\nvm;C:\nvm4w\nodejs;C:\Program Files\Microsoft SQL Server\150\Tools\Binn\;C:\Program Files\Microsoft SQL Server\Client SDK\ODBC\170\Tools\Binn\;C:\Program Files (x86)\Windows Kits\10\Windows Performance Toolkit\;C:\Program Files\Microsoft SQL Server\110\DTS\Binn\;C:\Program Files (x86)\Microsoft SQL Server\110\Tools\Binn\;C:\Program Files\Microsoft SQL Server\110\Tools\Binn\;C:\Program Files (x86)\Microsoft SQL Server\110\Tools\Binn\ManagementStudio\;C:\Program Files (x86)\Microsoft Visual Studio 10.0\Common7\IDE\PrivateAssemblies\;C:\Program Files (x86)\Microsoft SQL Server\110\DTS\Binn\;C:\Program Files\Java\jdk-21.0.6\bin;C:\Users\DELL\scoop\shims;C:\Users\DELL\AppData\Local\Microsoft\WindowsApps;C:\phpm\php-8.2.3 (1);C:\Program Files\JetBrains\PhpStorm 2023.1\bin;;C:\wamp64\bin;C:\Users\DELL\AppData\Local\Programs\Microsoft VS Code\bin;C:\Users\DELL\AppData\Roaming\npm;C:\Users\DELL\AppData\Local\nvm;C:\nvm4w\nodejs;C:\Users\DELL\.dotnet\tools;C:\Users\DELL\AppData\Local\Programs\cursor\resources\app\bin
USERNAME=DELL
OS=Windows_NT
PROCESSOR_IDENTIFIER=Intel64 Family 6 Model 140 Stepping 1, GenuineIntel
TMP=C:\Users\DELL\AppData\Local\Temp
TEMP=C:\Users\DELL\AppData\Local\Temp




Periodic native trim disabled

---------------  S Y S T E M  ---------------

OS:
 Windows 11 , 64 bit Build 26100 (10.0.26100.3775)
OS uptime: 1 days 17:54 hours
Hyper-V role detected

CPU: total 8 (initial active 8) (4 cores per cpu, 2 threads per core) family 6 model 140 stepping 1 microcode 0xba, cx8, cmov, fxsr, ht, mmx, 3dnowpref, sse, sse2, sse3, ssse3, sse4.1, sse4.2, popcnt, lzcnt, tsc, tscinvbit, avx, avx2, aes, erms, clmul, bmi1, bmi2, adx, avx512f, avx512dq, avx512cd, avx512bw, avx512vl, sha, fma, vzeroupper, avx512_vpopcntdq, avx512_vpclmulqdq, avx512_vaes, avx512_vnni, clflush, clflushopt, clwb, avx512_vbmi2, avx512_vbmi, hv, rdtscp, rdpid, fsrm, gfni, avx512_bitalg, f16c, cet_ibt, cet_ss, avx512_ifma
Processor Information for all 8 processors :
  Max Mhz: 2419, Current Mhz: 2419, Mhz Limit: 2419

Memory: 4k page, system-wide physical 16126M (1012M free)
TotalPageFile size 65278M (AvailPageFile size 0M)
current process WorkingSet (physical memory assigned to process): 64M, peak: 99M
current process commit charge ("private bytes"): 359M, peak: 369M

vm_info: Java HotSpot(TM) 64-Bit Server VM (21.0.6+8-LTS-188) for windows-amd64 JRE (21.0.6+8-LTS-188), built on 2024-12-03T10:50:54Z by "mach5one" with MS VC++ 17.6 (VS2022)

END.
