#
# There is insufficient memory for the Java Runtime Environment to continue.
# Native memory allocation (mmap) failed to map 65536 bytes for Failed to commit metaspace.
# Possible reasons:
#   The system is out of physical RAM or swap space
#   The process is running with CompressedOops enabled, and the Java Heap may be blocking the growth of the native heap
# Possible solutions:
#   Reduce memory load on the system
#   Increase physical memory or swap space
#   Check if swap backing store is full
#   Decrease Java heap size (-Xmx/-Xms)
#
#  Out of Memory Error, pid=25952
Compiled method (n/a)   96378  596     n 0       java.lang.ClassLoader::defineClass1 (native)
 total in heap  [0x0000018f07b06590,0x0000018f07b06cf0] = 1888
 relocation     [0x0000018f07b066f0,0x0000018f07b06730] = 64
 main code      [0x0000018f07b06740,0x0000018f07b06cef] = 1455
 stub code      [0x0000018f07b06cef,0x0000018f07b06cf0] = 1

[Constant Pool (empty)]

[MachCode]
[Entry Point]
  # {method} {0x0000018f1543ac80} 'defineClass1' '(Ljava/lang/ClassLoader;Ljava/lang/String;[BIILjava/security/ProtectionDomain;Ljava/lang/String;)Ljava/lang/Class;' in 'java/lang/ClassLoader'
  # parm0:    rdx:rdx   = 'java/lang/ClassLoader'
  # parm1:    r8:r8     = 'java/lang/String'
  # parm2:    r9:r9     = '[B'
  # parm3:    rdi       = int
  # parm4:    rsi       = int
  # parm5:    rcx:rcx   = 'java/security/ProtectionDomain'
  # parm6:    [sp+0xa0]   = 'java/lang/String'  (sp of caller)
  0x0000018f07b06740: 448b 5208 | 49bb 0000 | 0015 8f01 | 0000 4d03 | d349 3bc2 | 0f84 0600 

  0x0000018f07b06758: ;   {runtime_call ic_miss_stub}
  0x0000018f07b06758: 0000 e921 | 82a7 ff90 
[Verified Entry Point]
  0x0000018f07b06760: 8984 2400 | 80ff ff55 | 488b ec48 | 81ec 9000 | 0000 6690 | 4181 7f20 | 0100 0000 

  0x0000018f07b0677c: ;   {runtime_call StubRoutines (final stubs)}
  0x0000018f07b0677c: 7405 e8fd | f5a5 ff48 | 837d 1000 | 488d 4510 | 480f 4445 | 1048 8944 | 2440 4889 | 4c24 7048 
  0x0000018f07b0679c: 83f9 0048 | 8d44 2470 | 480f 4444 | 2470 4889 | 4424 3848 | 8974 2430 | 4889 7c24 | 284c 894c 
  0x0000018f07b067bc: 2458 4983 | f900 488d | 4424 5848 | 0f44 4424 | 5848 8944 | 2420 4c89 | 4424 5049 | 83f8 004c 
  0x0000018f07b067dc: 8d4c 2450 | 4c0f 444c | 2450 4889 | 5424 4848 | 83fa 004c | 8d44 2448 | 4c0f 4444 

  0x0000018f07b067f8: ;   {oop(a 'java/lang/Class'{0x0000000712569c58} = 'java/lang/ClassLoader')}
  0x0000018f07b067f8: 2448 49be | 589c 5612 | 0700 0000 | 4c89 7424 | 784c 8d74 | 2478 498b | d6c5 f877 

  0x0000018f07b06814: ;   {internal_word}
  0x0000018f07b06814: 49ba 1168 | b007 8f01 | 0000 4d89 | 97a0 0300 | 0049 89a7 | 9803 0000 

  0x0000018f07b0682c: ;   {external_word}
  0x0000018f07b0682c: 49ba e057 | b559 fb7f | 0000 4180 | 3a00 0f84 | 4e00 0000 | 5241 5041 

  0x0000018f07b06844: ;   {metadata({method} {0x0000018f1543ac80} 'defineClass1' '(Ljava/lang/ClassLoader;Ljava/lang/String;[BIILjava/security/ProtectionDomain;Ljava/lang/String;)Ljava/lang/Class;' in 'java/lang/ClassLoader')}
  0x0000018f07b06844: 5148 ba78 | ac43 158f | 0100 0049 | 8bcf 4883 | ec20 40f6 | c40f 0f84 | 1900 0000 | 4883 ec08 
  0x0000018f07b06864: ;   {runtime_call}
  0x0000018f07b06864: 48b8 8005 | 6659 fb7f | 0000 ffd0 | 4883 c408 | e90c 0000 

  0x0000018f07b06878: ;   {runtime_call}
  0x0000018f07b06878: 0048 b880 | 0566 59fb | 7f00 00ff | d048 83c4 | 2041 5941 | 585a 498d | 8fb8 0300 | 0041 c787 
  0x0000018f07b06898: 4404 0000 | 0400 0000 

  0x0000018f07b068a0: ;   {runtime_call}
  0x0000018f07b068a0: 48b8 ac16 | 5a81 fb7f | 0000 ffd0 | c5f8 7741 | c787 4404 | 0000 0500 | 0000 f083 | 4424 c000 
  0x0000018f07b068c0: 493b af48 | 0400 000f | 870e 0000 | 0041 83bf | 4004 0000 | 000f 842b | 0000 00c5 | f877 4889 
  0x0000018f07b068e0: 45f8 498b | cf4c 8be4 | 4883 ec20 | 4883 e4f0 

  0x0000018f07b068f0: ;   {runtime_call}
  0x0000018f07b068f0: 48b8 f0b2 | 3159 fb7f | 0000 ffd0 | 498b e44d | 33e4 488b | 45f8 41c7 | 8744 0400 | 0008 0000 
  0x0000018f07b06910: 0041 83bf | c004 0000 | 020f 84a3 

  0x0000018f07b0691c: ;   {external_word}
  0x0000018f07b0691c: 0300 0049 | bae0 57b5 | 59fb 7f00 | 0041 803a | 000f 844c | 0000 0048 

  0x0000018f07b06934: ;   {metadata({method} {0x0000018f1543ac80} 'defineClass1' '(Ljava/lang/ClassLoader;Ljava/lang/String;[BIILjava/security/ProtectionDomain;Ljava/lang/String;)Ljava/lang/Class;' in 'java/lang/ClassLoader')}
  0x0000018f07b06934: 8945 f848 | ba78 ac43 | 158f 0100 | 0049 8bcf | 4883 ec20 | 40f6 c40f | 0f84 1900 | 0000 4883 
  0x0000018f07b06954: ;   {runtime_call}
  0x0000018f07b06954: ec08 48b8 | 8005 6659 | fb7f 0000 | ffd0 4883 | c408 e90c 

  0x0000018f07b06968: ;   {runtime_call}
  0x0000018f07b06968: 0000 0048 | b880 0566 | 59fb 7f00 | 00ff d048 | 83c4 2048 | 8b45 f849 | c787 9803 | 0000 0000 
  0x0000018f07b06988: 0000 49c7 | 87a0 0300 | 0000 0000 | 00c5 f877 | 4885 c00f | 84fe 0200 | 00a8 030f | 8508 0000 
  0x0000018f07b069a8: 0048 8b00 | e9ee 0200 | 00a8 010f | 8509 0000 | 0048 8b40 | fee9 dd02 | 0000 488b | 40ff 4180 
  0x0000018f07b069c8: 7f40 000f | 84ce 0200 | 0048 83f8 | 000f 84c4 | 0200 0049 | 8b4f 2848 | 83f9 000f | 8414 0000 
  0x0000018f07b069e8: 0048 83e9 | 0849 894f | 2849 034f | 3848 8901 | e9a2 0200 | 0048 81ec | 5001 0000 | 4889 0424 
  0x0000018f07b06a08: 4889 4c24 | 0848 8954 | 2410 4889 | 7424 1848 | 897c 2420 | 4c89 4424 | 284c 894c | 2430 4c89 
  0x0000018f07b06a28: 5424 384c | 895c 2440 | c5fb 1144 | 2450 c5fb | 114c 2458 | c5fb 1154 | 2460 c5fb | 115c 2468 
  0x0000018f07b06a48: c5fb 1164 | 2470 c5fb | 116c 2478 | c5fb 11b4 | 2480 0000 | 00c5 fb11 | bc24 8800 | 0000 c57b 
  0x0000018f07b06a68: ;   {no_reloc}
  0x0000018f07b06a68: 1184 2490 | 0000 00c5 | 7b11 8c24 | 9800 0000 | c57b 1194 | 24a0 0000 | 00c5 7b11 | 9c24 a800 
  0x0000018f07b06a88: 0000 c57b | 11a4 24b0 | 0000 00c5 | 7b11 ac24 | b800 0000 | c57b 11b4 | 24c0 0000 | 00c5 7b11 
  0x0000018f07b06aa8: bc24 c800 | 0000 62e1 | ff08 1144 | 241a 62e1 | ff08 114c | 241b 62e1 | ff08 1154 | 241c 62e1 
  0x0000018f07b06ac8: ff08 115c | 241d 62e1 | ff08 1164 | 241e 62e1 | ff08 116c | 241f 62e1 | ff08 1174 | 2420 62e1 
  0x0000018f07b06ae8: ff08 117c | 2421 6261 | ff08 1144 | 2422 6261 | ff08 114c | 2423 6261 | ff08 1154 | 2424 6261 
  0x0000018f07b06b08: ff08 115c | 2425 6261 | ff08 1164 | 2426 6261 | ff08 116c | 2427 6261 | ff08 1174 | 2428 6261 
  0x0000018f07b06b28: ff08 117c | 2429 498b | d748 8bc8 | 4883 ec20 | 40f6 c40f | 0f84 1900 | 0000 4883 

  0x0000018f07b06b44: ;   {runtime_call}
  0x0000018f07b06b44: ec08 48b8 | 90f1 2459 | fb7f 0000 | ffd0 4883 | c408 e90c 

  0x0000018f07b06b58: ;   {runtime_call}
  0x0000018f07b06b58: 0000 0048 | b890 f124 | 59fb 7f00 | 00ff d048 | 83c4 2062 | 61ff 0810 | 7c24 2962 | 61ff 0810 
  0x0000018f07b06b78: 7424 2862 | 61ff 0810 | 6c24 2762 | 61ff 0810 | 6424 2662 | 61ff 0810 | 5c24 2562 | 61ff 0810 
  0x0000018f07b06b98: 5424 2462 | 61ff 0810 | 4c24 2362 | 61ff 0810 | 4424 2262 | e1ff 0810 | 7c24 2162 | e1ff 0810 
  0x0000018f07b06bb8: 7424 2062 | e1ff 0810 | 6c24 1f62 | e1ff 0810 | 6424 1e62 | e1ff 0810 | 5c24 1d62 | e1ff 0810 
  0x0000018f07b06bd8: 5424 1c62 | e1ff 0810 | 4c24 1b62 | e1ff 0810 | 4424 1ac5 | 7b10 bc24 | c800 0000 | c57b 10b4 
  0x0000018f07b06bf8: 24c0 0000 | 00c5 7b10 | ac24 b800 | 0000 c57b | 10a4 24b0 | 0000 00c5 | 7b10 9c24 | a800 0000 
  0x0000018f07b06c18: c57b 1094 | 24a0 0000 | 00c5 7b10 | 8c24 9800 | 0000 c57b | 1084 2490 | 0000 00c5 | fb10 bc24 
  0x0000018f07b06c38: 8800 0000 | c5fb 10b4 | 2480 0000 | 00c5 fb10 | 6c24 78c5 | fb10 6424 | 70c5 fb10 | 5c24 68c5 
  0x0000018f07b06c58: ;   {no_reloc}
  0x0000018f07b06c58: fb10 5424 | 60c5 fb10 | 4c24 58c5 | fb10 4424 | 504c 8b5c | 2440 4c8b | 5424 384c | 8b4c 2430 
  0x0000018f07b06c78: 4c8b 4424 | 2848 8b7c | 2420 488b | 7424 1848 | 8b54 2410 | 488b 4c24 | 0848 8b04 | 2448 81c4 
  0x0000018f07b06c98: 5001 0000 | c5f8 7749 | 8b8f 2804 | 0000 c781 | 0001 0000 | 0000 0000 | c949 837f | 0800 0f85 
  0x0000018f07b06cb8: 0100 0000 

  0x0000018f07b06cbc: ;   {runtime_call StubRoutines (initial stubs)}
  0x0000018f07b06cbc: c3e9 3ea2 | a2ff c5f8 | 7748 8945 | f84c 8be4 | 4883 ec20 | 4883 e4f0 

  0x0000018f07b06cd4: ;   {runtime_call}
  0x0000018f07b06cd4: 48b8 703d | 6659 fb7f | 0000 ffd0 | 498b e44d | 33e4 488b | 45f8 e930 | fcff fff4 
[/MachCode]


Compiled method (c1)   96391 1194       3       java.lang.ClassLoader::defineClass (43 bytes)
 total in heap  [0x0000018f00232d10,0x0000018f00233678] = 2408
 relocation     [0x0000018f00232e70,0x0000018f00232f10] = 160
 main code      [0x0000018f00232f20,0x0000018f002333d0] = 1200
 stub code      [0x0000018f002333d0,0x0000018f00233448] = 120
 metadata       [0x0000018f00233448,0x0000018f00233478] = 48
 scopes data    [0x0000018f00233478,0x0000018f00233568] = 240
 scopes pcs     [0x0000018f00233568,0x0000018f00233648] = 224
 dependencies   [0x0000018f00233648,0x0000018f00233650] = 8
 nul chk table  [0x0000018f00233650,0x0000018f00233678] = 40

[Constant Pool (empty)]

[MachCode]
[Entry Point]
  # {method} {0x0000018f1543b000} 'defineClass' '(Ljava/lang/String;[BIILjava/security/ProtectionDomain;)Ljava/lang/Class;' in 'java/lang/ClassLoader'
  # this:     rdx:rdx   = 'java/lang/ClassLoader'
  # parm0:    r8:r8     = 'java/lang/String'
  # parm1:    r9:r9     = '[B'
  # parm2:    rdi       = int
  # parm3:    rsi       = int
  # parm4:    rcx:rcx   = 'java/security/ProtectionDomain'
  #           [sp+0xc0]  (sp of caller)
  0x0000018f00232f20: 448b 5208 | 49bb 0000 | 0015 8f01 | 0000 4d03 | d34c 3bd0 

  0x0000018f00232f34: ;   {runtime_call ic_miss_stub}
  0x0000018f00232f34: 0f85 46ba | 3407 660f | 1f44 0000 
[Verified Entry Point]
  0x0000018f00232f40: 8984 2400 | 80ff ff55 | 4881 ecb0 | 0000 0090 | 4181 7f20 | 0100 0000 

  0x0000018f00232f58: ;   {runtime_call StubRoutines (final stubs)}
  0x0000018f00232f58: 7405 e821 | 2e33 0748 | 8954 2478 

  0x0000018f00232f64: ;   {metadata(method data for {method} {0x0000018f1543b000} 'defineClass' '(Ljava/lang/String;[BIILjava/security/ProtectionDomain;)Ljava/lang/Class;' in 'java/lang/ClassLoader')}
  0x0000018f00232f64: 48bb c070 | 2157 8f01 | 0000 8b83 | cc00 0000 | 83c0 0289 | 83cc 0000 | 0025 fe07 | 0000 85c0 
  0x0000018f00232f84: 0f84 6803 | 0000 89b4 | 2494 0000 | 0089 bc24 | 9000 0000 | 4c89 8c24 | 8800 0000 

  0x0000018f00232fa0: ;   {metadata(method data for {method} {0x0000018f1543b000} 'defineClass' '(Ljava/lang/String;[BIILjava/security/ProtectionDomain;)Ljava/lang/Class;' in 'java/lang/ClassLoader')}
  0x0000018f00232fa0: 488b da48 | b8c0 7021 | 578f 0100 | 0048 8380 | 1001 0000 | 0149 8bd8 | 4c8b c34c | 8bc9 488b 
  0x0000018f00232fc0: ca48 8bd1 | 4889 9c24 | 8000 0000 

  0x0000018f00232fcc: ;   {optimized virtual_call}
  0x0000018f00232fcc: 6666 90e8 

  0x0000018f00232fd0: ; ImmutableOopMap {[120]=Oop [128]=Oop [136]=Oop }
                      ;*invokevirtual preDefineClass {reexecute=0 rethrow=0 return_oop=0}
                      ; - java.lang.ClassLoader::defineClass@4 (line 1025)
  0x0000018f00232fd0: 4c15 f8ff 

  0x0000018f00232fd4: ;   {other}
  0x0000018f00232fd4: 0f1f 8400 | c402 0000 | 4889 8424 | 9800 0000 | 488b 5424 

  0x0000018f00232fe8: ;   {metadata(method data for {method} {0x0000018f1543b000} 'defineClass' '(Ljava/lang/String;[BIILjava/security/ProtectionDomain;)Ljava/lang/Class;' in 'java/lang/ClassLoader')}
  0x0000018f00232fe8: 7849 b8c0 | 7021 578f | 0100 0049 | 8380 4801 

  0x0000018f00232ff8: ;   {metadata(method data for {method} {0x0000018f1543ace8} 'defineClassSourceLocation' '(Ljava/security/ProtectionDomain;)Ljava/lang/String;' in 'java/lang/ClassLoader')}
  0x0000018f00232ff8: 0000 0149 | b808 5d21 | 578f 0100 | 0041 8b90 | cc00 0000 | 83c2 0241 | 8990 cc00 | 0000 81e2 
  0x0000018f00233018: feff 1f00 | 85d2 0f84 | ef02 0000 

  0x0000018f00233024: ; implicit exception: dispatches to 0x0000018f00233334
  0x0000018f00233024: 483b 004c 

  0x0000018f00233028: ;   {metadata(method data for {method} {0x0000018f1543ace8} 'defineClassSourceLocation' '(Ljava/security/ProtectionDomain;)Ljava/lang/String;' in 'java/lang/ClassLoader')}
  0x0000018f00233028: 8bc0 48ba | 085d 2157 | 8f01 0000 | 4883 8210 | 0100 0001 | 448b 4010 | 49c1 e003 

  0x0000018f00233044: ;   {metadata(method data for {method} {0x0000018f1543ace8} 'defineClassSourceLocation' '(Ljava/security/ProtectionDomain;)Ljava/lang/String;' in 'java/lang/ClassLoader')}
  0x0000018f00233044: 4d85 c048 | ba08 5d21 | 578f 0100 | 0048 be58 | 0100 0000 | 0000 0075 | 0a48 be48 | 0100 0000 
  0x0000018f00233064: 0000 0048 | 8b3c 3248 | 8d7f 0148 | 893c 320f | 850f 0000 

  0x0000018f00233078: ;   {oop(nullptr)}
  0x0000018f00233078: 0048 bb00 | 0000 0000 | 0000 00e9 | af01 0000 

  0x0000018f00233088: ; implicit exception: dispatches to 0x0000018f00233339
  0x0000018f00233088: 493b 0049 

  0x0000018f0023308c: ;   {metadata(method data for {method} {0x0000018f1543ace8} 'defineClassSourceLocation' '(Ljava/security/ProtectionDomain;)Ljava/lang/String;' in 'java/lang/ClassLoader')}
  0x0000018f0023308c: 8bd0 48be | 085d 2157 | 8f01 0000 | 4883 8668 | 0100 0001 | 418b 500c | 48c1 e203 

  0x0000018f002330a8: ;   {metadata(method data for {method} {0x0000018f1543ace8} 'defineClassSourceLocation' '(Ljava/security/ProtectionDomain;)Ljava/lang/String;' in 'java/lang/ClassLoader')}
  0x0000018f002330a8: 4885 d248 | be08 5d21 | 578f 0100 | 0048 bfb0 | 0100 0000 | 0000 0075 | 0a48 bfa0 | 0100 0000 
  0x0000018f002330c8: 0000 0048 | 8b1c 3e48 | 8d5b 0148 | 891c 3e0f | 850f 0000 

  0x0000018f002330dc: ;   {oop(nullptr)}
  0x0000018f002330dc: 0048 bb00 | 0000 0000 | 0000 00e9 | 4b01 0000 

  0x0000018f002330ec: ;   {metadata(method data for {method} {0x0000018f1543ace8} 'defineClassSourceLocation' '(Ljava/security/ProtectionDomain;)Ljava/lang/String;' in 'java/lang/ClassLoader')}
  0x0000018f002330ec: 48be 085d | 2157 8f01 | 0000 4883 | 86c0 0100 | 0001 483b | 024c 8bc2 

  0x0000018f00233104: ;   {metadata(method data for {method} {0x0000018f1543ace8} 'defineClassSourceLocation' '(Ljava/security/ProtectionDomain;)Ljava/lang/String;' in 'java/lang/ClassLoader')}
  0x0000018f00233104: 48be 085d | 2157 8f01 | 0000 4883 | 86f8 0100 

  0x0000018f00233114: ;   {metadata(method data for {method} {0x0000018f1501a7c0} 'toString' '()Ljava/lang/String;' in 'java/net/URL')}
  0x0000018f00233114: 0001 49b8 | d069 1c57 | 8f01 0000 | 418b b0cc | 0000 0083 | c602 4189 | b0cc 0000 | 0081 e6fe 
  0x0000018f00233134: ff1f 0085 | f60f 8404 | 0200 004c 

  0x0000018f00233140: ;   {metadata(method data for {method} {0x0000018f1501a7c0} 'toString' '()Ljava/lang/String;' in 'java/net/URL')}
  0x0000018f00233140: 8bc2 48be | d069 1c57 | 8f01 0000 | 4883 8610 | 0100 0001 

  0x0000018f00233154: ;   {metadata(method data for {method} {0x0000018f1542e900} 'toExternalForm' '()Ljava/lang/String;' in 'java/net/URL')}
  0x0000018f00233154: 49b8 585c | 1857 8f01 | 0000 418b | b0cc 0000 | 0083 c602 | 4189 b0cc | 0000 0081 | e6fe ff1f 
  0x0000018f00233174: 0085 f60f | 84e7 0100 | 008b 7238 | 48c1 e603 

  0x0000018f00233184: ; implicit exception: dispatches to 0x0000018f00233385
  0x0000018f00233184: 483b 064c 

  0x0000018f00233188: ;   {metadata(method data for {method} {0x0000018f1542e900} 'toExternalForm' '()Ljava/lang/String;' in 'java/net/URL')}
  0x0000018f00233188: 8bc6 48bf | 585c 1857 | 8f01 0000 | 458b 4008 | 49ba 0000 | 0015 8f01 | 0000 4d03 | c24c 3b87 
  0x0000018f002331a8: 2001 0000 | 750d 4883 | 8728 0100 | 0001 e960 | 0000 004c | 3b87 3001 | 0000 750d | 4883 8738 
  0x0000018f002331c8: 0100 0001 | e94a 0000 | 0048 83bf | 2001 0000 | 0075 174c | 8987 2001 | 0000 48c7 | 8728 0100 
  0x0000018f002331e8: 0001 0000 | 00e9 2900 | 0000 4883 | bf30 0100 | 0000 7517 | 4c89 8730 | 0100 0048 | c787 3801 
  0x0000018f00233208: 0000 0100 | 0000 e908 | 0000 0048 | 8387 1001 | 0000 014c | 8bc2 488b | d666 0f1f 

  0x0000018f00233224: ;   {optimized virtual_call}
  0x0000018f00233224: 4400 00e8 

  0x0000018f00233228: ; ImmutableOopMap {[120]=Oop [128]=Oop [136]=Oop [152]=Oop }
                      ;*invokevirtual toExternalForm {reexecute=0 rethrow=0 return_oop=0}
                      ; - java.net.URL::toExternalForm@5 (line 1203)
                      ; - java.net.URL::toString@1 (line 1189)
                      ; - java.lang.ClassLoader::defineClassSourceLocation@22 (line 927)
                      ; - java.lang.ClassLoader::defineClass@12 (line 1026)
  0x0000018f00233228: f479 ecff 

  0x0000018f0023322c: ;   {other}
  0x0000018f0023322c: 0f1f 8400 | 1c05 0001 | 488b d848 | 8b84 2498 | 0000 008b | b424 9400 | 0000 8bbc | 2490 0000 
  0x0000018f0023324c: 004c 8b8c | 2488 0000 | 004c 8b84 | 2480 0000 | 0048 8b54 

  0x0000018f00233260: ;   {metadata(method data for {method} {0x0000018f1543b000} 'defineClass' '(Ljava/lang/String;[BIILjava/security/ProtectionDomain;)Ljava/lang/Class;' in 'java/lang/ClassLoader')}
  0x0000018f00233260: 2478 48b9 | c070 2157 | 8f01 0000 | 4883 8180 | 0100 0001 | 4c8b da49 | 8bd3 488b | c848 891c 
  0x0000018f00233280: 2466 0f1f 

  0x0000018f00233284: ;   {static_call}
  0x0000018f00233284: 4400 00e8 

  0x0000018f00233288: ; ImmutableOopMap {[120]=Oop [152]=Oop }
                      ;*invokestatic defineClass1 {reexecute=0 rethrow=0 return_oop=0}
                      ; - java.lang.ClassLoader::defineClass@27 (line 1027)
  0x0000018f00233288: d434 8d07 

  0x0000018f0023328c: ;   {other}
  0x0000018f0023328c: 0f1f 8400 | 7c05 0002 | 488b 5424 

  0x0000018f00233298: ;   {metadata(method data for {method} {0x0000018f1543b000} 'defineClass' '(Ljava/lang/String;[BIILjava/security/ProtectionDomain;)Ljava/lang/Class;' in 'java/lang/ClassLoader')}
  0x0000018f00233298: 7849 b8c0 | 7021 578f | 0100 0049 | 8380 9001 | 0000 014c | 8bc0 4c8b | 8c24 9800 | 0000 488b 
  0x0000018f002332b8: 5424 7848 | 8984 24a0 | 0000 000f 

  0x0000018f002332c4: ;   {optimized virtual_call}
  0x0000018f002332c4: 1f40 00e8 

  0x0000018f002332c8: ; ImmutableOopMap {[160]=Oop }
                      ;*invokevirtual postDefineClass {reexecute=0 rethrow=0 return_oop=0}
                      ; - java.lang.ClassLoader::defineClass@37 (line 1028)
  0x0000018f002332c8: d4cc ffff 

  0x0000018f002332cc: ;   {other}
  0x0000018f002332cc: 0f1f 8400 | bc05 0003 | 488b 8424 | a000 0000 | 4881 c4b0 | 0000 005d 

  0x0000018f002332e4: ;   {poll_return}
  0x0000018f002332e4: 493b a748 | 0400 000f | 8799 0000 

  0x0000018f002332f0: ;   {metadata({method} {0x0000018f1543b000} 'defineClass' '(Ljava/lang/String;[BIILjava/security/ProtectionDomain;)Ljava/lang/Class;' in 'java/lang/ClassLoader')}
  0x0000018f002332f0: 00c3 49ba | f8af 4315 | 8f01 0000 | 4c89 5424 | 0848 c704 | 24ff ffff 

  0x0000018f00233308: ;   {runtime_call counter_overflow Runtime1 stub}
  0x0000018f00233308: ffe8 f25f 

  0x0000018f0023330c: ; ImmutableOopMap {rdx=Oop r8=Oop r9=Oop rcx=Oop [120]=Oop }
                      ;*synchronization entry
                      ; - java.lang.ClassLoader::defineClass@-1 (line 1025)
  0x0000018f0023330c: 4407 e977 

  0x0000018f00233310: ;   {metadata({method} {0x0000018f1543ace8} 'defineClassSourceLocation' '(Ljava/security/ProtectionDomain;)Ljava/lang/String;' in 'java/lang/ClassLoader')}
  0x0000018f00233310: fcff ff49 | bae0 ac43 | 158f 0100 | 004c 8954 | 2408 48c7 | 0424 ffff 

  0x0000018f00233328: ;   {runtime_call counter_overflow Runtime1 stub}
  0x0000018f00233328: ffff e8d1 

  0x0000018f0023332c: ; ImmutableOopMap {rax=Oop [120]=Oop [128]=Oop [136]=Oop [152]=Oop }
                      ;*synchronization entry
                      ; - java.lang.ClassLoader::defineClassSourceLocation@-1 (line 924)
                      ; - java.lang.ClassLoader::defineClass@12 (line 1026)
  0x0000018f0023332c: 5f44 07e9 | f0fc ffff 

  0x0000018f00233334: ;   {runtime_call throw_null_pointer_exception Runtime1 stub}
  0x0000018f00233334: e867 fd43 

  0x0000018f00233338: ; ImmutableOopMap {rax=Oop [120]=Oop [128]=Oop [136]=Oop [152]=Oop }
                      ;*invokevirtual getCodeSource {reexecute=0 rethrow=0 return_oop=0}
                      ; - java.lang.ClassLoader::defineClassSourceLocation@1 (line 924)
                      ; - java.lang.ClassLoader::defineClass@12 (line 1026)
                      ;   {runtime_call throw_null_pointer_exception Runtime1 stub}
  0x0000018f00233338: 07e8 62fd 

  0x0000018f0023333c: ; ImmutableOopMap {rax=Oop r8=Oop [120]=Oop [128]=Oop [136]=Oop [152]=Oop }
                      ;*invokevirtual getLocation {reexecute=0 rethrow=0 return_oop=0}
                      ; - java.lang.ClassLoader::defineClassSourceLocation@12 (line 926)
                      ; - java.lang.ClassLoader::defineClass@12 (line 1026)
                      ;   {runtime_call throw_null_pointer_exception Runtime1 stub}
  0x0000018f0023333c: 4307 e85d 

  0x0000018f00233340: ; ImmutableOopMap {rdx=Oop [120]=Oop [128]=Oop [136]=Oop [152]=Oop }
                      ;*invokevirtual toString {reexecute=0 rethrow=0 return_oop=0}
                      ; - java.lang.ClassLoader::defineClassSourceLocation@22 (line 927)
                      ; - java.lang.ClassLoader::defineClass@12 (line 1026)
                      ;   {metadata({method} {0x0000018f1501a7c0} 'toString' '()Ljava/lang/String;' in 'java/net/URL')}
  0x0000018f00233340: fd43 0749 | bab8 a701 | 158f 0100 | 004c 8954 | 2408 48c7 | 0424 ffff 

  0x0000018f00233358: ;   {runtime_call counter_overflow Runtime1 stub}
  0x0000018f00233358: ffff e8a1 

  0x0000018f0023335c: ; ImmutableOopMap {rdx=Oop [120]=Oop [128]=Oop [136]=Oop [152]=Oop }
                      ;*synchronization entry
                      ; - java.net.URL::toString@-1 (line 1189)
                      ; - java.lang.ClassLoader::defineClassSourceLocation@22 (line 927)
                      ; - java.lang.ClassLoader::defineClass@12 (line 1026)
  0x0000018f0023335c: 5f44 07e9 | dbfd ffff 

  0x0000018f00233364: ;   {metadata({method} {0x0000018f1542e900} 'toExternalForm' '()Ljava/lang/String;' in 'java/net/URL')}
  0x0000018f00233364: 49ba f8e8 | 4215 8f01 | 0000 4c89 | 5424 0848 | c704 24ff 

  0x0000018f00233378: ;   {runtime_call counter_overflow Runtime1 stub}
  0x0000018f00233378: ffff ffe8 

  0x0000018f0023337c: ; ImmutableOopMap {rdx=Oop [120]=Oop [128]=Oop [136]=Oop [152]=Oop }
                      ;*synchronization entry
                      ; - java.net.URL::toExternalForm@-1 (line 1203)
                      ; - java.net.URL::toString@1 (line 1189)
                      ; - java.lang.ClassLoader::defineClassSourceLocation@22 (line 927)
                      ; - java.lang.ClassLoader::defineClass@12 (line 1026)
  0x0000018f0023337c: 805f 4407 | e9f8 fdff 

  0x0000018f00233384: ;   {runtime_call throw_null_pointer_exception Runtime1 stub}
  0x0000018f00233384: ffe8 16fd 

  0x0000018f00233388: ; ImmutableOopMap {rdx=Oop rsi=Oop [120]=Oop [128]=Oop [136]=Oop [152]=Oop }
                      ;*invokevirtual toExternalForm {reexecute=0 rethrow=0 return_oop=0}
                      ; - java.net.URL::toExternalForm@5 (line 1203)
                      ; - java.net.URL::toString@1 (line 1189)
                      ; - java.lang.ClassLoader::defineClassSourceLocation@22 (line 927)
                      ; - java.lang.ClassLoader::defineClass@12 (line 1026)
                      ;   {internal_word}
  0x0000018f00233388: 4307 49ba | e432 2300 | 8f01 0000 | 4d89 9760 

  0x0000018f00233398: ;   {runtime_call SafepointBlob}
  0x0000018f00233398: 0400 00e9 | e037 3507 | 498b 87f8 | 0400 0049 | c787 f804 | 0000 0000 | 0000 49c7 | 8700 0500 
  0x0000018f002333b8: 0000 0000 | 0048 81c4 | b000 0000 

  0x0000018f002333c4: ;   {runtime_call unwind_exception Runtime1 stub}
  0x0000018f002333c4: 5de9 b6ed | 4307 f4f4 | f4f4 f4f4 
[Stub Code]
  0x0000018f002333d0: ;   {no_reloc}
  0x0000018f002333d0: 0f1f 4400 

  0x0000018f002333d4: ;   {static_stub}
  0x0000018f002333d4: 0048 bb00 | 0000 0000 

  0x0000018f002333dc: ;   {runtime_call}
  0x0000018f002333dc: 0000 00e9 | fbff ffff 

  0x0000018f002333e4: ;   {static_stub}
  0x0000018f002333e4: 48bb 0000 | 0000 0000 

  0x0000018f002333ec: ;   {runtime_call}
  0x0000018f002333ec: 0000 e9fb 

  0x0000018f002333f0: ;   {static_stub}
  0x0000018f002333f0: ffff ff48 | bb00 0000 | 0000 0000 

  0x0000018f002333fc: ;   {runtime_call}
  0x0000018f002333fc: 00e9 fbff 

  0x0000018f00233400: ;   {static_stub}
  0x0000018f00233400: ffff 48bb | 0000 0000 | 0000 0000 

  0x0000018f0023340c: ;   {runtime_call}
  0x0000018f0023340c: e9fb ffff 

  0x0000018f00233410: ;   {runtime_call handle_exception_from_callee Runtime1 stub}
  0x0000018f00233410: ffe8 6a22 

  0x0000018f00233414: ;   {external_word}
  0x0000018f00233414: 4407 48b9 | a046 8d59 | fb7f 0000 | 4883 e4f0 

  0x0000018f00233424: ;   {runtime_call}
  0x0000018f00233424: 48b8 b028 | 5559 fb7f | 0000 ffd0 

  0x0000018f00233430: ;   {section_word}
  0x0000018f00233430: f449 ba31 | 3423 008f | 0100 0041 

  0x0000018f0023343c: ;   {runtime_call DeoptimizationBlob}
  0x0000018f0023343c: 52e9 de4b | 3507 f4f4 | f4f4 f4f4 
[/MachCode]


Compiled method (c1)   96404 1004       3       java.security.SecureClassLoader::defineClass (16 bytes)
 total in heap  [0x0000018f001d8b10,0x0000018f001d8f10] = 1024
 relocation     [0x0000018f001d8c70,0x0000018f001d8cc0] = 80
 main code      [0x0000018f001d8cc0,0x0000018f001d8e18] = 344
 stub code      [0x0000018f001d8e18,0x0000018f001d8e68] = 80
 metadata       [0x0000018f001d8e68,0x0000018f001d8e70] = 8
 scopes data    [0x0000018f001d8e70,0x0000018f001d8eb8] = 72
 scopes pcs     [0x0000018f001d8eb8,0x0000018f001d8f08] = 80
 dependencies   [0x0000018f001d8f08,0x0000018f001d8f10] = 8

[Constant Pool (empty)]

[MachCode]
[Entry Point]
  # {method} {0x0000018f1504d398} 'defineClass' '(Ljava/lang/String;[BIILjava/security/CodeSource;)Ljava/lang/Class;' in 'java/security/SecureClassLoader'
  # this:     rdx:rdx   = 'java/security/SecureClassLoader'
  # parm0:    r8:r8     = 'java/lang/String'
  # parm1:    r9:r9     = '[B'
  # parm2:    rdi       = int
  # parm3:    rsi       = int
  # parm4:    rcx:rcx   = 'java/security/CodeSource'
  #           [sp+0x80]  (sp of caller)
  0x0000018f001d8cc0: 448b 5208 | 49bb 0000 | 0015 8f01 | 0000 4d03 | d34c 3bd0 

  0x0000018f001d8cd4: ;   {runtime_call ic_miss_stub}
  0x0000018f001d8cd4: 0f85 a65c | 3a07 660f | 1f44 0000 
[Verified Entry Point]
  0x0000018f001d8ce0: 8984 2400 | 80ff ff55 | 4883 ec70 | 4181 7f20 | 0100 0000 

  0x0000018f001d8cf4: ;   {runtime_call StubRoutines (final stubs)}
  0x0000018f001d8cf4: 7405 e885 

  0x0000018f001d8cf8: ;   {metadata(method data for {method} {0x0000018f1504d398} 'defineClass' '(Ljava/lang/String;[BIILjava/security/CodeSource;)Ljava/lang/Class;' in 'java/security/SecureClassLoader')}
  0x0000018f001d8cf8: d038 0748 | bbe0 b41e | 578f 0100 | 008b 83cc | 0000 0083 | c002 8983 | cc00 0000 | 25fe 0700 
  0x0000018f001d8d18: 0085 c00f | 8496 0000 | 0089 7424 | 5c89 7c24 | 584c 894c | 2450 4c89 | 4424 4848 

  0x0000018f001d8d34: ;   {metadata(method data for {method} {0x0000018f1504d398} 'defineClass' '(Ljava/lang/String;[BIILjava/security/CodeSource;)Ljava/lang/Class;' in 'java/security/SecureClassLoader')}
  0x0000018f001d8d34: 8bda 48b8 | e0b4 1e57 | 8f01 0000 | 4883 8010 | 0100 0001 | 4c8b c148 | 8bc2 488b | d048 8944 
  0x0000018f001d8d54: ;   {optimized virtual_call}
  0x0000018f001d8d54: 2440 90e8 

  0x0000018f001d8d58: ; ImmutableOopMap {[64]=Oop [72]=Oop [80]=Oop }
                      ;*invokevirtual getProtectionDomain {reexecute=0 rethrow=0 return_oop=0}
                      ; - java.security.SecureClassLoader::defineClass@9 (line 150)
  0x0000018f001d8d58: c458 fdff 

  0x0000018f001d8d5c: ;   {other}
  0x0000018f001d8d5c: 0f1f 8400 | 4c02 0000 | 488b 5424 

  0x0000018f001d8d68: ;   {metadata(method data for {method} {0x0000018f1504d398} 'defineClass' '(Ljava/lang/String;[BIILjava/security/CodeSource;)Ljava/lang/Class;' in 'java/security/SecureClassLoader')}
  0x0000018f001d8d68: 4049 b8e0 | b41e 578f | 0100 0049 | 8380 4801 | 0000 014c | 8b44 2448 | 4c8b 4c24 | 508b 7c24 
  0x0000018f001d8d88: 588b 7424 | 5c48 8bc8 | 488b 5424 

  0x0000018f001d8d94: ;   {optimized virtual_call}
  0x0000018f001d8d94: 4066 90e8 

  0x0000018f001d8d98: ; ImmutableOopMap {}
                      ;*invokevirtual defineClass {reexecute=0 rethrow=0 return_oop=0}
                      ; - java.security.SecureClassLoader::defineClass@12 (line 150)
  0x0000018f001d8d98: a4a1 0500 

  0x0000018f001d8d9c: ;   {other}
  0x0000018f001d8d9c: 0f1f 8400 | 8c02 0001 | 4883 c470 

  0x0000018f001d8da8: ;   {poll_return}
  0x0000018f001d8da8: 5d49 3ba7 | 4804 0000 | 0f87 2200 

  0x0000018f001d8db4: ;   {metadata({method} {0x0000018f1504d398} 'defineClass' '(Ljava/lang/String;[BIILjava/security/CodeSource;)Ljava/lang/Class;' in 'java/security/SecureClassLoader')}
  0x0000018f001d8db4: 0000 c349 | ba90 d304 | 158f 0100 | 004c 8954 | 2408 48c7 | 0424 ffff 

  0x0000018f001d8dcc: ;   {runtime_call counter_overflow Runtime1 stub}
  0x0000018f001d8dcc: ffff e82d 

  0x0000018f001d8dd0: ; ImmutableOopMap {rdx=Oop r8=Oop r9=Oop rcx=Oop }
                      ;*synchronization entry
                      ; - java.security.SecureClassLoader::defineClass@-1 (line 150)
  0x0000018f001d8dd0: 054a 07e9 | 49ff ffff 

  0x0000018f001d8dd8: ;   {internal_word}
  0x0000018f001d8dd8: 49ba a98d | 1d00 8f01 | 0000 4d89 | 9760 0400 

  0x0000018f001d8de8: ;   {runtime_call SafepointBlob}
  0x0000018f001d8de8: 00e9 92dd | 3a07 498b | 87f8 0400 | 0049 c787 | f804 0000 | 0000 0000 | 49c7 8700 | 0500 0000 
  0x0000018f001d8e08: 0000 0048 | 83c4 705d 

  0x0000018f001d8e10: ;   {runtime_call unwind_exception Runtime1 stub}
  0x0000018f001d8e10: e96b 9349 | 07f4 f4f4 
[Stub Code]
  0x0000018f001d8e18: ;   {no_reloc}
  0x0000018f001d8e18: 48bb 0000 | 0000 0000 

  0x0000018f001d8e20: ;   {runtime_call}
  0x0000018f001d8e20: 0000 e9fb 

  0x0000018f001d8e24: ;   {static_stub}
  0x0000018f001d8e24: ffff ff48 | bbf8 af43 | 158f 0100 

  0x0000018f001d8e30: ;   {runtime_call I2C/C2I adapters}
  0x0000018f001d8e30: 00e9 5f57 

  0x0000018f001d8e34: ;   {runtime_call handle_exception_from_callee Runtime1 stub}
  0x0000018f001d8e34: 3907 e845 

  0x0000018f001d8e38: ;   {external_word}
  0x0000018f001d8e38: c849 0748 | b9a0 468d | 59fb 7f00 | 0048 83e4 

  0x0000018f001d8e48: ;   {runtime_call}
  0x0000018f001d8e48: f048 b8b0 | 2855 59fb | 7f00 00ff 

  0x0000018f001d8e54: ;   {section_word}
  0x0000018f001d8e54: d0f4 49ba | 568e 1d00 | 8f01 0000 

  0x0000018f001d8e60: ;   {runtime_call DeoptimizationBlob}
  0x0000018f001d8e60: 4152 e9b9 | f13a 07f4 
[/MachCode]


---------------  P R O C E S S  ---------------

Threads class SMR info:
_java_thread_list=0x0000018f567d3310, length=12, elements={
0x0000018f726e2240, 0x0000018f7e9b1df0, 0x0000018f7e9b6c00, 0x0000018f7e9bf2f0,
0x0000018f7e9bfd40, 0x0000018f7e9c13c0, 0x0000018f7e9c1e10, 0x0000018f7e9c4ba0,
0x0000018f7e9c5990, 0x0000018f7e9ce750, 0x0000018f5640dfa0, 0x0000018f5640e600
}

Java Threads: ( => current thread )
=>0x0000018f726e2240 JavaThread "main"                              [_thread_in_vm, id=28308, stack(0x000000676ab00000,0x000000676ac00000) (1024K)]
  0x0000018f7e9b1df0 JavaThread "Reference Handler"          daemon [_thread_blocked, id=29652, stack(0x000000676b300000,0x000000676b400000) (1024K)]
  0x0000018f7e9b6c00 JavaThread "Finalizer"                  daemon [_thread_blocked, id=29656, stack(0x000000676b400000,0x000000676b500000) (1024K)]
  0x0000018f7e9bf2f0 JavaThread "Signal Dispatcher"          daemon [_thread_blocked, id=19868, stack(0x000000676b500000,0x000000676b600000) (1024K)]
  0x0000018f7e9bfd40 JavaThread "Attach Listener"            daemon [_thread_blocked, id=2072, stack(0x000000676b600000,0x000000676b700000) (1024K)]
  0x0000018f7e9c13c0 JavaThread "Service Thread"             daemon [_thread_blocked, id=28420, stack(0x000000676b700000,0x000000676b800000) (1024K)]
  0x0000018f7e9c1e10 JavaThread "Monitor Deflation Thread"   daemon [_thread_blocked, id=19680, stack(0x000000676b800000,0x000000676b900000) (1024K)]
  0x0000018f7e9c4ba0 JavaThread "C2 CompilerThread0"         daemon [_thread_blocked, id=29664, stack(0x000000676b900000,0x000000676ba00000) (1024K)]
  0x0000018f7e9c5990 JavaThread "C1 CompilerThread0"         daemon [_thread_blocked, id=29660, stack(0x000000676ba00000,0x000000676bb00000) (1024K)]
  0x0000018f7e9ce750 JavaThread "Common-Cleaner"             daemon [_thread_blocked, id=17328, stack(0x000000676bb00000,0x000000676bc00000) (1024K)]
  0x0000018f5640dfa0 JavaThread "Monitor Ctrl-Break"         daemon [_thread_in_native, id=33344, stack(0x000000676bc00000,0x000000676bd00000) (1024K)]
  0x0000018f5640e600 JavaThread "Notification Thread"        daemon [_thread_blocked, id=33348, stack(0x000000676bd00000,0x000000676be00000) (1024K)]
Total: 12

Other Threads:
  0x0000018f7e995860 VMThread "VM Thread"                           [id=29280, stack(0x000000676b200000,0x000000676b300000) (1024K)] _threads_hazard_ptr=0x0000018f567d3310
  0x0000018f7e987710 WatcherThread "VM Periodic Task Thread"        [id=29272, stack(0x000000676b100000,0x000000676b200000) (1024K)]
  0x0000018f72749f00 WorkerThread "GC Thread#0"                     [id=29252, stack(0x000000676ac00000,0x000000676ad00000) (1024K)]
  0x0000018f56b94c50 WorkerThread "GC Thread#1"                     [id=39844, stack(0x000000676a900000,0x000000676aa00000) (1024K)]
  0x0000018f563aaf40 WorkerThread "GC Thread#2"                     [id=39848, stack(0x000000676aa00000,0x000000676ab00000) (1024K)]
  0x0000018f563ab2e0 WorkerThread "GC Thread#3"                     [id=39852, stack(0x000000676bf00000,0x000000676c000000) (1024K)]
  0x0000018f563ab680 WorkerThread "GC Thread#4"                     [id=40172, stack(0x000000676c000000,0x000000676c100000) (1024K)]
  0x0000018f5b55d010 WorkerThread "GC Thread#5"                     [id=40184, stack(0x000000676c100000,0x000000676c200000) (1024K)]
  0x0000018f564abb20 WorkerThread "GC Thread#6"                     [id=29568, stack(0x000000676c200000,0x000000676c300000) (1024K)]
  0x0000018f5685bb00 WorkerThread "GC Thread#7"                     [id=29572, stack(0x000000676c300000,0x000000676c400000) (1024K)]
  0x0000018f7275b200 ConcurrentGCThread "G1 Main Marker"            [id=29256, stack(0x000000676ad00000,0x000000676ae00000) (1024K)]
  0x0000018f7275bc10 WorkerThread "G1 Conc#0"                       [id=29260, stack(0x000000676ae00000,0x000000676af00000) (1024K)]
  0x0000018f7e934510 ConcurrentGCThread "G1 Refine#0"               [id=29264, stack(0x000000676af00000,0x000000676b000000) (1024K)]
  0x0000018f7e934f90 ConcurrentGCThread "G1 Service"                [id=29268, stack(0x000000676b000000,0x000000676b100000) (1024K)]
Total: 14

Threads with active compile tasks:
Total: 0

VM state: synchronizing (normal execution)

VM Mutex/Monitor currently owned by a thread:  ([mutex/lock_event])
[0x00007ffb59b6be18] Metaspace_lock - owner thread: 0x0000018f726e2240
[0x00007ffb59b6de98] Threads_lock - owner thread: 0x0000018f7e995860

Heap address: 0x0000000704000000, size: 4032 MB, Compressed Oops mode: Zero based, Oop shift amount: 3

CDS archive(s) mapped at: [0x0000018f15000000-0x0000018f15c90000-0x0000018f15c90000), size 13172736, SharedBaseAddress: 0x0000018f15000000, ArchiveRelocationMode: 1.
Compressed class space mapped at: 0x0000018f16000000-0x0000018f56000000, reserved size: 1073741824
Narrow klass base: 0x0000018f15000000, Narrow klass shift: 0, Narrow klass range: 0x100000000

GC Precious Log:
 CardTable entry size: 512
 Card Set container configuration: InlinePtr #cards 4 size 8 Array Of Cards #cards 16 size 48 Howl #buckets 8 coarsen threshold 3686 Howl Bitmap #cards 512 size 80 coarsen threshold 460 Card regions per heap region 1 cards per card region 4096
 CPUs: 8 total, 8 available
 Memory: 16126M
 Large Page Support: Disabled
 NUMA Support: Disabled
 Compressed Oops: Enabled (Zero based)
 Heap Region Size: 2M
 Heap Min Capacity: 8M
 Heap Initial Capacity: 252M
 Heap Max Capacity: 4032M
 Pre-touch: Disabled
 Parallel Workers: 8
 Concurrent Workers: 2
 Concurrent Refinement Workers: 8
 Periodic GC: Disabled

Heap:
 garbage-first heap   total 258048K, used 32597K [0x0000000704000000, 0x0000000800000000)
  region size 2048K, 17 young (34816K), 2 survivors (4096K)
 Metaspace       used 9411K, committed 9536K, reserved 1114112K
  class space    used 1083K, committed 1152K, reserved 1048576K

Heap Regions: E=young(eden), S=young(survivor), O=old, HS=humongous(starts), HC=humongous(continues), CS=collection set, F=free, TAMS=top-at-mark-start, PB=parsable bottom
|   0|0x0000000704000000, 0x0000000704000000, 0x0000000704200000|  0%| F|  |TAMS 0x0000000704000000| PB 0x0000000704000000| Untracked 
|   1|0x0000000704200000, 0x0000000704200000, 0x0000000704400000|  0%| F|  |TAMS 0x0000000704200000| PB 0x0000000704200000| Untracked 
|   2|0x0000000704400000, 0x0000000704400000, 0x0000000704600000|  0%| F|  |TAMS 0x0000000704400000| PB 0x0000000704400000| Untracked 
|   3|0x0000000704600000, 0x0000000704600000, 0x0000000704800000|  0%| F|  |TAMS 0x0000000704600000| PB 0x0000000704600000| Untracked 
|   4|0x0000000704800000, 0x0000000704800000, 0x0000000704a00000|  0%| F|  |TAMS 0x0000000704800000| PB 0x0000000704800000| Untracked 
|   5|0x0000000704a00000, 0x0000000704a00000, 0x0000000704c00000|  0%| F|  |TAMS 0x0000000704a00000| PB 0x0000000704a00000| Untracked 
|   6|0x0000000704c00000, 0x0000000704c00000, 0x0000000704e00000|  0%| F|  |TAMS 0x0000000704c00000| PB 0x0000000704c00000| Untracked 
|   7|0x0000000704e00000, 0x0000000704e00000, 0x0000000705000000|  0%| F|  |TAMS 0x0000000704e00000| PB 0x0000000704e00000| Untracked 
|   8|0x0000000705000000, 0x0000000705000000, 0x0000000705200000|  0%| F|  |TAMS 0x0000000705000000| PB 0x0000000705000000| Untracked 
|   9|0x0000000705200000, 0x0000000705200000, 0x0000000705400000|  0%| F|  |TAMS 0x0000000705200000| PB 0x0000000705200000| Untracked 
|  10|0x0000000705400000, 0x0000000705400000, 0x0000000705600000|  0%| F|  |TAMS 0x0000000705400000| PB 0x0000000705400000| Untracked 
|  11|0x0000000705600000, 0x0000000705600000, 0x0000000705800000|  0%| F|  |TAMS 0x0000000705600000| PB 0x0000000705600000| Untracked 
|  12|0x0000000705800000, 0x0000000705800000, 0x0000000705a00000|  0%| F|  |TAMS 0x0000000705800000| PB 0x0000000705800000| Untracked 
|  13|0x0000000705a00000, 0x0000000705a00000, 0x0000000705c00000|  0%| F|  |TAMS 0x0000000705a00000| PB 0x0000000705a00000| Untracked 
|  14|0x0000000705c00000, 0x0000000705c00000, 0x0000000705e00000|  0%| F|  |TAMS 0x0000000705c00000| PB 0x0000000705c00000| Untracked 
|  15|0x0000000705e00000, 0x0000000705e00000, 0x0000000706000000|  0%| F|  |TAMS 0x0000000705e00000| PB 0x0000000705e00000| Untracked 
|  16|0x0000000706000000, 0x0000000706000000, 0x0000000706200000|  0%| F|  |TAMS 0x0000000706000000| PB 0x0000000706000000| Untracked 
|  17|0x0000000706200000, 0x0000000706200000, 0x0000000706400000|  0%| F|  |TAMS 0x0000000706200000| PB 0x0000000706200000| Untracked 
|  18|0x0000000706400000, 0x0000000706400000, 0x0000000706600000|  0%| F|  |TAMS 0x0000000706400000| PB 0x0000000706400000| Untracked 
|  19|0x0000000706600000, 0x0000000706600000, 0x0000000706800000|  0%| F|  |TAMS 0x0000000706600000| PB 0x0000000706600000| Untracked 
|  20|0x0000000706800000, 0x0000000706800000, 0x0000000706a00000|  0%| F|  |TAMS 0x0000000706800000| PB 0x0000000706800000| Untracked 
|  21|0x0000000706a00000, 0x0000000706a00000, 0x0000000706c00000|  0%| F|  |TAMS 0x0000000706a00000| PB 0x0000000706a00000| Untracked 
|  22|0x0000000706c00000, 0x0000000706c00000, 0x0000000706e00000|  0%| F|  |TAMS 0x0000000706c00000| PB 0x0000000706c00000| Untracked 
|  23|0x0000000706e00000, 0x0000000706e00000, 0x0000000707000000|  0%| F|  |TAMS 0x0000000706e00000| PB 0x0000000706e00000| Untracked 
|  24|0x0000000707000000, 0x0000000707000000, 0x0000000707200000|  0%| F|  |TAMS 0x0000000707000000| PB 0x0000000707000000| Untracked 
|  25|0x0000000707200000, 0x0000000707200000, 0x0000000707400000|  0%| F|  |TAMS 0x0000000707200000| PB 0x0000000707200000| Untracked 
|  26|0x0000000707400000, 0x0000000707400000, 0x0000000707600000|  0%| F|  |TAMS 0x0000000707400000| PB 0x0000000707400000| Untracked 
|  27|0x0000000707600000, 0x0000000707600000, 0x0000000707800000|  0%| F|  |TAMS 0x0000000707600000| PB 0x0000000707600000| Untracked 
|  28|0x0000000707800000, 0x0000000707800000, 0x0000000707a00000|  0%| F|  |TAMS 0x0000000707800000| PB 0x0000000707800000| Untracked 
|  29|0x0000000707a00000, 0x0000000707a00000, 0x0000000707c00000|  0%| F|  |TAMS 0x0000000707a00000| PB 0x0000000707a00000| Untracked 
|  30|0x0000000707c00000, 0x0000000707c00000, 0x0000000707e00000|  0%| F|  |TAMS 0x0000000707c00000| PB 0x0000000707c00000| Untracked 
|  31|0x0000000707e00000, 0x0000000707e00000, 0x0000000708000000|  0%| F|  |TAMS 0x0000000707e00000| PB 0x0000000707e00000| Untracked 
|  32|0x0000000708000000, 0x0000000708000000, 0x0000000708200000|  0%| F|  |TAMS 0x0000000708000000| PB 0x0000000708000000| Untracked 
|  33|0x0000000708200000, 0x0000000708200000, 0x0000000708400000|  0%| F|  |TAMS 0x0000000708200000| PB 0x0000000708200000| Untracked 
|  34|0x0000000708400000, 0x0000000708400000, 0x0000000708600000|  0%| F|  |TAMS 0x0000000708400000| PB 0x0000000708400000| Untracked 
|  35|0x0000000708600000, 0x0000000708600000, 0x0000000708800000|  0%| F|  |TAMS 0x0000000708600000| PB 0x0000000708600000| Untracked 
|  36|0x0000000708800000, 0x0000000708800000, 0x0000000708a00000|  0%| F|  |TAMS 0x0000000708800000| PB 0x0000000708800000| Untracked 
|  37|0x0000000708a00000, 0x0000000708a00000, 0x0000000708c00000|  0%| F|  |TAMS 0x0000000708a00000| PB 0x0000000708a00000| Untracked 
|  38|0x0000000708c00000, 0x0000000708c00000, 0x0000000708e00000|  0%| F|  |TAMS 0x0000000708c00000| PB 0x0000000708c00000| Untracked 
|  39|0x0000000708e00000, 0x0000000708e00000, 0x0000000709000000|  0%| F|  |TAMS 0x0000000708e00000| PB 0x0000000708e00000| Untracked 
|  40|0x0000000709000000, 0x0000000709000000, 0x0000000709200000|  0%| F|  |TAMS 0x0000000709000000| PB 0x0000000709000000| Untracked 
|  41|0x0000000709200000, 0x0000000709200000, 0x0000000709400000|  0%| F|  |TAMS 0x0000000709200000| PB 0x0000000709200000| Untracked 
|  42|0x0000000709400000, 0x0000000709400000, 0x0000000709600000|  0%| F|  |TAMS 0x0000000709400000| PB 0x0000000709400000| Untracked 
|  43|0x0000000709600000, 0x0000000709600000, 0x0000000709800000|  0%| F|  |TAMS 0x0000000709600000| PB 0x0000000709600000| Untracked 
|  44|0x0000000709800000, 0x0000000709800000, 0x0000000709a00000|  0%| F|  |TAMS 0x0000000709800000| PB 0x0000000709800000| Untracked 
|  45|0x0000000709a00000, 0x0000000709a00000, 0x0000000709c00000|  0%| F|  |TAMS 0x0000000709a00000| PB 0x0000000709a00000| Untracked 
|  46|0x0000000709c00000, 0x0000000709c00000, 0x0000000709e00000|  0%| F|  |TAMS 0x0000000709c00000| PB 0x0000000709c00000| Untracked 
|  47|0x0000000709e00000, 0x0000000709e00000, 0x000000070a000000|  0%| F|  |TAMS 0x0000000709e00000| PB 0x0000000709e00000| Untracked 
|  48|0x000000070a000000, 0x000000070a000000, 0x000000070a200000|  0%| F|  |TAMS 0x000000070a000000| PB 0x000000070a000000| Untracked 
|  49|0x000000070a200000, 0x000000070a200000, 0x000000070a400000|  0%| F|  |TAMS 0x000000070a200000| PB 0x000000070a200000| Untracked 
|  50|0x000000070a400000, 0x000000070a400000, 0x000000070a600000|  0%| F|  |TAMS 0x000000070a400000| PB 0x000000070a400000| Untracked 
|  51|0x000000070a600000, 0x000000070a600000, 0x000000070a800000|  0%| F|  |TAMS 0x000000070a600000| PB 0x000000070a600000| Untracked 
|  52|0x000000070a800000, 0x000000070a800000, 0x000000070aa00000|  0%| F|  |TAMS 0x000000070a800000| PB 0x000000070a800000| Untracked 
|  53|0x000000070aa00000, 0x000000070aa00000, 0x000000070ac00000|  0%| F|  |TAMS 0x000000070aa00000| PB 0x000000070aa00000| Untracked 
|  54|0x000000070ac00000, 0x000000070ac00000, 0x000000070ae00000|  0%| F|  |TAMS 0x000000070ac00000| PB 0x000000070ac00000| Untracked 
|  55|0x000000070ae00000, 0x000000070ae00000, 0x000000070b000000|  0%| F|  |TAMS 0x000000070ae00000| PB 0x000000070ae00000| Untracked 
|  56|0x000000070b000000, 0x000000070b000000, 0x000000070b200000|  0%| F|  |TAMS 0x000000070b000000| PB 0x000000070b000000| Untracked 
|  57|0x000000070b200000, 0x000000070b200000, 0x000000070b400000|  0%| F|  |TAMS 0x000000070b200000| PB 0x000000070b200000| Untracked 
|  58|0x000000070b400000, 0x000000070b400000, 0x000000070b600000|  0%| F|  |TAMS 0x000000070b400000| PB 0x000000070b400000| Untracked 
|  59|0x000000070b600000, 0x000000070b600000, 0x000000070b800000|  0%| F|  |TAMS 0x000000070b600000| PB 0x000000070b600000| Untracked 
|  60|0x000000070b800000, 0x000000070b800000, 0x000000070ba00000|  0%| F|  |TAMS 0x000000070b800000| PB 0x000000070b800000| Untracked 
|  61|0x000000070ba00000, 0x000000070ba00000, 0x000000070bc00000|  0%| F|  |TAMS 0x000000070ba00000| PB 0x000000070ba00000| Untracked 
|  62|0x000000070bc00000, 0x000000070bc00000, 0x000000070be00000|  0%| F|  |TAMS 0x000000070bc00000| PB 0x000000070bc00000| Untracked 
|  63|0x000000070be00000, 0x000000070be00000, 0x000000070c000000|  0%| F|  |TAMS 0x000000070be00000| PB 0x000000070be00000| Untracked 
|  64|0x000000070c000000, 0x000000070c000000, 0x000000070c200000|  0%| F|  |TAMS 0x000000070c000000| PB 0x000000070c000000| Untracked 
|  65|0x000000070c200000, 0x000000070c200000, 0x000000070c400000|  0%| F|  |TAMS 0x000000070c200000| PB 0x000000070c200000| Untracked 
|  66|0x000000070c400000, 0x000000070c400000, 0x000000070c600000|  0%| F|  |TAMS 0x000000070c400000| PB 0x000000070c400000| Untracked 
|  67|0x000000070c600000, 0x000000070c600000, 0x000000070c800000|  0%| F|  |TAMS 0x000000070c600000| PB 0x000000070c600000| Untracked 
|  68|0x000000070c800000, 0x000000070c800000, 0x000000070ca00000|  0%| F|  |TAMS 0x000000070c800000| PB 0x000000070c800000| Untracked 
|  69|0x000000070ca00000, 0x000000070ca00000, 0x000000070cc00000|  0%| F|  |TAMS 0x000000070ca00000| PB 0x000000070ca00000| Untracked 
|  70|0x000000070cc00000, 0x000000070cc00000, 0x000000070ce00000|  0%| F|  |TAMS 0x000000070cc00000| PB 0x000000070cc00000| Untracked 
|  71|0x000000070ce00000, 0x000000070ce00000, 0x000000070d000000|  0%| F|  |TAMS 0x000000070ce00000| PB 0x000000070ce00000| Untracked 
|  72|0x000000070d000000, 0x000000070d000000, 0x000000070d200000|  0%| F|  |TAMS 0x000000070d000000| PB 0x000000070d000000| Untracked 
|  73|0x000000070d200000, 0x000000070d200000, 0x000000070d400000|  0%| F|  |TAMS 0x000000070d200000| PB 0x000000070d200000| Untracked 
|  74|0x000000070d400000, 0x000000070d400000, 0x000000070d600000|  0%| F|  |TAMS 0x000000070d400000| PB 0x000000070d400000| Untracked 
|  75|0x000000070d600000, 0x000000070d600000, 0x000000070d800000|  0%| F|  |TAMS 0x000000070d600000| PB 0x000000070d600000| Untracked 
|  76|0x000000070d800000, 0x000000070d800000, 0x000000070da00000|  0%| F|  |TAMS 0x000000070d800000| PB 0x000000070d800000| Untracked 
|  77|0x000000070da00000, 0x000000070da00000, 0x000000070dc00000|  0%| F|  |TAMS 0x000000070da00000| PB 0x000000070da00000| Untracked 
|  78|0x000000070dc00000, 0x000000070dc00000, 0x000000070de00000|  0%| F|  |TAMS 0x000000070dc00000| PB 0x000000070dc00000| Untracked 
|  79|0x000000070de00000, 0x000000070de00000, 0x000000070e000000|  0%| F|  |TAMS 0x000000070de00000| PB 0x000000070de00000| Untracked 
|  80|0x000000070e000000, 0x000000070e000000, 0x000000070e200000|  0%| F|  |TAMS 0x000000070e000000| PB 0x000000070e000000| Untracked 
|  81|0x000000070e200000, 0x000000070e200000, 0x000000070e400000|  0%| F|  |TAMS 0x000000070e200000| PB 0x000000070e200000| Untracked 
|  82|0x000000070e400000, 0x000000070e400000, 0x000000070e600000|  0%| F|  |TAMS 0x000000070e400000| PB 0x000000070e400000| Untracked 
|  83|0x000000070e600000, 0x000000070e600000, 0x000000070e800000|  0%| F|  |TAMS 0x000000070e600000| PB 0x000000070e600000| Untracked 
|  84|0x000000070e800000, 0x000000070e800000, 0x000000070ea00000|  0%| F|  |TAMS 0x000000070e800000| PB 0x000000070e800000| Untracked 
|  85|0x000000070ea00000, 0x000000070ea00000, 0x000000070ec00000|  0%| F|  |TAMS 0x000000070ea00000| PB 0x000000070ea00000| Untracked 
|  86|0x000000070ec00000, 0x000000070ec00000, 0x000000070ee00000|  0%| F|  |TAMS 0x000000070ec00000| PB 0x000000070ec00000| Untracked 
|  87|0x000000070ee00000, 0x000000070ee00000, 0x000000070f000000|  0%| F|  |TAMS 0x000000070ee00000| PB 0x000000070ee00000| Untracked 
|  88|0x000000070f000000, 0x000000070f000000, 0x000000070f200000|  0%| F|  |TAMS 0x000000070f000000| PB 0x000000070f000000| Untracked 
|  89|0x000000070f200000, 0x000000070f200000, 0x000000070f400000|  0%| F|  |TAMS 0x000000070f200000| PB 0x000000070f200000| Untracked 
|  90|0x000000070f400000, 0x000000070f400000, 0x000000070f600000|  0%| F|  |TAMS 0x000000070f400000| PB 0x000000070f400000| Untracked 
|  91|0x000000070f600000, 0x000000070f600000, 0x000000070f800000|  0%| F|  |TAMS 0x000000070f600000| PB 0x000000070f600000| Untracked 
|  92|0x000000070f800000, 0x000000070f800000, 0x000000070fa00000|  0%| F|  |TAMS 0x000000070f800000| PB 0x000000070f800000| Untracked 
|  93|0x000000070fa00000, 0x000000070fa00000, 0x000000070fc00000|  0%| F|  |TAMS 0x000000070fa00000| PB 0x000000070fa00000| Untracked 
|  94|0x000000070fc00000, 0x000000070fc00000, 0x000000070fe00000|  0%| F|  |TAMS 0x000000070fc00000| PB 0x000000070fc00000| Untracked 
|  95|0x000000070fe00000, 0x000000070fe00000, 0x0000000710000000|  0%| F|  |TAMS 0x000000070fe00000| PB 0x000000070fe00000| Untracked 
|  96|0x0000000710000000, 0x0000000710000000, 0x0000000710200000|  0%| F|  |TAMS 0x0000000710000000| PB 0x0000000710000000| Untracked 
|  97|0x0000000710200000, 0x0000000710200000, 0x0000000710400000|  0%| F|  |TAMS 0x0000000710200000| PB 0x0000000710200000| Untracked 
|  98|0x0000000710400000, 0x0000000710400000, 0x0000000710600000|  0%| F|  |TAMS 0x0000000710400000| PB 0x0000000710400000| Untracked 
|  99|0x0000000710600000, 0x0000000710600000, 0x0000000710800000|  0%| F|  |TAMS 0x0000000710600000| PB 0x0000000710600000| Untracked 
| 100|0x0000000710800000, 0x0000000710800000, 0x0000000710a00000|  0%| F|  |TAMS 0x0000000710800000| PB 0x0000000710800000| Untracked 
| 101|0x0000000710a00000, 0x0000000710a00000, 0x0000000710c00000|  0%| F|  |TAMS 0x0000000710a00000| PB 0x0000000710a00000| Untracked 
| 102|0x0000000710c00000, 0x0000000710c00000, 0x0000000710e00000|  0%| F|  |TAMS 0x0000000710c00000| PB 0x0000000710c00000| Untracked 
| 103|0x0000000710e00000, 0x0000000710e00000, 0x0000000711000000|  0%| F|  |TAMS 0x0000000710e00000| PB 0x0000000710e00000| Untracked 
| 104|0x0000000711000000, 0x0000000711000000, 0x0000000711200000|  0%| F|  |TAMS 0x0000000711000000| PB 0x0000000711000000| Untracked 
| 105|0x0000000711200000, 0x0000000711200000, 0x0000000711400000|  0%| F|  |TAMS 0x0000000711200000| PB 0x0000000711200000| Untracked 
| 106|0x0000000711400000, 0x0000000711400000, 0x0000000711600000|  0%| F|  |TAMS 0x0000000711400000| PB 0x0000000711400000| Untracked 
| 107|0x0000000711600000, 0x0000000711600000, 0x0000000711800000|  0%| F|  |TAMS 0x0000000711600000| PB 0x0000000711600000| Untracked 
| 108|0x0000000711800000, 0x0000000711800000, 0x0000000711a00000|  0%| F|  |TAMS 0x0000000711800000| PB 0x0000000711800000| Untracked 
| 109|0x0000000711a00000, 0x0000000711b08d78, 0x0000000711c00000| 51%| E|  |TAMS 0x0000000711a00000| PB 0x0000000711a00000| Complete 
| 110|0x0000000711c00000, 0x0000000711e00000, 0x0000000711e00000|100%| E|CS|TAMS 0x0000000711c00000| PB 0x0000000711c00000| Complete 
| 111|0x0000000711e00000, 0x0000000712000000, 0x0000000712000000|100%| E|CS|TAMS 0x0000000711e00000| PB 0x0000000711e00000| Complete 
| 112|0x0000000712000000, 0x0000000712200000, 0x0000000712200000|100%| E|CS|TAMS 0x0000000712000000| PB 0x0000000712000000| Complete 
| 113|0x0000000712200000, 0x00000007123d54e0, 0x0000000712400000| 91%| S|CS|TAMS 0x0000000712200000| PB 0x0000000712200000| Complete 
| 114|0x0000000712400000, 0x0000000712600000, 0x0000000712600000|100%| S|CS|TAMS 0x0000000712400000| PB 0x0000000712400000| Complete 
| 115|0x0000000712600000, 0x0000000712800000, 0x0000000712800000|100%| E|CS|TAMS 0x0000000712600000| PB 0x0000000712600000| Complete 
| 116|0x0000000712800000, 0x0000000712a00000, 0x0000000712a00000|100%| E|CS|TAMS 0x0000000712800000| PB 0x0000000712800000| Complete 
| 117|0x0000000712a00000, 0x0000000712c00000, 0x0000000712c00000|100%| E|CS|TAMS 0x0000000712a00000| PB 0x0000000712a00000| Complete 
| 118|0x0000000712c00000, 0x0000000712e00000, 0x0000000712e00000|100%| E|CS|TAMS 0x0000000712c00000| PB 0x0000000712c00000| Complete 
| 119|0x0000000712e00000, 0x0000000713000000, 0x0000000713000000|100%| E|CS|TAMS 0x0000000712e00000| PB 0x0000000712e00000| Complete 
| 120|0x0000000713000000, 0x0000000713200000, 0x0000000713200000|100%| E|CS|TAMS 0x0000000713000000| PB 0x0000000713000000| Complete 
| 121|0x0000000713200000, 0x0000000713400000, 0x0000000713400000|100%| E|CS|TAMS 0x0000000713200000| PB 0x0000000713200000| Complete 
| 122|0x0000000713400000, 0x0000000713600000, 0x0000000713600000|100%| E|CS|TAMS 0x0000000713400000| PB 0x0000000713400000| Complete 
| 123|0x0000000713600000, 0x0000000713800000, 0x0000000713800000|100%| E|CS|TAMS 0x0000000713600000| PB 0x0000000713600000| Complete 
| 124|0x0000000713800000, 0x0000000713a00000, 0x0000000713a00000|100%| E|CS|TAMS 0x0000000713800000| PB 0x0000000713800000| Complete 
| 125|0x0000000713a00000, 0x0000000713c00000, 0x0000000713c00000|100%| E|CS|TAMS 0x0000000713a00000| PB 0x0000000713a00000| Complete 

Card table byte_map: [0x0000018f7d870000,0x0000018f7e050000] _byte_map_base: 0x0000018f7a050000

Marking Bits: (CMBitMap*) 0x0000018f7274ad20
 Bits: [0x0000018f0f000000, 0x0000018f12f00000)

Polling page: 0x0000018f72810000

Metaspace:

Usage:
  Non-class:      8.13 MB used.
      Class:      1.06 MB used.
       Both:      9.19 MB used.

Virtual space:
  Non-class space:       64.00 MB reserved,       8.19 MB ( 13%) committed,  1 nodes.
      Class space:        1.00 GB reserved,       1.12 MB ( <1%) committed,  1 nodes.
             Both:        1.06 GB reserved,       9.31 MB ( <1%) committed. 

Chunk freelists:
   Non-Class:  6.61 MB
       Class:  14.90 MB
        Both:  21.51 MB

MaxMetaspaceSize: unlimited
CompressedClassSpaceSize: 1.00 GB
Initial GC threshold: 21.00 MB
Current GC threshold: 21.00 MB
CDS: on
 - commit_granule_bytes: 65536.
 - commit_granule_words: 8192.
 - virtual_space_node_default_size: 8388608.
 - enlarge_chunks_in_place: 1.
 - use_allocation_guard: 0.


Internal statistics:

num_allocs_failed_limit: 0.
num_arena_births: 72.
num_arena_deaths: 0.
num_vsnodes_births: 2.
num_vsnodes_deaths: 0.
num_space_committed: 149.
num_space_uncommitted: 0.
num_chunks_returned_to_freelist: 0.
num_chunks_taken_from_freelist: 353.
num_chunk_merges: 0.
num_chunk_splits: 248.
num_chunks_enlarged: 205.
num_inconsistent_stats: 0.

CodeHeap 'non-profiled nmethods': size=120000Kb used=809Kb max_used=809Kb free=119190Kb
 bounds [0x0000018f07ad0000, 0x0000018f07d40000, 0x0000018f0f000000]
CodeHeap 'profiled nmethods': size=120000Kb used=3574Kb max_used=3574Kb free=116425Kb
 bounds [0x0000018f00000000, 0x0000018f00380000, 0x0000018f07530000]
CodeHeap 'non-nmethods': size=5760Kb used=1509Kb max_used=1536Kb free=4250Kb
 bounds [0x0000018f07530000, 0x0000018f077a0000, 0x0000018f07ad0000]
 total_blobs=2285 nmethods=1810 adapters=380
 compilation: enabled
              stopped_count=0, restarted_count=0
 full_count=0

Compilation events (20 events):
Event: 93.176 Thread 0x0000018f7e9c5990 1802       3       java.lang.invoke.LambdaForm$MH/0x0000018f160a8000::invoke (35 bytes)
Event: 93.176 Thread 0x0000018f7e9c5990 nmethod 1802 0x0000018f0037b010 code [0x0000018f0037b200, 0x0000018f0037b8d8]
Event: 93.176 Thread 0x0000018f7e9c5990 1803       1       java.lang.reflect.Constructor::getModifiers (5 bytes)
Event: 93.176 Thread 0x0000018f7e9c5990 nmethod 1803 0x0000018f07b99b10 code [0x0000018f07b99ca0, 0x0000018f07b99d68]
Event: 93.177 Thread 0x0000018f7e9c5990 1804       1       java.util.stream.Collectors$CollectorImpl::characteristics (5 bytes)
Event: 93.177 Thread 0x0000018f7e9c5990 nmethod 1804 0x0000018f07b99e10 code [0x0000018f07b99fa0, 0x0000018f07b9a070]
Event: 93.183 Thread 0x0000018f7e9c5990 1805       3       com.google.inject.internal.Errors::<init> (20 bytes)
Event: 93.183 Thread 0x0000018f7e9c4ba0 1806       4       java.lang.invoke.Invokers$Holder::linkToTargetMethod (8 bytes)
Event: 93.183 Thread 0x0000018f7e9c5990 nmethod 1805 0x0000018f0037ba90 code [0x0000018f0037bc40, 0x0000018f0037bea8]
Event: 93.183 Thread 0x0000018f7e9c5990 1807       3       com.google.inject.internal.Errors::throwConfigurationExceptionIfErrorsExist (22 bytes)
Event: 93.184 Thread 0x0000018f7e9c5990 nmethod 1807 0x0000018f0037bf90 code [0x0000018f0037c1a0, 0x0000018f0037c668]
Event: 93.184 Thread 0x0000018f7e9c5990 1809       3       java.util.stream.ReferencePipeline::filter (22 bytes)
Event: 93.184 Thread 0x0000018f7e9c4ba0 nmethod 1806 0x0000018f07b9a110 code [0x0000018f07b9a2a0, 0x0000018f07b9a378]
Event: 93.184 Thread 0x0000018f7e9c5990 nmethod 1809 0x0000018f0037c890 code [0x0000018f0037ca80, 0x0000018f0037cf60]
Event: 93.184 Thread 0x0000018f7e9c5990 1808       1       com.google.inject.Key::hashCode (5 bytes)
Event: 93.184 Thread 0x0000018f7e9c5990 nmethod 1808 0x0000018f07b9a490 code [0x0000018f07b9a620, 0x0000018f07b9a6e8]
Event: 93.189 Thread 0x0000018f7e9c5990 1810       3       java.lang.Class$ReflectionData::<init> (10 bytes)
Event: 93.189 Thread 0x0000018f7e9c5990 nmethod 1810 0x0000018f0037d190 code [0x0000018f0037d340, 0x0000018f0037d4a8]
Event: 93.189 Thread 0x0000018f7e9c5990 1811       3       java.lang.Class$Atomic::casReflectionData (13 bytes)
Event: 93.190 Thread 0x0000018f7e9c5990 nmethod 1811 0x0000018f0037d590 code [0x0000018f0037d720, 0x0000018f0037d878]

GC Heap History (2 events):
Event: 77.404 GC heap before
{Heap before GC invocations=0 (full 0):
 garbage-first heap   total 258048K, used 20480K [0x0000000704000000, 0x0000000800000000)
  region size 2048K, 11 young (22528K), 0 survivors (0K)
 Metaspace       used 6027K, committed 6208K, reserved 1114112K
  class space    used 684K, committed 768K, reserved 1048576K
}
Event: 79.305 GC heap after
{Heap after GC invocations=1 (full 0):
 garbage-first heap   total 258048K, used 3925K [0x0000000704000000, 0x0000000800000000)
  region size 2048K, 2 young (4096K), 2 survivors (4096K)
 Metaspace       used 6027K, committed 6208K, reserved 1114112K
  class space    used 684K, committed 768K, reserved 1048576K
}

Dll operation events (12 events):
Event: 1.487 Loaded shared library C:\Program Files\Java\jdk-21.0.6\bin\java.dll
Event: 3.189 Loaded shared library C:\Program Files\Java\jdk-21.0.6\bin\jsvml.dll
Event: 4.076 Loaded shared library C:\Program Files\Java\jdk-21.0.6\bin\zip.dll
Event: 4.954 Loaded shared library C:\Program Files\Java\jdk-21.0.6\bin\instrument.dll
Event: 5.254 Loaded shared library C:\Program Files\Java\jdk-21.0.6\bin\net.dll
Event: 5.257 Loaded shared library C:\Program Files\Java\jdk-21.0.6\bin\nio.dll
Event: 5.264 Loaded shared library C:\Program Files\Java\jdk-21.0.6\bin\zip.dll
Event: 11.748 Loaded shared library C:\Program Files\JetBrains\IntelliJ IDEA 2023.3.4\bin\breakgen64.dll
Event: 11.773 Loaded shared library C:\Program Files\Java\jdk-21.0.6\bin\extnet.dll
Event: 36.755 Loaded shared library C:\Program Files\Java\jdk-21.0.6\bin\jimage.dll
Event: 55.514 Loaded shared library C:\Users\DELL\AppData\Local\Temp\jansi-2.4.1-a4b767bfa891dc46-jansi.dll
Event: 56.862 Loaded shared library C:\Program Files\Java\jdk-21.0.6\bin\verify.dll

Deoptimization events (20 events):
Event: 88.629 Thread 0x0000018f726e2240 DEOPT PACKING pc=0x0000018f002971bc sp=0x000000676abfd5d0
Event: 88.629 Thread 0x0000018f726e2240 DEOPT UNPACKING pc=0x0000018f075888e2 sp=0x000000676abfca60 mode 0
Event: 88.629 Thread 0x0000018f726e2240 DEOPT PACKING pc=0x0000018f002971bc sp=0x000000676abfd5d0
Event: 88.629 Thread 0x0000018f726e2240 DEOPT UNPACKING pc=0x0000018f075888e2 sp=0x000000676abfca60 mode 0
Event: 89.917 Thread 0x0000018f726e2240 DEOPT PACKING pc=0x0000018f00247fa7 sp=0x000000676abfe1e0
Event: 89.917 Thread 0x0000018f726e2240 DEOPT UNPACKING pc=0x0000018f075888e2 sp=0x000000676abfd650 mode 0
Event: 89.930 Thread 0x0000018f726e2240 DEOPT PACKING pc=0x0000018f00247fa7 sp=0x000000676abfe1e0
Event: 89.930 Thread 0x0000018f726e2240 DEOPT UNPACKING pc=0x0000018f075888e2 sp=0x000000676abfd650 mode 0
Event: 91.071 Thread 0x0000018f726e2240 DEOPT PACKING pc=0x0000018f002971bc sp=0x000000676abfd5d0
Event: 91.071 Thread 0x0000018f726e2240 DEOPT UNPACKING pc=0x0000018f075888e2 sp=0x000000676abfca60 mode 0
Event: 91.605 Thread 0x0000018f726e2240 DEOPT PACKING pc=0x0000018f00079251 sp=0x000000676abfdfa0
Event: 91.605 Thread 0x0000018f726e2240 DEOPT UNPACKING pc=0x0000018f075888e2 sp=0x000000676abfd4a0 mode 0
Event: 92.650 Thread 0x0000018f56506670 Uncommon trap: trap_request=0xffffff45 fr.pc=0x0000018f07b68d08 relative=0x00000000000002c8
Event: 92.650 Thread 0x0000018f56506670 Uncommon trap: reason=unstable_if action=reinterpret pc=0x0000018f07b68d08 method=jdk.internal.util.ArraysSupport.mismatch([BI[BII)I @ 55 c2
Event: 92.650 Thread 0x0000018f56506670 DEOPT PACKING pc=0x0000018f07b68d08 sp=0x000000676befefe0
Event: 92.650 Thread 0x0000018f56506670 DEOPT UNPACKING pc=0x0000018f07587da2 sp=0x000000676befee80 mode 2
Event: 92.650 Thread 0x0000018f56506670 Uncommon trap: trap_request=0xffffff45 fr.pc=0x0000018f07b23984 relative=0x0000000000000344
Event: 92.650 Thread 0x0000018f56506670 Uncommon trap: reason=unstable_if action=reinterpret pc=0x0000018f07b23984 method=jdk.internal.util.ArraysSupport.mismatch([BI[BII)I @ 55 c2
Event: 92.650 Thread 0x0000018f56506670 DEOPT PACKING pc=0x0000018f07b23984 sp=0x000000676befef70
Event: 92.650 Thread 0x0000018f56506670 DEOPT UNPACKING pc=0x0000018f07587da2 sp=0x000000676befee80 mode 2

Classes loaded (20 events):
Event: 84.679 Loading class java/lang/ArrayIndexOutOfBoundsException
Event: 84.679 Loading class java/lang/ArrayIndexOutOfBoundsException done
Event: 90.456 Loading class java/lang/Deprecated
Event: 90.456 Loading class java/lang/Deprecated done
Event: 91.639 Loading class java/lang/invoke/MethodHandle$1
Event: 91.639 Loading class java/lang/invoke/MethodHandle$1 done
Event: 92.666 Loading class sun/reflect/generics/tree/BottomSignature
Event: 92.666 Loading class sun/reflect/generics/tree/BottomSignature done
Event: 92.666 Loading class sun/reflect/generics/tree/Wildcard
Event: 92.666 Loading class sun/reflect/generics/tree/Wildcard done
Event: 92.666 Loading class sun/reflect/generics/reflectiveObjects/WildcardTypeImpl
Event: 92.666 Loading class sun/reflect/generics/reflectiveObjects/WildcardTypeImpl done
Event: 92.667 Loading class sun/reflect/annotation/AnnotatedTypeFactory$AnnotatedParameterizedTypeImpl
Event: 92.667 Loading class java/lang/reflect/AnnotatedParameterizedType
Event: 92.667 Loading class java/lang/reflect/AnnotatedParameterizedType done
Event: 92.667 Loading class sun/reflect/annotation/AnnotatedTypeFactory$AnnotatedParameterizedTypeImpl done
Event: 92.792 Loading class java/util/concurrent/CompletionService
Event: 92.792 Loading class java/util/concurrent/CompletionService done
Event: 92.805 Loading class java/util/EventObject
Event: 92.805 Loading class java/util/EventObject done

Classes unloaded (0 events):
No events

Classes redefined (0 events):
No events

Internal exceptions (16 events):
Event: 11.735 Thread 0x0000018f726e2240 Exception <a 'java/lang/NoSuchMethodError'{0x000000071385f400}: 'void java.lang.invoke.DirectMethodHandle$Holder.invokeStatic(java.lang.Object, java.lang.Object, java.lang.Object)'> (0x000000071385f400) 
thrown [s\open\src\hotspot\share\interpreter\linkResolver.cpp, line 773]
Event: 11.743 Thread 0x0000018f726e2240 Exception <a 'java/lang/NoSuchMethodError'{0x0000000713876cd8}: 'java.lang.Object java.lang.invoke.Invokers$Holder.invokeExact_MT(java.lang.Object, java.lang.Object, java.lang.Object, java.lang.Object, java.lang.Object)'> (0x0000000713876cd8) 
thrown [s\open\src\hotspot\share\interpreter\linkResolver.cpp, line 773]
Event: 11.776 Thread 0x0000018f5640dfa0 Exception <a 'java/lang/NoSuchMethodError'{0x00000007138eabb8}: 'void java.lang.invoke.DirectMethodHandle$Holder.invokeStatic(java.lang.Object, java.lang.Object)'> (0x00000007138eabb8) 
thrown [s\open\src\hotspot\share\interpreter\linkResolver.cpp, line 773]
Event: 13.205 Thread 0x0000018f726e2240 Exception <a 'java/lang/NoSuchMethodError'{0x0000000713960a78}: 'int java.lang.invoke.DirectMethodHandle$Holder.invokeSpecial(java.lang.Object, java.lang.Object, java.lang.Object)'> (0x0000000713960a78) 
thrown [s\open\src\hotspot\share\interpreter\linkResolver.cpp, line 773]
Event: 36.728 Thread 0x0000018f726e2240 Exception <a 'java/lang/NullPointerException'{0x00000007134561f8}> (0x00000007134561f8) 
thrown [s\open\src\hotspot\share\interpreter\linkResolver.cpp, line 1372]
Event: 54.470 Thread 0x0000018f726e2240 Exception <a 'sun/nio/fs/WindowsException'{0x000000071347ee08}> (0x000000071347ee08) 
thrown [s\open\src\hotspot\share\prims\jni.cpp, line 520]
Event: 56.968 Thread 0x0000018f726e2240 Exception <a 'java/lang/NoSuchMethodError'{0x00000007135962f0}: 'void java.lang.invoke.DirectMethodHandle$Holder.invokeStaticInit(java.lang.Object, java.lang.Object)'> (0x00000007135962f0) 
thrown [s\open\src\hotspot\share\interpreter\linkResolver.cpp, line 773]
Event: 62.208 Thread 0x0000018f726e2240 Exception <a 'java/lang/NoSuchMethodError'{0x000000071334aee0}: 'java.lang.Object java.lang.invoke.DirectMethodHandle$Holder.invokeSpecialIFC(java.lang.Object, java.lang.Object, java.lang.Object, java.lang.Object)'> (0x000000071334aee0) 
thrown [s\open\src\hotspot\share\interpreter\linkResolver.cpp, line 773]
Event: 70.240 Thread 0x0000018f726e2240 Exception <a 'java/lang/NoSuchMethodError'{0x0000000712cfb4b0}: 'void java.lang.invoke.DirectMethodHandle$Holder.invokeSpecial(java.lang.Object, java.lang.Object, java.lang.Object)'> (0x0000000712cfb4b0) 
thrown [s\open\src\hotspot\share\interpreter\linkResolver.cpp, line 773]
Event: 71.372 Thread 0x0000018f726e2240 Exception <a 'java/lang/NoSuchMethodError'{0x0000000712a4ff20}: 'java.lang.Object java.lang.invoke.DirectMethodHandle$Holder.invokeInterface(java.lang.Object, java.lang.Object)'> (0x0000000712a4ff20) 
thrown [s\open\src\hotspot\share\interpreter\linkResolver.cpp, line 773]
Event: 71.401 Thread 0x0000018f726e2240 Exception <a 'java/lang/NoSuchMethodError'{0x0000000712aeddf0}: 'int java.lang.invoke.DirectMethodHandle$Holder.invokeStatic(java.lang.Object, java.lang.Object, java.lang.Object, java.lang.Object)'> (0x0000000712aeddf0) 
thrown [s\open\src\hotspot\share\interpreter\linkResolver.cpp, line 773]
Event: 71.405 Thread 0x0000018f726e2240 Exception <a 'java/lang/NoSuchMethodError'{0x0000000712af1480}: 'java.lang.Object java.lang.invoke.Invokers$Holder.invokeExact_MT(java.lang.Object, java.lang.Object, java.lang.Object, java.lang.Object, java.lang.Object, java.lang.Object)'> (0x0000000712af1480) 
thrown [s\open\src\hotspot\share\interpreter\linkResolver.cpp, line 773]
Event: 73.113 Thread 0x0000018f726e2240 Exception <a 'java/lang/NoSuchMethodError'{0x0000000712affc68}: 'int java.lang.invoke.DirectMethodHandle$Holder.invokeSpecialIFC(java.lang.Object, java.lang.Object, java.lang.Object, java.lang.Object, java.lang.Object)'> (0x0000000712affc68) 
thrown [s\open\src\hotspot\share\interpreter\linkResolver.cpp, line 773]
Event: 74.333 Thread 0x0000018f726e2240 Exception <a 'java/lang/NoSuchMethodError'{0x00000007128941c0}: 'java.lang.Object java.lang.invoke.DirectMethodHandle$Holder.newInvokeSpecial(java.lang.Object, java.lang.Object, java.lang.Object, java.lang.Object, java.lang.Object)'> (0x00000007128941c0) 
thrown [s\open\src\hotspot\share\interpreter\linkResolver.cpp, line 773]
Event: 74.417 Thread 0x0000018f726e2240 Exception <a 'java/lang/NoSuchMethodError'{0x00000007129994e0}: 'int java.lang.invoke.DirectMethodHandle$Holder.invokeStaticInit(java.lang.Object, java.lang.Object)'> (0x00000007129994e0) 
thrown [s\open\src\hotspot\share\interpreter\linkResolver.cpp, line 773]
Event: 74.428 Thread 0x0000018f726e2240 Exception <a 'java/lang/NoClassDefFoundError'{0x00000007129d0150}: javax/enterprise/inject/Typed> (0x00000007129d0150) 
thrown [s\open\src\hotspot\share\classfile\systemDictionary.cpp, line 301]

ZGC Phase Switch (0 events):
No events

VM Operations (20 events):
Event: 83.997 Executing VM operation: Cleanup done
Event: 85.010 Executing VM operation: Cleanup
Event: 85.091 Executing VM operation: Cleanup done
Event: 86.111 Executing VM operation: Cleanup
Event: 86.548 Executing VM operation: Cleanup done
Event: 87.562 Executing VM operation: Cleanup
Event: 87.624 Executing VM operation: Cleanup done
Event: 88.630 Executing VM operation: Cleanup
Event: 88.631 Executing VM operation: Cleanup done
Event: 89.642 Executing VM operation: Cleanup
Event: 89.878 Executing VM operation: Cleanup done
Event: 90.880 Executing VM operation: Cleanup
Event: 91.055 Executing VM operation: Cleanup done
Event: 92.069 Executing VM operation: Cleanup
Event: 92.069 Executing VM operation: Cleanup done
Event: 92.705 Executing VM operation: HandshakeAllThreads (Deoptimize)
Event: 92.705 Executing VM operation: HandshakeAllThreads (Deoptimize) done
Event: 92.906 Executing VM operation: HandshakeAllThreads (Deoptimize)
Event: 92.906 Executing VM operation: HandshakeAllThreads (Deoptimize) done
Event: 93.910 Executing VM operation: Cleanup

Events (20 events):
Event: 1.514 Thread 0x0000018f726e2240 Thread added: 0x0000018f726e2240
Event: 2.239 Thread 0x0000018f7e9b1df0 Thread added: 0x0000018f7e9b1df0
Event: 2.239 Thread 0x0000018f7e9b6c00 Thread added: 0x0000018f7e9b6c00
Event: 2.491 Thread 0x0000018f7e9bf2f0 Thread added: 0x0000018f7e9bf2f0
Event: 2.500 Thread 0x0000018f7e9bfd40 Thread added: 0x0000018f7e9bfd40
Event: 2.735 Thread 0x0000018f7e9c13c0 Thread added: 0x0000018f7e9c13c0
Event: 2.736 Thread 0x0000018f7e9c1e10 Thread added: 0x0000018f7e9c1e10
Event: 2.736 Thread 0x0000018f7e9c4ba0 Thread added: 0x0000018f7e9c4ba0
Event: 2.736 Thread 0x0000018f7e9c5990 Thread added: 0x0000018f7e9c5990
Event: 2.863 Thread 0x0000018f7e9ce750 Thread added: 0x0000018f7e9ce750
Event: 4.067 Thread 0x0000018f561f7540 Thread added: 0x0000018f561f7540
Event: 4.634 Thread 0x0000018f561f7540 Thread exited: 0x0000018f561f7540
Event: 11.749 Thread 0x0000018f5640dfa0 Thread added: 0x0000018f5640dfa0
Event: 11.749 Thread 0x0000018f5640e600 Thread added: 0x0000018f5640e600
Event: 36.750 Thread 0x0000018f56506670 Thread added: 0x0000018f56506670
Event: 75.896 Thread 0x0000018f56983c20 Thread added: 0x0000018f56983c20
Event: 79.306 Thread 0x0000018f56983c20 Thread exited: 0x0000018f56983c20
Event: 79.609 Thread 0x0000018f56983c20 Thread added: 0x0000018f56983c20
Event: 82.447 Thread 0x0000018f56983c20 Thread exited: 0x0000018f56983c20
Event: 92.666 Thread 0x0000018f56506670 Thread exited: 0x0000018f56506670


Dynamic libraries:
0x00007ff7e26f0000 - 0x00007ff7e2700000 	C:\Program Files\Java\jdk-21.0.6\bin\java.exe
0x00007ffbc1e40000 - 0x00007ffbc20a0000 	C:\WINDOWS\SYSTEM32\ntdll.dll
0x00007ffbc0980000 - 0x00007ffbc0a47000 	C:\WINDOWS\System32\KERNEL32.DLL
0x00007ffbbf020000 - 0x00007ffbbf3ea000 	C:\WINDOWS\System32\KERNELBASE.dll
0x00007ffbbf810000 - 0x00007ffbbf95b000 	C:\WINDOWS\System32\ucrtbase.dll
0x00007ffb815c0000 - 0x00007ffb815d9000 	C:\Program Files\Java\jdk-21.0.6\bin\jli.dll
0x00007ffbc0450000 - 0x00007ffbc0502000 	C:\WINDOWS\System32\ADVAPI32.dll
0x00007ffbc02c0000 - 0x00007ffbc0369000 	C:\WINDOWS\System32\msvcrt.dll
0x00007ffbbff10000 - 0x00007ffbbffb6000 	C:\WINDOWS\System32\sechost.dll
0x00007ffbc0860000 - 0x00007ffbc0976000 	C:\WINDOWS\System32\RPCRT4.dll
0x00007ffbbfc40000 - 0x00007ffbbfe0c000 	C:\WINDOWS\System32\USER32.dll
0x00007ffbbf3f0000 - 0x00007ffbbf417000 	C:\WINDOWS\System32\win32u.dll
0x00007ffbc18f0000 - 0x00007ffbc191a000 	C:\WINDOWS\System32\GDI32.dll
0x00007ffbbf620000 - 0x00007ffbbf751000 	C:\WINDOWS\System32\gdi32full.dll
0x00007ffbbf760000 - 0x00007ffbbf803000 	C:\WINDOWS\System32\msvcp_win.dll
0x00007ffba5240000 - 0x00007ffba54d7000 	C:\WINDOWS\WinSxS\amd64_microsoft.windows.common-controls_6595b64144ccf1df_6.0.26100.3624_none_3e086962e3345f24\COMCTL32.dll
0x00007ffbaee60000 - 0x00007ffbaee6b000 	C:\WINDOWS\SYSTEM32\VERSION.dll
0x00007ffba0ac0000 - 0x00007ffba0adb000 	C:\Program Files\Java\jdk-21.0.6\bin\VCRUNTIME140.dll
0x00007ffbc0820000 - 0x00007ffbc084f000 	C:\WINDOWS\System32\IMM32.DLL
0x00007ffbb0a50000 - 0x00007ffbb0a5c000 	C:\Program Files\Java\jdk-21.0.6\bin\vcruntime140_1.dll
0x00007ffb77ad0000 - 0x00007ffb77b5e000 	C:\Program Files\Java\jdk-21.0.6\bin\msvcp140.dll
0x00007ffb58f30000 - 0x00007ffb59c4a000 	C:\Program Files\Java\jdk-21.0.6\bin\server\jvm.dll
0x00007ffbc0b30000 - 0x00007ffbc0ba4000 	C:\WINDOWS\System32\WS2_32.dll
0x00007ffbbe6d0000 - 0x00007ffbbe72e000 	C:\WINDOWS\SYSTEM32\POWRPROF.dll
0x00007ffbb7340000 - 0x00007ffbb7376000 	C:\WINDOWS\SYSTEM32\WINMM.dll
0x00007ffbbe6b0000 - 0x00007ffbbe6c4000 	C:\WINDOWS\SYSTEM32\UMPDC.dll
0x00007ffbbdd90000 - 0x00007ffbbddaa000 	C:\WINDOWS\SYSTEM32\kernel.appcore.dll
0x00007ffba0c80000 - 0x00007ffba0c8a000 	C:\Program Files\Java\jdk-21.0.6\bin\jimage.dll
0x000000005fc40000 - 0x000000005fdd6000 	C:\Program Files\Microsoft SQL Server\110\Shared\DBGHELP.DLL
0x00007ffbb9d50000 - 0x00007ffbb9d5f000 	C:\Program Files\Java\jdk-21.0.6\bin\instrument.dll
0x00007ffb815a0000 - 0x00007ffb815bf000 	C:\Program Files\Java\jdk-21.0.6\bin\java.dll
0x00007ffbc1080000 - 0x00007ffbc17a9000 	C:\WINDOWS\System32\SHELL32.dll
0x00007ffbbf4b0000 - 0x00007ffbbf618000 	C:\WINDOWS\System32\wintypes.dll
0x00007ffbc1920000 - 0x00007ffbc1ca2000 	C:\WINDOWS\System32\combase.dll
0x00007ffbbcc80000 - 0x00007ffbbd4d2000 	C:\WINDOWS\SYSTEM32\windows.storage.dll
0x00007ffbc1800000 - 0x00007ffbc18ed000 	C:\WINDOWS\System32\SHCORE.dll
0x00007ffbc1cb0000 - 0x00007ffbc1d14000 	C:\WINDOWS\System32\shlwapi.dll
0x00007ffbbef30000 - 0x00007ffbbef5f000 	C:\WINDOWS\SYSTEM32\profapi.dll
0x00007ffb6cb30000 - 0x00007ffb6cc07000 	C:\Program Files\Java\jdk-21.0.6\bin\jsvml.dll
0x00007ffb81440000 - 0x00007ffb81458000 	C:\Program Files\Java\jdk-21.0.6\bin\zip.dll
0x00007ffb96630000 - 0x00007ffb96640000 	C:\Program Files\Java\jdk-21.0.6\bin\net.dll
0x00007ffbb9120000 - 0x00007ffbb923d000 	C:\WINDOWS\SYSTEM32\WINHTTP.dll
0x00007ffbbe2f0000 - 0x00007ffbbe35a000 	C:\WINDOWS\system32\mswsock.dll
0x00007ffb81530000 - 0x00007ffb81546000 	C:\Program Files\Java\jdk-21.0.6\bin\nio.dll
0x00007ffbb9990000 - 0x00007ffbb99aa000 	C:\Program Files\JetBrains\IntelliJ IDEA 2023.3.4\bin\breakgen64.dll
0x00007ffb8f2e0000 - 0x00007ffb8f2e9000 	C:\Program Files\Java\jdk-21.0.6\bin\extnet.dll
0x00007ffb6b740000 - 0x00007ffb6b764000 	C:\Users\DELL\AppData\Local\Temp\jansi-2.4.1-a4b767bfa891dc46-jansi.dll
0x00007ffb81fe0000 - 0x00007ffb81ff0000 	C:\Program Files\Java\jdk-21.0.6\bin\verify.dll

dbghelp: loaded successfully - version: 4.0.5 - missing functions: none
symbol engine: initialized successfully - sym options: 0x614 - pdb path: .;C:\Program Files\Java\jdk-21.0.6\bin;C:\WINDOWS\SYSTEM32;C:\WINDOWS\WinSxS\amd64_microsoft.windows.common-controls_6595b64144ccf1df_6.0.26100.3624_none_3e086962e3345f24;C:\Program Files\Java\jdk-21.0.6\bin\server;C:\Program Files\Microsoft SQL Server\110\Shared;C:\Program Files\JetBrains\IntelliJ IDEA 2023.3.4\bin;C:\Users\DELL\AppData\Local\Temp

VM Arguments:
jvm_args: -Dmaven.multiModuleProjectDirectory=C:\Users\DELL\Desktop\angular Project\backEnd\carsAgence -Djansi.passthrough=true -Dmaven.home=C:\Users\DELL\.m2\wrapper\dists\apache-maven-3.9.9-bin\4nf9hui3q3djbarqar9g711ggc\apache-maven-3.9.9 -Dclassworlds.conf=C:\Users\DELL\.m2\wrapper\dists\apache-maven-3.9.9-bin\4nf9hui3q3djbarqar9g711ggc\apache-maven-3.9.9\bin\m2.conf -Dmaven.ext.class.path=C:\Program Files\JetBrains\IntelliJ IDEA 2023.3.4\plugins\maven\lib\maven-event-listener.jar -javaagent:C:\Program Files\JetBrains\IntelliJ IDEA 2023.3.4\lib\idea_rt.jar=52398:C:\Program Files\JetBrains\IntelliJ IDEA 2023.3.4\bin -Dfile.encoding=UTF-8 -Dsun.stdout.encoding=UTF-8 -Dsun.stderr.encoding=UTF-8 
java_command: org.codehaus.classworlds.Launcher -Didea.version=2023.3.4 clean install
java_class_path (initial): C:\Users\DELL\.m2\wrapper\dists\apache-maven-3.9.9-bin\4nf9hui3q3djbarqar9g711ggc\apache-maven-3.9.9\boot\plexus-classworlds-2.8.0.jar;C:\Users\DELL\.m2\wrapper\dists\apache-maven-3.9.9-bin\4nf9hui3q3djbarqar9g711ggc\apache-maven-3.9.9\boot\plexus-classworlds.license
Launcher Type: SUN_STANDARD

[Global flags]
     intx CICompilerCount                          = 4                                         {product} {ergonomic}
     uint ConcGCThreads                            = 2                                         {product} {ergonomic}
     uint G1ConcRefinementThreads                  = 8                                         {product} {ergonomic}
   size_t G1HeapRegionSize                         = 2097152                                   {product} {ergonomic}
    uintx GCDrainStackTargetSize                   = 64                                        {product} {ergonomic}
   size_t InitialHeapSize                          = 264241152                                 {product} {ergonomic}
   size_t MarkStackSize                            = 4194304                                   {product} {ergonomic}
   size_t MaxHeapSize                              = 4227858432                                {product} {ergonomic}
   size_t MaxNewSize                               = 2535456768                                {product} {ergonomic}
   size_t MinHeapDeltaBytes                        = 2097152                                   {product} {ergonomic}
   size_t MinHeapSize                              = 8388608                                   {product} {ergonomic}
    uintx NonNMethodCodeHeapSize                   = 5839372                                {pd product} {ergonomic}
    uintx NonProfiledCodeHeapSize                  = 122909434                              {pd product} {ergonomic}
    uintx ProfiledCodeHeapSize                     = 122909434                              {pd product} {ergonomic}
    uintx ReservedCodeCacheSize                    = 251658240                              {pd product} {ergonomic}
     bool SegmentedCodeCache                       = true                                      {product} {ergonomic}
   size_t SoftMaxHeapSize                          = 4227858432                             {manageable} {ergonomic}
     bool UseCompressedOops                        = true                           {product lp64_product} {ergonomic}
     bool UseG1GC                                  = true                                      {product} {ergonomic}
     bool UseLargePagesIndividualAllocation        = false                                  {pd product} {ergonomic}

Logging:
Log output configuration:
 #0: stdout all=warning uptime,level,tags foldmultilines=false
 #1: stderr all=off uptime,level,tags foldmultilines=false

Environment Variables:
PATH=C:\PySchool\3.10-32-bit\Scripts;C:\PySchool\3.10-32-bit;C:\oraclexe\app\oracle\product\11.2.0\server\bin;C:\Program Files (x86)\VMware\VMware Workstation\bin\;C:\Program Files\Common Files\Siemens\Automation\Simatic OAM\bin;C:\WINDOWS\system32;C:\WINDOWS;C:\WINDOWS\System32\Wbem;C:\WINDOWS\System32\WindowsPowerShell\v1.0\;C:\WINDOWS\System32\OpenSSH\;C:\Program Files (x86)\Microchip\MPLAB C32 Suite\bin;c:\Program Files (x86)\Microsoft SQL Server\100\Tools\Binn\;c:\Program Files\Microsoft SQL Server\100\Tools\Binn\;c:\Program Files\Microsoft SQL Server\100\DTS\Binn\;C:\Users\DELL\AppData\Local\Programs\Python\Python311;C:\Users\DELL\AppData\Local\Programs\Python\Python311\Scripts;C:\wamp64\bin\php\php8.2.0;C:\wamp64\bin;C:\Program Files\Git\cmd;C:\Program Files\dotnet\;C:\Program Files\Docker\Docker\resources\bin;C:\Users\DELL\AppData\Local\nvm;C:\nvm4w\nodejs;C:\Program Files\Microsoft SQL Server\150\Tools\Binn\;C:\Program Files\Microsoft SQL Server\Client SDK\ODBC\170\Tools\Binn\;C:\Program Files (x86)\Windows Kits\10\Windows Performance Toolkit\;C:\Program Files\Microsoft SQL Server\110\DTS\Binn\;C:\Program Files (x86)\Microsoft SQL Server\110\Tools\Binn\;C:\Program Files\Microsoft SQL Server\110\Tools\Binn\;C:\Program Files (x86)\Microsoft SQL Server\110\Tools\Binn\ManagementStudio\;C:\Program Files (x86)\Microsoft Visual Studio 10.0\Common7\IDE\PrivateAssemblies\;C:\Program Files (x86)\Microsoft SQL Server\110\DTS\Binn\;C:\Program Files\Java\jdk-21.0.6\bin;C:\Users\DELL\scoop\shims;C:\Users\DELL\AppData\Local\Microsoft\WindowsApps;C:\phpm\php-8.2.3 (1);C:\Program Files\JetBrains\PhpStorm 2023.1\bin;;C:\wamp64\bin;C:\Users\DELL\AppData\Local\Programs\Microsoft VS Code\bin;C:\Users\DELL\AppData\Roaming\npm;C:\Users\DELL\AppData\Local\nvm;C:\nvm4w\nodejs;C:\Users\DELL\.dotnet\tools;C:\Users\DELL\AppData\Local\Programs\cursor\resources\app\bin
USERNAME=DELL
OS=Windows_NT
PROCESSOR_IDENTIFIER=Intel64 Family 6 Model 140 Stepping 1, GenuineIntel
TMP=C:\Users\DELL\AppData\Local\Temp
TEMP=C:\Users\DELL\AppData\Local\Temp




Periodic native trim disabled

---------------  S Y S T E M  ---------------

OS:
 Windows 11 , 64 bit Build 26100 (10.0.26100.3775)
OS uptime: 1 days 17:54 hours
Hyper-V role detected

CPU: total 8 (initial active 8) (4 cores per cpu, 2 threads per core) family 6 model 140 stepping 1 microcode 0xba, cx8, cmov, fxsr, ht, mmx, 3dnowpref, sse, sse2, sse3, ssse3, sse4.1, sse4.2, popcnt, lzcnt, tsc, tscinvbit, avx, avx2, aes, erms, clmul, bmi1, bmi2, adx, avx512f, avx512dq, avx512cd, avx512bw, avx512vl, sha, fma, vzeroupper, avx512_vpopcntdq, avx512_vpclmulqdq, avx512_vaes, avx512_vnni, clflush, clflushopt, clwb, avx512_vbmi2, avx512_vbmi, hv, rdtscp, rdpid, fsrm, gfni, avx512_bitalg, f16c, cet_ibt, cet_ss, avx512_ifma
Processor Information for all 8 processors :
  Max Mhz: 2419, Current Mhz: 2419, Mhz Limit: 2419

Memory: 4k page, system-wide physical 16126M (1212M free)
TotalPageFile size 65278M (AvailPageFile size 1M)
current process WorkingSet (physical memory assigned to process): 79M, peak: 79M
current process commit charge ("private bytes"): 357M, peak: 361M

vm_info: Java HotSpot(TM) 64-Bit Server VM (21.0.6+8-LTS-188) for windows-amd64 JRE (21.0.6+8-LTS-188), built on 2024-12-03T10:50:54Z by "mach5one" with MS VC++ 17.6 (VS2022)

END.
