#
# There is insufficient memory for the Java Runtime Environment to continue.
# Native memory allocation (mmap) failed to map 65536 bytes for Failed to commit metaspace.
# Possible reasons:
#   The system is out of physical RAM or swap space
#   The process is running with CompressedOops enabled, and the Java Heap may be blocking the growth of the native heap
# Possible solutions:
#   Reduce memory load on the system
#   Increase physical memory or swap space
#   Check if swap backing store is full
#   Decrease Java heap size (-Xmx/-Xms)
#   Decrease number of Java threads
#   Decrease Java thread stack sizes (-Xss)
#   Set larger code cache with -XX:ReservedCodeCacheSize=
#   JVM is running with Zero Based Compressed Oops mode in which the Java heap is
#     placed in the first 32GB address space. The Java Heap base address is the
#     maximum limit for the native heap growth. Please use -XX:HeapBaseMinAddress
#     to set the Java Heap base and to place the Java Heap above 32GB virtual address.
# This output file may be truncated or incomplete.
#
#  Out of Memory Error (virtualSpaceNode.cpp:112), pid=13028, tid=16324
#
# JRE version: Java(TM) SE Runtime Environment (21.0.6+8) (build 21.0.6+8-LTS-188)
# Java VM: Java HotSpot(TM) 64-Bit Server VM (21.0.6+8-LTS-188, mixed mode, sharing, tiered, compressed oops, compressed class ptrs, g1 gc, windows-amd64)
# No core dump will be written. Minidumps are not enabled by default on client versions of Windows
#

---------------  S U M M A R Y ------------

Command Line: -Dmaven.multiModuleProjectDirectory=C:\Users\DELL\Desktop\angular Project\backEnd\carsAgence -Djansi.passthrough=true -Dmaven.home=C:\Users\DELL\.m2\wrapper\dists\apache-maven-3.9.9-bin\4nf9hui3q3djbarqar9g711ggc\apache-maven-3.9.9 -Dclassworlds.conf=C:\Users\DELL\.m2\wrapper\dists\apache-maven-3.9.9-bin\4nf9hui3q3djbarqar9g711ggc\apache-maven-3.9.9\bin\m2.conf -Dmaven.ext.class.path=C:\Program Files\JetBrains\IntelliJ IDEA 2023.3.4\plugins\maven\lib\maven-event-listener.jar -javaagent:C:\Program Files\JetBrains\IntelliJ IDEA 2023.3.4\lib\idea_rt.jar=52327:C:\Program Files\JetBrains\IntelliJ IDEA 2023.3.4\bin -Dfile.encoding=UTF-8 -Dsun.stdout.encoding=UTF-8 -Dsun.stderr.encoding=UTF-8 org.codehaus.classworlds.Launcher -Didea.version=2023.3.4 clean install

Host: 11th Gen Intel(R) Core(TM) i5-1135G7 @ 2.40GHz, 8 cores, 15G,  Windows 11 , 64 bit Build 26100 (10.0.26100.3775)
Time: Tue Apr 22 17:31:55 2025 Afr. centrale Ouest elapsed time: 111.778240 seconds (0d 0h 1m 51s)

---------------  T H R E A D  ---------------

Current thread (0x000001eee2632bf0):  JavaThread "main"             [_thread_in_vm, id=16324, stack(0x0000000155600000,0x0000000155700000) (1024K)]

Stack: [0x0000000155600000,0x0000000155700000]
Native frames: (J=compiled Java code, j=interpreted, Vv=VM code, C=native code)
V  [jvm.dll+0x6ca6d9]
V  [jvm.dll+0x854f51]
V  [jvm.dll+0x85747e]
V  [jvm.dll+0x857b53]
V  [jvm.dll+0x27dcc6]
V  [jvm.dll+0x850b6e]
V  [jvm.dll+0x66e3e5]
V  [jvm.dll+0x1e3f1c]
V  [jvm.dll+0x1e3cee]
V  [jvm.dll+0x670d13]
V  [jvm.dll+0x670b32]
V  [jvm.dll+0x66edbe]
V  [jvm.dll+0x679177]
V  [jvm.dll+0x214cb1]
V  [jvm.dll+0x21513a]
V  [jvm.dll+0x215b61]
V  [jvm.dll+0x20affe]
V  [jvm.dll+0x5ad2ec]
V  [jvm.dll+0x7cf136]
V  [jvm.dll+0x470c46]
V  [jvm.dll+0x476ac8]
C  [java.dll+0x17ec]

Java frames: (J=compiled Java code, j=interpreted, Vv=VM code)
J 595  java.lang.ClassLoader.defineClass1(Ljava/lang/ClassLoader;Ljava/lang/String;[BIILjava/security/ProtectionDomain;Ljava/lang/String;)Ljava/lang/Class; java.base@21.0.6 (0 bytes) @ 0x000001eef4062891 [0x000001eef40627c0+0x00000000000000d1]
J 1013 c1 java.lang.ClassLoader.defineClass(Ljava/lang/String;[BIILjava/security/ProtectionDomain;)Ljava/lang/Class; java.base@21.0.6 (43 bytes) @ 0x000001eeec742c0c [0x000001eeec7428a0+0x000000000000036c]
J 964 c1 java.security.SecureClassLoader.defineClass(Ljava/lang/String;[BIILjava/security/CodeSource;)Ljava/lang/Class; java.base@21.0.6 (16 bytes) @ 0x000001eeec72699c [0x000001eeec7268c0+0x00000000000000dc]
J 891 c1 java.net.URLClassLoader.defineClass(Ljava/lang/String;Ljdk/internal/loader/Resource;)Ljava/lang/Class; java.base@21.0.6 (224 bytes) @ 0x000001eeec6f9c04 [0x000001eeec6f88c0+0x0000000000001344]
J 962 c1 java.net.URLClassLoader$1.run()Ljava/lang/Class; java.base@21.0.6 (81 bytes) @ 0x000001eeec72846c [0x000001eeec7277e0+0x0000000000000c8c]
J 961 c1 java.net.URLClassLoader$1.run()Ljava/lang/Object; java.base@21.0.6 (5 bytes) @ 0x000001eeec727254 [0x000001eeec7271c0+0x0000000000000094]
J 880 c1 java.security.AccessController.doPrivileged(Ljava/security/PrivilegedExceptionAction;Ljava/security/AccessControlContext;)Ljava/lang/Object; java.base@21.0.6 (26 bytes) @ 0x000001eeec6f2214 [0x000001eeec6f2020+0x00000000000001f4]
J 959 c1 java.net.URLClassLoader.findClass(Ljava/lang/String;)Ljava/lang/Class; java.base@21.0.6 (47 bytes) @ 0x000001eeec724ad4 [0x000001eeec724920+0x00000000000001b4]
J 889 c1 org.codehaus.plexus.classworlds.realm.ClassRealm.loadClassFromSelf(Ljava/lang/String;)Ljava/lang/Class; (40 bytes) @ 0x000001eeec6f7f3c [0x000001eeec6f7ba0+0x000000000000039c]
J 895 c1 org.codehaus.plexus.classworlds.strategy.SelfFirstStrategy.loadClass(Ljava/lang/String;)Ljava/lang/Class; (50 bytes) @ 0x000001eeec6fd22c [0x000001eeec6fce40+0x00000000000003ec]
J 634 c1 org.codehaus.plexus.classworlds.realm.ClassRealm.loadClass(Ljava/lang/String;Z)Ljava/lang/Class; (33 bytes) @ 0x000001eeec6560e4 [0x000001eeec655f60+0x0000000000000184]
J 633 c1 org.codehaus.plexus.classworlds.realm.ClassRealm.loadClass(Ljava/lang/String;)Ljava/lang/Class; (7 bytes) @ 0x000001eeec655bc4 [0x000001eeec655ac0+0x0000000000000104]
v  ~StubRoutines::call_stub 0x000001eef3a910e7
j  com.google.inject.internal.InjectorShell$Builder.build(Lcom/google/inject/internal/Initializer;Lcom/google/inject/internal/ProcessedBindingData;Lcom/google/inject/internal/util/ContinuousStopwatch;Lcom/google/inject/internal/Errors;)Ljava/util/List;+237
j  com.google.inject.internal.InternalInjectorCreator.build()Lcom/google/inject/Injector;+48
j  com.google.inject.Guice.createInjector(Lcom/google/inject/Stage;Ljava/lang/Iterable;)Lcom/google/inject/Injector;+15
j  com.google.inject.Guice.createInjector(Ljava/lang/Iterable;)Lcom/google/inject/Injector;+4
j  com.google.inject.Guice.createInjector([Lcom/google/inject/Module;)Lcom/google/inject/Injector;+4
j  org.codehaus.plexus.DefaultPlexusContainer.addPlexusInjector(Ljava/util/List;[Lcom/google/inject/Module;)Lcom/google/inject/Injector;+88
j  org.codehaus.plexus.DefaultPlexusContainer.<init>(Lorg/codehaus/plexus/ContainerConfiguration;[Lcom/google/inject/Module;)V+406
j  org.apache.maven.cli.MavenCli.container(Lorg/apache/maven/cli/CliRequest;)Lorg/codehaus/plexus/PlexusContainer;+279
j  org.apache.maven.cli.MavenCli.doMain(Lorg/apache/maven/cli/CliRequest;)I+34
j  org.apache.maven.cli.MavenCli.main([Ljava/lang/String;Lorg/codehaus/plexus/classworlds/ClassWorld;)I+24
j  java.lang.invoke.DirectMethodHandle$Holder.invokeStatic(Ljava/lang/Object;Ljava/lang/Object;Ljava/lang/Object;)I+11 java.base@21.0.6
j  java.lang.invoke.LambdaForm$MH+0x000001ee8500b000.invoke(Ljava/lang/Object;Ljava/lang/Object;Ljava/lang/Object;Ljava/lang/Object;)Ljava/lang/Object;+54 java.base@21.0.6
j  java.lang.invoke.LambdaForm$MH+0x000001ee85002800.invokeExact_MT(Ljava/lang/Object;Ljava/lang/Object;Ljava/lang/Object;Ljava/lang/Object;Ljava/lang/Object;)Ljava/lang/Object;+22 java.base@21.0.6
j  jdk.internal.reflect.DirectMethodHandleAccessor.invokeImpl(Ljava/lang/Object;[Ljava/lang/Object;)Ljava/lang/Object;+72 java.base@21.0.6
j  jdk.internal.reflect.DirectMethodHandleAccessor.invoke(Ljava/lang/Object;[Ljava/lang/Object;)Ljava/lang/Object;+23 java.base@21.0.6
j  java.lang.reflect.Method.invoke(Ljava/lang/Object;[Ljava/lang/Object;)Ljava/lang/Object;+102 java.base@21.0.6
j  org.codehaus.plexus.classworlds.launcher.Launcher.launchEnhanced([Ljava/lang/String;)V+45
j  org.codehaus.plexus.classworlds.launcher.Launcher.launch([Ljava/lang/String;)V+2
j  org.codehaus.plexus.classworlds.launcher.Launcher.mainWithExitCode([Ljava/lang/String;)I+108
j  org.codehaus.plexus.classworlds.launcher.Launcher.main([Ljava/lang/String;)V+1
j  org.codehaus.classworlds.Launcher.main([Ljava/lang/String;)V+1
v  ~StubRoutines::call_stub 0x000001eef3a910e7

Compiled method (n/a)  111807  595     n 0       java.lang.ClassLoader::defineClass1 (native)
 total in heap  [0x000001eef4062610,0x000001eef4062d70] = 1888
 relocation     [0x000001eef4062770,0x000001eef40627b0] = 64
 main code      [0x000001eef40627c0,0x000001eef4062d6f] = 1455
 stub code      [0x000001eef4062d6f,0x000001eef4062d70] = 1

[Constant Pool (empty)]

[MachCode]
[Entry Point]
  # {method} {0x000001ee8443ac80} 'defineClass1' '(Ljava/lang/ClassLoader;Ljava/lang/String;[BIILjava/security/ProtectionDomain;Ljava/lang/String;)Ljava/lang/Class;' in 'java/lang/ClassLoader'
  # parm0:    rdx:rdx   = 'java/lang/ClassLoader'
  # parm1:    r8:r8     = 'java/lang/String'
  # parm2:    r9:r9     = '[B'
  # parm3:    rdi       = int
  # parm4:    rsi       = int
  # parm5:    rcx:rcx   = 'java/security/ProtectionDomain'
  # parm6:    [sp+0xa0]   = 'java/lang/String'  (sp of caller)
  0x000001eef40627c0: 448b 5208 | 49bb 0000 | 0084 ee01 | 0000 4d03 | d349 3bc2 | 0f84 0600 

  0x000001eef40627d8: ;   {runtime_call ic_miss_stub}
  0x000001eef40627d8: 0000 e9a1 | c1a7 ff90 
[Verified Entry Point]
  0x000001eef40627e0: 8984 2400 | 80ff ff55 | 488b ec48 | 81ec 9000 | 0000 6690 | 4181 7f20 | 0100 0000 

  0x000001eef40627fc: ;   {runtime_call StubRoutines (final stubs)}
  0x000001eef40627fc: 7405 e87d | 35a6 ff48 | 837d 1000 | 488d 4510 | 480f 4445 | 1048 8944 | 2440 4889 | 4c24 7048 
  0x000001eef406281c: 83f9 0048 | 8d44 2470 | 480f 4444 | 2470 4889 | 4424 3848 | 8974 2430 | 4889 7c24 | 284c 894c 
  0x000001eef406283c: 2458 4983 | f900 488d | 4424 5848 | 0f44 4424 | 5848 8944 | 2420 4c89 | 4424 5049 | 83f8 004c 
  0x000001eef406285c: 8d4c 2450 | 4c0f 444c | 2450 4889 | 5424 4848 | 83fa 004c | 8d44 2448 | 4c0f 4444 

  0x000001eef4062878: ;   {oop(a 'java/lang/Class'{0x0000000704000260} = 'java/lang/ClassLoader')}
  0x000001eef4062878: 2448 49be | 6002 0004 | 0700 0000 | 4c89 7424 | 784c 8d74 | 2478 498b | d6c5 f877 

  0x000001eef4062894: ;   {internal_word}
  0x000001eef4062894: 49ba 9128 | 06f4 ee01 | 0000 4d89 | 97a0 0300 | 0049 89a7 | 9803 0000 

  0x000001eef40628ac: ;   {external_word}
  0x000001eef40628ac: 49ba e057 | b559 fb7f | 0000 4180 | 3a00 0f84 | 4e00 0000 | 5241 5041 

  0x000001eef40628c4: ;   {metadata({method} {0x000001ee8443ac80} 'defineClass1' '(Ljava/lang/ClassLoader;Ljava/lang/String;[BIILjava/security/ProtectionDomain;Ljava/lang/String;)Ljava/lang/Class;' in 'java/lang/ClassLoader')}
  0x000001eef40628c4: 5148 ba78 | ac43 84ee | 0100 0049 | 8bcf 4883 | ec20 40f6 | c40f 0f84 | 1900 0000 | 4883 ec08 
  0x000001eef40628e4: ;   {runtime_call}
  0x000001eef40628e4: 48b8 8005 | 6659 fb7f | 0000 ffd0 | 4883 c408 | e90c 0000 

  0x000001eef40628f8: ;   {runtime_call}
  0x000001eef40628f8: 0048 b880 | 0566 59fb | 7f00 00ff | d048 83c4 | 2041 5941 | 585a 498d | 8fb8 0300 | 0041 c787 
  0x000001eef4062918: 4404 0000 | 0400 0000 

  0x000001eef4062920: ;   {runtime_call}
  0x000001eef4062920: 48b8 ac16 | 5a81 fb7f | 0000 ffd0 | c5f8 7741 | c787 4404 | 0000 0500 | 0000 f083 | 4424 c000 
  0x000001eef4062940: 493b af48 | 0400 000f | 870e 0000 | 0041 83bf | 4004 0000 | 000f 842b | 0000 00c5 | f877 4889 
  0x000001eef4062960: 45f8 498b | cf4c 8be4 | 4883 ec20 | 4883 e4f0 

  0x000001eef4062970: ;   {runtime_call}
  0x000001eef4062970: 48b8 f0b2 | 3159 fb7f | 0000 ffd0 | 498b e44d | 33e4 488b | 45f8 41c7 | 8744 0400 | 0008 0000 
  0x000001eef4062990: 0041 83bf | c004 0000 | 020f 84a3 

  0x000001eef406299c: ;   {external_word}
  0x000001eef406299c: 0300 0049 | bae0 57b5 | 59fb 7f00 | 0041 803a | 000f 844c | 0000 0048 

  0x000001eef40629b4: ;   {metadata({method} {0x000001ee8443ac80} 'defineClass1' '(Ljava/lang/ClassLoader;Ljava/lang/String;[BIILjava/security/ProtectionDomain;Ljava/lang/String;)Ljava/lang/Class;' in 'java/lang/ClassLoader')}
  0x000001eef40629b4: 8945 f848 | ba78 ac43 | 84ee 0100 | 0049 8bcf | 4883 ec20 | 40f6 c40f | 0f84 1900 | 0000 4883 
  0x000001eef40629d4: ;   {runtime_call}
  0x000001eef40629d4: ec08 48b8 | 8005 6659 | fb7f 0000 | ffd0 4883 | c408 e90c 

  0x000001eef40629e8: ;   {runtime_call}
  0x000001eef40629e8: 0000 0048 | b880 0566 | 59fb 7f00 | 00ff d048 | 83c4 2048 | 8b45 f849 | c787 9803 | 0000 0000 
  0x000001eef4062a08: 0000 49c7 | 87a0 0300 | 0000 0000 | 00c5 f877 | 4885 c00f | 84fe 0200 | 00a8 030f | 8508 0000 
  0x000001eef4062a28: 0048 8b00 | e9ee 0200 | 00a8 010f | 8509 0000 | 0048 8b40 | fee9 dd02 | 0000 488b | 40ff 4180 
  0x000001eef4062a48: 7f40 000f | 84ce 0200 | 0048 83f8 | 000f 84c4 | 0200 0049 | 8b4f 2848 | 83f9 000f | 8414 0000 
  0x000001eef4062a68: 0048 83e9 | 0849 894f | 2849 034f | 3848 8901 | e9a2 0200 | 0048 81ec | 5001 0000 | 4889 0424 
  0x000001eef4062a88: 4889 4c24 | 0848 8954 | 2410 4889 | 7424 1848 | 897c 2420 | 4c89 4424 | 284c 894c | 2430 4c89 
  0x000001eef4062aa8: 5424 384c | 895c 2440 | c5fb 1144 | 2450 c5fb | 114c 2458 | c5fb 1154 | 2460 c5fb | 115c 2468 
  0x000001eef4062ac8: c5fb 1164 | 2470 c5fb | 116c 2478 | c5fb 11b4 | 2480 0000 | 00c5 fb11 | bc24 8800 | 0000 c57b 
  0x000001eef4062ae8: ;   {no_reloc}
  0x000001eef4062ae8: 1184 2490 | 0000 00c5 | 7b11 8c24 | 9800 0000 | c57b 1194 | 24a0 0000 | 00c5 7b11 | 9c24 a800 
  0x000001eef4062b08: 0000 c57b | 11a4 24b0 | 0000 00c5 | 7b11 ac24 | b800 0000 | c57b 11b4 | 24c0 0000 | 00c5 7b11 
  0x000001eef4062b28: bc24 c800 | 0000 62e1 | ff08 1144 | 241a 62e1 | ff08 114c | 241b 62e1 | ff08 1154 | 241c 62e1 
  0x000001eef4062b48: ff08 115c | 241d 62e1 | ff08 1164 | 241e 62e1 | ff08 116c | 241f 62e1 | ff08 1174 | 2420 62e1 
  0x000001eef4062b68: ff08 117c | 2421 6261 | ff08 1144 | 2422 6261 | ff08 114c | 2423 6261 | ff08 1154 | 2424 6261 
  0x000001eef4062b88: ff08 115c | 2425 6261 | ff08 1164 | 2426 6261 | ff08 116c | 2427 6261 | ff08 1174 | 2428 6261 
  0x000001eef4062ba8: ff08 117c | 2429 498b | d748 8bc8 | 4883 ec20 | 40f6 c40f | 0f84 1900 | 0000 4883 

  0x000001eef4062bc4: ;   {runtime_call}
  0x000001eef4062bc4: ec08 48b8 | 90f1 2459 | fb7f 0000 | ffd0 4883 | c408 e90c 

  0x000001eef4062bd8: ;   {runtime_call}
  0x000001eef4062bd8: 0000 0048 | b890 f124 | 59fb 7f00 | 00ff d048 | 83c4 2062 | 61ff 0810 | 7c24 2962 | 61ff 0810 
  0x000001eef4062bf8: 7424 2862 | 61ff 0810 | 6c24 2762 | 61ff 0810 | 6424 2662 | 61ff 0810 | 5c24 2562 | 61ff 0810 
  0x000001eef4062c18: 5424 2462 | 61ff 0810 | 4c24 2362 | 61ff 0810 | 4424 2262 | e1ff 0810 | 7c24 2162 | e1ff 0810 
  0x000001eef4062c38: 7424 2062 | e1ff 0810 | 6c24 1f62 | e1ff 0810 | 6424 1e62 | e1ff 0810 | 5c24 1d62 | e1ff 0810 
  0x000001eef4062c58: 5424 1c62 | e1ff 0810 | 4c24 1b62 | e1ff 0810 | 4424 1ac5 | 7b10 bc24 | c800 0000 | c57b 10b4 
  0x000001eef4062c78: 24c0 0000 | 00c5 7b10 | ac24 b800 | 0000 c57b | 10a4 24b0 | 0000 00c5 | 7b10 9c24 | a800 0000 
  0x000001eef4062c98: c57b 1094 | 24a0 0000 | 00c5 7b10 | 8c24 9800 | 0000 c57b | 1084 2490 | 0000 00c5 | fb10 bc24 
  0x000001eef4062cb8: 8800 0000 | c5fb 10b4 | 2480 0000 | 00c5 fb10 | 6c24 78c5 | fb10 6424 | 70c5 fb10 | 5c24 68c5 
  0x000001eef4062cd8: ;   {no_reloc}
  0x000001eef4062cd8: fb10 5424 | 60c5 fb10 | 4c24 58c5 | fb10 4424 | 504c 8b5c | 2440 4c8b | 5424 384c | 8b4c 2430 
  0x000001eef4062cf8: 4c8b 4424 | 2848 8b7c | 2420 488b | 7424 1848 | 8b54 2410 | 488b 4c24 | 0848 8b04 | 2448 81c4 
  0x000001eef4062d18: 5001 0000 | c5f8 7749 | 8b8f 2804 | 0000 c781 | 0001 0000 | 0000 0000 | c949 837f | 0800 0f85 
  0x000001eef4062d38: 0100 0000 

  0x000001eef4062d3c: ;   {runtime_call StubRoutines (initial stubs)}
  0x000001eef4062d3c: c3e9 bee1 | a2ff c5f8 | 7748 8945 | f84c 8be4 | 4883 ec20 | 4883 e4f0 

  0x000001eef4062d54: ;   {runtime_call}
  0x000001eef4062d54: 48b8 703d | 6659 fb7f | 0000 ffd0 | 498b e44d | 33e4 488b | 45f8 e930 | fcff fff4 
[/MachCode]


Compiled method (c1)  111823 1013       3       java.lang.ClassLoader::defineClass (43 bytes)
 total in heap  [0x000001eeec742690,0x000001eeec742ff8] = 2408
 relocation     [0x000001eeec7427f0,0x000001eeec742890] = 160
 main code      [0x000001eeec7428a0,0x000001eeec742d50] = 1200
 stub code      [0x000001eeec742d50,0x000001eeec742dc8] = 120
 metadata       [0x000001eeec742dc8,0x000001eeec742df8] = 48
 scopes data    [0x000001eeec742df8,0x000001eeec742ee8] = 240
 scopes pcs     [0x000001eeec742ee8,0x000001eeec742fc8] = 224
 dependencies   [0x000001eeec742fc8,0x000001eeec742fd0] = 8
 nul chk table  [0x000001eeec742fd0,0x000001eeec742ff8] = 40

[Constant Pool (empty)]

[MachCode]
[Entry Point]
  # {method} {0x000001ee8443b000} 'defineClass' '(Ljava/lang/String;[BIILjava/security/ProtectionDomain;)Ljava/lang/Class;' in 'java/lang/ClassLoader'
  # this:     rdx:rdx   = 'java/lang/ClassLoader'
  # parm0:    r8:r8     = 'java/lang/String'
  # parm1:    r9:r9     = '[B'
  # parm2:    rdi       = int
  # parm3:    rsi       = int
  # parm4:    rcx:rcx   = 'java/security/ProtectionDomain'
  #           [sp+0xc0]  (sp of caller)
  0x000001eeec7428a0: 448b 5208 | 49bb 0000 | 0084 ee01 | 0000 4d03 | d34c 3bd0 

  0x000001eeec7428b4: ;   {runtime_call ic_miss_stub}
  0x000001eeec7428b4: 0f85 c6c0 | 3907 660f | 1f44 0000 
[Verified Entry Point]
  0x000001eeec7428c0: 8984 2400 | 80ff ff55 | 4881 ecb0 | 0000 0090 | 4181 7f20 | 0100 0000 

  0x000001eeec7428d8: ;   {runtime_call StubRoutines (final stubs)}
  0x000001eeec7428d8: 7405 e8a1 | 3438 0748 | 8954 2478 

  0x000001eeec7428e4: ;   {metadata(method data for {method} {0x000001ee8443b000} 'defineClass' '(Ljava/lang/String;[BIILjava/security/ProtectionDomain;)Ljava/lang/Class;' in 'java/lang/ClassLoader')}
  0x000001eeec7428e4: 48bb 18d7 | 1ec6 ee01 | 0000 8b83 | cc00 0000 | 83c0 0289 | 83cc 0000 | 0025 fe07 | 0000 85c0 
  0x000001eeec742904: 0f84 6803 | 0000 89b4 | 2494 0000 | 0089 bc24 | 9000 0000 | 4c89 8c24 | 8800 0000 

  0x000001eeec742920: ;   {metadata(method data for {method} {0x000001ee8443b000} 'defineClass' '(Ljava/lang/String;[BIILjava/security/ProtectionDomain;)Ljava/lang/Class;' in 'java/lang/ClassLoader')}
  0x000001eeec742920: 488b da48 | b818 d71e | c6ee 0100 | 0048 8380 | 1001 0000 | 0149 8bd8 | 4c8b c34c | 8bc9 488b 
  0x000001eeec742940: ca48 8bd1 | 4889 9c24 | 8000 0000 

  0x000001eeec74294c: ;   {optimized virtual_call}
  0x000001eeec74294c: 6666 90e8 

  0x000001eeec742950: ; ImmutableOopMap {[120]=Oop [128]=Oop [136]=Oop }
                      ;*invokevirtual preDefineClass {reexecute=0 rethrow=0 return_oop=0}
                      ; - java.lang.ClassLoader::defineClass@4 (line 1025)
  0x000001eeec742950: 4ca4 fdff 

  0x000001eeec742954: ;   {other}
  0x000001eeec742954: 0f1f 8400 | c402 0000 | 4889 8424 | 9800 0000 | 488b 5424 

  0x000001eeec742968: ;   {metadata(method data for {method} {0x000001ee8443b000} 'defineClass' '(Ljava/lang/String;[BIILjava/security/ProtectionDomain;)Ljava/lang/Class;' in 'java/lang/ClassLoader')}
  0x000001eeec742968: 7849 b818 | d71e c6ee | 0100 0049 | 8380 4801 

  0x000001eeec742978: ;   {metadata(method data for {method} {0x000001ee8443ace8} 'defineClassSourceLocation' '(Ljava/security/ProtectionDomain;)Ljava/lang/String;' in 'java/lang/ClassLoader')}
  0x000001eeec742978: 0000 0149 | b860 9221 | c6ee 0100 | 0041 8b90 | cc00 0000 | 83c2 0241 | 8990 cc00 | 0000 81e2 
  0x000001eeec742998: feff 1f00 | 85d2 0f84 | ef02 0000 

  0x000001eeec7429a4: ; implicit exception: dispatches to 0x000001eeec742cb4
  0x000001eeec7429a4: 483b 004c 

  0x000001eeec7429a8: ;   {metadata(method data for {method} {0x000001ee8443ace8} 'defineClassSourceLocation' '(Ljava/security/ProtectionDomain;)Ljava/lang/String;' in 'java/lang/ClassLoader')}
  0x000001eeec7429a8: 8bc0 48ba | 6092 21c6 | ee01 0000 | 4883 8210 | 0100 0001 | 448b 4010 | 49c1 e003 

  0x000001eeec7429c4: ;   {metadata(method data for {method} {0x000001ee8443ace8} 'defineClassSourceLocation' '(Ljava/security/ProtectionDomain;)Ljava/lang/String;' in 'java/lang/ClassLoader')}
  0x000001eeec7429c4: 4d85 c048 | ba60 9221 | c6ee 0100 | 0048 be58 | 0100 0000 | 0000 0075 | 0a48 be48 | 0100 0000 
  0x000001eeec7429e4: 0000 0048 | 8b3c 3248 | 8d7f 0148 | 893c 320f | 850f 0000 

  0x000001eeec7429f8: ;   {oop(nullptr)}
  0x000001eeec7429f8: 0048 bb00 | 0000 0000 | 0000 00e9 | af01 0000 

  0x000001eeec742a08: ; implicit exception: dispatches to 0x000001eeec742cb9
  0x000001eeec742a08: 493b 0049 

  0x000001eeec742a0c: ;   {metadata(method data for {method} {0x000001ee8443ace8} 'defineClassSourceLocation' '(Ljava/security/ProtectionDomain;)Ljava/lang/String;' in 'java/lang/ClassLoader')}
  0x000001eeec742a0c: 8bd0 48be | 6092 21c6 | ee01 0000 | 4883 8668 | 0100 0001 | 418b 500c | 48c1 e203 

  0x000001eeec742a28: ;   {metadata(method data for {method} {0x000001ee8443ace8} 'defineClassSourceLocation' '(Ljava/security/ProtectionDomain;)Ljava/lang/String;' in 'java/lang/ClassLoader')}
  0x000001eeec742a28: 4885 d248 | be60 9221 | c6ee 0100 | 0048 bfb0 | 0100 0000 | 0000 0075 | 0a48 bfa0 | 0100 0000 
  0x000001eeec742a48: 0000 0048 | 8b1c 3e48 | 8d5b 0148 | 891c 3e0f | 850f 0000 

  0x000001eeec742a5c: ;   {oop(nullptr)}
  0x000001eeec742a5c: 0048 bb00 | 0000 0000 | 0000 00e9 | 4b01 0000 

  0x000001eeec742a6c: ;   {metadata(method data for {method} {0x000001ee8443ace8} 'defineClassSourceLocation' '(Ljava/security/ProtectionDomain;)Ljava/lang/String;' in 'java/lang/ClassLoader')}
  0x000001eeec742a6c: 48be 6092 | 21c6 ee01 | 0000 4883 | 86c0 0100 | 0001 483b | 024c 8bc2 

  0x000001eeec742a84: ;   {metadata(method data for {method} {0x000001ee8443ace8} 'defineClassSourceLocation' '(Ljava/security/ProtectionDomain;)Ljava/lang/String;' in 'java/lang/ClassLoader')}
  0x000001eeec742a84: 48be 6092 | 21c6 ee01 | 0000 4883 | 86f8 0100 

  0x000001eeec742a94: ;   {metadata(method data for {method} {0x000001ee8401a7c0} 'toString' '()Ljava/lang/String;' in 'java/net/URL')}
  0x000001eeec742a94: 0001 49b8 | c0b0 1cc6 | ee01 0000 | 418b b0cc | 0000 0083 | c602 4189 | b0cc 0000 | 0081 e6fe 
  0x000001eeec742ab4: ff1f 0085 | f60f 8404 | 0200 004c 

  0x000001eeec742ac0: ;   {metadata(method data for {method} {0x000001ee8401a7c0} 'toString' '()Ljava/lang/String;' in 'java/net/URL')}
  0x000001eeec742ac0: 8bc2 48be | c0b0 1cc6 | ee01 0000 | 4883 8610 | 0100 0001 

  0x000001eeec742ad4: ;   {metadata(method data for {method} {0x000001ee8442e900} 'toExternalForm' '()Ljava/lang/String;' in 'java/net/URL')}
  0x000001eeec742ad4: 49b8 3878 | 18c6 ee01 | 0000 418b | b0cc 0000 | 0083 c602 | 4189 b0cc | 0000 0081 | e6fe ff1f 
  0x000001eeec742af4: 0085 f60f | 84e7 0100 | 008b 7238 | 48c1 e603 

  0x000001eeec742b04: ; implicit exception: dispatches to 0x000001eeec742d05
  0x000001eeec742b04: 483b 064c 

  0x000001eeec742b08: ;   {metadata(method data for {method} {0x000001ee8442e900} 'toExternalForm' '()Ljava/lang/String;' in 'java/net/URL')}
  0x000001eeec742b08: 8bc6 48bf | 3878 18c6 | ee01 0000 | 458b 4008 | 49ba 0000 | 0084 ee01 | 0000 4d03 | c24c 3b87 
  0x000001eeec742b28: 2001 0000 | 750d 4883 | 8728 0100 | 0001 e960 | 0000 004c | 3b87 3001 | 0000 750d | 4883 8738 
  0x000001eeec742b48: 0100 0001 | e94a 0000 | 0048 83bf | 2001 0000 | 0075 174c | 8987 2001 | 0000 48c7 | 8728 0100 
  0x000001eeec742b68: 0001 0000 | 00e9 2900 | 0000 4883 | bf30 0100 | 0000 7517 | 4c89 8730 | 0100 0048 | c787 3801 
  0x000001eeec742b88: 0000 0100 | 0000 e908 | 0000 0048 | 8387 1001 | 0000 014c | 8bc2 488b | d666 0f1f 

  0x000001eeec742ba4: ;   {optimized virtual_call}
  0x000001eeec742ba4: 4400 00e8 

  0x000001eeec742ba8: ; ImmutableOopMap {[120]=Oop [128]=Oop [136]=Oop [152]=Oop }
                      ;*invokevirtual toExternalForm {reexecute=0 rethrow=0 return_oop=0}
                      ; - java.net.URL::toExternalForm@5 (line 1203)
                      ; - java.net.URL::toString@1 (line 1189)
                      ; - java.lang.ClassLoader::defineClassSourceLocation@22 (line 927)
                      ; - java.lang.ClassLoader::defineClass@12 (line 1026)
  0x000001eeec742ba8: 744e f1ff 

  0x000001eeec742bac: ;   {other}
  0x000001eeec742bac: 0f1f 8400 | 1c05 0001 | 488b d848 | 8b84 2498 | 0000 008b | b424 9400 | 0000 8bbc | 2490 0000 
  0x000001eeec742bcc: 004c 8b8c | 2488 0000 | 004c 8b84 | 2480 0000 | 0048 8b54 

  0x000001eeec742be0: ;   {metadata(method data for {method} {0x000001ee8443b000} 'defineClass' '(Ljava/lang/String;[BIILjava/security/ProtectionDomain;)Ljava/lang/Class;' in 'java/lang/ClassLoader')}
  0x000001eeec742be0: 2478 48b9 | 18d7 1ec6 | ee01 0000 | 4883 8180 | 0100 0001 | 4c8b da49 | 8bd3 488b | c848 891c 
  0x000001eeec742c00: 2466 0f1f 

  0x000001eeec742c04: ;   {static_call}
  0x000001eeec742c04: 4400 00e8 

  0x000001eeec742c08: ; ImmutableOopMap {[120]=Oop [152]=Oop }
                      ;*invokestatic defineClass1 {reexecute=0 rethrow=0 return_oop=0}
                      ; - java.lang.ClassLoader::defineClass@27 (line 1027)
  0x000001eeec742c08: d4fb 9107 

  0x000001eeec742c0c: ;   {other}
  0x000001eeec742c0c: 0f1f 8400 | 7c05 0002 | 488b 5424 

  0x000001eeec742c18: ;   {metadata(method data for {method} {0x000001ee8443b000} 'defineClass' '(Ljava/lang/String;[BIILjava/security/ProtectionDomain;)Ljava/lang/Class;' in 'java/lang/ClassLoader')}
  0x000001eeec742c18: 7849 b818 | d71e c6ee | 0100 0049 | 8380 9001 | 0000 014c | 8bc0 4c8b | 8c24 9800 | 0000 488b 
  0x000001eeec742c38: 5424 7848 | 8984 24a0 | 0000 000f 

  0x000001eeec742c44: ;   {optimized virtual_call}
  0x000001eeec742c44: 1f40 00e8 

  0x000001eeec742c48: ; ImmutableOopMap {[160]=Oop }
                      ;*invokevirtual postDefineClass {reexecute=0 rethrow=0 return_oop=0}
                      ; - java.lang.ClassLoader::defineClass@37 (line 1028)
  0x000001eeec742c48: d4bb ffff 

  0x000001eeec742c4c: ;   {other}
  0x000001eeec742c4c: 0f1f 8400 | bc05 0003 | 488b 8424 | a000 0000 | 4881 c4b0 | 0000 005d 

  0x000001eeec742c64: ;   {poll_return}
  0x000001eeec742c64: 493b a748 | 0400 000f | 8799 0000 

  0x000001eeec742c70: ;   {metadata({method} {0x000001ee8443b000} 'defineClass' '(Ljava/lang/String;[BIILjava/security/ProtectionDomain;)Ljava/lang/Class;' in 'java/lang/ClassLoader')}
  0x000001eeec742c70: 00c3 49ba | f8af 4384 | ee01 0000 | 4c89 5424 | 0848 c704 | 24ff ffff 

  0x000001eeec742c88: ;   {runtime_call counter_overflow Runtime1 stub}
  0x000001eeec742c88: ffe8 726c 

  0x000001eeec742c8c: ; ImmutableOopMap {rdx=Oop r8=Oop r9=Oop rcx=Oop [120]=Oop }
                      ;*synchronization entry
                      ; - java.lang.ClassLoader::defineClass@-1 (line 1025)
  0x000001eeec742c8c: 4907 e977 

  0x000001eeec742c90: ;   {metadata({method} {0x000001ee8443ace8} 'defineClassSourceLocation' '(Ljava/security/ProtectionDomain;)Ljava/lang/String;' in 'java/lang/ClassLoader')}
  0x000001eeec742c90: fcff ff49 | bae0 ac43 | 84ee 0100 | 004c 8954 | 2408 48c7 | 0424 ffff 

  0x000001eeec742ca8: ;   {runtime_call counter_overflow Runtime1 stub}
  0x000001eeec742ca8: ffff e851 

  0x000001eeec742cac: ; ImmutableOopMap {rax=Oop [120]=Oop [128]=Oop [136]=Oop [152]=Oop }
                      ;*synchronization entry
                      ; - java.lang.ClassLoader::defineClassSourceLocation@-1 (line 924)
                      ; - java.lang.ClassLoader::defineClass@12 (line 1026)
  0x000001eeec742cac: 6c49 07e9 | f0fc ffff 

  0x000001eeec742cb4: ;   {runtime_call throw_null_pointer_exception Runtime1 stub}
  0x000001eeec742cb4: e8e7 0949 

  0x000001eeec742cb8: ; ImmutableOopMap {rax=Oop [120]=Oop [128]=Oop [136]=Oop [152]=Oop }
                      ;*invokevirtual getCodeSource {reexecute=0 rethrow=0 return_oop=0}
                      ; - java.lang.ClassLoader::defineClassSourceLocation@1 (line 924)
                      ; - java.lang.ClassLoader::defineClass@12 (line 1026)
                      ;   {runtime_call throw_null_pointer_exception Runtime1 stub}
  0x000001eeec742cb8: 07e8 e209 

  0x000001eeec742cbc: ; ImmutableOopMap {rax=Oop r8=Oop [120]=Oop [128]=Oop [136]=Oop [152]=Oop }
                      ;*invokevirtual getLocation {reexecute=0 rethrow=0 return_oop=0}
                      ; - java.lang.ClassLoader::defineClassSourceLocation@12 (line 926)
                      ; - java.lang.ClassLoader::defineClass@12 (line 1026)
                      ;   {runtime_call throw_null_pointer_exception Runtime1 stub}
  0x000001eeec742cbc: 4907 e8dd 

  0x000001eeec742cc0: ; ImmutableOopMap {rdx=Oop [120]=Oop [128]=Oop [136]=Oop [152]=Oop }
                      ;*invokevirtual toString {reexecute=0 rethrow=0 return_oop=0}
                      ; - java.lang.ClassLoader::defineClassSourceLocation@22 (line 927)
                      ; - java.lang.ClassLoader::defineClass@12 (line 1026)
                      ;   {metadata({method} {0x000001ee8401a7c0} 'toString' '()Ljava/lang/String;' in 'java/net/URL')}
  0x000001eeec742cc0: 0949 0749 | bab8 a701 | 84ee 0100 | 004c 8954 | 2408 48c7 | 0424 ffff 

  0x000001eeec742cd8: ;   {runtime_call counter_overflow Runtime1 stub}
  0x000001eeec742cd8: ffff e821 

  0x000001eeec742cdc: ; ImmutableOopMap {rdx=Oop [120]=Oop [128]=Oop [136]=Oop [152]=Oop }
                      ;*synchronization entry
                      ; - java.net.URL::toString@-1 (line 1189)
                      ; - java.lang.ClassLoader::defineClassSourceLocation@22 (line 927)
                      ; - java.lang.ClassLoader::defineClass@12 (line 1026)
  0x000001eeec742cdc: 6c49 07e9 | dbfd ffff 

  0x000001eeec742ce4: ;   {metadata({method} {0x000001ee8442e900} 'toExternalForm' '()Ljava/lang/String;' in 'java/net/URL')}
  0x000001eeec742ce4: 49ba f8e8 | 4284 ee01 | 0000 4c89 | 5424 0848 | c704 24ff 

  0x000001eeec742cf8: ;   {runtime_call counter_overflow Runtime1 stub}
  0x000001eeec742cf8: ffff ffe8 

  0x000001eeec742cfc: ; ImmutableOopMap {rdx=Oop [120]=Oop [128]=Oop [136]=Oop [152]=Oop }
                      ;*synchronization entry
                      ; - java.net.URL::toExternalForm@-1 (line 1203)
                      ; - java.net.URL::toString@1 (line 1189)
                      ; - java.lang.ClassLoader::defineClassSourceLocation@22 (line 927)
                      ; - java.lang.ClassLoader::defineClass@12 (line 1026)
  0x000001eeec742cfc: 006c 4907 | e9f8 fdff 

  0x000001eeec742d04: ;   {runtime_call throw_null_pointer_exception Runtime1 stub}
  0x000001eeec742d04: ffe8 9609 

  0x000001eeec742d08: ; ImmutableOopMap {rdx=Oop rsi=Oop [120]=Oop [128]=Oop [136]=Oop [152]=Oop }
                      ;*invokevirtual toExternalForm {reexecute=0 rethrow=0 return_oop=0}
                      ; - java.net.URL::toExternalForm@5 (line 1203)
                      ; - java.net.URL::toString@1 (line 1189)
                      ; - java.lang.ClassLoader::defineClassSourceLocation@22 (line 927)
                      ; - java.lang.ClassLoader::defineClass@12 (line 1026)
                      ;   {internal_word}
  0x000001eeec742d08: 4907 49ba | 642c 74ec | ee01 0000 | 4d89 9760 

  0x000001eeec742d18: ;   {runtime_call SafepointBlob}
  0x000001eeec742d18: 0400 00e9 | 603e 3a07 | 498b 87f8 | 0400 0049 | c787 f804 | 0000 0000 | 0000 49c7 | 8700 0500 
  0x000001eeec742d38: 0000 0000 | 0048 81c4 | b000 0000 

  0x000001eeec742d44: ;   {runtime_call unwind_exception Runtime1 stub}
  0x000001eeec742d44: 5de9 36fa | 4807 f4f4 | f4f4 f4f4 
[Stub Code]
  0x000001eeec742d50: ;   {no_reloc}
  0x000001eeec742d50: 0f1f 4400 

  0x000001eeec742d54: ;   {static_stub}
  0x000001eeec742d54: 0048 bb00 | 0000 0000 

  0x000001eeec742d5c: ;   {runtime_call}
  0x000001eeec742d5c: 0000 00e9 | fbff ffff 

  0x000001eeec742d64: ;   {static_stub}
  0x000001eeec742d64: 48bb 0000 | 0000 0000 

  0x000001eeec742d6c: ;   {runtime_call}
  0x000001eeec742d6c: 0000 e9fb 

  0x000001eeec742d70: ;   {static_stub}
  0x000001eeec742d70: ffff ff48 | bb00 0000 | 0000 0000 

  0x000001eeec742d7c: ;   {runtime_call}
  0x000001eeec742d7c: 00e9 fbff 

  0x000001eeec742d80: ;   {static_stub}
  0x000001eeec742d80: ffff 48bb | 0000 0000 | 0000 0000 

  0x000001eeec742d8c: ;   {runtime_call}
  0x000001eeec742d8c: e9fb ffff 

  0x000001eeec742d90: ;   {runtime_call handle_exception_from_callee Runtime1 stub}
  0x000001eeec742d90: ffe8 ea2e 

  0x000001eeec742d94: ;   {external_word}
  0x000001eeec742d94: 4907 48b9 | a046 8d59 | fb7f 0000 | 4883 e4f0 

  0x000001eeec742da4: ;   {runtime_call}
  0x000001eeec742da4: 48b8 b028 | 5559 fb7f | 0000 ffd0 

  0x000001eeec742db0: ;   {section_word}
  0x000001eeec742db0: f449 bab1 | 2d74 ecee | 0100 0041 

  0x000001eeec742dbc: ;   {runtime_call DeoptimizationBlob}
  0x000001eeec742dbc: 52e9 5e52 | 3a07 f4f4 | f4f4 f4f4 
[/MachCode]


Compiled method (c1)  111846  964       3       java.security.SecureClassLoader::defineClass (16 bytes)
 total in heap  [0x000001eeec726710,0x000001eeec726b10] = 1024
 relocation     [0x000001eeec726870,0x000001eeec7268c0] = 80
 main code      [0x000001eeec7268c0,0x000001eeec726a18] = 344
 stub code      [0x000001eeec726a18,0x000001eeec726a68] = 80
 metadata       [0x000001eeec726a68,0x000001eeec726a70] = 8
 scopes data    [0x000001eeec726a70,0x000001eeec726ab8] = 72
 scopes pcs     [0x000001eeec726ab8,0x000001eeec726b08] = 80
 dependencies   [0x000001eeec726b08,0x000001eeec726b10] = 8

[Constant Pool (empty)]

[MachCode]
[Entry Point]
  # {method} {0x000001ee8404d398} 'defineClass' '(Ljava/lang/String;[BIILjava/security/CodeSource;)Ljava/lang/Class;' in 'java/security/SecureClassLoader'
  # this:     rdx:rdx   = 'java/security/SecureClassLoader'
  # parm0:    r8:r8     = 'java/lang/String'
  # parm1:    r9:r9     = '[B'
  # parm2:    rdi       = int
  # parm3:    rsi       = int
  # parm4:    rcx:rcx   = 'java/security/CodeSource'
  #           [sp+0x80]  (sp of caller)
  0x000001eeec7268c0: 448b 5208 | 49bb 0000 | 0084 ee01 | 0000 4d03 | d34c 3bd0 

  0x000001eeec7268d4: ;   {runtime_call ic_miss_stub}
  0x000001eeec7268d4: 0f85 a680 | 3b07 660f | 1f44 0000 
[Verified Entry Point]
  0x000001eeec7268e0: 8984 2400 | 80ff ff55 | 4883 ec70 | 4181 7f20 | 0100 0000 

  0x000001eeec7268f4: ;   {runtime_call StubRoutines (final stubs)}
  0x000001eeec7268f4: 7405 e885 

  0x000001eeec7268f8: ;   {metadata(method data for {method} {0x000001ee8404d398} 'defineClass' '(Ljava/lang/String;[BIILjava/security/CodeSource;)Ljava/lang/Class;' in 'java/security/SecureClassLoader')}
  0x000001eeec7268f8: f439 0748 | bb48 711d | c6ee 0100 | 008b 83cc | 0000 0083 | c002 8983 | cc00 0000 | 25fe 0700 
  0x000001eeec726918: 0085 c00f | 8496 0000 | 0089 7424 | 5c89 7c24 | 584c 894c | 2450 4c89 | 4424 4848 

  0x000001eeec726934: ;   {metadata(method data for {method} {0x000001ee8404d398} 'defineClass' '(Ljava/lang/String;[BIILjava/security/CodeSource;)Ljava/lang/Class;' in 'java/security/SecureClassLoader')}
  0x000001eeec726934: 8bda 48b8 | 4871 1dc6 | ee01 0000 | 4883 8010 | 0100 0001 | 4c8b c148 | 8bc2 488b | d048 8944 
  0x000001eeec726954: ;   {optimized virtual_call}
  0x000001eeec726954: 2440 90e8 

  0x000001eeec726958: ; ImmutableOopMap {[64]=Oop [72]=Oop [80]=Oop }
                      ;*invokevirtual getProtectionDomain {reexecute=0 rethrow=0 return_oop=0}
                      ; - java.security.SecureClassLoader::defineClass@9 (line 150)
  0x000001eeec726958: 444a ffff 

  0x000001eeec72695c: ;   {other}
  0x000001eeec72695c: 0f1f 8400 | 4c02 0000 | 488b 5424 

  0x000001eeec726968: ;   {metadata(method data for {method} {0x000001ee8404d398} 'defineClass' '(Ljava/lang/String;[BIILjava/security/CodeSource;)Ljava/lang/Class;' in 'java/security/SecureClassLoader')}
  0x000001eeec726968: 4049 b848 | 711d c6ee | 0100 0049 | 8380 4801 | 0000 014c | 8b44 2448 | 4c8b 4c24 | 508b 7c24 
  0x000001eeec726988: 588b 7424 | 5c48 8bc8 | 488b 5424 

  0x000001eeec726994: ;   {optimized virtual_call}
  0x000001eeec726994: 4066 90e8 

  0x000001eeec726998: ; ImmutableOopMap {}
                      ;*invokevirtual defineClass {reexecute=0 rethrow=0 return_oop=0}
                      ; - java.security.SecureClassLoader::defineClass@12 (line 150)
  0x000001eeec726998: 24bf 0100 

  0x000001eeec72699c: ;   {other}
  0x000001eeec72699c: 0f1f 8400 | 8c02 0001 | 4883 c470 

  0x000001eeec7269a8: ;   {poll_return}
  0x000001eeec7269a8: 5d49 3ba7 | 4804 0000 | 0f87 2200 

  0x000001eeec7269b4: ;   {metadata({method} {0x000001ee8404d398} 'defineClass' '(Ljava/lang/String;[BIILjava/security/CodeSource;)Ljava/lang/Class;' in 'java/security/SecureClassLoader')}
  0x000001eeec7269b4: 0000 c349 | ba90 d304 | 84ee 0100 | 004c 8954 | 2408 48c7 | 0424 ffff 

  0x000001eeec7269cc: ;   {runtime_call counter_overflow Runtime1 stub}
  0x000001eeec7269cc: ffff e82d 

  0x000001eeec7269d0: ; ImmutableOopMap {rdx=Oop r8=Oop r9=Oop rcx=Oop }
                      ;*synchronization entry
                      ; - java.security.SecureClassLoader::defineClass@-1 (line 150)
  0x000001eeec7269d0: 2f4b 07e9 | 49ff ffff 

  0x000001eeec7269d8: ;   {internal_word}
  0x000001eeec7269d8: 49ba a969 | 72ec ee01 | 0000 4d89 | 9760 0400 

  0x000001eeec7269e8: ;   {runtime_call SafepointBlob}
  0x000001eeec7269e8: 00e9 9201 | 3c07 498b | 87f8 0400 | 0049 c787 | f804 0000 | 0000 0000 | 49c7 8700 | 0500 0000 
  0x000001eeec726a08: 0000 0048 | 83c4 705d 

  0x000001eeec726a10: ;   {runtime_call unwind_exception Runtime1 stub}
  0x000001eeec726a10: e96b bd4a | 07f4 f4f4 
[Stub Code]
  0x000001eeec726a18: ;   {no_reloc}
  0x000001eeec726a18: 48bb 0000 | 0000 0000 

  0x000001eeec726a20: ;   {runtime_call}
  0x000001eeec726a20: 0000 e9fb 

  0x000001eeec726a24: ;   {static_stub}
  0x000001eeec726a24: ffff ff48 | bbf8 af43 | 84ee 0100 

  0x000001eeec726a30: ;   {runtime_call I2C/C2I adapters}
  0x000001eeec726a30: 00e9 5f7b 

  0x000001eeec726a34: ;   {runtime_call handle_exception_from_callee Runtime1 stub}
  0x000001eeec726a34: 3a07 e845 

  0x000001eeec726a38: ;   {external_word}
  0x000001eeec726a38: f24a 0748 | b9a0 468d | 59fb 7f00 | 0048 83e4 

  0x000001eeec726a48: ;   {runtime_call}
  0x000001eeec726a48: f048 b8b0 | 2855 59fb | 7f00 00ff 

  0x000001eeec726a54: ;   {section_word}
  0x000001eeec726a54: d0f4 49ba | 566a 72ec | ee01 0000 

  0x000001eeec726a60: ;   {runtime_call DeoptimizationBlob}
  0x000001eeec726a60: 4152 e9b9 | 153c 07f4 
[/MachCode]


---------------  P R O C E S S  ---------------

Threads class SMR info:
_java_thread_list=0x000001eec578f5d0, length=12, elements={
0x000001eee2632bf0, 0x000001eeff980ab0, 0x000001eeff9858c0, 0x000001eeff98a5e0,
0x000001eeff98b030, 0x000001eeff98ba80, 0x000001eeff98c4d0, 0x000001eeff98f260,
0x000001eeff991ef0, 0x000001eeff956c70, 0x000001eec53705a0, 0x000001eec5370c00
}

Java Threads: ( => current thread )
=>0x000001eee2632bf0 JavaThread "main"                              [_thread_in_vm, id=16324, stack(0x0000000155600000,0x0000000155700000) (1024K)]
  0x000001eeff980ab0 JavaThread "Reference Handler"          daemon [_thread_blocked, id=6384, stack(0x0000000155e00000,0x0000000155f00000) (1024K)]
  0x000001eeff9858c0 JavaThread "Finalizer"                  daemon [_thread_blocked, id=11432, stack(0x0000000155f00000,0x0000000156000000) (1024K)]
  0x000001eeff98a5e0 JavaThread "Signal Dispatcher"          daemon [_thread_blocked, id=2736, stack(0x0000000156000000,0x0000000156100000) (1024K)]
  0x000001eeff98b030 JavaThread "Attach Listener"            daemon [_thread_blocked, id=9324, stack(0x0000000156100000,0x0000000156200000) (1024K)]
  0x000001eeff98ba80 JavaThread "Service Thread"             daemon [_thread_blocked, id=22732, stack(0x0000000156200000,0x0000000156300000) (1024K)]
  0x000001eeff98c4d0 JavaThread "Monitor Deflation Thread"   daemon [_thread_blocked, id=11148, stack(0x0000000156300000,0x0000000156400000) (1024K)]
  0x000001eeff98f260 JavaThread "C2 CompilerThread0"         daemon [_thread_blocked, id=4816, stack(0x0000000156400000,0x0000000156500000) (1024K)]
  0x000001eeff991ef0 JavaThread "C1 CompilerThread0"         daemon [_thread_blocked, id=22476, stack(0x0000000156500000,0x0000000156600000) (1024K)]
  0x000001eeff956c70 JavaThread "Common-Cleaner"             daemon [_thread_blocked, id=13020, stack(0x0000000156600000,0x0000000156700000) (1024K)]
  0x000001eec53705a0 JavaThread "Monitor Ctrl-Break"         daemon [_thread_in_native, id=12812, stack(0x0000000156700000,0x0000000156800000) (1024K)]
  0x000001eec5370c00 JavaThread "Notification Thread"        daemon [_thread_blocked, id=22196, stack(0x0000000156800000,0x0000000156900000) (1024K)]
Total: 12

Other Threads:
  0x000001eeff964520 VMThread "VM Thread"                           [id=13864, stack(0x0000000155d00000,0x0000000155e00000) (1024K)] _threads_hazard_ptr=0x000001eec578f5d0
  0x000001eeff9562e0 WatcherThread "VM Periodic Task Thread"        [id=16244, stack(0x0000000155c00000,0x0000000155d00000) (1024K)]
  0x000001eee2698b00 WorkerThread "GC Thread#0"                     [id=19128, stack(0x0000000155700000,0x0000000155800000) (1024K)]
  0x000001eec5b49040 WorkerThread "GC Thread#1"                     [id=39544, stack(0x0000000156a00000,0x0000000156b00000) (1024K)]
  0x000001eeca0ea280 WorkerThread "GC Thread#2"                     [id=39548, stack(0x0000000156b00000,0x0000000156c00000) (1024K)]
  0x000001eeca0ea620 WorkerThread "GC Thread#3"                     [id=39552, stack(0x0000000156c00000,0x0000000156d00000) (1024K)]
  0x000001eeca0ea9c0 WorkerThread "GC Thread#4"                     [id=39556, stack(0x0000000156d00000,0x0000000156e00000) (1024K)]
  0x000001eec5738250 WorkerThread "GC Thread#5"                     [id=39560, stack(0x0000000156e00000,0x0000000156f00000) (1024K)]
  0x000001eee263c830 WorkerThread "GC Thread#6"                     [id=22156, stack(0x0000000156f00000,0x0000000157000000) (1024K)]
  0x000001eee263cbd0 WorkerThread "GC Thread#7"                     [id=12064, stack(0x0000000157000000,0x0000000157100000) (1024K)]
  0x000001eee26a9e00 ConcurrentGCThread "G1 Main Marker"            [id=18556, stack(0x0000000155800000,0x0000000155900000) (1024K)]
  0x000001eee26aab20 WorkerThread "G1 Conc#0"                       [id=5136, stack(0x0000000155900000,0x0000000155a00000) (1024K)]
  0x000001eeff903200 ConcurrentGCThread "G1 Refine#0"               [id=3912, stack(0x0000000155a00000,0x0000000155b00000) (1024K)]
  0x000001eeff903c80 ConcurrentGCThread "G1 Service"                [id=900, stack(0x0000000155b00000,0x0000000155c00000) (1024K)]
Total: 14

Threads with active compile tasks:
Total: 0

VM state: synchronizing (normal execution)

VM Mutex/Monitor currently owned by a thread:  ([mutex/lock_event])
[0x00007ffb59b6be18] Metaspace_lock - owner thread: 0x000001eee2632bf0
[0x00007ffb59b6de98] Threads_lock - owner thread: 0x000001eeff964520

Heap address: 0x0000000704000000, size: 4032 MB, Compressed Oops mode: Zero based, Oop shift amount: 3

CDS archive(s) mapped at: [0x000001ee84000000-0x000001ee84c90000-0x000001ee84c90000), size 13172736, SharedBaseAddress: 0x000001ee84000000, ArchiveRelocationMode: 1.
Compressed class space mapped at: 0x000001ee85000000-0x000001eec5000000, reserved size: 1073741824
Narrow klass base: 0x000001ee84000000, Narrow klass shift: 0, Narrow klass range: 0x100000000

GC Precious Log:
 CardTable entry size: 512
 Card Set container configuration: InlinePtr #cards 4 size 8 Array Of Cards #cards 16 size 48 Howl #buckets 8 coarsen threshold 3686 Howl Bitmap #cards 512 size 80 coarsen threshold 460 Card regions per heap region 1 cards per card region 4096
 CPUs: 8 total, 8 available
 Memory: 16126M
 Large Page Support: Disabled
 NUMA Support: Disabled
 Compressed Oops: Enabled (Zero based)
 Heap Region Size: 2M
 Heap Min Capacity: 8M
 Heap Initial Capacity: 252M
 Heap Max Capacity: 4032M
 Pre-touch: Disabled
 Parallel Workers: 8
 Concurrent Workers: 2
 Concurrent Refinement Workers: 8
 Periodic GC: Disabled

Heap:
 garbage-first heap   total 258048K, used 15643K [0x0000000704000000, 0x0000000800000000)
  region size 2048K, 7 young (14336K), 1 survivors (2048K)
 Metaspace       used 11612K, committed 11776K, reserved 1114112K
  class space    used 1353K, committed 1472K, reserved 1048576K

Heap Regions: E=young(eden), S=young(survivor), O=old, HS=humongous(starts), HC=humongous(continues), CS=collection set, F=free, TAMS=top-at-mark-start, PB=parsable bottom
|   0|0x0000000704000000, 0x0000000704200000, 0x0000000704200000|100%| O|  |TAMS 0x0000000704000000| PB 0x0000000704000000| Untracked 
|   1|0x0000000704200000, 0x00000007043c9520, 0x0000000704400000| 89%| O|  |TAMS 0x0000000704200000| PB 0x0000000704200000| Untracked 
|   2|0x0000000704400000, 0x0000000704400000, 0x0000000704600000|  0%| F|  |TAMS 0x0000000704400000| PB 0x0000000704400000| Untracked 
|   3|0x0000000704600000, 0x0000000704600000, 0x0000000704800000|  0%| F|  |TAMS 0x0000000704600000| PB 0x0000000704600000| Untracked 
|   4|0x0000000704800000, 0x0000000704800000, 0x0000000704a00000|  0%| F|  |TAMS 0x0000000704800000| PB 0x0000000704800000| Untracked 
|   5|0x0000000704a00000, 0x0000000704a00000, 0x0000000704c00000|  0%| F|  |TAMS 0x0000000704a00000| PB 0x0000000704a00000| Untracked 
|   6|0x0000000704c00000, 0x0000000704c00000, 0x0000000704e00000|  0%| F|  |TAMS 0x0000000704c00000| PB 0x0000000704c00000| Untracked 
|   7|0x0000000704e00000, 0x0000000704e00000, 0x0000000705000000|  0%| F|  |TAMS 0x0000000704e00000| PB 0x0000000704e00000| Untracked 
|   8|0x0000000705000000, 0x0000000705000000, 0x0000000705200000|  0%| F|  |TAMS 0x0000000705000000| PB 0x0000000705000000| Untracked 
|   9|0x0000000705200000, 0x0000000705200000, 0x0000000705400000|  0%| F|  |TAMS 0x0000000705200000| PB 0x0000000705200000| Untracked 
|  10|0x0000000705400000, 0x0000000705400000, 0x0000000705600000|  0%| F|  |TAMS 0x0000000705400000| PB 0x0000000705400000| Untracked 
|  11|0x0000000705600000, 0x0000000705600000, 0x0000000705800000|  0%| F|  |TAMS 0x0000000705600000| PB 0x0000000705600000| Untracked 
|  12|0x0000000705800000, 0x0000000705800000, 0x0000000705a00000|  0%| F|  |TAMS 0x0000000705800000| PB 0x0000000705800000| Untracked 
|  13|0x0000000705a00000, 0x0000000705a00000, 0x0000000705c00000|  0%| F|  |TAMS 0x0000000705a00000| PB 0x0000000705a00000| Untracked 
|  14|0x0000000705c00000, 0x0000000705c00000, 0x0000000705e00000|  0%| F|  |TAMS 0x0000000705c00000| PB 0x0000000705c00000| Untracked 
|  15|0x0000000705e00000, 0x0000000705e00000, 0x0000000706000000|  0%| F|  |TAMS 0x0000000705e00000| PB 0x0000000705e00000| Untracked 
|  16|0x0000000706000000, 0x0000000706000000, 0x0000000706200000|  0%| F|  |TAMS 0x0000000706000000| PB 0x0000000706000000| Untracked 
|  17|0x0000000706200000, 0x0000000706200000, 0x0000000706400000|  0%| F|  |TAMS 0x0000000706200000| PB 0x0000000706200000| Untracked 
|  18|0x0000000706400000, 0x0000000706400000, 0x0000000706600000|  0%| F|  |TAMS 0x0000000706400000| PB 0x0000000706400000| Untracked 
|  19|0x0000000706600000, 0x0000000706600000, 0x0000000706800000|  0%| F|  |TAMS 0x0000000706600000| PB 0x0000000706600000| Untracked 
|  20|0x0000000706800000, 0x0000000706800000, 0x0000000706a00000|  0%| F|  |TAMS 0x0000000706800000| PB 0x0000000706800000| Untracked 
|  21|0x0000000706a00000, 0x0000000706a00000, 0x0000000706c00000|  0%| F|  |TAMS 0x0000000706a00000| PB 0x0000000706a00000| Untracked 
|  22|0x0000000706c00000, 0x0000000706c00000, 0x0000000706e00000|  0%| F|  |TAMS 0x0000000706c00000| PB 0x0000000706c00000| Untracked 
|  23|0x0000000706e00000, 0x0000000706e00000, 0x0000000707000000|  0%| F|  |TAMS 0x0000000706e00000| PB 0x0000000706e00000| Untracked 
|  24|0x0000000707000000, 0x0000000707000000, 0x0000000707200000|  0%| F|  |TAMS 0x0000000707000000| PB 0x0000000707000000| Untracked 
|  25|0x0000000707200000, 0x0000000707200000, 0x0000000707400000|  0%| F|  |TAMS 0x0000000707200000| PB 0x0000000707200000| Untracked 
|  26|0x0000000707400000, 0x0000000707400000, 0x0000000707600000|  0%| F|  |TAMS 0x0000000707400000| PB 0x0000000707400000| Untracked 
|  27|0x0000000707600000, 0x0000000707600000, 0x0000000707800000|  0%| F|  |TAMS 0x0000000707600000| PB 0x0000000707600000| Untracked 
|  28|0x0000000707800000, 0x0000000707800000, 0x0000000707a00000|  0%| F|  |TAMS 0x0000000707800000| PB 0x0000000707800000| Untracked 
|  29|0x0000000707a00000, 0x0000000707a00000, 0x0000000707c00000|  0%| F|  |TAMS 0x0000000707a00000| PB 0x0000000707a00000| Untracked 
|  30|0x0000000707c00000, 0x0000000707c00000, 0x0000000707e00000|  0%| F|  |TAMS 0x0000000707c00000| PB 0x0000000707c00000| Untracked 
|  31|0x0000000707e00000, 0x0000000707e00000, 0x0000000708000000|  0%| F|  |TAMS 0x0000000707e00000| PB 0x0000000707e00000| Untracked 
|  32|0x0000000708000000, 0x0000000708000000, 0x0000000708200000|  0%| F|  |TAMS 0x0000000708000000| PB 0x0000000708000000| Untracked 
|  33|0x0000000708200000, 0x0000000708200000, 0x0000000708400000|  0%| F|  |TAMS 0x0000000708200000| PB 0x0000000708200000| Untracked 
|  34|0x0000000708400000, 0x0000000708400000, 0x0000000708600000|  0%| F|  |TAMS 0x0000000708400000| PB 0x0000000708400000| Untracked 
|  35|0x0000000708600000, 0x0000000708600000, 0x0000000708800000|  0%| F|  |TAMS 0x0000000708600000| PB 0x0000000708600000| Untracked 
|  36|0x0000000708800000, 0x0000000708800000, 0x0000000708a00000|  0%| F|  |TAMS 0x0000000708800000| PB 0x0000000708800000| Untracked 
|  37|0x0000000708a00000, 0x0000000708a00000, 0x0000000708c00000|  0%| F|  |TAMS 0x0000000708a00000| PB 0x0000000708a00000| Untracked 
|  38|0x0000000708c00000, 0x0000000708c00000, 0x0000000708e00000|  0%| F|  |TAMS 0x0000000708c00000| PB 0x0000000708c00000| Untracked 
|  39|0x0000000708e00000, 0x0000000708e00000, 0x0000000709000000|  0%| F|  |TAMS 0x0000000708e00000| PB 0x0000000708e00000| Untracked 
|  40|0x0000000709000000, 0x0000000709000000, 0x0000000709200000|  0%| F|  |TAMS 0x0000000709000000| PB 0x0000000709000000| Untracked 
|  41|0x0000000709200000, 0x0000000709200000, 0x0000000709400000|  0%| F|  |TAMS 0x0000000709200000| PB 0x0000000709200000| Untracked 
|  42|0x0000000709400000, 0x0000000709400000, 0x0000000709600000|  0%| F|  |TAMS 0x0000000709400000| PB 0x0000000709400000| Untracked 
|  43|0x0000000709600000, 0x0000000709600000, 0x0000000709800000|  0%| F|  |TAMS 0x0000000709600000| PB 0x0000000709600000| Untracked 
|  44|0x0000000709800000, 0x0000000709800000, 0x0000000709a00000|  0%| F|  |TAMS 0x0000000709800000| PB 0x0000000709800000| Untracked 
|  45|0x0000000709a00000, 0x0000000709a00000, 0x0000000709c00000|  0%| F|  |TAMS 0x0000000709a00000| PB 0x0000000709a00000| Untracked 
|  46|0x0000000709c00000, 0x0000000709c00000, 0x0000000709e00000|  0%| F|  |TAMS 0x0000000709c00000| PB 0x0000000709c00000| Untracked 
|  47|0x0000000709e00000, 0x0000000709e00000, 0x000000070a000000|  0%| F|  |TAMS 0x0000000709e00000| PB 0x0000000709e00000| Untracked 
|  48|0x000000070a000000, 0x000000070a000000, 0x000000070a200000|  0%| F|  |TAMS 0x000000070a000000| PB 0x000000070a000000| Untracked 
|  49|0x000000070a200000, 0x000000070a200000, 0x000000070a400000|  0%| F|  |TAMS 0x000000070a200000| PB 0x000000070a200000| Untracked 
|  50|0x000000070a400000, 0x000000070a400000, 0x000000070a600000|  0%| F|  |TAMS 0x000000070a400000| PB 0x000000070a400000| Untracked 
|  51|0x000000070a600000, 0x000000070a600000, 0x000000070a800000|  0%| F|  |TAMS 0x000000070a600000| PB 0x000000070a600000| Untracked 
|  52|0x000000070a800000, 0x000000070a800000, 0x000000070aa00000|  0%| F|  |TAMS 0x000000070a800000| PB 0x000000070a800000| Untracked 
|  53|0x000000070aa00000, 0x000000070aa00000, 0x000000070ac00000|  0%| F|  |TAMS 0x000000070aa00000| PB 0x000000070aa00000| Untracked 
|  54|0x000000070ac00000, 0x000000070ac00000, 0x000000070ae00000|  0%| F|  |TAMS 0x000000070ac00000| PB 0x000000070ac00000| Untracked 
|  55|0x000000070ae00000, 0x000000070ae00000, 0x000000070b000000|  0%| F|  |TAMS 0x000000070ae00000| PB 0x000000070ae00000| Untracked 
|  56|0x000000070b000000, 0x000000070b000000, 0x000000070b200000|  0%| F|  |TAMS 0x000000070b000000| PB 0x000000070b000000| Untracked 
|  57|0x000000070b200000, 0x000000070b200000, 0x000000070b400000|  0%| F|  |TAMS 0x000000070b200000| PB 0x000000070b200000| Untracked 
|  58|0x000000070b400000, 0x000000070b400000, 0x000000070b600000|  0%| F|  |TAMS 0x000000070b400000| PB 0x000000070b400000| Untracked 
|  59|0x000000070b600000, 0x000000070b600000, 0x000000070b800000|  0%| F|  |TAMS 0x000000070b600000| PB 0x000000070b600000| Untracked 
|  60|0x000000070b800000, 0x000000070b800000, 0x000000070ba00000|  0%| F|  |TAMS 0x000000070b800000| PB 0x000000070b800000| Untracked 
|  61|0x000000070ba00000, 0x000000070ba00000, 0x000000070bc00000|  0%| F|  |TAMS 0x000000070ba00000| PB 0x000000070ba00000| Untracked 
|  62|0x000000070bc00000, 0x000000070bc00000, 0x000000070be00000|  0%| F|  |TAMS 0x000000070bc00000| PB 0x000000070bc00000| Untracked 
|  63|0x000000070be00000, 0x000000070be00000, 0x000000070c000000|  0%| F|  |TAMS 0x000000070be00000| PB 0x000000070be00000| Untracked 
|  64|0x000000070c000000, 0x000000070c000000, 0x000000070c200000|  0%| F|  |TAMS 0x000000070c000000| PB 0x000000070c000000| Untracked 
|  65|0x000000070c200000, 0x000000070c200000, 0x000000070c400000|  0%| F|  |TAMS 0x000000070c200000| PB 0x000000070c200000| Untracked 
|  66|0x000000070c400000, 0x000000070c400000, 0x000000070c600000|  0%| F|  |TAMS 0x000000070c400000| PB 0x000000070c400000| Untracked 
|  67|0x000000070c600000, 0x000000070c600000, 0x000000070c800000|  0%| F|  |TAMS 0x000000070c600000| PB 0x000000070c600000| Untracked 
|  68|0x000000070c800000, 0x000000070c800000, 0x000000070ca00000|  0%| F|  |TAMS 0x000000070c800000| PB 0x000000070c800000| Untracked 
|  69|0x000000070ca00000, 0x000000070ca00000, 0x000000070cc00000|  0%| F|  |TAMS 0x000000070ca00000| PB 0x000000070ca00000| Untracked 
|  70|0x000000070cc00000, 0x000000070cc00000, 0x000000070ce00000|  0%| F|  |TAMS 0x000000070cc00000| PB 0x000000070cc00000| Untracked 
|  71|0x000000070ce00000, 0x000000070ce00000, 0x000000070d000000|  0%| F|  |TAMS 0x000000070ce00000| PB 0x000000070ce00000| Untracked 
|  72|0x000000070d000000, 0x000000070d000000, 0x000000070d200000|  0%| F|  |TAMS 0x000000070d000000| PB 0x000000070d000000| Untracked 
|  73|0x000000070d200000, 0x000000070d200000, 0x000000070d400000|  0%| F|  |TAMS 0x000000070d200000| PB 0x000000070d200000| Untracked 
|  74|0x000000070d400000, 0x000000070d400000, 0x000000070d600000|  0%| F|  |TAMS 0x000000070d400000| PB 0x000000070d400000| Untracked 
|  75|0x000000070d600000, 0x000000070d600000, 0x000000070d800000|  0%| F|  |TAMS 0x000000070d600000| PB 0x000000070d600000| Untracked 
|  76|0x000000070d800000, 0x000000070d800000, 0x000000070da00000|  0%| F|  |TAMS 0x000000070d800000| PB 0x000000070d800000| Untracked 
|  77|0x000000070da00000, 0x000000070da00000, 0x000000070dc00000|  0%| F|  |TAMS 0x000000070da00000| PB 0x000000070da00000| Untracked 
|  78|0x000000070dc00000, 0x000000070dc00000, 0x000000070de00000|  0%| F|  |TAMS 0x000000070dc00000| PB 0x000000070dc00000| Untracked 
|  79|0x000000070de00000, 0x000000070de00000, 0x000000070e000000|  0%| F|  |TAMS 0x000000070de00000| PB 0x000000070de00000| Untracked 
|  80|0x000000070e000000, 0x000000070e000000, 0x000000070e200000|  0%| F|  |TAMS 0x000000070e000000| PB 0x000000070e000000| Untracked 
|  81|0x000000070e200000, 0x000000070e200000, 0x000000070e400000|  0%| F|  |TAMS 0x000000070e200000| PB 0x000000070e200000| Untracked 
|  82|0x000000070e400000, 0x000000070e400000, 0x000000070e600000|  0%| F|  |TAMS 0x000000070e400000| PB 0x000000070e400000| Untracked 
|  83|0x000000070e600000, 0x000000070e600000, 0x000000070e800000|  0%| F|  |TAMS 0x000000070e600000| PB 0x000000070e600000| Untracked 
|  84|0x000000070e800000, 0x000000070e800000, 0x000000070ea00000|  0%| F|  |TAMS 0x000000070e800000| PB 0x000000070e800000| Untracked 
|  85|0x000000070ea00000, 0x000000070ea00000, 0x000000070ec00000|  0%| F|  |TAMS 0x000000070ea00000| PB 0x000000070ea00000| Untracked 
|  86|0x000000070ec00000, 0x000000070ec00000, 0x000000070ee00000|  0%| F|  |TAMS 0x000000070ec00000| PB 0x000000070ec00000| Untracked 
|  87|0x000000070ee00000, 0x000000070ee00000, 0x000000070f000000|  0%| F|  |TAMS 0x000000070ee00000| PB 0x000000070ee00000| Untracked 
|  88|0x000000070f000000, 0x000000070f000000, 0x000000070f200000|  0%| F|  |TAMS 0x000000070f000000| PB 0x000000070f000000| Untracked 
|  89|0x000000070f200000, 0x000000070f200000, 0x000000070f400000|  0%| F|  |TAMS 0x000000070f200000| PB 0x000000070f200000| Untracked 
|  90|0x000000070f400000, 0x000000070f400000, 0x000000070f600000|  0%| F|  |TAMS 0x000000070f400000| PB 0x000000070f400000| Untracked 
|  91|0x000000070f600000, 0x000000070f600000, 0x000000070f800000|  0%| F|  |TAMS 0x000000070f600000| PB 0x000000070f600000| Untracked 
|  92|0x000000070f800000, 0x000000070f800000, 0x000000070fa00000|  0%| F|  |TAMS 0x000000070f800000| PB 0x000000070f800000| Untracked 
|  93|0x000000070fa00000, 0x000000070fa00000, 0x000000070fc00000|  0%| F|  |TAMS 0x000000070fa00000| PB 0x000000070fa00000| Untracked 
|  94|0x000000070fc00000, 0x000000070fc00000, 0x000000070fe00000|  0%| F|  |TAMS 0x000000070fc00000| PB 0x000000070fc00000| Untracked 
|  95|0x000000070fe00000, 0x000000070fe00000, 0x0000000710000000|  0%| F|  |TAMS 0x000000070fe00000| PB 0x000000070fe00000| Untracked 
|  96|0x0000000710000000, 0x0000000710000000, 0x0000000710200000|  0%| F|  |TAMS 0x0000000710000000| PB 0x0000000710000000| Untracked 
|  97|0x0000000710200000, 0x0000000710200000, 0x0000000710400000|  0%| F|  |TAMS 0x0000000710200000| PB 0x0000000710200000| Untracked 
|  98|0x0000000710400000, 0x0000000710400000, 0x0000000710600000|  0%| F|  |TAMS 0x0000000710400000| PB 0x0000000710400000| Untracked 
|  99|0x0000000710600000, 0x0000000710600000, 0x0000000710800000|  0%| F|  |TAMS 0x0000000710600000| PB 0x0000000710600000| Untracked 
| 100|0x0000000710800000, 0x0000000710800000, 0x0000000710a00000|  0%| F|  |TAMS 0x0000000710800000| PB 0x0000000710800000| Untracked 
| 101|0x0000000710a00000, 0x0000000710a00000, 0x0000000710c00000|  0%| F|  |TAMS 0x0000000710a00000| PB 0x0000000710a00000| Untracked 
| 102|0x0000000710c00000, 0x0000000710c00000, 0x0000000710e00000|  0%| F|  |TAMS 0x0000000710c00000| PB 0x0000000710c00000| Untracked 
| 103|0x0000000710e00000, 0x0000000710e00000, 0x0000000711000000|  0%| F|  |TAMS 0x0000000710e00000| PB 0x0000000710e00000| Untracked 
| 104|0x0000000711000000, 0x0000000711000000, 0x0000000711200000|  0%| F|  |TAMS 0x0000000711000000| PB 0x0000000711000000| Untracked 
| 105|0x0000000711200000, 0x0000000711200000, 0x0000000711400000|  0%| F|  |TAMS 0x0000000711200000| PB 0x0000000711200000| Untracked 
| 106|0x0000000711400000, 0x0000000711400000, 0x0000000711600000|  0%| F|  |TAMS 0x0000000711400000| PB 0x0000000711400000| Untracked 
| 107|0x0000000711600000, 0x0000000711600000, 0x0000000711800000|  0%| F|  |TAMS 0x0000000711600000| PB 0x0000000711600000| Untracked 
| 108|0x0000000711800000, 0x0000000711800000, 0x0000000711a00000|  0%| F|  |TAMS 0x0000000711800000| PB 0x0000000711800000| Untracked 
| 109|0x0000000711a00000, 0x0000000711b7d728, 0x0000000711c00000| 74%| S|CS|TAMS 0x0000000711a00000| PB 0x0000000711a00000| Complete 
| 110|0x0000000711c00000, 0x0000000711c00000, 0x0000000711e00000|  0%| F|  |TAMS 0x0000000711c00000| PB 0x0000000711c00000| Untracked 
| 111|0x0000000711e00000, 0x0000000711e00000, 0x0000000712000000|  0%| F|  |TAMS 0x0000000711e00000| PB 0x0000000711e00000| Untracked 
| 112|0x0000000712000000, 0x0000000712000000, 0x0000000712200000|  0%| F|  |TAMS 0x0000000712000000| PB 0x0000000712000000| Untracked 
| 113|0x0000000712200000, 0x0000000712200000, 0x0000000712400000|  0%| F|  |TAMS 0x0000000712200000| PB 0x0000000712200000| Untracked 
| 114|0x0000000712400000, 0x0000000712400000, 0x0000000712600000|  0%| F|  |TAMS 0x0000000712400000| PB 0x0000000712400000| Untracked 
| 115|0x0000000712600000, 0x0000000712600000, 0x0000000712800000|  0%| F|  |TAMS 0x0000000712600000| PB 0x0000000712600000| Untracked 
| 116|0x0000000712800000, 0x0000000712800000, 0x0000000712a00000|  0%| F|  |TAMS 0x0000000712800000| PB 0x0000000712800000| Untracked 
| 117|0x0000000712a00000, 0x0000000712a00000, 0x0000000712c00000|  0%| F|  |TAMS 0x0000000712a00000| PB 0x0000000712a00000| Untracked 
| 118|0x0000000712c00000, 0x0000000712c00000, 0x0000000712e00000|  0%| F|  |TAMS 0x0000000712c00000| PB 0x0000000712c00000| Untracked 
| 119|0x0000000712e00000, 0x0000000712e00000, 0x0000000713000000|  0%| F|  |TAMS 0x0000000712e00000| PB 0x0000000712e00000| Untracked 
| 120|0x0000000713000000, 0x00000007131bfd38, 0x0000000713200000| 87%| E|  |TAMS 0x0000000713000000| PB 0x0000000713000000| Complete 
| 121|0x0000000713200000, 0x0000000713400000, 0x0000000713400000|100%| E|CS|TAMS 0x0000000713200000| PB 0x0000000713200000| Complete 
| 122|0x0000000713400000, 0x0000000713600000, 0x0000000713600000|100%| E|CS|TAMS 0x0000000713400000| PB 0x0000000713400000| Complete 
| 123|0x0000000713600000, 0x0000000713800000, 0x0000000713800000|100%| E|CS|TAMS 0x0000000713600000| PB 0x0000000713600000| Complete 
| 124|0x0000000713800000, 0x0000000713a00000, 0x0000000713a00000|100%| E|CS|TAMS 0x0000000713800000| PB 0x0000000713800000| Complete 
| 125|0x0000000713a00000, 0x0000000713c00000, 0x0000000713c00000|100%| E|CS|TAMS 0x0000000713a00000| PB 0x0000000713a00000| Complete 

Card table byte_map: [0x000001eefc7a0000,0x000001eefcf80000] _byte_map_base: 0x000001eef8f80000

Marking Bits: (CMBitMap*) 0x000001eee2699920
 Bits: [0x000001ee80000000, 0x000001ee83f00000)

Polling page: 0x000001eee2840000

Metaspace:

Usage:
  Non-class:     10.02 MB used.
      Class:      1.32 MB used.
       Both:     11.34 MB used.

Virtual space:
  Non-class space:       64.00 MB reserved,      10.06 MB ( 16%) committed,  1 nodes.
      Class space:        1.00 GB reserved,       1.44 MB ( <1%) committed,  1 nodes.
             Both:        1.06 GB reserved,      11.50 MB (  1%) committed. 

Chunk freelists:
   Non-Class:  4.92 MB
       Class:  14.38 MB
        Both:  19.31 MB

MaxMetaspaceSize: unlimited
CompressedClassSpaceSize: 1.00 GB
Initial GC threshold: 21.00 MB
Current GC threshold: 21.00 MB
CDS: on
 - commit_granule_bytes: 65536.
 - commit_granule_words: 8192.
 - virtual_space_node_default_size: 8388608.
 - enlarge_chunks_in_place: 1.
 - use_allocation_guard: 0.


Internal statistics:

num_allocs_failed_limit: 0.
num_arena_births: 118.
num_arena_deaths: 0.
num_vsnodes_births: 2.
num_vsnodes_deaths: 0.
num_space_committed: 184.
num_space_uncommitted: 0.
num_chunks_returned_to_freelist: 0.
num_chunks_taken_from_freelist: 480.
num_chunk_merges: 0.
num_chunk_splits: 342.
num_chunks_enlarged: 279.
num_inconsistent_stats: 0.

CodeHeap 'non-profiled nmethods': size=120000Kb used=883Kb max_used=883Kb free=119116Kb
 bounds [0x000001eef4030000, 0x000001eef42a0000, 0x000001eefb560000]
CodeHeap 'profiled nmethods': size=120000Kb used=4053Kb max_used=4053Kb free=115947Kb
 bounds [0x000001eeec560000, 0x000001eeec960000, 0x000001eef3a90000]
CodeHeap 'non-nmethods': size=5760Kb used=1521Kb max_used=1560Kb free=4238Kb
 bounds [0x000001eef3a90000, 0x000001eef3d00000, 0x000001eef4030000]
 total_blobs=2563 nmethods=2083 adapters=384
 compilation: enabled
              stopped_count=0, restarted_count=0
 full_count=0

Compilation events (20 events):
Event: 106.584 Thread 0x000001eeff991ef0 2075       3       java.lang.invoke.MethodHandle::keepsAlive (20 bytes)
Event: 106.584 Thread 0x000001eeff991ef0 nmethod 2075 0x000001eeec950b10 code [0x000001eeec950d60, 0x000001eeec9517b0]
Event: 106.680 Thread 0x000001eeff991ef0 2076       3       java.util.ArrayList::elementAt (4 bytes)
Event: 106.680 Thread 0x000001eeff991ef0 nmethod 2076 0x000001eeec951a90 code [0x000001eeec951c20, 0x000001eeec951d38]
Event: 106.702 Thread 0x000001eeff991ef0 2077       3       com.google.inject.spi.DefaultElementVisitor::visit (6 bytes)
Event: 106.702 Thread 0x000001eeff991ef0 nmethod 2077 0x000001eeec951e10 code [0x000001eeec951fc0, 0x000001eeec952188]
Event: 106.708 Thread 0x000001eeff991ef0 2078       3       java.lang.Boolean::valueOf (14 bytes)
Event: 106.709 Thread 0x000001eeff991ef0 nmethod 2078 0x000001eeec952210 code [0x000001eeec9523c0, 0x000001eeec952530]
Event: 106.711 Thread 0x000001eeff991ef0 2079       3       com.google.inject.internal.AbstractProcessor$$Lambda/0x000001ee8519ec88::test (16 bytes)
Event: 106.712 Thread 0x000001eeff991ef0 nmethod 2079 0x000001eeec952590 code [0x000001eeec9527a0, 0x000001eeec9530c0]
Event: 106.712 Thread 0x000001eeff991ef0 2080       3       com.google.inject.internal.AbstractProcessor::lambda$process$0 (28 bytes)
Event: 106.712 Thread 0x000001eeff991ef0 nmethod 2080 0x000001eeec953310 code [0x000001eeec953520, 0x000001eeec953ca8]
Event: 106.712 Thread 0x000001eeff991ef0 2081       3       com.google.inject.internal.Errors::withSource (29 bytes)
Event: 106.713 Thread 0x000001eeff991ef0 nmethod 2081 0x000001eeec953e90 code [0x000001eeec954060, 0x000001eeec954450]
Event: 106.713 Thread 0x000001eeff991ef0 2082       3       com.google.inject.internal.Errors::<init> (23 bytes)
Event: 106.713 Thread 0x000001eeff991ef0 nmethod 2082 0x000001eeec954590 code [0x000001eeec954740, 0x000001eeec9549e0]
Event: 106.713 Thread 0x000001eeff991ef0 2083       3       com.google.inject.internal.AbstractProcessor::visitOther (6 bytes)
Event: 106.713 Thread 0x000001eeff991ef0 nmethod 2083 0x000001eeec954b10 code [0x000001eeec954cc0, 0x000001eeec954f18]
Event: 106.713 Thread 0x000001eeff991ef0 2084       3       com.google.inject.internal.AbstractProcessor::visitOther (5 bytes)
Event: 106.713 Thread 0x000001eeff991ef0 nmethod 2084 0x000001eeec955010 code [0x000001eeec9551c0, 0x000001eeec955340]

GC Heap History (4 events):
Event: 45.288 GC heap before
{Heap before GC invocations=0 (full 0):
 garbage-first heap   total 258048K, used 20480K [0x0000000704000000, 0x0000000800000000)
  region size 2048K, 11 young (22528K), 0 survivors (0K)
 Metaspace       used 6049K, committed 6208K, reserved 1114112K
  class space    used 687K, committed 768K, reserved 1048576K
}
Event: 49.675 GC heap after
{Heap after GC invocations=1 (full 0):
 garbage-first heap   total 258048K, used 3925K [0x0000000704000000, 0x0000000800000000)
  region size 2048K, 2 young (4096K), 2 survivors (4096K)
 Metaspace       used 6049K, committed 6208K, reserved 1114112K
  class space    used 687K, committed 768K, reserved 1048576K
}
Event: 92.973 GC heap before
{Heap before GC invocations=1 (full 0):
 garbage-first heap   total 258048K, used 32597K [0x0000000704000000, 0x0000000800000000)
  region size 2048K, 16 young (32768K), 2 survivors (4096K)
 Metaspace       used 9369K, committed 9536K, reserved 1114112K
  class space    used 1086K, committed 1152K, reserved 1048576K
}
Event: 92.979 GC heap after
{Heap after GC invocations=2 (full 0):
 garbage-first heap   total 258048K, used 5403K [0x0000000704000000, 0x0000000800000000)
  region size 2048K, 1 young (2048K), 1 survivors (2048K)
 Metaspace       used 9369K, committed 9536K, reserved 1114112K
  class space    used 1086K, committed 1152K, reserved 1048576K
}

Dll operation events (12 events):
Event: 0.356 Loaded shared library C:\Program Files\Java\jdk-21.0.6\bin\java.dll
Event: 1.526 Loaded shared library C:\Program Files\Java\jdk-21.0.6\bin\zip.dll
Event: 1.527 Loaded shared library C:\Program Files\Java\jdk-21.0.6\bin\jsvml.dll
Event: 1.533 Loaded shared library C:\Program Files\Java\jdk-21.0.6\bin\instrument.dll
Event: 1.546 Loaded shared library C:\Program Files\Java\jdk-21.0.6\bin\net.dll
Event: 1.551 Loaded shared library C:\Program Files\Java\jdk-21.0.6\bin\nio.dll
Event: 1.557 Loaded shared library C:\Program Files\Java\jdk-21.0.6\bin\zip.dll
Event: 1.688 Loaded shared library C:\Program Files\JetBrains\IntelliJ IDEA 2023.3.4\bin\breakgen64.dll
Event: 1.843 Loaded shared library C:\Program Files\Java\jdk-21.0.6\bin\extnet.dll
Event: 13.220 Loaded shared library C:\Program Files\Java\jdk-21.0.6\bin\jimage.dll
Event: 22.645 Loaded shared library C:\Users\DELL\AppData\Local\Temp\jansi-2.4.1-c0e5e83dbd19d599-jansi.dll
Event: 22.667 Loaded shared library C:\Program Files\Java\jdk-21.0.6\bin\verify.dll

Deoptimization events (20 events):
Event: 95.381 Thread 0x000001eee2632bf0 Uncommon trap: trap_request=0xffffffd6 fr.pc=0x000001eef40fe218 relative=0x0000000000000178
Event: 95.381 Thread 0x000001eee2632bf0 Uncommon trap: reason=array_check action=maybe_recompile pc=0x000001eef40fe218 method=java.util.stream.Nodes$FixedNodeBuilder.accept(Ljava/lang/Object;)V @ 28 c2
Event: 95.381 Thread 0x000001eee2632bf0 DEOPT PACKING pc=0x000001eef40fe218 sp=0x00000001556fde80
Event: 95.381 Thread 0x000001eee2632bf0 DEOPT UNPACKING pc=0x000001eef3ae7da2 sp=0x00000001556fde20 mode 2
Event: 104.835 Thread 0x000001eee2632bf0 Uncommon trap: trap_request=0xffffff45 fr.pc=0x000001eef40c8310 relative=0x00000000000002d0
Event: 104.835 Thread 0x000001eee2632bf0 Uncommon trap: reason=unstable_if action=reinterpret pc=0x000001eef40c8310 method=java.util.concurrent.ConcurrentHashMap.get(Ljava/lang/Object;)Ljava/lang/Object; @ 76 c2
Event: 104.835 Thread 0x000001eee2632bf0 DEOPT PACKING pc=0x000001eef40c8310 sp=0x00000001556fb340
Event: 104.835 Thread 0x000001eee2632bf0 DEOPT UNPACKING pc=0x000001eef3ae7da2 sp=0x00000001556fb2b8 mode 2
Event: 105.409 Thread 0x000001eee2632bf0 Uncommon trap: trap_request=0xffffff45 fr.pc=0x000001eef4102cd0 relative=0x0000000000000650
Event: 105.409 Thread 0x000001eee2632bf0 Uncommon trap: reason=unstable_if action=reinterpret pc=0x000001eef4102cd0 method=java.lang.Integer.getChars(II[B)I @ 25 c2
Event: 105.409 Thread 0x000001eee2632bf0 DEOPT PACKING pc=0x000001eef4102cd0 sp=0x00000001556fdd30
Event: 105.409 Thread 0x000001eee2632bf0 DEOPT UNPACKING pc=0x000001eef3ae7da2 sp=0x00000001556fdc78 mode 2
Event: 105.953 Thread 0x000001eee2632bf0 Uncommon trap: trap_request=0xffffff45 fr.pc=0x000001eef40c51fc relative=0x000000000000023c
Event: 105.953 Thread 0x000001eee2632bf0 Uncommon trap: reason=unstable_if action=reinterpret pc=0x000001eef40c51fc method=java.lang.ClassLoader.checkName(Ljava/lang/String;)Z @ 1 c2
Event: 105.953 Thread 0x000001eee2632bf0 DEOPT PACKING pc=0x000001eef40c51fc sp=0x00000001556fdaa0
Event: 105.953 Thread 0x000001eee2632bf0 DEOPT UNPACKING pc=0x000001eef3ae7da2 sp=0x00000001556fda38 mode 2
Event: 105.970 Thread 0x000001eee2632bf0 Uncommon trap: trap_request=0xffffff45 fr.pc=0x000001eef4109cc0 relative=0x0000000000000a80
Event: 105.970 Thread 0x000001eee2632bf0 Uncommon trap: reason=unstable_if action=reinterpret pc=0x000001eef4109cc0 method=jdk.internal.org.objectweb.asm.SymbolTable.put(Ljdk/internal/org/objectweb/asm/SymbolTable$Entry;)Ljdk/internal/org/objectweb/asm/SymbolTable$Entry; @ 13 c2
Event: 105.970 Thread 0x000001eee2632bf0 DEOPT PACKING pc=0x000001eef4109cc0 sp=0x00000001556fd7d0
Event: 105.970 Thread 0x000001eee2632bf0 DEOPT UNPACKING pc=0x000001eef3ae7da2 sp=0x00000001556fd708 mode 2

Classes loaded (20 events):
Event: 100.573 Loading class java/util/concurrent/atomic/AtomicBoolean
Event: 100.573 Loading class java/util/concurrent/atomic/AtomicBoolean done
Event: 100.581 Loading class java/nio/channels/OverlappingFileLockException
Event: 100.581 Loading class java/nio/channels/OverlappingFileLockException done
Event: 100.581 Loading class java/nio/channels/FileLock
Event: 100.582 Loading class java/nio/channels/FileLock done
Event: 101.733 Loading class java/nio/file/AccessDeniedException
Event: 101.733 Loading class java/nio/file/FileSystemException
Event: 101.733 Loading class java/nio/file/FileSystemException done
Event: 101.733 Loading class java/nio/file/AccessDeniedException done
Event: 104.825 Loading class java/lang/ExceptionInInitializerError
Event: 104.825 Loading class java/lang/ExceptionInInitializerError done
Event: 104.835 Loading class jdk/internal/vm/annotation/ForceInline
Event: 104.835 Loading class jdk/internal/vm/annotation/ForceInline done
Event: 105.450 Loading class sun/invoke/util/ValueConversions$1
Event: 105.450 Loading class sun/invoke/util/ValueConversions$1 done
Event: 105.452 Loading class java/lang/invoke/BoundMethodHandle$Species_LI
Event: 105.452 Loading class java/lang/invoke/BoundMethodHandle$Species_LI done
Event: 105.951 Loading class jdk/internal/org/objectweb/asm/ClassReader
Event: 105.952 Loading class jdk/internal/org/objectweb/asm/ClassReader done

Classes unloaded (0 events):
No events

Classes redefined (0 events):
No events

Internal exceptions (20 events):
Event: 22.617 Thread 0x000001eee2632bf0 Exception <a 'sun/nio/fs/WindowsException'{0x00000007134119d0}> (0x00000007134119d0) 
thrown [s\open\src\hotspot\share\prims\jni.cpp, line 520]
Event: 22.681 Thread 0x000001eee2632bf0 Exception <a 'java/lang/NoSuchMethodError'{0x0000000713528dd0}: 'void java.lang.invoke.DirectMethodHandle$Holder.invokeStaticInit(java.lang.Object, java.lang.Object)'> (0x0000000713528dd0) 
thrown [s\open\src\hotspot\share\interpreter\linkResolver.cpp, line 773]
Event: 24.416 Thread 0x000001eee2632bf0 Exception <a 'java/lang/NoSuchMethodError'{0x00000007132da108}: 'java.lang.Object java.lang.invoke.DirectMethodHandle$Holder.invokeSpecialIFC(java.lang.Object, java.lang.Object, java.lang.Object, java.lang.Object)'> (0x00000007132da108) 
thrown [s\open\src\hotspot\share\interpreter\linkResolver.cpp, line 773]
Event: 31.786 Thread 0x000001eee2632bf0 Exception <a 'java/lang/NoSuchMethodError'{0x0000000712c8b4f8}: 'void java.lang.invoke.DirectMethodHandle$Holder.invokeSpecial(java.lang.Object, java.lang.Object, java.lang.Object)'> (0x0000000712c8b4f8) 
thrown [s\open\src\hotspot\share\interpreter\linkResolver.cpp, line 773]
Event: 34.511 Thread 0x000001eee2632bf0 Exception <a 'java/lang/NoSuchMethodError'{0x0000000712de0190}: 'java.lang.Object java.lang.invoke.DirectMethodHandle$Holder.invokeInterface(java.lang.Object, java.lang.Object)'> (0x0000000712de0190) 
thrown [s\open\src\hotspot\share\interpreter\linkResolver.cpp, line 773]
Event: 35.947 Thread 0x000001eee2632bf0 Exception <a 'java/lang/NoSuchMethodError'{0x0000000712a7e168}: 'int java.lang.invoke.DirectMethodHandle$Holder.invokeStatic(java.lang.Object, java.lang.Object, java.lang.Object, java.lang.Object)'> (0x0000000712a7e168) 
thrown [s\open\src\hotspot\share\interpreter\linkResolver.cpp, line 773]
Event: 35.948 Thread 0x000001eee2632bf0 Exception <a 'java/lang/NoSuchMethodError'{0x0000000712a817f8}: 'java.lang.Object java.lang.invoke.Invokers$Holder.invokeExact_MT(java.lang.Object, java.lang.Object, java.lang.Object, java.lang.Object, java.lang.Object, java.lang.Object)'> (0x0000000712a817f8) 
thrown [s\open\src\hotspot\share\interpreter\linkResolver.cpp, line 773]
Event: 35.951 Thread 0x000001eee2632bf0 Exception <a 'java/lang/NoSuchMethodError'{0x0000000712a8ffc0}: 'int java.lang.invoke.DirectMethodHandle$Holder.invokeSpecialIFC(java.lang.Object, java.lang.Object, java.lang.Object, java.lang.Object, java.lang.Object)'> (0x0000000712a8ffc0) 
thrown [s\open\src\hotspot\share\interpreter\linkResolver.cpp, line 773]
Event: 42.094 Thread 0x000001eee2632bf0 Exception <a 'java/lang/NoSuchMethodError'{0x0000000712824cf0}: 'java.lang.Object java.lang.invoke.DirectMethodHandle$Holder.newInvokeSpecial(java.lang.Object, java.lang.Object, java.lang.Object, java.lang.Object, java.lang.Object)'> (0x0000000712824cf0) 
thrown [s\open\src\hotspot\share\interpreter\linkResolver.cpp, line 773]
Event: 43.318 Thread 0x000001eee2632bf0 Exception <a 'java/lang/NoSuchMethodError'{0x0000000712928c18}: 'int java.lang.invoke.DirectMethodHandle$Holder.invokeStaticInit(java.lang.Object, java.lang.Object)'> (0x0000000712928c18) 
thrown [s\open\src\hotspot\share\interpreter\linkResolver.cpp, line 773]
Event: 43.333 Thread 0x000001eee2632bf0 Exception <a 'java/lang/NoClassDefFoundError'{0x000000071295f940}: javax/enterprise/inject/Typed> (0x000000071295f940) 
thrown [s\open\src\hotspot\share\classfile\systemDictionary.cpp, line 301]
Event: 104.806 Thread 0x000001eee2632bf0 Exception <a 'java/lang/NoSuchMethodError'{0x000000071334d320}: 'void java.lang.invoke.DirectMethodHandle$Holder.invokeStaticInit(java.lang.Object, java.lang.Object, java.lang.Object)'> (0x000000071334d320) 
thrown [s\open\src\hotspot\share\interpreter\linkResolver.cpp, line 773]
Event: 104.832 Thread 0x000001eee2632bf0 Exception <a 'java/lang/ExceptionInInitializerError'{0x0000000713376a38}> (0x0000000713376a38) 
thrown [s\open\src\hotspot\share\oops\instanceKlass.cpp, line 1192]
Event: 105.451 Thread 0x000001eee2632bf0 Exception <a 'java/lang/NoSuchMethodError'{0x000000071308a4d0}: 'long java.lang.invoke.DirectMethodHandle$Holder.invokeStatic(java.lang.Object, java.lang.Object, int)'> (0x000000071308a4d0) 
thrown [s\open\src\hotspot\share\interpreter\linkResolver.cpp, line 773]
Event: 105.943 Thread 0x000001eee2632bf0 Exception <a 'java/lang/NoSuchMethodError'{0x000000071309d7f8}: 'java.lang.Object java.lang.invoke.DirectMethodHandle$Holder.invokeStatic(java.lang.Object, java.lang.Object, java.lang.Object, java.lang.Object, int)'> (0x000000071309d7f8) 
thrown [s\open\src\hotspot\share\interpreter\linkResolver.cpp, line 773]
Event: 105.945 Thread 0x000001eee2632bf0 Exception <a 'java/lang/NoSuchMethodError'{0x00000007130a5730}: 'java.lang.Object java.lang.invoke.DirectMethodHandle$Holder.invokeSpecial(java.lang.Object, java.lang.Object, java.lang.Object, java.lang.Object, long)'> (0x00000007130a5730) 
thrown [s\open\src\hotspot\share\interpreter\linkResolver.cpp, line 773]
Event: 105.947 Thread 0x000001eee2632bf0 Exception <a 'java/lang/NoSuchMethodError'{0x00000007130b1250}: 'java.lang.Object java.lang.invoke.DirectMethodHandle$Holder.invokeSpecial(java.lang.Object, java.lang.Object, java.lang.Object, int, java.lang.Object)'> (0x00000007130b1250) 
thrown [s\open\src\hotspot\share\interpreter\linkResolver.cpp, line 773]
Event: 105.948 Thread 0x000001eee2632bf0 Exception <a 'java/lang/NoSuchMethodError'{0x00000007130b9390}: 'int java.lang.invoke.DirectMethodHandle$Holder.invokeSpecial(java.lang.Object, java.lang.Object, java.lang.Object, int)'> (0x00000007130b9390) 
thrown [s\open\src\hotspot\share\interpreter\linkResolver.cpp, line 773]
Event: 105.953 Thread 0x000001eee2632bf0 Implicit null exception at 0x000001eef40c4fdd to 0x000001eef40c51e8
Event: 105.955 Thread 0x000001eee2632bf0 Exception <a 'java/lang/NoSuchMethodError'{0x00000007130ddf00}: 'java.lang.Object java.lang.invoke.Invokers$Holder.invokeExact_MT(java.lang.Object, int, java.lang.Object)'> (0x00000007130ddf00) 
thrown [s\open\src\hotspot\share\interpreter\linkResolver.cpp, line 773]

ZGC Phase Switch (0 events):
No events

VM Operations (20 events):
Event: 92.875 Executing VM operation: Cleanup done
Event: 92.973 Executing VM operation: G1CollectForAllocation (G1 Evacuation Pause)
Event: 92.979 Executing VM operation: G1CollectForAllocation (G1 Evacuation Pause) done
Event: 93.979 Executing VM operation: Cleanup
Event: 94.532 Executing VM operation: Cleanup done
Event: 95.537 Executing VM operation: Cleanup
Event: 95.783 Executing VM operation: Cleanup done
Event: 96.798 Executing VM operation: Cleanup
Event: 96.798 Executing VM operation: Cleanup done
Event: 99.831 Executing VM operation: Cleanup
Event: 100.516 Executing VM operation: Cleanup done
Event: 101.524 Executing VM operation: Cleanup
Event: 101.665 Executing VM operation: Cleanup done
Event: 102.671 Executing VM operation: Cleanup
Event: 104.260 Executing VM operation: Cleanup done
Event: 104.852 Executing VM operation: HandshakeAllThreads (Deoptimize)
Event: 104.852 Executing VM operation: HandshakeAllThreads (Deoptimize) done
Event: 105.860 Executing VM operation: Cleanup
Event: 105.947 Executing VM operation: Cleanup done
Event: 106.954 Executing VM operation: Cleanup

Events (18 events):
Event: 0.383 Thread 0x000001eee2632bf0 Thread added: 0x000001eee2632bf0
Event: 0.843 Thread 0x000001eeff980ab0 Thread added: 0x000001eeff980ab0
Event: 0.843 Thread 0x000001eeff9858c0 Thread added: 0x000001eeff9858c0
Event: 0.843 Thread 0x000001eeff98a5e0 Thread added: 0x000001eeff98a5e0
Event: 0.843 Thread 0x000001eeff98b030 Thread added: 0x000001eeff98b030
Event: 0.843 Thread 0x000001eeff98ba80 Thread added: 0x000001eeff98ba80
Event: 0.843 Thread 0x000001eeff98c4d0 Thread added: 0x000001eeff98c4d0
Event: 0.843 Thread 0x000001eeff98f260 Thread added: 0x000001eeff98f260
Event: 0.910 Thread 0x000001eeff991ef0 Thread added: 0x000001eeff991ef0
Event: 0.944 Thread 0x000001eeff956c70 Thread added: 0x000001eeff956c70
Event: 1.689 Thread 0x000001eec53705a0 Thread added: 0x000001eec53705a0
Event: 1.689 Thread 0x000001eec5370c00 Thread added: 0x000001eec5370c00
Event: 13.215 Thread 0x000001eec53982f0 Thread added: 0x000001eec53982f0
Event: 22.606 Thread 0x000001eec53982f0 Thread exited: 0x000001eec53982f0
Event: 44.263 Thread 0x000001eec5599ed0 Thread added: 0x000001eec5599ed0
Event: 50.272 Thread 0x000001eec5599ed0 Thread exited: 0x000001eec5599ed0
Event: 77.273 Thread 0x000001eec5972550 Thread added: 0x000001eec5972550
Event: 78.779 Thread 0x000001eec5972550 Thread exited: 0x000001eec5972550


Dynamic libraries:
0x00007ff7e26f0000 - 0x00007ff7e2700000 	C:\Program Files\Java\jdk-21.0.6\bin\java.exe
0x00007ffbc1e40000 - 0x00007ffbc20a0000 	C:\WINDOWS\SYSTEM32\ntdll.dll
0x00007ffbc0980000 - 0x00007ffbc0a47000 	C:\WINDOWS\System32\KERNEL32.DLL
0x00007ffbbf020000 - 0x00007ffbbf3ea000 	C:\WINDOWS\System32\KERNELBASE.dll
0x00007ffbbf810000 - 0x00007ffbbf95b000 	C:\WINDOWS\System32\ucrtbase.dll
0x00007ffba0ac0000 - 0x00007ffba0adb000 	C:\Program Files\Java\jdk-21.0.6\bin\VCRUNTIME140.dll
0x00007ffb815c0000 - 0x00007ffb815d9000 	C:\Program Files\Java\jdk-21.0.6\bin\jli.dll
0x00007ffbc0450000 - 0x00007ffbc0502000 	C:\WINDOWS\System32\ADVAPI32.dll
0x00007ffbc02c0000 - 0x00007ffbc0369000 	C:\WINDOWS\System32\msvcrt.dll
0x00007ffbbff10000 - 0x00007ffbbffb6000 	C:\WINDOWS\System32\sechost.dll
0x00007ffbc0860000 - 0x00007ffbc0976000 	C:\WINDOWS\System32\RPCRT4.dll
0x00007ffbbfc40000 - 0x00007ffbbfe0c000 	C:\WINDOWS\System32\USER32.dll
0x00007ffbbf3f0000 - 0x00007ffbbf417000 	C:\WINDOWS\System32\win32u.dll
0x00007ffbc18f0000 - 0x00007ffbc191a000 	C:\WINDOWS\System32\GDI32.dll
0x00007ffbbf620000 - 0x00007ffbbf751000 	C:\WINDOWS\System32\gdi32full.dll
0x00007ffbbf760000 - 0x00007ffbbf803000 	C:\WINDOWS\System32\msvcp_win.dll
0x00007ffba5240000 - 0x00007ffba54d7000 	C:\WINDOWS\WinSxS\amd64_microsoft.windows.common-controls_6595b64144ccf1df_6.0.26100.3624_none_3e086962e3345f24\COMCTL32.dll
0x00007ffbaee60000 - 0x00007ffbaee6b000 	C:\WINDOWS\SYSTEM32\VERSION.dll
0x00007ffbc0820000 - 0x00007ffbc084f000 	C:\WINDOWS\System32\IMM32.DLL
0x00007ffbb0a50000 - 0x00007ffbb0a5c000 	C:\Program Files\Java\jdk-21.0.6\bin\vcruntime140_1.dll
0x00007ffb77ad0000 - 0x00007ffb77b5e000 	C:\Program Files\Java\jdk-21.0.6\bin\msvcp140.dll
0x00007ffb58f30000 - 0x00007ffb59c4a000 	C:\Program Files\Java\jdk-21.0.6\bin\server\jvm.dll
0x00007ffbc0b30000 - 0x00007ffbc0ba4000 	C:\WINDOWS\System32\WS2_32.dll
0x00007ffbbe6d0000 - 0x00007ffbbe72e000 	C:\WINDOWS\SYSTEM32\POWRPROF.dll
0x00007ffbb7340000 - 0x00007ffbb7376000 	C:\WINDOWS\SYSTEM32\WINMM.dll
0x00007ffbbe6b0000 - 0x00007ffbbe6c4000 	C:\WINDOWS\SYSTEM32\UMPDC.dll
0x00007ffbbdd90000 - 0x00007ffbbddaa000 	C:\WINDOWS\SYSTEM32\kernel.appcore.dll
0x00007ffba0c80000 - 0x00007ffba0c8a000 	C:\Program Files\Java\jdk-21.0.6\bin\jimage.dll
0x000000005fc40000 - 0x000000005fdd6000 	C:\Program Files\Microsoft SQL Server\110\Shared\DBGHELP.DLL
0x00007ffbb9d50000 - 0x00007ffbb9d5f000 	C:\Program Files\Java\jdk-21.0.6\bin\instrument.dll
0x00007ffb815a0000 - 0x00007ffb815bf000 	C:\Program Files\Java\jdk-21.0.6\bin\java.dll
0x00007ffbc1080000 - 0x00007ffbc17a9000 	C:\WINDOWS\System32\SHELL32.dll
0x00007ffbbf4b0000 - 0x00007ffbbf618000 	C:\WINDOWS\System32\wintypes.dll
0x00007ffbc1920000 - 0x00007ffbc1ca2000 	C:\WINDOWS\System32\combase.dll
0x00007ffbbcc80000 - 0x00007ffbbd4d2000 	C:\WINDOWS\SYSTEM32\windows.storage.dll
0x00007ffbc1800000 - 0x00007ffbc18ed000 	C:\WINDOWS\System32\SHCORE.dll
0x00007ffbc1cb0000 - 0x00007ffbc1d14000 	C:\WINDOWS\System32\shlwapi.dll
0x00007ffbbef30000 - 0x00007ffbbef5f000 	C:\WINDOWS\SYSTEM32\profapi.dll
0x00007ffb81440000 - 0x00007ffb81458000 	C:\Program Files\Java\jdk-21.0.6\bin\zip.dll
0x00007ffb6cb30000 - 0x00007ffb6cc07000 	C:\Program Files\Java\jdk-21.0.6\bin\jsvml.dll
0x00007ffb96630000 - 0x00007ffb96640000 	C:\Program Files\Java\jdk-21.0.6\bin\net.dll
0x00007ffbb9120000 - 0x00007ffbb923d000 	C:\WINDOWS\SYSTEM32\WINHTTP.dll
0x00007ffbbe2f0000 - 0x00007ffbbe35a000 	C:\WINDOWS\system32\mswsock.dll
0x00007ffb81530000 - 0x00007ffb81546000 	C:\Program Files\Java\jdk-21.0.6\bin\nio.dll
0x00007ffbb9990000 - 0x00007ffbb99aa000 	C:\Program Files\JetBrains\IntelliJ IDEA 2023.3.4\bin\breakgen64.dll
0x00007ffb8f2e0000 - 0x00007ffb8f2e9000 	C:\Program Files\Java\jdk-21.0.6\bin\extnet.dll
0x00007ffb6d680000 - 0x00007ffb6d6a4000 	C:\Users\DELL\AppData\Local\Temp\jansi-2.4.1-c0e5e83dbd19d599-jansi.dll
0x00007ffb81fe0000 - 0x00007ffb81ff0000 	C:\Program Files\Java\jdk-21.0.6\bin\verify.dll

dbghelp: loaded successfully - version: 4.0.5 - missing functions: none
symbol engine: initialized successfully - sym options: 0x614 - pdb path: .;C:\Program Files\Java\jdk-21.0.6\bin;C:\WINDOWS\SYSTEM32;C:\WINDOWS\WinSxS\amd64_microsoft.windows.common-controls_6595b64144ccf1df_6.0.26100.3624_none_3e086962e3345f24;C:\Program Files\Java\jdk-21.0.6\bin\server;C:\Program Files\Microsoft SQL Server\110\Shared;C:\Program Files\JetBrains\IntelliJ IDEA 2023.3.4\bin;C:\Users\DELL\AppData\Local\Temp

VM Arguments:
jvm_args: -Dmaven.multiModuleProjectDirectory=C:\Users\DELL\Desktop\angular Project\backEnd\carsAgence -Djansi.passthrough=true -Dmaven.home=C:\Users\DELL\.m2\wrapper\dists\apache-maven-3.9.9-bin\4nf9hui3q3djbarqar9g711ggc\apache-maven-3.9.9 -Dclassworlds.conf=C:\Users\DELL\.m2\wrapper\dists\apache-maven-3.9.9-bin\4nf9hui3q3djbarqar9g711ggc\apache-maven-3.9.9\bin\m2.conf -Dmaven.ext.class.path=C:\Program Files\JetBrains\IntelliJ IDEA 2023.3.4\plugins\maven\lib\maven-event-listener.jar -javaagent:C:\Program Files\JetBrains\IntelliJ IDEA 2023.3.4\lib\idea_rt.jar=52327:C:\Program Files\JetBrains\IntelliJ IDEA 2023.3.4\bin -Dfile.encoding=UTF-8 -Dsun.stdout.encoding=UTF-8 -Dsun.stderr.encoding=UTF-8 
java_command: org.codehaus.classworlds.Launcher -Didea.version=2023.3.4 clean install
java_class_path (initial): C:\Users\DELL\.m2\wrapper\dists\apache-maven-3.9.9-bin\4nf9hui3q3djbarqar9g711ggc\apache-maven-3.9.9\boot\plexus-classworlds-2.8.0.jar;C:\Users\DELL\.m2\wrapper\dists\apache-maven-3.9.9-bin\4nf9hui3q3djbarqar9g711ggc\apache-maven-3.9.9\boot\plexus-classworlds.license
Launcher Type: SUN_STANDARD

[Global flags]
     intx CICompilerCount                          = 4                                         {product} {ergonomic}
     uint ConcGCThreads                            = 2                                         {product} {ergonomic}
     uint G1ConcRefinementThreads                  = 8                                         {product} {ergonomic}
   size_t G1HeapRegionSize                         = 2097152                                   {product} {ergonomic}
    uintx GCDrainStackTargetSize                   = 64                                        {product} {ergonomic}
   size_t InitialHeapSize                          = 264241152                                 {product} {ergonomic}
   size_t MarkStackSize                            = 4194304                                   {product} {ergonomic}
   size_t MaxHeapSize                              = 4227858432                                {product} {ergonomic}
   size_t MaxNewSize                               = 2535456768                                {product} {ergonomic}
   size_t MinHeapDeltaBytes                        = 2097152                                   {product} {ergonomic}
   size_t MinHeapSize                              = 8388608                                   {product} {ergonomic}
    uintx NonNMethodCodeHeapSize                   = 5839372                                {pd product} {ergonomic}
    uintx NonProfiledCodeHeapSize                  = 122909434                              {pd product} {ergonomic}
    uintx ProfiledCodeHeapSize                     = 122909434                              {pd product} {ergonomic}
    uintx ReservedCodeCacheSize                    = 251658240                              {pd product} {ergonomic}
     bool SegmentedCodeCache                       = true                                      {product} {ergonomic}
   size_t SoftMaxHeapSize                          = 4227858432                             {manageable} {ergonomic}
     bool UseCompressedOops                        = true                           {product lp64_product} {ergonomic}
     bool UseG1GC                                  = true                                      {product} {ergonomic}
     bool UseLargePagesIndividualAllocation        = false                                  {pd product} {ergonomic}

Logging:
Log output configuration:
 #0: stdout all=warning uptime,level,tags foldmultilines=false
 #1: stderr all=off uptime,level,tags foldmultilines=false

Environment Variables:
PATH=C:\PySchool\3.10-32-bit\Scripts;C:\PySchool\3.10-32-bit;C:\oraclexe\app\oracle\product\11.2.0\server\bin;C:\Program Files (x86)\VMware\VMware Workstation\bin\;C:\Program Files\Common Files\Siemens\Automation\Simatic OAM\bin;C:\WINDOWS\system32;C:\WINDOWS;C:\WINDOWS\System32\Wbem;C:\WINDOWS\System32\WindowsPowerShell\v1.0\;C:\WINDOWS\System32\OpenSSH\;C:\Program Files (x86)\Microchip\MPLAB C32 Suite\bin;c:\Program Files (x86)\Microsoft SQL Server\100\Tools\Binn\;c:\Program Files\Microsoft SQL Server\100\Tools\Binn\;c:\Program Files\Microsoft SQL Server\100\DTS\Binn\;C:\Users\DELL\AppData\Local\Programs\Python\Python311;C:\Users\DELL\AppData\Local\Programs\Python\Python311\Scripts;C:\wamp64\bin\php\php8.2.0;C:\wamp64\bin;C:\Program Files\Git\cmd;C:\Program Files\dotnet\;C:\Program Files\Docker\Docker\resources\bin;C:\Users\DELL\AppData\Local\nvm;C:\nvm4w\nodejs;C:\Program Files\Microsoft SQL Server\150\Tools\Binn\;C:\Program Files\Microsoft SQL Server\Client SDK\ODBC\170\Tools\Binn\;C:\Program Files (x86)\Windows Kits\10\Windows Performance Toolkit\;C:\Program Files\Microsoft SQL Server\110\DTS\Binn\;C:\Program Files (x86)\Microsoft SQL Server\110\Tools\Binn\;C:\Program Files\Microsoft SQL Server\110\Tools\Binn\;C:\Program Files (x86)\Microsoft SQL Server\110\Tools\Binn\ManagementStudio\;C:\Program Files (x86)\Microsoft Visual Studio 10.0\Common7\IDE\PrivateAssemblies\;C:\Program Files (x86)\Microsoft SQL Server\110\DTS\Binn\;C:\Program Files\Java\jdk-21.0.6\bin;C:\Users\DELL\scoop\shims;C:\Users\DELL\AppData\Local\Microsoft\WindowsApps;C:\phpm\php-8.2.3 (1);C:\Program Files\JetBrains\PhpStorm 2023.1\bin;;C:\wamp64\bin;C:\Users\DELL\AppData\Local\Programs\Microsoft VS Code\bin;C:\Users\DELL\AppData\Roaming\npm;C:\Users\DELL\AppData\Local\nvm;C:\nvm4w\nodejs;C:\Users\DELL\.dotnet\tools;C:\Users\DELL\AppData\Local\Programs\cursor\resources\app\bin
USERNAME=DELL
OS=Windows_NT
PROCESSOR_IDENTIFIER=Intel64 Family 6 Model 140 Stepping 1, GenuineIntel
TMP=C:\Users\DELL\AppData\Local\Temp
TEMP=C:\Users\DELL\AppData\Local\Temp




Periodic native trim disabled

---------------  S Y S T E M  ---------------

OS:
 Windows 11 , 64 bit Build 26100 (10.0.26100.3775)
OS uptime: 1 days 17:54 hours
Hyper-V role detected

CPU: total 8 (initial active 8) (4 cores per cpu, 2 threads per core) family 6 model 140 stepping 1 microcode 0xba, cx8, cmov, fxsr, ht, mmx, 3dnowpref, sse, sse2, sse3, ssse3, sse4.1, sse4.2, popcnt, lzcnt, tsc, tscinvbit, avx, avx2, aes, erms, clmul, bmi1, bmi2, adx, avx512f, avx512dq, avx512cd, avx512bw, avx512vl, sha, fma, vzeroupper, avx512_vpopcntdq, avx512_vpclmulqdq, avx512_vaes, avx512_vnni, clflush, clflushopt, clwb, avx512_vbmi2, avx512_vbmi, hv, rdtscp, rdpid, fsrm, gfni, avx512_bitalg, f16c, cet_ibt, cet_ss, avx512_ifma
Processor Information for all 8 processors :
  Max Mhz: 2419, Current Mhz: 2419, Mhz Limit: 2419

Memory: 4k page, system-wide physical 16126M (2652M free)
TotalPageFile size 65278M (AvailPageFile size 12341M)
current process WorkingSet (physical memory assigned to process): 72M, peak: 87M
current process commit charge ("private bytes"): 356M, peak: 363M

vm_info: Java HotSpot(TM) 64-Bit Server VM (21.0.6+8-LTS-188) for windows-amd64 JRE (21.0.6+8-LTS-188), built on 2024-12-03T10:50:54Z by "mach5one" with MS VC++ 17.6 (VS2022)

END.
