#
# There is insufficient memory for the Java Runtime Environment to continue.
# Native memory allocation (malloc) failed to allocate 32744 bytes for Chunk::new
# Possible reasons:
#   The system is out of physical RAM or swap space
#   The process is running with CompressedOops enabled, and the Java Heap may be blocking the growth of the native heap
# Possible solutions:
#   Reduce memory load on the system
#   Increase physical memory or swap space
#   Check if swap backing store is full
#   Decrease Java heap size (-Xmx/-Xms)
#   Decrease number of Java threads
#
#  
11th Gen Intel(R) Core(TM) i5-1135G7 @ 2.40GHz, 8 cores, 15G,  Windows 11 , 64 bit Build 26100 (10.0.26100.3775)
Time: Tue Apr 22 17:31:55 2025 Afr. centrale Ouest elapsed time: 126.157627 seconds (0d 0h 2m 6s)

---------------  T H R E A D  ---------------

Current thread (0x000001af453b0a00):  JavaThread "C2 CompilerThread0" daemon [_thread_in_native, id=22216, stack(0x0000005e7e500000,0x0000005e7e600000) (1024K)]


Current CompileTask:
C2: 126157 3820       4       java.util.regex.Pattern$CharPropertyGreedy::match (160 bytes)

Stack: [0x0000005e7e500000,0x0000005e7e600000]
Native frames: (J=compiled Java code, j=interpreted, Vv=VM code, C=native code)
V  [jvm.dll+0x6ca6d9]
V  [jvm.dll+0x854f51]
V  [jvm.dll+0x85747e]
V  [jvm.dll+0x857b53]
V  [jvm.dll+0x27dcc6]
V  [jvm.dll+0xc4c2d]
V  [jvm.dll+0xc5163]
V  [jvm.dll+0xd254d]
V  [jvm.dll+0x5e55bf]
V  [jvm.dll+0x5e40ad]
V  [jvm.dll+0x5e37b0]
V  [jvm.dll+0x5e37c4]
V  [jvm.dll+0x5f5bc5]
V  [jvm.dll+0x24f8a2]
V  [jvm.dll+0x248456]
V  [jvm.dll+0x245df4]
V  [jvm.dll+0x1c6d2e]
V  [jvm.dll+0x2554f9]
V  [jvm.dll+0x253a8a]
V  [jvm.dll+0x3ee576]
V  [jvm.dll+0x7ff2fb]
V  [jvm.dll+0x6c8dbd]
C  [ucrtbase.dll+0x37b0]
C  [KERNEL32.DLL+0x2e8d7]
C  [ntdll.dll+0xb14fc]


---------------  P R O C E S S  ---------------

Threads class SMR info:
_java_thread_list=0x000001af8bc3ca70, length=13, elements={
0x000001af24234420, 0x000001af453a24b0, 0x000001af453a7110, 0x000001af453a9d70,
0x000001af453ac7d0, 0x000001af453ad220, 0x000001af453adc70, 0x000001af453b0a00,
0x000001af453b34a0, 0x000001af4556a720, 0x000001af458567c0, 0x000001af45860e60,
0x000001af8baa19f0
}

Java Threads: ( => current thread )
  0x000001af24234420 JavaThread "main"                              [_thread_blocked, id=20904, stack(0x0000005e7d700000,0x0000005e7d800000) (1024K)]
  0x000001af453a24b0 JavaThread "Reference Handler"          daemon [_thread_blocked, id=1988, stack(0x0000005e7df00000,0x0000005e7e000000) (1024K)]
  0x000001af453a7110 JavaThread "Finalizer"                  daemon [_thread_blocked, id=15004, stack(0x0000005e7e000000,0x0000005e7e100000) (1024K)]
  0x000001af453a9d70 JavaThread "Signal Dispatcher"          daemon [_thread_blocked, id=3984, stack(0x0000005e7e100000,0x0000005e7e200000) (1024K)]
  0x000001af453ac7d0 JavaThread "Attach Listener"            daemon [_thread_blocked, id=2444, stack(0x0000005e7e200000,0x0000005e7e300000) (1024K)]
  0x000001af453ad220 JavaThread "Service Thread"             daemon [_thread_blocked, id=16536, stack(0x0000005e7e300000,0x0000005e7e400000) (1024K)]
  0x000001af453adc70 JavaThread "Monitor Deflation Thread"   daemon [_thread_blocked, id=20644, stack(0x0000005e7e400000,0x0000005e7e500000) (1024K)]
=>0x000001af453b0a00 JavaThread "C2 CompilerThread0"         daemon [_thread_in_native, id=22216, stack(0x0000005e7e500000,0x0000005e7e600000) (1024K)]
  0x000001af453b34a0 JavaThread "C1 CompilerThread0"         daemon [_thread_in_vm, id=20084, stack(0x0000005e7e600000,0x0000005e7e700000) (1024K)]
  0x000001af4556a720 JavaThread "Common-Cleaner"             daemon [_thread_blocked, id=13500, stack(0x0000005e7e700000,0x0000005e7e800000) (1024K)]
  0x000001af458567c0 JavaThread "Monitor Ctrl-Break"         daemon [_thread_in_native, id=17972, stack(0x0000005e7e800000,0x0000005e7e900000) (1024K)]
  0x000001af45860e60 JavaThread "Notification Thread"        daemon [_thread_blocked, id=21756, stack(0x0000005e7e900000,0x0000005e7ea00000) (1024K)]
  0x000001af8baa19f0 JavaThread "Thread-1"                   daemon [_thread_blocked, id=35568, stack(0x0000005e7d400000,0x0000005e7d500000) (1024K)]
Total: 13

Other Threads:
  0x000001af45389190 VMThread "VM Thread"                           [id=20752, stack(0x0000005e7de00000,0x0000005e7df00000) (1024K)] _threads_hazard_ptr=0x000001af8bc3ca70
  0x000001af4537abb0 WatcherThread "VM Periodic Task Thread"        [id=18728, stack(0x0000005e7dd00000,0x0000005e7de00000) (1024K)]
  0x000001af2429afe0 WorkerThread "GC Thread#0"                     [id=18152, stack(0x0000005e7d800000,0x0000005e7d900000) (1024K)]
  0x000001af8bbe5a80 WorkerThread "GC Thread#1"                     [id=9672, stack(0x0000005e7ec00000,0x0000005e7ed00000) (1024K)]
  0x000001af8b496e80 WorkerThread "GC Thread#2"                     [id=4860, stack(0x0000005e7ed00000,0x0000005e7ee00000) (1024K)]
  0x000001af8b497220 WorkerThread "GC Thread#3"                     [id=17512, stack(0x0000005e7ee00000,0x0000005e7ef00000) (1024K)]
  0x000001af8b4975c0 WorkerThread "GC Thread#4"                     [id=18588, stack(0x0000005e7ef00000,0x0000005e7f000000) (1024K)]
  0x000001af8b7445a0 WorkerThread "GC Thread#5"                     [id=20688, stack(0x0000005e7f000000,0x0000005e7f100000) (1024K)]
  0x000001af8b9bd6a0 WorkerThread "GC Thread#6"                     [id=8376, stack(0x0000005e7f100000,0x0000005e7f200000) (1024K)]
  0x000001af8b9bda40 WorkerThread "GC Thread#7"                     [id=1824, stack(0x0000005e7f200000,0x0000005e7f300000) (1024K)]
  0x000001af242ac2e0 ConcurrentGCThread "G1 Main Marker"            [id=5304, stack(0x0000005e7d900000,0x0000005e7da00000) (1024K)]
  0x000001af242accf0 WorkerThread "G1 Conc#0"                       [id=13052, stack(0x0000005e7da00000,0x0000005e7db00000) (1024K)]
  0x000001af242de9d0 ConcurrentGCThread "G1 Refine#0"               [id=14892, stack(0x0000005e7db00000,0x0000005e7dc00000) (1024K)]
  0x000001af45326170 ConcurrentGCThread "G1 Service"                [id=12480, stack(0x0000005e7dc00000,0x0000005e7dd00000) (1024K)]
Total: 14

Threads with active compile tasks:
C2 CompilerThread0   126187 3820       4       java.util.regex.Pattern$CharPropertyGreedy::match (160 bytes)
C1 CompilerThread0   126187 3821       3       org.apache.maven.model.Build::getExtensions (23 bytes)
Total: 2

VM state: synchronizing (normal execution)

VM Mutex/Monitor currently owned by a thread:  ([mutex/lock_event])
[0x00007ffb59b6de98] Threads_lock - owner thread: 0x000001af45389190

Heap address: 0x0000000704000000, size: 4032 MB, Compressed Oops mode: Zero based, Oop shift amount: 3

CDS archive(s) mapped at: [0x000001af46000000-0x000001af46c90000-0x000001af46c90000), size 13172736, SharedBaseAddress: 0x000001af46000000, ArchiveRelocationMode: 1.
Compressed class space mapped at: 0x000001af47000000-0x000001af87000000, reserved size: 1073741824
Narrow klass base: 0x000001af46000000, Narrow klass shift: 0, Narrow klass range: 0x100000000

GC Precious Log:
 CardTable entry size: 512
 Card Set container configuration: InlinePtr #cards 4 size 8 Array Of Cards #cards 16 size 48 Howl #buckets 8 coarsen threshold 3686 Howl Bitmap #cards 512 size 80 coarsen threshold 460 Card regions per heap region 1 cards per card region 4096
 CPUs: 8 total, 8 available
 Memory: 16126M
 Large Page Support: Disabled
 NUMA Support: Disabled
 Compressed Oops: Enabled (Zero based)
 Heap Region Size: 2M
 Heap Min Capacity: 8M
 Heap Initial Capacity: 252M
 Heap Max Capacity: 4032M
 Pre-touch: Disabled
 Parallel Workers: 8
 Concurrent Workers: 2
 Concurrent Refinement Workers: 8
 Periodic GC: Disabled

Heap:
 garbage-first heap   total 258048K, used 71415K [0x0000000704000000, 0x0000000800000000)
  region size 2048K, 35 young (71680K), 1 survivors (2048K)
 Metaspace       used 16631K, committed 16896K, reserved 1114112K
  class space    used 1909K, committed 2048K, reserved 1048576K

Heap Regions: E=young(eden), S=young(survivor), O=old, HS=humongous(starts), HC=humongous(continues), CS=collection set, F=free, TAMS=top-at-mark-start, PB=parsable bottom
|   0|0x0000000704000000, 0x0000000704200000, 0x0000000704200000|100%| O|  |TAMS 0x0000000704000000| PB 0x0000000704000000| Untracked 
|   1|0x0000000704200000, 0x0000000704400000, 0x0000000704400000|100%| O|  |TAMS 0x0000000704200000| PB 0x0000000704200000| Untracked 
|   2|0x0000000704400000, 0x000000070442f800, 0x0000000704600000|  9%| O|  |TAMS 0x0000000704400000| PB 0x0000000704400000| Untracked 
|   3|0x0000000704600000, 0x0000000704600000, 0x0000000704800000|  0%| F|  |TAMS 0x0000000704600000| PB 0x0000000704600000| Untracked 
|   4|0x0000000704800000, 0x0000000704800000, 0x0000000704a00000|  0%| F|  |TAMS 0x0000000704800000| PB 0x0000000704800000| Untracked 
|   5|0x0000000704a00000, 0x0000000704a00000, 0x0000000704c00000|  0%| F|  |TAMS 0x0000000704a00000| PB 0x0000000704a00000| Untracked 
|   6|0x0000000704c00000, 0x0000000704c00000, 0x0000000704e00000|  0%| F|  |TAMS 0x0000000704c00000| PB 0x0000000704c00000| Untracked 
|   7|0x0000000704e00000, 0x0000000704e00000, 0x0000000705000000|  0%| F|  |TAMS 0x0000000704e00000| PB 0x0000000704e00000| Untracked 
|   8|0x0000000705000000, 0x0000000705000000, 0x0000000705200000|  0%| F|  |TAMS 0x0000000705000000| PB 0x0000000705000000| Untracked 
|   9|0x0000000705200000, 0x0000000705200000, 0x0000000705400000|  0%| F|  |TAMS 0x0000000705200000| PB 0x0000000705200000| Untracked 
|  10|0x0000000705400000, 0x0000000705400000, 0x0000000705600000|  0%| F|  |TAMS 0x0000000705400000| PB 0x0000000705400000| Untracked 
|  11|0x0000000705600000, 0x0000000705600000, 0x0000000705800000|  0%| F|  |TAMS 0x0000000705600000| PB 0x0000000705600000| Untracked 
|  12|0x0000000705800000, 0x0000000705800000, 0x0000000705a00000|  0%| F|  |TAMS 0x0000000705800000| PB 0x0000000705800000| Untracked 
|  13|0x0000000705a00000, 0x0000000705a00000, 0x0000000705c00000|  0%| F|  |TAMS 0x0000000705a00000| PB 0x0000000705a00000| Untracked 
|  14|0x0000000705c00000, 0x0000000705c00000, 0x0000000705e00000|  0%| F|  |TAMS 0x0000000705c00000| PB 0x0000000705c00000| Untracked 
|  15|0x0000000705e00000, 0x0000000705e00000, 0x0000000706000000|  0%| F|  |TAMS 0x0000000705e00000| PB 0x0000000705e00000| Untracked 
|  16|0x0000000706000000, 0x0000000706000000, 0x0000000706200000|  0%| F|  |TAMS 0x0000000706000000| PB 0x0000000706000000| Untracked 
|  17|0x0000000706200000, 0x0000000706200000, 0x0000000706400000|  0%| F|  |TAMS 0x0000000706200000| PB 0x0000000706200000| Untracked 
|  18|0x0000000706400000, 0x0000000706400000, 0x0000000706600000|  0%| F|  |TAMS 0x0000000706400000| PB 0x0000000706400000| Untracked 
|  19|0x0000000706600000, 0x0000000706600000, 0x0000000706800000|  0%| F|  |TAMS 0x0000000706600000| PB 0x0000000706600000| Untracked 
|  20|0x0000000706800000, 0x0000000706800000, 0x0000000706a00000|  0%| F|  |TAMS 0x0000000706800000| PB 0x0000000706800000| Untracked 
|  21|0x0000000706a00000, 0x0000000706a00000, 0x0000000706c00000|  0%| F|  |TAMS 0x0000000706a00000| PB 0x0000000706a00000| Untracked 
|  22|0x0000000706c00000, 0x0000000706c00000, 0x0000000706e00000|  0%| F|  |TAMS 0x0000000706c00000| PB 0x0000000706c00000| Untracked 
|  23|0x0000000706e00000, 0x0000000706e00000, 0x0000000707000000|  0%| F|  |TAMS 0x0000000706e00000| PB 0x0000000706e00000| Untracked 
|  24|0x0000000707000000, 0x0000000707000000, 0x0000000707200000|  0%| F|  |TAMS 0x0000000707000000| PB 0x0000000707000000| Untracked 
|  25|0x0000000707200000, 0x0000000707200000, 0x0000000707400000|  0%| F|  |TAMS 0x0000000707200000| PB 0x0000000707200000| Untracked 
|  26|0x0000000707400000, 0x0000000707400000, 0x0000000707600000|  0%| F|  |TAMS 0x0000000707400000| PB 0x0000000707400000| Untracked 
|  27|0x0000000707600000, 0x0000000707600000, 0x0000000707800000|  0%| F|  |TAMS 0x0000000707600000| PB 0x0000000707600000| Untracked 
|  28|0x0000000707800000, 0x0000000707800000, 0x0000000707a00000|  0%| F|  |TAMS 0x0000000707800000| PB 0x0000000707800000| Untracked 
|  29|0x0000000707a00000, 0x0000000707a00000, 0x0000000707c00000|  0%| F|  |TAMS 0x0000000707a00000| PB 0x0000000707a00000| Untracked 
|  30|0x0000000707c00000, 0x0000000707c00000, 0x0000000707e00000|  0%| F|  |TAMS 0x0000000707c00000| PB 0x0000000707c00000| Untracked 
|  31|0x0000000707e00000, 0x0000000707e00000, 0x0000000708000000|  0%| F|  |TAMS 0x0000000707e00000| PB 0x0000000707e00000| Untracked 
|  32|0x0000000708000000, 0x0000000708000000, 0x0000000708200000|  0%| F|  |TAMS 0x0000000708000000| PB 0x0000000708000000| Untracked 
|  33|0x0000000708200000, 0x0000000708200000, 0x0000000708400000|  0%| F|  |TAMS 0x0000000708200000| PB 0x0000000708200000| Untracked 
|  34|0x0000000708400000, 0x0000000708400000, 0x0000000708600000|  0%| F|  |TAMS 0x0000000708400000| PB 0x0000000708400000| Untracked 
|  35|0x0000000708600000, 0x0000000708600000, 0x0000000708800000|  0%| F|  |TAMS 0x0000000708600000| PB 0x0000000708600000| Untracked 
|  36|0x0000000708800000, 0x0000000708800000, 0x0000000708a00000|  0%| F|  |TAMS 0x0000000708800000| PB 0x0000000708800000| Untracked 
|  37|0x0000000708a00000, 0x0000000708a00000, 0x0000000708c00000|  0%| F|  |TAMS 0x0000000708a00000| PB 0x0000000708a00000| Untracked 
|  38|0x0000000708c00000, 0x0000000708c00000, 0x0000000708e00000|  0%| F|  |TAMS 0x0000000708c00000| PB 0x0000000708c00000| Untracked 
|  39|0x0000000708e00000, 0x0000000708e00000, 0x0000000709000000|  0%| F|  |TAMS 0x0000000708e00000| PB 0x0000000708e00000| Untracked 
|  40|0x0000000709000000, 0x0000000709000000, 0x0000000709200000|  0%| F|  |TAMS 0x0000000709000000| PB 0x0000000709000000| Untracked 
|  41|0x0000000709200000, 0x0000000709200000, 0x0000000709400000|  0%| F|  |TAMS 0x0000000709200000| PB 0x0000000709200000| Untracked 
|  42|0x0000000709400000, 0x0000000709400000, 0x0000000709600000|  0%| F|  |TAMS 0x0000000709400000| PB 0x0000000709400000| Untracked 
|  43|0x0000000709600000, 0x0000000709600000, 0x0000000709800000|  0%| F|  |TAMS 0x0000000709600000| PB 0x0000000709600000| Untracked 
|  44|0x0000000709800000, 0x0000000709800000, 0x0000000709a00000|  0%| F|  |TAMS 0x0000000709800000| PB 0x0000000709800000| Untracked 
|  45|0x0000000709a00000, 0x0000000709a00000, 0x0000000709c00000|  0%| F|  |TAMS 0x0000000709a00000| PB 0x0000000709a00000| Untracked 
|  46|0x0000000709c00000, 0x0000000709c00000, 0x0000000709e00000|  0%| F|  |TAMS 0x0000000709c00000| PB 0x0000000709c00000| Untracked 
|  47|0x0000000709e00000, 0x0000000709e00000, 0x000000070a000000|  0%| F|  |TAMS 0x0000000709e00000| PB 0x0000000709e00000| Untracked 
|  48|0x000000070a000000, 0x000000070a000000, 0x000000070a200000|  0%| F|  |TAMS 0x000000070a000000| PB 0x000000070a000000| Untracked 
|  49|0x000000070a200000, 0x000000070a200000, 0x000000070a400000|  0%| F|  |TAMS 0x000000070a200000| PB 0x000000070a200000| Untracked 
|  50|0x000000070a400000, 0x000000070a400000, 0x000000070a600000|  0%| F|  |TAMS 0x000000070a400000| PB 0x000000070a400000| Untracked 
|  51|0x000000070a600000, 0x000000070a600000, 0x000000070a800000|  0%| F|  |TAMS 0x000000070a600000| PB 0x000000070a600000| Untracked 
|  52|0x000000070a800000, 0x000000070a800000, 0x000000070aa00000|  0%| F|  |TAMS 0x000000070a800000| PB 0x000000070a800000| Untracked 
|  53|0x000000070aa00000, 0x000000070aa00000, 0x000000070ac00000|  0%| F|  |TAMS 0x000000070aa00000| PB 0x000000070aa00000| Untracked 
|  54|0x000000070ac00000, 0x000000070ac00000, 0x000000070ae00000|  0%| F|  |TAMS 0x000000070ac00000| PB 0x000000070ac00000| Untracked 
|  55|0x000000070ae00000, 0x000000070ae00000, 0x000000070b000000|  0%| F|  |TAMS 0x000000070ae00000| PB 0x000000070ae00000| Untracked 
|  56|0x000000070b000000, 0x000000070b000000, 0x000000070b200000|  0%| F|  |TAMS 0x000000070b000000| PB 0x000000070b000000| Untracked 
|  57|0x000000070b200000, 0x000000070b200000, 0x000000070b400000|  0%| F|  |TAMS 0x000000070b200000| PB 0x000000070b200000| Untracked 
|  58|0x000000070b400000, 0x000000070b400000, 0x000000070b600000|  0%| F|  |TAMS 0x000000070b400000| PB 0x000000070b400000| Untracked 
|  59|0x000000070b600000, 0x000000070b600000, 0x000000070b800000|  0%| F|  |TAMS 0x000000070b600000| PB 0x000000070b600000| Untracked 
|  60|0x000000070b800000, 0x000000070b800000, 0x000000070ba00000|  0%| F|  |TAMS 0x000000070b800000| PB 0x000000070b800000| Untracked 
|  61|0x000000070ba00000, 0x000000070ba00000, 0x000000070bc00000|  0%| F|  |TAMS 0x000000070ba00000| PB 0x000000070ba00000| Untracked 
|  62|0x000000070bc00000, 0x000000070bc00000, 0x000000070be00000|  0%| F|  |TAMS 0x000000070bc00000| PB 0x000000070bc00000| Untracked 
|  63|0x000000070be00000, 0x000000070be00000, 0x000000070c000000|  0%| F|  |TAMS 0x000000070be00000| PB 0x000000070be00000| Untracked 
|  64|0x000000070c000000, 0x000000070c000000, 0x000000070c200000|  0%| F|  |TAMS 0x000000070c000000| PB 0x000000070c000000| Untracked 
|  65|0x000000070c200000, 0x000000070c200000, 0x000000070c400000|  0%| F|  |TAMS 0x000000070c200000| PB 0x000000070c200000| Untracked 
|  66|0x000000070c400000, 0x000000070c400000, 0x000000070c600000|  0%| F|  |TAMS 0x000000070c400000| PB 0x000000070c400000| Untracked 
|  67|0x000000070c600000, 0x000000070c600000, 0x000000070c800000|  0%| F|  |TAMS 0x000000070c600000| PB 0x000000070c600000| Untracked 
|  68|0x000000070c800000, 0x000000070c800000, 0x000000070ca00000|  0%| F|  |TAMS 0x000000070c800000| PB 0x000000070c800000| Untracked 
|  69|0x000000070ca00000, 0x000000070ca00000, 0x000000070cc00000|  0%| F|  |TAMS 0x000000070ca00000| PB 0x000000070ca00000| Untracked 
|  70|0x000000070cc00000, 0x000000070cc00000, 0x000000070ce00000|  0%| F|  |TAMS 0x000000070cc00000| PB 0x000000070cc00000| Untracked 
|  71|0x000000070ce00000, 0x000000070ce00000, 0x000000070d000000|  0%| F|  |TAMS 0x000000070ce00000| PB 0x000000070ce00000| Untracked 
|  72|0x000000070d000000, 0x000000070d000000, 0x000000070d200000|  0%| F|  |TAMS 0x000000070d000000| PB 0x000000070d000000| Untracked 
|  73|0x000000070d200000, 0x000000070d200000, 0x000000070d400000|  0%| F|  |TAMS 0x000000070d200000| PB 0x000000070d200000| Untracked 
|  74|0x000000070d400000, 0x000000070d400000, 0x000000070d600000|  0%| F|  |TAMS 0x000000070d400000| PB 0x000000070d400000| Untracked 
|  75|0x000000070d600000, 0x000000070d600000, 0x000000070d800000|  0%| F|  |TAMS 0x000000070d600000| PB 0x000000070d600000| Untracked 
|  76|0x000000070d800000, 0x000000070d800000, 0x000000070da00000|  0%| F|  |TAMS 0x000000070d800000| PB 0x000000070d800000| Untracked 
|  77|0x000000070da00000, 0x000000070da00000, 0x000000070dc00000|  0%| F|  |TAMS 0x000000070da00000| PB 0x000000070da00000| Untracked 
|  78|0x000000070dc00000, 0x000000070dc00000, 0x000000070de00000|  0%| F|  |TAMS 0x000000070dc00000| PB 0x000000070dc00000| Untracked 
|  79|0x000000070de00000, 0x000000070de00000, 0x000000070e000000|  0%| F|  |TAMS 0x000000070de00000| PB 0x000000070de00000| Untracked 
|  80|0x000000070e000000, 0x000000070e000000, 0x000000070e200000|  0%| F|  |TAMS 0x000000070e000000| PB 0x000000070e000000| Untracked 
|  81|0x000000070e200000, 0x000000070e200000, 0x000000070e400000|  0%| F|  |TAMS 0x000000070e200000| PB 0x000000070e200000| Untracked 
|  82|0x000000070e400000, 0x000000070e400000, 0x000000070e600000|  0%| F|  |TAMS 0x000000070e400000| PB 0x000000070e400000| Untracked 
|  83|0x000000070e600000, 0x000000070e600000, 0x000000070e800000|  0%| F|  |TAMS 0x000000070e600000| PB 0x000000070e600000| Untracked 
|  84|0x000000070e800000, 0x000000070e800000, 0x000000070ea00000|  0%| F|  |TAMS 0x000000070e800000| PB 0x000000070e800000| Untracked 
|  85|0x000000070ea00000, 0x000000070ea00000, 0x000000070ec00000|  0%| F|  |TAMS 0x000000070ea00000| PB 0x000000070ea00000| Untracked 
|  86|0x000000070ec00000, 0x000000070ec00000, 0x000000070ee00000|  0%| F|  |TAMS 0x000000070ec00000| PB 0x000000070ec00000| Untracked 
|  87|0x000000070ee00000, 0x000000070ee00000, 0x000000070f000000|  0%| F|  |TAMS 0x000000070ee00000| PB 0x000000070ee00000| Untracked 
|  88|0x000000070f000000, 0x000000070f000000, 0x000000070f200000|  0%| F|  |TAMS 0x000000070f000000| PB 0x000000070f000000| Untracked 
|  89|0x000000070f200000, 0x000000070f200000, 0x000000070f400000|  0%| F|  |TAMS 0x000000070f200000| PB 0x000000070f200000| Untracked 
|  90|0x000000070f400000, 0x000000070f400000, 0x000000070f600000|  0%| F|  |TAMS 0x000000070f400000| PB 0x000000070f400000| Untracked 
|  91|0x000000070f600000, 0x000000070f73bbc0, 0x000000070f800000| 61%| E|  |TAMS 0x000000070f600000| PB 0x000000070f600000| Complete 
|  92|0x000000070f800000, 0x000000070fa00000, 0x000000070fa00000|100%| E|CS|TAMS 0x000000070f800000| PB 0x000000070f800000| Complete 
|  93|0x000000070fa00000, 0x000000070fc00000, 0x000000070fc00000|100%| E|CS|TAMS 0x000000070fa00000| PB 0x000000070fa00000| Complete 
|  94|0x000000070fc00000, 0x000000070fe00000, 0x000000070fe00000|100%| E|CS|TAMS 0x000000070fc00000| PB 0x000000070fc00000| Complete 
|  95|0x000000070fe00000, 0x0000000710000000, 0x0000000710000000|100%| E|CS|TAMS 0x000000070fe00000| PB 0x000000070fe00000| Complete 
|  96|0x0000000710000000, 0x0000000710200000, 0x0000000710200000|100%| E|CS|TAMS 0x0000000710000000| PB 0x0000000710000000| Complete 
|  97|0x0000000710200000, 0x0000000710400000, 0x0000000710400000|100%| E|CS|TAMS 0x0000000710200000| PB 0x0000000710200000| Complete 
|  98|0x0000000710400000, 0x0000000710600000, 0x0000000710600000|100%| E|CS|TAMS 0x0000000710400000| PB 0x0000000710400000| Complete 
|  99|0x0000000710600000, 0x0000000710800000, 0x0000000710800000|100%| E|CS|TAMS 0x0000000710600000| PB 0x0000000710600000| Complete 
| 100|0x0000000710800000, 0x0000000710a00000, 0x0000000710a00000|100%| E|CS|TAMS 0x0000000710800000| PB 0x0000000710800000| Complete 
| 101|0x0000000710a00000, 0x0000000710c00000, 0x0000000710c00000|100%| E|CS|TAMS 0x0000000710a00000| PB 0x0000000710a00000| Complete 
| 102|0x0000000710c00000, 0x0000000710e00000, 0x0000000710e00000|100%| E|CS|TAMS 0x0000000710c00000| PB 0x0000000710c00000| Complete 
| 103|0x0000000710e00000, 0x0000000711000000, 0x0000000711000000|100%| E|CS|TAMS 0x0000000710e00000| PB 0x0000000710e00000| Complete 
| 104|0x0000000711000000, 0x0000000711200000, 0x0000000711200000|100%| E|CS|TAMS 0x0000000711000000| PB 0x0000000711000000| Complete 
| 105|0x0000000711200000, 0x0000000711400000, 0x0000000711400000|100%| E|CS|TAMS 0x0000000711200000| PB 0x0000000711200000| Complete 
| 106|0x0000000711400000, 0x0000000711600000, 0x0000000711600000|100%| E|CS|TAMS 0x0000000711400000| PB 0x0000000711400000| Complete 
| 107|0x0000000711600000, 0x0000000711800000, 0x0000000711800000|100%| E|CS|TAMS 0x0000000711600000| PB 0x0000000711600000| Complete 
| 108|0x0000000711800000, 0x000000071198e648, 0x0000000711a00000| 77%| S|CS|TAMS 0x0000000711800000| PB 0x0000000711800000| Complete 
| 109|0x0000000711a00000, 0x0000000711c00000, 0x0000000711c00000|100%| E|CS|TAMS 0x0000000711a00000| PB 0x0000000711a00000| Complete 
| 110|0x0000000711c00000, 0x0000000711e00000, 0x0000000711e00000|100%| E|CS|TAMS 0x0000000711c00000| PB 0x0000000711c00000| Complete 
| 111|0x0000000711e00000, 0x0000000712000000, 0x0000000712000000|100%| E|CS|TAMS 0x0000000711e00000| PB 0x0000000711e00000| Complete 
| 112|0x0000000712000000, 0x0000000712200000, 0x0000000712200000|100%| E|CS|TAMS 0x0000000712000000| PB 0x0000000712000000| Complete 
| 113|0x0000000712200000, 0x0000000712400000, 0x0000000712400000|100%| E|CS|TAMS 0x0000000712200000| PB 0x0000000712200000| Complete 
| 114|0x0000000712400000, 0x0000000712600000, 0x0000000712600000|100%| E|CS|TAMS 0x0000000712400000| PB 0x0000000712400000| Complete 
| 115|0x0000000712600000, 0x0000000712800000, 0x0000000712800000|100%| E|CS|TAMS 0x0000000712600000| PB 0x0000000712600000| Complete 
| 116|0x0000000712800000, 0x0000000712a00000, 0x0000000712a00000|100%| E|CS|TAMS 0x0000000712800000| PB 0x0000000712800000| Complete 
| 117|0x0000000712a00000, 0x0000000712c00000, 0x0000000712c00000|100%| E|CS|TAMS 0x0000000712a00000| PB 0x0000000712a00000| Complete 
| 118|0x0000000712c00000, 0x0000000712e00000, 0x0000000712e00000|100%| E|CS|TAMS 0x0000000712c00000| PB 0x0000000712c00000| Complete 
| 119|0x0000000712e00000, 0x0000000713000000, 0x0000000713000000|100%| E|CS|TAMS 0x0000000712e00000| PB 0x0000000712e00000| Complete 
| 120|0x0000000713000000, 0x0000000713200000, 0x0000000713200000|100%| E|CS|TAMS 0x0000000713000000| PB 0x0000000713000000| Complete 
| 121|0x0000000713200000, 0x0000000713400000, 0x0000000713400000|100%| E|CS|TAMS 0x0000000713200000| PB 0x0000000713200000| Complete 
| 122|0x0000000713400000, 0x0000000713600000, 0x0000000713600000|100%| E|CS|TAMS 0x0000000713400000| PB 0x0000000713400000| Complete 
| 123|0x0000000713600000, 0x0000000713800000, 0x0000000713800000|100%| E|CS|TAMS 0x0000000713600000| PB 0x0000000713600000| Complete 
| 124|0x0000000713800000, 0x0000000713a00000, 0x0000000713a00000|100%| E|  |TAMS 0x0000000713800000| PB 0x0000000713800000| Complete 
| 125|0x0000000713a00000, 0x0000000713c00000, 0x0000000713c00000|100%| E|CS|TAMS 0x0000000713a00000| PB 0x0000000713a00000| Complete 

Card table byte_map: [0x000001af3e360000,0x000001af3eb40000] _byte_map_base: 0x000001af3ab40000

Marking Bits: (CMBitMap*) 0x000001af2429be00
 Bits: [0x000001af3eb40000, 0x000001af42a40000)

Polling page: 0x000001af24340000

Metaspace:

Usage:
  Non-class:     14.38 MB used.
      Class:      1.87 MB used.
       Both:     16.24 MB used.

Virtual space:
  Non-class space:       64.00 MB reserved,      14.50 MB ( 23%) committed,  1 nodes.
      Class space:        1.00 GB reserved,       2.00 MB ( <1%) committed,  1 nodes.
             Both:        1.06 GB reserved,      16.50 MB (  2%) committed. 

Chunk freelists:
   Non-Class:  576.00 KB
       Class:  13.91 MB
        Both:  14.47 MB

MaxMetaspaceSize: unlimited
CompressedClassSpaceSize: 1.00 GB
Initial GC threshold: 21.00 MB
Current GC threshold: 21.00 MB
CDS: on
 - commit_granule_bytes: 65536.
 - commit_granule_words: 8192.
 - virtual_space_node_default_size: 8388608.
 - enlarge_chunks_in_place: 1.
 - use_allocation_guard: 0.


Internal statistics:

num_allocs_failed_limit: 0.
num_arena_births: 174.
num_arena_deaths: 0.
num_vsnodes_births: 2.
num_vsnodes_deaths: 0.
num_space_committed: 264.
num_space_uncommitted: 0.
num_chunks_returned_to_freelist: 0.
num_chunks_taken_from_freelist: 709.
num_chunk_merges: 0.
num_chunk_splits: 490.
num_chunks_enlarged: 401.
num_inconsistent_stats: 0.

CodeHeap 'non-profiled nmethods': size=120000Kb used=1817Kb max_used=1817Kb free=118182Kb
 bounds [0x000001af35bf0000, 0x000001af35e60000, 0x000001af3d120000]
CodeHeap 'profiled nmethods': size=120000Kb used=7674Kb max_used=7674Kb free=112325Kb
 bounds [0x000001af2e120000, 0x000001af2e8a0000, 0x000001af35650000]
CodeHeap 'non-nmethods': size=5760Kb used=1564Kb max_used=1594Kb free=4195Kb
 bounds [0x000001af35650000, 0x000001af358c0000, 0x000001af35bf0000]
 total_blobs=4319 nmethods=3812 adapters=410
 compilation: enabled
              stopped_count=0, restarted_count=0
 full_count=0

Compilation events (20 events):
Event: 121.506 Thread 0x000001af453b34a0 3807       3       org.slf4j.impl.SimpleLogger::trace (9 bytes)
Event: 121.506 Thread 0x000001af453b34a0 nmethod 3807 0x000001af2e899410 code [0x000001af2e8995c0, 0x000001af2e899718]
Event: 121.506 Thread 0x000001af453b34a0 3808       3       org.eclipse.aether.internal.impl.filter.RemoteRepositoryFilterSourceSupport::isEnabled (35 bytes)
Event: 121.506 Thread 0x000001af453b34a0 nmethod 3808 0x000001af2e899810 code [0x000001af2e899a60, 0x000001af2e89a2a8]
Event: 122.012 Thread 0x000001af453b34a0 3809       3       java.util.AbstractMap$2$1::hasNext (10 bytes)
Event: 122.013 Thread 0x000001af453b34a0 nmethod 3809 0x000001af2e89a610 code [0x000001af2e89a7c0, 0x000001af2e89a9a0]
Event: 122.013 Thread 0x000001af453b34a0 3811   !   3       org.eclipse.aether.internal.impl.synccontext.named.NamedLockFactoryAdapter$AdaptedLockSyncContext::closeAll (136 bytes)
Event: 122.017 Thread 0x000001af453b0a00 3812       4       java.lang.String::codePointAt (50 bytes)
Event: 123.089 Thread 0x000001af453b0a00 nmethod 3812 0x000001af35db5590 code [0x000001af35db5720, 0x000001af35db5840]
Event: 123.090 Thread 0x000001af453b34a0 nmethod 3811 0x000001af2e89aa90 code [0x000001af2e89ae40, 0x000001af2e89cd18]
Event: 123.107 Thread 0x000001af453b0a00 3816       4       java.lang.String::indexOf (37 bytes)
Event: 123.108 Thread 0x000001af453b34a0 3818       3       java.util.HashMap$Node::hashCode (16 bytes)
Event: 123.108 Thread 0x000001af453b34a0 nmethod 3818 0x000001af2e89d690 code [0x000001af2e89d860, 0x000001af2e89dc70]
Event: 123.109 Thread 0x000001af453b0a00 nmethod 3816 0x000001af35db5990 code [0x000001af35db5b40, 0x000001af35db5e10]
Event: 123.109 Thread 0x000001af453b0a00 3817       4       java.util.HashMap$EntryIterator::next (5 bytes)
Event: 123.114 Thread 0x000001af453b0a00 nmethod 3817 0x000001af35db5f90 code [0x000001af35db6140, 0x000001af35db6590]
Event: 123.120 Thread 0x000001af453b34a0 3819       3       java.util.TreeMap::addEntryToEmptyMap (37 bytes)
Event: 123.120 Thread 0x000001af453b34a0 nmethod 3819 0x000001af2e89dd90 code [0x000001af2e89df80, 0x000001af2e89e680]
Event: 123.169 Thread 0x000001af453b0a00 3820       4       java.util.regex.Pattern$CharPropertyGreedy::match (160 bytes)
Event: 124.184 Thread 0x000001af453b34a0 3821       3       org.apache.maven.model.Build::getExtensions (23 bytes)

GC Heap History (4 events):
Event: 9.504 GC heap before
{Heap before GC invocations=0 (full 0):
 garbage-first heap   total 258048K, used 22528K [0x0000000704000000, 0x0000000800000000)
  region size 2048K, 11 young (22528K), 0 survivors (0K)
 Metaspace       used 6287K, committed 6528K, reserved 1114112K
  class space    used 699K, committed 832K, reserved 1048576K
}
Event: 9.631 GC heap after
{Heap after GC invocations=1 (full 0):
 garbage-first heap   total 258048K, used 4185K [0x0000000704000000, 0x0000000800000000)
  region size 2048K, 2 young (4096K), 2 survivors (4096K)
 Metaspace       used 6287K, committed 6528K, reserved 1114112K
  class space    used 699K, committed 832K, reserved 1048576K
}
Event: 23.613 GC heap before
{Heap before GC invocations=1 (full 0):
 garbage-first heap   total 258048K, used 34905K [0x0000000704000000, 0x0000000800000000)
  region size 2048K, 17 young (34816K), 2 survivors (4096K)
 Metaspace       used 9674K, committed 9856K, reserved 1114112K
  class space    used 1115K, committed 1216K, reserved 1048576K
}
Event: 23.618 GC heap after
{Heap after GC invocations=2 (full 0):
 garbage-first heap   total 258048K, used 5879K [0x0000000704000000, 0x0000000800000000)
  region size 2048K, 1 young (2048K), 1 survivors (2048K)
 Metaspace       used 9674K, committed 9856K, reserved 1114112K
  class space    used 1115K, committed 1216K, reserved 1048576K
}

Dll operation events (12 events):
Event: 0.034 Loaded shared library C:\Program Files\Java\jdk-21.0.6\bin\java.dll
Event: 0.170 Loaded shared library C:\Program Files\Java\jdk-21.0.6\bin\jsvml.dll
Event: 0.281 Loaded shared library C:\Program Files\Java\jdk-21.0.6\bin\zip.dll
Event: 0.291 Loaded shared library C:\Program Files\Java\jdk-21.0.6\bin\instrument.dll
Event: 0.312 Loaded shared library C:\Program Files\Java\jdk-21.0.6\bin\net.dll
Event: 0.328 Loaded shared library C:\Program Files\Java\jdk-21.0.6\bin\nio.dll
Event: 0.335 Loaded shared library C:\Program Files\Java\jdk-21.0.6\bin\zip.dll
Event: 0.552 Loaded shared library C:\Program Files\JetBrains\IntelliJ IDEA 2023.3.4\bin\breakgen64.dll
Event: 0.576 Loaded shared library C:\Program Files\Java\jdk-21.0.6\bin\extnet.dll
Event: 1.123 Loaded shared library C:\Program Files\Java\jdk-21.0.6\bin\jimage.dll
Event: 6.912 Loaded shared library C:\Users\DELL\AppData\Local\Temp\jansi-2.4.1-bf3945e07eb0f999-jansi.dll
Event: 6.933 Loaded shared library C:\Program Files\Java\jdk-21.0.6\bin\verify.dll

Deoptimization events (20 events):
Event: 121.498 Thread 0x000001af24234420 Uncommon trap: trap_request=0xffffff45 fr.pc=0x000001af35d46614 relative=0x0000000000000854
Event: 121.498 Thread 0x000001af24234420 Uncommon trap: reason=unstable_if action=reinterpret pc=0x000001af35d46614 method=java.util.HashMap.putVal(ILjava/lang/Object;Ljava/lang/Object;ZZ)Ljava/lang/Object; @ 94 c2
Event: 121.498 Thread 0x000001af24234420 DEOPT PACKING pc=0x000001af35d46614 sp=0x0000005e7d7fdcc0
Event: 121.498 Thread 0x000001af24234420 DEOPT UNPACKING pc=0x000001af356a7da2 sp=0x0000005e7d7fdc88 mode 2
Event: 121.505 Thread 0x000001af24234420 Uncommon trap: trap_request=0xffffffbe fr.pc=0x000001af35dae818 relative=0x0000000000000c78
Event: 121.505 Thread 0x000001af24234420 Uncommon trap: reason=profile_predicate action=maybe_recompile pc=0x000001af35dae818 method=java.util.regex.Pattern$CharPropertyGreedy.match(Ljava/util/regex/Matcher;ILjava/lang/CharSequence;)Z @ 15 c2
Event: 121.505 Thread 0x000001af24234420 DEOPT PACKING pc=0x000001af35dae818 sp=0x0000005e7d7fd6b0
Event: 121.505 Thread 0x000001af24234420 DEOPT UNPACKING pc=0x000001af356a7da2 sp=0x0000005e7d7fd640 mode 2
Event: 121.505 Thread 0x000001af24234420 Uncommon trap: trap_request=0xffffffbe fr.pc=0x000001af35dae818 relative=0x0000000000000c78
Event: 121.505 Thread 0x000001af24234420 Uncommon trap: reason=profile_predicate action=maybe_recompile pc=0x000001af35dae818 method=java.util.regex.Pattern$CharPropertyGreedy.match(Ljava/util/regex/Matcher;ILjava/lang/CharSequence;)Z @ 15 c2
Event: 121.505 Thread 0x000001af24234420 DEOPT PACKING pc=0x000001af35dae818 sp=0x0000005e7d7fd290
Event: 121.505 Thread 0x000001af24234420 DEOPT UNPACKING pc=0x000001af356a7da2 sp=0x0000005e7d7fd220 mode 2
Event: 121.506 Thread 0x000001af24234420 Uncommon trap: trap_request=0xffffffbe fr.pc=0x000001af35dae818 relative=0x0000000000000c78
Event: 121.506 Thread 0x000001af24234420 Uncommon trap: reason=profile_predicate action=maybe_recompile pc=0x000001af35dae818 method=java.util.regex.Pattern$CharPropertyGreedy.match(Ljava/util/regex/Matcher;ILjava/lang/CharSequence;)Z @ 15 c2
Event: 121.506 Thread 0x000001af24234420 DEOPT PACKING pc=0x000001af35dae818 sp=0x0000005e7d7fd3b0
Event: 121.506 Thread 0x000001af24234420 DEOPT UNPACKING pc=0x000001af356a7da2 sp=0x0000005e7d7fd340 mode 2
Event: 121.506 Thread 0x000001af24234420 Uncommon trap: trap_request=0xffffffbe fr.pc=0x000001af35dae818 relative=0x0000000000000c78
Event: 121.506 Thread 0x000001af24234420 Uncommon trap: reason=profile_predicate action=maybe_recompile pc=0x000001af35dae818 method=java.util.regex.Pattern$CharPropertyGreedy.match(Ljava/util/regex/Matcher;ILjava/lang/CharSequence;)Z @ 15 c2
Event: 121.506 Thread 0x000001af24234420 DEOPT PACKING pc=0x000001af35dae818 sp=0x0000005e7d7fd260
Event: 121.506 Thread 0x000001af24234420 DEOPT UNPACKING pc=0x000001af356a7da2 sp=0x0000005e7d7fd1f0 mode 2

Classes loaded (20 events):
Event: 56.191 Loading class sun/util/resources/LocaleData$CommonResourceBundleProvider
Event: 56.191 Loading class sun/util/resources/LocaleData$LocaleDataResourceBundleProvider
Event: 56.191 Loading class java/util/spi/ResourceBundleProvider
Event: 56.191 Loading class java/util/spi/ResourceBundleProvider done
Event: 56.191 Loading class sun/util/resources/LocaleData$LocaleDataResourceBundleProvider done
Event: 56.191 Loading class sun/util/resources/LocaleData$CommonResourceBundleProvider done
Event: 56.192 Loading class sun/util/resources/Bundles$2
Event: 56.192 Loading class sun/util/resources/Bundles$2 done
Event: 57.043 Loading class java/util/stream/Streams$RangeIntSpliterator
Event: 57.043 Loading class java/util/stream/Streams$RangeIntSpliterator done
Event: 102.677 Loading class java/util/stream/MatchOps$MatchKind
Event: 102.681 Loading class java/util/stream/MatchOps$MatchKind done
Event: 102.681 Loading class java/util/stream/MatchOps
Event: 102.682 Loading class java/util/stream/MatchOps done
Event: 102.682 Loading class java/util/stream/MatchOps$MatchOp
Event: 102.682 Loading class java/util/stream/MatchOps$MatchOp done
Event: 102.689 Loading class java/util/stream/MatchOps$BooleanTerminalSink
Event: 102.690 Loading class java/util/stream/MatchOps$BooleanTerminalSink done
Event: 102.700 Loading class java/util/stream/MatchOps$1MatchSink
Event: 102.700 Loading class java/util/stream/MatchOps$1MatchSink done

Classes unloaded (0 events):
No events

Classes redefined (0 events):
No events

Internal exceptions (20 events):
Event: 28.942 Thread 0x000001af24234420 Exception <a 'java/lang/ExceptionInInitializerError'{0x00000007132f9ad0}> (0x00000007132f9ad0) 
thrown [s\open\src\hotspot\share\oops\instanceKlass.cpp, line 1192]
Event: 29.588 Thread 0x000001af24234420 Exception <a 'java/lang/NoSuchMethodError'{0x00000007130402b0}: 'long java.lang.invoke.DirectMethodHandle$Holder.invokeStatic(java.lang.Object, java.lang.Object, int)'> (0x00000007130402b0) 
thrown [s\open\src\hotspot\share\interpreter\linkResolver.cpp, line 773]
Event: 30.481 Thread 0x000001af24234420 Exception <a 'java/lang/NoSuchMethodError'{0x0000000713053388}: 'java.lang.Object java.lang.invoke.DirectMethodHandle$Holder.invokeStatic(java.lang.Object, java.lang.Object, java.lang.Object, java.lang.Object, int)'> (0x0000000713053388) 
thrown [s\open\src\hotspot\share\interpreter\linkResolver.cpp, line 773]
Event: 30.484 Thread 0x000001af24234420 Exception <a 'java/lang/NoSuchMethodError'{0x000000071305b2c0}: 'java.lang.Object java.lang.invoke.DirectMethodHandle$Holder.invokeSpecial(java.lang.Object, java.lang.Object, java.lang.Object, java.lang.Object, long)'> (0x000000071305b2c0) 
thrown [s\open\src\hotspot\share\interpreter\linkResolver.cpp, line 773]
Event: 30.488 Thread 0x000001af24234420 Exception <a 'java/lang/NoSuchMethodError'{0x0000000713066de0}: 'java.lang.Object java.lang.invoke.DirectMethodHandle$Holder.invokeSpecial(java.lang.Object, java.lang.Object, java.lang.Object, int, java.lang.Object)'> (0x0000000713066de0) 
thrown [s\open\src\hotspot\share\interpreter\linkResolver.cpp, line 773]
Event: 30.490 Thread 0x000001af24234420 Exception <a 'java/lang/NoSuchMethodError'{0x000000071306ef20}: 'int java.lang.invoke.DirectMethodHandle$Holder.invokeSpecial(java.lang.Object, java.lang.Object, java.lang.Object, int)'> (0x000000071306ef20) 
thrown [s\open\src\hotspot\share\interpreter\linkResolver.cpp, line 773]
Event: 30.495 Thread 0x000001af24234420 Implicit null exception at 0x000001af35c9505a to 0x000001af35c95254
Event: 30.499 Thread 0x000001af24234420 Exception <a 'java/lang/NoSuchMethodError'{0x0000000713093a98}: 'java.lang.Object java.lang.invoke.Invokers$Holder.invokeExact_MT(java.lang.Object, int, java.lang.Object)'> (0x0000000713093a98) 
thrown [s\open\src\hotspot\share\interpreter\linkResolver.cpp, line 773]
Event: 35.847 Thread 0x000001af24234420 Exception <a 'java/lang/NoSuchMethodError'{0x00000007128dbbf0}: 'void java.lang.invoke.Invokers$Holder.invokeExact_MT(java.lang.Object, java.lang.Object, java.lang.Object, java.lang.Object)'> (0x00000007128dbbf0) 
thrown [s\open\src\hotspot\share\interpreter\linkResolver.cpp, line 773]
Event: 36.954 Thread 0x000001af24234420 Exception <a 'java/lang/NoClassDefFoundError'{0x0000000712971858}: com/google/inject/servlet/ServletModuleTargetVisitor> (0x0000000712971858) 
thrown [s\open\src\hotspot\share\classfile\systemDictionary.cpp, line 301]
Event: 41.387 Thread 0x000001af24234420 Exception <a 'java/lang/NoSuchMethodError'{0x0000000712420d50}: 'void java.lang.invoke.DirectMethodHandle$Holder.invokeVirtual(java.lang.Object, java.lang.Object)'> (0x0000000712420d50) 
thrown [s\open\src\hotspot\share\interpreter\linkResolver.cpp, line 773]
Event: 42.594 Thread 0x000001af24234420 Exception <a 'java/lang/NoSuchMethodError'{0x00000007124af988}: 'java.lang.Object java.lang.invoke.DirectMethodHandle$Holder.invokeStaticInit(java.lang.Object, int, int, int, int)'> (0x00000007124af988) 
thrown [s\open\src\hotspot\share\interpreter\linkResolver.cpp, line 773]
Event: 49.454 Thread 0x000001af24234420 Implicit null exception at 0x000001af35c7cb24 to 0x000001af35c7d204
Event: 49.454 Thread 0x000001af24234420 Implicit null exception at 0x000001af35c36ba0 to 0x000001af35c37274
Event: 55.081 Thread 0x000001af24234420 Exception <a 'java/lang/NoSuchMethodError'{0x0000000711f00c38}: 'void java.lang.invoke.DirectMethodHandle$Holder.invokeSpecial(java.lang.Object, java.lang.Object, java.lang.Object, java.lang.Object, java.lang.Object)'> (0x0000000711f00c38) 
thrown [s\open\src\hotspot\share\interpreter\linkResolver.cpp, line 773]
Event: 55.085 Thread 0x000001af24234420 Exception <a 'java/lang/NoSuchMethodError'{0x0000000711f16b88}: 'void java.lang.invoke.DirectMethodHandle$Holder.invokeSpecial(java.lang.Object, java.lang.Object, java.lang.Object, java.lang.Object, java.lang.Object, java.lang.Object)'> (0x0000000711f16b88) 
thrown [s\open\src\hotspot\share\interpreter\linkResolver.cpp, line 773]
Event: 55.133 Thread 0x000001af24234420 Exception <a 'java/lang/NoSuchMethodError'{0x0000000711c0e4d8}: 'java.lang.Object java.lang.invoke.DirectMethodHandle$Holder.invokeVirtual(java.lang.Object, java.lang.Object, java.lang.Object)'> (0x0000000711c0e4d8) 
thrown [s\open\src\hotspot\share\interpreter\linkResolver.cpp, line 773]
Event: 56.262 Thread 0x000001af24234420 Exception <a 'java/lang/NoSuchMethodError'{0x0000000711deb0c8}: 'void java.lang.invoke.DirectMethodHandle$Holder.invokeVirtual(java.lang.Object, java.lang.Object, int)'> (0x0000000711deb0c8) 
thrown [s\open\src\hotspot\share\interpreter\linkResolver.cpp, line 773]
Event: 56.263 Thread 0x000001af24234420 Exception <a 'java/lang/NoSuchMethodError'{0x0000000711deee78}: 'void java.lang.invoke.DirectMethodHandle$Holder.invokeSpecial(java.lang.Object, java.lang.Object, java.lang.Object, int)'> (0x0000000711deee78) 
thrown [s\open\src\hotspot\share\interpreter\linkResolver.cpp, line 773]
Event: 56.263 Thread 0x000001af24234420 Exception <a 'java/lang/NoSuchMethodError'{0x0000000711df2548}: 'void java.lang.invoke.DelegatingMethodHandle$Holder.reinvoke_L(java.lang.Object, java.lang.Object, int)'> (0x0000000711df2548) 
thrown [s\open\src\hotspot\share\interpreter\linkResolver.cpp, line 773]

ZGC Phase Switch (0 events):
No events

VM Operations (20 events):
Event: 107.322 Executing VM operation: Cleanup done
Event: 108.332 Executing VM operation: Cleanup
Event: 109.034 Executing VM operation: Cleanup done
Event: 110.043 Executing VM operation: Cleanup
Event: 110.043 Executing VM operation: Cleanup done
Event: 113.075 Executing VM operation: Cleanup
Event: 113.094 Executing VM operation: Cleanup done
Event: 114.117 Executing VM operation: Cleanup
Event: 114.121 Executing VM operation: Cleanup done
Event: 115.124 Executing VM operation: Cleanup
Event: 115.125 Executing VM operation: Cleanup done
Event: 120.136 Executing VM operation: Cleanup
Event: 120.372 Executing VM operation: Cleanup done
Event: 121.384 Executing VM operation: Cleanup
Event: 121.384 Executing VM operation: Cleanup done
Event: 122.395 Executing VM operation: Cleanup
Event: 123.104 Executing VM operation: Cleanup done
Event: 124.104 Executing VM operation: Cleanup
Event: 124.104 Executing VM operation: Cleanup done
Event: 125.113 Executing VM operation: Cleanup

Events (20 events):
Event: 7.368 Thread 0x000001af4574fe40 Thread added: 0x000001af4574fe40
Event: 7.563 Thread 0x000001af4574fe40 Thread exited: 0x000001af4574fe40
Event: 9.413 Thread 0x000001af8b6f8940 Thread added: 0x000001af8b6f8940
Event: 10.191 Thread 0x000001af8b6f8940 Thread exited: 0x000001af8b6f8940
Event: 10.216 Thread 0x000001af8b6f8940 Thread added: 0x000001af8b6f8940
Event: 10.222 Thread 0x000001af8b78f280 Thread added: 0x000001af8b78f280
Event: 10.493 Thread 0x000001af8b78f280 Thread exited: 0x000001af8b78f280
Event: 10.528 Thread 0x000001af8b6f8940 Thread exited: 0x000001af8b6f8940
Event: 29.237 Thread 0x000001af8b030800 Thread exited: 0x000001af8b030800
Event: 46.450 Thread 0x000001af8baa19f0 Thread added: 0x000001af8baa19f0
Event: 55.123 Thread 0x000001af8ba88240 Thread added: 0x000001af8ba88240
Event: 56.173 Thread 0x000001af8ba88240 Thread exited: 0x000001af8ba88240
Event: 57.030 Thread 0x000001af8bb442b0 Thread added: 0x000001af8bb442b0
Event: 57.050 Thread 0x000001af8bb44c60 Thread added: 0x000001af8bb44c60
Event: 62.266 Thread 0x000001af8bb44c60 Thread exited: 0x000001af8bb44c60
Event: 62.266 Thread 0x000001af8bb442b0 Thread exited: 0x000001af8bb442b0
Event: 119.300 Thread 0x000001af8be29a00 Thread added: 0x000001af8be29a00
Event: 119.331 Thread 0x000001af8be2a0a0 Thread added: 0x000001af8be2a0a0
Event: 122.012 Thread 0x000001af8be2a0a0 Thread exited: 0x000001af8be2a0a0
Event: 122.012 Thread 0x000001af8be29a00 Thread exited: 0x000001af8be29a00


Dynamic libraries:
0x00007ff7e26f0000 - 0x00007ff7e2700000 	C:\Program Files\Java\jdk-21.0.6\bin\java.exe
0x00007ffbc1e40000 - 0x00007ffbc20a0000 	C:\WINDOWS\SYSTEM32\ntdll.dll
0x00007ffbc0980000 - 0x00007ffbc0a47000 	C:\WINDOWS\System32\KERNEL32.DLL
0x00007ffbbf020000 - 0x00007ffbbf3ea000 	C:\WINDOWS\System32\KERNELBASE.dll
0x00007ffbbf810000 - 0x00007ffbbf95b000 	C:\WINDOWS\System32\ucrtbase.dll
0x00007ffba0ac0000 - 0x00007ffba0adb000 	C:\Program Files\Java\jdk-21.0.6\bin\VCRUNTIME140.dll
0x00007ffb815c0000 - 0x00007ffb815d9000 	C:\Program Files\Java\jdk-21.0.6\bin\jli.dll
0x00007ffbc0450000 - 0x00007ffbc0502000 	C:\WINDOWS\System32\ADVAPI32.dll
0x00007ffbc02c0000 - 0x00007ffbc0369000 	C:\WINDOWS\System32\msvcrt.dll
0x00007ffbbff10000 - 0x00007ffbbffb6000 	C:\WINDOWS\System32\sechost.dll
0x00007ffbc0860000 - 0x00007ffbc0976000 	C:\WINDOWS\System32\RPCRT4.dll
0x00007ffbbfc40000 - 0x00007ffbbfe0c000 	C:\WINDOWS\System32\USER32.dll
0x00007ffbbf3f0000 - 0x00007ffbbf417000 	C:\WINDOWS\System32\win32u.dll
0x00007ffbc18f0000 - 0x00007ffbc191a000 	C:\WINDOWS\System32\GDI32.dll
0x00007ffbbf620000 - 0x00007ffbbf751000 	C:\WINDOWS\System32\gdi32full.dll
0x00007ffbbf760000 - 0x00007ffbbf803000 	C:\WINDOWS\System32\msvcp_win.dll
0x00007ffba5240000 - 0x00007ffba54d7000 	C:\WINDOWS\WinSxS\amd64_microsoft.windows.common-controls_6595b64144ccf1df_6.0.26100.3624_none_3e086962e3345f24\COMCTL32.dll
0x00007ffbaee60000 - 0x00007ffbaee6b000 	C:\WINDOWS\SYSTEM32\VERSION.dll
0x00007ffbc0820000 - 0x00007ffbc084f000 	C:\WINDOWS\System32\IMM32.DLL
0x00007ffbb0a50000 - 0x00007ffbb0a5c000 	C:\Program Files\Java\jdk-21.0.6\bin\vcruntime140_1.dll
0x00007ffb77ad0000 - 0x00007ffb77b5e000 	C:\Program Files\Java\jdk-21.0.6\bin\msvcp140.dll
0x00007ffb58f30000 - 0x00007ffb59c4a000 	C:\Program Files\Java\jdk-21.0.6\bin\server\jvm.dll
0x00007ffbc0b30000 - 0x00007ffbc0ba4000 	C:\WINDOWS\System32\WS2_32.dll
0x00007ffbbe6d0000 - 0x00007ffbbe72e000 	C:\WINDOWS\SYSTEM32\POWRPROF.dll
0x00007ffbb7340000 - 0x00007ffbb7376000 	C:\WINDOWS\SYSTEM32\WINMM.dll
0x00007ffbbe6b0000 - 0x00007ffbbe6c4000 	C:\WINDOWS\SYSTEM32\UMPDC.dll
0x00007ffbbdd90000 - 0x00007ffbbddaa000 	C:\WINDOWS\SYSTEM32\kernel.appcore.dll
0x00007ffba0c80000 - 0x00007ffba0c8a000 	C:\Program Files\Java\jdk-21.0.6\bin\jimage.dll
0x000000005fc40000 - 0x000000005fdd6000 	C:\Program Files\Microsoft SQL Server\110\Shared\DBGHELP.DLL
0x00007ffbb9d50000 - 0x00007ffbb9d5f000 	C:\Program Files\Java\jdk-21.0.6\bin\instrument.dll
0x00007ffb815a0000 - 0x00007ffb815bf000 	C:\Program Files\Java\jdk-21.0.6\bin\java.dll
0x00007ffbc1080000 - 0x00007ffbc17a9000 	C:\WINDOWS\System32\SHELL32.dll
0x00007ffbbf4b0000 - 0x00007ffbbf618000 	C:\WINDOWS\System32\wintypes.dll
0x00007ffbc1920000 - 0x00007ffbc1ca2000 	C:\WINDOWS\System32\combase.dll
0x00007ffbbcc80000 - 0x00007ffbbd4d2000 	C:\WINDOWS\SYSTEM32\windows.storage.dll
0x00007ffbc1800000 - 0x00007ffbc18ed000 	C:\WINDOWS\System32\SHCORE.dll
0x00007ffbc1cb0000 - 0x00007ffbc1d14000 	C:\WINDOWS\System32\shlwapi.dll
0x00007ffbbef30000 - 0x00007ffbbef5f000 	C:\WINDOWS\SYSTEM32\profapi.dll
0x00007ffb6cb30000 - 0x00007ffb6cc07000 	C:\Program Files\Java\jdk-21.0.6\bin\jsvml.dll
0x00007ffb81440000 - 0x00007ffb81458000 	C:\Program Files\Java\jdk-21.0.6\bin\zip.dll
0x00007ffb96630000 - 0x00007ffb96640000 	C:\Program Files\Java\jdk-21.0.6\bin\net.dll
0x00007ffbb9120000 - 0x00007ffbb923d000 	C:\WINDOWS\SYSTEM32\WINHTTP.dll
0x00007ffbbe2f0000 - 0x00007ffbbe35a000 	C:\WINDOWS\system32\mswsock.dll
0x00007ffb81530000 - 0x00007ffb81546000 	C:\Program Files\Java\jdk-21.0.6\bin\nio.dll
0x00007ffbb9990000 - 0x00007ffbb99aa000 	C:\Program Files\JetBrains\IntelliJ IDEA 2023.3.4\bin\breakgen64.dll
0x00007ffb8f2e0000 - 0x00007ffb8f2e9000 	C:\Program Files\Java\jdk-21.0.6\bin\extnet.dll
0x00007ffb808e0000 - 0x00007ffb80904000 	C:\Users\DELL\AppData\Local\Temp\jansi-2.4.1-bf3945e07eb0f999-jansi.dll
0x00007ffb81fe0000 - 0x00007ffb81ff0000 	C:\Program Files\Java\jdk-21.0.6\bin\verify.dll

dbghelp: loaded successfully - version: 4.0.5 - missing functions: none
symbol engine: initialized successfully - sym options: 0x614 - pdb path: .;C:\Program Files\Java\jdk-21.0.6\bin;C:\WINDOWS\SYSTEM32;C:\WINDOWS\WinSxS\amd64_microsoft.windows.common-controls_6595b64144ccf1df_6.0.26100.3624_none_3e086962e3345f24;C:\Program Files\Java\jdk-21.0.6\bin\server;C:\Program Files\Microsoft SQL Server\110\Shared;C:\Program Files\JetBrains\IntelliJ IDEA 2023.3.4\bin;C:\Users\DELL\AppData\Local\Temp

VM Arguments:
jvm_args: -Dmaven.multiModuleProjectDirectory=C:\Users\DELL\Desktop\angular Project\backEnd\carsAgence -Djansi.passthrough=true -Dmaven.home=C:\Users\DELL\.m2\wrapper\dists\apache-maven-3.9.9-bin\4nf9hui3q3djbarqar9g711ggc\apache-maven-3.9.9 -Dclassworlds.conf=C:\Users\DELL\.m2\wrapper\dists\apache-maven-3.9.9-bin\4nf9hui3q3djbarqar9g711ggc\apache-maven-3.9.9\bin\m2.conf -Dmaven.ext.class.path=C:\Program Files\JetBrains\IntelliJ IDEA 2023.3.4\plugins\maven\lib\maven-event-listener.jar -javaagent:C:\Program Files\JetBrains\IntelliJ IDEA 2023.3.4\lib\idea_rt.jar=52278:C:\Program Files\JetBrains\IntelliJ IDEA 2023.3.4\bin -Dfile.encoding=UTF-8 -Dsun.stdout.encoding=UTF-8 -Dsun.stderr.encoding=UTF-8 
java_command: org.codehaus.classworlds.Launcher -Didea.version=2023.3.4 clean install
java_class_path (initial): C:\Users\DELL\.m2\wrapper\dists\apache-maven-3.9.9-bin\4nf9hui3q3djbarqar9g711ggc\apache-maven-3.9.9\boot\plexus-classworlds-2.8.0.jar;C:\Users\DELL\.m2\wrapper\dists\apache-maven-3.9.9-bin\4nf9hui3q3djbarqar9g711ggc\apache-maven-3.9.9\boot\plexus-classworlds.license
Launcher Type: SUN_STANDARD

[Global flags]
     intx CICompilerCount                          = 4                                         {product} {ergonomic}
     uint ConcGCThreads                            = 2                                         {product} {ergonomic}
     uint G1ConcRefinementThreads                  = 8                                         {product} {ergonomic}
   size_t G1HeapRegionSize                         = 2097152                                   {product} {ergonomic}
    uintx GCDrainStackTargetSize                   = 64                                        {product} {ergonomic}
   size_t InitialHeapSize                          = 264241152                                 {product} {ergonomic}
   size_t MarkStackSize                            = 4194304                                   {product} {ergonomic}
   size_t MaxHeapSize                              = 4227858432                                {product} {ergonomic}
   size_t MaxNewSize                               = 2535456768                                {product} {ergonomic}
   size_t MinHeapDeltaBytes                        = 2097152                                   {product} {ergonomic}
   size_t MinHeapSize                              = 8388608                                   {product} {ergonomic}
    uintx NonNMethodCodeHeapSize                   = 5839372                                {pd product} {ergonomic}
    uintx NonProfiledCodeHeapSize                  = 122909434                              {pd product} {ergonomic}
    uintx ProfiledCodeHeapSize                     = 122909434                              {pd product} {ergonomic}
    uintx ReservedCodeCacheSize                    = 251658240                              {pd product} {ergonomic}
     bool SegmentedCodeCache                       = true                                      {product} {ergonomic}
   size_t SoftMaxHeapSize                          = 4227858432                             {manageable} {ergonomic}
     bool UseCompressedOops                        = true                           {product lp64_product} {ergonomic}
     bool UseG1GC                                  = true                                      {product} {ergonomic}
     bool UseLargePagesIndividualAllocation        = false                                  {pd product} {ergonomic}

Logging:
Log output configuration:
 #0: stdout all=warning uptime,level,tags foldmultilines=false
 #1: stderr all=off uptime,level,tags foldmultilines=false

Environment Variables:
PATH=C:\PySchool\3.10-32-bit\Scripts;C:\PySchool\3.10-32-bit;C:\oraclexe\app\oracle\product\11.2.0\server\bin;C:\Program Files (x86)\VMware\VMware Workstation\bin\;C:\Program Files\Common Files\Siemens\Automation\Simatic OAM\bin;C:\WINDOWS\system32;C:\WINDOWS;C:\WINDOWS\System32\Wbem;C:\WINDOWS\System32\WindowsPowerShell\v1.0\;C:\WINDOWS\System32\OpenSSH\;C:\Program Files (x86)\Microchip\MPLAB C32 Suite\bin;c:\Program Files (x86)\Microsoft SQL Server\100\Tools\Binn\;c:\Program Files\Microsoft SQL Server\100\Tools\Binn\;c:\Program Files\Microsoft SQL Server\100\DTS\Binn\;C:\Users\DELL\AppData\Local\Programs\Python\Python311;C:\Users\DELL\AppData\Local\Programs\Python\Python311\Scripts;C:\wamp64\bin\php\php8.2.0;C:\wamp64\bin;C:\Program Files\Git\cmd;C:\Program Files\dotnet\;C:\Program Files\Docker\Docker\resources\bin;C:\Users\DELL\AppData\Local\nvm;C:\nvm4w\nodejs;C:\Program Files\Microsoft SQL Server\150\Tools\Binn\;C:\Program Files\Microsoft SQL Server\Client SDK\ODBC\170\Tools\Binn\;C:\Program Files (x86)\Windows Kits\10\Windows Performance Toolkit\;C:\Program Files\Microsoft SQL Server\110\DTS\Binn\;C:\Program Files (x86)\Microsoft SQL Server\110\Tools\Binn\;C:\Program Files\Microsoft SQL Server\110\Tools\Binn\;C:\Program Files (x86)\Microsoft SQL Server\110\Tools\Binn\ManagementStudio\;C:\Program Files (x86)\Microsoft Visual Studio 10.0\Common7\IDE\PrivateAssemblies\;C:\Program Files (x86)\Microsoft SQL Server\110\DTS\Binn\;C:\Program Files\Java\jdk-21.0.6\bin;C:\Users\DELL\scoop\shims;C:\Users\DELL\AppData\Local\Microsoft\WindowsApps;C:\phpm\php-8.2.3 (1);C:\Program Files\JetBrains\PhpStorm 2023.1\bin;;C:\wamp64\bin;C:\Users\DELL\AppData\Local\Programs\Microsoft VS Code\bin;C:\Users\DELL\AppData\Roaming\npm;C:\Users\DELL\AppData\Local\nvm;C:\nvm4w\nodejs;C:\Users\DELL\.dotnet\tools;C:\Users\DELL\AppData\Local\Programs\cursor\resources\app\bin
USERNAME=DELL
OS=Windows_NT
PROCESSOR_IDENTIFIER=Intel64 Family 6 Model 140 Stepping 1, GenuineIntel
TMP=C:\Users\DELL\AppData\Local\Temp
TEMP=C:\Users\DELL\AppData\Local\Temp




Periodic native trim disabled

---------------  S Y S T E M  ---------------

OS:
 Windows 11 , 64 bit Build 26100 (10.0.26100.3775)
OS uptime: 1 days 17:54 hours
Hyper-V role detected

CPU: total 8 (initial active 8) (4 cores per cpu, 2 threads per core) family 6 model 140 stepping 1 microcode 0xba, cx8, cmov, fxsr, ht, mmx, 3dnowpref, sse, sse2, sse3, ssse3, sse4.1, sse4.2, popcnt, lzcnt, tsc, tscinvbit, avx, avx2, aes, erms, clmul, bmi1, bmi2, adx, avx512f, avx512dq, avx512cd, avx512bw, avx512vl, sha, fma, vzeroupper, avx512_vpopcntdq, avx512_vpclmulqdq, avx512_vaes, avx512_vnni, clflush, clflushopt, clwb, avx512_vbmi2, avx512_vbmi, hv, rdtscp, rdpid, fsrm, gfni, avx512_bitalg, f16c, cet_ibt, cet_ss, avx512_ifma
Processor Information for all 8 processors :
  Max Mhz: 2419, Current Mhz: 2419, Mhz Limit: 2419

Memory: 4k page, system-wide physical 16126M (1627M free)
TotalPageFile size 65278M (AvailPageFile size 2770M)
current process WorkingSet (physical memory assigned to process): 80M, peak: 118M
current process commit charge ("private bytes"): 372M, peak: 383M

vm_info: Java HotSpot(TM) 64-Bit Server VM (21.0.6+8-LTS-188) for windows-amd64 JRE (21.0.6+8-LTS-188), built on 2024-12-03T10:50:54Z by "mach5one" with MS VC++ 17.6 (VS2022)

END.
