#
# There is insufficient memory for the Java Runtime Environment to continue.
# Native memory allocation (mmap) failed to map 65536 bytes for Failed to commit metaspace.
# Possible reasons:
#   The system is out of physical RAM or swap space
#   The process is running with CompressedOops enabled, and the Java Heap may be blocking the growth of the native heap
# Possible solutions:
#   Reduce memory load on the system
#   Increase physical memory or swap space
#   Check if swap backing store is full
#   Decrease Java heap size (-Xmx/-Xms)
#   Decrease number of Java threads
#   Decrease Java thread stack sizes (-Xss)
#   Set larger code cache with -XX:ReservedCodeCacheSize=
#   JVM is running with Zero Based Compressed Oops mode in which the Java heap is
#     placed in the first 32GB address space. The Java Heap base address is the
#     maximum limit for the native heap growth. Please use -XX:HeapBaseMinAddress
#     to set the Java Heap base and to place the Java Heap above 32GB virtual address.
# This output file may be truncated or incomplete.
#
#  Out of Memory Error (virtualSpaceNode.cpp:112), pid=26888, tid=32992
#
# JRE version: Java(TM) SE Runtime Environment (21.0.6+8) (build 21.0.6+8-LTS-188)
# Java VM: Java HotSpot(TM) 64-Bit Server VM (21.0.6+8-LTS-188, mixed mode, sharing, tiered, compressed oops, compressed class ptrs, g1 gc, windows-amd64)
# No core dump will be written. Minidumps are not enabled by default on client versions of Windows
#

---------------  S U M M A R Y ------------

Command Line: -Dmaven.multiModuleProjectDirectory=C:\Users\DELL\Desktop\angular Project\backEnd\carsAgence -Djansi.passthrough=true -Dmaven.home=C:\Users\DELL\.m2\wrapper\dists\apache-maven-3.9.9-bin\4nf9hui3q3djbarqar9g711ggc\apache-maven-3.9.9 -Dclassworlds.conf=C:\Users\DELL\.m2\wrapper\dists\apache-maven-3.9.9-bin\4nf9hui3q3djbarqar9g711ggc\apache-maven-3.9.9\bin\m2.conf -Dmaven.ext.class.path=C:\Program Files\JetBrains\IntelliJ IDEA 2023.3.4\plugins\maven\lib\maven-event-listener.jar -javaagent:C:\Program Files\JetBrains\IntelliJ IDEA 2023.3.4\lib\idea_rt.jar=52420:C:\Program Files\JetBrains\IntelliJ IDEA 2023.3.4\bin -Dfile.encoding=UTF-8 -Dsun.stdout.encoding=UTF-8 -Dsun.stderr.encoding=UTF-8 org.codehaus.classworlds.Launcher -Didea.version=2023.3.4 clean install

Host: 11th Gen Intel(R) Core(TM) i5-1135G7 @ 2.40GHz, 8 cores, 15G,  Windows 11 , 64 bit Build 26100 (10.0.26100.3775)
Time: Tue Apr 22 17:31:52 2025 Afr. centrale Ouest elapsed time: 91.237951 seconds (0d 0h 1m 31s)

---------------  T H R E A D  ---------------

Current thread (0x000001733244eef0):  JavaThread "C1 CompilerThread0" daemon [_thread_in_vm, id=32992, stack(0x00000010e6900000,0x00000010e6a00000) (1024K)]


Current CompileTask:
C1:  91238  795       3       sun.util.locale.LocaleUtils::toUpperString (95 bytes)

Stack: [0x00000010e6900000,0x00000010e6a00000]
Native frames: (J=compiled Java code, j=interpreted, Vv=VM code, C=native code)
V  [jvm.dll+0x6ca6d9]
V  [jvm.dll+0x854f51]
V  [jvm.dll+0x85747e]
V  [jvm.dll+0x857b53]
V  [jvm.dll+0x27dcc6]
V  [jvm.dll+0x850b6e]
V  [jvm.dll+0x66e3e5]
V  [jvm.dll+0x66e44a]
V  [jvm.dll+0x670c65]
V  [jvm.dll+0x670b32]
V  [jvm.dll+0x66edbe]
V  [jvm.dll+0x68035a]
V  [jvm.dll+0x679452]
V  [jvm.dll+0x1f1a20]
V  [jvm.dll+0x1f1c08]
V  [jvm.dll+0x1652f1]
V  [jvm.dll+0x165136]
V  [jvm.dll+0x15ca48]
V  [jvm.dll+0x15ecc0]
V  [jvm.dll+0x15d2e5]
V  [jvm.dll+0x15719f]
V  [jvm.dll+0x166d36]
V  [jvm.dll+0x152a50]
V  [jvm.dll+0x152dd3]
V  [jvm.dll+0x1530a4]
V  [jvm.dll+0x1524d6]
V  [jvm.dll+0x1542ad]
V  [jvm.dll+0x2554f9]
V  [jvm.dll+0x253a8a]
V  [jvm.dll+0x3ee576]
V  [jvm.dll+0x7ff2fb]
V  [jvm.dll+0x6c8dbd]
C  [ucrtbase.dll+0x37b0]
C  [KERNEL32.DLL+0x2e8d7]
C  [ntdll.dll+0xb14fc]


---------------  P R O C E S S  ---------------

Threads class SMR info:
_java_thread_list=0x0000017332763210, length=13, elements={
0x0000017311053120, 0x00000173322f33a0, 0x00000173322f8000, 0x00000173322fb690,
0x00000173322fe0f0, 0x0000017332300b50, 0x00000173323015a0, 0x0000017332302730,
0x000001733244eef0, 0x000001733249c770, 0x0000017332717920, 0x0000017332717f80,
0x00000173327e1bb0
}

Java Threads: ( => current thread )
  0x0000017311053120 JavaThread "main"                              [_thread_in_vm, id=29672, stack(0x00000010e5a00000,0x00000010e5b00000) (1024K)]
  0x00000173322f33a0 JavaThread "Reference Handler"          daemon [_thread_blocked, id=32572, stack(0x00000010e6200000,0x00000010e6300000) (1024K)]
  0x00000173322f8000 JavaThread "Finalizer"                  daemon [_thread_blocked, id=32576, stack(0x00000010e6300000,0x00000010e6400000) (1024K)]
  0x00000173322fb690 JavaThread "Signal Dispatcher"          daemon [_thread_blocked, id=21892, stack(0x00000010e6400000,0x00000010e6500000) (1024K)]
  0x00000173322fe0f0 JavaThread "Attach Listener"            daemon [_thread_blocked, id=31588, stack(0x00000010e6500000,0x00000010e6600000) (1024K)]
  0x0000017332300b50 JavaThread "Service Thread"             daemon [_thread_blocked, id=30848, stack(0x00000010e6600000,0x00000010e6700000) (1024K)]
  0x00000173323015a0 JavaThread "Monitor Deflation Thread"   daemon [_thread_blocked, id=7940, stack(0x00000010e6700000,0x00000010e6800000) (1024K)]
  0x0000017332302730 JavaThread "C2 CompilerThread0"         daemon [_thread_blocked, id=19816, stack(0x00000010e6800000,0x00000010e6900000) (1024K)]
=>0x000001733244eef0 JavaThread "C1 CompilerThread0"         daemon [_thread_in_vm, id=32992, stack(0x00000010e6900000,0x00000010e6a00000) (1024K)]
  0x000001733249c770 JavaThread "Common-Cleaner"             daemon [_thread_blocked, id=33300, stack(0x00000010e6a00000,0x00000010e6b00000) (1024K)]
  0x0000017332717920 JavaThread "Monitor Ctrl-Break"         daemon [_thread_in_native, id=34740, stack(0x00000010e6b00000,0x00000010e6c00000) (1024K)]
  0x0000017332717f80 JavaThread "Notification Thread"        daemon [_thread_blocked, id=34744, stack(0x00000010e6c00000,0x00000010e6d00000) (1024K)]
  0x00000173327e1bb0 JavaThread "cleanup"                    daemon [_thread_in_vm, id=30092, stack(0x00000010e5700000,0x00000010e5800000) (1024K)]
Total: 13

Other Threads:
  0x00000173322d9070 VMThread "VM Thread"                           [id=32112, stack(0x00000010e6100000,0x00000010e6200000) (1024K)] _threads_hazard_ptr=0x0000017332763210
  0x00000173323eb0a0 WatcherThread "VM Periodic Task Thread"        [id=32108, stack(0x00000010e6000000,0x00000010e6100000) (1024K)]
  0x00000173110bb860 WorkerThread "GC Thread#0"                     [id=31908, stack(0x00000010e5b00000,0x00000010e5c00000) (1024K)]
  0x00000173110cc350 ConcurrentGCThread "G1 Main Marker"            [id=31912, stack(0x00000010e5c00000,0x00000010e5d00000) (1024K)]
  0x00000173110ccd60 WorkerThread "G1 Conc#0"                       [id=31916, stack(0x00000010e5d00000,0x00000010e5e00000) (1024K)]
  0x0000017332276700 ConcurrentGCThread "G1 Refine#0"               [id=31924, stack(0x00000010e5e00000,0x00000010e5f00000) (1024K)]
  0x0000017332277080 ConcurrentGCThread "G1 Service"                [id=31928, stack(0x00000010e5f00000,0x00000010e6000000) (1024K)]
Total: 7

Threads with active compile tasks:
C1 CompilerThread0    91263  795       3       sun.util.locale.LocaleUtils::toUpperString (95 bytes)
Total: 1

VM state: synchronizing (normal execution)

VM Mutex/Monitor currently owned by a thread:  ([mutex/lock_event])
[0x00007ffb59b6be18] Metaspace_lock - owner thread: 0x000001733244eef0
[0x00007ffb59b6de98] Threads_lock - owner thread: 0x00000173322d9070

Heap address: 0x0000000704000000, size: 4032 MB, Compressed Oops mode: Zero based, Oop shift amount: 3

CDS archive(s) mapped at: [0x0000017333000000-0x0000017333c90000-0x0000017333c90000), size 13172736, SharedBaseAddress: 0x0000017333000000, ArchiveRelocationMode: 1.
Compressed class space mapped at: 0x0000017334000000-0x0000017374000000, reserved size: 1073741824
Narrow klass base: 0x0000017333000000, Narrow klass shift: 0, Narrow klass range: 0x100000000

GC Precious Log:
 CardTable entry size: 512
 Card Set container configuration: InlinePtr #cards 4 size 8 Array Of Cards #cards 16 size 48 Howl #buckets 8 coarsen threshold 3686 Howl Bitmap #cards 512 size 80 coarsen threshold 460 Card regions per heap region 1 cards per card region 4096
 CPUs: 8 total, 8 available
 Memory: 16126M
 Large Page Support: Disabled
 NUMA Support: Disabled
 Compressed Oops: Enabled (Zero based)
 Heap Region Size: 2M
 Heap Min Capacity: 8M
 Heap Initial Capacity: 252M
 Heap Max Capacity: 4032M
 Pre-touch: Disabled
 Parallel Workers: 8
 Concurrent Workers: 2
 Concurrent Refinement Workers: 8
 Periodic GC: Disabled

Heap:
 garbage-first heap   total 258048K, used 10240K [0x0000000704000000, 0x0000000800000000)
  region size 2048K, 6 young (12288K), 0 survivors (0K)
 Metaspace       used 3035K, committed 3200K, reserved 1114112K
  class space    used 290K, committed 384K, reserved 1048576K

Heap Regions: E=young(eden), S=young(survivor), O=old, HS=humongous(starts), HC=humongous(continues), CS=collection set, F=free, TAMS=top-at-mark-start, PB=parsable bottom
|   0|0x0000000704000000, 0x0000000704000000, 0x0000000704200000|  0%| F|  |TAMS 0x0000000704000000| PB 0x0000000704000000| Untracked 
|   1|0x0000000704200000, 0x0000000704200000, 0x0000000704400000|  0%| F|  |TAMS 0x0000000704200000| PB 0x0000000704200000| Untracked 
|   2|0x0000000704400000, 0x0000000704400000, 0x0000000704600000|  0%| F|  |TAMS 0x0000000704400000| PB 0x0000000704400000| Untracked 
|   3|0x0000000704600000, 0x0000000704600000, 0x0000000704800000|  0%| F|  |TAMS 0x0000000704600000| PB 0x0000000704600000| Untracked 
|   4|0x0000000704800000, 0x0000000704800000, 0x0000000704a00000|  0%| F|  |TAMS 0x0000000704800000| PB 0x0000000704800000| Untracked 
|   5|0x0000000704a00000, 0x0000000704a00000, 0x0000000704c00000|  0%| F|  |TAMS 0x0000000704a00000| PB 0x0000000704a00000| Untracked 
|   6|0x0000000704c00000, 0x0000000704c00000, 0x0000000704e00000|  0%| F|  |TAMS 0x0000000704c00000| PB 0x0000000704c00000| Untracked 
|   7|0x0000000704e00000, 0x0000000704e00000, 0x0000000705000000|  0%| F|  |TAMS 0x0000000704e00000| PB 0x0000000704e00000| Untracked 
|   8|0x0000000705000000, 0x0000000705000000, 0x0000000705200000|  0%| F|  |TAMS 0x0000000705000000| PB 0x0000000705000000| Untracked 
|   9|0x0000000705200000, 0x0000000705200000, 0x0000000705400000|  0%| F|  |TAMS 0x0000000705200000| PB 0x0000000705200000| Untracked 
|  10|0x0000000705400000, 0x0000000705400000, 0x0000000705600000|  0%| F|  |TAMS 0x0000000705400000| PB 0x0000000705400000| Untracked 
|  11|0x0000000705600000, 0x0000000705600000, 0x0000000705800000|  0%| F|  |TAMS 0x0000000705600000| PB 0x0000000705600000| Untracked 
|  12|0x0000000705800000, 0x0000000705800000, 0x0000000705a00000|  0%| F|  |TAMS 0x0000000705800000| PB 0x0000000705800000| Untracked 
|  13|0x0000000705a00000, 0x0000000705a00000, 0x0000000705c00000|  0%| F|  |TAMS 0x0000000705a00000| PB 0x0000000705a00000| Untracked 
|  14|0x0000000705c00000, 0x0000000705c00000, 0x0000000705e00000|  0%| F|  |TAMS 0x0000000705c00000| PB 0x0000000705c00000| Untracked 
|  15|0x0000000705e00000, 0x0000000705e00000, 0x0000000706000000|  0%| F|  |TAMS 0x0000000705e00000| PB 0x0000000705e00000| Untracked 
|  16|0x0000000706000000, 0x0000000706000000, 0x0000000706200000|  0%| F|  |TAMS 0x0000000706000000| PB 0x0000000706000000| Untracked 
|  17|0x0000000706200000, 0x0000000706200000, 0x0000000706400000|  0%| F|  |TAMS 0x0000000706200000| PB 0x0000000706200000| Untracked 
|  18|0x0000000706400000, 0x0000000706400000, 0x0000000706600000|  0%| F|  |TAMS 0x0000000706400000| PB 0x0000000706400000| Untracked 
|  19|0x0000000706600000, 0x0000000706600000, 0x0000000706800000|  0%| F|  |TAMS 0x0000000706600000| PB 0x0000000706600000| Untracked 
|  20|0x0000000706800000, 0x0000000706800000, 0x0000000706a00000|  0%| F|  |TAMS 0x0000000706800000| PB 0x0000000706800000| Untracked 
|  21|0x0000000706a00000, 0x0000000706a00000, 0x0000000706c00000|  0%| F|  |TAMS 0x0000000706a00000| PB 0x0000000706a00000| Untracked 
|  22|0x0000000706c00000, 0x0000000706c00000, 0x0000000706e00000|  0%| F|  |TAMS 0x0000000706c00000| PB 0x0000000706c00000| Untracked 
|  23|0x0000000706e00000, 0x0000000706e00000, 0x0000000707000000|  0%| F|  |TAMS 0x0000000706e00000| PB 0x0000000706e00000| Untracked 
|  24|0x0000000707000000, 0x0000000707000000, 0x0000000707200000|  0%| F|  |TAMS 0x0000000707000000| PB 0x0000000707000000| Untracked 
|  25|0x0000000707200000, 0x0000000707200000, 0x0000000707400000|  0%| F|  |TAMS 0x0000000707200000| PB 0x0000000707200000| Untracked 
|  26|0x0000000707400000, 0x0000000707400000, 0x0000000707600000|  0%| F|  |TAMS 0x0000000707400000| PB 0x0000000707400000| Untracked 
|  27|0x0000000707600000, 0x0000000707600000, 0x0000000707800000|  0%| F|  |TAMS 0x0000000707600000| PB 0x0000000707600000| Untracked 
|  28|0x0000000707800000, 0x0000000707800000, 0x0000000707a00000|  0%| F|  |TAMS 0x0000000707800000| PB 0x0000000707800000| Untracked 
|  29|0x0000000707a00000, 0x0000000707a00000, 0x0000000707c00000|  0%| F|  |TAMS 0x0000000707a00000| PB 0x0000000707a00000| Untracked 
|  30|0x0000000707c00000, 0x0000000707c00000, 0x0000000707e00000|  0%| F|  |TAMS 0x0000000707c00000| PB 0x0000000707c00000| Untracked 
|  31|0x0000000707e00000, 0x0000000707e00000, 0x0000000708000000|  0%| F|  |TAMS 0x0000000707e00000| PB 0x0000000707e00000| Untracked 
|  32|0x0000000708000000, 0x0000000708000000, 0x0000000708200000|  0%| F|  |TAMS 0x0000000708000000| PB 0x0000000708000000| Untracked 
|  33|0x0000000708200000, 0x0000000708200000, 0x0000000708400000|  0%| F|  |TAMS 0x0000000708200000| PB 0x0000000708200000| Untracked 
|  34|0x0000000708400000, 0x0000000708400000, 0x0000000708600000|  0%| F|  |TAMS 0x0000000708400000| PB 0x0000000708400000| Untracked 
|  35|0x0000000708600000, 0x0000000708600000, 0x0000000708800000|  0%| F|  |TAMS 0x0000000708600000| PB 0x0000000708600000| Untracked 
|  36|0x0000000708800000, 0x0000000708800000, 0x0000000708a00000|  0%| F|  |TAMS 0x0000000708800000| PB 0x0000000708800000| Untracked 
|  37|0x0000000708a00000, 0x0000000708a00000, 0x0000000708c00000|  0%| F|  |TAMS 0x0000000708a00000| PB 0x0000000708a00000| Untracked 
|  38|0x0000000708c00000, 0x0000000708c00000, 0x0000000708e00000|  0%| F|  |TAMS 0x0000000708c00000| PB 0x0000000708c00000| Untracked 
|  39|0x0000000708e00000, 0x0000000708e00000, 0x0000000709000000|  0%| F|  |TAMS 0x0000000708e00000| PB 0x0000000708e00000| Untracked 
|  40|0x0000000709000000, 0x0000000709000000, 0x0000000709200000|  0%| F|  |TAMS 0x0000000709000000| PB 0x0000000709000000| Untracked 
|  41|0x0000000709200000, 0x0000000709200000, 0x0000000709400000|  0%| F|  |TAMS 0x0000000709200000| PB 0x0000000709200000| Untracked 
|  42|0x0000000709400000, 0x0000000709400000, 0x0000000709600000|  0%| F|  |TAMS 0x0000000709400000| PB 0x0000000709400000| Untracked 
|  43|0x0000000709600000, 0x0000000709600000, 0x0000000709800000|  0%| F|  |TAMS 0x0000000709600000| PB 0x0000000709600000| Untracked 
|  44|0x0000000709800000, 0x0000000709800000, 0x0000000709a00000|  0%| F|  |TAMS 0x0000000709800000| PB 0x0000000709800000| Untracked 
|  45|0x0000000709a00000, 0x0000000709a00000, 0x0000000709c00000|  0%| F|  |TAMS 0x0000000709a00000| PB 0x0000000709a00000| Untracked 
|  46|0x0000000709c00000, 0x0000000709c00000, 0x0000000709e00000|  0%| F|  |TAMS 0x0000000709c00000| PB 0x0000000709c00000| Untracked 
|  47|0x0000000709e00000, 0x0000000709e00000, 0x000000070a000000|  0%| F|  |TAMS 0x0000000709e00000| PB 0x0000000709e00000| Untracked 
|  48|0x000000070a000000, 0x000000070a000000, 0x000000070a200000|  0%| F|  |TAMS 0x000000070a000000| PB 0x000000070a000000| Untracked 
|  49|0x000000070a200000, 0x000000070a200000, 0x000000070a400000|  0%| F|  |TAMS 0x000000070a200000| PB 0x000000070a200000| Untracked 
|  50|0x000000070a400000, 0x000000070a400000, 0x000000070a600000|  0%| F|  |TAMS 0x000000070a400000| PB 0x000000070a400000| Untracked 
|  51|0x000000070a600000, 0x000000070a600000, 0x000000070a800000|  0%| F|  |TAMS 0x000000070a600000| PB 0x000000070a600000| Untracked 
|  52|0x000000070a800000, 0x000000070a800000, 0x000000070aa00000|  0%| F|  |TAMS 0x000000070a800000| PB 0x000000070a800000| Untracked 
|  53|0x000000070aa00000, 0x000000070aa00000, 0x000000070ac00000|  0%| F|  |TAMS 0x000000070aa00000| PB 0x000000070aa00000| Untracked 
|  54|0x000000070ac00000, 0x000000070ac00000, 0x000000070ae00000|  0%| F|  |TAMS 0x000000070ac00000| PB 0x000000070ac00000| Untracked 
|  55|0x000000070ae00000, 0x000000070ae00000, 0x000000070b000000|  0%| F|  |TAMS 0x000000070ae00000| PB 0x000000070ae00000| Untracked 
|  56|0x000000070b000000, 0x000000070b000000, 0x000000070b200000|  0%| F|  |TAMS 0x000000070b000000| PB 0x000000070b000000| Untracked 
|  57|0x000000070b200000, 0x000000070b200000, 0x000000070b400000|  0%| F|  |TAMS 0x000000070b200000| PB 0x000000070b200000| Untracked 
|  58|0x000000070b400000, 0x000000070b400000, 0x000000070b600000|  0%| F|  |TAMS 0x000000070b400000| PB 0x000000070b400000| Untracked 
|  59|0x000000070b600000, 0x000000070b600000, 0x000000070b800000|  0%| F|  |TAMS 0x000000070b600000| PB 0x000000070b600000| Untracked 
|  60|0x000000070b800000, 0x000000070b800000, 0x000000070ba00000|  0%| F|  |TAMS 0x000000070b800000| PB 0x000000070b800000| Untracked 
|  61|0x000000070ba00000, 0x000000070ba00000, 0x000000070bc00000|  0%| F|  |TAMS 0x000000070ba00000| PB 0x000000070ba00000| Untracked 
|  62|0x000000070bc00000, 0x000000070bc00000, 0x000000070be00000|  0%| F|  |TAMS 0x000000070bc00000| PB 0x000000070bc00000| Untracked 
|  63|0x000000070be00000, 0x000000070be00000, 0x000000070c000000|  0%| F|  |TAMS 0x000000070be00000| PB 0x000000070be00000| Untracked 
|  64|0x000000070c000000, 0x000000070c000000, 0x000000070c200000|  0%| F|  |TAMS 0x000000070c000000| PB 0x000000070c000000| Untracked 
|  65|0x000000070c200000, 0x000000070c200000, 0x000000070c400000|  0%| F|  |TAMS 0x000000070c200000| PB 0x000000070c200000| Untracked 
|  66|0x000000070c400000, 0x000000070c400000, 0x000000070c600000|  0%| F|  |TAMS 0x000000070c400000| PB 0x000000070c400000| Untracked 
|  67|0x000000070c600000, 0x000000070c600000, 0x000000070c800000|  0%| F|  |TAMS 0x000000070c600000| PB 0x000000070c600000| Untracked 
|  68|0x000000070c800000, 0x000000070c800000, 0x000000070ca00000|  0%| F|  |TAMS 0x000000070c800000| PB 0x000000070c800000| Untracked 
|  69|0x000000070ca00000, 0x000000070ca00000, 0x000000070cc00000|  0%| F|  |TAMS 0x000000070ca00000| PB 0x000000070ca00000| Untracked 
|  70|0x000000070cc00000, 0x000000070cc00000, 0x000000070ce00000|  0%| F|  |TAMS 0x000000070cc00000| PB 0x000000070cc00000| Untracked 
|  71|0x000000070ce00000, 0x000000070ce00000, 0x000000070d000000|  0%| F|  |TAMS 0x000000070ce00000| PB 0x000000070ce00000| Untracked 
|  72|0x000000070d000000, 0x000000070d000000, 0x000000070d200000|  0%| F|  |TAMS 0x000000070d000000| PB 0x000000070d000000| Untracked 
|  73|0x000000070d200000, 0x000000070d200000, 0x000000070d400000|  0%| F|  |TAMS 0x000000070d200000| PB 0x000000070d200000| Untracked 
|  74|0x000000070d400000, 0x000000070d400000, 0x000000070d600000|  0%| F|  |TAMS 0x000000070d400000| PB 0x000000070d400000| Untracked 
|  75|0x000000070d600000, 0x000000070d600000, 0x000000070d800000|  0%| F|  |TAMS 0x000000070d600000| PB 0x000000070d600000| Untracked 
|  76|0x000000070d800000, 0x000000070d800000, 0x000000070da00000|  0%| F|  |TAMS 0x000000070d800000| PB 0x000000070d800000| Untracked 
|  77|0x000000070da00000, 0x000000070da00000, 0x000000070dc00000|  0%| F|  |TAMS 0x000000070da00000| PB 0x000000070da00000| Untracked 
|  78|0x000000070dc00000, 0x000000070dc00000, 0x000000070de00000|  0%| F|  |TAMS 0x000000070dc00000| PB 0x000000070dc00000| Untracked 
|  79|0x000000070de00000, 0x000000070de00000, 0x000000070e000000|  0%| F|  |TAMS 0x000000070de00000| PB 0x000000070de00000| Untracked 
|  80|0x000000070e000000, 0x000000070e000000, 0x000000070e200000|  0%| F|  |TAMS 0x000000070e000000| PB 0x000000070e000000| Untracked 
|  81|0x000000070e200000, 0x000000070e200000, 0x000000070e400000|  0%| F|  |TAMS 0x000000070e200000| PB 0x000000070e200000| Untracked 
|  82|0x000000070e400000, 0x000000070e400000, 0x000000070e600000|  0%| F|  |TAMS 0x000000070e400000| PB 0x000000070e400000| Untracked 
|  83|0x000000070e600000, 0x000000070e600000, 0x000000070e800000|  0%| F|  |TAMS 0x000000070e600000| PB 0x000000070e600000| Untracked 
|  84|0x000000070e800000, 0x000000070e800000, 0x000000070ea00000|  0%| F|  |TAMS 0x000000070e800000| PB 0x000000070e800000| Untracked 
|  85|0x000000070ea00000, 0x000000070ea00000, 0x000000070ec00000|  0%| F|  |TAMS 0x000000070ea00000| PB 0x000000070ea00000| Untracked 
|  86|0x000000070ec00000, 0x000000070ec00000, 0x000000070ee00000|  0%| F|  |TAMS 0x000000070ec00000| PB 0x000000070ec00000| Untracked 
|  87|0x000000070ee00000, 0x000000070ee00000, 0x000000070f000000|  0%| F|  |TAMS 0x000000070ee00000| PB 0x000000070ee00000| Untracked 
|  88|0x000000070f000000, 0x000000070f000000, 0x000000070f200000|  0%| F|  |TAMS 0x000000070f000000| PB 0x000000070f000000| Untracked 
|  89|0x000000070f200000, 0x000000070f200000, 0x000000070f400000|  0%| F|  |TAMS 0x000000070f200000| PB 0x000000070f200000| Untracked 
|  90|0x000000070f400000, 0x000000070f400000, 0x000000070f600000|  0%| F|  |TAMS 0x000000070f400000| PB 0x000000070f400000| Untracked 
|  91|0x000000070f600000, 0x000000070f600000, 0x000000070f800000|  0%| F|  |TAMS 0x000000070f600000| PB 0x000000070f600000| Untracked 
|  92|0x000000070f800000, 0x000000070f800000, 0x000000070fa00000|  0%| F|  |TAMS 0x000000070f800000| PB 0x000000070f800000| Untracked 
|  93|0x000000070fa00000, 0x000000070fa00000, 0x000000070fc00000|  0%| F|  |TAMS 0x000000070fa00000| PB 0x000000070fa00000| Untracked 
|  94|0x000000070fc00000, 0x000000070fc00000, 0x000000070fe00000|  0%| F|  |TAMS 0x000000070fc00000| PB 0x000000070fc00000| Untracked 
|  95|0x000000070fe00000, 0x000000070fe00000, 0x0000000710000000|  0%| F|  |TAMS 0x000000070fe00000| PB 0x000000070fe00000| Untracked 
|  96|0x0000000710000000, 0x0000000710000000, 0x0000000710200000|  0%| F|  |TAMS 0x0000000710000000| PB 0x0000000710000000| Untracked 
|  97|0x0000000710200000, 0x0000000710200000, 0x0000000710400000|  0%| F|  |TAMS 0x0000000710200000| PB 0x0000000710200000| Untracked 
|  98|0x0000000710400000, 0x0000000710400000, 0x0000000710600000|  0%| F|  |TAMS 0x0000000710400000| PB 0x0000000710400000| Untracked 
|  99|0x0000000710600000, 0x0000000710600000, 0x0000000710800000|  0%| F|  |TAMS 0x0000000710600000| PB 0x0000000710600000| Untracked 
| 100|0x0000000710800000, 0x0000000710800000, 0x0000000710a00000|  0%| F|  |TAMS 0x0000000710800000| PB 0x0000000710800000| Untracked 
| 101|0x0000000710a00000, 0x0000000710a00000, 0x0000000710c00000|  0%| F|  |TAMS 0x0000000710a00000| PB 0x0000000710a00000| Untracked 
| 102|0x0000000710c00000, 0x0000000710c00000, 0x0000000710e00000|  0%| F|  |TAMS 0x0000000710c00000| PB 0x0000000710c00000| Untracked 
| 103|0x0000000710e00000, 0x0000000710e00000, 0x0000000711000000|  0%| F|  |TAMS 0x0000000710e00000| PB 0x0000000710e00000| Untracked 
| 104|0x0000000711000000, 0x0000000711000000, 0x0000000711200000|  0%| F|  |TAMS 0x0000000711000000| PB 0x0000000711000000| Untracked 
| 105|0x0000000711200000, 0x0000000711200000, 0x0000000711400000|  0%| F|  |TAMS 0x0000000711200000| PB 0x0000000711200000| Untracked 
| 106|0x0000000711400000, 0x0000000711400000, 0x0000000711600000|  0%| F|  |TAMS 0x0000000711400000| PB 0x0000000711400000| Untracked 
| 107|0x0000000711600000, 0x0000000711600000, 0x0000000711800000|  0%| F|  |TAMS 0x0000000711600000| PB 0x0000000711600000| Untracked 
| 108|0x0000000711800000, 0x0000000711800000, 0x0000000711a00000|  0%| F|  |TAMS 0x0000000711800000| PB 0x0000000711800000| Untracked 
| 109|0x0000000711a00000, 0x0000000711a00000, 0x0000000711c00000|  0%| F|  |TAMS 0x0000000711a00000| PB 0x0000000711a00000| Untracked 
| 110|0x0000000711c00000, 0x0000000711c00000, 0x0000000711e00000|  0%| F|  |TAMS 0x0000000711c00000| PB 0x0000000711c00000| Untracked 
| 111|0x0000000711e00000, 0x0000000711e00000, 0x0000000712000000|  0%| F|  |TAMS 0x0000000711e00000| PB 0x0000000711e00000| Untracked 
| 112|0x0000000712000000, 0x0000000712000000, 0x0000000712200000|  0%| F|  |TAMS 0x0000000712000000| PB 0x0000000712000000| Untracked 
| 113|0x0000000712200000, 0x0000000712200000, 0x0000000712400000|  0%| F|  |TAMS 0x0000000712200000| PB 0x0000000712200000| Untracked 
| 114|0x0000000712400000, 0x0000000712400000, 0x0000000712600000|  0%| F|  |TAMS 0x0000000712400000| PB 0x0000000712400000| Untracked 
| 115|0x0000000712600000, 0x0000000712600000, 0x0000000712800000|  0%| F|  |TAMS 0x0000000712600000| PB 0x0000000712600000| Untracked 
| 116|0x0000000712800000, 0x0000000712800000, 0x0000000712a00000|  0%| F|  |TAMS 0x0000000712800000| PB 0x0000000712800000| Untracked 
| 117|0x0000000712a00000, 0x0000000712a00000, 0x0000000712c00000|  0%| F|  |TAMS 0x0000000712a00000| PB 0x0000000712a00000| Untracked 
| 118|0x0000000712c00000, 0x0000000712c00000, 0x0000000712e00000|  0%| F|  |TAMS 0x0000000712c00000| PB 0x0000000712c00000| Untracked 
| 119|0x0000000712e00000, 0x0000000712e00000, 0x0000000713000000|  0%| F|  |TAMS 0x0000000712e00000| PB 0x0000000712e00000| Untracked 
| 120|0x0000000713000000, 0x00000007130e1d98, 0x0000000713200000| 44%| E|  |TAMS 0x0000000713000000| PB 0x0000000713000000| Complete 
| 121|0x0000000713200000, 0x0000000713400000, 0x0000000713400000|100%| E|CS|TAMS 0x0000000713200000| PB 0x0000000713200000| Complete 
| 122|0x0000000713400000, 0x0000000713600000, 0x0000000713600000|100%| E|CS|TAMS 0x0000000713400000| PB 0x0000000713400000| Complete 
| 123|0x0000000713600000, 0x0000000713800000, 0x0000000713800000|100%| E|CS|TAMS 0x0000000713600000| PB 0x0000000713600000| Complete 
| 124|0x0000000713800000, 0x0000000713a00000, 0x0000000713a00000|100%| E|CS|TAMS 0x0000000713800000| PB 0x0000000713800000| Complete 
| 125|0x0000000713a00000, 0x0000000713c00000, 0x0000000713c00000|100%| E|CS|TAMS 0x0000000713a00000| PB 0x0000000713a00000| Complete 

Card table byte_map: [0x000001732b2b0000,0x000001732ba90000] _byte_map_base: 0x0000017327a90000

Marking Bits: (CMBitMap*) 0x00000173110bbe70
 Bits: [0x000001732ba90000, 0x000001732f990000)

Polling page: 0x0000017312a40000

Metaspace:

Usage:
  Non-class:      2.68 MB used.
      Class:    290.72 KB used.
       Both:      2.96 MB used.

Virtual space:
  Non-class space:       64.00 MB reserved,       2.75 MB (  4%) committed,  1 nodes.
      Class space:        1.00 GB reserved,     384.00 KB ( <1%) committed,  1 nodes.
             Both:        1.06 GB reserved,       3.12 MB ( <1%) committed. 

Chunk freelists:
   Non-Class:  10.98 MB
       Class:  15.61 MB
        Both:  26.59 MB

MaxMetaspaceSize: unlimited
CompressedClassSpaceSize: 1.00 GB
Initial GC threshold: 21.00 MB
Current GC threshold: 21.00 MB
CDS: on
 - commit_granule_bytes: 65536.
 - commit_granule_words: 8192.
 - virtual_space_node_default_size: 8388608.
 - enlarge_chunks_in_place: 1.
 - use_allocation_guard: 0.


Internal statistics:

num_allocs_failed_limit: 0.
num_arena_births: 46.
num_arena_deaths: 0.
num_vsnodes_births: 2.
num_vsnodes_deaths: 0.
num_space_committed: 50.
num_space_uncommitted: 0.
num_chunks_returned_to_freelist: 0.
num_chunks_taken_from_freelist: 105.
num_chunk_merges: 0.
num_chunk_splits: 72.
num_chunks_enlarged: 50.
num_inconsistent_stats: 0.

CodeHeap 'non-profiled nmethods': size=120000Kb used=287Kb max_used=287Kb free=119712Kb
 bounds [0x0000017323260000, 0x00000173234d0000, 0x000001732a790000]
CodeHeap 'profiled nmethods': size=120000Kb used=1266Kb max_used=1266Kb free=118733Kb
 bounds [0x000001731b790000, 0x000001731ba00000, 0x0000017322cc0000]
CodeHeap 'non-nmethods': size=5760Kb used=1469Kb max_used=1485Kb free=4290Kb
 bounds [0x0000017322cc0000, 0x0000017322f30000, 0x0000017323260000]
 total_blobs=1244 nmethods=795 adapters=354
 compilation: enabled
              stopped_count=0, restarted_count=0
 full_count=0

Compilation events (20 events):
Event: 89.213 Thread 0x000001733244eef0 nmethod 785 0x00000173232a6490 code [0x00000173232a6620, 0x00000173232a66f0]
Event: 89.213 Thread 0x000001733244eef0  786       1       sun.util.locale.LanguageTag::getRegion (5 bytes)
Event: 89.213 Thread 0x000001733244eef0 nmethod 786 0x00000173232a6790 code [0x00000173232a6920, 0x00000173232a69f0]
Event: 89.213 Thread 0x000001733244eef0  787       1       sun.util.locale.LanguageTag::getPrivateuse (5 bytes)
Event: 89.214 Thread 0x000001733244eef0 nmethod 787 0x00000173232a6a90 code [0x00000173232a6c20, 0x00000173232a6cf0]
Event: 89.214 Thread 0x000001733244eef0  789       3       sun.util.locale.InternalLocaleBuilder::clearExtensions (50 bytes)
Event: 89.214 Thread 0x000001733244eef0 nmethod 789 0x000001731b8cae10 code [0x000001731b8cafe0, 0x000001731b8cb418]
Event: 89.214 Thread 0x0000017332302730  790       4       java.util.Collections::emptyList (4 bytes)
Event: 89.214 Thread 0x0000017332302730 nmethod 790 0x00000173232a6d90 code [0x00000173232a6f20, 0x00000173232a6f90]
Event: 89.215 Thread 0x000001733244eef0  791       3       java.util.Locale::<init> (15 bytes)
Event: 89.215 Thread 0x000001733244eef0 nmethod 791 0x000001731b8cb590 code [0x000001731b8cb740, 0x000001731b8cb970]
Event: 89.215 Thread 0x000001733244eef0  792       3       sun.util.locale.BaseLocale::getInstance (150 bytes)
Event: 89.216 Thread 0x000001733244eef0 nmethod 792 0x000001731b8cba10 code [0x000001731b8cbca0, 0x000001731b8cc730]
Event: 89.216 Thread 0x000001733244eef0  795       3       sun.util.locale.LocaleUtils::toUpperString (95 bytes)
Event: 89.218 Thread 0x0000017332302730  803       4       sun.util.locale.LocaleUtils::toLower (17 bytes)
Event: 89.219 Thread 0x0000017332302730 nmethod 803 0x00000173232a7090 code [0x00000173232a7200, 0x00000173232a7280]
Event: 89.219 Thread 0x0000017332302730  804       4       java.util.concurrent.ConcurrentHashMap::setTabAt (20 bytes)
Event: 89.220 Thread 0x0000017332302730 nmethod 804 0x00000173232a7390 code [0x00000173232a7520, 0x00000173232a7660]
Event: 89.225 Thread 0x0000017332302730  805 %     4       java.lang.StringLatin1::inflate @ 3 (34 bytes)
Event: 89.233 Thread 0x0000017332302730 nmethod 805% 0x00000173232a7710 code [0x00000173232a78a0, 0x00000173232a7c98]

GC Heap History (0 events):
No events

Dll operation events (12 events):
Event: 5.457 Loaded shared library C:\Program Files\Java\jdk-21.0.6\bin\java.dll
Event: 7.727 Loaded shared library C:\Program Files\Java\jdk-21.0.6\bin\jsvml.dll
Event: 10.109 Loaded shared library C:\Program Files\Java\jdk-21.0.6\bin\zip.dll
Event: 11.398 Loaded shared library C:\Program Files\Java\jdk-21.0.6\bin\instrument.dll
Event: 11.407 Loaded shared library C:\Program Files\Java\jdk-21.0.6\bin\net.dll
Event: 11.410 Loaded shared library C:\Program Files\Java\jdk-21.0.6\bin\nio.dll
Event: 11.422 Loaded shared library C:\Program Files\Java\jdk-21.0.6\bin\zip.dll
Event: 12.113 Loaded shared library C:\Program Files\JetBrains\IntelliJ IDEA 2023.3.4\bin\breakgen64.dll
Event: 12.133 Loaded shared library C:\Program Files\Java\jdk-21.0.6\bin\extnet.dll
Event: 77.808 Loaded shared library C:\Program Files\Java\jdk-21.0.6\bin\jimage.dll
Event: 84.248 Loaded shared library C:\Users\DELL\AppData\Local\Temp\jansi-2.4.1-71776360b7c370-jansi.dll
Event: 84.270 Loaded shared library C:\Program Files\Java\jdk-21.0.6\bin\verify.dll

Deoptimization events (20 events):
Event: 87.180 Thread 0x0000017311053120 Uncommon trap: trap_request=0xffffffde fr.pc=0x000001732328f9d0 relative=0x0000000000000530
Event: 87.180 Thread 0x0000017311053120 Uncommon trap: reason=class_check action=maybe_recompile pc=0x000001732328f9d0 method=java.util.HashMap.putVal(ILjava/lang/Object;Ljava/lang/Object;ZZ)Ljava/lang/Object; @ 253 c2
Event: 87.180 Thread 0x0000017311053120 DEOPT PACKING pc=0x000001732328f9d0 sp=0x00000010e5afed40
Event: 87.180 Thread 0x0000017311053120 DEOPT UNPACKING pc=0x0000017322d17da2 sp=0x00000010e5afece0 mode 2
Event: 87.196 Thread 0x0000017311053120 Uncommon trap: trap_request=0xffffffde fr.pc=0x000001732328f9d0 relative=0x0000000000000530
Event: 87.196 Thread 0x0000017311053120 Uncommon trap: reason=class_check action=maybe_recompile pc=0x000001732328f9d0 method=java.util.HashMap.putVal(ILjava/lang/Object;Ljava/lang/Object;ZZ)Ljava/lang/Object; @ 253 c2
Event: 87.196 Thread 0x0000017311053120 DEOPT PACKING pc=0x000001732328f9d0 sp=0x00000010e5afee70
Event: 87.196 Thread 0x0000017311053120 DEOPT UNPACKING pc=0x0000017322d17da2 sp=0x00000010e5afee10 mode 2
Event: 87.626 Thread 0x0000017311053120 DEOPT PACKING pc=0x000001731b808155 sp=0x00000010e5afea40
Event: 87.626 Thread 0x0000017311053120 DEOPT UNPACKING pc=0x0000017322d188e2 sp=0x00000010e5afdeb0 mode 0
Event: 87.649 Thread 0x0000017311053120 DEOPT PACKING pc=0x000001731b808155 sp=0x00000010e5afe5b0
Event: 87.649 Thread 0x0000017311053120 DEOPT UNPACKING pc=0x0000017322d188e2 sp=0x00000010e5afda38 mode 0
Event: 87.649 Thread 0x0000017311053120 DEOPT PACKING pc=0x000001731b813555 sp=0x00000010e5afda60
Event: 87.649 Thread 0x0000017311053120 DEOPT UNPACKING pc=0x0000017322d188e2 sp=0x00000010e5afced8 mode 0
Event: 87.689 Thread 0x0000017311053120 Uncommon trap: trap_request=0xffffff45 fr.pc=0x0000017323279d78 relative=0x0000000000000058
Event: 87.689 Thread 0x0000017311053120 Uncommon trap: reason=unstable_if action=reinterpret pc=0x0000017323279d78 method=java.net.URI.match(CJJ)Z @ 19 c2
Event: 87.689 Thread 0x0000017311053120 DEOPT PACKING pc=0x0000017323279d78 sp=0x00000010e5afecb0
Event: 87.689 Thread 0x0000017311053120 DEOPT UNPACKING pc=0x0000017322d17da2 sp=0x00000010e5afec40 mode 2
Event: 88.289 Thread 0x0000017311053120 DEOPT PACKING pc=0x000001731b808155 sp=0x00000010e5afa480
Event: 88.289 Thread 0x0000017311053120 DEOPT UNPACKING pc=0x0000017322d188e2 sp=0x00000010e5af98f0 mode 0

Classes loaded (20 events):
Event: 88.328 Loading class java/util/concurrent/locks/ReadWriteLock done
Event: 88.328 Loading class java/util/concurrent/locks/ReentrantReadWriteLock done
Event: 88.328 Loading class java/util/concurrent/locks/ReentrantReadWriteLock$NonfairSync
Event: 88.328 Loading class java/util/concurrent/locks/ReentrantReadWriteLock$Sync
Event: 88.328 Loading class java/util/concurrent/locks/ReentrantReadWriteLock$Sync done
Event: 88.328 Loading class java/util/concurrent/locks/ReentrantReadWriteLock$NonfairSync done
Event: 88.328 Loading class java/util/concurrent/locks/ReentrantReadWriteLock$Sync$ThreadLocalHoldCounter
Event: 88.328 Loading class java/util/concurrent/locks/ReentrantReadWriteLock$Sync$ThreadLocalHoldCounter done
Event: 88.328 Loading class java/util/concurrent/locks/ReentrantReadWriteLock$ReadLock
Event: 88.330 Loading class java/util/concurrent/locks/ReentrantReadWriteLock$ReadLock done
Event: 88.330 Loading class java/util/concurrent/locks/ReentrantReadWriteLock$WriteLock
Event: 88.330 Loading class java/util/concurrent/locks/ReentrantReadWriteLock$WriteLock done
Event: 89.034 Loading class java/text/ParseException
Event: 89.035 Loading class java/text/ParseException done
Event: 89.073 Loading class sun/util/calendar/ZoneInfoFile$Checksum
Event: 89.073 Loading class sun/util/calendar/ZoneInfoFile$Checksum done
Event: 89.082 Loading class jdk/internal/module/ModulePatcher$PatchedModuleReader
Event: 89.083 Loading class jdk/internal/module/ModulePatcher$PatchedModuleReader done
Event: 89.083 Loading class sun/net/www/protocol/jrt/Handler
Event: 89.083 Loading class sun/net/www/protocol/jrt/Handler done

Classes unloaded (0 events):
No events

Classes redefined (0 events):
No events

Internal exceptions (8 events):
Event: 11.441 Thread 0x0000017311053120 Exception <a 'java/lang/NoSuchMethodError'{0x0000000713903660}: 'void java.lang.invoke.DirectMethodHandle$Holder.invokeStatic(java.lang.Object, java.lang.Object, java.lang.Object)'> (0x0000000713903660) 
thrown [s\open\src\hotspot\share\interpreter\linkResolver.cpp, line 773]
Event: 12.105 Thread 0x0000017311053120 Exception <a 'java/lang/NoSuchMethodError'{0x000000071391abe8}: 'java.lang.Object java.lang.invoke.Invokers$Holder.invokeExact_MT(java.lang.Object, java.lang.Object, java.lang.Object, java.lang.Object, java.lang.Object)'> (0x000000071391abe8) 
thrown [s\open\src\hotspot\share\interpreter\linkResolver.cpp, line 773]
Event: 12.138 Thread 0x0000017332717920 Exception <a 'java/lang/NoSuchMethodError'{0x000000071395b0f0}: 'void java.lang.invoke.DirectMethodHandle$Holder.invokeStatic(java.lang.Object, java.lang.Object)'> (0x000000071395b0f0) 
thrown [s\open\src\hotspot\share\interpreter\linkResolver.cpp, line 773]
Event: 12.441 Thread 0x0000017311053120 Exception <a 'java/lang/NoSuchMethodError'{0x0000000713605c80}: 'int java.lang.invoke.DirectMethodHandle$Holder.invokeSpecial(java.lang.Object, java.lang.Object, java.lang.Object)'> (0x0000000713605c80) 
thrown [s\open\src\hotspot\share\interpreter\linkResolver.cpp, line 773]
Event: 77.799 Thread 0x0000017311053120 Exception <a 'java/lang/NullPointerException'{0x000000071348c690}> (0x000000071348c690) 
thrown [s\open\src\hotspot\share\interpreter\linkResolver.cpp, line 1372]
Event: 84.199 Thread 0x0000017311053120 Exception <a 'sun/nio/fs/WindowsException'{0x00000007134b9628}> (0x00000007134b9628) 
thrown [s\open\src\hotspot\share\prims\jni.cpp, line 520]
Event: 84.902 Thread 0x0000017311053120 Exception <a 'java/lang/NoSuchMethodError'{0x00000007135d0958}: 'void java.lang.invoke.DirectMethodHandle$Holder.invokeStaticInit(java.lang.Object, java.lang.Object)'> (0x00000007135d0958) 
thrown [s\open\src\hotspot\share\interpreter\linkResolver.cpp, line 773]
Event: 88.281 Thread 0x0000017311053120 Exception <a 'java/lang/NoSuchMethodError'{0x0000000713386768}: 'java.lang.Object java.lang.invoke.DirectMethodHandle$Holder.invokeSpecialIFC(java.lang.Object, java.lang.Object, java.lang.Object, java.lang.Object)'> (0x0000000713386768) 
thrown [s\open\src\hotspot\share\interpreter\linkResolver.cpp, line 773]

ZGC Phase Switch (0 events):
No events

VM Operations (20 events):
Event: 16.599 Executing VM operation: Cleanup done
Event: 20.621 Executing VM operation: Cleanup
Event: 20.621 Executing VM operation: Cleanup done
Event: 35.756 Executing VM operation: Cleanup
Event: 35.756 Executing VM operation: Cleanup done
Event: 77.205 Executing VM operation: Cleanup
Event: 77.205 Executing VM operation: Cleanup done
Event: 77.797 Executing VM operation: HandshakeAllThreads (Deoptimize)
Event: 77.797 Executing VM operation: HandshakeAllThreads (Deoptimize) done
Event: 78.811 Executing VM operation: Cleanup
Event: 84.187 Executing VM operation: Cleanup done
Event: 84.190 Executing VM operation: HandshakeAllThreads (Deoptimize)
Event: 84.190 Executing VM operation: HandshakeAllThreads (Deoptimize) done
Event: 85.203 Executing VM operation: Cleanup
Event: 86.570 Executing VM operation: Cleanup done
Event: 87.581 Executing VM operation: Cleanup
Event: 87.620 Executing VM operation: Cleanup done
Event: 88.621 Executing VM operation: Cleanup
Event: 89.034 Executing VM operation: Cleanup done
Event: 90.047 Executing VM operation: Cleanup

Events (13 events):
Event: 5.897 Thread 0x0000017311053120 Thread added: 0x0000017311053120
Event: 7.184 Thread 0x00000173322f33a0 Thread added: 0x00000173322f33a0
Event: 7.721 Thread 0x00000173322f8000 Thread added: 0x00000173322f8000
Event: 7.722 Thread 0x00000173322fb690 Thread added: 0x00000173322fb690
Event: 7.722 Thread 0x00000173322fe0f0 Thread added: 0x00000173322fe0f0
Event: 7.722 Thread 0x0000017332300b50 Thread added: 0x0000017332300b50
Event: 7.722 Thread 0x00000173323015a0 Thread added: 0x00000173323015a0
Event: 7.722 Thread 0x0000017332302730 Thread added: 0x0000017332302730
Event: 8.027 Thread 0x000001733244eef0 Thread added: 0x000001733244eef0
Event: 8.716 Thread 0x000001733249c770 Thread added: 0x000001733249c770
Event: 12.113 Thread 0x0000017332717920 Thread added: 0x0000017332717920
Event: 12.114 Thread 0x0000017332717f80 Thread added: 0x0000017332717f80
Event: 77.803 Thread 0x00000173327e1bb0 Thread added: 0x00000173327e1bb0


Dynamic libraries:
0x00007ff7e26f0000 - 0x00007ff7e2700000 	C:\Program Files\Java\jdk-21.0.6\bin\java.exe
0x00007ffbc1e40000 - 0x00007ffbc20a0000 	C:\WINDOWS\SYSTEM32\ntdll.dll
0x00007ffbc0980000 - 0x00007ffbc0a47000 	C:\WINDOWS\System32\KERNEL32.DLL
0x00007ffbbf020000 - 0x00007ffbbf3ea000 	C:\WINDOWS\System32\KERNELBASE.dll
0x00007ffbbf810000 - 0x00007ffbbf95b000 	C:\WINDOWS\System32\ucrtbase.dll
0x00007ffb815c0000 - 0x00007ffb815d9000 	C:\Program Files\Java\jdk-21.0.6\bin\jli.dll
0x00007ffbc0450000 - 0x00007ffbc0502000 	C:\WINDOWS\System32\ADVAPI32.dll
0x00007ffbc02c0000 - 0x00007ffbc0369000 	C:\WINDOWS\System32\msvcrt.dll
0x00007ffbbff10000 - 0x00007ffbbffb6000 	C:\WINDOWS\System32\sechost.dll
0x00007ffbc0860000 - 0x00007ffbc0976000 	C:\WINDOWS\System32\RPCRT4.dll
0x00007ffbbfc40000 - 0x00007ffbbfe0c000 	C:\WINDOWS\System32\USER32.dll
0x00007ffbbf3f0000 - 0x00007ffbbf417000 	C:\WINDOWS\System32\win32u.dll
0x00007ffbc18f0000 - 0x00007ffbc191a000 	C:\WINDOWS\System32\GDI32.dll
0x00007ffbbf620000 - 0x00007ffbbf751000 	C:\WINDOWS\System32\gdi32full.dll
0x00007ffbbf760000 - 0x00007ffbbf803000 	C:\WINDOWS\System32\msvcp_win.dll
0x00007ffba5240000 - 0x00007ffba54d7000 	C:\WINDOWS\WinSxS\amd64_microsoft.windows.common-controls_6595b64144ccf1df_6.0.26100.3624_none_3e086962e3345f24\COMCTL32.dll
0x00007ffbaee60000 - 0x00007ffbaee6b000 	C:\WINDOWS\SYSTEM32\VERSION.dll
0x00007ffba0ac0000 - 0x00007ffba0adb000 	C:\Program Files\Java\jdk-21.0.6\bin\VCRUNTIME140.dll
0x00007ffbc0820000 - 0x00007ffbc084f000 	C:\WINDOWS\System32\IMM32.DLL
0x00007ffbb0a50000 - 0x00007ffbb0a5c000 	C:\Program Files\Java\jdk-21.0.6\bin\vcruntime140_1.dll
0x00007ffb77ad0000 - 0x00007ffb77b5e000 	C:\Program Files\Java\jdk-21.0.6\bin\msvcp140.dll
0x00007ffb58f30000 - 0x00007ffb59c4a000 	C:\Program Files\Java\jdk-21.0.6\bin\server\jvm.dll
0x00007ffbc0b30000 - 0x00007ffbc0ba4000 	C:\WINDOWS\System32\WS2_32.dll
0x00007ffbbe6d0000 - 0x00007ffbbe72e000 	C:\WINDOWS\SYSTEM32\POWRPROF.dll
0x00007ffbb7340000 - 0x00007ffbb7376000 	C:\WINDOWS\SYSTEM32\WINMM.dll
0x00007ffbbe6b0000 - 0x00007ffbbe6c4000 	C:\WINDOWS\SYSTEM32\UMPDC.dll
0x00007ffbbdd90000 - 0x00007ffbbddaa000 	C:\WINDOWS\SYSTEM32\kernel.appcore.dll
0x00007ffba0c80000 - 0x00007ffba0c8a000 	C:\Program Files\Java\jdk-21.0.6\bin\jimage.dll
0x000000005fc40000 - 0x000000005fdd6000 	C:\Program Files\Microsoft SQL Server\110\Shared\DBGHELP.DLL
0x00007ffbb9d50000 - 0x00007ffbb9d5f000 	C:\Program Files\Java\jdk-21.0.6\bin\instrument.dll
0x00007ffb815a0000 - 0x00007ffb815bf000 	C:\Program Files\Java\jdk-21.0.6\bin\java.dll
0x00007ffbc1080000 - 0x00007ffbc17a9000 	C:\WINDOWS\System32\SHELL32.dll
0x00007ffbbf4b0000 - 0x00007ffbbf618000 	C:\WINDOWS\System32\wintypes.dll
0x00007ffbc1920000 - 0x00007ffbc1ca2000 	C:\WINDOWS\System32\combase.dll
0x00007ffbbcc80000 - 0x00007ffbbd4d2000 	C:\WINDOWS\SYSTEM32\windows.storage.dll
0x00007ffbc1800000 - 0x00007ffbc18ed000 	C:\WINDOWS\System32\SHCORE.dll
0x00007ffbc1cb0000 - 0x00007ffbc1d14000 	C:\WINDOWS\System32\shlwapi.dll
0x00007ffbbef30000 - 0x00007ffbbef5f000 	C:\WINDOWS\SYSTEM32\profapi.dll
0x00007ffb6cb30000 - 0x00007ffb6cc07000 	C:\Program Files\Java\jdk-21.0.6\bin\jsvml.dll
0x00007ffb81440000 - 0x00007ffb81458000 	C:\Program Files\Java\jdk-21.0.6\bin\zip.dll
0x00007ffb96630000 - 0x00007ffb96640000 	C:\Program Files\Java\jdk-21.0.6\bin\net.dll
0x00007ffbb9120000 - 0x00007ffbb923d000 	C:\WINDOWS\SYSTEM32\WINHTTP.dll
0x00007ffbbe2f0000 - 0x00007ffbbe35a000 	C:\WINDOWS\system32\mswsock.dll
0x00007ffb81530000 - 0x00007ffb81546000 	C:\Program Files\Java\jdk-21.0.6\bin\nio.dll
0x00007ffbb9990000 - 0x00007ffbb99aa000 	C:\Program Files\JetBrains\IntelliJ IDEA 2023.3.4\bin\breakgen64.dll
0x00007ffb8f2e0000 - 0x00007ffb8f2e9000 	C:\Program Files\Java\jdk-21.0.6\bin\extnet.dll
0x00007ffb80980000 - 0x00007ffb809a4000 	C:\Users\DELL\AppData\Local\Temp\jansi-2.4.1-71776360b7c370-jansi.dll
0x00007ffb81fe0000 - 0x00007ffb81ff0000 	C:\Program Files\Java\jdk-21.0.6\bin\verify.dll

dbghelp: loaded successfully - version: 4.0.5 - missing functions: none
symbol engine: initialized successfully - sym options: 0x614 - pdb path: .;C:\Program Files\Java\jdk-21.0.6\bin;C:\WINDOWS\SYSTEM32;C:\WINDOWS\WinSxS\amd64_microsoft.windows.common-controls_6595b64144ccf1df_6.0.26100.3624_none_3e086962e3345f24;C:\Program Files\Java\jdk-21.0.6\bin\server;C:\Program Files\Microsoft SQL Server\110\Shared;C:\Program Files\JetBrains\IntelliJ IDEA 2023.3.4\bin;C:\Users\DELL\AppData\Local\Temp

VM Arguments:
jvm_args: -Dmaven.multiModuleProjectDirectory=C:\Users\DELL\Desktop\angular Project\backEnd\carsAgence -Djansi.passthrough=true -Dmaven.home=C:\Users\DELL\.m2\wrapper\dists\apache-maven-3.9.9-bin\4nf9hui3q3djbarqar9g711ggc\apache-maven-3.9.9 -Dclassworlds.conf=C:\Users\DELL\.m2\wrapper\dists\apache-maven-3.9.9-bin\4nf9hui3q3djbarqar9g711ggc\apache-maven-3.9.9\bin\m2.conf -Dmaven.ext.class.path=C:\Program Files\JetBrains\IntelliJ IDEA 2023.3.4\plugins\maven\lib\maven-event-listener.jar -javaagent:C:\Program Files\JetBrains\IntelliJ IDEA 2023.3.4\lib\idea_rt.jar=52420:C:\Program Files\JetBrains\IntelliJ IDEA 2023.3.4\bin -Dfile.encoding=UTF-8 -Dsun.stdout.encoding=UTF-8 -Dsun.stderr.encoding=UTF-8 
java_command: org.codehaus.classworlds.Launcher -Didea.version=2023.3.4 clean install
java_class_path (initial): C:\Users\DELL\.m2\wrapper\dists\apache-maven-3.9.9-bin\4nf9hui3q3djbarqar9g711ggc\apache-maven-3.9.9\boot\plexus-classworlds-2.8.0.jar;C:\Users\DELL\.m2\wrapper\dists\apache-maven-3.9.9-bin\4nf9hui3q3djbarqar9g711ggc\apache-maven-3.9.9\boot\plexus-classworlds.license
Launcher Type: SUN_STANDARD

[Global flags]
     intx CICompilerCount                          = 4                                         {product} {ergonomic}
     uint ConcGCThreads                            = 2                                         {product} {ergonomic}
     uint G1ConcRefinementThreads                  = 8                                         {product} {ergonomic}
   size_t G1HeapRegionSize                         = 2097152                                   {product} {ergonomic}
    uintx GCDrainStackTargetSize                   = 64                                        {product} {ergonomic}
   size_t InitialHeapSize                          = 264241152                                 {product} {ergonomic}
   size_t MarkStackSize                            = 4194304                                   {product} {ergonomic}
   size_t MaxHeapSize                              = 4227858432                                {product} {ergonomic}
   size_t MaxNewSize                               = 2535456768                                {product} {ergonomic}
   size_t MinHeapDeltaBytes                        = 2097152                                   {product} {ergonomic}
   size_t MinHeapSize                              = 8388608                                   {product} {ergonomic}
    uintx NonNMethodCodeHeapSize                   = 5839372                                {pd product} {ergonomic}
    uintx NonProfiledCodeHeapSize                  = 122909434                              {pd product} {ergonomic}
    uintx ProfiledCodeHeapSize                     = 122909434                              {pd product} {ergonomic}
    uintx ReservedCodeCacheSize                    = 251658240                              {pd product} {ergonomic}
     bool SegmentedCodeCache                       = true                                      {product} {ergonomic}
   size_t SoftMaxHeapSize                          = 4227858432                             {manageable} {ergonomic}
     bool UseCompressedOops                        = true                           {product lp64_product} {ergonomic}
     bool UseG1GC                                  = true                                      {product} {ergonomic}
     bool UseLargePagesIndividualAllocation        = false                                  {pd product} {ergonomic}

Logging:
Log output configuration:
 #0: stdout all=warning uptime,level,tags foldmultilines=false
 #1: stderr all=off uptime,level,tags foldmultilines=false

Environment Variables:
PATH=C:\PySchool\3.10-32-bit\Scripts;C:\PySchool\3.10-32-bit;C:\oraclexe\app\oracle\product\11.2.0\server\bin;C:\Program Files (x86)\VMware\VMware Workstation\bin\;C:\Program Files\Common Files\Siemens\Automation\Simatic OAM\bin;C:\WINDOWS\system32;C:\WINDOWS;C:\WINDOWS\System32\Wbem;C:\WINDOWS\System32\WindowsPowerShell\v1.0\;C:\WINDOWS\System32\OpenSSH\;C:\Program Files (x86)\Microchip\MPLAB C32 Suite\bin;c:\Program Files (x86)\Microsoft SQL Server\100\Tools\Binn\;c:\Program Files\Microsoft SQL Server\100\Tools\Binn\;c:\Program Files\Microsoft SQL Server\100\DTS\Binn\;C:\Users\DELL\AppData\Local\Programs\Python\Python311;C:\Users\DELL\AppData\Local\Programs\Python\Python311\Scripts;C:\wamp64\bin\php\php8.2.0;C:\wamp64\bin;C:\Program Files\Git\cmd;C:\Program Files\dotnet\;C:\Program Files\Docker\Docker\resources\bin;C:\Users\DELL\AppData\Local\nvm;C:\nvm4w\nodejs;C:\Program Files\Microsoft SQL Server\150\Tools\Binn\;C:\Program Files\Microsoft SQL Server\Client SDK\ODBC\170\Tools\Binn\;C:\Program Files (x86)\Windows Kits\10\Windows Performance Toolkit\;C:\Program Files\Microsoft SQL Server\110\DTS\Binn\;C:\Program Files (x86)\Microsoft SQL Server\110\Tools\Binn\;C:\Program Files\Microsoft SQL Server\110\Tools\Binn\;C:\Program Files (x86)\Microsoft SQL Server\110\Tools\Binn\ManagementStudio\;C:\Program Files (x86)\Microsoft Visual Studio 10.0\Common7\IDE\PrivateAssemblies\;C:\Program Files (x86)\Microsoft SQL Server\110\DTS\Binn\;C:\Program Files\Java\jdk-21.0.6\bin;C:\Users\DELL\scoop\shims;C:\Users\DELL\AppData\Local\Microsoft\WindowsApps;C:\phpm\php-8.2.3 (1);C:\Program Files\JetBrains\PhpStorm 2023.1\bin;;C:\wamp64\bin;C:\Users\DELL\AppData\Local\Programs\Microsoft VS Code\bin;C:\Users\DELL\AppData\Roaming\npm;C:\Users\DELL\AppData\Local\nvm;C:\nvm4w\nodejs;C:\Users\DELL\.dotnet\tools;C:\Users\DELL\AppData\Local\Programs\cursor\resources\app\bin
USERNAME=DELL
OS=Windows_NT
PROCESSOR_IDENTIFIER=Intel64 Family 6 Model 140 Stepping 1, GenuineIntel
TMP=C:\Users\DELL\AppData\Local\Temp
TEMP=C:\Users\DELL\AppData\Local\Temp




Periodic native trim disabled

---------------  S Y S T E M  ---------------

OS:
 Windows 11 , 64 bit Build 26100 (10.0.26100.3775)
OS uptime: 1 days 17:54 hours
Hyper-V role detected

CPU: total 8 (initial active 8) (4 cores per cpu, 2 threads per core) family 6 model 140 stepping 1 microcode 0xba, cx8, cmov, fxsr, ht, mmx, 3dnowpref, sse, sse2, sse3, ssse3, sse4.1, sse4.2, popcnt, lzcnt, tsc, tscinvbit, avx, avx2, aes, erms, clmul, bmi1, bmi2, adx, avx512f, avx512dq, avx512cd, avx512bw, avx512vl, sha, fma, vzeroupper, avx512_vpopcntdq, avx512_vpclmulqdq, avx512_vaes, avx512_vnni, clflush, clflushopt, clwb, avx512_vbmi2, avx512_vbmi, hv, rdtscp, rdpid, fsrm, gfni, avx512_bitalg, f16c, cet_ibt, cet_ss, avx512_ifma
Processor Information for all 8 processors :
  Max Mhz: 2419, Current Mhz: 2419, Mhz Limit: 2419

Memory: 4k page, system-wide physical 16126M (1045M free)
TotalPageFile size 65278M (AvailPageFile size 0M)
current process WorkingSet (physical memory assigned to process): 39M, peak: 42M
current process commit charge ("private bytes"): 343M, peak: 343M

vm_info: Java HotSpot(TM) 64-Bit Server VM (21.0.6+8-LTS-188) for windows-amd64 JRE (21.0.6+8-LTS-188), built on 2024-12-03T10:50:54Z by "mach5one" with MS VC++ 17.6 (VS2022)

END.
