#
# There is insufficient memory for the Java Runtime Environment to continue.
# Native memory allocation (mmap) failed to map 65536 bytes for Failed to commit metaspace.
# Possible reasons:
#   The system is out of physical RAM or swap space
#   The process is running with CompressedOops enabled, and the Java Heap may be blocking the growth of the native heap
# Possible solutions:
#   Reduce memory load on the system
#   Increase physical memory or swap space
#   Check if swap backing store is full
#   Decrease Java heap size (-Xmx/-Xms)
#   Decrease number of Java threads
#   Decrease Java thread stack sizes (-Xss)
#   Set larger code cache with -XX:ReservedCodeCacheSize=
#   JVM is running with Zero Based Compressed Oops mode in which the Java heap is
#     placed in the first 32GB address space. The Java Heap base address is the
#     maximum limit for the native heap growth. Please use -XX:HeapBaseMinAddress
#     to set the Java Heap base and to place the Java Heap above 32GB virtual address.
# This output file may be truncated or incomplete.
#
#  Out of Memory Error (virtualSpaceNode.cpp:112), pid=18632, tid=19688
#
# JRE version: Java(TM) SE Runtime Environment (21.0.6+8) (build 21.0.6+8-LTS-188)
# Java VM: Java HotSpot(TM) 64-Bit Server VM (21.0.6+8-LTS-188, mixed mode, sharing, tiered, compressed oops, compressed class ptrs, g1 gc, windows-amd64)
# No core dump will be written. Minidumps are not enabled by default on client versions of Windows
#

---------------  S U M M A R Y ------------

Command Line: -Dmaven.multiModuleProjectDirectory=C:\Users\DELL\Desktop\angular Project\backEnd\carsAgence -Djansi.passthrough=true -Dmaven.home=C:\Users\DELL\.m2\wrapper\dists\apache-maven-3.9.9-bin\4nf9hui3q3djbarqar9g711ggc\apache-maven-3.9.9 -Dclassworlds.conf=C:\Users\DELL\.m2\wrapper\dists\apache-maven-3.9.9-bin\4nf9hui3q3djbarqar9g711ggc\apache-maven-3.9.9\bin\m2.conf -Dmaven.ext.class.path=C:\Program Files\JetBrains\IntelliJ IDEA 2023.3.4\plugins\maven\lib\maven-event-listener.jar -javaagent:C:\Program Files\JetBrains\IntelliJ IDEA 2023.3.4\lib\idea_rt.jar=52330:C:\Program Files\JetBrains\IntelliJ IDEA 2023.3.4\bin -Dfile.encoding=UTF-8 -Dsun.stdout.encoding=UTF-8 -Dsun.stderr.encoding=UTF-8 org.codehaus.classworlds.Launcher -Didea.version=2023.3.4 clean install

Host: 11th Gen Intel(R) Core(TM) i5-1135G7 @ 2.40GHz, 8 cores, 15G,  Windows 11 , 64 bit Build 26100 (10.0.26100.3775)
Time: Tue Apr 22 17:31:53 2025 Afr. centrale Ouest elapsed time: 109.280311 seconds (0d 0h 1m 49s)

---------------  T H R E A D  ---------------

Current thread (0x0000017e18564420):  JavaThread "main"             [_thread_in_vm, id=19688, stack(0x0000001f59900000,0x0000001f59a00000) (1024K)]

Stack: [0x0000001f59900000,0x0000001f59a00000]
Native frames: (J=compiled Java code, j=interpreted, Vv=VM code, C=native code)
V  [jvm.dll+0x6ca6d9]
V  [jvm.dll+0x854f51]
V  [jvm.dll+0x85747e]
V  [jvm.dll+0x857b53]
V  [jvm.dll+0x27dcc6]
V  [jvm.dll+0x850b6e]
V  [jvm.dll+0x66e3e5]
V  [jvm.dll+0x1e3f1c]
V  [jvm.dll+0x1e3cee]
V  [jvm.dll+0x670d13]
V  [jvm.dll+0x670b32]
V  [jvm.dll+0x66edbe]
V  [jvm.dll+0x27ab46]
V  [jvm.dll+0x720015]
V  [jvm.dll+0x720b5f]
V  [jvm.dll+0x3c2068]
V  [jvm.dll+0x3c1146]
V  [jvm.dll+0x3c10e8]
V  [jvm.dll+0x3d2c5a]
C  0x0000017e29bcb294

The last pc belongs to new (printed below).
Java frames: (J=compiled Java code, j=interpreted, Vv=VM code)
j  org.apache.maven.project.DefaultProjectBuilder.build(Ljava/util/List;Ljava/util/List;Ljava/util/Map;Ljava/io/File;Ljava/util/Set;ZZLorg/apache/maven/project/DefaultProjectBuilder$InternalConfig;)Z+11
j  org.apache.maven.project.DefaultProjectBuilder.build(Ljava/util/List;Ljava/util/List;Ljava/util/Map;Ljava/util/List;Ljava/util/Set;ZZLorg/apache/maven/project/DefaultProjectBuilder$InternalConfig;)Z+58
j  org.apache.maven.project.DefaultProjectBuilder.build(Ljava/util/List;ZLorg/apache/maven/project/ProjectBuildingRequest;)Ljava/util/List;+98
j  org.apache.maven.graph.DefaultGraphBuilder.collectProjects(Ljava/util/List;Ljava/util/List;Lorg/apache/maven/execution/MavenExecutionRequest;)V+21
j  org.apache.maven.graph.DefaultGraphBuilder.getProjectsForMavenReactor(Lorg/apache/maven/execution/MavenSession;)Ljava/util/List;+131
j  org.apache.maven.graph.DefaultGraphBuilder.build(Lorg/apache/maven/execution/MavenSession;)Lorg/apache/maven/model/building/Result;+12
j  org.apache.maven.DefaultMaven.buildGraph(Lorg/apache/maven/execution/MavenSession;Lorg/apache/maven/execution/MavenExecutionResult;)Lorg/apache/maven/model/building/Result;+5
j  org.apache.maven.DefaultMaven.doExecute(Lorg/apache/maven/execution/MavenExecutionRequest;Lorg/apache/maven/execution/MavenSession;Lorg/apache/maven/execution/MavenExecutionResult;Lorg/eclipse/aether/DefaultRepositorySystemSession;)Lorg/apache/maven/execution/MavenExecutionResult;+75
j  org.apache.maven.DefaultMaven.doExecute(Lorg/apache/maven/execution/MavenExecutionRequest;)Lorg/apache/maven/execution/MavenExecutionResult;+98
j  org.apache.maven.DefaultMaven.execute(Lorg/apache/maven/execution/MavenExecutionRequest;)Lorg/apache/maven/execution/MavenExecutionResult;+2
j  org.apache.maven.cli.MavenCli.execute(Lorg/apache/maven/cli/CliRequest;)I+27
j  org.apache.maven.cli.MavenCli.doMain(Lorg/apache/maven/cli/CliRequest;)I+66
j  org.apache.maven.cli.MavenCli.main([Ljava/lang/String;Lorg/codehaus/plexus/classworlds/ClassWorld;)I+24
j  java.lang.invoke.DirectMethodHandle$Holder.invokeStatic(Ljava/lang/Object;Ljava/lang/Object;Ljava/lang/Object;)I+11 java.base@21.0.6
j  java.lang.invoke.LambdaForm$MH+0x0000017e3b00b000.invoke(Ljava/lang/Object;Ljava/lang/Object;Ljava/lang/Object;Ljava/lang/Object;)Ljava/lang/Object;+54 java.base@21.0.6
j  java.lang.invoke.LambdaForm$MH+0x0000017e3b002800.invokeExact_MT(Ljava/lang/Object;Ljava/lang/Object;Ljava/lang/Object;Ljava/lang/Object;Ljava/lang/Object;)Ljava/lang/Object;+22 java.base@21.0.6
j  jdk.internal.reflect.DirectMethodHandleAccessor.invokeImpl(Ljava/lang/Object;[Ljava/lang/Object;)Ljava/lang/Object;+72 java.base@21.0.6
j  jdk.internal.reflect.DirectMethodHandleAccessor.invoke(Ljava/lang/Object;[Ljava/lang/Object;)Ljava/lang/Object;+23 java.base@21.0.6
j  java.lang.reflect.Method.invoke(Ljava/lang/Object;[Ljava/lang/Object;)Ljava/lang/Object;+102 java.base@21.0.6
j  org.codehaus.plexus.classworlds.launcher.Launcher.launchEnhanced([Ljava/lang/String;)V+45
j  org.codehaus.plexus.classworlds.launcher.Launcher.launch([Ljava/lang/String;)V+2
j  org.codehaus.plexus.classworlds.launcher.Launcher.mainWithExitCode([Ljava/lang/String;)I+108
j  org.codehaus.plexus.classworlds.launcher.Launcher.main([Ljava/lang/String;)V+1
j  org.codehaus.classworlds.Launcher.main([Ljava/lang/String;)V+1
v  ~StubRoutines::call_stub 0x0000017e29bb10e7
new  187 new  [0x0000017e29bcb100, 0x0000017e29bcb308]  520 bytes
[MachCode]
  0x0000017e29bcb100: 4883 ec08 | c5fa 1104 | 24eb 1f48 | 83ec 10c5 | fb11 0424 | eb14 4883 | ec10 4889 | 0424 48c7 
  0x0000017e29bcb120: 4424 0800 | 0000 00eb | 0150 410f | b755 010f | cac1 ea10 | 488b 4de8 | 488b 4908 | 488b 4908 
  0x0000017e29bcb140: 488b 4108 | 807c 1004 | 070f 85d3 | 0000 0066 | 8b54 d148 | 488b 4928 | 488b 4cd1 | 0851 80b9 
  0x0000017e29bcb160: 2101 0000 | 040f 85b6 | 0000 008b | 5108 f6c2 | 010f 85aa | 0000 0049 | 8b87 b801 | 0000 488d 
  0x0000017e29bcb180: 1c10 493b | 9fc8 0100 | 000f 8792 | 0000 0049 | 899f b801 | 0000 4883 | ea10 0f84 | 0f00 0000 
  0x0000017e29bcb1a0: 33c9 c1ea | 0348 894c | d008 48ff | ca75 f648 | c700 0100 | 0000 5933 | f689 700c | 49ba 0000 
  0x0000017e29bcb1c0: 003a 7e01 | 0000 492b | ca89 4808 | 49ba e157 | b559 fb7f | 0000 4180 | 3a00 0f84 | 3c00 0000 
  0x0000017e29bcb1e0: 5048 8bc8 | 4883 ec20 | 40f6 c40f | 0f84 1900 | 0000 4883 | ec08 48b8 | c005 6659 | fb7f 0000 
  0x0000017e29bcb200: ffd0 4883 | c408 e90c | 0000 0048 | b8c0 0566 | 59fb 7f00 | 00ff d048 | 83c4 2058 | e9cb 0000 
  0x0000017e29bcb220: 0059 488b | 55e8 488b | 5208 488b | 5208 450f | b745 0141 | 0fc8 41c1 | e810 e805 | 0000 00e9 
  0x0000017e29bcb240: a800 0000 | 488d 4424 | 084c 896d | c049 8bcf | c5f8 7749 | 89af a803 | 0000 4989 | 8798 0300 
  0x0000017e29bcb260: 0048 83ec | 2040 f6c4 | 0f0f 8419 | 0000 0048 | 83ec 0848 | b8d0 2b30 | 59fb 7f00 | 00ff d048 
  0x0000017e29bcb280: 83c4 08e9 | 0c00 0000 | 48b8 d02b | 3059 fb7f | 0000 ffd0 | 4883 c420 | 49c7 8798 | 0300 0000 
  0x0000017e29bcb2a0: 0000 0049 | c787 a803 | 0000 0000 | 0000 49c7 | 87a0 0300 | 0000 0000 | 00c5 f877 | 4983 7f08 
  0x0000017e29bcb2c0: 000f 8405 | 0000 00e9 | 345c feff | 498b 87f0 | 0300 0049 | c787 f003 | 0000 0000 | 0000 4c8b 
  0x0000017e29bcb2e0: 6dc0 4c8b | 75c8 4e8d | 74f5 00c3 | 410f b65d | 0349 83c5 | 0349 ba10 | 1cb8 59fb | 7f00 0041 
  0x0000017e29bcb300: ff24 da0f | 1f44 0000 
[/MachCode]

---------------  P R O C E S S  ---------------

Threads class SMR info:
_java_thread_list=0x0000017e7f68b6d0, length=13, elements={
0x0000017e18564420, 0x0000017e39853bf0, 0x0000017e39858a00, 0x0000017e39859650,
0x0000017e3985e0c0, 0x0000017e3985eb10, 0x0000017e3985f560, 0x0000017e398622f0,
0x0000017e39867390, 0x0000017e3982a540, 0x0000017e39bfd300, 0x0000017e39bfd960,
0x0000017e7f68c9c0
}

Java Threads: ( => current thread )
=>0x0000017e18564420 JavaThread "main"                              [_thread_in_vm, id=19688, stack(0x0000001f59900000,0x0000001f59a00000) (1024K)]
  0x0000017e39853bf0 JavaThread "Reference Handler"          daemon [_thread_blocked, id=19808, stack(0x0000001f5a100000,0x0000001f5a200000) (1024K)]
  0x0000017e39858a00 JavaThread "Finalizer"                  daemon [_thread_blocked, id=10212, stack(0x0000001f5a200000,0x0000001f5a300000) (1024K)]
  0x0000017e39859650 JavaThread "Signal Dispatcher"          daemon [_thread_blocked, id=21612, stack(0x0000001f5a300000,0x0000001f5a400000) (1024K)]
  0x0000017e3985e0c0 JavaThread "Attach Listener"            daemon [_thread_blocked, id=10556, stack(0x0000001f5a400000,0x0000001f5a500000) (1024K)]
  0x0000017e3985eb10 JavaThread "Service Thread"             daemon [_thread_blocked, id=19524, stack(0x0000001f5a500000,0x0000001f5a600000) (1024K)]
  0x0000017e3985f560 JavaThread "Monitor Deflation Thread"   daemon [_thread_blocked, id=4276, stack(0x0000001f5a600000,0x0000001f5a700000) (1024K)]
  0x0000017e398622f0 JavaThread "C2 CompilerThread0"         daemon [_thread_blocked, id=21888, stack(0x0000001f5a700000,0x0000001f5a800000) (1024K)]
  0x0000017e39867390 JavaThread "C1 CompilerThread0"         daemon [_thread_blocked, id=19332, stack(0x0000001f5a800000,0x0000001f5a900000) (1024K)]
  0x0000017e3982a540 JavaThread "Common-Cleaner"             daemon [_thread_blocked, id=12376, stack(0x0000001f5a900000,0x0000001f5aa00000) (1024K)]
  0x0000017e39bfd300 JavaThread "Monitor Ctrl-Break"         daemon [_thread_in_native, id=23616, stack(0x0000001f5aa00000,0x0000001f5ab00000) (1024K)]
  0x0000017e39bfd960 JavaThread "Notification Thread"        daemon [_thread_blocked, id=23620, stack(0x0000001f5ab00000,0x0000001f5ac00000) (1024K)]
  0x0000017e7f68c9c0 JavaThread "Thread-1"                   daemon [_thread_blocked, id=31896, stack(0x0000001f59600000,0x0000001f59700000) (1024K)]
Total: 13

Other Threads:
  0x0000017e398393d0 VMThread "VM Thread"                           [id=20660, stack(0x0000001f5a000000,0x0000001f5a100000) (1024K)]
  0x0000017e398298e0 WatcherThread "VM Periodic Task Thread"        [id=9940, stack(0x0000001f59f00000,0x0000001f5a000000) (1024K)]
  0x0000017e185cafe0 WorkerThread "GC Thread#0"                     [id=17832, stack(0x0000001f59a00000,0x0000001f59b00000) (1024K)]
  0x0000017e39838550 WorkerThread "GC Thread#1"                     [id=35540, stack(0x0000001f5ad00000,0x0000001f5ae00000) (1024K)]
  0x0000017e398388f0 WorkerThread "GC Thread#2"                     [id=35544, stack(0x0000001f5ae00000,0x0000001f5af00000) (1024K)]
  0x0000017e39837a70 WorkerThread "GC Thread#3"                     [id=35548, stack(0x0000001f5af00000,0x0000001f5b000000) (1024K)]
  0x0000017e39837e10 WorkerThread "GC Thread#4"                     [id=35552, stack(0x0000001f5b000000,0x0000001f5b100000) (1024K)]
  0x0000017e39839030 WorkerThread "GC Thread#5"                     [id=35556, stack(0x0000001f5b100000,0x0000001f5b200000) (1024K)]
  0x0000017e39838c90 WorkerThread "GC Thread#6"                     [id=34140, stack(0x0000001f5b200000,0x0000001f5b300000) (1024K)]
  0x0000017e7f64d5b0 WorkerThread "GC Thread#7"                     [id=21348, stack(0x0000001f5b300000,0x0000001f5b400000) (1024K)]
  0x0000017e185dc2e0 ConcurrentGCThread "G1 Main Marker"            [id=17700, stack(0x0000001f59b00000,0x0000001f59c00000) (1024K)]
  0x0000017e185dd000 WorkerThread "G1 Conc#0"                       [id=7820, stack(0x0000001f59c00000,0x0000001f59d00000) (1024K)]
  0x0000017e397d5610 ConcurrentGCThread "G1 Refine#0"               [id=14924, stack(0x0000001f59d00000,0x0000001f59e00000) (1024K)]
  0x0000017e397d6140 ConcurrentGCThread "G1 Service"                [id=21852, stack(0x0000001f59e00000,0x0000001f59f00000) (1024K)]
Total: 14

Threads with active compile tasks:
Total: 0

VM state: not at safepoint (normal execution)

VM Mutex/Monitor currently owned by a thread:  ([mutex/lock_event])
[0x00007ffb59b6be18] Metaspace_lock - owner thread: 0x0000017e18564420

Heap address: 0x0000000704000000, size: 4032 MB, Compressed Oops mode: Zero based, Oop shift amount: 3

CDS archive(s) mapped at: [0x0000017e3a000000-0x0000017e3ac90000-0x0000017e3ac90000), size 13172736, SharedBaseAddress: 0x0000017e3a000000, ArchiveRelocationMode: 1.
Compressed class space mapped at: 0x0000017e3b000000-0x0000017e7b000000, reserved size: 1073741824
Narrow klass base: 0x0000017e3a000000, Narrow klass shift: 0, Narrow klass range: 0x100000000

GC Precious Log:
 CardTable entry size: 512
 Card Set container configuration: InlinePtr #cards 4 size 8 Array Of Cards #cards 16 size 48 Howl #buckets 8 coarsen threshold 3686 Howl Bitmap #cards 512 size 80 coarsen threshold 460 Card regions per heap region 1 cards per card region 4096
 CPUs: 8 total, 8 available
 Memory: 16126M
 Large Page Support: Disabled
 NUMA Support: Disabled
 Compressed Oops: Enabled (Zero based)
 Heap Region Size: 2M
 Heap Min Capacity: 8M
 Heap Initial Capacity: 252M
 Heap Max Capacity: 4032M
 Pre-touch: Disabled
 Parallel Workers: 8
 Concurrent Workers: 2
 Concurrent Refinement Workers: 8
 Periodic GC: Disabled

Heap:
 garbage-first heap   total 258048K, used 20887K [0x0000000704000000, 0x0000000800000000)
  region size 2048K, 9 young (18432K), 1 survivors (2048K)
 Metaspace       used 14567K, committed 14720K, reserved 1114112K
  class space    used 1724K, committed 1792K, reserved 1048576K

Heap Regions: E=young(eden), S=young(survivor), O=old, HS=humongous(starts), HC=humongous(continues), CS=collection set, F=free, TAMS=top-at-mark-start, PB=parsable bottom
|   0|0x0000000704000000, 0x0000000704200000, 0x0000000704200000|100%| O|  |TAMS 0x0000000704000000| PB 0x0000000704000000| Untracked 
|   1|0x0000000704200000, 0x0000000704400000, 0x0000000704400000|100%| O|  |TAMS 0x0000000704200000| PB 0x0000000704200000| Untracked 
|   2|0x0000000704400000, 0x0000000704508de8, 0x0000000704600000| 51%| O|  |TAMS 0x0000000704400000| PB 0x0000000704400000| Untracked 
|   3|0x0000000704600000, 0x0000000704600000, 0x0000000704800000|  0%| F|  |TAMS 0x0000000704600000| PB 0x0000000704600000| Untracked 
|   4|0x0000000704800000, 0x0000000704800000, 0x0000000704a00000|  0%| F|  |TAMS 0x0000000704800000| PB 0x0000000704800000| Untracked 
|   5|0x0000000704a00000, 0x0000000704a00000, 0x0000000704c00000|  0%| F|  |TAMS 0x0000000704a00000| PB 0x0000000704a00000| Untracked 
|   6|0x0000000704c00000, 0x0000000704c00000, 0x0000000704e00000|  0%| F|  |TAMS 0x0000000704c00000| PB 0x0000000704c00000| Untracked 
|   7|0x0000000704e00000, 0x0000000704e00000, 0x0000000705000000|  0%| F|  |TAMS 0x0000000704e00000| PB 0x0000000704e00000| Untracked 
|   8|0x0000000705000000, 0x0000000705000000, 0x0000000705200000|  0%| F|  |TAMS 0x0000000705000000| PB 0x0000000705000000| Untracked 
|   9|0x0000000705200000, 0x0000000705200000, 0x0000000705400000|  0%| F|  |TAMS 0x0000000705200000| PB 0x0000000705200000| Untracked 
|  10|0x0000000705400000, 0x0000000705400000, 0x0000000705600000|  0%| F|  |TAMS 0x0000000705400000| PB 0x0000000705400000| Untracked 
|  11|0x0000000705600000, 0x0000000705600000, 0x0000000705800000|  0%| F|  |TAMS 0x0000000705600000| PB 0x0000000705600000| Untracked 
|  12|0x0000000705800000, 0x0000000705800000, 0x0000000705a00000|  0%| F|  |TAMS 0x0000000705800000| PB 0x0000000705800000| Untracked 
|  13|0x0000000705a00000, 0x0000000705a00000, 0x0000000705c00000|  0%| F|  |TAMS 0x0000000705a00000| PB 0x0000000705a00000| Untracked 
|  14|0x0000000705c00000, 0x0000000705c00000, 0x0000000705e00000|  0%| F|  |TAMS 0x0000000705c00000| PB 0x0000000705c00000| Untracked 
|  15|0x0000000705e00000, 0x0000000705e00000, 0x0000000706000000|  0%| F|  |TAMS 0x0000000705e00000| PB 0x0000000705e00000| Untracked 
|  16|0x0000000706000000, 0x0000000706000000, 0x0000000706200000|  0%| F|  |TAMS 0x0000000706000000| PB 0x0000000706000000| Untracked 
|  17|0x0000000706200000, 0x0000000706200000, 0x0000000706400000|  0%| F|  |TAMS 0x0000000706200000| PB 0x0000000706200000| Untracked 
|  18|0x0000000706400000, 0x0000000706400000, 0x0000000706600000|  0%| F|  |TAMS 0x0000000706400000| PB 0x0000000706400000| Untracked 
|  19|0x0000000706600000, 0x0000000706600000, 0x0000000706800000|  0%| F|  |TAMS 0x0000000706600000| PB 0x0000000706600000| Untracked 
|  20|0x0000000706800000, 0x0000000706800000, 0x0000000706a00000|  0%| F|  |TAMS 0x0000000706800000| PB 0x0000000706800000| Untracked 
|  21|0x0000000706a00000, 0x0000000706a00000, 0x0000000706c00000|  0%| F|  |TAMS 0x0000000706a00000| PB 0x0000000706a00000| Untracked 
|  22|0x0000000706c00000, 0x0000000706c00000, 0x0000000706e00000|  0%| F|  |TAMS 0x0000000706c00000| PB 0x0000000706c00000| Untracked 
|  23|0x0000000706e00000, 0x0000000706e00000, 0x0000000707000000|  0%| F|  |TAMS 0x0000000706e00000| PB 0x0000000706e00000| Untracked 
|  24|0x0000000707000000, 0x0000000707000000, 0x0000000707200000|  0%| F|  |TAMS 0x0000000707000000| PB 0x0000000707000000| Untracked 
|  25|0x0000000707200000, 0x0000000707200000, 0x0000000707400000|  0%| F|  |TAMS 0x0000000707200000| PB 0x0000000707200000| Untracked 
|  26|0x0000000707400000, 0x0000000707400000, 0x0000000707600000|  0%| F|  |TAMS 0x0000000707400000| PB 0x0000000707400000| Untracked 
|  27|0x0000000707600000, 0x0000000707600000, 0x0000000707800000|  0%| F|  |TAMS 0x0000000707600000| PB 0x0000000707600000| Untracked 
|  28|0x0000000707800000, 0x0000000707800000, 0x0000000707a00000|  0%| F|  |TAMS 0x0000000707800000| PB 0x0000000707800000| Untracked 
|  29|0x0000000707a00000, 0x0000000707a00000, 0x0000000707c00000|  0%| F|  |TAMS 0x0000000707a00000| PB 0x0000000707a00000| Untracked 
|  30|0x0000000707c00000, 0x0000000707c00000, 0x0000000707e00000|  0%| F|  |TAMS 0x0000000707c00000| PB 0x0000000707c00000| Untracked 
|  31|0x0000000707e00000, 0x0000000707e00000, 0x0000000708000000|  0%| F|  |TAMS 0x0000000707e00000| PB 0x0000000707e00000| Untracked 
|  32|0x0000000708000000, 0x0000000708000000, 0x0000000708200000|  0%| F|  |TAMS 0x0000000708000000| PB 0x0000000708000000| Untracked 
|  33|0x0000000708200000, 0x0000000708200000, 0x0000000708400000|  0%| F|  |TAMS 0x0000000708200000| PB 0x0000000708200000| Untracked 
|  34|0x0000000708400000, 0x0000000708400000, 0x0000000708600000|  0%| F|  |TAMS 0x0000000708400000| PB 0x0000000708400000| Untracked 
|  35|0x0000000708600000, 0x0000000708600000, 0x0000000708800000|  0%| F|  |TAMS 0x0000000708600000| PB 0x0000000708600000| Untracked 
|  36|0x0000000708800000, 0x0000000708800000, 0x0000000708a00000|  0%| F|  |TAMS 0x0000000708800000| PB 0x0000000708800000| Untracked 
|  37|0x0000000708a00000, 0x0000000708a00000, 0x0000000708c00000|  0%| F|  |TAMS 0x0000000708a00000| PB 0x0000000708a00000| Untracked 
|  38|0x0000000708c00000, 0x0000000708c00000, 0x0000000708e00000|  0%| F|  |TAMS 0x0000000708c00000| PB 0x0000000708c00000| Untracked 
|  39|0x0000000708e00000, 0x0000000708e00000, 0x0000000709000000|  0%| F|  |TAMS 0x0000000708e00000| PB 0x0000000708e00000| Untracked 
|  40|0x0000000709000000, 0x0000000709000000, 0x0000000709200000|  0%| F|  |TAMS 0x0000000709000000| PB 0x0000000709000000| Untracked 
|  41|0x0000000709200000, 0x0000000709200000, 0x0000000709400000|  0%| F|  |TAMS 0x0000000709200000| PB 0x0000000709200000| Untracked 
|  42|0x0000000709400000, 0x0000000709400000, 0x0000000709600000|  0%| F|  |TAMS 0x0000000709400000| PB 0x0000000709400000| Untracked 
|  43|0x0000000709600000, 0x0000000709600000, 0x0000000709800000|  0%| F|  |TAMS 0x0000000709600000| PB 0x0000000709600000| Untracked 
|  44|0x0000000709800000, 0x0000000709800000, 0x0000000709a00000|  0%| F|  |TAMS 0x0000000709800000| PB 0x0000000709800000| Untracked 
|  45|0x0000000709a00000, 0x0000000709a00000, 0x0000000709c00000|  0%| F|  |TAMS 0x0000000709a00000| PB 0x0000000709a00000| Untracked 
|  46|0x0000000709c00000, 0x0000000709c00000, 0x0000000709e00000|  0%| F|  |TAMS 0x0000000709c00000| PB 0x0000000709c00000| Untracked 
|  47|0x0000000709e00000, 0x0000000709e00000, 0x000000070a000000|  0%| F|  |TAMS 0x0000000709e00000| PB 0x0000000709e00000| Untracked 
|  48|0x000000070a000000, 0x000000070a000000, 0x000000070a200000|  0%| F|  |TAMS 0x000000070a000000| PB 0x000000070a000000| Untracked 
|  49|0x000000070a200000, 0x000000070a200000, 0x000000070a400000|  0%| F|  |TAMS 0x000000070a200000| PB 0x000000070a200000| Untracked 
|  50|0x000000070a400000, 0x000000070a400000, 0x000000070a600000|  0%| F|  |TAMS 0x000000070a400000| PB 0x000000070a400000| Untracked 
|  51|0x000000070a600000, 0x000000070a600000, 0x000000070a800000|  0%| F|  |TAMS 0x000000070a600000| PB 0x000000070a600000| Untracked 
|  52|0x000000070a800000, 0x000000070a800000, 0x000000070aa00000|  0%| F|  |TAMS 0x000000070a800000| PB 0x000000070a800000| Untracked 
|  53|0x000000070aa00000, 0x000000070aa00000, 0x000000070ac00000|  0%| F|  |TAMS 0x000000070aa00000| PB 0x000000070aa00000| Untracked 
|  54|0x000000070ac00000, 0x000000070ac00000, 0x000000070ae00000|  0%| F|  |TAMS 0x000000070ac00000| PB 0x000000070ac00000| Untracked 
|  55|0x000000070ae00000, 0x000000070ae00000, 0x000000070b000000|  0%| F|  |TAMS 0x000000070ae00000| PB 0x000000070ae00000| Untracked 
|  56|0x000000070b000000, 0x000000070b000000, 0x000000070b200000|  0%| F|  |TAMS 0x000000070b000000| PB 0x000000070b000000| Untracked 
|  57|0x000000070b200000, 0x000000070b200000, 0x000000070b400000|  0%| F|  |TAMS 0x000000070b200000| PB 0x000000070b200000| Untracked 
|  58|0x000000070b400000, 0x000000070b400000, 0x000000070b600000|  0%| F|  |TAMS 0x000000070b400000| PB 0x000000070b400000| Untracked 
|  59|0x000000070b600000, 0x000000070b600000, 0x000000070b800000|  0%| F|  |TAMS 0x000000070b600000| PB 0x000000070b600000| Untracked 
|  60|0x000000070b800000, 0x000000070b800000, 0x000000070ba00000|  0%| F|  |TAMS 0x000000070b800000| PB 0x000000070b800000| Untracked 
|  61|0x000000070ba00000, 0x000000070ba00000, 0x000000070bc00000|  0%| F|  |TAMS 0x000000070ba00000| PB 0x000000070ba00000| Untracked 
|  62|0x000000070bc00000, 0x000000070bc00000, 0x000000070be00000|  0%| F|  |TAMS 0x000000070bc00000| PB 0x000000070bc00000| Untracked 
|  63|0x000000070be00000, 0x000000070be00000, 0x000000070c000000|  0%| F|  |TAMS 0x000000070be00000| PB 0x000000070be00000| Untracked 
|  64|0x000000070c000000, 0x000000070c000000, 0x000000070c200000|  0%| F|  |TAMS 0x000000070c000000| PB 0x000000070c000000| Untracked 
|  65|0x000000070c200000, 0x000000070c200000, 0x000000070c400000|  0%| F|  |TAMS 0x000000070c200000| PB 0x000000070c200000| Untracked 
|  66|0x000000070c400000, 0x000000070c400000, 0x000000070c600000|  0%| F|  |TAMS 0x000000070c400000| PB 0x000000070c400000| Untracked 
|  67|0x000000070c600000, 0x000000070c600000, 0x000000070c800000|  0%| F|  |TAMS 0x000000070c600000| PB 0x000000070c600000| Untracked 
|  68|0x000000070c800000, 0x000000070c800000, 0x000000070ca00000|  0%| F|  |TAMS 0x000000070c800000| PB 0x000000070c800000| Untracked 
|  69|0x000000070ca00000, 0x000000070ca00000, 0x000000070cc00000|  0%| F|  |TAMS 0x000000070ca00000| PB 0x000000070ca00000| Untracked 
|  70|0x000000070cc00000, 0x000000070cc00000, 0x000000070ce00000|  0%| F|  |TAMS 0x000000070cc00000| PB 0x000000070cc00000| Untracked 
|  71|0x000000070ce00000, 0x000000070ce00000, 0x000000070d000000|  0%| F|  |TAMS 0x000000070ce00000| PB 0x000000070ce00000| Untracked 
|  72|0x000000070d000000, 0x000000070d000000, 0x000000070d200000|  0%| F|  |TAMS 0x000000070d000000| PB 0x000000070d000000| Untracked 
|  73|0x000000070d200000, 0x000000070d200000, 0x000000070d400000|  0%| F|  |TAMS 0x000000070d200000| PB 0x000000070d200000| Untracked 
|  74|0x000000070d400000, 0x000000070d400000, 0x000000070d600000|  0%| F|  |TAMS 0x000000070d400000| PB 0x000000070d400000| Untracked 
|  75|0x000000070d600000, 0x000000070d600000, 0x000000070d800000|  0%| F|  |TAMS 0x000000070d600000| PB 0x000000070d600000| Untracked 
|  76|0x000000070d800000, 0x000000070d800000, 0x000000070da00000|  0%| F|  |TAMS 0x000000070d800000| PB 0x000000070d800000| Untracked 
|  77|0x000000070da00000, 0x000000070da00000, 0x000000070dc00000|  0%| F|  |TAMS 0x000000070da00000| PB 0x000000070da00000| Untracked 
|  78|0x000000070dc00000, 0x000000070dc00000, 0x000000070de00000|  0%| F|  |TAMS 0x000000070dc00000| PB 0x000000070dc00000| Untracked 
|  79|0x000000070de00000, 0x000000070de00000, 0x000000070e000000|  0%| F|  |TAMS 0x000000070de00000| PB 0x000000070de00000| Untracked 
|  80|0x000000070e000000, 0x000000070e000000, 0x000000070e200000|  0%| F|  |TAMS 0x000000070e000000| PB 0x000000070e000000| Untracked 
|  81|0x000000070e200000, 0x000000070e200000, 0x000000070e400000|  0%| F|  |TAMS 0x000000070e200000| PB 0x000000070e200000| Untracked 
|  82|0x000000070e400000, 0x000000070e400000, 0x000000070e600000|  0%| F|  |TAMS 0x000000070e400000| PB 0x000000070e400000| Untracked 
|  83|0x000000070e600000, 0x000000070e600000, 0x000000070e800000|  0%| F|  |TAMS 0x000000070e600000| PB 0x000000070e600000| Untracked 
|  84|0x000000070e800000, 0x000000070e800000, 0x000000070ea00000|  0%| F|  |TAMS 0x000000070e800000| PB 0x000000070e800000| Untracked 
|  85|0x000000070ea00000, 0x000000070ea00000, 0x000000070ec00000|  0%| F|  |TAMS 0x000000070ea00000| PB 0x000000070ea00000| Untracked 
|  86|0x000000070ec00000, 0x000000070ec00000, 0x000000070ee00000|  0%| F|  |TAMS 0x000000070ec00000| PB 0x000000070ec00000| Untracked 
|  87|0x000000070ee00000, 0x000000070ee00000, 0x000000070f000000|  0%| F|  |TAMS 0x000000070ee00000| PB 0x000000070ee00000| Untracked 
|  88|0x000000070f000000, 0x000000070f000000, 0x000000070f200000|  0%| F|  |TAMS 0x000000070f000000| PB 0x000000070f000000| Untracked 
|  89|0x000000070f200000, 0x000000070f200000, 0x000000070f400000|  0%| F|  |TAMS 0x000000070f200000| PB 0x000000070f200000| Untracked 
|  90|0x000000070f400000, 0x000000070f400000, 0x000000070f600000|  0%| F|  |TAMS 0x000000070f400000| PB 0x000000070f400000| Untracked 
|  91|0x000000070f600000, 0x000000070f600000, 0x000000070f800000|  0%| F|  |TAMS 0x000000070f600000| PB 0x000000070f600000| Untracked 
|  92|0x000000070f800000, 0x000000070f800000, 0x000000070fa00000|  0%| F|  |TAMS 0x000000070f800000| PB 0x000000070f800000| Untracked 
|  93|0x000000070fa00000, 0x000000070fa00000, 0x000000070fc00000|  0%| F|  |TAMS 0x000000070fa00000| PB 0x000000070fa00000| Untracked 
|  94|0x000000070fc00000, 0x000000070fc00000, 0x000000070fe00000|  0%| F|  |TAMS 0x000000070fc00000| PB 0x000000070fc00000| Untracked 
|  95|0x000000070fe00000, 0x000000070fe00000, 0x0000000710000000|  0%| F|  |TAMS 0x000000070fe00000| PB 0x000000070fe00000| Untracked 
|  96|0x0000000710000000, 0x0000000710000000, 0x0000000710200000|  0%| F|  |TAMS 0x0000000710000000| PB 0x0000000710000000| Untracked 
|  97|0x0000000710200000, 0x0000000710200000, 0x0000000710400000|  0%| F|  |TAMS 0x0000000710200000| PB 0x0000000710200000| Untracked 
|  98|0x0000000710400000, 0x0000000710400000, 0x0000000710600000|  0%| F|  |TAMS 0x0000000710400000| PB 0x0000000710400000| Untracked 
|  99|0x0000000710600000, 0x0000000710600000, 0x0000000710800000|  0%| F|  |TAMS 0x0000000710600000| PB 0x0000000710600000| Untracked 
| 100|0x0000000710800000, 0x0000000710800000, 0x0000000710a00000|  0%| F|  |TAMS 0x0000000710800000| PB 0x0000000710800000| Untracked 
| 101|0x0000000710a00000, 0x0000000710a00000, 0x0000000710c00000|  0%| F|  |TAMS 0x0000000710a00000| PB 0x0000000710a00000| Untracked 
| 102|0x0000000710c00000, 0x0000000710c00000, 0x0000000710e00000|  0%| F|  |TAMS 0x0000000710c00000| PB 0x0000000710c00000| Untracked 
| 103|0x0000000710e00000, 0x0000000710e00000, 0x0000000711000000|  0%| F|  |TAMS 0x0000000710e00000| PB 0x0000000710e00000| Untracked 
| 104|0x0000000711000000, 0x0000000711000000, 0x0000000711200000|  0%| F|  |TAMS 0x0000000711000000| PB 0x0000000711000000| Untracked 
| 105|0x0000000711200000, 0x0000000711200000, 0x0000000711400000|  0%| F|  |TAMS 0x0000000711200000| PB 0x0000000711200000| Untracked 
| 106|0x0000000711400000, 0x0000000711400000, 0x0000000711600000|  0%| F|  |TAMS 0x0000000711400000| PB 0x0000000711400000| Untracked 
| 107|0x0000000711600000, 0x0000000711600000, 0x0000000711800000|  0%| F|  |TAMS 0x0000000711600000| PB 0x0000000711600000| Untracked 
| 108|0x0000000711800000, 0x0000000711800000, 0x0000000711a00000|  0%| F|  |TAMS 0x0000000711800000| PB 0x0000000711800000| Untracked 
| 109|0x0000000711a00000, 0x0000000711a00000, 0x0000000711c00000|  0%| F|  |TAMS 0x0000000711a00000| PB 0x0000000711a00000| Untracked 
| 110|0x0000000711c00000, 0x0000000711c00000, 0x0000000711e00000|  0%| F|  |TAMS 0x0000000711c00000| PB 0x0000000711c00000| Untracked 
| 111|0x0000000711e00000, 0x0000000711e00000, 0x0000000712000000|  0%| F|  |TAMS 0x0000000711e00000| PB 0x0000000711e00000| Untracked 
| 112|0x0000000712000000, 0x0000000712000000, 0x0000000712200000|  0%| F|  |TAMS 0x0000000712000000| PB 0x0000000712000000| Untracked 
| 113|0x0000000712200000, 0x0000000712200000, 0x0000000712400000|  0%| F|  |TAMS 0x0000000712200000| PB 0x0000000712200000| Untracked 
| 114|0x0000000712400000, 0x0000000712400000, 0x0000000712600000|  0%| F|  |TAMS 0x0000000712400000| PB 0x0000000712400000| Untracked 
| 115|0x0000000712600000, 0x0000000712600000, 0x0000000712800000|  0%| F|  |TAMS 0x0000000712600000| PB 0x0000000712600000| Untracked 
| 116|0x0000000712800000, 0x0000000712800000, 0x0000000712a00000|  0%| F|  |TAMS 0x0000000712800000| PB 0x0000000712800000| Untracked 
| 117|0x0000000712a00000, 0x0000000712a457b0, 0x0000000712c00000| 13%| E|  |TAMS 0x0000000712a00000| PB 0x0000000712a00000| Complete 
| 118|0x0000000712c00000, 0x0000000712d5cf80, 0x0000000712e00000| 68%| S|CS|TAMS 0x0000000712c00000| PB 0x0000000712c00000| Complete 
| 119|0x0000000712e00000, 0x0000000713000000, 0x0000000713000000|100%| E|CS|TAMS 0x0000000712e00000| PB 0x0000000712e00000| Complete 
| 120|0x0000000713000000, 0x0000000713200000, 0x0000000713200000|100%| E|CS|TAMS 0x0000000713000000| PB 0x0000000713000000| Complete 
| 121|0x0000000713200000, 0x0000000713400000, 0x0000000713400000|100%| E|CS|TAMS 0x0000000713200000| PB 0x0000000713200000| Complete 
| 122|0x0000000713400000, 0x0000000713600000, 0x0000000713600000|100%| E|CS|TAMS 0x0000000713400000| PB 0x0000000713400000| Complete 
| 123|0x0000000713600000, 0x0000000713800000, 0x0000000713800000|100%| E|CS|TAMS 0x0000000713600000| PB 0x0000000713600000| Complete 
| 124|0x0000000713800000, 0x0000000713a00000, 0x0000000713a00000|100%| E|CS|TAMS 0x0000000713800000| PB 0x0000000713800000| Complete 
| 125|0x0000000713a00000, 0x0000000713c00000, 0x0000000713c00000|100%| E|CS|TAMS 0x0000000713a00000| PB 0x0000000713a00000| Complete 

Card table byte_map: [0x0000017e32800000,0x0000017e32fe0000] _byte_map_base: 0x0000017e2efe0000

Marking Bits: (CMBitMap*) 0x0000017e185cbe00
 Bits: [0x0000017e32fe0000, 0x0000017e36ee0000)

Polling page: 0x0000017e1a0c0000

Metaspace:

Usage:
  Non-class:     12.54 MB used.
      Class:      1.68 MB used.
       Both:     14.23 MB used.

Virtual space:
  Non-class space:       64.00 MB reserved,      12.62 MB ( 20%) committed,  1 nodes.
      Class space:        1.00 GB reserved,       1.75 MB ( <1%) committed,  1 nodes.
             Both:        1.06 GB reserved,      14.38 MB (  1%) committed. 

Chunk freelists:
   Non-Class:  2.98 MB
       Class:  14.07 MB
        Both:  17.05 MB

MaxMetaspaceSize: unlimited
CompressedClassSpaceSize: 1.00 GB
Initial GC threshold: 21.00 MB
Current GC threshold: 21.00 MB
CDS: on
 - commit_granule_bytes: 65536.
 - commit_granule_words: 8192.
 - virtual_space_node_default_size: 8388608.
 - enlarge_chunks_in_place: 1.
 - use_allocation_guard: 0.


Internal statistics:

num_allocs_failed_limit: 0.
num_arena_births: 144.
num_arena_deaths: 0.
num_vsnodes_births: 2.
num_vsnodes_deaths: 0.
num_space_committed: 230.
num_space_uncommitted: 0.
num_chunks_returned_to_freelist: 0.
num_chunks_taken_from_freelist: 611.
num_chunk_merges: 0.
num_chunk_splits: 434.
num_chunks_enlarged: 350.
num_inconsistent_stats: 0.

CodeHeap 'non-profiled nmethods': size=120000Kb used=1147Kb max_used=1147Kb free=118852Kb
 bounds [0x0000017e2a150000, 0x0000017e2a3c0000, 0x0000017e31680000]
CodeHeap 'profiled nmethods': size=120000Kb used=5569Kb max_used=5569Kb free=114430Kb
 bounds [0x0000017e22680000, 0x0000017e22c00000, 0x0000017e29bb0000]
CodeHeap 'non-nmethods': size=5760Kb used=1538Kb max_used=1551Kb free=4221Kb
 bounds [0x0000017e29bb0000, 0x0000017e29e20000, 0x0000017e2a150000]
 total_blobs=3303 nmethods=2811 adapters=396
 compilation: enabled
              stopped_count=0, restarted_count=0
 full_count=0

Compilation events (20 events):
Event: 105.074 Thread 0x0000017e39867390 2811       3       java.lang.invoke.MethodType::leadingReferenceParameter (30 bytes)
Event: 105.075 Thread 0x0000017e39867390 nmethod 2811 0x0000017e22bea490 code [0x0000017e22bea660, 0x0000017e22bea958]
Event: 105.075 Thread 0x0000017e39867390 2814   !   3       java.net.URL::getURLStreamHandler (191 bytes)
Event: 105.076 Thread 0x0000017e39867390 nmethod 2814 0x0000017e22beaa90 code [0x0000017e22bead40, 0x0000017e22bebbe0]
Event: 105.076 Thread 0x0000017e39867390 2815       3       java.util.regex.Pattern$$Lambda/0x0000017e3b062488::is (5 bytes)
Event: 105.076 Thread 0x0000017e39867390 nmethod 2815 0x0000017e22bec090 code [0x0000017e22bec240, 0x0000017e22bec4b0]
Event: 105.076 Thread 0x0000017e39867390 2812       3       java.lang.invoke.MethodHandle::bindArgumentL (10 bytes)
Event: 105.076 Thread 0x0000017e39867390 nmethod 2812 0x0000017e22bec590 code [0x0000017e22bec7a0, 0x0000017e22bece30]
Event: 105.076 Thread 0x0000017e39867390 2816   !   3       com.google.inject.internal.Initializer$InjectableReference::get (254 bytes)
Event: 105.078 Thread 0x0000017e39867390 nmethod 2816 0x0000017e22bed090 code [0x0000017e22bed420, 0x0000017e22bee610]
Event: 105.078 Thread 0x0000017e39867390 2817       3       com.google.inject.internal.InjectorImpl::getProviderOrThrow (35 bytes)
Event: 105.078 Thread 0x0000017e39867390 nmethod 2817 0x0000017e22beef90 code [0x0000017e22bef160, 0x0000017e22bef5c8]
Event: 105.078 Thread 0x0000017e39867390 2818       3       com.google.inject.internal.InjectorImpl$1::<init> (20 bytes)
Event: 105.078 Thread 0x0000017e39867390 nmethod 2818 0x0000017e22bef790 code [0x0000017e22bef940, 0x0000017e22befbd8]
Event: 105.078 Thread 0x0000017e39867390 2819       1       com.google.inject.internal.InternalContext::getDependency (5 bytes)
Event: 105.078 Thread 0x0000017e39867390 nmethod 2819 0x0000017e2a26ea10 code [0x0000017e2a26eba0, 0x0000017e2a26ec70]
Event: 105.795 Thread 0x0000017e39867390 2820       3       java.util.regex.Pattern$$Lambda/0x800000032::is (9 bytes)
Event: 105.795 Thread 0x0000017e39867390 nmethod 2820 0x0000017e22befc90 code [0x0000017e22befe40, 0x0000017e22bf00d0]
Event: 106.004 Thread 0x0000017e39867390 2821       3       java.util.regex.Pattern$BitClass::is (22 bytes)
Event: 106.004 Thread 0x0000017e39867390 nmethod 2821 0x0000017e22bf0190 code [0x0000017e22bf0340, 0x0000017e22bf0510]

GC Heap History (6 events):
Event: 31.460 GC heap before
{Heap before GC invocations=0 (full 0):
 garbage-first heap   total 258048K, used 22528K [0x0000000704000000, 0x0000000800000000)
  region size 2048K, 11 young (22528K), 0 survivors (0K)
 Metaspace       used 6048K, committed 6208K, reserved 1114112K
  class space    used 687K, committed 768K, reserved 1048576K
}
Event: 32.509 GC heap after
{Heap after GC invocations=1 (full 0):
 garbage-first heap   total 258048K, used 3809K [0x0000000704000000, 0x0000000800000000)
  region size 2048K, 2 young (4096K), 2 survivors (4096K)
 Metaspace       used 6048K, committed 6208K, reserved 1114112K
  class space    used 687K, committed 768K, reserved 1048576K
}
Event: 55.049 GC heap before
{Heap before GC invocations=1 (full 0):
 garbage-first heap   total 258048K, used 32481K [0x0000000704000000, 0x0000000800000000)
  region size 2048K, 16 young (32768K), 2 survivors (4096K)
 Metaspace       used 9276K, committed 9408K, reserved 1114112K
  class space    used 1078K, committed 1152K, reserved 1048576K
}
Event: 55.702 GC heap after
{Heap after GC invocations=2 (full 0):
 garbage-first heap   total 258048K, used 5302K [0x0000000704000000, 0x0000000800000000)
  region size 2048K, 1 young (2048K), 1 survivors (2048K)
 Metaspace       used 9276K, committed 9408K, reserved 1114112K
  class space    used 1078K, committed 1152K, reserved 1048576K
}
Event: 83.249 GC heap before
{Heap before GC invocations=2 (full 0):
 garbage-first heap   total 258048K, used 19638K [0x0000000704000000, 0x0000000800000000)
  region size 2048K, 8 young (16384K), 1 survivors (2048K)
 Metaspace       used 11917K, committed 12160K, reserved 1114112K
  class space    used 1392K, committed 1536K, reserved 1048576K
}
Event: 83.253 GC heap after
{Heap after GC invocations=3 (full 0):
 garbage-first heap   total 258048K, used 6551K [0x0000000704000000, 0x0000000800000000)
  region size 2048K, 1 young (2048K), 1 survivors (2048K)
 Metaspace       used 11917K, committed 12160K, reserved 1114112K
  class space    used 1392K, committed 1536K, reserved 1048576K
}

Dll operation events (12 events):
Event: 0.320 Loaded shared library C:\Program Files\Java\jdk-21.0.6\bin\java.dll
Event: 2.153 Loaded shared library C:\Program Files\Java\jdk-21.0.6\bin\jsvml.dll
Event: 2.164 Loaded shared library C:\Program Files\Java\jdk-21.0.6\bin\zip.dll
Event: 2.176 Loaded shared library C:\Program Files\Java\jdk-21.0.6\bin\instrument.dll
Event: 2.184 Loaded shared library C:\Program Files\Java\jdk-21.0.6\bin\net.dll
Event: 2.190 Loaded shared library C:\Program Files\Java\jdk-21.0.6\bin\nio.dll
Event: 2.196 Loaded shared library C:\Program Files\Java\jdk-21.0.6\bin\zip.dll
Event: 4.096 Loaded shared library C:\Program Files\JetBrains\IntelliJ IDEA 2023.3.4\bin\breakgen64.dll
Event: 4.796 Loaded shared library C:\Program Files\Java\jdk-21.0.6\bin\extnet.dll
Event: 11.361 Loaded shared library C:\Program Files\Java\jdk-21.0.6\bin\jimage.dll
Event: 17.174 Loaded shared library C:\Users\DELL\AppData\Local\Temp\jansi-2.4.1-fa9244c797b924de-jansi.dll
Event: 17.229 Loaded shared library C:\Program Files\Java\jdk-21.0.6\bin\verify.dll

Deoptimization events (20 events):
Event: 101.706 Thread 0x0000017e18564420 DEOPT PACKING pc=0x0000017e2a268560 sp=0x0000001f599f93c0
Event: 101.706 Thread 0x0000017e18564420 DEOPT UNPACKING pc=0x0000017e29c07da2 sp=0x0000001f599f9350 mode 2
Event: 102.808 Thread 0x0000017e18564420 Uncommon trap: trap_request=0xffffffbe fr.pc=0x0000017e2a268560 relative=0x0000000000000380
Event: 102.808 Thread 0x0000017e18564420 Uncommon trap: reason=profile_predicate action=maybe_recompile pc=0x0000017e2a268560 method=com.google.inject.internal.aop.ImmutableStringTrie.nextPivotColumn([Ljava/lang/String;III)I @ 21 c2
Event: 102.808 Thread 0x0000017e18564420 DEOPT PACKING pc=0x0000017e2a268560 sp=0x0000001f599fafe0
Event: 102.808 Thread 0x0000017e18564420 DEOPT UNPACKING pc=0x0000017e29c07da2 sp=0x0000001f599faf70 mode 2
Event: 102.808 Thread 0x0000017e18564420 Uncommon trap: trap_request=0xffffffbe fr.pc=0x0000017e2a262c80 relative=0x00000000000003a0
Event: 102.808 Thread 0x0000017e18564420 Uncommon trap: reason=profile_predicate action=maybe_recompile pc=0x0000017e2a262c80 method=com.google.inject.internal.aop.ImmutableStringTrie.nextPivotColumn([Ljava/lang/String;III)I @ 17 c2
Event: 102.808 Thread 0x0000017e18564420 DEOPT PACKING pc=0x0000017e2a262c80 sp=0x0000001f599fafb0
Event: 102.808 Thread 0x0000017e18564420 DEOPT UNPACKING pc=0x0000017e29c07da2 sp=0x0000001f599faf80 mode 2
Event: 102.861 Thread 0x0000017e18564420 Uncommon trap: trap_request=0xffffff45 fr.pc=0x0000017e2a265628 relative=0x0000000000000b28
Event: 102.861 Thread 0x0000017e18564420 Uncommon trap: reason=unstable_if action=reinterpret pc=0x0000017e2a265628 method=org.eclipse.sisu.inject.InjectorBindings.isAssignableFrom(Lcom/google/inject/TypeLiteral;Lcom/google/inject/Binding;)Z @ 15 c2
Event: 102.861 Thread 0x0000017e18564420 DEOPT PACKING pc=0x0000017e2a265628 sp=0x0000001f599fd760
Event: 102.861 Thread 0x0000017e18564420 DEOPT UNPACKING pc=0x0000017e29c07da2 sp=0x0000001f599fd730 mode 2
Event: 103.940 Thread 0x0000017e18564420 Uncommon trap: trap_request=0x000000e1 fr.pc=0x0000017e2a1b0f04 relative=0x00000000000000e4
Event: 103.940 Thread 0x0000017e18564420 Uncommon trap: reason=unloaded action=reinterpret pc=0x0000017e2a1b0f04 method=org.codehaus.plexus.util.xml.pull.MXParser.more()C @ 22 c2
Event: 103.940 Thread 0x0000017e18564420 DEOPT PACKING pc=0x0000017e2a1b0f04 sp=0x0000001f599fe5f0
Event: 103.940 Thread 0x0000017e18564420 DEOPT UNPACKING pc=0x0000017e29c07da2 sp=0x0000001f599fe590 mode 2
Event: 105.070 Thread 0x0000017e18564420 DEOPT PACKING pc=0x0000017e2291b534 sp=0x0000001f599fe3b0
Event: 105.070 Thread 0x0000017e18564420 DEOPT UNPACKING pc=0x0000017e29c088e2 sp=0x0000001f599fd878 mode 0

Classes loaded (20 events):
Event: 105.068 Loading class jdk/internal/misc/ThreadTracker
Event: 105.068 Loading class jdk/internal/misc/ThreadTracker done
Event: 105.068 Loading class jdk/internal/misc/ThreadTracker$ThreadRef
Event: 105.068 Loading class jdk/internal/misc/ThreadTracker$ThreadRef done
Event: 105.068 Loading class java/net/URL$2
Event: 105.068 Loading class java/net/URL$2 done
Event: 105.068 Loading class java/net/URL$1
Event: 105.069 Loading class java/net/URL$1 done
Event: 105.069 Loading class java/net/spi/URLStreamHandlerProvider
Event: 105.069 Loading class java/net/spi/URLStreamHandlerProvider done
Event: 105.070 Loading class sun/net/www/protocol/https/Handler
Event: 105.070 Loading class sun/net/www/protocol/http/Handler
Event: 105.070 Loading class sun/net/www/protocol/http/Handler done
Event: 105.070 Loading class sun/net/www/protocol/https/Handler done
Event: 105.074 Loading class java/util/regex/Pattern$Pos
Event: 105.074 Loading class java/util/regex/Pattern$Pos done
Event: 105.078 Loading class java/util/ArrayList$SubList$1
Event: 105.078 Loading class java/util/ArrayList$SubList$1 done
Event: 105.083 Loading class java/util/concurrent/atomic/AtomicReference
Event: 105.083 Loading class java/util/concurrent/atomic/AtomicReference done

Classes unloaded (0 events):
No events

Classes redefined (0 events):
No events

Internal exceptions (20 events):
Event: 26.616 Thread 0x0000017e18564420 Exception <a 'java/lang/NoSuchMethodError'{0x0000000712a25f08}: 'java.lang.Object java.lang.invoke.DirectMethodHandle$Holder.invokeInterface(java.lang.Object, java.lang.Object)'> (0x0000000712a25f08) 
thrown [s\open\src\hotspot\share\interpreter\linkResolver.cpp, line 773]
Event: 27.876 Thread 0x0000017e18564420 Exception <a 'java/lang/NoSuchMethodError'{0x0000000712ac4190}: 'int java.lang.invoke.DirectMethodHandle$Holder.invokeStatic(java.lang.Object, java.lang.Object, java.lang.Object, java.lang.Object)'> (0x0000000712ac4190) 
thrown [s\open\src\hotspot\share\interpreter\linkResolver.cpp, line 773]
Event: 27.876 Thread 0x0000017e18564420 Exception <a 'java/lang/NoSuchMethodError'{0x0000000712ac7820}: 'java.lang.Object java.lang.invoke.Invokers$Holder.invokeExact_MT(java.lang.Object, java.lang.Object, java.lang.Object, java.lang.Object, java.lang.Object, java.lang.Object)'> (0x0000000712ac7820) 
thrown [s\open\src\hotspot\share\interpreter\linkResolver.cpp, line 773]
Event: 27.879 Thread 0x0000017e18564420 Exception <a 'java/lang/NoSuchMethodError'{0x0000000712ad6008}: 'int java.lang.invoke.DirectMethodHandle$Holder.invokeSpecialIFC(java.lang.Object, java.lang.Object, java.lang.Object, java.lang.Object, java.lang.Object)'> (0x0000000712ad6008) 
thrown [s\open\src\hotspot\share\interpreter\linkResolver.cpp, line 773]
Event: 28.527 Thread 0x0000017e18564420 Exception <a 'java/lang/NoSuchMethodError'{0x000000071286b290}: 'java.lang.Object java.lang.invoke.DirectMethodHandle$Holder.newInvokeSpecial(java.lang.Object, java.lang.Object, java.lang.Object, java.lang.Object, java.lang.Object)'> (0x000000071286b290) 
thrown [s\open\src\hotspot\share\interpreter\linkResolver.cpp, line 773]
Event: 28.896 Thread 0x0000017e18564420 Exception <a 'java/lang/NoSuchMethodError'{0x000000071296f178}: 'int java.lang.invoke.DirectMethodHandle$Holder.invokeStaticInit(java.lang.Object, java.lang.Object)'> (0x000000071296f178) 
thrown [s\open\src\hotspot\share\interpreter\linkResolver.cpp, line 773]
Event: 30.100 Thread 0x0000017e18564420 Exception <a 'java/lang/NoClassDefFoundError'{0x00000007129a5b30}: javax/enterprise/inject/Typed> (0x00000007129a5b30) 
thrown [s\open\src\hotspot\share\classfile\systemDictionary.cpp, line 301]
Event: 77.849 Thread 0x0000017e18564420 Exception <a 'java/lang/NoSuchMethodError'{0x00000007133ef328}: 'void java.lang.invoke.DirectMethodHandle$Holder.invokeStaticInit(java.lang.Object, java.lang.Object, java.lang.Object)'> (0x00000007133ef328) 
thrown [s\open\src\hotspot\share\interpreter\linkResolver.cpp, line 773]
Event: 77.864 Thread 0x0000017e18564420 Exception <a 'java/lang/ExceptionInInitializerError'{0x0000000713019448}> (0x0000000713019448) 
thrown [s\open\src\hotspot\share\oops\instanceKlass.cpp, line 1192]
Event: 78.662 Thread 0x0000017e18564420 Exception <a 'java/lang/NoSuchMethodError'{0x000000071312c4d0}: 'long java.lang.invoke.DirectMethodHandle$Holder.invokeStatic(java.lang.Object, java.lang.Object, int)'> (0x000000071312c4d0) 
thrown [s\open\src\hotspot\share\interpreter\linkResolver.cpp, line 773]
Event: 78.664 Thread 0x0000017e18564420 Exception <a 'java/lang/NoSuchMethodError'{0x000000071313f5a8}: 'java.lang.Object java.lang.invoke.DirectMethodHandle$Holder.invokeStatic(java.lang.Object, java.lang.Object, java.lang.Object, java.lang.Object, int)'> (0x000000071313f5a8) 
thrown [s\open\src\hotspot\share\interpreter\linkResolver.cpp, line 773]
Event: 78.665 Thread 0x0000017e18564420 Exception <a 'java/lang/NoSuchMethodError'{0x00000007131474e0}: 'java.lang.Object java.lang.invoke.DirectMethodHandle$Holder.invokeSpecial(java.lang.Object, java.lang.Object, java.lang.Object, java.lang.Object, long)'> (0x00000007131474e0) 
thrown [s\open\src\hotspot\share\interpreter\linkResolver.cpp, line 773]
Event: 79.822 Thread 0x0000017e18564420 Exception <a 'java/lang/NoSuchMethodError'{0x0000000713152da8}: 'java.lang.Object java.lang.invoke.DirectMethodHandle$Holder.invokeSpecial(java.lang.Object, java.lang.Object, java.lang.Object, int, java.lang.Object)'> (0x0000000713152da8) 
thrown [s\open\src\hotspot\share\interpreter\linkResolver.cpp, line 773]
Event: 79.824 Thread 0x0000017e18564420 Exception <a 'java/lang/NoSuchMethodError'{0x000000071315aee8}: 'int java.lang.invoke.DirectMethodHandle$Holder.invokeSpecial(java.lang.Object, java.lang.Object, java.lang.Object, int)'> (0x000000071315aee8) 
thrown [s\open\src\hotspot\share\interpreter\linkResolver.cpp, line 773]
Event: 79.837 Thread 0x0000017e18564420 Implicit null exception at 0x0000017e2a1e0e5a to 0x0000017e2a1e1054
Event: 79.847 Thread 0x0000017e18564420 Exception <a 'java/lang/NoSuchMethodError'{0x000000071317fa58}: 'java.lang.Object java.lang.invoke.Invokers$Holder.invokeExact_MT(java.lang.Object, int, java.lang.Object)'> (0x000000071317fa58) 
thrown [s\open\src\hotspot\share\interpreter\linkResolver.cpp, line 773]
Event: 93.707 Thread 0x0000017e18564420 Exception <a 'java/lang/NoSuchMethodError'{0x00000007137f9708}: 'void java.lang.invoke.Invokers$Holder.invokeExact_MT(java.lang.Object, java.lang.Object, java.lang.Object, java.lang.Object)'> (0x00000007137f9708) 
thrown [s\open\src\hotspot\share\interpreter\linkResolver.cpp, line 773]
Event: 94.640 Thread 0x0000017e18564420 Exception <a 'java/lang/NoClassDefFoundError'{0x000000071348fe80}: com/google/inject/servlet/ServletModuleTargetVisitor> (0x000000071348fe80) 
thrown [s\open\src\hotspot\share\classfile\systemDictionary.cpp, line 301]
Event: 98.022 Thread 0x0000017e18564420 Exception <a 'java/lang/NoSuchMethodError'{0x0000000713340b68}: 'void java.lang.invoke.DirectMethodHandle$Holder.invokeVirtual(java.lang.Object, java.lang.Object)'> (0x0000000713340b68) 
thrown [s\open\src\hotspot\share\interpreter\linkResolver.cpp, line 773]
Event: 100.608 Thread 0x0000017e18564420 Exception <a 'java/lang/NoSuchMethodError'{0x00000007133cfc18}: 'java.lang.Object java.lang.invoke.DirectMethodHandle$Holder.invokeStaticInit(java.lang.Object, int, int, int, int)'> (0x00000007133cfc18) 
thrown [s\open\src\hotspot\share\interpreter\linkResolver.cpp, line 773]

ZGC Phase Switch (0 events):
No events

VM Operations (20 events):
Event: 99.063 Executing VM operation: Cleanup
Event: 99.094 Executing VM operation: Cleanup done
Event: 100.633 Executing VM operation: HandshakeAllThreads (Deoptimize)
Event: 100.633 Executing VM operation: HandshakeAllThreads (Deoptimize) done
Event: 100.633 Executing VM operation: Cleanup
Event: 100.633 Executing VM operation: Cleanup done
Event: 102.649 Executing VM operation: Cleanup
Event: 102.800 Executing VM operation: Cleanup done
Event: 103.802 Executing VM operation: Cleanup
Event: 103.911 Executing VM operation: Cleanup done
Event: 103.943 Executing VM operation: HandshakeAllThreads (Deoptimize)
Event: 103.943 Executing VM operation: HandshakeAllThreads (Deoptimize) done
Event: 104.947 Executing VM operation: Cleanup
Event: 105.058 Executing VM operation: Cleanup done
Event: 105.069 Executing VM operation: HandshakeAllThreads (Deoptimize)
Event: 105.069 Executing VM operation: HandshakeAllThreads (Deoptimize) done
Event: 105.071 Executing VM operation: HandshakeAllThreads (Deoptimize)
Event: 105.071 Executing VM operation: HandshakeAllThreads (Deoptimize) done
Event: 106.076 Executing VM operation: Cleanup
Event: 106.076 Executing VM operation: Cleanup done

Events (20 events):
Event: 0.892 Thread 0x0000017e39853bf0 Thread added: 0x0000017e39853bf0
Event: 0.892 Thread 0x0000017e39858a00 Thread added: 0x0000017e39858a00
Event: 0.893 Thread 0x0000017e39859650 Thread added: 0x0000017e39859650
Event: 0.893 Thread 0x0000017e3985e0c0 Thread added: 0x0000017e3985e0c0
Event: 0.893 Thread 0x0000017e3985eb10 Thread added: 0x0000017e3985eb10
Event: 0.893 Thread 0x0000017e3985f560 Thread added: 0x0000017e3985f560
Event: 0.893 Thread 0x0000017e398622f0 Thread added: 0x0000017e398622f0
Event: 0.953 Thread 0x0000017e39867390 Thread added: 0x0000017e39867390
Event: 1.037 Thread 0x0000017e3982a540 Thread added: 0x0000017e3982a540
Event: 4.097 Thread 0x0000017e39bfd300 Thread added: 0x0000017e39bfd300
Event: 4.097 Thread 0x0000017e39bfd960 Thread added: 0x0000017e39bfd960
Event: 11.357 Thread 0x0000017e39d37390 Thread added: 0x0000017e39d37390
Event: 30.130 Thread 0x0000017e7f225f20 Thread added: 0x0000017e7f225f20
Event: 30.205 Thread 0x0000017e7f2265f0 Thread added: 0x0000017e7f2265f0
Event: 30.744 Thread 0x0000017e7f2265f0 Thread exited: 0x0000017e7f2265f0
Event: 31.459 Thread 0x0000017e7f225f20 Thread exited: 0x0000017e7f225f20
Event: 32.520 Thread 0x0000017e7f225850 Thread added: 0x0000017e7f225850
Event: 33.251 Thread 0x0000017e7f225850 Thread exited: 0x0000017e7f225850
Event: 57.980 Thread 0x0000017e39d37390 Thread exited: 0x0000017e39d37390
Event: 104.431 Thread 0x0000017e7f68c9c0 Thread added: 0x0000017e7f68c9c0


Dynamic libraries:
0x00007ff7e26f0000 - 0x00007ff7e2700000 	C:\Program Files\Java\jdk-21.0.6\bin\java.exe
0x00007ffbc1e40000 - 0x00007ffbc20a0000 	C:\WINDOWS\SYSTEM32\ntdll.dll
0x00007ffbc0980000 - 0x00007ffbc0a47000 	C:\WINDOWS\System32\KERNEL32.DLL
0x00007ffbbf020000 - 0x00007ffbbf3ea000 	C:\WINDOWS\System32\KERNELBASE.dll
0x00007ffbbf810000 - 0x00007ffbbf95b000 	C:\WINDOWS\System32\ucrtbase.dll
0x00007ffba0ac0000 - 0x00007ffba0adb000 	C:\Program Files\Java\jdk-21.0.6\bin\VCRUNTIME140.dll
0x00007ffb815c0000 - 0x00007ffb815d9000 	C:\Program Files\Java\jdk-21.0.6\bin\jli.dll
0x00007ffbc0450000 - 0x00007ffbc0502000 	C:\WINDOWS\System32\ADVAPI32.dll
0x00007ffbc02c0000 - 0x00007ffbc0369000 	C:\WINDOWS\System32\msvcrt.dll
0x00007ffbbff10000 - 0x00007ffbbffb6000 	C:\WINDOWS\System32\sechost.dll
0x00007ffbc0860000 - 0x00007ffbc0976000 	C:\WINDOWS\System32\RPCRT4.dll
0x00007ffbbfc40000 - 0x00007ffbbfe0c000 	C:\WINDOWS\System32\USER32.dll
0x00007ffbbf3f0000 - 0x00007ffbbf417000 	C:\WINDOWS\System32\win32u.dll
0x00007ffbc18f0000 - 0x00007ffbc191a000 	C:\WINDOWS\System32\GDI32.dll
0x00007ffbbf620000 - 0x00007ffbbf751000 	C:\WINDOWS\System32\gdi32full.dll
0x00007ffbbf760000 - 0x00007ffbbf803000 	C:\WINDOWS\System32\msvcp_win.dll
0x00007ffba5240000 - 0x00007ffba54d7000 	C:\WINDOWS\WinSxS\amd64_microsoft.windows.common-controls_6595b64144ccf1df_6.0.26100.3624_none_3e086962e3345f24\COMCTL32.dll
0x00007ffbaee60000 - 0x00007ffbaee6b000 	C:\WINDOWS\SYSTEM32\VERSION.dll
0x00007ffbc0820000 - 0x00007ffbc084f000 	C:\WINDOWS\System32\IMM32.DLL
0x00007ffbb0a50000 - 0x00007ffbb0a5c000 	C:\Program Files\Java\jdk-21.0.6\bin\vcruntime140_1.dll
0x00007ffb77ad0000 - 0x00007ffb77b5e000 	C:\Program Files\Java\jdk-21.0.6\bin\msvcp140.dll
0x00007ffb58f30000 - 0x00007ffb59c4a000 	C:\Program Files\Java\jdk-21.0.6\bin\server\jvm.dll
0x00007ffbc0b30000 - 0x00007ffbc0ba4000 	C:\WINDOWS\System32\WS2_32.dll
0x00007ffbbe6d0000 - 0x00007ffbbe72e000 	C:\WINDOWS\SYSTEM32\POWRPROF.dll
0x00007ffbb7340000 - 0x00007ffbb7376000 	C:\WINDOWS\SYSTEM32\WINMM.dll
0x00007ffbbe6b0000 - 0x00007ffbbe6c4000 	C:\WINDOWS\SYSTEM32\UMPDC.dll
0x00007ffbbdd90000 - 0x00007ffbbddaa000 	C:\WINDOWS\SYSTEM32\kernel.appcore.dll
0x00007ffba0c80000 - 0x00007ffba0c8a000 	C:\Program Files\Java\jdk-21.0.6\bin\jimage.dll
0x000000005fc40000 - 0x000000005fdd6000 	C:\Program Files\Microsoft SQL Server\110\Shared\DBGHELP.DLL
0x00007ffbb9d50000 - 0x00007ffbb9d5f000 	C:\Program Files\Java\jdk-21.0.6\bin\instrument.dll
0x00007ffb815a0000 - 0x00007ffb815bf000 	C:\Program Files\Java\jdk-21.0.6\bin\java.dll
0x00007ffbc1080000 - 0x00007ffbc17a9000 	C:\WINDOWS\System32\SHELL32.dll
0x00007ffbbf4b0000 - 0x00007ffbbf618000 	C:\WINDOWS\System32\wintypes.dll
0x00007ffbc1920000 - 0x00007ffbc1ca2000 	C:\WINDOWS\System32\combase.dll
0x00007ffbbcc80000 - 0x00007ffbbd4d2000 	C:\WINDOWS\SYSTEM32\windows.storage.dll
0x00007ffbc1800000 - 0x00007ffbc18ed000 	C:\WINDOWS\System32\SHCORE.dll
0x00007ffbc1cb0000 - 0x00007ffbc1d14000 	C:\WINDOWS\System32\shlwapi.dll
0x00007ffbbef30000 - 0x00007ffbbef5f000 	C:\WINDOWS\SYSTEM32\profapi.dll
0x00007ffb6cb30000 - 0x00007ffb6cc07000 	C:\Program Files\Java\jdk-21.0.6\bin\jsvml.dll
0x00007ffb81440000 - 0x00007ffb81458000 	C:\Program Files\Java\jdk-21.0.6\bin\zip.dll
0x00007ffb96630000 - 0x00007ffb96640000 	C:\Program Files\Java\jdk-21.0.6\bin\net.dll
0x00007ffbb9120000 - 0x00007ffbb923d000 	C:\WINDOWS\SYSTEM32\WINHTTP.dll
0x00007ffbbe2f0000 - 0x00007ffbbe35a000 	C:\WINDOWS\system32\mswsock.dll
0x00007ffb81530000 - 0x00007ffb81546000 	C:\Program Files\Java\jdk-21.0.6\bin\nio.dll
0x00007ffbb9990000 - 0x00007ffbb99aa000 	C:\Program Files\JetBrains\IntelliJ IDEA 2023.3.4\bin\breakgen64.dll
0x00007ffb8f2e0000 - 0x00007ffb8f2e9000 	C:\Program Files\Java\jdk-21.0.6\bin\extnet.dll
0x00007ffb6d8c0000 - 0x00007ffb6d8e4000 	C:\Users\DELL\AppData\Local\Temp\jansi-2.4.1-fa9244c797b924de-jansi.dll
0x00007ffb81fe0000 - 0x00007ffb81ff0000 	C:\Program Files\Java\jdk-21.0.6\bin\verify.dll

dbghelp: loaded successfully - version: 4.0.5 - missing functions: none
symbol engine: initialized successfully - sym options: 0x614 - pdb path: .;C:\Program Files\Java\jdk-21.0.6\bin;C:\WINDOWS\SYSTEM32;C:\WINDOWS\WinSxS\amd64_microsoft.windows.common-controls_6595b64144ccf1df_6.0.26100.3624_none_3e086962e3345f24;C:\Program Files\Java\jdk-21.0.6\bin\server;C:\Program Files\Microsoft SQL Server\110\Shared;C:\Program Files\JetBrains\IntelliJ IDEA 2023.3.4\bin;C:\Users\DELL\AppData\Local\Temp

VM Arguments:
jvm_args: -Dmaven.multiModuleProjectDirectory=C:\Users\DELL\Desktop\angular Project\backEnd\carsAgence -Djansi.passthrough=true -Dmaven.home=C:\Users\DELL\.m2\wrapper\dists\apache-maven-3.9.9-bin\4nf9hui3q3djbarqar9g711ggc\apache-maven-3.9.9 -Dclassworlds.conf=C:\Users\DELL\.m2\wrapper\dists\apache-maven-3.9.9-bin\4nf9hui3q3djbarqar9g711ggc\apache-maven-3.9.9\bin\m2.conf -Dmaven.ext.class.path=C:\Program Files\JetBrains\IntelliJ IDEA 2023.3.4\plugins\maven\lib\maven-event-listener.jar -javaagent:C:\Program Files\JetBrains\IntelliJ IDEA 2023.3.4\lib\idea_rt.jar=52330:C:\Program Files\JetBrains\IntelliJ IDEA 2023.3.4\bin -Dfile.encoding=UTF-8 -Dsun.stdout.encoding=UTF-8 -Dsun.stderr.encoding=UTF-8 
java_command: org.codehaus.classworlds.Launcher -Didea.version=2023.3.4 clean install
java_class_path (initial): C:\Users\DELL\.m2\wrapper\dists\apache-maven-3.9.9-bin\4nf9hui3q3djbarqar9g711ggc\apache-maven-3.9.9\boot\plexus-classworlds-2.8.0.jar;C:\Users\DELL\.m2\wrapper\dists\apache-maven-3.9.9-bin\4nf9hui3q3djbarqar9g711ggc\apache-maven-3.9.9\boot\plexus-classworlds.license
Launcher Type: SUN_STANDARD

[Global flags]
     intx CICompilerCount                          = 4                                         {product} {ergonomic}
     uint ConcGCThreads                            = 2                                         {product} {ergonomic}
     uint G1ConcRefinementThreads                  = 8                                         {product} {ergonomic}
   size_t G1HeapRegionSize                         = 2097152                                   {product} {ergonomic}
    uintx GCDrainStackTargetSize                   = 64                                        {product} {ergonomic}
   size_t InitialHeapSize                          = 264241152                                 {product} {ergonomic}
   size_t MarkStackSize                            = 4194304                                   {product} {ergonomic}
   size_t MaxHeapSize                              = 4227858432                                {product} {ergonomic}
   size_t MaxNewSize                               = 2535456768                                {product} {ergonomic}
   size_t MinHeapDeltaBytes                        = 2097152                                   {product} {ergonomic}
   size_t MinHeapSize                              = 8388608                                   {product} {ergonomic}
    uintx NonNMethodCodeHeapSize                   = 5839372                                {pd product} {ergonomic}
    uintx NonProfiledCodeHeapSize                  = 122909434                              {pd product} {ergonomic}
    uintx ProfiledCodeHeapSize                     = 122909434                              {pd product} {ergonomic}
    uintx ReservedCodeCacheSize                    = 251658240                              {pd product} {ergonomic}
     bool SegmentedCodeCache                       = true                                      {product} {ergonomic}
   size_t SoftMaxHeapSize                          = 4227858432                             {manageable} {ergonomic}
     bool UseCompressedOops                        = true                           {product lp64_product} {ergonomic}
     bool UseG1GC                                  = true                                      {product} {ergonomic}
     bool UseLargePagesIndividualAllocation        = false                                  {pd product} {ergonomic}

Logging:
Log output configuration:
 #0: stdout all=warning uptime,level,tags foldmultilines=false
 #1: stderr all=off uptime,level,tags foldmultilines=false

Environment Variables:
PATH=C:\PySchool\3.10-32-bit\Scripts;C:\PySchool\3.10-32-bit;C:\oraclexe\app\oracle\product\11.2.0\server\bin;C:\Program Files (x86)\VMware\VMware Workstation\bin\;C:\Program Files\Common Files\Siemens\Automation\Simatic OAM\bin;C:\WINDOWS\system32;C:\WINDOWS;C:\WINDOWS\System32\Wbem;C:\WINDOWS\System32\WindowsPowerShell\v1.0\;C:\WINDOWS\System32\OpenSSH\;C:\Program Files (x86)\Microchip\MPLAB C32 Suite\bin;c:\Program Files (x86)\Microsoft SQL Server\100\Tools\Binn\;c:\Program Files\Microsoft SQL Server\100\Tools\Binn\;c:\Program Files\Microsoft SQL Server\100\DTS\Binn\;C:\Users\DELL\AppData\Local\Programs\Python\Python311;C:\Users\DELL\AppData\Local\Programs\Python\Python311\Scripts;C:\wamp64\bin\php\php8.2.0;C:\wamp64\bin;C:\Program Files\Git\cmd;C:\Program Files\dotnet\;C:\Program Files\Docker\Docker\resources\bin;C:\Users\DELL\AppData\Local\nvm;C:\nvm4w\nodejs;C:\Program Files\Microsoft SQL Server\150\Tools\Binn\;C:\Program Files\Microsoft SQL Server\Client SDK\ODBC\170\Tools\Binn\;C:\Program Files (x86)\Windows Kits\10\Windows Performance Toolkit\;C:\Program Files\Microsoft SQL Server\110\DTS\Binn\;C:\Program Files (x86)\Microsoft SQL Server\110\Tools\Binn\;C:\Program Files\Microsoft SQL Server\110\Tools\Binn\;C:\Program Files (x86)\Microsoft SQL Server\110\Tools\Binn\ManagementStudio\;C:\Program Files (x86)\Microsoft Visual Studio 10.0\Common7\IDE\PrivateAssemblies\;C:\Program Files (x86)\Microsoft SQL Server\110\DTS\Binn\;C:\Program Files\Java\jdk-21.0.6\bin;C:\Users\DELL\scoop\shims;C:\Users\DELL\AppData\Local\Microsoft\WindowsApps;C:\phpm\php-8.2.3 (1);C:\Program Files\JetBrains\PhpStorm 2023.1\bin;;C:\wamp64\bin;C:\Users\DELL\AppData\Local\Programs\Microsoft VS Code\bin;C:\Users\DELL\AppData\Roaming\npm;C:\Users\DELL\AppData\Local\nvm;C:\nvm4w\nodejs;C:\Users\DELL\.dotnet\tools;C:\Users\DELL\AppData\Local\Programs\cursor\resources\app\bin
USERNAME=DELL
OS=Windows_NT
PROCESSOR_IDENTIFIER=Intel64 Family 6 Model 140 Stepping 1, GenuineIntel
TMP=C:\Users\DELL\AppData\Local\Temp
TEMP=C:\Users\DELL\AppData\Local\Temp




Periodic native trim disabled

---------------  S Y S T E M  ---------------

OS:
 Windows 11 , 64 bit Build 26100 (10.0.26100.3775)
OS uptime: 1 days 17:54 hours
Hyper-V role detected

CPU: total 8 (initial active 8) (4 cores per cpu, 2 threads per core) family 6 model 140 stepping 1 microcode 0xba, cx8, cmov, fxsr, ht, mmx, 3dnowpref, sse, sse2, sse3, ssse3, sse4.1, sse4.2, popcnt, lzcnt, tsc, tscinvbit, avx, avx2, aes, erms, clmul, bmi1, bmi2, adx, avx512f, avx512dq, avx512cd, avx512bw, avx512vl, sha, fma, vzeroupper, avx512_vpopcntdq, avx512_vpclmulqdq, avx512_vaes, avx512_vnni, clflush, clflushopt, clwb, avx512_vbmi2, avx512_vbmi, hv, rdtscp, rdpid, fsrm, gfni, avx512_bitalg, f16c, cet_ibt, cet_ss, avx512_ifma
Processor Information for all 8 processors :
  Max Mhz: 2419, Current Mhz: 2419, Mhz Limit: 2419

Memory: 4k page, system-wide physical 16126M (1105M free)
TotalPageFile size 65278M (AvailPageFile size 0M)
current process WorkingSet (physical memory assigned to process): 68M, peak: 96M
current process commit charge ("private bytes"): 361M, peak: 367M

vm_info: Java HotSpot(TM) 64-Bit Server VM (21.0.6+8-LTS-188) for windows-amd64 JRE (21.0.6+8-LTS-188), built on 2024-12-03T10:50:54Z by "mach5one" with MS VC++ 17.6 (VS2022)

END.
